t/00-report-prereqs.t .. 
1..1
# 
# Versions for all modules listed in static metadata (including optional ones):
# 
# === Configure Requires ===
# 
#     Module              Want Have
#     ------------------- ---- ----
#     ExtUtils::MakeMaker 6.52 7.34
# 
# === Configure Suggests ===
# 
#     Module      Want Have
#     -------- ------- ----
#     JSON::PP 2.27300 4.02
# 
# === Test Requires ===
# 
#     Module              Want     Have
#     ------------------- ---- --------
#     Config               any 5.030000
#     ExtUtils::MakeMaker  any     7.34
#     File::Spec           any     3.78
#     FileHandle           any     2.03
#     IO::File             any     1.40
#     SelectSaver          any     1.02
#     Test                 any     1.31
#     Test::More           any 1.302162
#     URI                  any     1.76
#     strict               any     1.11
# 
# === Test Recommends ===
# 
#     Module         Want     Have
#     ---------- -------- --------
#     CPAN::Meta 2.120900 2.150010
# 
# === Runtime Requires ===
# 
#     Module        Want Have
#     ------------- ---- ----
#     Carp           any 1.50
#     Exporter       any 5.73
#     HTML::Tagset   any 3.20
#     HTTP::Headers  any 6.36
#     IO::File       any 1.40
#     URI            any 1.76
#     URI::URL       any 5.04
#     XSLoader       any 0.30
#     strict         any 1.11
# 
ok 1 - Reported prereqs
ok
t/api_version.t ........ 
1..4
ok 1 - API version 3
ok 2 - API v4 error
ok 3 - !API version 4
ok 4 - API version 2
ok
t/argspec-bad.t ........ 
1..6
ok 1
ok 2
ok 3
ok 4
ok 5
ok 6
ok
t/argspec.t ............ 
1..8
ok 1
ok 2
ok 3
ok 4
ok 5
ok 6
ok 7
ok 8
ok
t/argspec2.t ........... 
1..2
ok 1
ok 2
ok
t/attr-encoded.t ....... 
1..2
ok 1
ok 2
ok
t/callback.t ........... 
1..47
ok 1
ok 2
ok 3
ok 4
ok 5
ok 6
ok 7
ok 8
ok 9
ok 10
ok 11
ok 12
ok 13
ok 14
ok 15
ok 16
ok 17
ok 18
ok 19
ok 20
ok 21
ok 22
ok 23
ok 24
ok 25
ok 26
ok 27
ok 28
ok 29
ok 30
ok 31
ok 32
ok 33
ok 34
ok 35
ok 36
ok 37
ok 38
ok 39
ok 40
ok 41
ok 42
ok 43
ok 44
ok 45
ok 46
ok 47
ok
t/case-sensitive.t ..... 
1..8
ok 1
ok 2
ok 3
ok 4
ok 5
ok 6
ok 7
ok 8
ok
t/cases.t .............. 
1..27
ok 1
ok 2
ok 3
ok 4
ok 5
ok 6
ok 7
ok 8
ok 9
ok 10
ok 11
ok 12
ok 13
ok 14
ok 15
ok 16
ok 17
ok 18
ok 19
ok 20
ok 21
ok 22
ok 23
ok 24
ok 25
ok 26
ok 27
ok
t/comment.t ............ 
1..1
ok 1
ok
t/crashme.t ............ 
1..3
ok 1
ok 2
ok 3
ok
t/declaration.t ........ 
1..2
ok 1
ok 2
ok
t/default.t ............ 
1..3
ok 1
ok 2
ok 3
ok
t/document.t ........... 
1..6
ok 1 - start_document
# end_document
# 
ok 2 - start_document
# end_document
# 
ok 3 - start_document
# end_document
# 
ok 4 - start_document
# end_document
# 
ok 5 - start_document
# start
# end_document
# 
ok 6 - start_document
# start
# text
# end_document
# 
ok
t/dtext.t .............. 
1..2
ok 1
ok 2
ok
t/entities.t ........... 
1..20
ok 1
ok 2
ok 3
ok 4
ok 5
ok 6
ok 7
ok 8
ok 9
ok 10
ok 11
ok 12
ok 13
ok 14 - decode_entitites() when processing a key as input
ok 15 - decode_entities() decodes a key properly
ok 16
ok 17
ok 18
ok 19
ok 20
ok
t/entities2.t .......... 
1..9
ok 1
ok 2
ok 3
ok 4
ok 5
ok 6
ok 7
ok 8
ok 9
ok
t/filter-methods.t ..... 
1..12
ok 1 - ignore_elements
ok 2 - report_tags start
ok 3 - report_tags end
ok 4 - report_tags followed by ignore_tags
ok 5 - reset report_tags filter
ok 6 - report_tags does not reset ignore_tags
ok 7 - reset report_tags does no reset ignore_tags
ok 8 - report_tags replaces filter
ok 9 - ignore_tags replaces filter
ok 10 - reset ignore_tags filter
ok 11 - ignore_tags before report_tags
ok 12 - ignore </script> without <script> correctly
ok
t/filter.t ............. 
1..3
ok 1
ok 2
ok 3
ok
t/free.t ............... 
1..1
ok 1 - no SEGV
ok
t/handler-eof.t ........ 
1..6
ok 1
ok 2
ok 3
ok 4
ok 5
ok 6
ok
t/handler.t ............ 
1..11
ok 1
ok 2
ok 3
ok 4
ok 5
ok 6
ok 7
ok 8
ok 9
ok 10
ok 11
ok
t/headparser-http.t .... 
1..1
ok 1
ok
t/headparser.t ......... 
1..17
ok 1
ok 2
ok 3
ok 4
ok 5
ok 6
ok 7
ok 8
ok 9
ok 10
ok 11
ok 12
ok 13
ok 14
ok 15
ok 16
ok 17
ok
t/ignore.t ............. 
1..4
ok 1
ok 2
ok 3
ok 4
ok
t/largetags.t .......... 
1..2
ok 1
ok 2
ok
t/linkextor-base.t ..... 
1..5
ok 1
ok 2
ok 3
ok 4
ok 5
ok
t/linkextor-rel.t ...... 
1..4
ok 1
ok 2
ok 3
ok 4
ok
t/magic.t .............. 
1..5
ok 1
ok 2
ok 3
ok 4
ok 5
ok
t/marked-sect.t ........ 
1..14
ok 1
ok 2
ok 3
ok 4
ok 5
ok 6
ok 7
ok 8
ok 9
ok 10
ok 11
ok 12
ok 13
ok 14 - CDATA text ending in square bracket
ok
t/msie-compat.t ........ 
1..4
ok 1
ok 2
ok 3
ok 4
ok
t/offset.t ............. 
1..1
ok 1
ok
t/options.t ............ 
1..10
ok 1
ok 2
ok 3
ok 4
ok 5
ok 6
ok 7
ok 8
ok 9
ok 10
ok
t/parsefile.t .......... 
1..6
ok 1
ok 2
ok 3
ok 4
ok 5
ok 6
ok
t/parser.t ............. 
1..7
ok 1
ok 2
ok 3
ok 4
ok 5
ok 6
ok 7
ok
t/plaintext.t .......... 
1..3
ok 1
ok 2
ok 3
ok
t/process.t ............ 
1..12
ok 1
ok 2
ok 3
ok 4
ok 5
ok 6
ok 7
ok 8
ok 9
ok 10
ok 11
ok 12
ok
t/pullparser.t ......... 
1..3
ok 1
ok 2
ok 3
ok
t/script.t ............. 
1..1
ok 1 - [start_document,<undef>,]
# [start,tr,<tr>]
# [start,td,<td align="center" height="100">]
# [start,script,<script src="whatever"/>]
# [end,script,]
# [start,script,<SCRIPT language="JavaScript1.1">]
# [text,<undef>,bust = Math.floor(1000000*Math.random());document.write('<SCR' + 'IPT LANGUAGE="JavaScript1.1" SRC="http://adv.virgilio.it/js.ng/site=virg&adsize=728x90&subsite=mail&sez=comfree&pos=43&bust='+bust+'?">\n');document.write('</SCR' + 'IPT>\n');]
# [end,script,</SCRIPT>]
# [end,td,</td>]
# [end,tr,</tr>]
# [end_document,<undef>,]
# 
ok
t/skipped-text.t ....... 
1..4
ok 1
ok 2
ok 3
ok 4
ok
t/stack-realloc-eof.t .. 
1..2
ok 1 - first call okay
ok 2 - second call okay
ok
t/stack-realloc.t ...... 
1..1
ok 1
ok
t/textarea.t ........... 
1..1
ok 1
ok
t/threads.t ............ 
1..1
ok 1
ok
t/tokeparser.t ......... 
1..17
ok 1
ok 2
ok 3
ok 4
ok 5
ok 6
ok 7
ok 8
ok 9
ok 10
ok 11
ok 12
ok 13
ok 14
ok 15
ok 16
ok 17
ok
t/uentities.t .......... 
1..26
ok 1
ok 2
ok 3
ok 4
ok 5
ok 6
ok 7
ok 8
ok 9
ok 10
ok 11
ok 12
ok 13
ok 14
ok 15
ok 16
ok 17
ok 18
ok 19
ok 20
ok 21
ok 22
ok 23
ok 24
ok 25
ok 26
ok
t/unbroken-text.t ...... 
1..3
ok 1
ok 2
ok 3
ok
t/unicode-bom.t ........ 
1..2
ok 1
ok 2
ok
t/unicode.t ............ 
1..107
ok 1
ok 2
ok 3
ok 4
ok 5
ok 6 - is_utf8
ok 7
ok 8
ok 9
ok 10
ok 11
ok 12
ok 13
ok 14
ok 15
ok 16
ok 17
ok 18
ok 19
ok 20
ok 21
ok 22
ok 23
ok 24
ok 25
ok 26
ok 27
ok 28
ok 29
ok 30
ok 31
ok 32
ok 33
ok 34
ok 35
ok 36
ok 37
ok 38
ok 39
ok 40 - !is_utf8
ok 41
ok 42
ok 43
ok 44
ok 45
ok 46
ok 47
ok 48
ok 49
ok 50
ok 51
ok 52
ok 53
ok 54
ok 55
ok 56
ok 57
ok 58
ok 59
ok 60
ok 61
ok 62
ok 63
ok 64
ok 65
ok 66
ok 67
ok 68
ok 69
ok 70
ok 71
ok 72
ok 73
ok 74
ok 75
ok 76
ok 77
ok 78
ok 79
ok 80
ok 81
ok 82
ok 83
ok 84
ok 85
ok 86
ok 87
ok 88
ok 89
ok 90
ok 91
ok 92
ok 93
ok 94
ok 95
ok 96
ok 97
ok 98
ok 99
ok 100
ok 101
ok 102
ok 103
ok 104
ok 105
ok 106
ok 107
ok
t/xml-mode.t ........... 
1..8
ok 1
ok 2
ok 3
ok 4
ok 5
ok 6
ok 7
ok 8
ok
All tests successful.
Files=50, Tests=455, 54 wallclock secs ( 1.64 usr  0.91 sys + 40.23 cusr 12.54 csys = 55.32 CPU)
Result: PASS
