t/classical_all.t ........ 
ok 1
ok 2
ok 3
ok 4
ok 5
ok 6
ok 7
ok 8
ok 9
ok 10
ok 11
ok 12
ok 13
ok 14
ok 15
ok 16
ok 17
ok 18
ok 19
ok 20
ok 21
ok 22
ok 23
ok 24
ok 25
ok 26
ok 27
ok 28
ok 29
ok 30
ok 31
ok 32
ok 33
ok 34
ok 35
ok 36
ok 37
ok 38
ok 39
ok 40
ok 41
ok 42
ok 43
ok 44
ok 45
ok 46
ok 47
ok 48
1..48
ok
t/classical_ancient.t .... 
ok 1
ok 2
ok 3
ok 4
ok 5
ok 6
ok 7
1..7
ok
t/classical_ancient_1.t .. 
ok 1
ok 2
ok 3
ok 4
ok 5
ok 6
ok 7
1..7
ok
t/classical_herd.t ....... 
ok 1
ok 2
ok 3
ok 4
ok 5
ok 6
ok 7
1..7
ok
t/classical_herd_1.t ..... 
ok 1
ok 2
ok 3
ok 4
ok 5
ok 6
ok 7
1..7
ok
t/classical_names.t ...... 
ok 1
ok 2
ok 3
ok 4
ok 5
ok 6
ok 7
ok 8
ok 9
ok 10
ok 11
1..11
ok
t/classical_names_1.t .... 
ok 1
ok 2
ok 3
ok 4
ok 5
ok 6
ok 7
ok 8
ok 9
1..9
ok
t/classical_person.t ..... 
ok 1
ok 2
ok 3
ok 4
ok 5
ok 6
ok 7
1..7
ok
t/classical_person_1.t ... 
ok 1
ok 2
ok 3
ok 4
ok 5
ok 6
ok 7
1..7
ok
t/classical_zero.t ....... 
ok 1
ok 2
ok 3
ok 4
ok 5
ok 6
ok 7
1..7
ok
t/classical_zero_1.t ..... 
ok 1
ok 2
ok 3
ok 4
ok 5
ok 6
ok 7
1..7
ok
t/inflections.t .......... 
1..970
ok 1
ok 2	# Fury -> Furies|Furys
ok 3	# fury -> furies
ok 4	# jury -> juries
ok 5	# conjury -> conjuries
ok 6	# augury -> auguries
ok 7	# cyclops -> cyclopses
ok 8	# tursiops -> tursiopses
ok 9	# triceratops -> triceratopses
ok 10	# brother-german -> brothers-german|brethren-german
ok 11	# Tornese -> Tornesi
ok 12	# put-off -> put-offs
ok 13	# set-off -> set-offs
ok 14	# set-out -> set-outs
ok 15	# set-to -> set-tos
ok 16	# a -> as
ok 17	# a -> some
ok 18	# A.C.R.O.N.Y.M. -> A.C.R.O.N.Y.M.s
ok 19	# abscissa -> abscissas|abscissae
ok 20	# Achinese -> Achinese
ok 21	# acropolis -> acropolises
ok 22	# adieu -> adieus|adieux
ok 23	# adjutant general -> adjutant generals
ok 24	# aegis -> aegises
ok 25	# afflatus -> afflatuses
ok 26	# afreet -> afreets|afreeti
ok 27	# afrit -> afrits|afriti
ok 28	# agendum -> agenda
ok 29	# aide-de-camp -> aides-de-camp
ok 30	# Alabaman -> Alabamans
ok 31	# albino -> albinos
ok 32	# album -> albums
ok 33	# Alfurese -> Alfurese
ok 34	# alga -> algae
ok 35	# alias -> aliases
ok 36	# alto -> altos|alti
ok 37	# alumna -> alumnae
ok 38	# alumnus -> alumni
ok 39	# alveolus -> alveoli
ok 40	# am -> are
ok 41	# am going -> are going
ok 42	# ambassador-at-large -> ambassadors-at-large
ok 43	# Amboinese -> Amboinese
ok 44	# Americanese -> Americanese
ok 45	# amoeba -> amoebas|amoebae
ok 46	# Amoyese -> Amoyese
ok 47	# an -> some
ok 48	# analysis -> analyses
ok 49	# anathema -> anathemas|anathemata
ok 50	# Andamanese -> Andamanese
ok 51	# Angolese -> Angolese
ok 52	# Annamese -> Annamese
ok 53	# antenna -> antennas|antennae
ok 54	# anus -> anuses
ok 55	# apex -> apexes|apices
ok 56	# apex's -> apexes'|apices'
ok 57	# aphelion -> aphelia
ok 58	# aphis -> aphides
ok 59	# apparatus -> apparatuses|apparatus
ok 60	# appendix -> appendixes|appendices
ok 61	# apple -> apples
ok 62	# aquarium -> aquariums|aquaria
ok 63	# Aragonese -> Aragonese
ok 64	# Arakanese -> Arakanese
ok 65	# archipelago -> archipelagos
ok 66	# are -> are
ok 67	# are made -> are made
ok 68	# armadillo -> armadillos
ok 69	# arpeggio -> arpeggios
ok 70	# arthritis -> arthritises|arthritides
ok 71	# asbestos -> asbestoses
ok 72	# asparagus -> asparaguses
ok 73	# ass -> asses
ok 74	# Assamese -> Assamese
ok 75	# asylum -> asylums
ok 76	# asyndeton -> asyndeta
ok 77	# at it -> at them
ok 78	# ataman -> atamans
ok 79	# ate -> ate
ok 80	# atlas -> atlases|atlantes
ok 81	# atman -> atmas
ok 82	# attorney general -> attorneys general
ok 83	# attorney of record -> attorneys of record
ok 84	# aurora -> auroras|aurorae
ok 85	# Auslese -> Auslesen
ok 86	# auto -> autos
ok 87	# auto-da-fe -> autos-da-fe
ok 88	# aviatrix -> aviatrixes|aviatrices
ok 89	# aviatrix's -> aviatrixes'|aviatrices'
ok 90	# Avignonese -> Avignonese
ok 91	# axe -> axes
ok 92	# axis -> axes
ok 93	# axman -> axmen
ok 94	# Azerbaijanese -> Azerbaijanese
ok 95	# bacillus -> bacilli
ok 96	# bacterium -> bacteria
ok 97	# Bahaman -> Bahamans
ok 98	# Balinese -> Balinese
ok 99	# bamboo -> bamboos
ok 100	# banjo -> banjoes
ok 101	# bass -> basses
ok 102	# basso -> bassos|bassi
ok 103	# bathos -> bathoses
ok 104	# batz -> batzes
ok 105	# beau -> beaus|beaux
ok 106	# beef -> beefs|beeves
ok 107	# beerenauslese -> beerenauslesen
ok 108	# beneath it -> beneath them
ok 109	# Bengalese -> Bengalese
ok 110	# bent -> bent
ok 111	# bent -> bents
ok 112	# Bernese -> Bernese
ok 113	# Bhutanese -> Bhutanese
ok 114	# bias -> biases
ok 115	# biceps -> biceps
ok 116	# bison -> bisons|bison
ok 117	# blouse -> blouses
ok 118	# Bolognese -> Bolognese
ok 119	# bonus -> bonuses
ok 120	# Borghese -> Borghese
ok 121	# boss -> bosses
ok 122	# Bostonese -> Bostonese
ok 123	# box -> boxes
ok 124	# boy -> boys
ok 125	# bravo -> bravoes
ok 126	# bream -> bream
ok 127	# breeches -> breeches
ok 128	# bride-to-be -> brides-to-be
ok 129	# Brigadier General -> Brigadier Generals
ok 130	# britches -> britches
ok 131	# bronchitis -> bronchitises|bronchitides
ok 132	# bronchus -> bronchi
ok 133	# brother -> brothers|brethren
ok 134	# brother's -> brothers'|brethren's
ok 135	# buffalo -> buffaloes|buffalo
ok 136	# Buginese -> Buginese
ok 137	# buoy -> buoys
ok 138	# bureau -> bureaus|bureaux
ok 139	# Burman -> Burmans
ok 140	# Burmese -> Burmese
ok 141	# bursitis -> bursitises|bursitides
ok 142	# bus -> buses
ok 143	# buzz -> buzzes
ok 144	# buzzes -> buzz
ok 145	# by it -> by them
ok 146	# caddis -> caddises
ok 147	# caiman -> caimans
ok 148	# cake -> cakes
ok 149	# Calabrese -> Calabrese
ok 150	# calf -> calves
ok 151	# callus -> calluses
ok 152	# Camaldolese -> Camaldolese
ok 153	# cameo -> cameos
ok 154	# campus -> campuses
ok 155	# can -> can
ok 156	# can -> cans
ok 157	# can't -> can't
ok 158	# candelabrum -> candelabra
ok 159	# cannabis -> cannabises
ok 160	# canoes -> canoe
ok 161	# canto -> cantos
ok 162	# Cantonese -> Cantonese
ok 163	# cantus -> cantus
ok 164	# canvas -> canvases
ok 165	# CAPITAL -> CAPITALS
ok 166	# carcinoma -> carcinomas|carcinomata
ok 167	# care -> cares
ok 168	# cargo -> cargoes
ok 169	# caribou -> caribous|caribou
ok 170	# Carlylese -> Carlylese
ok 171	# carmen -> carmina
ok 172	# carp -> carp
ok 173	# Cassinese -> Cassinese
ok 174	# cat -> cats
ok 175	# catfish -> catfish
ok 176	# cayman -> caymans
ok 177	# Celanese -> Celanese
ok 178	# ceriman -> cerimans
ok 179	# cervid -> cervids
ok 180	# Ceylonese -> Ceylonese
ok 181	# chairman -> chairmen
ok 182	# chamois -> chamois
ok 183	# chaos -> chaoses
ok 184	# chapeau -> chapeaus|chapeaux
ok 185	# charisma -> charismas|charismata
ok 186	# chases -> chase
ok 187	# chassis -> chassis
ok 188	# chateau -> chateaus|chateaux
ok 189	# cherub -> cherubs|cherubim
ok 190	# chervonetz -> chervontzi
ok 191	# cheval -> chevaux
ok 192	# cheval de bataille -> chevaux de bataille
ok 193	# chickenpox -> chickenpox
ok 194	# chief -> chiefs
ok 195	# child -> children
ok 196	# Chinese -> Chinese
ok 197	# chorus -> choruses
ok 198	# chrysalis -> chrysalises|chrysalides
ok 199	# church -> churches
ok 200	# cicatrix -> cicatrixes|cicatrices
ok 201	# circus -> circuses
ok 202	# class -> classes
ok 203	# classes -> class
ok 204	# clippers -> clippers
ok 205	# clitoris -> clitorises|clitorides
ok 206	# cod -> cod
ok 207	# codex -> codices
ok 208	# coitus -> coitus
ok 209	# commando -> commandos
ok 210	# compendium -> compendiums|compendia
ok 211	# coney -> coneys
ok 212	# Congoese -> Congoese
ok 213	# Congolese -> Congolese
ok 214	# conspectus -> conspectuses
ok 215	# contralto -> contraltos|contralti
ok 216	# contretemps -> contretemps
ok 217	# conundrum -> conundrums
ok 218	# corps -> corps
ok 219	# corpus -> corpuses|corpora
ok 220	# cortex -> cortexes|cortices
ok 221	# cosmos -> cosmoses
ok 222	# court martial -> courts martial
ok 223	# cow -> cows|kine
ok 224	# cranium -> craniums|crania
ok 225	# crescendo -> crescendos
ok 226	# criterion -> criteria
ok 227	# curriculum -> curriculums|curricula
ok 228	# cystoma -> cystomas|cystomata
ok 229	# czech -> czechs
ok 230	# dais -> daises
ok 231	# data point -> data points
ok 232	# datum -> data
ok 233	# debris -> debris
ok 234	# decorum -> decorums
ok 235	# deer -> deer
ok 236	# delphinium -> delphiniums
ok 237	# desideratum -> desiderata
ok 238	# desman -> desmans
ok 239	# diabetes -> diabetes
ok 240	# dictum -> dictums|dicta
ok 241	# did -> did
ok 242	# did need -> did need
ok 243	# digitalis -> digitalises
ok 244	# dingo -> dingoes
ok 245	# diploma -> diplomas|diplomata
ok 246	# discus -> discuses
ok 247	# dish -> dishes
ok 248	# ditto -> dittos
ok 249	# djinn -> djinn
ok 250	# does -> do
ok 251	# doesn't -> don't
ok 252	# dog -> dogs
ok 253	# dogma -> dogmas|dogmata
ok 254	# dolman -> dolmans
ok 255	# dominatrix -> dominatrixes|dominatrices
ok 256	# domino -> dominoes
ok 257	# Dongolese -> Dongolese
ok 258	# dormouse -> dormice
ok 259	# drama -> dramas|dramata
ok 260	# drum -> drums
ok 261	# dwarf -> dwarves
ok 262	# dynamo -> dynamos
ok 263	# edema -> edemas|edemata
ok 264	# editio princeps -> editiones principes
ok 265	# eland -> elands|eland
ok 266	# elf -> elves
ok 267	# elk -> elks|elk
ok 268	# embryo -> embryos
ok 269	# emporium -> emporiums|emporia
ok 270	# encephalitis -> encephalitises|encephalitides
ok 271	# enconium -> enconiums|enconia
ok 272	# enema -> enemas|enemata
ok 273	# enigma -> enigmas|enigmata
ok 274	# epidermis -> epidermises
ok 275	# epididymis -> epididymises|epididymides
ok 276	# epiphenomenon -> epiphenomena
ok 277	# erratum -> errata
ok 278	# ethos -> ethoses
ok 279	# eucalyptus -> eucalyptuses
ok 280	# eunuch -> eunuchs
ok 281	# extremum -> extrema
ok 282	# eyas -> eyases
ok 283	# factotum -> factotums
ok 284	# farman -> farmans
ok 285	# Faroese -> Faroese
ok 286	# fauna -> faunas|faunae
ok 287	# fax -> faxes
ok 288	# felo-de-se -> felones-de-se
ok 289	# Ferrarese -> Ferrarese
ok 290	# ferry -> ferries
ok 291	# fetus -> fetuses
ok 292	# fiance -> fiances
ok 293	# fiancee -> fiancees
ok 294	# fiasco -> fiascos
ok 295	# fish -> fish
ok 296	# fizz -> fizzes
ok 297	# flamingo -> flamingoes
ok 298	# flittermouse -> flittermice
ok 299	# floes -> floe
ok 300	# flora -> floras|florae
ok 301	# flounder -> flounder
ok 302	# focus -> focuses|foci
ok 303	# foetus -> foetuses
ok 304	# folio -> folios
ok 305	# Foochowese -> Foochowese
ok 306	# foot -> feet
ok 307	# foot's -> feet's
ok 308	# foramen -> foramens|foramina
ok 309	# foreshoes -> foreshoe
ok 310	# formula -> formulas|formulae
ok 311	# forum -> forums
ok 312	# fought -> fought
ok 313	# fox -> foxes
ok 314	# from him -> from them
ok 315	# from it -> from them
ok 316	# fungus -> funguses|fungi
ok 317	# Gabunese -> Gabunese
ok 318	# gallows -> gallows
ok 319	# ganglion -> ganglions|ganglia
ok 320	# gas -> gases
ok 321	# gateau -> gateaus|gateaux
ok 322	# gave -> gave
ok 323	# general -> generals
ok 324	# generalissimo -> generalissimos
ok 325	# Genevese -> Genevese
ok 326	# genie -> genies|genii
ok 327	# genius -> geniuses|genii
ok 328	# Genoese -> Genoese
ok 329	# genus -> genera
ok 330	# German -> Germans
ok 331	# ghetto -> ghettos
ok 332	# Gilbertese -> Gilbertese
ok 333	# gliosarcoma -> gliosarcomas|gliosarcomata
ok 334	# glottis -> glottises
ok 335	# Goanese -> Goanese
ok 336	# goat -> goats
ok 337	# goose -> geese
ok 338	# Governor General -> Governors General
ok 339	# goy -> goys|goyim
ok 340	# graffiti -> graffiti
ok 341	# graffito -> graffiti
ok 342	# grizzly -> grizzlies
ok 343	# guano -> guanos
ok 344	# guardsman -> guardsmen
ok 345	# Guianese -> Guianese
ok 346	# gumma -> gummas|gummata
ok 347	# gumshoes -> gumshoe
ok 348	# gunman -> gunmen
ok 349	# gymnasium -> gymnasiums|gymnasia
ok 350	# had -> had
ok 351	# had thought -> had thought
ok 352	# Hainanese -> Hainanese
ok 353	# hammertoes -> hammertoe
ok 354	# handkerchief -> handkerchiefs
ok 355	# hapax legomenon -> hapax legomena
ok 356	# Hararese -> Hararese
ok 357	# Harlemese -> Harlemese
ok 358	# harman -> harmans
ok 359	# harmonium -> harmoniums
ok 360	# has -> have
ok 361	# has become -> have become
ok 362	# has been -> have been
ok 363	# has-been -> has-beens
ok 364	# hasn't -> haven't
ok 365	# Havanese -> Havanese
ok 366	# have -> have
ok 367	# have conceded -> have conceded
ok 368	# he -> they
ok 369	# headquarters -> headquarters
ok 370	# Heavenese -> Heavenese
ok 371	# helix -> helices
ok 372	# hepatitis -> hepatitises|hepatitides
ok 373	# her -> their
ok 374	# her -> them
ok 375	# hero -> heroes
ok 376	# herpes -> herpes
ok 377	# hers -> theirs
ok 378	# herself -> themselves
ok 379	# hetman -> hetmans
ok 380	# hiatus -> hiatuses|hiatus
ok 381	# highlight -> highlights
ok 382	# hijinks -> hijinks
ok 383	# him -> them
ok 384	# himself -> themselves
ok 385	# hippopotamus -> hippopotamuses|hippopotami
ok 386	# Hiroshiman -> Hiroshimans
ok 387	# his -> their
ok 388	# his -> theirs
ok 389	# hoes -> hoe
ok 390	# honorarium -> honorariums|honoraria
ok 391	# hoof -> hoofs|hooves
ok 392	# Hoosierese -> Hoosierese
ok 393	# horseshoes -> horseshoe
ok 394	# Hottentotese -> Hottentotese
ok 395	# house -> houses
ok 396	# housewife -> housewives
ok 397	# hubris -> hubrises
ok 398	# human -> humans
ok 399	# Hunanese -> Hunanese
ok 400	# hydra -> hydras|hydrae
ok 401	# hyperbaton -> hyperbata
ok 402	# hyperbola -> hyperbolas|hyperbolae
ok 403	# I -> we
ok 404	# ibis -> ibises
ok 405	# ignoramus -> ignoramuses
ok 406	# impetus -> impetuses|impetus
ok 407	# incubus -> incubuses|incubi
ok 408	# index -> indexes|indices
ok 409	# Indochinese -> Indochinese
ok 410	# inferno -> infernos
ok 411	# innings -> innings
ok 412	# Inspector General -> Inspectors General
ok 413	# intermedium -> intermedia
ok 414	# interphenomenon -> interphenomena
ok 415	# interradius -> interradii
ok 416	# interregnum -> interregnums|interregna
ok 417	# iris -> irises|irides
ok 418	# is -> are
ok 419	# is eaten -> are eaten
ok 420	# isn't -> aren't
ok 421	# it -> they
ok 422	# its -> their
ok 423	# itself -> themselves
ok 424	# jackanapes -> jackanapes
ok 425	# Japanese -> Japanese
ok 426	# Javanese -> Javanese
ok 427	# jerry -> jerries
ok 428	# Jerry -> Jerrys
ok 429	# jinx -> jinxes
ok 430	# jinxes -> jinx
ok 431	# Johnsonese -> Johnsonese
ok 432	# Jones -> Joneses
ok 433	# jumbo -> jumbos
ok 434	# Kanarese -> Kanarese
ok 435	# kibbutz -> kibbutzes|kibbutzim
ok 436	# Kiplingese -> Kiplingese
ok 437	# knife -> knife
ok 438	# knife -> knives
ok 439	# knifes -> knife
ok 440	# Kongoese -> Kongoese
ok 441	# Kongolese -> Kongolese
ok 442	# kuvasz -> kuvaszok
ok 443	# lactobacillus -> lactobacilli
ok 444	# lacuna -> lacunas|lacunae
ok 445	# lady in waiting -> ladies in waiting
ok 446	# Lapponese -> Lapponese
ok 447	# larynx -> larynxes|larynges
ok 448	# latex -> latexes|latices
ok 449	# lawman -> lawmen
ok 450	# layman -> laymen
ok 451	# leaf -> leaf
ok 452	# leaf -> leaves
ok 453	# leafs -> leaf
ok 454	# Lebanese -> Lebanese
ok 455	# leman -> lemans
ok 456	# lemma -> lemmas|lemmata
ok 457	# lens -> lenses
ok 458	# Leonese -> Leonese
ok 459	# lick of the cat -> licks of the cat
ok 460	# Lieutenant General -> Lieutenant Generals
ok 461	# life -> lives
ok 462	# Liman -> Limans
ok 463	# lingo -> lingos
ok 464	# loaf -> loaves
ok 465	# locus -> loci
ok 466	# Londonese -> Londonese
ok 467	# Lorrainese -> Lorrainese
ok 468	# lothario -> lotharios
ok 469	# louse -> lice
ok 470	# Lucchese -> Lucchese
ok 471	# lumbago -> lumbagos
ok 472	# lumen -> lumens|lumina
ok 473	# lummox -> lummoxes
ok 474	# lustrum -> lustrums|lustra
ok 475	# lyceum -> lyceums
ok 476	# lymphoma -> lymphomas|lymphomata
ok 477	# lynx -> lynxes
ok 478	# Lyonese -> Lyonese
ok 479	# M.I.A. -> M.I.A.s
ok 480	# Macanese -> Macanese
ok 481	# Macassarese -> Macassarese
ok 482	# mackerel -> mackerel
ok 483	# macro -> macros
ok 484	# made -> made
ok 485	# madman -> madmen
ok 486	# Madurese -> Madurese
ok 487	# magma -> magmas|magmata
ok 488	# magneto -> magnetos
ok 489	# magnum opus -> magnum opuses|magna opera
ok 490	# Major General -> Major Generals
ok 491	# Malabarese -> Malabarese
ok 492	# Maltese -> Maltese
ok 493	# malum in se -> mala in se
ok 494	# man -> men
ok 495	# mandamus -> mandamuses
ok 496	# manifesto -> manifestos
ok 497	# mantis -> mantises
ok 498	# marquis -> marquises
ok 499	# Mary -> Marys
ok 500	# maximum -> maximums|maxima
ok 501	# measles -> measles
ok 502	# medico -> medicos
ok 503	# medium -> mediums|media
ok 504	# medium's -> mediums'|media's
ok 505	# medulloblastoma -> medulloblastomas|medulloblastomata
ok 506	# medusa -> medusas|medusae
ok 507	# melastoma -> melastomas|melastomata
ok 508	# memorandum -> memorandums|memoranda
ok 509	# meniscus -> menisci
ok 510	# merman -> mermen
ok 511	# Messinese -> Messinese
ok 512	# metamorphosis -> metamorphoses
ok 513	# metropolis -> metropolises
ok 514	# mews -> mews
ok 515	# miasma -> miasmas|miasmata
ok 516	# micronucleus -> micronuclei
ok 517	# Milanese -> Milanese
ok 518	# milieu -> milieus|milieux
ok 519	# millennium -> millenniums|millennia
ok 520	# minimum -> minimums|minima
ok 521	# minx -> minxes
ok 522	# miss -> miss
ok 523	# miss -> misses
ok 524	# misses -> miss
ok 525	# mistletoes -> mistletoe
ok 526	# mittamus -> mittamuses
ok 527	# Modenese -> Modenese
ok 528	# momentum -> momentums|momenta
ok 529	# money -> monies
ok 530	# mongoose -> mongooses
ok 531	# moose -> moose
ok 532	# mother-in-law -> mothers-in-law
ok 533	# mouse -> mice
ok 534	# mumps -> mumps
ok 535	# Muranese -> Muranese
ok 536	# murex -> murices
ok 537	# museum -> museums
ok 538	# mustachio -> mustachios
ok 539	# my -> our
ok 540	# myself -> ourselves
ok 541	# mythos -> mythoi
ok 542	# Nakayaman -> Nakayamans
ok 543	# Nankingese -> Nankingese
ok 544	# nasturtium -> nasturtiums
ok 545	# Navarrese -> Navarrese
ok 546	# nebula -> nebulas|nebulae
ok 547	# Nepalese -> Nepalese
ok 548	# neuritis -> neuritises|neuritides
ok 549	# neurosis -> neuroses
ok 550	# news -> news
ok 551	# nexus -> nexus
ok 552	# Niasese -> Niasese
ok 553	# Nicobarese -> Nicobarese
ok 554	# nimbus -> nimbuses|nimbi
ok 555	# Nipponese -> Nipponese
ok 556	# no -> noes
ok 557	# Norman -> Normans
ok 558	# nostrum -> nostrums
ok 559	# noumenon -> noumena
ok 560	# nova -> novas|novae
ok 561	# nucleolus -> nucleoluses|nucleoli
ok 562	# nucleus -> nuclei
ok 563	# numen -> numina
ok 564	# oaf -> oafs
ok 565	# oboes -> oboe
ok 566	# occiput -> occiputs|occipita
ok 567	# octavo -> octavos
ok 568	# octopus -> octopuses|octopodes
ok 569	# oedema -> oedemas|oedemata
ok 570	# Oklahoman -> Oklahomans
ok 571	# omnibus -> omnibuses
ok 572	# on it -> on them
ok 573	# onus -> onuses
ok 574	# opera -> operas
ok 575	# optimum -> optimums|optima
ok 576	# opus -> opuses|opera
ok 577	# organon -> organa
ok 578	# osteoclastoma -> osteoclastomas|osteoclastomata
ok 579	# ottoman -> ottomans
ok 580	# ought to be -> ought to be
ok 581	# overshoes -> overshoe
ok 582	# overtoes -> overtoe
ok 583	# ovum -> ova
ok 584	# ox -> oxen
ok 585	# ox's -> oxen's
ok 586	# oxman -> oxmen
ok 587	# oxymoron -> oxymorons|oxymora
ok 588	# Panaman -> Panamans
ok 589	# parabema -> parabemas|parabemata
ok 590	# parabola -> parabolas|parabolae
ok 591	# paranucleus -> paranuclei
ok 592	# Parmese -> Parmese
ok 593	# pathos -> pathoses
ok 594	# pegasus -> pegasuses
ok 595	# Pekingese -> Pekingese
ok 596	# pelvis -> pelvises
ok 597	# pendulum -> pendulums
ok 598	# penis -> penises|penes
ok 599	# penumbra -> penumbras|penumbrae
ok 600	# perihelion -> perihelia
ok 601	# perradius -> perradii
ok 602	# person -> people|persons
ok 603	# persona -> personae
ok 604	# petroleum -> petroleums
ok 605	# phalanx -> phalanxes|phalanges
ok 606	# PhD -> PhDs
ok 607	# phenomenon -> phenomena
ok 608	# philtrum -> philtrums
ok 609	# photo -> photos
ok 610	# phylum -> phylums|phyla
ok 611	# piano -> pianos|piani
ok 612	# Piedmontese -> Piedmontese
ok 613	# pika -> pikas
ok 614	# pincer -> pincers
ok 615	# pincers -> pincers
ok 616	# Pistoiese -> Pistoiese
ok 617	# plasmalemma -> plasmalemmata
ok 618	# plateau -> plateaus|plateaux
ok 619	# play -> plays
ok 620	# plexus -> plexuses|plexus
ok 621	# pliers -> pliers
ok 622	# plies -> ply
ok 623	# polis -> polises
ok 624	# Polonese -> Polonese
ok 625	# pontifex -> pontifexes|pontifices
ok 626	# portmanteau -> portmanteaus|portmanteaux
ok 627	# Portuguese -> Portuguese
ok 628	# possum -> possums
ok 629	# potato -> potatoes
ok 630	# pox -> pox
ok 631	# pragma -> pragmas|pragmata
ok 632	# premium -> premiums
ok 633	# prima donna -> prima donnas|prime donne
ok 634	# pro -> pros
ok 635	# proceedings -> proceedings
ok 636	# Progymnasium -> Progymnasia
ok 637	# prolegomenon -> prolegomena
ok 638	# proof -> proofs
ok 639	# proof of concept -> proofs of concept
ok 640	# prosecutrix -> prosecutrixes|prosecutrices
ok 641	# prospectus -> prospectuses|prospectus
ok 642	# protozoan -> protozoans
ok 643	# protozoon -> protozoa
ok 644	# pseudostoma -> pseudostomata
ok 645	# puma -> pumas
ok 646	# put -> put
ok 647	# quantum -> quantums|quanta
ok 648	# quartermaster general -> quartermasters general
ok 649	# quarto -> quartos
ok 650	# quiz -> quizzes
ok 651	# quizzes -> quiz
ok 652	# quorum -> quorums
ok 653	# rabies -> rabies
ok 654	# radius -> radiuses|radii
ok 655	# radix -> radices
ok 656	# ragman -> ragmen
ok 657	# rebus -> rebuses
ok 658	# rehoes -> rehoe
ok 659	# reindeer -> reindeer
ok 660	# reshoes -> reshoe
ok 661	# rhino -> rhinos
ok 662	# rhinoceros -> rhinoceroses|rhinoceros
ok 663	# roes -> roe
ok 664	# Rom -> Roma
ok 665	# Romagnese -> Romagnese
ok 666	# Roman -> Romans
ok 667	# Romanese -> Romanese
ok 668	# Romany -> Romanies
ok 669	# romeo -> romeos
ok 670	# roof -> roofs
ok 671	# rostrum -> rostrums|rostra
ok 672	# ruckus -> ruckuses
ok 673	# salmon -> salmon
ok 674	# Sangirese -> Sangirese
ok 675	# sank -> sank
ok 676	# Sarawakese -> Sarawakese
ok 677	# sarcoma -> sarcomas|sarcomata
ok 678	# sassafras -> sassafrases
ok 679	# saw -> saw
ok 680	# saw -> saws
ok 681	# saws -> saw
ok 682	# scarf -> scarves
ok 683	# schema -> schemas|schemata
ok 684	# scissors -> scissors
ok 685	# Scotsman -> Scotsmen
ok 686	# sea-bass -> sea-bass
ok 687	# seaman -> seamen
ok 688	# self -> selves
ok 689	# Selman -> Selmans
ok 690	# Senegalese -> Senegalese
ok 691	# sense-datum -> sense-data
ok 692	# seraph -> seraphs|seraphim
ok 693	# series -> series
ok 694	# shall eat -> shall eat
ok 695	# shaman -> shamans
ok 696	# Shavese -> Shavese
ok 697	# Shawanese -> Shawanese
ok 698	# she -> they
ok 699	# sheaf -> sheaves
ok 700	# shears -> shears
ok 701	# sheep -> sheep
ok 702	# shelf -> shelves
ok 703	# shoes -> shoe
ok 704	# should have -> should have
ok 705	# Siamese -> Siamese
ok 706	# siemens -> siemens
ok 707	# Sienese -> Sienese
ok 708	# Sikkimese -> Sikkimese
ok 709	# silex -> silices
ok 710	# simplex -> simplexes|simplices
ok 711	# Singhalese -> Singhalese
ok 712	# Sinhalese -> Sinhalese
ok 713	# sinus -> sinuses|sinus
ok 714	# size -> sizes
ok 715	# sizes -> size
ok 716	# smallpox -> smallpox
ok 717	# Smith -> Smiths
ok 718	# snowshoes -> snowshoe
ok 719	# Sogdianese -> Sogdianese
ok 720	# soliloquy -> soliloquies
ok 721	# solo -> solos|soli
ok 722	# soma -> somas|somata
ok 723	# son of a bitch -> sons of bitches
ok 724	# Sonaman -> Sonamans
ok 725	# soprano -> sopranos|soprani
ok 726	# sought -> sought
ok 727	# Spaetlese -> Spaetlesen
ok 728	# spattlehoes -> spattlehoe
ok 729	# species -> species
ok 730	# spectrum -> spectrums|spectra
ok 731	# speculum -> speculums|specula
ok 732	# spent -> spent
ok 733	# spermatozoon -> spermatozoa
ok 734	# sphinx -> sphinxes|sphinges
ok 735	# spokesperson -> spokespeople|spokespersons
ok 736	# stadium -> stadiums|stadia
ok 737	# stamen -> stamens|stamina
ok 738	# starets -> startsy
ok 739	# staretz -> startzy
ok 740	# status -> statuses|status
ok 741	# stereo -> stereos
ok 742	# stigma -> stigmas|stigmata
ok 743	# stimulus -> stimuli
ok 744	# stoma -> stomas|stomata
ok 745	# stomach -> stomachs
ok 746	# storey -> storeys
ok 747	# story -> stories
ok 748	# stratum -> strata
ok 749	# strife -> strifes
ok 750	# studium generale -> studia generali
ok 751	# stylo -> stylos
ok 752	# stylus -> styluses|styli
ok 753	# substratum -> substrata
ok 754	# succubus -> succubuses|succubi
ok 755	# Sudanese -> Sudanese
ok 756	# suffix -> suffixes
ok 757	# Sundanese -> Sundanese
ok 758	# superhelix -> superhelices
ok 759	# superior -> superiors
ok 760	# supernova -> supernovas|supernovae
ok 761	# superstratum -> superstrata
ok 762	# Surgeon-General -> Surgeons-General
ok 763	# surplus -> surpluses
ok 764	# Swahilese -> Swahilese
ok 765	# swine -> swines|swine
ok 766	# syringe -> syringes
ok 767	# syrinx -> syrinxes|syringes
ok 768	# tableau -> tableaus|tableaux
ok 769	# tableman -> tablemen
ok 770	# Tacoman -> Tacomans
ok 771	# talouse -> talouses
ok 772	# tattoo -> tattoos
ok 773	# taxman -> taxmen
ok 774	# tempo -> tempos|tempi
ok 775	# Tenggerese -> Tenggerese
ok 776	# testatrix -> testatrixes|testatrices
ok 777	# testes -> testes
ok 778	# testis -> testes
ok 779	# that -> those
ok 780	# their -> their
ok 781	# themself -> themselves
ok 782	# they -> they
ok 783	# thief -> thiefs|thieves
ok 784	# this -> these
ok 785	# thought -> thought
ok 786	# thought -> thoughts
ok 787	# throes -> throe
ok 788	# ticktacktoes -> ticktacktoe
ok 789	# Times -> Timeses
ok 790	# Timorese -> Timorese
ok 791	# tiptoes -> tiptoe
ok 792	# Tirolese -> Tirolese
ok 793	# titmouse -> titmice
ok 794	# to her -> to them
ok 795	# to herself -> to themselves
ok 796	# to him -> to them
ok 797	# to himself -> to themselves
ok 798	# to it -> to them
ok 799	# to it -> to them
ok 800	# to itself -> to themselves
ok 801	# to me -> to us
ok 802	# to myself -> to ourselves
ok 803	# to them -> to them
ok 804	# to themself -> to themselves
ok 805	# to you -> to you
ok 806	# to yourself -> to yourselves
ok 807	# Tocharese -> Tocharese
ok 808	# toes -> toe
ok 809	# tomato -> tomatoes
ok 810	# Tonkinese -> Tonkinese
ok 811	# tonsillitis -> tonsillitises|tonsillitides
ok 812	# tooth -> teeth
ok 813	# Torinese -> Torinese
ok 814	# torus -> toruses|tori
ok 815	# tradesman -> tradesmen
ok 816	# trapezium -> trapeziums|trapezia
ok 817	# trauma -> traumas|traumata
ok 818	# travois -> travois
ok 819	# trellis -> trellises
ok 820	# tries -> try
ok 821	# trilby -> trilbys
ok 822	# triradius -> triradii
ok 823	# trockenbeerenauslese -> trockenbeerenauslesen
ok 824	# trousers -> trousers
ok 825	# trousseau -> trousseaus|trousseaux
ok 826	# trout -> trout
ok 827	# try -> tries
ok 828	# tuna -> tuna
ok 829	# turf -> turfs|turves
ok 830	# Tyrolese -> Tyrolese
ok 831	# ultimatum -> ultimatums|ultimata
ok 832	# umbilicus -> umbilicuses|umbilici
ok 833	# umbra -> umbras|umbrae
ok 834	# undershoes -> undershoe
ok 835	# unshoes -> unshoe
ok 836	# uterus -> uteruses|uteri
ok 837	# vacuum -> vacuums|vacua
ok 838	# vellum -> vellums
ok 839	# velum -> velums|vela
ok 840	# Vermontese -> Vermontese
ok 841	# Veronese -> Veronese
ok 842	# vertebra -> vertebrae
ok 843	# vertex -> vertexes|vertices
ok 844	# Viennese -> Viennese
ok 845	# Vietnamese -> Vietnamese
ok 846	# virtuoso -> virtuosos|virtuosi
ok 847	# virus -> viruses
ok 848	# vixen -> vixens
ok 849	# vortex -> vortexes|vortices
ok 850	# walrus -> walruses
ok 851	# was -> were
ok 852	# was faced with -> were faced with
ok 853	# was hoping -> were hoping
ok 854	# Wenchowese -> Wenchowese
ok 855	# were -> were
ok 856	# were found -> were found
ok 857	# wharf -> wharves
ok 858	# whiting -> whiting
ok 859	# Whitmanese -> Whitmanese
ok 860	# whiz -> whizzes
ok 861	# whizz -> whizzes
ok 862	# widget -> widgets
ok 863	# wife -> wives
ok 864	# wildebeest -> wildebeests|wildebeest
ok 865	# will -> will
ok 866	# will -> wills
ok 867	# will eat -> will eat
ok 868	# wills -> will
ok 869	# wish -> wishes
ok 870	# with him -> with them
ok 871	# with it -> with them
ok 872	# woes -> woe
ok 873	# wolf -> wolves
ok 874	# woman -> women
ok 875	# woman of substance -> women of substance
ok 876	# woman's -> women's
ok 877	# won't -> won't
ok 878	# woodlouse -> woodlice
ok 879	# Yakiman -> Yakimans
ok 880	# Yengeese -> Yengeese
ok 881	# yeoman -> yeomen
ok 882	# yeowoman -> yeowomen
ok 883	# yes -> yeses
ok 884	# Yokohaman -> Yokohamans
ok 885	# you -> you
ok 886	# your -> your
ok 887	# yourself -> yourselves
ok 888	# Yuman -> Yumans
ok 889	# Yunnanese -> Yunnanese
ok 890	# zero -> zeros
ok 891	# zoon -> zoa
ok 892	# zuz -> zuzzes|zuzim
ok 893	# kin -> kine (user defined)...
ok 894
ok 895
ok 896	# regex -> regexen (user defined)
ok 897	# foobar -> feebar (user defined)...
ok 898
ok 899	# red -> red...
ok 900
ok 901
ok 902	# red -> gules...
ok 903
ok 904
ok 905	# 0 -> 0th...
ok 906
ok 907
ok 908
ok 909
ok 910
ok 911
ok 912
ok 913
ok 914
ok 915
ok 916
ok 917
ok 918
ok 919
ok 920
ok 921
ok 922
ok 923
ok 924
ok 925
ok 926
ok 927
ok 928
ok 929
ok 930
ok 931
ok 932
ok 933
ok 934
ok 935	# zero -> zeroth...
ok 936
ok 937
ok 938
ok 939
ok 940
ok 941
ok 942
ok 943
ok 944
ok 945
ok 946
ok 947
ok 948
ok 949
ok 950
ok 951
ok 952
ok 953
ok 954
ok 955
ok 956
ok 957
ok 958
ok 959
ok 960
ok 961
ok 962
ok 963
ok 964
ok 965	# sees -> seeing...
ok 966
ok 967
ok 968
ok 969
ok 970
ok
t/no_commas.t ............ 
1..64
ok 1 - No commas: 12
ok 2 - No commas: 123
ok 3 - No commas: 1234
ok 4 - No commas: 12345
ok 5 - No commas: 123456
ok 6 - No commas: 1234567
ok 7 - No commas: 12345678
ok 8 - No commas: 123456789
ok 9 - , as comma: 12
ok 10 - , as comma: 123
ok 11 - , as comma: 1234
ok 12 - , as comma: 12345
ok 13 - , as comma: 123456
ok 14 - , as comma: 1234567
ok 15 - , as comma: 12345678
ok 16 - , as comma: 123456789
ok 17 - . as comma: 12
ok 18 - . as comma: 123
ok 19 - . as comma: 1234
ok 20 - . as comma: 12345
ok 21 - . as comma: 123456
ok 22 - . as comma: 1234567
ok 23 - . as comma: 12345678
ok 24 - . as comma: 123456789
ok 25 - ' as comma: 12
ok 26 - ' as comma: 123
ok 27 - ' as comma: 1234
ok 28 - ' as comma: 12345
ok 29 - ' as comma: 123456
ok 30 - ' as comma: 1234567
ok 31 - ' as comma: 12345678
ok 32 - ' as comma: 123456789
ok 33 - _ as comma: 12
ok 34 - _ as comma: 123
ok 35 - _ as comma: 1234
ok 36 - _ as comma: 12345
ok 37 - _ as comma: 123456
ok 38 - _ as comma: 1234567
ok 39 - _ as comma: 12345678
ok 40 - _ as comma: 123456789
ok 41 - comma => 1 : 12
ok 42 - comma => 1 : 123
ok 43 - comma => 1 : 1234
ok 44 - comma => 1 : 12345
ok 45 - comma => 1 : 123456
ok 46 - comma => 1 : 1234567
ok 47 - comma => 1 : 12345678
ok 48 - comma => 1 : 123456789
ok 49 - Comma every 2: 12
ok 50 - Comma every 2: 123
ok 51 - Comma every 2: 1234
ok 52 - Comma every 2: 12345
ok 53 - Comma every 2: 123456
ok 54 - Comma every 2: 1234567
ok 55 - Comma every 2: 12345678
ok 56 - Comma every 2: 123456789
ok 57 - . as comma every 4: 12
ok 58 - . as comma every 4: 123
ok 59 - . as comma every 4: 1234
ok 60 - . as comma every 4: 12345
ok 61 - . as comma every 4: 123456
ok 62 - . as comma every 4: 1234567
ok 63 - . as comma every 4: 12345678
ok 64 - . as comma every 4: 123456789
ok
t/numwords.t ............. 
1..960
ok 1
ok 2	# Wordified 0 (<= 0)
ok 3	# Preserved 1 (above 0)
ok 4	# Preserved 2 (above 0)
ok 5	# Preserved 3 (above 0)
ok 6	# Preserved 4 (above 0)
ok 7	# Preserved 5 (above 0)
ok 8	# Preserved 6 (above 0)
ok 9	# Preserved 7 (above 0)
ok 10	# Preserved 8 (above 0)
ok 11	# Preserved 9 (above 0)
ok 12	# Preserved 10 (above 0)
ok 13	# Preserved 11 (above 0)
ok 14	# Preserved 12 (above 0)
ok 15	# Preserved 13 (above 0)
ok 16	# Preserved 14 (above 0)
ok 17	# Preserved 15 (above 0)
ok 18	# Preserved 16 (above 0)
ok 19	# Preserved 17 (above 0)
ok 20	# Preserved 18 (above 0)
ok 21	# Preserved 19 (above 0)
ok 22	# Preserved 20 (above 0)
ok 23	# Wordified 0 (<= 1)
ok 24	# Wordified 1 (<= 1)
ok 25	# Preserved 2 (above 1)
ok 26	# Preserved 3 (above 1)
ok 27	# Preserved 4 (above 1)
ok 28	# Preserved 5 (above 1)
ok 29	# Preserved 6 (above 1)
ok 30	# Preserved 7 (above 1)
ok 31	# Preserved 8 (above 1)
ok 32	# Preserved 9 (above 1)
ok 33	# Preserved 10 (above 1)
ok 34	# Preserved 11 (above 1)
ok 35	# Preserved 12 (above 1)
ok 36	# Preserved 13 (above 1)
ok 37	# Preserved 14 (above 1)
ok 38	# Preserved 15 (above 1)
ok 39	# Preserved 16 (above 1)
ok 40	# Preserved 17 (above 1)
ok 41	# Preserved 18 (above 1)
ok 42	# Preserved 19 (above 1)
ok 43	# Preserved 20 (above 1)
ok 44	# Wordified 0 (<= 2)
ok 45	# Wordified 1 (<= 2)
ok 46	# Wordified 2 (<= 2)
ok 47	# Preserved 3 (above 2)
ok 48	# Preserved 4 (above 2)
ok 49	# Preserved 5 (above 2)
ok 50	# Preserved 6 (above 2)
ok 51	# Preserved 7 (above 2)
ok 52	# Preserved 8 (above 2)
ok 53	# Preserved 9 (above 2)
ok 54	# Preserved 10 (above 2)
ok 55	# Preserved 11 (above 2)
ok 56	# Preserved 12 (above 2)
ok 57	# Preserved 13 (above 2)
ok 58	# Preserved 14 (above 2)
ok 59	# Preserved 15 (above 2)
ok 60	# Preserved 16 (above 2)
ok 61	# Preserved 17 (above 2)
ok 62	# Preserved 18 (above 2)
ok 63	# Preserved 19 (above 2)
ok 64	# Preserved 20 (above 2)
ok 65	# Wordified 0 (<= 3)
ok 66	# Wordified 1 (<= 3)
ok 67	# Wordified 2 (<= 3)
ok 68	# Wordified 3 (<= 3)
ok 69	# Preserved 4 (above 3)
ok 70	# Preserved 5 (above 3)
ok 71	# Preserved 6 (above 3)
ok 72	# Preserved 7 (above 3)
ok 73	# Preserved 8 (above 3)
ok 74	# Preserved 9 (above 3)
ok 75	# Preserved 10 (above 3)
ok 76	# Preserved 11 (above 3)
ok 77	# Preserved 12 (above 3)
ok 78	# Preserved 13 (above 3)
ok 79	# Preserved 14 (above 3)
ok 80	# Preserved 15 (above 3)
ok 81	# Preserved 16 (above 3)
ok 82	# Preserved 17 (above 3)
ok 83	# Preserved 18 (above 3)
ok 84	# Preserved 19 (above 3)
ok 85	# Preserved 20 (above 3)
ok 86	# Wordified 0 (<= 4)
ok 87	# Wordified 1 (<= 4)
ok 88	# Wordified 2 (<= 4)
ok 89	# Wordified 3 (<= 4)
ok 90	# Wordified 4 (<= 4)
ok 91	# Preserved 5 (above 4)
ok 92	# Preserved 6 (above 4)
ok 93	# Preserved 7 (above 4)
ok 94	# Preserved 8 (above 4)
ok 95	# Preserved 9 (above 4)
ok 96	# Preserved 10 (above 4)
ok 97	# Preserved 11 (above 4)
ok 98	# Preserved 12 (above 4)
ok 99	# Preserved 13 (above 4)
ok 100	# Preserved 14 (above 4)
ok 101	# Preserved 15 (above 4)
ok 102	# Preserved 16 (above 4)
ok 103	# Preserved 17 (above 4)
ok 104	# Preserved 18 (above 4)
ok 105	# Preserved 19 (above 4)
ok 106	# Preserved 20 (above 4)
ok 107	# Wordified 0 (<= 5)
ok 108	# Wordified 1 (<= 5)
ok 109	# Wordified 2 (<= 5)
ok 110	# Wordified 3 (<= 5)
ok 111	# Wordified 4 (<= 5)
ok 112	# Wordified 5 (<= 5)
ok 113	# Preserved 6 (above 5)
ok 114	# Preserved 7 (above 5)
ok 115	# Preserved 8 (above 5)
ok 116	# Preserved 9 (above 5)
ok 117	# Preserved 10 (above 5)
ok 118	# Preserved 11 (above 5)
ok 119	# Preserved 12 (above 5)
ok 120	# Preserved 13 (above 5)
ok 121	# Preserved 14 (above 5)
ok 122	# Preserved 15 (above 5)
ok 123	# Preserved 16 (above 5)
ok 124	# Preserved 17 (above 5)
ok 125	# Preserved 18 (above 5)
ok 126	# Preserved 19 (above 5)
ok 127	# Preserved 20 (above 5)
ok 128	# Wordified 0 (<= 6)
ok 129	# Wordified 1 (<= 6)
ok 130	# Wordified 2 (<= 6)
ok 131	# Wordified 3 (<= 6)
ok 132	# Wordified 4 (<= 6)
ok 133	# Wordified 5 (<= 6)
ok 134	# Wordified 6 (<= 6)
ok 135	# Preserved 7 (above 6)
ok 136	# Preserved 8 (above 6)
ok 137	# Preserved 9 (above 6)
ok 138	# Preserved 10 (above 6)
ok 139	# Preserved 11 (above 6)
ok 140	# Preserved 12 (above 6)
ok 141	# Preserved 13 (above 6)
ok 142	# Preserved 14 (above 6)
ok 143	# Preserved 15 (above 6)
ok 144	# Preserved 16 (above 6)
ok 145	# Preserved 17 (above 6)
ok 146	# Preserved 18 (above 6)
ok 147	# Preserved 19 (above 6)
ok 148	# Preserved 20 (above 6)
ok 149	# Wordified 0 (<= 7)
ok 150	# Wordified 1 (<= 7)
ok 151	# Wordified 2 (<= 7)
ok 152	# Wordified 3 (<= 7)
ok 153	# Wordified 4 (<= 7)
ok 154	# Wordified 5 (<= 7)
ok 155	# Wordified 6 (<= 7)
ok 156	# Wordified 7 (<= 7)
ok 157	# Preserved 8 (above 7)
ok 158	# Preserved 9 (above 7)
ok 159	# Preserved 10 (above 7)
ok 160	# Preserved 11 (above 7)
ok 161	# Preserved 12 (above 7)
ok 162	# Preserved 13 (above 7)
ok 163	# Preserved 14 (above 7)
ok 164	# Preserved 15 (above 7)
ok 165	# Preserved 16 (above 7)
ok 166	# Preserved 17 (above 7)
ok 167	# Preserved 18 (above 7)
ok 168	# Preserved 19 (above 7)
ok 169	# Preserved 20 (above 7)
ok 170	# Wordified 0 (<= 8)
ok 171	# Wordified 1 (<= 8)
ok 172	# Wordified 2 (<= 8)
ok 173	# Wordified 3 (<= 8)
ok 174	# Wordified 4 (<= 8)
ok 175	# Wordified 5 (<= 8)
ok 176	# Wordified 6 (<= 8)
ok 177	# Wordified 7 (<= 8)
ok 178	# Wordified 8 (<= 8)
ok 179	# Preserved 9 (above 8)
ok 180	# Preserved 10 (above 8)
ok 181	# Preserved 11 (above 8)
ok 182	# Preserved 12 (above 8)
ok 183	# Preserved 13 (above 8)
ok 184	# Preserved 14 (above 8)
ok 185	# Preserved 15 (above 8)
ok 186	# Preserved 16 (above 8)
ok 187	# Preserved 17 (above 8)
ok 188	# Preserved 18 (above 8)
ok 189	# Preserved 19 (above 8)
ok 190	# Preserved 20 (above 8)
ok 191	# Wordified 0 (<= 9)
ok 192	# Wordified 1 (<= 9)
ok 193	# Wordified 2 (<= 9)
ok 194	# Wordified 3 (<= 9)
ok 195	# Wordified 4 (<= 9)
ok 196	# Wordified 5 (<= 9)
ok 197	# Wordified 6 (<= 9)
ok 198	# Wordified 7 (<= 9)
ok 199	# Wordified 8 (<= 9)
ok 200	# Wordified 9 (<= 9)
ok 201	# Preserved 10 (above 9)
ok 202	# Preserved 11 (above 9)
ok 203	# Preserved 12 (above 9)
ok 204	# Preserved 13 (above 9)
ok 205	# Preserved 14 (above 9)
ok 206	# Preserved 15 (above 9)
ok 207	# Preserved 16 (above 9)
ok 208	# Preserved 17 (above 9)
ok 209	# Preserved 18 (above 9)
ok 210	# Preserved 19 (above 9)
ok 211	# Preserved 20 (above 9)
ok 212	# Wordified 0 (<= 10)
ok 213	# Wordified 1 (<= 10)
ok 214	# Wordified 2 (<= 10)
ok 215	# Wordified 3 (<= 10)
ok 216	# Wordified 4 (<= 10)
ok 217	# Wordified 5 (<= 10)
ok 218	# Wordified 6 (<= 10)
ok 219	# Wordified 7 (<= 10)
ok 220	# Wordified 8 (<= 10)
ok 221	# Wordified 9 (<= 10)
ok 222	# Wordified 10 (<= 10)
ok 223	# Preserved 11 (above 10)
ok 224	# Preserved 12 (above 10)
ok 225	# Preserved 13 (above 10)
ok 226	# Preserved 14 (above 10)
ok 227	# Preserved 15 (above 10)
ok 228	# Preserved 16 (above 10)
ok 229	# Preserved 17 (above 10)
ok 230	# Preserved 18 (above 10)
ok 231	# Preserved 19 (above 10)
ok 232	# Preserved 20 (above 10)
ok 233	# Wordified 0 (<= 11)
ok 234	# Wordified 1 (<= 11)
ok 235	# Wordified 2 (<= 11)
ok 236	# Wordified 3 (<= 11)
ok 237	# Wordified 4 (<= 11)
ok 238	# Wordified 5 (<= 11)
ok 239	# Wordified 6 (<= 11)
ok 240	# Wordified 7 (<= 11)
ok 241	# Wordified 8 (<= 11)
ok 242	# Wordified 9 (<= 11)
ok 243	# Wordified 10 (<= 11)
ok 244	# Wordified 11 (<= 11)
ok 245	# Preserved 12 (above 11)
ok 246	# Preserved 13 (above 11)
ok 247	# Preserved 14 (above 11)
ok 248	# Preserved 15 (above 11)
ok 249	# Preserved 16 (above 11)
ok 250	# Preserved 17 (above 11)
ok 251	# Preserved 18 (above 11)
ok 252	# Preserved 19 (above 11)
ok 253	# Preserved 20 (above 11)
ok 254	# Wordified 0 (<= 12)
ok 255	# Wordified 1 (<= 12)
ok 256	# Wordified 2 (<= 12)
ok 257	# Wordified 3 (<= 12)
ok 258	# Wordified 4 (<= 12)
ok 259	# Wordified 5 (<= 12)
ok 260	# Wordified 6 (<= 12)
ok 261	# Wordified 7 (<= 12)
ok 262	# Wordified 8 (<= 12)
ok 263	# Wordified 9 (<= 12)
ok 264	# Wordified 10 (<= 12)
ok 265	# Wordified 11 (<= 12)
ok 266	# Wordified 12 (<= 12)
ok 267	# Preserved 13 (above 12)
ok 268	# Preserved 14 (above 12)
ok 269	# Preserved 15 (above 12)
ok 270	# Preserved 16 (above 12)
ok 271	# Preserved 17 (above 12)
ok 272	# Preserved 18 (above 12)
ok 273	# Preserved 19 (above 12)
ok 274	# Preserved 20 (above 12)
ok 275	# Wordified 0 (<= 13)
ok 276	# Wordified 1 (<= 13)
ok 277	# Wordified 2 (<= 13)
ok 278	# Wordified 3 (<= 13)
ok 279	# Wordified 4 (<= 13)
ok 280	# Wordified 5 (<= 13)
ok 281	# Wordified 6 (<= 13)
ok 282	# Wordified 7 (<= 13)
ok 283	# Wordified 8 (<= 13)
ok 284	# Wordified 9 (<= 13)
ok 285	# Wordified 10 (<= 13)
ok 286	# Wordified 11 (<= 13)
ok 287	# Wordified 12 (<= 13)
ok 288	# Wordified 13 (<= 13)
ok 289	# Preserved 14 (above 13)
ok 290	# Preserved 15 (above 13)
ok 291	# Preserved 16 (above 13)
ok 292	# Preserved 17 (above 13)
ok 293	# Preserved 18 (above 13)
ok 294	# Preserved 19 (above 13)
ok 295	# Preserved 20 (above 13)
ok 296	# Wordified 0 (<= 14)
ok 297	# Wordified 1 (<= 14)
ok 298	# Wordified 2 (<= 14)
ok 299	# Wordified 3 (<= 14)
ok 300	# Wordified 4 (<= 14)
ok 301	# Wordified 5 (<= 14)
ok 302	# Wordified 6 (<= 14)
ok 303	# Wordified 7 (<= 14)
ok 304	# Wordified 8 (<= 14)
ok 305	# Wordified 9 (<= 14)
ok 306	# Wordified 10 (<= 14)
ok 307	# Wordified 11 (<= 14)
ok 308	# Wordified 12 (<= 14)
ok 309	# Wordified 13 (<= 14)
ok 310	# Wordified 14 (<= 14)
ok 311	# Preserved 15 (above 14)
ok 312	# Preserved 16 (above 14)
ok 313	# Preserved 17 (above 14)
ok 314	# Preserved 18 (above 14)
ok 315	# Preserved 19 (above 14)
ok 316	# Preserved 20 (above 14)
ok 317	# Wordified 0 (<= 15)
ok 318	# Wordified 1 (<= 15)
ok 319	# Wordified 2 (<= 15)
ok 320	# Wordified 3 (<= 15)
ok 321	# Wordified 4 (<= 15)
ok 322	# Wordified 5 (<= 15)
ok 323	# Wordified 6 (<= 15)
ok 324	# Wordified 7 (<= 15)
ok 325	# Wordified 8 (<= 15)
ok 326	# Wordified 9 (<= 15)
ok 327	# Wordified 10 (<= 15)
ok 328	# Wordified 11 (<= 15)
ok 329	# Wordified 12 (<= 15)
ok 330	# Wordified 13 (<= 15)
ok 331	# Wordified 14 (<= 15)
ok 332	# Wordified 15 (<= 15)
ok 333	# Preserved 16 (above 15)
ok 334	# Preserved 17 (above 15)
ok 335	# Preserved 18 (above 15)
ok 336	# Preserved 19 (above 15)
ok 337	# Preserved 20 (above 15)
ok 338	# Wordified 0 (<= 16)
ok 339	# Wordified 1 (<= 16)
ok 340	# Wordified 2 (<= 16)
ok 341	# Wordified 3 (<= 16)
ok 342	# Wordified 4 (<= 16)
ok 343	# Wordified 5 (<= 16)
ok 344	# Wordified 6 (<= 16)
ok 345	# Wordified 7 (<= 16)
ok 346	# Wordified 8 (<= 16)
ok 347	# Wordified 9 (<= 16)
ok 348	# Wordified 10 (<= 16)
ok 349	# Wordified 11 (<= 16)
ok 350	# Wordified 12 (<= 16)
ok 351	# Wordified 13 (<= 16)
ok 352	# Wordified 14 (<= 16)
ok 353	# Wordified 15 (<= 16)
ok 354	# Wordified 16 (<= 16)
ok 355	# Preserved 17 (above 16)
ok 356	# Preserved 18 (above 16)
ok 357	# Preserved 19 (above 16)
ok 358	# Preserved 20 (above 16)
ok 359	# Wordified 0 (<= 17)
ok 360	# Wordified 1 (<= 17)
ok 361	# Wordified 2 (<= 17)
ok 362	# Wordified 3 (<= 17)
ok 363	# Wordified 4 (<= 17)
ok 364	# Wordified 5 (<= 17)
ok 365	# Wordified 6 (<= 17)
ok 366	# Wordified 7 (<= 17)
ok 367	# Wordified 8 (<= 17)
ok 368	# Wordified 9 (<= 17)
ok 369	# Wordified 10 (<= 17)
ok 370	# Wordified 11 (<= 17)
ok 371	# Wordified 12 (<= 17)
ok 372	# Wordified 13 (<= 17)
ok 373	# Wordified 14 (<= 17)
ok 374	# Wordified 15 (<= 17)
ok 375	# Wordified 16 (<= 17)
ok 376	# Wordified 17 (<= 17)
ok 377	# Preserved 18 (above 17)
ok 378	# Preserved 19 (above 17)
ok 379	# Preserved 20 (above 17)
ok 380	# Wordified 0 (<= 18)
ok 381	# Wordified 1 (<= 18)
ok 382	# Wordified 2 (<= 18)
ok 383	# Wordified 3 (<= 18)
ok 384	# Wordified 4 (<= 18)
ok 385	# Wordified 5 (<= 18)
ok 386	# Wordified 6 (<= 18)
ok 387	# Wordified 7 (<= 18)
ok 388	# Wordified 8 (<= 18)
ok 389	# Wordified 9 (<= 18)
ok 390	# Wordified 10 (<= 18)
ok 391	# Wordified 11 (<= 18)
ok 392	# Wordified 12 (<= 18)
ok 393	# Wordified 13 (<= 18)
ok 394	# Wordified 14 (<= 18)
ok 395	# Wordified 15 (<= 18)
ok 396	# Wordified 16 (<= 18)
ok 397	# Wordified 17 (<= 18)
ok 398	# Wordified 18 (<= 18)
ok 399	# Preserved 19 (above 18)
ok 400	# Preserved 20 (above 18)
ok 401	# Wordified 0 (<= 19)
ok 402	# Wordified 1 (<= 19)
ok 403	# Wordified 2 (<= 19)
ok 404	# Wordified 3 (<= 19)
ok 405	# Wordified 4 (<= 19)
ok 406	# Wordified 5 (<= 19)
ok 407	# Wordified 6 (<= 19)
ok 408	# Wordified 7 (<= 19)
ok 409	# Wordified 8 (<= 19)
ok 410	# Wordified 9 (<= 19)
ok 411	# Wordified 10 (<= 19)
ok 412	# Wordified 11 (<= 19)
ok 413	# Wordified 12 (<= 19)
ok 414	# Wordified 13 (<= 19)
ok 415	# Wordified 14 (<= 19)
ok 416	# Wordified 15 (<= 19)
ok 417	# Wordified 16 (<= 19)
ok 418	# Wordified 17 (<= 19)
ok 419	# Wordified 18 (<= 19)
ok 420	# Wordified 19 (<= 19)
ok 421	# Preserved 20 (above 19)
ok 422	# Wordified 0 (<= 20)
ok 423	# Wordified 1 (<= 20)
ok 424	# Wordified 2 (<= 20)
ok 425	# Wordified 3 (<= 20)
ok 426	# Wordified 4 (<= 20)
ok 427	# Wordified 5 (<= 20)
ok 428	# Wordified 6 (<= 20)
ok 429	# Wordified 7 (<= 20)
ok 430	# Wordified 8 (<= 20)
ok 431	# Wordified 9 (<= 20)
ok 432	# Wordified 10 (<= 20)
ok 433	# Wordified 11 (<= 20)
ok 434	# Wordified 12 (<= 20)
ok 435	# Wordified 13 (<= 20)
ok 436	# Wordified 14 (<= 20)
ok 437	# Wordified 15 (<= 20)
ok 438	# Wordified 16 (<= 20)
ok 439	# Wordified 17 (<= 20)
ok 440	# Wordified 18 (<= 20)
ok 441	# Wordified 19 (<= 20)
ok 442	# Wordified 20 (<= 20)
ok 443	#  999 -> 999
ok 444	# 1000 -> 1,000
ok 445	# 10000 -> 10,000
ok 446	# 100000 -> 100,000
ok 447	# 1000000 -> 1,000,000
ok 448	#  999.3 -> 999.3
ok 449	# 1000.3 -> 1,000.3
ok 450	# 10000.3 -> 10,000.3
ok 451	# 100000.3 -> 100,000.3
ok 452	# 1000000.3 -> 1,000,000.3
ok 453	#  999 -> 999
ok 454	# 1000 -> 1000
ok 455	# 10000 -> 10000
ok 456	# 100000 -> 100000
ok 457	# 1000000 -> 1000000
ok 458	#  999.3 -> 999.3
ok 459	# 1000.3 -> 1000.3
ok 460	# 10000.3 -> 10000.3
ok 461	# 100000.3 -> 100000.3
ok 462	# 1000000.3 -> 1000000.3
ok 463	# 0 -> zero...
ok 464	# ...group=>1
ok 465	# ...group=>2
ok 466	# ...group=>2
ok 467	# ...ordinal
ok 468	# ...ordinal inverted
ok 469	# ...missing arg
ok 470	# ...has correct error
ok 471	# ...words_below=>100
ok 472	# 1 -> one...
ok 473	# ...group=>1
ok 474	# ...group=>2
ok 475	# ...group=>2
ok 476	# ...ordinal
ok 477	# ...ordinal inverted
ok 478	# ...missing arg
ok 479	# ...has correct error
ok 480	# ...words_below=>100
ok 481	# 2 -> two...
ok 482	# ...group=>1
ok 483	# ...group=>2
ok 484	# ...group=>2
ok 485	# ...ordinal
ok 486	# ...ordinal inverted
ok 487	# ...missing arg
ok 488	# ...has correct error
ok 489	# ...words_below=>100
ok 490	# 3 -> three...
ok 491	# ...group=>1
ok 492	# ...group=>2
ok 493	# ...group=>2
ok 494	# ...ordinal
ok 495	# ...ordinal inverted
ok 496	# ...missing arg
ok 497	# ...has correct error
ok 498	# ...words_below=>100
ok 499	# 4 -> four...
ok 500	# ...group=>1
ok 501	# ...group=>2
ok 502	# ...group=>2
ok 503	# ...ordinal
ok 504	# ...ordinal inverted
ok 505	# ...missing arg
ok 506	# ...has correct error
ok 507	# ...words_below=>100
ok 508	# 5 -> five...
ok 509	# ...group=>1
ok 510	# ...group=>2
ok 511	# ...group=>2
ok 512	# ...ordinal
ok 513	# ...ordinal inverted
ok 514	# ...missing arg
ok 515	# ...has correct error
ok 516	# ...words_below=>100
ok 517	# 6 -> six...
ok 518	# ...group=>1
ok 519	# ...group=>2
ok 520	# ...group=>2
ok 521	# ...ordinal
ok 522	# ...ordinal inverted
ok 523	# ...missing arg
ok 524	# ...has correct error
ok 525	# ...words_below=>100
ok 526	# 7 -> seven...
ok 527	# ...group=>1
ok 528	# ...group=>2
ok 529	# ...group=>2
ok 530	# ...ordinal
ok 531	# ...ordinal inverted
ok 532	# ...missing arg
ok 533	# ...has correct error
ok 534	# ...words_below=>100
ok 535	# 8 -> eight...
ok 536	# ...group=>1
ok 537	# ...group=>2
ok 538	# ...group=>2
ok 539	# ...ordinal
ok 540	# ...ordinal inverted
ok 541	# ...missing arg
ok 542	# ...has correct error
ok 543	# ...words_below=>100
ok 544	# 9 -> nine...
ok 545	# ...group=>1
ok 546	# ...group=>2
ok 547	# ...group=>2
ok 548	# ...ordinal
ok 549	# ...ordinal inverted
ok 550	# ...missing arg
ok 551	# ...has correct error
ok 552	# ...words_below=>100
ok 553	# 10 -> ten...
ok 554	# ...group=>1
ok 555	# ...group=>2
ok 556	# ...group=>2
ok 557	# ...ordinal
ok 558	# ...ordinal inverted
ok 559	# ...missing arg
ok 560	# ...has correct error
ok 561	# ...words_below=>100
ok 562	# 11 -> eleven...
ok 563	# ...group=>1
ok 564	# ...group=>2
ok 565	# ...group=>2
ok 566	# ...ordinal
ok 567	# ...ordinal inverted
ok 568	# ...missing arg
ok 569	# ...has correct error
ok 570	# ...words_below=>100
ok 571	# 12 -> twelve...
ok 572	# ...group=>1
ok 573	# ...group=>2
ok 574	# ...group=>2
ok 575	# ...ordinal
ok 576	# ...ordinal inverted
ok 577	# ...missing arg
ok 578	# ...has correct error
ok 579	# ...words_below=>100
ok 580	# 13 -> thirteen...
ok 581	# ...group=>1
ok 582	# ...group=>2
ok 583	# ...group=>2
ok 584	# ...ordinal
ok 585	# ...ordinal inverted
ok 586	# ...missing arg
ok 587	# ...has correct error
ok 588	# ...words_below=>100
ok 589	# 14 -> fourteen...
ok 590	# ...group=>1
ok 591	# ...group=>2
ok 592	# ...group=>2
ok 593	# ...ordinal
ok 594	# ...ordinal inverted
ok 595	# ...missing arg
ok 596	# ...has correct error
ok 597	# ...words_below=>100
ok 598	# 15 -> fifteen...
ok 599	# ...group=>1
ok 600	# ...group=>2
ok 601	# ...group=>2
ok 602	# ...ordinal
ok 603	# ...ordinal inverted
ok 604	# ...missing arg
ok 605	# ...has correct error
ok 606	# ...words_below=>100
ok 607	# 16 -> sixteen...
ok 608	# ...group=>1
ok 609	# ...group=>2
ok 610	# ...group=>2
ok 611	# ...ordinal
ok 612	# ...ordinal inverted
ok 613	# ...missing arg
ok 614	# ...has correct error
ok 615	# ...words_below=>100
ok 616	# 17 -> seventeen...
ok 617	# ...group=>1
ok 618	# ...group=>2
ok 619	# ...group=>2
ok 620	# ...ordinal
ok 621	# ...ordinal inverted
ok 622	# ...missing arg
ok 623	# ...has correct error
ok 624	# ...words_below=>100
ok 625	# 18 -> eighteen...
ok 626	# ...group=>1
ok 627	# ...group=>2
ok 628	# ...group=>2
ok 629	# ...ordinal
ok 630	# ...ordinal inverted
ok 631	# ...missing arg
ok 632	# ...has correct error
ok 633	# ...words_below=>100
ok 634	# 19 -> nineteen...
ok 635	# ...group=>1
ok 636	# ...group=>2
ok 637	# ...group=>2
ok 638	# ...ordinal
ok 639	# ...ordinal inverted
ok 640	# ...missing arg
ok 641	# ...has correct error
ok 642	# ...words_below=>100
ok 643	# 20 -> twenty...
ok 644	# ...group=>1
ok 645	# ...group=>2
ok 646	# ...group=>2
ok 647	# ...ordinal
ok 648	# ...ordinal inverted
ok 649	# ...missing arg
ok 650	# ...has correct error
ok 651	# ...words_below=>100
ok 652	# 21 -> twenty-one...
ok 653	# ...group=>1
ok 654	# ...group=>2
ok 655	# ...group=>2
ok 656	# ...ordinal
ok 657	# ...ordinal inverted
ok 658	# ...missing arg
ok 659	# ...has correct error
ok 660	# ...words_below=>100
ok 661	# 29 -> twenty-nine...
ok 662	# ...group=>1
ok 663	# ...group=>2
ok 664	# ...group=>2
ok 665	# ...ordinal
ok 666	# ...ordinal inverted
ok 667	# ...missing arg
ok 668	# ...has correct error
ok 669	# ...words_below=>100
ok 670	# 99 -> ninety-nine...
ok 671	# ...group=>1
ok 672	# ...group=>2
ok 673	# ...group=>2
ok 674	# ...ordinal
ok 675	# ...ordinal inverted
ok 676	# ...missing arg
ok 677	# ...has correct error
ok 678	# ...words_below=>100
ok 679	# 100 -> one hundred...
ok 680	# ...group=>1
ok 681	# ...group=>2
ok 682	# ...group=>2
ok 683	# ...ordinal
ok 684	# ...ordinal inverted
ok 685	# ...missing arg
ok 686	# ...has correct error
ok 687	# ...words_below=>100
ok 688	# 101 -> one hundred and one...
ok 689	# ...group=>1
ok 690	# ...group=>2
ok 691	# ...group=>2
ok 692	# ...ordinal
ok 693	# ...ordinal inverted
ok 694	# ...missing arg
ok 695	# ...has correct error
ok 696	# ...words_below=>100
ok 697	# 110 -> one hundred and ten...
ok 698	# ...group=>1
ok 699	# ...group=>2
ok 700	# ...group=>2
ok 701	# ...ordinal
ok 702	# ...ordinal inverted
ok 703	# ...missing arg
ok 704	# ...has correct error
ok 705	# ...words_below=>100
ok 706	# 111 -> one hundred and eleven...
ok 707	# ...group=>1
ok 708	# ...group=>2
ok 709	# ...group=>2
ok 710	# ...ordinal
ok 711	# ...ordinal inverted
ok 712	# ...missing arg
ok 713	# ...has correct error
ok 714	# ...words_below=>100
ok 715	# 900 -> nine hundred...
ok 716	# ...group=>1
ok 717	# ...group=>2
ok 718	# ...group=>2
ok 719	# ...ordinal
ok 720	# ...ordinal inverted
ok 721	# ...missing arg
ok 722	# ...has correct error
ok 723	# ...words_below=>100
ok 724	# 999 -> nine hundred and ninety-nine...
ok 725	# ...group=>1
ok 726	# ...group=>2
ok 727	# ...group=>2
ok 728	# ...ordinal
ok 729	# ...ordinal inverted
ok 730	# ...missing arg
ok 731	# ...has correct error
ok 732	# ...words_below=>100
ok 733	# 1000 -> one thousand...
ok 734	# ...group=>1
ok 735	# ...group=>2
ok 736	# ...group=>2
ok 737	# ...ordinal
ok 738	# ...ordinal inverted
ok 739	# ...missing arg
ok 740	# ...has correct error
ok 741	# ...words_below=>100
ok 742	# 1001 -> one thousand and one...
ok 743	# ...group=>1
ok 744	# ...group=>2
ok 745	# ...group=>2
ok 746	# ...ordinal
ok 747	# ...ordinal inverted
ok 748	# ...missing arg
ok 749	# ...has correct error
ok 750	# ...words_below=>100
ok 751	# 1010 -> one thousand and ten...
ok 752	# ...group=>1
ok 753	# ...group=>2
ok 754	# ...group=>2
ok 755	# ...ordinal
ok 756	# ...ordinal inverted
ok 757	# ...missing arg
ok 758	# ...has correct error
ok 759	# ...words_below=>100
ok 760	# 1100 -> one thousand, one hundred...
ok 761	# ...group=>1
ok 762	# ...group=>2
ok 763	# ...group=>2
ok 764	# ...ordinal
ok 765	# ...ordinal inverted
ok 766	# ...missing arg
ok 767	# ...has correct error
ok 768	# ...words_below=>100
ok 769	# 2000 -> two thousand...
ok 770	# ...group=>1
ok 771	# ...group=>2
ok 772	# ...group=>2
ok 773	# ...ordinal
ok 774	# ...ordinal inverted
ok 775	# ...missing arg
ok 776	# ...has correct error
ok 777	# ...words_below=>100
ok 778	# 10000 -> ten thousand...
ok 779	# ...group=>1
ok 780	# ...group=>2
ok 781	# ...group=>2
ok 782	# ...ordinal
ok 783	# ...ordinal inverted
ok 784	# ...missing arg
ok 785	# ...has correct error
ok 786	# ...words_below=>100
ok 787	# 100000 -> one hundred thousand...
ok 788	# ...group=>1
ok 789	# ...group=>2
ok 790	# ...group=>2
ok 791	# ...ordinal
ok 792	# ...ordinal inverted
ok 793	# ...missing arg
ok 794	# ...has correct error
ok 795	# ...words_below=>100
ok 796	# 100001 -> one hundred thousand and one...
ok 797	# ...group=>1
ok 798	# ...group=>2
ok 799	# ...group=>2
ok 800	# ...ordinal
ok 801	# ...ordinal inverted
ok 802	# ...missing arg
ok 803	# ...has correct error
ok 804	# ...words_below=>100
ok 805	# 123456 -> one hundred and twenty-three thousand, four hundred and fifty-six...
ok 806	# ...group=>1
ok 807	# ...group=>2
ok 808	# ...group=>2
ok 809	# ...ordinal
ok 810	# ...ordinal inverted
ok 811	# ...missing arg
ok 812	# ...has correct error
ok 813	# ...words_below=>100
ok 814	# 0123456 -> one hundred and twenty-three thousand, four hundred and fifty-six...
ok 815	# ...group=>1
ok 816	# ...group=>2
ok 817	# ...group=>2
ok 818	# ...ordinal
ok 819	# ...ordinal inverted
ok 820	# ...missing arg
ok 821	# ...has correct error
ok 822	# ...words_below=>100
ok 823	# 1234567 -> one million, two hundred and thirty-four thousand, five hundred and sixty-seven...
ok 824	# ...group=>1
ok 825	# ...group=>2
ok 826	# ...group=>2
ok 827	# ...ordinal
ok 828	# ...ordinal inverted
ok 829	# ...missing arg
ok 830	# ...has correct error
ok 831	# ...words_below=>100
ok 832	# 12345678 -> twelve million, three hundred and forty-five thousand, six hundred and seventy-eight...
ok 833	# ...group=>1
ok 834	# ...group=>2
ok 835	# ...group=>2
ok 836	# ...ordinal
ok 837	# ...ordinal inverted
ok 838	# ...missing arg
ok 839	# ...has correct error
ok 840	# ...words_below=>100
ok 841	# 12_345_678 -> twelve million, three hundred and forty-five thousand, six hundred and seventy-eight...
ok 842	# ...group=>1
ok 843	# ...group=>2
ok 844	# ...group=>2
ok 845	# ...missing arg
ok 846	# ...has correct error
ok 847	# ...words_below=>100
ok 848	# 1234,5678 -> twelve million, three hundred and forty-five thousand, six hundred and seventy-eight...
ok 849	# ...group=>1
ok 850	# ...group=>2
ok 851	# ...group=>2
ok 852	# ...missing arg
ok 853	# ...has correct error
ok 854	# ...words_below=>100
ok 855	# 1234567890 -> one billion, two hundred and thirty-four million, five hundred and sixty-seven thousand, eight hundred and ninety...
ok 856	# ...group=>1
ok 857	# ...group=>2
ok 858	# ...group=>2
ok 859	# ...ordinal
ok 860	# ...ordinal inverted
ok 861	# ...missing arg
ok 862	# ...has correct error
ok 863	# ...words_below=>100
ok 864	# 123456789012345 -> one hundred and twenty-three trillion, four hundred and fifty-six billion, seven hundred and eighty-nine million, twelve thousand, three hundred and forty-five...
ok 865	# ...group=>1
ok 866	# ...group=>2
ok 867	# ...group=>2
ok 868	# ...ordinal
ok 869	# ...ordinal inverted
ok 870	# ...missing arg
ok 871	# ...has correct error
ok 872	# ...words_below=>100
ok 873	# 12345678901234567890 -> twelve quintillion, three hundred and forty-five quadrillion, six hundred and seventy-eight trillion, nine hundred and one billion, two hundred and thirty-four million, five hundred and sixty-seven thousand, eight hundred and ninety...
ok 874	# ...group=>1
ok 875	# ...group=>2
ok 876	# ...group=>2
ok 877	# ...ordinal
ok 878	# ...ordinal inverted
ok 879	# ...missing arg
ok 880	# ...has correct error
ok 881	# ...words_below=>100
ok 882	# 0.987654 -> zero point nine eight seven six five four...
ok 883	# ...group=>1
ok 884	# ...group=>2
ok 885	# ...group=>2
ok 886	# ...ordinal
ok 887	# ...ordinal inverted
ok 888	# ...missing arg
ok 889	# ...has correct error
ok 890	# ...words_below=>100
ok 891	# .987654 -> point nine eight seven six five four...
ok 892	# ...group=>1
ok 893	# ...group=>2
ok 894	# ...group=>2
ok 895	# ...ordinal
ok 896	# ...ordinal inverted
ok 897	# ...missing arg
ok 898	# ...has correct error
ok 899	# ...words_below=>100
ok 900	# 9.87654 -> nine point eight seven six five four...
ok 901	# ...group=>1
ok 902	# ...group=>2
ok 903	# ...group=>2
ok 904	# ...ordinal
ok 905	# ...ordinal inverted
ok 906	# ...missing arg
ok 907	# ...has correct error
ok 908	# ...words_below=>100
ok 909	# 98.7654 -> ninety-eight point seven six five four...
ok 910	# ...group=>1
ok 911	# ...group=>2
ok 912	# ...group=>2
ok 913	# ...ordinal
ok 914	# ...ordinal inverted
ok 915	# ...missing arg
ok 916	# ...has correct error
ok 917	# ...words_below=>100
ok 918	# 987.654 -> nine hundred and eighty-seven point six five four...
ok 919	# ...group=>1
ok 920	# ...group=>2
ok 921	# ...group=>2
ok 922	# ...ordinal
ok 923	# ...ordinal inverted
ok 924	# ...missing arg
ok 925	# ...has correct error
ok 926	# ...words_below=>100
ok 927	# 9876.54 -> nine thousand, eight hundred and seventy-six point five four...
ok 928	# ...group=>1
ok 929	# ...group=>2
ok 930	# ...group=>2
ok 931	# ...ordinal
ok 932	# ...ordinal inverted
ok 933	# ...missing arg
ok 934	# ...has correct error
ok 935	# ...words_below=>100
ok 936	# 98765.4 -> ninety-eight thousand, seven hundred and sixty-five point four...
ok 937	# ...group=>1
ok 938	# ...group=>2
ok 939	# ...group=>2
ok 940	# ...ordinal
ok 941	# ...ordinal inverted
ok 942	# ...missing arg
ok 943	# ...has correct error
ok 944	# ...words_below=>100
ok 945	# 101.202.303 -> one hundred and one point two zero two three zero three...
ok 946	# ...group=>1
ok 947	# ...group=>2
ok 948	# ...group=>2
ok 949	# ...missing arg
ok 950	# ...has correct error
ok 951	# ...words_below=>100
ok 952	# 123456789012345678901234567890123456789012345678901234567890123456789012345678901234567890123456789012345678901234567890123456789012345678901234567890123456789012345678901234567890123456789012345678901234567890123456789012345678901234567890123456789012345678901234567890123456789012345678901234567890123456789012345678901234567890123456789012345678901234567890123456789012345678901234567890123456789012345678901234567890123456789012345678901234567890123456789012345678901234567890123456789012345678901234567890123456789012345678901234567890123456789012345678901234567890123456789012345678901234567890123456789012345678901234567890123456789012345678901234567890123456789012345678901234567890123456789012345678901234567890123456789012345678901234567890123456789012345678901234567890123456789012345678901234567890123456789012345678901234567890123456789012345678901234567890123456789012345678901234567890123456789012345678901234567890123456789012345678901234567890123456789012345678901234567890123456789012345678901234567890123456789012345678901234567890123456789012345678901234567890123456789012345678901234567890123456789012345678901234567890123456789012345678901234567890123456789012345678901234567890123456789012345678901234567890123456789012345678901234567890123456789012345678901234567890123456789012345678901234567890123456789012345678901234567890123456789012345678901234567890123456789012345678901234567890123456789012345678901234567890123456789012345678901234567890123456789012345678901234567890123456789012345678901234567890123456789012345678901234567890123456789012345678901234567890123456789012345678901234567890123456789012345678901234567890123456789012345678901234567890123456789012345678901234567890123456789012345678901234567890123456789012345678901234567890123456789012345678901234567890123456789012345678901234567890123456789012345678901234567890123456789012345678901234567890123456789012345678901234567890123456789012345678901234567890123456789012345678901234567890123456789012345678901234567890123456789012345678901234567890123456789012345678901234567890123456789012345678901234567890123456789012345678901234567890123456789012345678901234567890123456789012345678901234567890123456789012345678901234567890123456789012345678901234567890123456789012345678901234567890123456789012345678901234567890123456789012345678901234567890123456789012345678901234567890123456789012345678901234567890123456789012345678901234567890123456789012345678901234567890123456789012345678901234567890123456789012345678901234567890123456789012345678901234567890123456789012345678901234567890123456789012345678901234567890123456789012345678901234567890123456789012345678901234567890123456789012345678901234567890123456789012345678901234567890123456789012345678901234567890123456789012345678901234567890123456789012345678901234567890123456789012345678901234567890123456789012345678901234567890123456789012345678901234567890123456789012345678901234567890123456789012345678901234567890123456789012345678901234567890 -> one hundred and twenty-three sextillion nonagintillion nongentillion, four hundred and fifty-six quintillion nonagintillion nongentillion, seven hundred and eighty-nine quadrillion nonagintillion nongentillion, twelve trillion nonagintillion nongentillion, three hundred and forty-five billion nonagintillion nongentillion, six hundred and seventy-eight million nonagintillion nongentillion, nine hundred and one thousand nonagintillion nongentillion, two hundred and thirty-four nonagintillion nongentillion, five hundred and sixty-seven octillion octogintillion nongentillion, eight hundred and ninety septillion octogintillion nongentillion, one hundred and twenty-three sextillion octogintillion nongentillion, four hundred and fifty-six quintillion octogintillion nongentillion, seven hundred and eighty-nine quadrillion octogintillion nongentillion, twelve trillion octogintillion nongentillion, three hundred and forty-five billion octogintillion nongentillion, six hundred and seventy-eight million octogintillion nongentillion, nine hundred and one thousand octogintillion nongentillion, two hundred and thirty-four octogintillion nongentillion, five hundred and sixty-seven octillion septuagintillion nongentillion, eight hundred and ninety septillion septuagintillion nongentillion, one hundred and twenty-three sextillion septuagintillion nongentillion, four hundred and fifty-six quintillion septuagintillion nongentillion, seven hundred and eighty-nine quadrillion septuagintillion nongentillion, twelve trillion septuagintillion nongentillion, three hundred and forty-five billion septuagintillion nongentillion, six hundred and seventy-eight million septuagintillion nongentillion, nine hundred and one thousand septuagintillion nongentillion, two hundred and thirty-four septuagintillion nongentillion, five hundred and sixty-seven octillion sexagintillion nongentillion, eight hundred and ninety septillion sexagintillion nongentillion, one hundred and twenty-three sextillion sexagintillion nongentillion, four hundred and fifty-six quintillion sexagintillion nongentillion, seven hundred and eighty-nine quadrillion sexagintillion nongentillion, twelve trillion sexagintillion nongentillion, three hundred and forty-five billion sexagintillion nongentillion, six hundred and seventy-eight million sexagintillion nongentillion, nine hundred and one thousand sexagintillion nongentillion, two hundred and thirty-four sexagintillion nongentillion, five hundred and sixty-seven octillion quinquagintillion nongentillion, eight hundred and ninety septillion quinquagintillion nongentillion, one hundred and twenty-three sextillion quinquagintillion nongentillion, four hundred and fifty-six quintillion quinquagintillion nongentillion, seven hundred and eighty-nine quadrillion quinquagintillion nongentillion, twelve trillion quinquagintillion nongentillion, three hundred and forty-five billion quinquagintillion nongentillion, six hundred and seventy-eight million quinquagintillion nongentillion, nine hundred and one thousand quinquagintillion nongentillion, two hundred and thirty-four quinquagintillion nongentillion, five hundred and sixty-seven octillion quadragintillion nongentillion, eight hundred and ninety septillion quadragintillion nongentillion, one hundred and twenty-three sextillion quadragintillion nongentillion, four hundred and fifty-six quintillion quadragintillion nongentillion, seven hundred and eighty-nine quadrillion quadragintillion nongentillion, twelve trillion quadragintillion nongentillion, three hundred and forty-five billion quadragintillion nongentillion, six hundred and seventy-eight million quadragintillion nongentillion, nine hundred and one thousand quadragintillion nongentillion, two hundred and thirty-four quadragintillion nongentillion, five hundred and sixty-seven noventrigintillion nongentillion, eight hundred and ninety octotrigintillion nongentillion, one hundred and twenty-three septentrigintillion nongentillion, four hundred and fifty-six sestrigintillion nongentillion, seven hundred and eighty-nine quinquatrigintillion nongentillion, twelve quattuortrigintillion nongentillion, three hundred and forty-five trestrigintillion nongentillion, six hundred and seventy-eight duotrigintillion nongentillion, nine hundred and one untrigintillion nongentillion, two hundred and thirty-four trigintillion nongentillion, five hundred and sixty-seven novemvigintillion nongentillion, eight hundred and ninety octovigintillion nongentillion, one hundred and twenty-three septemvigintillion nongentillion, four hundred and fifty-six sesvigintillion nongentillion, seven hundred and eighty-nine quinquavigintillion nongentillion, twelve quattuorvigintillion nongentillion, three hundred and forty-five tresvigintillion nongentillion, six hundred and seventy-eight duovigintillion nongentillion, nine hundred and one unvigintillion nongentillion, two hundred and thirty-four vigintillion nongentillion, five hundred and sixty-seven novendecillion nongentillion, eight hundred and ninety octodecillion nongentillion, one hundred and twenty-three septendecillion nongentillion, four hundred and fifty-six sedecillion nongentillion, seven hundred and eighty-nine quindecillion nongentillion, twelve quattuordecillion nongentillion, three hundred and forty-five tredecillion nongentillion, six hundred and seventy-eight duodecillion nongentillion, nine hundred and one undecillion nongentillion, two hundred and thirty-four decillion nongentillion, five hundred and sixty-seven nonillion nongentillion, eight hundred and ninety octillion nongentillion, one hundred and twenty-three septillion nongentillion, four hundred and fifty-six sextillion nongentillion, seven hundred and eighty-nine quintillion nongentillion, twelve quadrillion nongentillion, three hundred and forty-five trillion nongentillion, six hundred and seventy-eight billion nongentillion, nine hundred and one million nongentillion, two hundred and thirty-four thousand nongentillion, five hundred and sixty-seven nongentillion, eight hundred and ninety septillion nonagintillion octingentillion, one hundred and twenty-three sextillion nonagintillion octingentillion, four hundred and fifty-six quintillion nonagintillion octingentillion, seven hundred and eighty-nine quadrillion nonagintillion octingentillion, twelve trillion nonagintillion octingentillion, three hundred and forty-five billion nonagintillion octingentillion, six hundred and seventy-eight million nonagintillion octingentillion, nine hundred and one thousand nonagintillion octingentillion, two hundred and thirty-four nonagintillion octingentillion, five hundred and sixty-seven octillion octogintillion octingentillion, eight hundred and ninety septillion octogintillion octingentillion, one hundred and twenty-three sextillion octogintillion octingentillion, four hundred and fifty-six quintillion octogintillion octingentillion, seven hundred and eighty-nine quadrillion octogintillion octingentillion, twelve trillion octogintillion octingentillion, three hundred and forty-five billion octogintillion octingentillion, six hundred and seventy-eight million octogintillion octingentillion, nine hundred and one thousand octogintillion octingentillion, two hundred and thirty-four octogintillion octingentillion, five hundred and sixty-seven octillion septuagintillion octingentillion, eight hundred and ninety septillion septuagintillion octingentillion, one hundred and twenty-three sextillion septuagintillion octingentillion, four hundred and fifty-six quintillion septuagintillion octingentillion, seven hundred and eighty-nine quadrillion septuagintillion octingentillion, twelve trillion septuagintillion octingentillion, three hundred and forty-five billion septuagintillion octingentillion, six hundred and seventy-eight million septuagintillion octingentillion, nine hundred and one thousand septuagintillion octingentillion, two hundred and thirty-four septuagintillion octingentillion, five hundred and sixty-seven octillion sexagintillion octingentillion, eight hundred and ninety septillion sexagintillion octingentillion, one hundred and twenty-three sextillion sexagintillion octingentillion, four hundred and fifty-six quintillion sexagintillion octingentillion, seven hundred and eighty-nine quadrillion sexagintillion octingentillion, twelve trillion sexagintillion octingentillion, three hundred and forty-five billion sexagintillion octingentillion, six hundred and seventy-eight million sexagintillion octingentillion, nine hundred and one thousand sexagintillion octingentillion, two hundred and thirty-four sexagintillion octingentillion, five hundred and sixty-seven octillion quinquagintillion octingentillion, eight hundred and ninety septillion quinquagintillion octingentillion, one hundred and twenty-three sextillion quinquagintillion octingentillion, four hundred and fifty-six quintillion quinquagintillion octingentillion, seven hundred and eighty-nine quadrillion quinquagintillion octingentillion, twelve trillion quinquagintillion octingentillion, three hundred and forty-five billion quinquagintillion octingentillion, six hundred and seventy-eight million quinquagintillion octingentillion, nine hundred and one thousand quinquagintillion octingentillion, two hundred and thirty-four quinquagintillion octingentillion, five hundred and sixty-seven octillion quadragintillion octingentillion, eight hundred and ninety septillion quadragintillion octingentillion, one hundred and twenty-three sextillion quadragintillion octingentillion, four hundred and fifty-six quintillion quadragintillion octingentillion, seven hundred and eighty-nine quadrillion quadragintillion octingentillion, twelve trillion quadragintillion octingentillion, three hundred and forty-five billion quadragintillion octingentillion, six hundred and seventy-eight million quadragintillion octingentillion, nine hundred and one thousand quadragintillion octingentillion, two hundred and thirty-four quadragintillion octingentillion, five hundred and sixty-seven noventrigintillion octingentillion, eight hundred and ninety octotrigintillion octingentillion, one hundred and twenty-three septentrigintillion octingentillion, four hundred and fifty-six sestrigintillion octingentillion, seven hundred and eighty-nine quinquatrigintillion octingentillion, twelve quattuortrigintillion octingentillion, three hundred and forty-five trestrigintillion octingentillion, six hundred and seventy-eight duotrigintillion octingentillion, nine hundred and one untrigintillion octingentillion, two hundred and thirty-four trigintillion octingentillion, five hundred and sixty-seven novemvigintillion octingentillion, eight hundred and ninety octovigintillion octingentillion, one hundred and twenty-three septemvigintillion octingentillion, four hundred and fifty-six sesvigintillion octingentillion, seven hundred and eighty-nine quinquavigintillion octingentillion, twelve quattuorvigintillion octingentillion, three hundred and forty-five tresvigintillion octingentillion, six hundred and seventy-eight duovigintillion octingentillion, nine hundred and one unvigintillion octingentillion, two hundred and thirty-four vigintillion octingentillion, five hundred and sixty-seven novendecillion octingentillion, eight hundred and ninety octodecillion octingentillion, one hundred and twenty-three septendecillion octingentillion, four hundred and fifty-six sedecillion octingentillion, seven hundred and eighty-nine quindecillion octingentillion, twelve quattuordecillion octingentillion, three hundred and forty-five tredecillion octingentillion, six hundred and seventy-eight duodecillion octingentillion, nine hundred and one undecillion octingentillion, two hundred and thirty-four decillion octingentillion, five hundred and sixty-seven nonillion octingentillion, eight hundred and ninety octillion octingentillion, one hundred and twenty-three septillion octingentillion, four hundred and fifty-six sextillion octingentillion, seven hundred and eighty-nine quintillion octingentillion, twelve quadrillion octingentillion, three hundred and forty-five trillion octingentillion, six hundred and seventy-eight billion octingentillion, nine hundred and one million octingentillion, two hundred and thirty-four thousand octingentillion, five hundred and sixty-seven octingentillion, eight hundred and ninety septillion nonagintillion septingentillion, one hundred and twenty-three sextillion nonagintillion septingentillion, four hundred and fifty-six quintillion nonagintillion septingentillion, seven hundred and eighty-nine quadrillion nonagintillion septingentillion, twelve trillion nonagintillion septingentillion, three hundred and forty-five billion nonagintillion septingentillion, six hundred and seventy-eight million nonagintillion septingentillion, nine hundred and one thousand nonagintillion septingentillion, two hundred and thirty-four nonagintillion septingentillion, five hundred and sixty-seven octillion octogintillion septingentillion, eight hundred and ninety septillion octogintillion septingentillion, one hundred and twenty-three sextillion octogintillion septingentillion, four hundred and fifty-six quintillion octogintillion septingentillion, seven hundred and eighty-nine quadrillion octogintillion septingentillion, twelve trillion octogintillion septingentillion, three hundred and forty-five billion octogintillion septingentillion, six hundred and seventy-eight million octogintillion septingentillion, nine hundred and one thousand octogintillion septingentillion, two hundred and thirty-four octogintillion septingentillion, five hundred and sixty-seven octillion septuagintillion septingentillion, eight hundred and ninety septillion septuagintillion septingentillion, one hundred and twenty-three sextillion septuagintillion septingentillion, four hundred and fifty-six quintillion septuagintillion septingentillion, seven hundred and eighty-nine quadrillion septuagintillion septingentillion, twelve trillion septuagintillion septingentillion, three hundred and forty-five billion septuagintillion septingentillion, six hundred and seventy-eight million septuagintillion septingentillion, nine hundred and one thousand septuagintillion septingentillion, two hundred and thirty-four septuagintillion septingentillion, five hundred and sixty-seven octillion sexagintillion septingentillion, eight hundred and ninety septillion sexagintillion septingentillion, one hundred and twenty-three sextillion sexagintillion septingentillion, four hundred and fifty-six quintillion sexagintillion septingentillion, seven hundred and eighty-nine quadrillion sexagintillion septingentillion, twelve trillion sexagintillion septingentillion, three hundred and forty-five billion sexagintillion septingentillion, six hundred and seventy-eight million sexagintillion septingentillion, nine hundred and one thousand sexagintillion septingentillion, two hundred and thirty-four sexagintillion septingentillion, five hundred and sixty-seven octillion quinquagintillion septingentillion, eight hundred and ninety septillion quinquagintillion septingentillion, one hundred and twenty-three sextillion quinquagintillion septingentillion, four hundred and fifty-six quintillion quinquagintillion septingentillion, seven hundred and eighty-nine quadrillion quinquagintillion septingentillion, twelve trillion quinquagintillion septingentillion, three hundred and forty-five billion quinquagintillion septingentillion, six hundred and seventy-eight million quinquagintillion septingentillion, nine hundred and one thousand quinquagintillion septingentillion, two hundred and thirty-four quinquagintillion septingentillion, five hundred and sixty-seven octillion quadragintillion septingentillion, eight hundred and ninety septillion quadragintillion septingentillion, one hundred and twenty-three sextillion quadragintillion septingentillion, four hundred and fifty-six quintillion quadragintillion septingentillion, seven hundred and eighty-nine quadrillion quadragintillion septingentillion, twelve trillion quadragintillion septingentillion, three hundred and forty-five billion quadragintillion septingentillion, six hundred and seventy-eight million quadragintillion septingentillion, nine hundred and one thousand quadragintillion septingentillion, two hundred and thirty-four quadragintillion septingentillion, five hundred and sixty-seven noventrigintillion septingentillion, eight hundred and ninety octotrigintillion septingentillion, one hundred and twenty-three septentrigintillion septingentillion, four hundred and fifty-six sestrigintillion septingentillion, seven hundred and eighty-nine quinquatrigintillion septingentillion, twelve quattuortrigintillion septingentillion, three hundred and forty-five trestrigintillion septingentillion, six hundred and seventy-eight duotrigintillion septingentillion, nine hundred and one untrigintillion septingentillion, two hundred and thirty-four trigintillion septingentillion, five hundred and sixty-seven novemvigintillion septingentillion, eight hundred and ninety octovigintillion septingentillion, one hundred and twenty-three septemvigintillion septingentillion, four hundred and fifty-six sesvigintillion septingentillion, seven hundred and eighty-nine quinquavigintillion septingentillion, twelve quattuorvigintillion septingentillion, three hundred and forty-five tresvigintillion septingentillion, six hundred and seventy-eight duovigintillion septingentillion, nine hundred and one unvigintillion septingentillion, two hundred and thirty-four vigintillion septingentillion, five hundred and sixty-seven novendecillion septingentillion, eight hundred and ninety octodecillion septingentillion, one hundred and twenty-three septendecillion septingentillion, four hundred and fifty-six sedecillion septingentillion, seven hundred and eighty-nine quindecillion septingentillion, twelve quattuordecillion septingentillion, three hundred and forty-five tredecillion septingentillion, six hundred and seventy-eight duodecillion septingentillion, nine hundred and one undecillion septingentillion, two hundred and thirty-four decillion septingentillion, five hundred and sixty-seven nonillion septingentillion, eight hundred and ninety octillion septingentillion, one hundred and twenty-three septillion septingentillion, four hundred and fifty-six sextillion septingentillion, seven hundred and eighty-nine quintillion septingentillion, twelve quadrillion septingentillion, three hundred and forty-five trillion septingentillion, six hundred and seventy-eight billion septingentillion, nine hundred and one million septingentillion, two hundred and thirty-four thousand septingentillion, five hundred and sixty-seven septingentillion, eight hundred and ninety septillion nonagintillion sescentillion, one hundred and twenty-three sextillion nonagintillion sescentillion, four hundred and fifty-six quintillion nonagintillion sescentillion, seven hundred and eighty-nine quadrillion nonagintillion sescentillion, twelve trillion nonagintillion sescentillion, three hundred and forty-five billion nonagintillion sescentillion, six hundred and seventy-eight million nonagintillion sescentillion, nine hundred and one thousand nonagintillion sescentillion, two hundred and thirty-four nonagintillion sescentillion, five hundred and sixty-seven octillion octogintillion sescentillion, eight hundred and ninety septillion octogintillion sescentillion, one hundred and twenty-three sextillion octogintillion sescentillion, four hundred and fifty-six quintillion octogintillion sescentillion, seven hundred and eighty-nine quadrillion octogintillion sescentillion, twelve trillion octogintillion sescentillion, three hundred and forty-five billion octogintillion sescentillion, six hundred and seventy-eight million octogintillion sescentillion, nine hundred and one thousand octogintillion sescentillion, two hundred and thirty-four octogintillion sescentillion, five hundred and sixty-seven octillion septuagintillion sescentillion, eight hundred and ninety septillion septuagintillion sescentillion, one hundred and twenty-three sextillion septuagintillion sescentillion, four hundred and fifty-six quintillion septuagintillion sescentillion, seven hundred and eighty-nine quadrillion septuagintillion sescentillion, twelve trillion septuagintillion sescentillion, three hundred and forty-five billion septuagintillion sescentillion, six hundred and seventy-eight million septuagintillion sescentillion, nine hundred and one thousand septuagintillion sescentillion, two hundred and thirty-four septuagintillion sescentillion, five hundred and sixty-seven octillion sexagintillion sescentillion, eight hundred and ninety septillion sexagintillion sescentillion, one hundred and twenty-three sextillion sexagintillion sescentillion, four hundred and fifty-six quintillion sexagintillion sescentillion, seven hundred and eighty-nine quadrillion sexagintillion sescentillion, twelve trillion sexagintillion sescentillion, three hundred and forty-five billion sexagintillion sescentillion, six hundred and seventy-eight million sexagintillion sescentillion, nine hundred and one thousand sexagintillion sescentillion, two hundred and thirty-four sexagintillion sescentillion, five hundred and sixty-seven octillion quinquagintillion sescentillion, eight hundred and ninety septillion quinquagintillion sescentillion, one hundred and twenty-three sextillion quinquagintillion sescentillion, four hundred and fifty-six quintillion quinquagintillion sescentillion, seven hundred and eighty-nine quadrillion quinquagintillion sescentillion, twelve trillion quinquagintillion sescentillion, three hundred and forty-five billion quinquagintillion sescentillion, six hundred and seventy-eight million quinquagintillion sescentillion, nine hundred and one thousand quinquagintillion sescentillion, two hundred and thirty-four quinquagintillion sescentillion, five hundred and sixty-seven octillion quadragintillion sescentillion, eight hundred and ninety septillion quadragintillion sescentillion, one hundred and twenty-three sextillion quadragintillion sescentillion, four hundred and fifty-six quintillion quadragintillion sescentillion, seven hundred and eighty-nine quadrillion quadragintillion sescentillion, twelve trillion quadragintillion sescentillion, three hundred and forty-five billion quadragintillion sescentillion, six hundred and seventy-eight million quadragintillion sescentillion, nine hundred and one thousand quadragintillion sescentillion, two hundred and thirty-four quadragintillion sescentillion, five hundred and sixty-seven noventrigintillion sescentillion, eight hundred and ninety octotrigintillion sescentillion, one hundred and twenty-three septentrigintillion sescentillion, four hundred and fifty-six sestrigintillion sescentillion, seven hundred and eighty-nine quinquatrigintillion sescentillion, twelve quattuortrigintillion sescentillion, three hundred and forty-five trestrigintillion sescentillion, six hundred and seventy-eight duotrigintillion sescentillion, nine hundred and one untrigintillion sescentillion, two hundred and thirty-four trigintillion sescentillion, five hundred and sixty-seven novemvigintillion sescentillion, eight hundred and ninety octovigintillion sescentillion, one hundred and twenty-three septemvigintillion sescentillion, four hundred and fifty-six sesvigintillion sescentillion, seven hundred and eighty-nine quinquavigintillion sescentillion, twelve quattuorvigintillion sescentillion, three hundred and forty-five tresvigintillion sescentillion, six hundred and seventy-eight duovigintillion sescentillion, nine hundred and one unvigintillion sescentillion, two hundred and thirty-four vigintillion sescentillion, five hundred and sixty-seven novendecillion sescentillion, eight hundred and ninety octodecillion sescentillion, one hundred and twenty-three septendecillion sescentillion, four hundred and fifty-six sedecillion sescentillion, seven hundred and eighty-nine quindecillion sescentillion, twelve quattuordecillion sescentillion, three hundred and forty-five tredecillion sescentillion, six hundred and seventy-eight duodecillion sescentillion, nine hundred and one undecillion sescentillion, two hundred and thirty-four decillion sescentillion, five hundred and sixty-seven nonillion sescentillion, eight hundred and ninety octillion sescentillion, one hundred and twenty-three septillion sescentillion, four hundred and fifty-six sextillion sescentillion, seven hundred and eighty-nine quintillion sescentillion, twelve quadrillion sescentillion, three hundred and forty-five trillion sescentillion, six hundred and seventy-eight billion sescentillion, nine hundred and one million sescentillion, two hundred and thirty-four thousand sescentillion, five hundred and sixty-seven sescentillion, eight hundred and ninety septillion nonagintillion quingentillion, one hundred and twenty-three sextillion nonagintillion quingentillion, four hundred and fifty-six quintillion nonagintillion quingentillion, seven hundred and eighty-nine quadrillion nonagintillion quingentillion, twelve trillion nonagintillion quingentillion, three hundred and forty-five billion nonagintillion quingentillion, six hundred and seventy-eight million nonagintillion quingentillion, nine hundred and one thousand nonagintillion quingentillion, two hundred and thirty-four nonagintillion quingentillion, five hundred and sixty-seven octillion octogintillion quingentillion, eight hundred and ninety septillion octogintillion quingentillion, one hundred and twenty-three sextillion octogintillion quingentillion, four hundred and fifty-six quintillion octogintillion quingentillion, seven hundred and eighty-nine quadrillion octogintillion quingentillion, twelve trillion octogintillion quingentillion, three hundred and forty-five billion octogintillion quingentillion, six hundred and seventy-eight million octogintillion quingentillion, nine hundred and one thousand octogintillion quingentillion, two hundred and thirty-four octogintillion quingentillion, five hundred and sixty-seven octillion septuagintillion quingentillion, eight hundred and ninety septillion septuagintillion quingentillion, one hundred and twenty-three sextillion septuagintillion quingentillion, four hundred and fifty-six quintillion septuagintillion quingentillion, seven hundred and eighty-nine quadrillion septuagintillion quingentillion, twelve trillion septuagintillion quingentillion, three hundred and forty-five billion septuagintillion quingentillion, six hundred and seventy-eight million septuagintillion quingentillion, nine hundred and one thousand septuagintillion quingentillion, two hundred and thirty-four septuagintillion quingentillion, five hundred and sixty-seven octillion sexagintillion quingentillion, eight hundred and ninety septillion sexagintillion quingentillion, one hundred and twenty-three sextillion sexagintillion quingentillion, four hundred and fifty-six quintillion sexagintillion quingentillion, seven hundred and eighty-nine quadrillion sexagintillion quingentillion, twelve trillion sexagintillion quingentillion, three hundred and forty-five billion sexagintillion quingentillion, six hundred and seventy-eight million sexagintillion quingentillion, nine hundred and one thousand sexagintillion quingentillion, two hundred and thirty-four sexagintillion quingentillion, five hundred and sixty-seven octillion quinquagintillion quingentillion, eight hundred and ninety septillion quinquagintillion quingentillion, one hundred and twenty-three sextillion quinquagintillion quingentillion, four hundred and fifty-six quintillion quinquagintillion quingentillion, seven hundred and eighty-nine quadrillion quinquagintillion quingentillion, twelve trillion quinquagintillion quingentillion, three hundred and forty-five billion quinquagintillion quingentillion, six hundred and seventy-eight million quinquagintillion quingentillion, nine hundred and one thousand quinquagintillion quingentillion, two hundred and thirty-four quinquagintillion quingentillion, five hundred and sixty-seven octillion quadragintillion quingentillion, eight hundred and ninety septillion quadragintillion quingentillion, one hundred and twenty-three sextillion quadragintillion quingentillion, four hundred and fifty-six quintillion quadragintillion quingentillion, seven hundred and eighty-nine quadrillion quadragintillion quingentillion, twelve trillion quadragintillion quingentillion, three hundred and forty-five billion quadragintillion quingentillion, six hundred and seventy-eight million quadragintillion quingentillion, nine hundred and one thousand quadragintillion quingentillion, two hundred and thirty-four quadragintillion quingentillion, five hundred and sixty-seven noventrigintillion quingentillion, eight hundred and ninety octotrigintillion quingentillion, one hundred and twenty-three septentrigintillion quingentillion, four hundred and fifty-six sestrigintillion quingentillion, seven hundred and eighty-nine quinquatrigintillion quingentillion, twelve quattuortrigintillion quingentillion, three hundred and forty-five trestrigintillion quingentillion, six hundred and seventy-eight duotrigintillion quingentillion, nine hundred and one untrigintillion quingentillion, two hundred and thirty-four trigintillion quingentillion, five hundred and sixty-seven novemvigintillion quingentillion, eight hundred and ninety octovigintillion quingentillion, one hundred and twenty-three septemvigintillion quingentillion, four hundred and fifty-six sesvigintillion quingentillion, seven hundred and eighty-nine quinquavigintillion quingentillion, twelve quattuorvigintillion quingentillion, three hundred and forty-five tresvigintillion quingentillion, six hundred and seventy-eight duovigintillion quingentillion, nine hundred and one unvigintillion quingentillion, two hundred and thirty-four vigintillion quingentillion, five hundred and sixty-seven novendecillion quingentillion, eight hundred and ninety octodecillion quingentillion, one hundred and twenty-three septendecillion quingentillion, four hundred and fifty-six sedecillion quingentillion, seven hundred and eighty-nine quindecillion quingentillion, twelve quattuordecillion quingentillion, three hundred and forty-five tredecillion quingentillion, six hundred and seventy-eight duodecillion quingentillion, nine hundred and one undecillion quingentillion, two hundred and thirty-four decillion quingentillion, five hundred and sixty-seven nonillion quingentillion, eight hundred and ninety octillion quingentillion, one hundred and twenty-three septillion quingentillion, four hundred and fifty-six sextillion quingentillion, seven hundred and eighty-nine quintillion quingentillion, twelve quadrillion quingentillion, three hundred and forty-five trillion quingentillion, six hundred and seventy-eight billion quingentillion, nine hundred and one million quingentillion, two hundred and thirty-four thousand quingentillion, five hundred and sixty-seven quingentillion, eight hundred and ninety septillion nonagintillion quadringentillion, one hundred and twenty-three sextillion nonagintillion quadringentillion, four hundred and fifty-six quintillion nonagintillion quadringentillion, seven hundred and eighty-nine quadrillion nonagintillion quadringentillion, twelve trillion nonagintillion quadringentillion, three hundred and forty-five billion nonagintillion quadringentillion, six hundred and seventy-eight million nonagintillion quadringentillion, nine hundred and one thousand nonagintillion quadringentillion, two hundred and thirty-four nonagintillion quadringentillion, five hundred and sixty-seven octillion octogintillion quadringentillion, eight hundred and ninety septillion octogintillion quadringentillion, one hundred and twenty-three sextillion octogintillion quadringentillion, four hundred and fifty-six quintillion octogintillion quadringentillion, seven hundred and eighty-nine quadrillion octogintillion quadringentillion, twelve trillion octogintillion quadringentillion, three hundred and forty-five billion octogintillion quadringentillion, six hundred and seventy-eight million octogintillion quadringentillion, nine hundred and one thousand octogintillion quadringentillion, two hundred and thirty-four octogintillion quadringentillion, five hundred and sixty-seven octillion septuagintillion quadringentillion, eight hundred and ninety septillion septuagintillion quadringentillion, one hundred and twenty-three sextillion septuagintillion quadringentillion, four hundred and fifty-six quintillion septuagintillion quadringentillion, seven hundred and eighty-nine quadrillion septuagintillion quadringentillion, twelve trillion septuagintillion quadringentillion, three hundred and forty-five billion septuagintillion quadringentillion, six hundred and seventy-eight million septuagintillion quadringentillion, nine hundred and one thousand septuagintillion quadringentillion, two hundred and thirty-four septuagintillion quadringentillion, five hundred and sixty-seven octillion sexagintillion quadringentillion, eight hundred and ninety septillion sexagintillion quadringentillion, one hundred and twenty-three sextillion sexagintillion quadringentillion, four hundred and fifty-six quintillion sexagintillion quadringentillion, seven hundred and eighty-nine quadrillion sexagintillion quadringentillion, twelve trillion sexagintillion quadringentillion, three hundred and forty-five billion sexagintillion quadringentillion, six hundred and seventy-eight million sexagintillion quadringentillion, nine hundred and one thousand sexagintillion quadringentillion, two hundred and thirty-four sexagintillion quadringentillion, five hundred and sixty-seven octillion quinquagintillion quadringentillion, eight hundred and ninety septillion quinquagintillion quadringentillion, one hundred and twenty-three sextillion quinquagintillion quadringentillion, four hundred and fifty-six quintillion quinquagintillion quadringentillion, seven hundred and eighty-nine quadrillion quinquagintillion quadringentillion, twelve trillion quinquagintillion quadringentillion, three hundred and forty-five billion quinquagintillion quadringentillion, six hundred and seventy-eight million quinquagintillion quadringentillion, nine hundred and one thousand quinquagintillion quadringentillion, two hundred and thirty-four quinquagintillion quadringentillion, five hundred and sixty-seven octillion quadragintillion quadringentillion, eight hundred and ninety septillion quadragintillion quadringentillion, one hundred and twenty-three sextillion quadragintillion quadringentillion, four hundred and fifty-six quintillion quadragintillion quadringentillion, seven hundred and eighty-nine quadrillion quadragintillion quadringentillion, twelve trillion quadragintillion quadringentillion, three hundred and forty-five billion quadragintillion quadringentillion, six hundred and seventy-eight million quadragintillion quadringentillion, nine hundred and one thousand quadragintillion quadringentillion, two hundred and thirty-four quadragintillion quadringentillion, five hundred and sixty-seven noventrigintillion quadringentillion, eight hundred and ninety octotrigintillion quadringentillion, one hundred and twenty-three septentrigintillion quadringentillion, four hundred and fifty-six sestrigintillion quadringentillion, seven hundred and eighty-nine quinquatrigintillion quadringentillion, twelve quattuortrigintillion quadringentillion, three hundred and forty-five trestrigintillion quadringentillion, six hundred and seventy-eight duotrigintillion quadringentillion, nine hundred and one untrigintillion quadringentillion, two hundred and thirty-four trigintillion quadringentillion, five hundred and sixty-seven novemvigintillion quadringentillion, eight hundred and ninety octovigintillion quadringentillion, one hundred and twenty-three septemvigintillion quadringentillion, four hundred and fifty-six sesvigintillion quadringentillion, seven hundred and eighty-nine quinquavigintillion quadringentillion, twelve quattuorvigintillion quadringentillion, three hundred and forty-five tresvigintillion quadringentillion, six hundred and seventy-eight duovigintillion quadringentillion, nine hundred and one unvigintillion quadringentillion, two hundred and thirty-four vigintillion quadringentillion, five hundred and sixty-seven novendecillion quadringentillion, eight hundred and ninety octodecillion quadringentillion, one hundred and twenty-three septendecillion quadringentillion, four hundred and fifty-six sedecillion quadringentillion, seven hundred and eighty-nine quindecillion quadringentillion, twelve quattuordecillion quadringentillion, three hundred and forty-five tredecillion quadringentillion, six hundred and seventy-eight duodecillion quadringentillion, nine hundred and one undecillion quadringentillion, two hundred and thirty-four decillion quadringentillion, five hundred and sixty-seven nonillion quadringentillion, eight hundred and ninety octillion quadringentillion, one hundred and twenty-three septillion quadringentillion, four hundred and fifty-six sextillion quadringentillion, seven hundred and eighty-nine quintillion quadringentillion, twelve quadrillion quadringentillion, three hundred and forty-five trillion quadringentillion, six hundred and seventy-eight billion quadringentillion, nine hundred and one million quadringentillion, two hundred and thirty-four thousand quadringentillion, five hundred and sixty-seven quadringentillion, eight hundred and ninety septillion nonagintillion trecentillion, one hundred and twenty-three sextillion nonagintillion trecentillion, four hundred and fifty-six quintillion nonagintillion trecentillion, seven hundred and eighty-nine quadrillion nonagintillion trecentillion, twelve trillion nonagintillion trecentillion, three hundred and forty-five billion nonagintillion trecentillion, six hundred and seventy-eight million nonagintillion trecentillion, nine hundred and one thousand nonagintillion trecentillion, two hundred and thirty-four nonagintillion trecentillion, five hundred and sixty-seven octillion octogintillion trecentillion, eight hundred and ninety septillion octogintillion trecentillion, one hundred and twenty-three sextillion octogintillion trecentillion, four hundred and fifty-six quintillion octogintillion trecentillion, seven hundred and eighty-nine quadrillion octogintillion trecentillion, twelve trillion octogintillion trecentillion, three hundred and forty-five billion octogintillion trecentillion, six hundred and seventy-eight million octogintillion trecentillion, nine hundred and one thousand octogintillion trecentillion, two hundred and thirty-four octogintillion trecentillion, five hundred and sixty-seven octillion septuagintillion trecentillion, eight hundred and ninety septillion septuagintillion trecentillion, one hundred and twenty-three sextillion septuagintillion trecentillion, four hundred and fifty-six quintillion septuagintillion trecentillion, seven hundred and eighty-nine quadrillion septuagintillion trecentillion, twelve trillion septuagintillion trecentillion, three hundred and forty-five billion septuagintillion trecentillion, six hundred and seventy-eight million septuagintillion trecentillion, nine hundred and one thousand septuagintillion trecentillion, two hundred and thirty-four septuagintillion trecentillion, five hundred and sixty-seven octillion sexagintillion trecentillion, eight hundred and ninety septillion sexagintillion trecentillion, one hundred and twenty-three sextillion sexagintillion trecentillion, four hundred and fifty-six quintillion sexagintillion trecentillion, seven hundred and eighty-nine quadrillion sexagintillion trecentillion, twelve trillion sexagintillion trecentillion, three hundred and forty-five billion sexagintillion trecentillion, six hundred and seventy-eight million sexagintillion trecentillion, nine hundred and one thousand sexagintillion trecentillion, two hundred and thirty-four sexagintillion trecentillion, five hundred and sixty-seven octillion quinquagintillion trecentillion, eight hundred and ninety septillion quinquagintillion trecentillion, one hundred and twenty-three sextillion quinquagintillion trecentillion, four hundred and fifty-six quintillion quinquagintillion trecentillion, seven hundred and eighty-nine quadrillion quinquagintillion trecentillion, twelve trillion quinquagintillion trecentillion, three hundred and forty-five billion quinquagintillion trecentillion, six hundred and seventy-eight million quinquagintillion trecentillion, nine hundred and one thousand quinquagintillion trecentillion, two hundred and thirty-four quinquagintillion trecentillion, five hundred and sixty-seven octillion quadragintillion trecentillion, eight hundred and ninety septillion quadragintillion trecentillion, one hundred and twenty-three sextillion quadragintillion trecentillion, four hundred and fifty-six quintillion quadragintillion trecentillion, seven hundred and eighty-nine quadrillion quadragintillion trecentillion, twelve trillion quadragintillion trecentillion, three hundred and forty-five billion quadragintillion trecentillion, six hundred and seventy-eight million quadragintillion trecentillion, nine hundred and one thousand quadragintillion trecentillion, two hundred and thirty-four quadragintillion trecentillion, five hundred and sixty-seven noventrigintillion trecentillion, eight hundred and ninety octotrigintillion trecentillion, one hundred and twenty-three septentrigintillion trecentillion, four hundred and fifty-six sestrigintillion trecentillion, seven hundred and eighty-nine quinquatrigintillion trecentillion, twelve quattuortrigintillion trecentillion, three hundred and forty-five trestrigintillion trecentillion, six hundred and seventy-eight duotrigintillion trecentillion, nine hundred and one untrigintillion trecentillion, two hundred and thirty-four trigintillion trecentillion, five hundred and sixty-seven novemvigintillion trecentillion, eight hundred and ninety octovigintillion trecentillion, one hundred and twenty-three septemvigintillion trecentillion, four hundred and fifty-six sesvigintillion trecentillion, seven hundred and eighty-nine quinquavigintillion trecentillion, twelve quattuorvigintillion trecentillion, three hundred and forty-five tresvigintillion trecentillion, six hundred and seventy-eight duovigintillion trecentillion, nine hundred and one unvigintillion trecentillion, two hundred and thirty-four vigintillion trecentillion, five hundred and sixty-seven novendecillion trecentillion, eight hundred and ninety octodecillion trecentillion, one hundred and twenty-three septendecillion trecentillion, four hundred and fifty-six sedecillion trecentillion, seven hundred and eighty-nine quindecillion trecentillion, twelve quattuordecillion trecentillion, three hundred and forty-five tredecillion trecentillion, six hundred and seventy-eight duodecillion trecentillion, nine hundred and one undecillion trecentillion, two hundred and thirty-four decillion trecentillion, five hundred and sixty-seven nonillion trecentillion, eight hundred and ninety octillion trecentillion, one hundred and twenty-three septillion trecentillion, four hundred and fifty-six sextillion trecentillion, seven hundred and eighty-nine quintillion trecentillion, twelve quadrillion trecentillion, three hundred and forty-five trillion trecentillion, six hundred and seventy-eight billion trecentillion, nine hundred and one million trecentillion, two hundred and thirty-four thousand trecentillion, five hundred and sixty-seven trecentillion, eight hundred and ninety septillion nonagintillion ducentillion, one hundred and twenty-three sextillion nonagintillion ducentillion, four hundred and fifty-six quintillion nonagintillion ducentillion, seven hundred and eighty-nine quadrillion nonagintillion ducentillion, twelve trillion nonagintillion ducentillion, three hundred and forty-five billion nonagintillion ducentillion, six hundred and seventy-eight million nonagintillion ducentillion, nine hundred and one thousand nonagintillion ducentillion, two hundred and thirty-four nonagintillion ducentillion, five hundred and sixty-seven octillion octogintillion ducentillion, eight hundred and ninety septillion octogintillion ducentillion, one hundred and twenty-three sextillion octogintillion ducentillion, four hundred and fifty-six quintillion octogintillion ducentillion, seven hundred and eighty-nine quadrillion octogintillion ducentillion, twelve trillion octogintillion ducentillion, three hundred and forty-five billion octogintillion ducentillion, six hundred and seventy-eight million octogintillion ducentillion, nine hundred and one thousand octogintillion ducentillion, two hundred and thirty-four octogintillion ducentillion, five hundred and sixty-seven octillion septuagintillion ducentillion, eight hundred and ninety septillion septuagintillion ducentillion, one hundred and twenty-three sextillion septuagintillion ducentillion, four hundred and fifty-six quintillion septuagintillion ducentillion, seven hundred and eighty-nine quadrillion septuagintillion ducentillion, twelve trillion septuagintillion ducentillion, three hundred and forty-five billion septuagintillion ducentillion, six hundred and seventy-eight million septuagintillion ducentillion, nine hundred and one thousand septuagintillion ducentillion, two hundred and thirty-four septuagintillion ducentillion, five hundred and sixty-seven octillion sexagintillion ducentillion, eight hundred and ninety septillion sexagintillion ducentillion, one hundred and twenty-three sextillion sexagintillion ducentillion, four hundred and fifty-six quintillion sexagintillion ducentillion, seven hundred and eighty-nine quadrillion sexagintillion ducentillion, twelve trillion sexagintillion ducentillion, three hundred and forty-five billion sexagintillion ducentillion, six hundred and seventy-eight million sexagintillion ducentillion, nine hundred and one thousand sexagintillion ducentillion, two hundred and thirty-four sexagintillion ducentillion, five hundred and sixty-seven octillion quinquagintillion ducentillion, eight hundred and ninety septillion quinquagintillion ducentillion, one hundred and twenty-three sextillion quinquagintillion ducentillion, four hundred and fifty-six quintillion quinquagintillion ducentillion, seven hundred and eighty-nine quadrillion quinquagintillion ducentillion, twelve trillion quinquagintillion ducentillion, three hundred and forty-five billion quinquagintillion ducentillion, six hundred and seventy-eight million quinquagintillion ducentillion, nine hundred and one thousand quinquagintillion ducentillion, two hundred and thirty-four quinquagintillion ducentillion, five hundred and sixty-seven octillion quadragintillion ducentillion, eight hundred and ninety septillion quadragintillion ducentillion, one hundred and twenty-three sextillion quadragintillion ducentillion, four hundred and fifty-six quintillion quadragintillion ducentillion, seven hundred and eighty-nine quadrillion quadragintillion ducentillion, twelve trillion quadragintillion ducentillion, three hundred and forty-five billion quadragintillion ducentillion, six hundred and seventy-eight million quadragintillion ducentillion, nine hundred and one thousand quadragintillion ducentillion, two hundred and thirty-four quadragintillion ducentillion, five hundred and sixty-seven noventrigintillion ducentillion, eight hundred and ninety octotrigintillion ducentillion, one hundred and twenty-three septentrigintillion ducentillion, four hundred and fifty-six sestrigintillion ducentillion, seven hundred and eighty-nine quinquatrigintillion ducentillion, twelve quattuortrigintillion ducentillion, three hundred and forty-five trestrigintillion ducentillion, six hundred and seventy-eight duotrigintillion ducentillion, nine hundred and one untrigintillion ducentillion, two hundred and thirty-four trigintillion ducentillion, five hundred and sixty-seven novemvigintillion ducentillion, eight hundred and ninety octovigintillion ducentillion, one hundred and twenty-three septemvigintillion ducentillion, four hundred and fifty-six sesvigintillion ducentillion, seven hundred and eighty-nine quinquavigintillion ducentillion, twelve quattuorvigintillion ducentillion, three hundred and forty-five tresvigintillion ducentillion, six hundred and seventy-eight duovigintillion ducentillion, nine hundred and one unvigintillion ducentillion, two hundred and thirty-four vigintillion ducentillion, five hundred and sixty-seven novendecillion ducentillion, eight hundred and ninety octodecillion ducentillion, one hundred and twenty-three septendecillion ducentillion, four hundred and fifty-six sedecillion ducentillion, seven hundred and eighty-nine quindecillion ducentillion, twelve quattuordecillion ducentillion, three hundred and forty-five tredecillion ducentillion, six hundred and seventy-eight duodecillion ducentillion, nine hundred and one undecillion ducentillion, two hundred and thirty-four decillion ducentillion, five hundred and sixty-seven nonillion ducentillion, eight hundred and ninety octillion ducentillion, one hundred and twenty-three septillion ducentillion, four hundred and fifty-six sextillion ducentillion, seven hundred and eighty-nine quintillion ducentillion, twelve quadrillion ducentillion, three hundred and forty-five trillion ducentillion, six hundred and seventy-eight billion ducentillion, nine hundred and one million ducentillion, two hundred and thirty-four thousand ducentillion, five hundred and sixty-seven ducentillion, eight hundred and ninety octillion nonagintacentillion, one hundred and twenty-three septillion nonagintacentillion, four hundred and fifty-six sextillion nonagintacentillion, seven hundred and eighty-nine quintillion nonagintacentillion, twelve quadrillion nonagintacentillion, three hundred and forty-five trillion nonagintacentillion, six hundred and seventy-eight billion nonagintacentillion, nine hundred and one million nonagintacentillion, two hundred and thirty-four thousand nonagintacentillion, five hundred and sixty-seven nonagintacentillion, eight hundred and ninety octillion octogintacentillion, one hundred and twenty-three septillion octogintacentillion, four hundred and fifty-six sextillion octogintacentillion, seven hundred and eighty-nine quintillion octogintacentillion, twelve quadrillion octogintacentillion, three hundred and forty-five trillion octogintacentillion, six hundred and seventy-eight billion octogintacentillion, nine hundred and one million octogintacentillion, two hundred and thirty-four thousand octogintacentillion, five hundred and sixty-seven octogintacentillion, eight hundred and ninety octillion septuagintacentillion, one hundred and twenty-three septillion septuagintacentillion, four hundred and fifty-six sextillion septuagintacentillion, seven hundred and eighty-nine quintillion septuagintacentillion, twelve quadrillion septuagintacentillion, three hundred and forty-five trillion septuagintacentillion, six hundred and seventy-eight billion septuagintacentillion, nine hundred and one million septuagintacentillion, two hundred and thirty-four thousand septuagintacentillion, five hundred and sixty-seven septuagintacentillion, eight hundred and ninety octillion sexagintacentillion, one hundred and twenty-three septillion sexagintacentillion, four hundred and fifty-six sextillion sexagintacentillion, seven hundred and eighty-nine quintillion sexagintacentillion, twelve quadrillion sexagintacentillion, three hundred and forty-five trillion sexagintacentillion, six hundred and seventy-eight billion sexagintacentillion, nine hundred and one million sexagintacentillion, two hundred and thirty-four thousand sexagintacentillion, five hundred and sixty-seven sexagintacentillion, eight hundred and ninety octillion quinquagintacentillion, one hundred and twenty-three septillion quinquagintacentillion, four hundred and fifty-six sextillion quinquagintacentillion, seven hundred and eighty-nine quintillion quinquagintacentillion, twelve quadrillion quinquagintacentillion, three hundred and forty-five trillion quinquagintacentillion, six hundred and seventy-eight billion quinquagintacentillion, nine hundred and one million quinquagintacentillion, two hundred and thirty-four thousand quinquagintacentillion, five hundred and sixty-seven quinquagintacentillion, eight hundred and ninety octillion quadragintacentillion, one hundred and twenty-three septillion quadragintacentillion, four hundred and fifty-six sextillion quadragintacentillion, seven hundred and eighty-nine quintillion quadragintacentillion, twelve quadrillion quadragintacentillion, three hundred and forty-five trillion quadragintacentillion, six hundred and seventy-eight billion quadragintacentillion, nine hundred and one million quadragintacentillion, two hundred and thirty-four thousand quadragintacentillion, five hundred and sixty-seven quadragintacentillion, eight hundred and ninety octillion trigintacentillion, one hundred and twenty-three septillion trigintacentillion, four hundred and fifty-six sextillion trigintacentillion, seven hundred and eighty-nine quintillion trigintacentillion, twelve quadrillion trigintacentillion, three hundred and forty-five trillion trigintacentillion, six hundred and seventy-eight billion trigintacentillion, nine hundred and one million trigintacentillion, two hundred and thirty-four thousand trigintacentillion, five hundred and sixty-seven trigintacentillion, eight hundred and ninety septillion unviginticentillion, one hundred and twenty-three sextillion unviginticentillion, four hundred and fifty-six quintillion unviginticentillion, seven hundred and eighty-nine quadrillion unviginticentillion, twelve trillion unviginticentillion, three hundred and forty-five billion unviginticentillion, six hundred and seventy-eight million unviginticentillion, nine hundred and one thousand unviginticentillion, two hundred and thirty-four unviginticentillion, five hundred and sixty-seven viginticentillion, eight hundred and ninety septillion undecicentillion, one hundred and twenty-three sextillion undecicentillion, four hundred and fifty-six quintillion undecicentillion, seven hundred and eighty-nine quadrillion undecicentillion, twelve trillion undecicentillion, three hundred and forty-five billion undecicentillion, six hundred and seventy-eight million undecicentillion, nine hundred and one thousand undecicentillion, two hundred and thirty-four undecicentillion, five hundred and sixty-seven decicentillion, eight hundred and ninety quintillion trescentillion, one hundred and twenty-three quadrillion trescentillion, four hundred and fifty-six trillion trescentillion, seven hundred and eighty-nine billion trescentillion, twelve million trescentillion, three hundred and forty-five thousand trescentillion, six hundred and seventy-eight trescentillion, nine hundred and one duocentillion, two hundred and thirty-four uncentillion, five hundred and sixty-seven centillion, eight hundred and ninety octillion nonagintillion, one hundred and twenty-three septillion nonagintillion, four hundred and fifty-six sextillion nonagintillion, seven hundred and eighty-nine quintillion nonagintillion, twelve quadrillion nonagintillion, three hundred and forty-five trillion nonagintillion, six hundred and seventy-eight billion nonagintillion, nine hundred and one million nonagintillion, two hundred and thirty-four thousand nonagintillion, five hundred and sixty-seven nonagintillion, eight hundred and ninety octillion octogintillion, one hundred and twenty-three septillion octogintillion, four hundred and fifty-six sextillion octogintillion, seven hundred and eighty-nine quintillion octogintillion, twelve quadrillion octogintillion, three hundred and forty-five trillion octogintillion, six hundred and seventy-eight billion octogintillion, nine hundred and one million octogintillion, two hundred and thirty-four thousand octogintillion, five hundred and sixty-seven octogintillion, eight hundred and ninety octillion septuagintillion, one hundred and twenty-three septillion septuagintillion, four hundred and fifty-six sextillion septuagintillion, seven hundred and eighty-nine quintillion septuagintillion, twelve quadrillion septuagintillion, three hundred and forty-five trillion septuagintillion, six hundred and seventy-eight billion septuagintillion, nine hundred and one million septuagintillion, two hundred and thirty-four thousand septuagintillion, five hundred and sixty-seven septuagintillion, eight hundred and ninety octillion sexagintillion, one hundred and twenty-three septillion sexagintillion, four hundred and fifty-six sextillion sexagintillion, seven hundred and eighty-nine quintillion sexagintillion, twelve quadrillion sexagintillion, three hundred and forty-five trillion sexagintillion, six hundred and seventy-eight billion sexagintillion, nine hundred and one million sexagintillion, two hundred and thirty-four thousand sexagintillion, five hundred and sixty-seven sexagintillion, eight hundred and ninety octillion quinquagintillion, one hundred and twenty-three septillion quinquagintillion, four hundred and fifty-six sextillion quinquagintillion, seven hundred and eighty-nine quintillion quinquagintillion, twelve quadrillion quinquagintillion, three hundred and forty-five trillion quinquagintillion, six hundred and seventy-eight billion quinquagintillion, nine hundred and one million quinquagintillion, two hundred and thirty-four thousand quinquagintillion, five hundred and sixty-seven quinquagintillion, eight hundred and ninety octillion quadragintillion, one hundred and twenty-three septillion quadragintillion, four hundred and fifty-six sextillion quadragintillion, seven hundred and eighty-nine quintillion quadragintillion, twelve quadrillion quadragintillion, three hundred and forty-five trillion quadragintillion, six hundred and seventy-eight billion quadragintillion, nine hundred and one million quadragintillion, two hundred and thirty-four thousand quadragintillion, five hundred and sixty-seven quadragintillion, eight hundred and ninety noventrigintillion, one hundred and twenty-three octotrigintillion, four hundred and fifty-six septentrigintillion, seven hundred and eighty-nine sestrigintillion, twelve quinquatrigintillion, three hundred and forty-five quattuortrigintillion, six hundred and seventy-eight trestrigintillion, nine hundred and one duotrigintillion, two hundred and thirty-four untrigintillion, five hundred and sixty-seven trigintillion, eight hundred and ninety novemvigintillion, one hundred and twenty-three octovigintillion, four hundred and fifty-six septemvigintillion, seven hundred and eighty-nine sesvigintillion, twelve quinquavigintillion, three hundred and forty-five quattuorvigintillion, six hundred and seventy-eight tresvigintillion, nine hundred and one duovigintillion, two hundred and thirty-four unvigintillion, five hundred and sixty-seven vigintillion, eight hundred and ninety novendecillion, one hundred and twenty-three octodecillion, four hundred and fifty-six septendecillion, seven hundred and eighty-nine sedecillion, twelve quindecillion, three hundred and forty-five quattuordecillion, six hundred and seventy-eight tredecillion, nine hundred and one duodecillion, two hundred and thirty-four undecillion, five hundred and sixty-seven decillion, eight hundred and ninety nonillion, one hundred and twenty-three octillion, four hundred and fifty-six septillion, seven hundred and eighty-nine sextillion, twelve quintillion, three hundred and forty-five quadrillion, six hundred and seventy-eight trillion, nine hundred and one billion, two hundred and thirty-four million, five hundred and sixty-seven thousand, eight hundred and ninety...
ok 953	# ...group=>1
ok 954	# ...group=>2
ok 955	# ...group=>2
ok 956	# ...ordinal
ok 957	# ...ordinal inverted
ok 958	# ...missing arg
ok 959	# ...has correct error
ok 960	# ...words_below=>100
ok
t/wordlist.t ............. 
ok 1 - plain 4 words
ok 2 - 4 words, no final sep
ok 3 - 4 words, different final sep
ok 4 - 4 words, different final sep, no conjunction
ok 5 - 4 words, different conjunction
ok 6 - 4 words, different conjunction
ok 7 - plain 3 words
ok 8 - 3 words, no final sep
ok 9 - 3 words, different final sep
ok 10 - 3 words, different final sep, no conjunction
ok 11 - 3 words, different conjunction
ok 12 - 3 words, different conjunction
ok 13 - comma-inclusive 3 words
ok 14 - comma-inclusive 3 words, no final sep
ok 15 - comma-inclusive 3 words, different final sep
ok 16 - comma-inclusive 3 words, different final sep, no conjunction
ok 17 - comma-inclusive 3 words, different conjunction
ok 18 - comma-inclusive 3 words, different conjunction
ok 19 - plain 2 words
ok 20 - 2 words, no final sep
ok 21 - 2 words, different final sep
ok 22 - 2 words, different final sep, no conjunction
ok 23 - 2 words, different conjunction
ok 24 - 2 words, different conjunction
ok 25 - plain 1 word
ok 26 - 1 word, no final sep
ok 27 - 1 word, different final sep
ok 28 - 1 word, different final sep, no conjunction
ok 29 - 1 word, different conjunction
1..29
ok
All tests successful.
Files=15, Tests=2147, 38 wallclock secs ( 2.48 usr  0.52 sys + 32.42 cusr  4.30 csys = 39.72 CPU)
Result: PASS
