t/00-use.t ............. 
1..1
# Running under perl version 5.030000 for linux
# Current time local: Sun Feb 19 10:50:13 2023
# Current time GMT:   Sun Feb 19 10:50:13 2023
# Using Test.pm version 1.31
ok 1
ok
t/10-selftest.t ........ 
1..36
# Running under perl version 5.030000 for linux
# Current time local: Sun Feb 19 10:50:14 2023
# Current time GMT:   Sun Feb 19 10:50:14 2023
# Using Test.pm version 1.31
ok 1
ok 2
ok 3
ok 4
ok 5
ok 6
ok 7
ok 8
ok 9
ok 10
ok 11
ok 12
ok 13
ok 14
ok 15
ok 16
ok 17
ok 18
ok 19
ok 20
ok 21
ok 22
ok 23
ok 24
ok 25
ok 26
ok 27
ok 28
ok 29
ok 30
ok 31
ok 32
ok 33
ok 34
ok 35
ok 36
ok
t/90-openssl-compat.t .. 
1..84
# Running under perl version 5.030000 for linux
# Current time local: Sun Feb 19 10:50:14 2023
# Current time GMT:   Sun Feb 19 10:50:14 2023
# Using Test.pm version 1.31
ok 1
ok 2
ok 3
ok 4
Verified OK
ok 5
ok 6
Verified OK
ok 7
ok 8
Verified OK
ok 9
ok 10
Verified OK
ok 11
ok 12
Verified OK
ok 13
ok 14
Verified OK
ok 15
ok 16
Verified OK
ok 17
ok 18
Verified OK
ok 19
ok 20
Verified OK
ok 21
ok 22
Verified OK
ok 23
ok 24
Verified OK
ok 25
ok 26
Verified OK
ok 27
ok 28
Verified OK
ok 29
ok 30
Verified OK
ok 31
ok 32
Verified OK
ok 33
ok 34
Verified OK
ok 35
ok 36
Verified OK
ok 37
ok 38
Verified OK
ok 39
ok 40
Verified OK
ok 41
ok 42
Verified OK
ok 43
ok 44
Verified OK
ok 45
ok 46
Verified OK
ok 47
ok 48
Verified OK
ok 49
ok 50
Verified OK
ok 51
ok 52
Verified OK
ok 53
ok 54
Verified OK
ok 55
ok 56
Verified OK
ok 57
ok 58
Verified OK
ok 59
ok 60
Verified OK
ok 61
ok 62
Verified OK
ok 63
ok 64
Verified OK
ok 65
ok 66
Verified OK
ok 67
ok 68
Verified OK
ok 69
ok 70
Verified OK
ok 71
ok 72
Verified OK
ok 73
ok 74
Verified OK
ok 75
ok 76
Verified OK
ok 77
ok 78
Verified OK
ok 79
ok 80
Verified OK
ok 81
ok 82
Verified OK
ok 83
ok 84
ok
All tests successful.
Files=3, Tests=121,  7 wallclock secs ( 0.45 usr  0.11 sys +  3.95 cusr  2.51 csys =  7.02 CPU)
Result: PASS
