t/Const.t ............. 
1..3
ok 1 - use Image::PNG::Const;
ok 2 - Got a test constant
ok 3 - Test an or'd constant
ok
t/Libpng.t ............ 
ok 1 - call "create_read_struct" and get something
ok 2 - width
ok 3 - height
ok 4 - no error from destroy_read_struct
ok 5 - Numerical version number OK
ok 6 - Error reading bad PNG causes croak (not core dump)
ok 7 - Found string 'libpng error' in error message.
ok 8 - Produces error for empty @rows
ok 9 - Produces error on write if no output file has been set
1..9
ok
t/PLTE.t .............. 
1..3
ok 1
ok 2
ok 3
ok
t/bKGD.t .............. 
ok 1 - get background got OK
ok 2 - index background
ok 3 - green background
ok 4 - red background
ok 5 - blue background
ok 6 - gray background
ok 7 - Valid IDAT
ok 8 - Valid bKGD
ok 9 - Valid gAMA
ok 10 - Key green OK in written then read file
ok 11 - Key blue OK in written then read file
ok 12 - Key red OK in written then read file
1..12
ok
t/bogus.t ............. skipped: libpng version is 1.6.37
t/cHRM.t .............. 
ok 1 - has cHRM chunk
ok 2 - Green X value OK
1..2
ok
t/chrm-xyz.t .......... 
ok 1 - got a cHRM chunk
ok 2 - round trip of red_y (0.33335, 0.333333333333333) of cHRM_XYZ
ok 3 - round trip of red_z (0.47944, 0.479404662360565) of cHRM_XYZ
ok 4 - round trip of blue_z (0.97296, 0.973139769254836) of cHRM_XYZ
ok 5 - round trip of blue_y (0.33326, 0.333333333333333) of cHRM_XYZ
ok 6 - round trip of green_x (0.57231, 0.57222996059598) of cHRM_XYZ
ok 7 - round trip of red_x (0.80984, 0.809770379521982) of cHRM_XYZ
ok 8 - round trip of blue_x (0.78333, 0.783478577193943) of cHRM_XYZ
ok 9 - round trip of green_y (0.33338, 0.333333333333333) of cHRM_XYZ
ok 10 - round trip of green_z (0.85646, 0.85632538956996) of cHRM_XYZ
1..10
ok
t/chunk-cache-max.t ... 
ok 1 - Round trip of chunk_cache_max
1..1
ok
t/chunk-malloc-max.t .. 
ok 1 - chunk_malloc_max round trip
1..1
ok
t/comp-buff.t ......... 
ok 1 - Got buffer size back
ok 2 - Was able to read and write after setting compression buffer size
ok 3 - Got warning 'libpng warning: Compression buffer size cannot be reduced below 6
# ' with small buffer size
1..3
ok
t/compress-level.t .... 
ok 1 - Read test file '/tmp/autopkgtest.eqvihD/autopkgtest_tmp/smokejToXaM/t/libpng/z00n2c08.png'
ok 2 - source /tmp/autopkgtest.eqvihD/autopkgtest_tmp/smokejToXaM/t/libpng/z00n2c08.png (level: 0, 3172 bytes) equal to target (level: 0, 3172 bytes)
ok 3 - source /tmp/autopkgtest.eqvihD/autopkgtest_tmp/smokejToXaM/t/libpng/z00n2c08.png (level: 0, 3172 bytes) larger than target (level: 3, 232 bytes)
ok 4 - source /tmp/autopkgtest.eqvihD/autopkgtest_tmp/smokejToXaM/t/libpng/z00n2c08.png (level: 0, 3172 bytes) larger than target (level: 6, 224 bytes)
ok 5 - source /tmp/autopkgtest.eqvihD/autopkgtest_tmp/smokejToXaM/t/libpng/z00n2c08.png (level: 0, 3172 bytes) larger than target (level: 9, 224 bytes)
ok 6 - Read test file '/tmp/autopkgtest.eqvihD/autopkgtest_tmp/smokejToXaM/t/libpng/z03n2c08.png'
ok 7 - source /tmp/autopkgtest.eqvihD/autopkgtest_tmp/smokejToXaM/t/libpng/z03n2c08.png (level: 3, 232 bytes) smaller than target (level: 0, 3172 bytes)
ok 8 - source /tmp/autopkgtest.eqvihD/autopkgtest_tmp/smokejToXaM/t/libpng/z03n2c08.png (level: 3, 232 bytes) equal to target (level: 3, 232 bytes)
ok 9 - source /tmp/autopkgtest.eqvihD/autopkgtest_tmp/smokejToXaM/t/libpng/z03n2c08.png (level: 3, 232 bytes) larger than target (level: 6, 224 bytes)
ok 10 - source /tmp/autopkgtest.eqvihD/autopkgtest_tmp/smokejToXaM/t/libpng/z03n2c08.png (level: 3, 232 bytes) larger than target (level: 9, 224 bytes)
ok 11 - Read test file '/tmp/autopkgtest.eqvihD/autopkgtest_tmp/smokejToXaM/t/libpng/z06n2c08.png'
ok 12 - source /tmp/autopkgtest.eqvihD/autopkgtest_tmp/smokejToXaM/t/libpng/z06n2c08.png (level: 6, 224 bytes) smaller than target (level: 0, 3172 bytes)
ok 13 - source /tmp/autopkgtest.eqvihD/autopkgtest_tmp/smokejToXaM/t/libpng/z06n2c08.png (level: 6, 224 bytes) smaller than target (level: 3, 232 bytes)
ok 14 - source /tmp/autopkgtest.eqvihD/autopkgtest_tmp/smokejToXaM/t/libpng/z06n2c08.png (level: 6, 224 bytes) equal to target (level: 6, 224 bytes)
ok 15 - source /tmp/autopkgtest.eqvihD/autopkgtest_tmp/smokejToXaM/t/libpng/z06n2c08.png (level: 6, 224 bytes) larger than target (level: 9, 224 bytes)
ok 16 - Read test file '/tmp/autopkgtest.eqvihD/autopkgtest_tmp/smokejToXaM/t/libpng/z09n2c08.png'
ok 17 - source /tmp/autopkgtest.eqvihD/autopkgtest_tmp/smokejToXaM/t/libpng/z09n2c08.png (level: 9, 224 bytes) smaller than target (level: 0, 3172 bytes)
ok 18 - source /tmp/autopkgtest.eqvihD/autopkgtest_tmp/smokejToXaM/t/libpng/z09n2c08.png (level: 9, 224 bytes) smaller than target (level: 3, 232 bytes)
ok 19 - source /tmp/autopkgtest.eqvihD/autopkgtest_tmp/smokejToXaM/t/libpng/z09n2c08.png (level: 9, 224 bytes) smaller than target (level: 6, 224 bytes)
ok 20 - source /tmp/autopkgtest.eqvihD/autopkgtest_tmp/smokejToXaM/t/libpng/z09n2c08.png (level: 9, 224 bytes) equal to target (level: 9, 224 bytes)
ok 21 - 12 files changed size because of compress_level
ok 22 - Read test file '/tmp/autopkgtest.eqvihD/autopkgtest_tmp/smokejToXaM/t/libpng/z06n2c08.png'
ok 23 - Error with too big compression level
ok 24 - Error with too small compression level
ok 25 - No error with compression -1 for default compression
ok 26 - No error with compression level 0 (none)
ok 27 - No error with compression level 9 (best)
1..27
ok
t/copy-all-png.t ...... 
height: 32 != 32
width: 32 != 32
ok 1 - basi0g01.png copied OK
height: 32 != 32
width: 32 != 32
ok 2 - basi0g02.png copied OK
height: 32 != 32
width: 32 != 32
ok 3 - basi0g04.png copied OK
height: 32 != 32
width: 32 != 32
ok 4 - basi0g08.png copied OK
height: 32 != 32
width: 32 != 32
ok 5 - basi0g16.png copied OK
height: 32 != 32
width: 32 != 32
ok 6 - basi2c08.png copied OK
height: 32 != 32
width: 32 != 32
ok 7 - basi2c16.png copied OK
height: 32 != 32
width: 32 != 32
ok 8 - basi3p01.png copied OK
height: 32 != 32
width: 32 != 32
ok 9 - basi3p02.png copied OK
height: 32 != 32
width: 32 != 32
ok 10 - basi3p04.png copied OK
height: 32 != 32
width: 32 != 32
ok 11 - basi3p08.png copied OK
height: 32 != 32
width: 32 != 32
ok 12 - basi4a08.png copied OK
height: 32 != 32
width: 32 != 32
ok 13 - basi4a16.png copied OK
height: 32 != 32
width: 32 != 32
ok 14 - basi6a08.png copied OK
height: 32 != 32
width: 32 != 32
ok 15 - basi6a16.png copied OK
height: 32 != 32
width: 32 != 32
ok 16 - basn0g01.png copied OK
height: 32 != 32
width: 32 != 32
ok 17 - basn0g02.png copied OK
height: 32 != 32
width: 32 != 32
ok 18 - basn0g04.png copied OK
height: 32 != 32
width: 32 != 32
ok 19 - basn0g08.png copied OK
height: 32 != 32
width: 32 != 32
ok 20 - basn0g16.png copied OK
height: 32 != 32
width: 32 != 32
ok 21 - basn2c08.png copied OK
height: 32 != 32
width: 32 != 32
ok 22 - basn2c16.png copied OK
height: 32 != 32
width: 32 != 32
ok 23 - basn3p01.png copied OK
height: 32 != 32
width: 32 != 32
ok 24 - basn3p02.png copied OK
height: 32 != 32
width: 32 != 32
ok 25 - basn3p04.png copied OK
height: 32 != 32
width: 32 != 32
ok 26 - basn3p08.png copied OK
height: 32 != 32
width: 32 != 32
ok 27 - basn4a08.png copied OK
height: 32 != 32
width: 32 != 32
ok 28 - basn4a16.png copied OK
height: 32 != 32
width: 32 != 32
ok 29 - basn6a08.png copied OK
height: 32 != 32
width: 32 != 32
ok 30 - basn6a16.png copied OK
height: 32 != 32
width: 32 != 32
ok 31 - bgai4a08.png copied OK
height: 32 != 32
width: 32 != 32
ok 32 - bgai4a16.png copied OK
height: 32 != 32
width: 32 != 32
ok 33 - bgan6a08.png copied OK
height: 32 != 32
width: 32 != 32
ok 34 - bgan6a16.png copied OK
height: 32 != 32
width: 32 != 32
ok 35 - bgbn4a08.png copied OK
height: 32 != 32
width: 32 != 32
ok 36 - bggn4a16.png copied OK
height: 32 != 32
width: 32 != 32
ok 37 - bgwn6a08.png copied OK
height: 32 != 32
width: 32 != 32
ok 38 - bgyn6a16.png copied OK
height: 32 != 32
width: 32 != 32
ok 39 - ccwn2c08.png copied OK
height: 32 != 32
width: 32 != 32
ok 40 - ccwn3p08.png copied OK
height: 32 != 32
width: 8 != 8
ok 41 - cdfn2c08.png copied OK
height: 8 != 8
width: 32 != 32
ok 42 - cdhn2c08.png copied OK
height: 8 != 8
width: 8 != 8
ok 43 - cdsn2c08.png copied OK
height: 32 != 32
width: 32 != 32
ok 44 - cdun2c08.png copied OK
height: 32 != 32
width: 32 != 32
ok 45 - ch1n3p04.png copied OK
height: 32 != 32
width: 32 != 32
ok 46 - ch2n3p08.png copied OK
height: 32 != 32
width: 32 != 32
ok 47 - cm0n0g04.png copied OK
height: 32 != 32
width: 32 != 32
ok 48 - cm7n0g04.png copied OK
height: 32 != 32
width: 32 != 32
ok 49 - cm9n0g04.png copied OK
height: 32 != 32
width: 32 != 32
ok 50 - cs3n2c16.png copied OK
height: 32 != 32
width: 32 != 32
ok 51 - cs3n3p08.png copied OK
height: 32 != 32
width: 32 != 32
ok 52 - cs5n2c08.png copied OK
height: 32 != 32
width: 32 != 32
ok 53 - cs5n3p08.png copied OK
height: 32 != 32
width: 32 != 32
ok 54 - cs8n2c08.png copied OK
height: 32 != 32
width: 32 != 32
ok 55 - cs8n3p08.png copied OK
height: 32 != 32
width: 32 != 32
ok 56 - ct0n0g04.png copied OK
height: 32 != 32
width: 32 != 32
ok 57 - ct1n0g04.png copied OK
height: 32 != 32
width: 32 != 32
ok 58 - cten0g04.png copied OK
height: 32 != 32
width: 32 != 32
ok 59 - ctfn0g04.png copied OK
height: 32 != 32
width: 32 != 32
ok 60 - ctgn0g04.png copied OK
height: 32 != 32
width: 32 != 32
ok 61 - cthn0g04.png copied OK
height: 32 != 32
width: 32 != 32
ok 62 - ctjn0g04.png copied OK
height: 32 != 32
width: 32 != 32
ok 63 - ctzn0g04.png copied OK
height: 32 != 32
width: 32 != 32
ok 64 - f00n0g08.png copied OK
height: 32 != 32
width: 32 != 32
ok 65 - f00n2c08.png copied OK
height: 32 != 32
width: 32 != 32
ok 66 - f01n0g08.png copied OK
height: 32 != 32
width: 32 != 32
ok 67 - f01n2c08.png copied OK
height: 32 != 32
width: 32 != 32
ok 68 - f02n0g08.png copied OK
height: 32 != 32
width: 32 != 32
ok 69 - f02n2c08.png copied OK
height: 32 != 32
width: 32 != 32
ok 70 - f03n0g08.png copied OK
height: 32 != 32
width: 32 != 32
ok 71 - f03n2c08.png copied OK
height: 32 != 32
width: 32 != 32
ok 72 - f04n0g08.png copied OK
height: 32 != 32
width: 32 != 32
ok 73 - f04n2c08.png copied OK
height: 32 != 32
width: 32 != 32
ok 74 - f99n0g04.png copied OK
height: 32 != 32
width: 32 != 32
ok 75 - g03n0g16.png copied OK
height: 32 != 32
width: 32 != 32
ok 76 - g03n2c08.png copied OK
height: 32 != 32
width: 32 != 32
ok 77 - g03n3p04.png copied OK
height: 32 != 32
width: 32 != 32
ok 78 - g04n0g16.png copied OK
height: 32 != 32
width: 32 != 32
ok 79 - g04n2c08.png copied OK
height: 32 != 32
width: 32 != 32
ok 80 - g04n3p04.png copied OK
height: 32 != 32
width: 32 != 32
ok 81 - g05n0g16.png copied OK
height: 32 != 32
width: 32 != 32
ok 82 - g05n2c08.png copied OK
height: 32 != 32
width: 32 != 32
ok 83 - g05n3p04.png copied OK
height: 32 != 32
width: 32 != 32
ok 84 - g07n0g16.png copied OK
height: 32 != 32
width: 32 != 32
ok 85 - g07n2c08.png copied OK
height: 32 != 32
width: 32 != 32
ok 86 - g07n3p04.png copied OK
height: 32 != 32
width: 32 != 32
ok 87 - g10n0g16.png copied OK
height: 32 != 32
width: 32 != 32
ok 88 - g10n2c08.png copied OK
height: 32 != 32
width: 32 != 32
ok 89 - g10n3p04.png copied OK
height: 32 != 32
width: 32 != 32
ok 90 - g25n0g16.png copied OK
height: 32 != 32
width: 32 != 32
ok 91 - g25n2c08.png copied OK
height: 32 != 32
width: 32 != 32
ok 92 - g25n3p04.png copied OK
height: 32 != 32
width: 32 != 32
ok 93 - oi1n0g16.png copied OK
height: 32 != 32
width: 32 != 32
ok 94 - oi1n2c16.png copied OK
height: 32 != 32
width: 32 != 32
ok 95 - oi2n0g16.png copied OK
height: 32 != 32
width: 32 != 32
ok 96 - oi2n2c16.png copied OK
height: 32 != 32
width: 32 != 32
ok 97 - oi4n0g16.png copied OK
height: 32 != 32
width: 32 != 32
ok 98 - oi4n2c16.png copied OK
height: 256 != 256
width: 256 != 256
ok 99 - PngSuite.png copied OK
height: 32 != 32
width: 32 != 32
ok 100 - pp0n2c16.png copied OK
height: 32 != 32
width: 32 != 32
ok 101 - pp0n6a08.png copied OK
height: 32 != 32
width: 32 != 32
ok 102 - ps1n0g08.png copied OK
height: 32 != 32
width: 32 != 32
ok 103 - ps1n2c16.png copied OK
height: 32 != 32
width: 32 != 32
ok 104 - ps2n0g08.png copied OK
height: 32 != 32
width: 32 != 32
ok 105 - ps2n2c16.png copied OK
height: 1 != 1
width: 1 != 1
ok 106 - s01i3p01.png copied OK
height: 1 != 1
width: 1 != 1
ok 107 - s01n3p01.png copied OK
height: 2 != 2
width: 2 != 2
ok 108 - s02i3p01.png copied OK
height: 2 != 2
width: 2 != 2
ok 109 - s02n3p01.png copied OK
height: 3 != 3
width: 3 != 3
ok 110 - s03i3p01.png copied OK
height: 3 != 3
width: 3 != 3
ok 111 - s03n3p01.png copied OK
height: 4 != 4
width: 4 != 4
ok 112 - s04i3p01.png copied OK
height: 4 != 4
width: 4 != 4
ok 113 - s04n3p01.png copied OK
height: 5 != 5
width: 5 != 5
ok 114 - s05i3p02.png copied OK
height: 5 != 5
width: 5 != 5
ok 115 - s05n3p02.png copied OK
height: 6 != 6
width: 6 != 6
ok 116 - s06i3p02.png copied OK
height: 6 != 6
width: 6 != 6
ok 117 - s06n3p02.png copied OK
height: 7 != 7
width: 7 != 7
ok 118 - s07i3p02.png copied OK
height: 7 != 7
width: 7 != 7
ok 119 - s07n3p02.png copied OK
height: 8 != 8
width: 8 != 8
ok 120 - s08i3p02.png copied OK
height: 8 != 8
width: 8 != 8
ok 121 - s08n3p02.png copied OK
height: 9 != 9
width: 9 != 9
ok 122 - s09i3p02.png copied OK
height: 9 != 9
width: 9 != 9
ok 123 - s09n3p02.png copied OK
height: 32 != 32
width: 32 != 32
ok 124 - s32i3p04.png copied OK
height: 32 != 32
width: 32 != 32
ok 125 - s32n3p04.png copied OK
height: 33 != 33
width: 33 != 33
ok 126 - s33i3p04.png copied OK
height: 33 != 33
width: 33 != 33
ok 127 - s33n3p04.png copied OK
height: 34 != 34
width: 34 != 34
ok 128 - s34i3p04.png copied OK
height: 34 != 34
width: 34 != 34
ok 129 - s34n3p04.png copied OK
height: 35 != 35
width: 35 != 35
ok 130 - s35i3p04.png copied OK
height: 35 != 35
width: 35 != 35
ok 131 - s35n3p04.png copied OK
height: 36 != 36
width: 36 != 36
ok 132 - s36i3p04.png copied OK
height: 36 != 36
width: 36 != 36
ok 133 - s36n3p04.png copied OK
height: 37 != 37
width: 37 != 37
ok 134 - s37i3p04.png copied OK
height: 37 != 37
width: 37 != 37
ok 135 - s37n3p04.png copied OK
height: 38 != 38
width: 38 != 38
ok 136 - s38i3p04.png copied OK
height: 38 != 38
width: 38 != 38
ok 137 - s38n3p04.png copied OK
height: 39 != 39
width: 39 != 39
ok 138 - s39i3p04.png copied OK
height: 39 != 39
width: 39 != 39
ok 139 - s39n3p04.png copied OK
height: 40 != 40
width: 40 != 40
ok 140 - s40i3p04.png copied OK
height: 40 != 40
width: 40 != 40
ok 141 - s40n3p04.png copied OK
height: 32 != 32
width: 32 != 32
ok 142 - tbbn0g04.png copied OK
height: 32 != 32
width: 32 != 32
ok 143 - tbbn2c16.png copied OK
height: 32 != 32
width: 32 != 32
ok 144 - tbbn3p08.png copied OK
height: 32 != 32
width: 32 != 32
ok 145 - tbgn2c16.png copied OK
height: 32 != 32
width: 32 != 32
ok 146 - tbgn3p08.png copied OK
height: 32 != 32
width: 32 != 32
ok 147 - tbrn2c08.png copied OK
height: 32 != 32
width: 32 != 32
ok 148 - tbwn0g16.png copied OK
height: 32 != 32
width: 32 != 32
ok 149 - tbwn3p08.png copied OK
height: 32 != 32
width: 32 != 32
ok 150 - tbyn3p08.png copied OK
height: 32 != 32
width: 32 != 32
ok 151 - tm3n3p02.png copied OK
height: 32 != 32
width: 32 != 32
ok 152 - tp0n0g08.png copied OK
height: 32 != 32
width: 32 != 32
ok 153 - tp0n2c08.png copied OK
height: 32 != 32
width: 32 != 32
ok 154 - tp0n3p08.png copied OK
height: 32 != 32
width: 32 != 32
ok 155 - tp1n3p08.png copied OK
height: 32 != 32
width: 32 != 32
ok 156 - z00n2c08.png copied OK
height: 32 != 32
width: 32 != 32
ok 157 - z03n2c08.png copied OK
height: 32 != 32
width: 32 != 32
ok 158 - z06n2c08.png copied OK
height: 32 != 32
width: 32 != 32
ok 159 - z09n2c08.png copied OK
1..159
ok
t/daft.t .............. 
ok 1 - Got access_version_number
1..1
ok
t/exif.t .............. 
ok 1 - Got undefined from file with no exif
libpng warning: eXIf: duplicate
ok 2 - Round trip of eXIf chunk
1..2
ok
t/functions.t ......... 
ok 1
ok 2
ok 3
ok 4
ok 5 - color type
ok 6 - interlace type
1..6
ok
t/gAMA.t .............. 
ok 1
ok 2
1..2
ok
t/get-internals.t ..... 
ok 1
ok 2
1..2
ok
t/get-palette-max.t ... 
not ok 1 - get_palette_max OK # TODO Work out why this returns zero
#   Failed (TODO) test 'get_palette_max OK'
#   at t/get-palette-max.t line 19.
#          got: 0
#     expected: 256
1..1
ok
t/get-text.t .......... 
ok 1 - There were no text chunks in ct0n0g04, as expected
ok 2 - Text chunk from ct1n0g04 was as expected
ok 3 - Text chunk from ctzn0g04 was as expected
ok 4 - Text chunk from cten0g04 was as expected
ok 5 - Text chunk from ctfn0g04 was as expected
ok 6 - Text chunk from ctgn0g04 was as expected
ok 7 - Text chunk from cthn0g04 was as expected
ok 8 - Text chunk from ctjn0g04 was as expected
1..8
ok
t/hIST.t .............. 
ok 1 - Valid hist in ch1n3p04
ok 2 - Right histogram size in ch1n3p04
ok 3 - Round trip of hIST chunk
ok 4 - Valid hist in ch2n3p08
ok 5 - Right histogram size in ch2n3p08
ok 6 - Round trip of hIST chunk
1..6
ok
t/header.t ............ 
ok 1 - get_image_width
ok 2 - height method
ok 3 - width method
ok 4 - get_image_height
1..4
ok
t/io-read.t ........... 
$VAR1 = {
          'color_type' => 2,
          'width' => 100,
          'interlace_method' => 0,
          'bit_depth' => 8,
          'height' => 100
        };
ok 1 - height & rows same
ok 2 - Got correct image width
ok 3 - Got identical image data in /tmp/autopkgtest.eqvihD/autopkgtest_tmp/smokejToXaM/t/test.png and /tmp/autopkgtest.eqvihD/autopkgtest_tmp/smokejToXaM/t/otest.png
1..3
ok
t/io.t ................ 
ok 1 - Got identical image data in /tmp/autopkgtest.eqvihD/autopkgtest_tmp/smokejToXaM/t/test.png and /tmp/autopkgtest.eqvihD/autopkgtest_tmp/smokejToXaM/t/otest.png
1..1
ok
t/oFFs.t .............. 
ok 1 - Round trip of oFFs chunk
1..1
ok
t/pCAL.t .............. 
ok 1 - round trip of pCAL chunk
1..1
ok
t/pHYs.t .............. 
1..3
ok 1 - X resolution
ok 2 - Y resolution
ok 3 - unit type
ok
t/read-from-scalar.t .. 
ok 1 - got error trying to write a read structure
ok 2 - Correct kind of error message
ok 3 - Wrote file
height: 281 != 281
width: 293 != 293
ok 4 - test of read_from_scalar
ok 5 - test of write_to_scalar
1..5
ok
t/sBIT.t .............. 
ok 1 - Read s38i3p04
ok 2 - Got an sbit
ok 3 - Got correct red from example
ok 4 - Got correct blue from example
ok 5 - Got correct green from example
ok 6 - Round trip of sBIT with RGBA PNG
1..6
ok
t/sCAL.t .............. 
ok 1
1..1
ok
t/sPLT.t .............. 
ok 1
ok 2
ok 3
ok 4
ok 5
ok 6
ok 7
ok 8
ok 9
ok 10
ok 11
ok 12
1..12
ok
t/set-itxt.t .......... 
ok 1 - Got key key back for text chunk 0
ok 2 - Value for key is the same for text chunk 0
ok 3 - Got key lang_key back for text chunk 0
ok 4 - Value for lang_key is the same for text chunk 0
ok 5 - Got key compression back for text chunk 0
ok 6 - Value for compression is the same for text chunk 0
ok 7 - Got key lang back for text chunk 0
ok 8 - Value for lang is the same for text chunk 0
ok 9 - Got key text back for text chunk 0
ok 10 - Value for text is the same for text chunk 0
ok 11 - Got key lang_key back for text chunk 1
ok 12 - Value for lang_key is the same for text chunk 1
ok 13 - Got key key back for text chunk 1
ok 14 - Value for key is the same for text chunk 1
ok 15 - Got key text back for text chunk 1
ok 16 - Value for text is the same for text chunk 1
ok 17 - Got key lang back for text chunk 1
ok 18 - Value for lang is the same for text chunk 1
ok 19 - Got key compression back for text chunk 1
ok 20 - Value for compression is the same for text chunk 1
ok 21 - Got key compression back for text chunk 0
ok 22 - Value for compression is the same for text chunk 0
ok 23 - Got key text back for text chunk 0
ok 24 - Value for text is the same for text chunk 0
ok 25 - Got key lang back for text chunk 0
ok 26 - Value for lang is the same for text chunk 0
ok 27 - Got key key back for text chunk 0
ok 28 - Value for key is the same for text chunk 0
ok 29 - Got key lang_key back for text chunk 0
ok 30 - Value for lang_key is the same for text chunk 0
1..30
ok
t/set-text.t .......... 
ok 1 - Got key text back for text chunk 0
ok 2 - Value for text is the same for text chunk 0
ok 3 - Got key key back for text chunk 0
ok 4 - Value for key is the same for text chunk 0
ok 5 - Got key key back for text chunk 1
ok 6 - Value for key is the same for text chunk 1
ok 7 - Got key compression back for text chunk 1
ok 8 - Value for compression is the same for text chunk 1
ok 9 - Got key text back for text chunk 1
ok 10 - Value for text is the same for text chunk 1
ok 11 - Got key key back for text chunk 2
ok 12 - Value for key is the same for text chunk 2
ok 13 - Got error adding text chunk without 'key'
ok 14 - Got error adding text chunk which is not a hash
ok 15 - Got error with too-long key
ok 16 - Got length of key
ok 17 - Got error with too-short key
ok 18 - Got empty key
1..18
ok
t/split-alpha.t ....... 
ok 1 - data data for basi4a08 = basn4a08 data
ok 2 - alpha data for basi4a08 = basn4a08 data
ok 3 - data data for basn4a08 = basn4a08 data
ok 4 - alpha data for basn4a08 = basn4a08 data
ok 5 - data data for basi6a08 = basn6a08 data
ok 6 - alpha data for basi6a08 = basn6a08 data
ok 7 - data data for basn6a08 = basn6a08 data
ok 8 - alpha data for basn6a08 = basn6a08 data
ok 9 - data data for basi4a16 = basn4a16 data
ok 10 - alpha data for basi4a16 = basn4a16 data
ok 11 - data data for basn4a16 = basn4a16 data
ok 12 - alpha data for basn4a16 = basn4a16 data
ok 13 - data data for basi6a16 = basn6a16 data
ok 14 - alpha data for basi6a16 = basn6a16 data
ok 15 - data data for basn6a16 = basn6a16 data
ok 16 - alpha data for basn6a16 = basn6a16 data
1..16
ok
t/supports.t .......... 
ok 1 - sCAL is known to Image::PNG::Libpng
ok 2 - READ_tEXt is known to Image::PNG::Libpng
ok 3 - READ_zTXt is known to Image::PNG::Libpng
ok 4 - iTXt is known to Image::PNG::Libpng
ok 5 - pCAL is known to Image::PNG::Libpng
ok 6 - iCCP is known to Image::PNG::Libpng
ok 7 - sPLT is known to Image::PNG::Libpng
ok 8 - USER_LIMITS is known to Image::PNG::Libpng
ok 9 - UNKNOWN_CHUNKS is known to Image::PNG::Libpng
ok 10
1..10
ok
t/tIME.t .............. 
ok 1 - Got time from cm9n0g04
ok 2 - Same value for year
ok 3 - Same value for month
ok 4 - Same value for day
ok 5 - Same value for hour
ok 6 - Same value for minute
ok 7 - Same value for second
ok 8 - Got time from cm0n0g04
ok 9 - Same value for year
ok 10 - Same value for month
ok 11 - Same value for day
ok 12 - Same value for hour
ok 13 - Same value for minute
ok 14 - Same value for second
ok 15 - Got time from cm7n0g04
ok 16 - Same value for year
ok 17 - Same value for month
ok 18 - Same value for day
ok 19 - Same value for hour
ok 20 - Same value for minute
ok 21 - Same value for second
ok 22 - set_tIME without a time value
ok 23 - recovered time from file
1..23
ok
t/tRNS.t .............. 
  0: 000000  00
  1: 000000  80
  2: 000000  01
  3: 000000  27
  4: 17171C  B4
  5: 113426  F5
  6: 103F2A  E2
  7: 26672B  91
  8: 0A2519  8B
  9: 0F2E22  DC
 10: 124356  F4
 11: 151D73  98
 12: 000000  1A
 13: 562557  A5
 14: 050607  3D
 15: 124E32  F6
 16: 561561  87
 17: 145E2A  EA
 18: 0F1716  7F
 19: 121618  9B
 20: 804960  A8
 21: 121918  90
 22: 5C1084  B4
 23: 767072  E4
 24: 198F0D  B7
 25: 6A3517  9E
 26: 593950  A5
 27: 020102  8C
 28: 070708  80
 29: 1F3623  A8
 30: 7F1B92  BD
 31: 010101  04
 32: 0D291E  C0
 33: 837378  C3
 34: 6B3C64  E7
 35: 134629  BC
 36: 92767F  E4
 37: 74416E  F7
 38: 0C2D1E  AD
 39: 030102  04
 40: 201651  7C
 41: 281740  A7
 42: 2E7734  AF
 43: 707071  9F
 44: 14740B  94
 45: 231A83  B2
 46: 1B1A1D  A6
 47: 286E56  C2
 48: 0C3C18  8E
 49: 0F40C2  FB
 50: 000000  FC
 51: 130E10  1B
 52: 000000  B9
 53: 000000  02
 54: 201D1F  BB
 55: 2B2A2E  FB
 56: 000000  79
 57: 8B5A39  FB
 58: 3CA843  ED
 59: 000101  06
 60: 793E37  E7
 61: 000000  75
 62: 389241  DB
 63: 43A84C  FA
 64: A94F21  EE
 65: 000000  67
 66: 000000  FC
 67: 000000  0B
 68: 010203  0A
 69: 000000  70
 70: 000000  A9
 71: 000000  04
 72: 5108A6  F1
 73: 000000  9A
 74: 473D46  EB
 75: 261F21  38
 76: 000000  7F
 77: 000100  02
 78: 000001  04
 79: 9F969A  E6
 80: 000000  7C
 81: AFB1B2  F4
 82: 000000  F4
 83: A76981  E5
 84: BF658B  F4
 85: 000000  C9
 86: 222227  E4
 87: 000000  5D
 88: A924C1  FB
 89: 000000  31
 90: 000000  16
 91: 000000  E6
 92: 9520AB  DE
 93: 4B0898  E1
 94: 050908  33
 95: 7E18A4  DC
 96: 000000  12
 97: 000000  3E
 98: 1B1F52  F4
 99: 9F22B6  ED
100: 000000  F8
101: 0E3AB1  E2
102: 070708  47
103: 000000  62
104: 000000  55
105: 040704  19
106: 09130E  44
107: 110419  26
108: 1EA910  D8
109: 020202  35
110: 000000  1F
111: 30074A  68
112: 232127  D5
113: 000000  D2
114: 09040A  15
115: 22BD11  F0
116: 030602  0A
117: 12120A  3D
118: 000000  03
119: 000000  5E
120: 0D1111  62
121: 28282E  F5
122: 3A2032  69
123: 1F0637  56
124: 000000  06
125: 000000  4B
126: 030F03  13
127: 040F0A  38
128: 0D4A06  5E
129: 020102  08
130: 0F050E  15
131: 161014  25
132: 071610  5B
133: 000000  21
134: 010403  11
135: 071C50  68
136: 242429  DB
137: 050108  0E
138: 030A07  28
139: 363334  4C
140: 5409AD  FA
141: 111114  6C
142: 120514  1E
143: 082A05  36
144: 080927  34
145: 000000  07
146: 25101F  33
147: 0D0D0F  50
148: 030404  19
149: 010202  0D
150: 000000  35
151: 030303  14
152: 0D1A16  6F
153: 07030C  21
154: 070D30  3F
155: 0A3805  48
156: 010001  02
157: 080507  0D
158: 000000  47
159: 0E0E11  5A
160: 030602  0E
161: 000000  DA
162: 2B0838  4B
163: 1B491E  67
164: 060607  29
165: 341A0B  54
166: 3B3315  6C
167: 101914  46
168: 0A1703  22
169: 27082D  3B
170: 051018  27
171: 152925  53
172: 37212C  50
173: 293E0A  6A
174: 20121E  46
175: 010101  6C
176: 000000  44
177: 040405  1F
178: 1D191A  2B
179: 05100C  4E
180: 040407  0B
181: 143616  4D
182: 08170A  26
183: 000000  0F
184: 050F07  1C
185: 081510  52
186: 000001  01
187: 2E0843  5C
188: 504047  6E
189: 050805  21
190: 29292F  F9
191: 040105  08
192: 0A1511  6C
193: 030411  17
194: 480F52  6A
195: 27272C  EB
196: 0F2811  39
197: 000000  ED
198: 000000  51
199: 0E3EBD  F1
200: 000000  59
201: 000000  7E
202: 1A0521  2C
203: 000000  05
204: 000000  73
205: 242529  F2
206: 23371A  5D
207: 3E1E18  E2
208: 000000  08
209: 000000  6B
210: 170E0D  23
211: 010000  01
212: 342133  EA
213: 000100  01
214: 9E5527  none
215: 43B54D  none
216: BB668B  none
217: 775346  none
218: 4EB052  none
219: 9C491F  none
220: 233D32  none
221: 4F0E9C  none
222: 0B231A  none
223: 6D3779  none
224: 5B332C  none
225: 349F2B  none
226: 2B274C  none
227: 336640  none
228: 917F7D  none
229: 318677  none
230: 222227  none
231: 696A6B  none
232: AC9BA5  none
233: B2B4B5  none
234: 11328C  none
235: 61415A  none
236: 5A2A12  none
237: 643549  none
238: 082164  none
239: 3B2137  none
240: 151518  none
241: 5B5C5D  none
242: C86A92  none
243: B7B9BA  none
244: B55524  none
245: 000000  none
246: A8848E  none
247: 1042C8  none
248: 76426F  none
249: 5609B0  none
250: 24C813  none
251: 123628  none
252: 135134  none
253: AC25C5  none
254: 44B54C  none
255: 2A2A30  none
ok 1 - shut up your face
1..1
ok
t/transformations.t ... 
ok 1
ok 2
ok 3
ok 4
1..4
ok
t/user-limits.t ....... 
ok 1
ok 2
1..2
ok
All tests successful.
Files=38, Tests=399, 60 wallclock secs ( 1.76 usr  0.78 sys + 44.38 cusr 13.51 csys = 60.43 CPU)
Result: PASS
