autopkgtest: DBG: testbed init
autopkgtest [14:38:54]: starting date and time: 2023-02-20 14:38:54+0800
autopkgtest [14:38:54]: version 5.28
autopkgtest [14:38:54]: host debian; command line: /usr/bin/autopkgtest /home/minami/Documents/openkylin-riscv/src/libimage-png-libpng-perl_0.57-ok1.dsc -o /home/minami/Documents/openkylin-riscv/test/libimage-png-libpng-perl -d -B -- qemu -u root -p openkylin --qemu-architecture=riscv64 -c 8 --ram-size=8192 -d '--qemu-options=-machine virt -kernel /home/minami/Documents/ukylin/u-boot.bin' /home/minami/Documents/openkylin-riscv/testing.qcow2
autopkgtest: DBG: got reply from testbed: ok
autopkgtest: DBG: testbed open, scratch=None
autopkgtest: DBG: sending command to testbed: open
autopkgtest-virt-qemu: DBG: executing open
autopkgtest-virt-qemu: DBG: find_free_port: trying 10022
autopkgtest-virt-qemu: DBG: find_free_port: 10022 is free
autopkgtest-virt-qemu: DBG: autopkgtest does not know how to boot this machine, hopefully nothing special needs to be done?
autopkgtest-virt-qemu: DBG: qemu architecture: riscv64
autopkgtest-virt-qemu: DBG: qemu command: qemu-system-riscv64
autopkgtest-virt-qemu: DBG: execute-timeout: qemu-img info --output=json /home/minami/Documents/openkylin-riscv/testing.qcow2
autopkgtest-virt-qemu: DBG: Creating temporary overlay image in /tmp/autopkgtest-qemu.okf4v8nc/overlay.img
autopkgtest-virt-qemu: DBG: execute-timeout: qemu-img create -f qcow2 -F qcow2 -b /home/minami/Documents/openkylin-riscv/testing.qcow2 /tmp/autopkgtest-qemu.okf4v8nc/overlay.img
autopkgtest-virt-qemu: DBG: Forwarding local port 10022 to VM ssh port 22
autopkgtest-virt-qemu: DBG: Assuming nothing special needs to be done to set up firmware to boot this machine (boot method: none)
autopkgtest-virt-qemu: DBG: full qemu command-line: ['qemu-system-riscv64', '-m', '8192', '-smp', '8', '-nographic', '-device', 'virtio-net-device,netdev=usernet', '-netdev', 'user,id=usernet,hostfwd=tcp:127.0.0.1:10022-:22', '-object', 'rng-random,filename=/dev/urandom,id=rng0', '-device', 'virtio-rng-pci,rng=rng0,id=rng-device0', '-monitor', 'unix:/tmp/autopkgtest-qemu.okf4v8nc/monitor,server=on,wait=off', '-virtfs', 'local,id=autopkgtest,path=/tmp/autopkgtest-qemu.okf4v8nc/shared,security_model=none,mount_tag=autopkgtest', '-device', 'virtio-serial', '-chardev', 'socket,path=/tmp/autopkgtest-qemu.okf4v8nc/hvc0,server=on,wait=off,id=hvc0', '-device', 'virtconsole,chardev=hvc0', '-chardev', 'socket,path=/tmp/autopkgtest-qemu.okf4v8nc/hvc1,server=on,wait=off,id=hvc1', '-device', 'virtconsole,chardev=hvc1', '-serial', 'unix:/tmp/autopkgtest-qemu.okf4v8nc/ttyS0,server=on,wait=off', '-drive', 'index=0,file=/tmp/autopkgtest-qemu.okf4v8nc/overlay.img,format=qcow2,cache=unsafe,if=virtio,discard=unmap', '-machine', 'virt', '-kernel', '/home/minami/Documents/ukylin/u-boot.bin']
autopkgtest-virt-qemu: DBG: expect: b' login: '
autopkgtest-virt-qemu: DBG: expect: found "'login prompt on serial console'"
autopkgtest-virt-qemu: DBG: expect: b'ok'
autopkgtest-virt-qemu: DBG: expect: found "b'ok'"
autopkgtest-virt-qemu: DBG: setup_shell(): there already is a shell on hvc1
qemu-system-riscv64: warning: 9p: degraded performance: a reasonable high msize should be chosen on client/guest side (chosen msize is <= 8192). See https://wiki.qemu.org/Documentation/9psetup#msize for details.
autopkgtest-virt-qemu: DBG: expect: b'64e75799-3671-4283-97c6-ead5283a7747[1]'
autopkgtest-virt-qemu: DBG: expect: found "b'64e75799-3671-4283-97c6-ead5283a7747[1]'"
autopkgtest-virt-qemu: DBG: expect: b'64e75799-3671-4283-97c6-ead5283a7747[2]'
autopkgtest-virt-qemu: DBG: expect: found "b'64e75799-3671-4283-97c6-ead5283a7747[2]'"
autopkgtest-virt-qemu: DBG: expect: b'64e75799-3671-4283-97c6-ead5283a7747[3]'
autopkgtest-virt-qemu: DBG: expect: found "b'64e75799-3671-4283-97c6-ead5283a7747[3]'"
autopkgtest-virt-qemu: DBG: expect: b'/python'
autopkgtest-virt-qemu: DBG: expect: found "b'/python'"
autopkgtest-virt-qemu: DBG: expect: b'# '
autopkgtest-virt-qemu: DBG: expect: found "b'# '"
autopkgtest-virt-qemu: DBG: expect: b'64e75799-3671-4283-97c6-ead5283a7747[4]'
autopkgtest-virt-qemu: DBG: expect: found "b'64e75799-3671-4283-97c6-ead5283a7747[4]'"
autopkgtest-virt-qemu: DBG: execute-timeout: /tmp/autopkgtest-qemu.okf4v8nc/runcmd true
autopkgtest-virt-qemu: DBG: can connect to autopkgtest sh in VM
autopkgtest-virt-qemu: DBG: expect: b'64e75799-3671-4283-97c6-ead5283a7747[5]'
autopkgtest-virt-qemu: DBG: expect: found "b'64e75799-3671-4283-97c6-ead5283a7747[5]'"
autopkgtest-virt-qemu: DBG: determine_normal_user: got user "openkylin"
autopkgtest-virt-qemu: DBG: auxverb = ['/tmp/autopkgtest-qemu.okf4v8nc/runcmd'], downtmp = None
autopkgtest-virt-qemu: DBG: execute-timeout: /tmp/autopkgtest-qemu.okf4v8nc/runcmd mktemp --directory --tmpdir autopkgtest.XXXXXX
autopkgtest-virt-qemu: DBG: execute-timeout: /tmp/autopkgtest-qemu.okf4v8nc/runcmd chmod 1777 /tmp/autopkgtest.eqvihD
autopkgtest: DBG: got reply from testbed: ok /tmp/autopkgtest.eqvihD
autopkgtest: DBG: sending command to testbed: print-execute-command
autopkgtest-virt-qemu: DBG: executing print-execute-command
autopkgtest: DBG: got reply from testbed: ok /tmp/autopkgtest-qemu.okf4v8nc/runcmd
autopkgtest: DBG: sending command to testbed: capabilities
autopkgtest-virt-qemu: DBG: executing capabilities
autopkgtest: DBG: got reply from testbed: ok isolation-machine reboot revert revert-full-system root-on-testbed suggested-normal-user=openkylin
autopkgtest: DBG: testbed capabilities: ['isolation-machine', 'reboot', 'revert', 'revert-full-system', 'root-on-testbed', 'suggested-normal-user=openkylin', 'has_internet']
autopkgtest: DBG: testbed command ['mkdir', '-p', '/tmp/autopkgtest.eqvihD'], kind short, sout raw, serr pipe, env []
autopkgtest: DBG: testbed command exited with code 0
autopkgtest: DBG: sending command to testbed: copydown /usr/share/autopkgtest/lib/in-testbed/wrapper.sh /tmp/autopkgtest.eqvihD/wrapper.sh
autopkgtest-virt-qemu: DBG: executing copydown /usr/share/autopkgtest/lib/in-testbed/wrapper.sh /tmp/autopkgtest.eqvihD/wrapper.sh
autopkgtest-virt-qemu: DBG: ['cmdls', "(['cat'], ['/tmp/autopkgtest-qemu.okf4v8nc/runcmd', 'sh', '-ec', 'cat >/tmp/autopkgtest.eqvihD/wrapper.sh; chmod +x -- /tmp/autopkgtest.eqvihD/wrapper.sh'])"]
autopkgtest-virt-qemu: DBG: ['srcstdin', "<_io.BufferedReader name='/usr/share/autopkgtest/lib/in-testbed/wrapper.sh'>", 'deststdout', "<_io.BufferedReader name='/dev/null'>", 'devnull_read', <_io.BufferedReader name='/dev/null'>]
autopkgtest-virt-qemu: DBG:  +< cat
autopkgtest-virt-qemu: DBG:  +> /tmp/autopkgtest-qemu.okf4v8nc/runcmd sh -ec cat >/tmp/autopkgtest.eqvihD/wrapper.sh; chmod +x -- /tmp/autopkgtest.eqvihD/wrapper.sh
autopkgtest-virt-qemu: DBG:  +>?
autopkgtest-virt-qemu: DBG:  +<?
autopkgtest: DBG: got reply from testbed: ok
autopkgtest: DBG: testbed command ['chmod', '-R', '0755', '--', '/tmp/autopkgtest.eqvihD/wrapper.sh'], kind short, sout raw, serr pipe, env []
autopkgtest: DBG: testbed command exited with code 0
autopkgtest: DBG: testbed command ['dpkg', '--print-architecture'], kind short, sout pipe, serr pipe, env []
autopkgtest: DBG: testbed command exited with code 0
autopkgtest [14:39:49]: testbed dpkg architecture: riscv64
autopkgtest: DBG: testbed command ['sh', '-ec', 'command -v eatmydata'], kind short, sout pipe, serr pipe, env []
autopkgtest: DBG: testbed command exited with code 127
autopkgtest: DBG: testbed command ['sh', '-ec', 'command -v dpkg-query'], kind short, sout pipe, serr pipe, env []
autopkgtest: DBG: testbed command exited with code 0
autopkgtest: DBG: testbed command ['sh', '-ec', "dpkg-query --show -f '${Package}\\t${Version}\\n' > /tmp/autopkgtest.eqvihD/testbed-packages"], kind short, sout raw, serr pipe, env []
autopkgtest: DBG: testbed command exited with code 0
autopkgtest: DBG: sending command to testbed: copyup /tmp/autopkgtest.eqvihD/testbed-packages /home/minami/Documents/openkylin-riscv/test/libimage-png-libpng-perl/testbed-packages
autopkgtest-virt-qemu: DBG: executing copyup /tmp/autopkgtest.eqvihD/testbed-packages /home/minami/Documents/openkylin-riscv/test/libimage-png-libpng-perl/testbed-packages
autopkgtest-virt-qemu: DBG: ['cmdls', "(['/tmp/autopkgtest-qemu.okf4v8nc/runcmd', 'sh', '-ec', 'cat </tmp/autopkgtest.eqvihD/testbed-packages'], ['cat'])"]
autopkgtest-virt-qemu: DBG: ['srcstdin', "<_io.BufferedReader name='/dev/null'>", 'deststdout', "<_io.BufferedWriter name='/home/minami/Documents/openkylin-riscv/test/libimage-png-libpng-perl/testbed-packages'>", 'devnull_read', <_io.BufferedReader name='/dev/null'>]
autopkgtest-virt-qemu: DBG:  +< /tmp/autopkgtest-qemu.okf4v8nc/runcmd sh -ec cat </tmp/autopkgtest.eqvihD/testbed-packages
autopkgtest-virt-qemu: DBG:  +> cat
autopkgtest-virt-qemu: DBG:  +>?
autopkgtest-virt-qemu: DBG:  +<?
autopkgtest: DBG: got reply from testbed: ok
autopkgtest: DBG: testbed supports reboot, creating /tmp/autopkgtest-reboot
autopkgtest: DBG: testbed command ['mkdir', '-p', '/tmp/autopkgtest.eqvihD'], kind short, sout raw, serr pipe, env []
autopkgtest: DBG: testbed command exited with code 0
autopkgtest: DBG: sending command to testbed: copydown /usr/share/autopkgtest/lib/in-testbed/reboot.sh /tmp/autopkgtest.eqvihD/autopkgtest-reboot
autopkgtest-virt-qemu: DBG: executing copydown /usr/share/autopkgtest/lib/in-testbed/reboot.sh /tmp/autopkgtest.eqvihD/autopkgtest-reboot
autopkgtest-virt-qemu: DBG: ['cmdls', "(['cat'], ['/tmp/autopkgtest-qemu.okf4v8nc/runcmd', 'sh', '-ec', 'cat >/tmp/autopkgtest.eqvihD/autopkgtest-reboot; chmod +x -- /tmp/autopkgtest.eqvihD/autopkgtest-reboot'])"]
autopkgtest-virt-qemu: DBG: ['srcstdin', "<_io.BufferedReader name='/usr/share/autopkgtest/lib/in-testbed/reboot.sh'>", 'deststdout', "<_io.BufferedReader name='/dev/null'>", 'devnull_read', <_io.BufferedReader name='/dev/null'>]
autopkgtest-virt-qemu: DBG:  +< cat
autopkgtest-virt-qemu: DBG:  +> /tmp/autopkgtest-qemu.okf4v8nc/runcmd sh -ec cat >/tmp/autopkgtest.eqvihD/autopkgtest-reboot; chmod +x -- /tmp/autopkgtest.eqvihD/autopkgtest-reboot
autopkgtest-virt-qemu: DBG:  +>?
autopkgtest-virt-qemu: DBG:  +<?
autopkgtest: DBG: got reply from testbed: ok
autopkgtest: DBG: testbed command ['chmod', '-R', '0755', '--', '/tmp/autopkgtest.eqvihD/autopkgtest-reboot'], kind short, sout raw, serr pipe, env []
autopkgtest: DBG: testbed command exited with code 0
autopkgtest: DBG: testbed command ['ln', '-fns', '/tmp/autopkgtest.eqvihD/autopkgtest-reboot', '/tmp/autopkgtest-reboot'], kind short, sout raw, serr pipe, env []
autopkgtest: DBG: testbed command exited with code 0
autopkgtest: DBG: testbed command ['ln', '-fns', '/tmp/autopkgtest.eqvihD/autopkgtest-reboot', '/sbin/autopkgtest-reboot'], kind short, sout raw, serr pipe, env []
autopkgtest: DBG: testbed command exited with code 0
autopkgtest: DBG: testbed command ['mkdir', '-p', '/tmp/autopkgtest.eqvihD'], kind short, sout raw, serr pipe, env []
autopkgtest: DBG: testbed command exited with code 0
autopkgtest: DBG: sending command to testbed: copydown /usr/share/autopkgtest/lib/in-testbed/reboot-prepare.sh /tmp/autopkgtest.eqvihD/autopkgtest-reboot-prepare
autopkgtest-virt-qemu: DBG: executing copydown /usr/share/autopkgtest/lib/in-testbed/reboot-prepare.sh /tmp/autopkgtest.eqvihD/autopkgtest-reboot-prepare
autopkgtest-virt-qemu: DBG: ['cmdls', "(['cat'], ['/tmp/autopkgtest-qemu.okf4v8nc/runcmd', 'sh', '-ec', 'cat >/tmp/autopkgtest.eqvihD/autopkgtest-reboot-prepare; chmod +x -- /tmp/autopkgtest.eqvihD/autopkgtest-reboot-prepare'])"]
autopkgtest-virt-qemu: DBG: ['srcstdin', "<_io.BufferedReader name='/usr/share/autopkgtest/lib/in-testbed/reboot-prepare.sh'>", 'deststdout', "<_io.BufferedReader name='/dev/null'>", 'devnull_read', <_io.BufferedReader name='/dev/null'>]
autopkgtest-virt-qemu: DBG:  +< cat
autopkgtest-virt-qemu: DBG:  +> /tmp/autopkgtest-qemu.okf4v8nc/runcmd sh -ec cat >/tmp/autopkgtest.eqvihD/autopkgtest-reboot-prepare; chmod +x -- /tmp/autopkgtest.eqvihD/autopkgtest-reboot-prepare
autopkgtest-virt-qemu: DBG:  +>?
autopkgtest-virt-qemu: DBG:  +<?
autopkgtest: DBG: got reply from testbed: ok
autopkgtest: DBG: testbed command ['chmod', '-R', '0755', '--', '/tmp/autopkgtest.eqvihD/autopkgtest-reboot-prepare'], kind short, sout raw, serr pipe, env []
autopkgtest: DBG: testbed command exited with code 0
autopkgtest: DBG: testbed command ['ln', '-fns', '/tmp/autopkgtest.eqvihD/autopkgtest-reboot-prepare', '/tmp/autopkgtest-reboot-prepare'], kind short, sout raw, serr pipe, env []
autopkgtest: DBG: testbed command exited with code 0
autopkgtest: DBG: testbed command ['uname', '-srv'], kind short, sout pipe, serr pipe, env []
autopkgtest: DBG: testbed command exited with code 0
autopkgtest [14:39:58]: testbed running kernel: Linux 5.11.0-1030-generic #34 SMP Fri Mar 11 15:27:17 CST 2022
autopkgtest: DBG: testbed command ['sh', '-c', 'nproc; cat /proc/cpuinfo 2>/dev/null || true'], kind short, sout pipe, serr pipe, env []
autopkgtest: DBG: testbed command exited with code 0
autopkgtest: DBG: Binaries: initialising
autopkgtest [14:39:58]: @@@@@@@@@@@@@@@@@@@@ source /home/minami/Documents/openkylin-riscv/src/libimage-png-libpng-perl_0.57-ok1.dsc
autopkgtest: DBG: blame += /home/minami/Documents/openkylin-riscv/src/libimage-png-libpng-perl_0.57-ok1.dsc
autopkgtest: DBG: testbed reset: modified=False, deps_installed=[], deps_new=[]
autopkgtest: DBG: testbed command ['mkdir', '-p', '/tmp/autopkgtest.eqvihD'], kind short, sout raw, serr pipe, env []
autopkgtest: DBG: testbed command exited with code 0
autopkgtest: DBG: sending command to testbed: copydown /home/minami/Documents/openkylin-riscv/src/libimage-png-libpng-perl_0.57-ok1.dsc /tmp/autopkgtest.eqvihD/libimage-png-libpng-perl_0.57-ok1.dsc
autopkgtest-virt-qemu: DBG: executing copydown /home/minami/Documents/openkylin-riscv/src/libimage-png-libpng-perl_0.57-ok1.dsc /tmp/autopkgtest.eqvihD/libimage-png-libpng-perl_0.57-ok1.dsc
autopkgtest-virt-qemu: DBG: ['cmdls', "(['cat'], ['/tmp/autopkgtest-qemu.okf4v8nc/runcmd', 'sh', '-ec', 'cat >/tmp/autopkgtest.eqvihD/libimage-png-libpng-perl_0.57-ok1.dsc'])"]
autopkgtest-virt-qemu: DBG: ['srcstdin', "<_io.BufferedReader name='/home/minami/Documents/openkylin-riscv/src/libimage-png-libpng-perl_0.57-ok1.dsc'>", 'deststdout', "<_io.BufferedReader name='/dev/null'>", 'devnull_read', <_io.BufferedReader name='/dev/null'>]
autopkgtest-virt-qemu: DBG:  +< cat
autopkgtest-virt-qemu: DBG:  +> /tmp/autopkgtest-qemu.okf4v8nc/runcmd sh -ec cat >/tmp/autopkgtest.eqvihD/libimage-png-libpng-perl_0.57-ok1.dsc
autopkgtest-virt-qemu: DBG:  +>?
autopkgtest-virt-qemu: DBG:  +<?
autopkgtest: DBG: got reply from testbed: ok
autopkgtest: DBG: testbed command ['chown', '-R', 'openkylin', '--', '/tmp/autopkgtest.eqvihD/libimage-png-libpng-perl_0.57-ok1.dsc'], kind short, sout raw, serr pipe, env []
autopkgtest: DBG: testbed command exited with code 0
autopkgtest: DBG: testbed command ['mkdir', '-p', '/tmp/autopkgtest.eqvihD'], kind short, sout raw, serr pipe, env []
autopkgtest: DBG: testbed command exited with code 0
autopkgtest: DBG: sending command to testbed: copydown /home/minami/Documents/openkylin-riscv/src/libimage-png-libpng-perl_0.57.orig.tar.gz /tmp/autopkgtest.eqvihD/libimage-png-libpng-perl_0.57.orig.tar.gz
autopkgtest-virt-qemu: DBG: executing copydown /home/minami/Documents/openkylin-riscv/src/libimage-png-libpng-perl_0.57.orig.tar.gz /tmp/autopkgtest.eqvihD/libimage-png-libpng-perl_0.57.orig.tar.gz
autopkgtest-virt-qemu: DBG: ['cmdls', "(['cat'], ['/tmp/autopkgtest-qemu.okf4v8nc/runcmd', 'sh', '-ec', 'cat >/tmp/autopkgtest.eqvihD/libimage-png-libpng-perl_0.57.orig.tar.gz'])"]
autopkgtest-virt-qemu: DBG: ['srcstdin', "<_io.BufferedReader name='/home/minami/Documents/openkylin-riscv/src/libimage-png-libpng-perl_0.57.orig.tar.gz'>", 'deststdout', "<_io.BufferedReader name='/dev/null'>", 'devnull_read', <_io.BufferedReader name='/dev/null'>]
autopkgtest-virt-qemu: DBG:  +< cat
autopkgtest-virt-qemu: DBG:  +> /tmp/autopkgtest-qemu.okf4v8nc/runcmd sh -ec cat >/tmp/autopkgtest.eqvihD/libimage-png-libpng-perl_0.57.orig.tar.gz
autopkgtest-virt-qemu: DBG:  +>?
autopkgtest-virt-qemu: DBG:  +<?
autopkgtest: DBG: got reply from testbed: ok
autopkgtest: DBG: testbed command ['chown', '-R', 'openkylin', '--', '/tmp/autopkgtest.eqvihD/libimage-png-libpng-perl_0.57.orig.tar.gz'], kind short, sout raw, serr pipe, env []
autopkgtest: DBG: testbed command exited with code 0
autopkgtest: DBG: testbed command ['mkdir', '-p', '/tmp/autopkgtest.eqvihD'], kind short, sout raw, serr pipe, env []
autopkgtest: DBG: testbed command exited with code 0
autopkgtest: DBG: sending command to testbed: copydown /home/minami/Documents/openkylin-riscv/src/libimage-png-libpng-perl_0.57-ok1.debian.tar.xz /tmp/autopkgtest.eqvihD/libimage-png-libpng-perl_0.57-ok1.debian.tar.xz
autopkgtest-virt-qemu: DBG: executing copydown /home/minami/Documents/openkylin-riscv/src/libimage-png-libpng-perl_0.57-ok1.debian.tar.xz /tmp/autopkgtest.eqvihD/libimage-png-libpng-perl_0.57-ok1.debian.tar.xz
autopkgtest-virt-qemu: DBG: ['cmdls', "(['cat'], ['/tmp/autopkgtest-qemu.okf4v8nc/runcmd', 'sh', '-ec', 'cat >/tmp/autopkgtest.eqvihD/libimage-png-libpng-perl_0.57-ok1.debian.tar.xz'])"]
autopkgtest-virt-qemu: DBG: ['srcstdin', "<_io.BufferedReader name='/home/minami/Documents/openkylin-riscv/src/libimage-png-libpng-perl_0.57-ok1.debian.tar.xz'>", 'deststdout', "<_io.BufferedReader name='/dev/null'>", 'devnull_read', <_io.BufferedReader name='/dev/null'>]
autopkgtest-virt-qemu: DBG:  +< cat
autopkgtest-virt-qemu: DBG:  +> /tmp/autopkgtest-qemu.okf4v8nc/runcmd sh -ec cat >/tmp/autopkgtest.eqvihD/libimage-png-libpng-perl_0.57-ok1.debian.tar.xz
autopkgtest-virt-qemu: DBG:  +>?
autopkgtest-virt-qemu: DBG:  +<?
autopkgtest: DBG: got reply from testbed: ok
autopkgtest: DBG: testbed command ['chown', '-R', 'openkylin', '--', '/tmp/autopkgtest.eqvihD/libimage-png-libpng-perl_0.57-ok1.debian.tar.xz'], kind short, sout raw, serr pipe, env []
autopkgtest: DBG: testbed command exited with code 0
autopkgtest: DBG: install_deps: deps_new=[]
autopkgtest: DBG: testbed command ['sh', '-ec', 'command -v dpkg-source'], kind short, sout pipe, serr pipe, env []
autopkgtest: DBG: testbed command exited with code 0
autopkgtest: DBG: testbed command ['sh', '-ec', 'su --shell=/bin/sh openkylin -c \'set -e; exec 3>&1 >&2; set -x; cd /; builddir=$(mktemp -d /tmp/autopkgtest.eqvihD/build.XXX); cd $builddir; dpkg-source -x "/tmp/autopkgtest.eqvihD/libimage-png-libpng-perl_0.57-ok1.dsc" src; chmod -R a+rX .; cd [a-z0-9]*/.; pwd >&3; sed -n "1 {s/).*//; s/ (/\\n/; p}" debian/changelog >&3\''], kind build, sout pipe, serr raw, env []
+ cd /
+ mktemp -d /tmp/autopkgtest.eqvihD/build.XXX
+ builddir=/tmp/autopkgtest.eqvihD/build.fpY
+ cd /tmp/autopkgtest.eqvihD/build.fpY
+ dpkg-source -x /tmp/autopkgtest.eqvihD/libimage-png-libpng-perl_0.57-ok1.dsc src
gpgv: unknown type of key resource 'trustedkeys.kbx'
gpgv: keyblock resource '/tmp/dpkg-verify-sig.wMOrknEV/trustedkeys.kbx': General error
gpgv: Signature made Wed 09 Nov 2022 08:34:56 AM UTC
gpgv:                using RSA key 64FBB79F5EAE64D792E94CFE0716F00F842CD274
gpgv: Can't check signature: No public key
dpkg-source: warning: cannot verify signature /tmp/autopkgtest.eqvihD/libimage-png-libpng-perl_0.57-ok1.dsc
dpkg-source: info: extracting libimage-png-libpng-perl in src
dpkg-source: info: unpacking libimage-png-libpng-perl_0.57.orig.tar.gz
dpkg-source: info: unpacking libimage-png-libpng-perl_0.57-ok1.debian.tar.xz
+ chmod -R a+rX .
+ cd src/.
+ pwd
+ sed -n 1 {s/).*//; s/ (/\n/; p} debian/changelog
autopkgtest: DBG: testbed command exited with code 0
autopkgtest [14:40:11]: testing package libimage-png-libpng-perl version 0.57-ok1
autopkgtest: DBG: sending command to testbed: copyup /tmp/autopkgtest.eqvihD/build.fpY/src/debian/ /home/minami/Documents/openkylin-riscv/test/libimage-png-libpng-perl/pkg/debian/
autopkgtest-virt-qemu: DBG: executing copyup /tmp/autopkgtest.eqvihD/build.fpY/src/debian/ /home/minami/Documents/openkylin-riscv/test/libimage-png-libpng-perl/pkg/debian/
autopkgtest-virt-qemu: DBG: ['cmdls', "(['/tmp/autopkgtest-qemu.okf4v8nc/runcmd', 'sh', '-ec', 'cd /tmp/autopkgtest.eqvihD/build.fpY/src/debian/; tar --warning=none -c . -f -'], ['tar', '--directory', '/home/minami/Documents/openkylin-riscv/test/libimage-png-libpng-perl/pkg/debian/', '--warning=none', '--preserve-permissions', '--extract', '--no-same-owner', '-f', '-'])"]
autopkgtest-virt-qemu: DBG: ['srcstdin', "<_io.BufferedReader name='/dev/null'>", 'deststdout', "<_io.BufferedReader name='/dev/null'>", 'devnull_read', <_io.BufferedReader name='/dev/null'>]
autopkgtest-virt-qemu: DBG:  +< /tmp/autopkgtest-qemu.okf4v8nc/runcmd sh -ec cd /tmp/autopkgtest.eqvihD/build.fpY/src/debian/; tar --warning=none -c . -f -
autopkgtest-virt-qemu: DBG:  +> tar --directory /home/minami/Documents/openkylin-riscv/test/libimage-png-libpng-perl/pkg/debian/ --warning=none --preserve-permissions --extract --no-same-owner -f -
autopkgtest-virt-qemu: DBG:  +>?
autopkgtest-virt-qemu: DBG:  +<?
autopkgtest: DBG: got reply from testbed: ok
autopkgtest: DBG: autodep8 generated control: -----
Test-Command: /usr/share/pkg-perl-autopkgtest/runner build-deps
Depends: @, @builddeps@, pkg-perl-autopkgtest, 
Restrictions: skippable, 
Features: test-name=autodep8-perl-build-deps


Test-Command: /usr/share/pkg-perl-autopkgtest/runner runtime-deps
Depends: @, pkg-perl-autopkgtest, 
Restrictions: skippable, superficial, 
Features: test-name=autodep8-perl


Test-Command: /usr/share/pkg-perl-autopkgtest/runner runtime-deps-and-recommends
Depends: @, pkg-perl-autopkgtest, 
Restrictions: needs-recommends, skippable, superficial, 
Features: test-name=autodep8-perl-recommends


-------
autopkgtest: DBG: processing dependency @
autopkgtest: DBG: synthesised dependency libimage-png-libpng-perl
autopkgtest: DBG: processing dependency @builddeps@
autopkgtest: DBG: synthesised dependency debhelper-compat (= 13)
autopkgtest: DBG: synthesised dependency libpng-dev
autopkgtest: DBG: synthesised dependency perl-xs-dev
autopkgtest: DBG: synthesised dependency perl:native
autopkgtest: DBG: synthesised dependency zlib1g-dev
autopkgtest: DBG: synthesised dependency build-essential
autopkgtest: DBG: processing dependency pkg-perl-autopkgtest
autopkgtest: DBG: Test defined: name autodep8-perl-build-deps path None command "/usr/share/pkg-perl-autopkgtest/runner build-deps" restrictions ['skippable'] features ['test-name=autodep8-perl-build-deps'] depends ['libimage-png-libpng-perl', 'debhelper-compat (= 13)', 'libpng-dev', 'perl-xs-dev', 'perl:native', 'zlib1g-dev', 'build-essential', 'pkg-perl-autopkgtest'] 
autopkgtest: DBG: processing dependency @
autopkgtest: DBG: synthesised dependency libimage-png-libpng-perl
autopkgtest: DBG: processing dependency pkg-perl-autopkgtest
autopkgtest: DBG: Test defined: name autodep8-perl path None command "/usr/share/pkg-perl-autopkgtest/runner runtime-deps" restrictions ['skippable', 'superficial'] features ['test-name=autodep8-perl'] depends ['libimage-png-libpng-perl', 'pkg-perl-autopkgtest'] 
autopkgtest: DBG: processing dependency @
autopkgtest: DBG: synthesised dependency libimage-png-libpng-perl
autopkgtest: DBG: processing dependency pkg-perl-autopkgtest
autopkgtest: DBG: processing dependency @recommends@
autopkgtest: DBG: Test defined: name autodep8-perl-recommends path None command "/usr/share/pkg-perl-autopkgtest/runner runtime-deps-and-recommends" restrictions ['needs-recommends', 'skippable', 'superficial'] features ['test-name=autodep8-perl-recommends'] depends ['libimage-png-libpng-perl', 'pkg-perl-autopkgtest'] 
autopkgtest [14:40:11]: build not needed
autopkgtest: DBG: sending command to testbed: copyup /tmp/autopkgtest.eqvihD/build.fpY/src/ /home/minami/Documents/openkylin-riscv/test/libimage-png-libpng-perl/tests-tree/
autopkgtest-virt-qemu: DBG: executing copyup /tmp/autopkgtest.eqvihD/build.fpY/src/ /home/minami/Documents/openkylin-riscv/test/libimage-png-libpng-perl/tests-tree/
autopkgtest-virt-qemu: DBG: ['cmdls', "(['/tmp/autopkgtest-qemu.okf4v8nc/runcmd', 'sh', '-ec', 'cd /tmp/autopkgtest.eqvihD/build.fpY/src/; tar --warning=none -c . -f -'], ['tar', '--directory', '/home/minami/Documents/openkylin-riscv/test/libimage-png-libpng-perl/tests-tree/', '--warning=none', '--preserve-permissions', '--extract', '--no-same-owner', '-f', '-'])"]
autopkgtest-virt-qemu: DBG: ['srcstdin', "<_io.BufferedReader name='/dev/null'>", 'deststdout', "<_io.BufferedReader name='/dev/null'>", 'devnull_read', <_io.BufferedReader name='/dev/null'>]
autopkgtest-virt-qemu: DBG:  +< /tmp/autopkgtest-qemu.okf4v8nc/runcmd sh -ec cd /tmp/autopkgtest.eqvihD/build.fpY/src/; tar --warning=none -c . -f -
autopkgtest-virt-qemu: DBG:  +> tar --directory /home/minami/Documents/openkylin-riscv/test/libimage-png-libpng-perl/tests-tree/ --warning=none --preserve-permissions --extract --no-same-owner -f -
autopkgtest-virt-qemu: DBG:  +>?
autopkgtest-virt-qemu: DBG:  +<?
autopkgtest: DBG: got reply from testbed: ok
autopkgtest: DBG: autodep8 generated control: -----
Test-Command: /usr/share/pkg-perl-autopkgtest/runner build-deps
Depends: @, @builddeps@, pkg-perl-autopkgtest, 
Restrictions: skippable, 
Features: test-name=autodep8-perl-build-deps


Test-Command: /usr/share/pkg-perl-autopkgtest/runner runtime-deps
Depends: @, pkg-perl-autopkgtest, 
Restrictions: skippable, superficial, 
Features: test-name=autodep8-perl


Test-Command: /usr/share/pkg-perl-autopkgtest/runner runtime-deps-and-recommends
Depends: @, pkg-perl-autopkgtest, 
Restrictions: needs-recommends, skippable, superficial, 
Features: test-name=autodep8-perl-recommends


-------
autopkgtest: DBG: processing dependency @
autopkgtest: DBG: synthesised dependency libimage-png-libpng-perl
autopkgtest: DBG: processing dependency @builddeps@
autopkgtest: DBG: synthesised dependency debhelper-compat (= 13)
autopkgtest: DBG: synthesised dependency libpng-dev
autopkgtest: DBG: synthesised dependency perl-xs-dev
autopkgtest: DBG: synthesised dependency perl:native
autopkgtest: DBG: synthesised dependency zlib1g-dev
autopkgtest: DBG: synthesised dependency build-essential
autopkgtest: DBG: processing dependency pkg-perl-autopkgtest
autopkgtest: DBG: Test defined: name autodep8-perl-build-deps path None command "/usr/share/pkg-perl-autopkgtest/runner build-deps" restrictions ['skippable'] features ['test-name=autodep8-perl-build-deps'] depends ['libimage-png-libpng-perl', 'debhelper-compat (= 13)', 'libpng-dev', 'perl-xs-dev', 'perl:native', 'zlib1g-dev', 'build-essential', 'pkg-perl-autopkgtest'] 
autopkgtest: DBG: processing dependency @
autopkgtest: DBG: synthesised dependency libimage-png-libpng-perl
autopkgtest: DBG: processing dependency pkg-perl-autopkgtest
autopkgtest: DBG: Test defined: name autodep8-perl path None command "/usr/share/pkg-perl-autopkgtest/runner runtime-deps" restrictions ['skippable', 'superficial'] features ['test-name=autodep8-perl'] depends ['libimage-png-libpng-perl', 'pkg-perl-autopkgtest'] 
autopkgtest: DBG: processing dependency @
autopkgtest: DBG: synthesised dependency libimage-png-libpng-perl
autopkgtest: DBG: processing dependency pkg-perl-autopkgtest
autopkgtest: DBG: processing dependency @recommends@
autopkgtest: DBG: Test defined: name autodep8-perl-recommends path None command "/usr/share/pkg-perl-autopkgtest/runner runtime-deps-and-recommends" restrictions ['needs-recommends', 'skippable', 'superficial'] features ['test-name=autodep8-perl-recommends'] depends ['libimage-png-libpng-perl', 'pkg-perl-autopkgtest'] 
autopkgtest [14:40:12]: test autodep8-perl-build-deps: preparing testbed
autopkgtest: DBG: testbed reset: modified=False, deps_installed=[], deps_new=['libimage-png-libpng-perl', 'debhelper-compat (= 13)', 'libpng-dev', 'perl-xs-dev', 'perl:native', 'zlib1g-dev', 'build-essential', 'pkg-perl-autopkgtest']
autopkgtest: DBG: Binaries: no registered binaries, not publishing anything
autopkgtest: DBG: install_deps: deps_new=['libimage-png-libpng-perl', 'debhelper-compat (= 13)', 'libpng-dev', 'perl-xs-dev', 'perl:native', 'zlib1g-dev', 'build-essential', 'pkg-perl-autopkgtest']
autopkgtest: DBG: install-deps: satisfying libimage-png-libpng-perl, debhelper-compat (= 13), libpng-dev, perl-xs-dev, perl:native, zlib1g-dev, build-essential, pkg-perl-autopkgtest
autopkgtest: DBG: install-deps: architecture resolved: libimage-png-libpng-perl, debhelper-compat (= 13), libpng-dev, perl-xs-dev, perl, zlib1g-dev, build-essential, pkg-perl-autopkgtest
autopkgtest: DBG: testbed command ['test', '-w', '/var/lib/dpkg/status'], kind short, sout raw, serr raw, env []
autopkgtest: DBG: testbed command exited with code 0
autopkgtest: DBG: can use apt-get on testbed: True
autopkgtest: DBG: testbed command ['mkdir', '-p', '/tmp/autopkgtest.eqvihD'], kind short, sout raw, serr pipe, env []
autopkgtest: DBG: testbed command exited with code 0
autopkgtest: DBG: sending command to testbed: copydown /home/minami/Documents/openkylin-riscv/test/libimage-png-libpng-perl/1-autopkgtest-satdep.deb /tmp/autopkgtest.eqvihD/1-autopkgtest-satdep.deb
autopkgtest-virt-qemu: DBG: executing copydown /home/minami/Documents/openkylin-riscv/test/libimage-png-libpng-perl/1-autopkgtest-satdep.deb /tmp/autopkgtest.eqvihD/1-autopkgtest-satdep.deb
autopkgtest-virt-qemu: DBG: ['cmdls', "(['cat'], ['/tmp/autopkgtest-qemu.okf4v8nc/runcmd', 'sh', '-ec', 'cat >/tmp/autopkgtest.eqvihD/1-autopkgtest-satdep.deb'])"]
autopkgtest-virt-qemu: DBG: ['srcstdin', "<_io.BufferedReader name='/home/minami/Documents/openkylin-riscv/test/libimage-png-libpng-perl/1-autopkgtest-satdep.deb'>", 'deststdout', "<_io.BufferedReader name='/dev/null'>", 'devnull_read', <_io.BufferedReader name='/dev/null'>]
autopkgtest-virt-qemu: DBG:  +< cat
autopkgtest-virt-qemu: DBG:  +> /tmp/autopkgtest-qemu.okf4v8nc/runcmd sh -ec cat >/tmp/autopkgtest.eqvihD/1-autopkgtest-satdep.deb
autopkgtest-virt-qemu: DBG:  +>?
autopkgtest-virt-qemu: DBG:  +<?
autopkgtest: DBG: got reply from testbed: ok
autopkgtest: DBG: testbed command ['chown', '-R', 'openkylin', '--', '/tmp/autopkgtest.eqvihD/1-autopkgtest-satdep.deb'], kind short, sout raw, serr pipe, env []
autopkgtest: DBG: testbed command exited with code 0
autopkgtest: DBG: testbed command ['dpkg', '--unpack', '/tmp/autopkgtest.eqvihD/1-autopkgtest-satdep.deb'], kind short, sout pipe, serr pipe, env []
autopkgtest: DBG: testbed command exited with code 0
autopkgtest: DBG: testbed command ['/bin/sh', '-ec', ' apt-get install --assume-yes --fix-broken -o APT::Status-Fd=3 -o APT::Install-Recommends=false -o Dpkg::Options::=--force-confnew -o Debug::pkgProblemResolver=true 3>&2 2>&1'], kind install, sout raw, serr pipe, env ['DEBIAN_FRONTEND=noninteractive', 'APT_LISTBUGS_FRONTEND=none', 'APT_LISTCHANGES_FRONTEND=none']
Reading package lists...
Building dependency tree...
Reading state information...
Correcting dependencies...Starting pkgProblemResolver with broken count: 0
Starting 2 pkgProblemResolver with broken count: 0
Done
 Done
Starting pkgProblemResolver with broken count: 0
Starting 2 pkgProblemResolver with broken count: 0
Done
The following packages were automatically installed and are no longer required:
  libdjvulibre-text libdjvulibre21 libegl-dev libgl-dev libglu1-mesa-dev
  libglx-dev libmpdec2 libvulkan-dev libx11-dev libxau-dev libxcb1-dev
  libxdmcp-dev libxext-dev qt5-qmake qt5-qmake-bin x11proto-core-dev
  x11proto-dev xorg-sgml-doctools xtrans-dev
Use 'apt autoremove' to remove them.
The following additional packages will be installed:
  autoconf autodep8 automake autopoint autotools-dev build-essential
  dctrl-tools debhelper debugedit dh-autoreconf dh-strip-nondeterminism dwz
  g++ g++-9 gcc gcc-9 intltool-debian libarchive-zip-perl libcc1-0
  libdebhelper-perl libfile-stripnondeterminism-perl libimage-png-libpng-perl
  libperl-dev libpng-dev libsigsegv2 libsub-override-perl libtool m4
  pkg-perl-autopkgtest po-debconf
Suggested packages:
  autoconf-archive gnu-standards autoconf-doc debtags dh-make gcc-9-doc bison
  flex gcc-doc gcc-multilib gdb manpages-dev gcc-9-locales libtool-doc
  gfortran | fortran95-compiler gcj-jdk m4-doc libmail-box-perl
Recommended packages:
  libarchive-cpio-perl libpng-tools libltdl-dev libmail-sendmail-perl
The following NEW packages will be installed:
  autoconf autodep8 automake autopoint autotools-dev build-essential
  dctrl-tools debhelper debugedit dh-autoreconf dh-strip-nondeterminism dwz
  g++ g++-9 gcc gcc-9 intltool-debian libarchive-zip-perl libcc1-0
  libdebhelper-perl libfile-stripnondeterminism-perl libimage-png-libpng-perl
  libperl-dev libpng-dev libsigsegv2 libsub-override-perl libtool m4
  pkg-perl-autopkgtest po-debconf
0 upgraded, 30 newly installed, 0 to remove and 18 not upgraded.
1 not fully installed or removed.
Need to get 21.8 MB of archives.
After this operation, 67.7 MB of additional disk space will be used.
Get:1 http://archive.build.openkylin.top/openkylin yangtze/main riscv64 libimage-png-libpng-perl riscv64 0.57-ok1 [455 kB]
Get:2 http://ppa.build.openkylin.top/kylinsoft/anything/openkylin yangtze/main riscv64 autodep8 all 0.22-ok1 [10.1 kB]
Get:3 http://ppa.build.openkylin.top/kylinsoft/anything/openkylin yangtze/main riscv64 pkg-perl-autopkgtest all 0.59-ok1 [8,208 B]
Get:4 http://archive.build.openkylin.top/openkylin yangtze/main riscv64 autotools-dev all 20220506-ok1 [41.6 kB]
Get:5 http://archive.build.openkylin.top/openkylin yangtze/main riscv64 debugedit riscv64 1:5.0-ok1 [71.2 kB]
Get:6 http://archive.build.openkylin.top/openkylin yangtze/main riscv64 libsigsegv2 riscv64 2.12-ok1 [11.5 kB]
Get:7 http://archive.build.openkylin.top/openkylin yangtze/main riscv64 m4 riscv64 1.4.18-ok2 [191 kB]
Get:8 http://archive.build.openkylin.top/openkylin yangtze/main riscv64 autoconf all 2.71-ok2 [390 kB]
Get:9 http://archive.build.openkylin.top/openkylin yangtze/main riscv64 automake all 1:1.16.5-ok1 [557 kB]
Get:10 http://archive.build.openkylin.top/openkylin yangtze/main riscv64 autopoint all 0.19.8.1-ok1 [410 kB]
Get:11 http://archive.build.openkylin.top/openkylin yangtze/main riscv64 libdebhelper-perl all 13.6-ok1 [61.4 kB]
Get:12 http://archive.build.openkylin.top/openkylin yangtze/main riscv64 libcc1-0 riscv64 10-20200411-ok5 [42.3 kB]
Get:13 http://archive.build.openkylin.top/openkylin yangtze/main riscv64 gcc-9 riscv64 9.3.0-ok4 [7,417 kB]
Get:14 http://archive.build.openkylin.top/openkylin yangtze/main riscv64 gcc riscv64 4:9.3.0-ok7 [5,160 B]
Get:15 http://archive.build.openkylin.top/openkylin yangtze/main riscv64 libtool all 2.4.6-ok1 [159 kB]
Get:16 http://archive.build.openkylin.top/openkylin yangtze/main riscv64 dh-autoreconf all 20-ok1 [16.3 kB]
Get:17 http://archive.build.openkylin.top/openkylin yangtze/main riscv64 libarchive-zip-perl all 1.68-ok1 [90.7 kB]
Get:18 http://archive.build.openkylin.top/openkylin yangtze/main riscv64 libsub-override-perl all 0.09-ok2 [8,374 B]
Get:19 http://archive.build.openkylin.top/openkylin yangtze/main riscv64 libfile-stripnondeterminism-perl all 1.13.0-ok1 [16.8 kB]
Get:20 http://archive.build.openkylin.top/openkylin yangtze/main riscv64 dh-strip-nondeterminism all 1.13.0-ok1 [5,334 B]
Get:21 http://archive.build.openkylin.top/openkylin yangtze/main riscv64 dwz riscv64 0.14-ok1 [123 kB]
Get:22 http://archive.build.openkylin.top/openkylin yangtze/main riscv64 intltool-debian all 0.35.0+20060710.5-ok2 [23.2 kB]
Get:23 http://archive.build.openkylin.top/openkylin yangtze/main riscv64 po-debconf all 1.0.21+nmu1-ok1 [227 kB]
Get:24 http://archive.build.openkylin.top/openkylin yangtze/main riscv64 debhelper all 13.6-ok1 [931 kB]
Get:25 http://archive.build.openkylin.top/openkylin yangtze/main riscv64 libpng-dev riscv64 1.6.37-ok1 [287 kB]
Get:26 http://archive.build.openkylin.top/openkylin yangtze/main riscv64 libperl-dev riscv64 5.30.0-ok3 [2,644 kB]
Get:27 http://archive.build.openkylin.top/openkylin yangtze/main riscv64 g++-9 riscv64 9.3.0-ok4 [7,571 kB]
Get:28 http://archive.build.openkylin.top/openkylin yangtze/main riscv64 g++ riscv64 4:9.3.0-ok7 [1,470 B]
Get:29 http://archive.build.openkylin.top/openkylin yangtze/main riscv64 build-essential riscv64 12.8-ok1 [4,000 B]
Get:30 http://archive.build.openkylin.top/openkylin yangtze/main riscv64 dctrl-tools riscv64 2.24-ok1 [55.6 kB]
Fetched 21.8 MB in 4s (5,406 kB/s)
Selecting previously unselected package libimage-png-libpng-perl.
(Reading database ... (Reading database ... 5%(Reading database ... 10%(Reading database ... 15%(Reading database ... 20%(Reading database ... 25%(Reading database ... 30%(Reading database ... 35%(Reading database ... 40%(Reading database ... 45%(Reading database ... 50%(Reading database ... 55%(Reading database ... 60%(Reading database ... 65%(Reading database ... 70%(Reading database ... 75%(Reading database ... 80%(Reading database ... 85%(Reading database ... 90%(Reading database ... 95%(Reading database ... 100%(Reading database ... 161111 files and directories currently installed.)
Preparing to unpack .../00-libimage-png-libpng-perl_0.57-ok1_riscv64.deb ...
Unpacking libimage-png-libpng-perl (0.57-ok1) ...
Selecting previously unselected package autotools-dev.
Preparing to unpack .../01-autotools-dev_20220506-ok1_all.deb ...
Unpacking autotools-dev (20220506-ok1) ...
Selecting previously unselected package debugedit.
Preparing to unpack .../02-debugedit_1%3a5.0-ok1_riscv64.deb ...
Unpacking debugedit (1:5.0-ok1) ...
Selecting previously unselected package libsigsegv2:riscv64.
Preparing to unpack .../03-libsigsegv2_2.12-ok1_riscv64.deb ...
Unpacking libsigsegv2:riscv64 (2.12-ok1) ...
Selecting previously unselected package m4.
Preparing to unpack .../04-m4_1.4.18-ok2_riscv64.deb ...
Unpacking m4 (1.4.18-ok2) ...
Selecting previously unselected package autoconf.
Preparing to unpack .../05-autoconf_2.71-ok2_all.deb ...
Unpacking autoconf (2.71-ok2) ...
Selecting previously unselected package automake.
Preparing to unpack .../06-automake_1%3a1.16.5-ok1_all.deb ...
Unpacking automake (1:1.16.5-ok1) ...
Selecting previously unselected package autopoint.
Preparing to unpack .../07-autopoint_0.19.8.1-ok1_all.deb ...
Unpacking autopoint (0.19.8.1-ok1) ...
Selecting previously unselected package libdebhelper-perl.
Preparing to unpack .../08-libdebhelper-perl_13.6-ok1_all.deb ...
Unpacking libdebhelper-perl (13.6-ok1) ...
Selecting previously unselected package libcc1-0:riscv64.
Preparing to unpack .../09-libcc1-0_10-20200411-ok5_riscv64.deb ...
Unpacking libcc1-0:riscv64 (10-20200411-ok5) ...
Selecting previously unselected package gcc-9.
Preparing to unpack .../10-gcc-9_9.3.0-ok4_riscv64.deb ...
Unpacking gcc-9 (9.3.0-ok4) ...
Selecting previously unselected package gcc.
Preparing to unpack .../11-gcc_4%3a9.3.0-ok7_riscv64.deb ...
Unpacking gcc (4:9.3.0-ok7) ...
Selecting previously unselected package libtool.
Preparing to unpack .../12-libtool_2.4.6-ok1_all.deb ...
Unpacking libtool (2.4.6-ok1) ...
Selecting previously unselected package dh-autoreconf.
Preparing to unpack .../13-dh-autoreconf_20-ok1_all.deb ...
Unpacking dh-autoreconf (20-ok1) ...
Selecting previously unselected package libarchive-zip-perl.
Preparing to unpack .../14-libarchive-zip-perl_1.68-ok1_all.deb ...
Unpacking libarchive-zip-perl (1.68-ok1) ...
Selecting previously unselected package libsub-override-perl.
Preparing to unpack .../15-libsub-override-perl_0.09-ok2_all.deb ...
Unpacking libsub-override-perl (0.09-ok2) ...
Selecting previously unselected package libfile-stripnondeterminism-perl.
Preparing to unpack .../16-libfile-stripnondeterminism-perl_1.13.0-ok1_all.deb ...
Unpacking libfile-stripnondeterminism-perl (1.13.0-ok1) ...
Selecting previously unselected package dh-strip-nondeterminism.
Preparing to unpack .../17-dh-strip-nondeterminism_1.13.0-ok1_all.deb ...
Unpacking dh-strip-nondeterminism (1.13.0-ok1) ...
Selecting previously unselected package dwz.
Preparing to unpack .../18-dwz_0.14-ok1_riscv64.deb ...
Unpacking dwz (0.14-ok1) ...
Selecting previously unselected package intltool-debian.
Preparing to unpack .../19-intltool-debian_0.35.0+20060710.5-ok2_all.deb ...
Unpacking intltool-debian (0.35.0+20060710.5-ok2) ...
Selecting previously unselected package po-debconf.
Preparing to unpack .../20-po-debconf_1.0.21+nmu1-ok1_all.deb ...
Unpacking po-debconf (1.0.21+nmu1-ok1) ...
Selecting previously unselected package debhelper.
Preparing to unpack .../21-debhelper_13.6-ok1_all.deb ...
Unpacking debhelper (13.6-ok1) ...
Selecting previously unselected package libpng-dev:riscv64.
Preparing to unpack .../22-libpng-dev_1.6.37-ok1_riscv64.deb ...
Unpacking libpng-dev:riscv64 (1.6.37-ok1) ...
Selecting previously unselected package libperl-dev:riscv64.
Preparing to unpack .../23-libperl-dev_5.30.0-ok3_riscv64.deb ...
Unpacking libperl-dev:riscv64 (5.30.0-ok3) ...
Selecting previously unselected package g++-9.
Preparing to unpack .../24-g++-9_9.3.0-ok4_riscv64.deb ...
Unpacking g++-9 (9.3.0-ok4) ...
Selecting previously unselected package g++.
Preparing to unpack .../25-g++_4%3a9.3.0-ok7_riscv64.deb ...
Unpacking g++ (4:9.3.0-ok7) ...
Selecting previously unselected package build-essential.
Preparing to unpack .../26-build-essential_12.8-ok1_riscv64.deb ...
Unpacking build-essential (12.8-ok1) ...
Selecting previously unselected package dctrl-tools.
Preparing to unpack .../27-dctrl-tools_2.24-ok1_riscv64.deb ...
Unpacking dctrl-tools (2.24-ok1) ...
Selecting previously unselected package autodep8.
Preparing to unpack .../28-autodep8_0.22-ok1_all.deb ...
Unpacking autodep8 (0.22-ok1) ...
Selecting previously unselected package pkg-perl-autopkgtest.
Preparing to unpack .../29-pkg-perl-autopkgtest_0.59-ok1_all.deb ...
Unpacking pkg-perl-autopkgtest (0.59-ok1) ...
Setting up libarchive-zip-perl (1.68-ok1) ...
Setting up libdebhelper-perl (13.6-ok1) ...
Setting up libpng-dev:riscv64 (1.6.37-ok1) ...
Setting up libperl-dev:riscv64 (5.30.0-ok3) ...
Setting up intltool-debian (0.35.0+20060710.5-ok2) ...
Setting up autotools-dev (20220506-ok1) ...
Setting up libsigsegv2:riscv64 (2.12-ok1) ...
Setting up autopoint (0.19.8.1-ok1) ...
Setting up dwz (0.14-ok1) ...
Setting up debugedit (1:5.0-ok1) ...
Setting up libsub-override-perl (0.09-ok2) ...
Setting up libimage-png-libpng-perl (0.57-ok1) ...
Setting up libcc1-0:riscv64 (10-20200411-ok5) ...
Setting up dctrl-tools (2.24-ok1) ...
Setting up autodep8 (0.22-ok1) ...
Setting up libfile-stripnondeterminism-perl (1.13.0-ok1) ...
Setting up gcc-9 (9.3.0-ok4) ...
Setting up libtool (2.4.6-ok1) ...
Setting up po-debconf (1.0.21+nmu1-ok1) ...
Setting up m4 (1.4.18-ok2) ...
Setting up gcc (4:9.3.0-ok7) ...
Setting up g++-9 (9.3.0-ok4) ...
Setting up pkg-perl-autopkgtest (0.59-ok1) ...
Setting up autoconf (2.71-ok2) ...
Setting up dh-strip-nondeterminism (1.13.0-ok1) ...
Setting up g++ (4:9.3.0-ok7) ...
update-alternatives: using /usr/bin/g++ to provide /usr/bin/c++ (c++) in auto mode
Setting up build-essential (12.8-ok1) ...
Setting up automake (1:1.16.5-ok1) ...
update-alternatives: using /usr/bin/automake-1.16 to provide /usr/bin/automake (automake) in auto mode
Setting up dh-autoreconf (20-ok1) ...
Setting up debhelper (13.6-ok1) ...
Setting up autopkgtest-satdep (0) ...
Processing triggers for man-db (2.9.1-ok3) ...
Processing triggers for install-info (6.7.0.dfsg.2-ok1) ...
Processing triggers for libc-bin (2.36-ok2) ...
autopkgtest: DBG: testbed command exited with code 0
autopkgtest: DBG: testbed command ['dpkg-query', '--show', '-f', '${Status}', 'libimage-png-libpng-perl'], kind short, sout pipe, serr pipe, env []
autopkgtest: DBG: testbed command exited with code 0
autopkgtest: DBG: testbed command ['dpkg', '--status', 'autopkgtest-satdep'], kind short, sout pipe, serr pipe, env []
autopkgtest: DBG: testbed command exited with code 0
autopkgtest: DBG: testbed command ['apt-get', '--simulate', '--quiet', '-o', 'APT::Get::Show-User-Simulation-Note=False', '--auto-remove', 'purge', 'autopkgtest-satdep'], kind short, sout pipe, serr pipe, env []
autopkgtest: DBG: testbed command exited with code 0
autopkgtest: DBG: Marking test dependencies as manually installed: pkg-perl-autopkgtest autodep8 dctrl-tools dh-autoreconf debhelper dh-strip-nondeterminism debugedit dwz po-debconf intltool-debian libfile-stripnondeterminism-perl libarchive-zip-perl libdebhelper-perl libdjvulibre21 libdjvulibre-text libegl-dev libglu1-mesa-dev libgl-dev libglx-dev libimage-png-libpng-perl libmpdec2 libperl-dev libpng-dev libsub-override-perl libvulkan-dev libxext-dev libx11-dev libxcb1-dev libxau-dev libxdmcp-dev qt5-qmake qt5-qmake-bin x11proto-core-dev x11proto-dev xorg-sgml-doctools xtrans-dev
autopkgtest: DBG: testbed command ['apt-mark', 'manual', '-qq', 'pkg-perl-autopkgtest', 'autodep8', 'dctrl-tools', 'dh-autoreconf', 'debhelper', 'dh-strip-nondeterminism', 'debugedit', 'dwz', 'po-debconf', 'intltool-debian', 'libfile-stripnondeterminism-perl', 'libarchive-zip-perl', 'libdebhelper-perl', 'libdjvulibre21', 'libdjvulibre-text', 'libegl-dev', 'libglu1-mesa-dev', 'libgl-dev', 'libglx-dev', 'libimage-png-libpng-perl'], kind short, sout raw, serr pipe, env []
autopkgtest: DBG: testbed command exited with code 0
autopkgtest: DBG: testbed command ['apt-mark', 'manual', '-qq', 'libmpdec2', 'libperl-dev', 'libpng-dev', 'libsub-override-perl', 'libvulkan-dev', 'libxext-dev', 'libx11-dev', 'libxcb1-dev', 'libxau-dev', 'libxdmcp-dev', 'qt5-qmake', 'qt5-qmake-bin', 'x11proto-core-dev', 'x11proto-dev', 'xorg-sgml-doctools', 'xtrans-dev'], kind short, sout raw, serr pipe, env []
autopkgtest: DBG: testbed command exited with code 0
autopkgtest: DBG: testbed command ['dpkg', '--purge', 'autopkgtest-satdep'], kind short, sout raw, serr raw, env []
(Reading database ... 162357 files and directories currently installed.)
Removing autopkgtest-satdep (0) ...
autopkgtest: DBG: testbed command exited with code 0
autopkgtest: DBG: testbed command ['sh', '-ec', 'command -v dpkg-query'], kind short, sout pipe, serr pipe, env []
autopkgtest: DBG: testbed command exited with code 0
autopkgtest: DBG: testbed command ['sh', '-ec', "dpkg-query --show -f '${Package}\\t${Version}\\n' > /tmp/autopkgtest.eqvihD/autodep8-perl-build-deps-packages.all"], kind short, sout raw, serr pipe, env []
autopkgtest: DBG: testbed command exited with code 0
autopkgtest: DBG: sending command to testbed: copyup /tmp/autopkgtest.eqvihD/autodep8-perl-build-deps-packages.all /home/minami/Documents/openkylin-riscv/test/libimage-png-libpng-perl/autodep8-perl-build-deps-packages.all
autopkgtest-virt-qemu: DBG: executing copyup /tmp/autopkgtest.eqvihD/autodep8-perl-build-deps-packages.all /home/minami/Documents/openkylin-riscv/test/libimage-png-libpng-perl/autodep8-perl-build-deps-packages.all
autopkgtest-virt-qemu: DBG: ['cmdls', "(['/tmp/autopkgtest-qemu.okf4v8nc/runcmd', 'sh', '-ec', 'cat </tmp/autopkgtest.eqvihD/autodep8-perl-build-deps-packages.all'], ['cat'])"]
autopkgtest-virt-qemu: DBG: ['srcstdin', "<_io.BufferedReader name='/dev/null'>", 'deststdout', "<_io.BufferedWriter name='/home/minami/Documents/openkylin-riscv/test/libimage-png-libpng-perl/autodep8-perl-build-deps-packages.all'>", 'devnull_read', <_io.BufferedReader name='/dev/null'>]
autopkgtest-virt-qemu: DBG:  +< /tmp/autopkgtest-qemu.okf4v8nc/runcmd sh -ec cat </tmp/autopkgtest.eqvihD/autodep8-perl-build-deps-packages.all
autopkgtest-virt-qemu: DBG:  +> cat
autopkgtest-virt-qemu: DBG:  +>?
autopkgtest-virt-qemu: DBG:  +<?
autopkgtest: DBG: got reply from testbed: ok
autopkgtest: DBG: testbed command ['test', '-e', '/tmp/autopkgtest.eqvihD/build.fpY/src'], kind short, sout raw, serr raw, env []
autopkgtest: DBG: testbed command exited with code 0
autopkgtest: DBG: copydown: tb path /tmp/autopkgtest.eqvihD/build.fpY/src already exists
autopkgtest [14:41:57]: test autodep8-perl-build-deps: /usr/share/pkg-perl-autopkgtest/runner build-deps
autopkgtest [14:41:57]: test autodep8-perl-build-deps: [-----------------------
autopkgtest: DBG: testbed command ['su', '-s', '/bin/bash', 'openkylin', '-c', 'set -e; export USER=`id -nu`; . /etc/profile >/dev/null 2>&1 || true;  . ~/.profile >/dev/null 2>&1 || true; buildtree="/tmp/autopkgtest.eqvihD/build.fpY/src"; mkdir -p -m 1777 -- "/tmp/autopkgtest.eqvihD/autodep8-perl-build-deps-artifacts"; export AUTOPKGTEST_ARTIFACTS="/tmp/autopkgtest.eqvihD/autodep8-perl-build-deps-artifacts"; export ADT_ARTIFACTS="$AUTOPKGTEST_ARTIFACTS"; mkdir -p -m 755 "/tmp/autopkgtest.eqvihD/autopkgtest_tmp"; export AUTOPKGTEST_TMP="/tmp/autopkgtest.eqvihD/autopkgtest_tmp"; export ADTTMP="$AUTOPKGTEST_TMP"; export DEBIAN_FRONTEND=noninteractive; export LANG=C.UTF-8; export DEB_BUILD_OPTIONS=parallel=8; unset LANGUAGE LC_CTYPE LC_NUMERIC LC_TIME LC_COLLATE   LC_MONETARY LC_MESSAGES LC_PAPER LC_NAME LC_ADDRESS   LC_TELEPHONE LC_MEASUREMENT LC_IDENTIFICATION LC_ALL;cd "$buildtree"; exec /tmp/autopkgtest.eqvihD/wrapper.sh --script-pid-file=/tmp/autopkgtest_script_pid --stderr=/tmp/autopkgtest.eqvihD/autodep8-perl-build-deps-stderr --stdout=/tmp/autopkgtest.eqvihD/autodep8-perl-build-deps-stdout -- bash -ec \'/usr/share/pkg-perl-autopkgtest/runner build-deps\' ;'], kind test, sout raw, serr raw, env []
t/Const.t ............. 
1..3
ok 1 - use Image::PNG::Const;
ok 2 - Got a test constant
ok 3 - Test an or'd constant
ok
t/Libpng.t ............ 
ok 1 - call "create_read_struct" and get something
ok 2 - width
ok 3 - height
ok 4 - no error from destroy_read_struct
ok 5 - Numerical version number OK
ok 6 - Error reading bad PNG causes croak (not core dump)
ok 7 - Found string 'libpng error' in error message.
ok 8 - Produces error for empty @rows
ok 9 - Produces error on write if no output file has been set
1..9
ok
t/PLTE.t .............. 
1..3
ok 1
ok 2
ok 3
ok
t/bKGD.t .............. 
ok 1 - get background got OK
ok 2 - index background
ok 3 - green background
ok 4 - red background
ok 5 - blue background
ok 6 - gray background
ok 7 - Valid IDAT
ok 8 - Valid bKGD
ok 9 - Valid gAMA
ok 10 - Key green OK in written then read file
ok 11 - Key blue OK in written then read file
ok 12 - Key red OK in written then read file
1..12
ok
t/bogus.t ............. skipped: libpng version is 1.6.37
t/cHRM.t .............. 
ok 1 - has cHRM chunk
ok 2 - Green X value OK
1..2
ok
t/chrm-xyz.t .......... 
ok 1 - got a cHRM chunk
ok 2 - round trip of red_y (0.33335, 0.333333333333333) of cHRM_XYZ
ok 3 - round trip of red_z (0.47944, 0.479404662360565) of cHRM_XYZ
ok 4 - round trip of blue_z (0.97296, 0.973139769254836) of cHRM_XYZ
ok 5 - round trip of blue_y (0.33326, 0.333333333333333) of cHRM_XYZ
ok 6 - round trip of green_x (0.57231, 0.57222996059598) of cHRM_XYZ
ok 7 - round trip of red_x (0.80984, 0.809770379521982) of cHRM_XYZ
ok 8 - round trip of blue_x (0.78333, 0.783478577193943) of cHRM_XYZ
ok 9 - round trip of green_y (0.33338, 0.333333333333333) of cHRM_XYZ
ok 10 - round trip of green_z (0.85646, 0.85632538956996) of cHRM_XYZ
1..10
ok
t/chunk-cache-max.t ... 
ok 1 - Round trip of chunk_cache_max
1..1
ok
t/chunk-malloc-max.t .. 
ok 1 - chunk_malloc_max round trip
1..1
ok
t/comp-buff.t ......... 
ok 1 - Got buffer size back
ok 2 - Was able to read and write after setting compression buffer size
ok 3 - Got warning 'libpng warning: Compression buffer size cannot be reduced below 6
# ' with small buffer size
1..3
ok
t/compress-level.t .... 
ok 1 - Read test file '/tmp/autopkgtest.eqvihD/autopkgtest_tmp/smokejToXaM/t/libpng/z00n2c08.png'
ok 2 - source /tmp/autopkgtest.eqvihD/autopkgtest_tmp/smokejToXaM/t/libpng/z00n2c08.png (level: 0, 3172 bytes) equal to target (level: 0, 3172 bytes)
ok 3 - source /tmp/autopkgtest.eqvihD/autopkgtest_tmp/smokejToXaM/t/libpng/z00n2c08.png (level: 0, 3172 bytes) larger than target (level: 3, 232 bytes)
ok 4 - source /tmp/autopkgtest.eqvihD/autopkgtest_tmp/smokejToXaM/t/libpng/z00n2c08.png (level: 0, 3172 bytes) larger than target (level: 6, 224 bytes)
ok 5 - source /tmp/autopkgtest.eqvihD/autopkgtest_tmp/smokejToXaM/t/libpng/z00n2c08.png (level: 0, 3172 bytes) larger than target (level: 9, 224 bytes)
ok 6 - Read test file '/tmp/autopkgtest.eqvihD/autopkgtest_tmp/smokejToXaM/t/libpng/z03n2c08.png'
ok 7 - source /tmp/autopkgtest.eqvihD/autopkgtest_tmp/smokejToXaM/t/libpng/z03n2c08.png (level: 3, 232 bytes) smaller than target (level: 0, 3172 bytes)
ok 8 - source /tmp/autopkgtest.eqvihD/autopkgtest_tmp/smokejToXaM/t/libpng/z03n2c08.png (level: 3, 232 bytes) equal to target (level: 3, 232 bytes)
ok 9 - source /tmp/autopkgtest.eqvihD/autopkgtest_tmp/smokejToXaM/t/libpng/z03n2c08.png (level: 3, 232 bytes) larger than target (level: 6, 224 bytes)
ok 10 - source /tmp/autopkgtest.eqvihD/autopkgtest_tmp/smokejToXaM/t/libpng/z03n2c08.png (level: 3, 232 bytes) larger than target (level: 9, 224 bytes)
ok 11 - Read test file '/tmp/autopkgtest.eqvihD/autopkgtest_tmp/smokejToXaM/t/libpng/z06n2c08.png'
ok 12 - source /tmp/autopkgtest.eqvihD/autopkgtest_tmp/smokejToXaM/t/libpng/z06n2c08.png (level: 6, 224 bytes) smaller than target (level: 0, 3172 bytes)
ok 13 - source /tmp/autopkgtest.eqvihD/autopkgtest_tmp/smokejToXaM/t/libpng/z06n2c08.png (level: 6, 224 bytes) smaller than target (level: 3, 232 bytes)
ok 14 - source /tmp/autopkgtest.eqvihD/autopkgtest_tmp/smokejToXaM/t/libpng/z06n2c08.png (level: 6, 224 bytes) equal to target (level: 6, 224 bytes)
ok 15 - source /tmp/autopkgtest.eqvihD/autopkgtest_tmp/smokejToXaM/t/libpng/z06n2c08.png (level: 6, 224 bytes) larger than target (level: 9, 224 bytes)
ok 16 - Read test file '/tmp/autopkgtest.eqvihD/autopkgtest_tmp/smokejToXaM/t/libpng/z09n2c08.png'
ok 17 - source /tmp/autopkgtest.eqvihD/autopkgtest_tmp/smokejToXaM/t/libpng/z09n2c08.png (level: 9, 224 bytes) smaller than target (level: 0, 3172 bytes)
ok 18 - source /tmp/autopkgtest.eqvihD/autopkgtest_tmp/smokejToXaM/t/libpng/z09n2c08.png (level: 9, 224 bytes) smaller than target (level: 3, 232 bytes)
ok 19 - source /tmp/autopkgtest.eqvihD/autopkgtest_tmp/smokejToXaM/t/libpng/z09n2c08.png (level: 9, 224 bytes) smaller than target (level: 6, 224 bytes)
ok 20 - source /tmp/autopkgtest.eqvihD/autopkgtest_tmp/smokejToXaM/t/libpng/z09n2c08.png (level: 9, 224 bytes) equal to target (level: 9, 224 bytes)
ok 21 - 12 files changed size because of compress_level
ok 22 - Read test file '/tmp/autopkgtest.eqvihD/autopkgtest_tmp/smokejToXaM/t/libpng/z06n2c08.png'
ok 23 - Error with too big compression level
ok 24 - Error with too small compression level
ok 25 - No error with compression -1 for default compression
ok 26 - No error with compression level 0 (none)
ok 27 - No error with compression level 9 (best)
1..27
ok
t/copy-all-png.t ...... 
height: 32 != 32
width: 32 != 32
ok 1 - basi0g01.png copied OK
height: 32 != 32
width: 32 != 32
ok 2 - basi0g02.png copied OK
height: 32 != 32
width: 32 != 32
ok 3 - basi0g04.png copied OK
height: 32 != 32
width: 32 != 32
ok 4 - basi0g08.png copied OK
height: 32 != 32
width: 32 != 32
ok 5 - basi0g16.png copied OK
height: 32 != 32
width: 32 != 32
ok 6 - basi2c08.png copied OK
height: 32 != 32
width: 32 != 32
ok 7 - basi2c16.png copied OK
height: 32 != 32
width: 32 != 32
ok 8 - basi3p01.png copied OK
height: 32 != 32
width: 32 != 32
ok 9 - basi3p02.png copied OK
height: 32 != 32
width: 32 != 32
ok 10 - basi3p04.png copied OK
height: 32 != 32
width: 32 != 32
ok 11 - basi3p08.png copied OK
height: 32 != 32
width: 32 != 32
ok 12 - basi4a08.png copied OK
height: 32 != 32
width: 32 != 32
ok 13 - basi4a16.png copied OK
height: 32 != 32
width: 32 != 32
ok 14 - basi6a08.png copied OK
height: 32 != 32
width: 32 != 32
ok 15 - basi6a16.png copied OK
height: 32 != 32
width: 32 != 32
ok 16 - basn0g01.png copied OK
height: 32 != 32
width: 32 != 32
ok 17 - basn0g02.png copied OK
height: 32 != 32
width: 32 != 32
ok 18 - basn0g04.png copied OK
height: 32 != 32
width: 32 != 32
ok 19 - basn0g08.png copied OK
height: 32 != 32
width: 32 != 32
ok 20 - basn0g16.png copied OK
height: 32 != 32
width: 32 != 32
ok 21 - basn2c08.png copied OK
height: 32 != 32
width: 32 != 32
ok 22 - basn2c16.png copied OK
height: 32 != 32
width: 32 != 32
ok 23 - basn3p01.png copied OK
height: 32 != 32
width: 32 != 32
ok 24 - basn3p02.png copied OK
height: 32 != 32
width: 32 != 32
ok 25 - basn3p04.png copied OK
height: 32 != 32
width: 32 != 32
ok 26 - basn3p08.png copied OK
height: 32 != 32
width: 32 != 32
ok 27 - basn4a08.png copied OK
height: 32 != 32
width: 32 != 32
ok 28 - basn4a16.png copied OK
height: 32 != 32
width: 32 != 32
ok 29 - basn6a08.png copied OK
height: 32 != 32
width: 32 != 32
ok 30 - basn6a16.png copied OK
height: 32 != 32
width: 32 != 32
ok 31 - bgai4a08.png copied OK
height: 32 != 32
width: 32 != 32
ok 32 - bgai4a16.png copied OK
height: 32 != 32
width: 32 != 32
ok 33 - bgan6a08.png copied OK
height: 32 != 32
width: 32 != 32
ok 34 - bgan6a16.png copied OK
height: 32 != 32
width: 32 != 32
ok 35 - bgbn4a08.png copied OK
height: 32 != 32
width: 32 != 32
ok 36 - bggn4a16.png copied OK
height: 32 != 32
width: 32 != 32
ok 37 - bgwn6a08.png copied OK
height: 32 != 32
width: 32 != 32
ok 38 - bgyn6a16.png copied OK
height: 32 != 32
width: 32 != 32
ok 39 - ccwn2c08.png copied OK
height: 32 != 32
width: 32 != 32
ok 40 - ccwn3p08.png copied OK
height: 32 != 32
width: 8 != 8
ok 41 - cdfn2c08.png copied OK
height: 8 != 8
width: 32 != 32
ok 42 - cdhn2c08.png copied OK
height: 8 != 8
width: 8 != 8
ok 43 - cdsn2c08.png copied OK
height: 32 != 32
width: 32 != 32
ok 44 - cdun2c08.png copied OK
height: 32 != 32
width: 32 != 32
ok 45 - ch1n3p04.png copied OK
height: 32 != 32
width: 32 != 32
ok 46 - ch2n3p08.png copied OK
height: 32 != 32
width: 32 != 32
ok 47 - cm0n0g04.png copied OK
height: 32 != 32
width: 32 != 32
ok 48 - cm7n0g04.png copied OK
height: 32 != 32
width: 32 != 32
ok 49 - cm9n0g04.png copied OK
height: 32 != 32
width: 32 != 32
ok 50 - cs3n2c16.png copied OK
height: 32 != 32
width: 32 != 32
ok 51 - cs3n3p08.png copied OK
height: 32 != 32
width: 32 != 32
ok 52 - cs5n2c08.png copied OK
height: 32 != 32
width: 32 != 32
ok 53 - cs5n3p08.png copied OK
height: 32 != 32
width: 32 != 32
ok 54 - cs8n2c08.png copied OK
height: 32 != 32
width: 32 != 32
ok 55 - cs8n3p08.png copied OK
height: 32 != 32
width: 32 != 32
ok 56 - ct0n0g04.png copied OK
height: 32 != 32
width: 32 != 32
ok 57 - ct1n0g04.png copied OK
height: 32 != 32
width: 32 != 32
ok 58 - cten0g04.png copied OK
height: 32 != 32
width: 32 != 32
ok 59 - ctfn0g04.png copied OK
height: 32 != 32
width: 32 != 32
ok 60 - ctgn0g04.png copied OK
height: 32 != 32
width: 32 != 32
ok 61 - cthn0g04.png copied OK
height: 32 != 32
width: 32 != 32
ok 62 - ctjn0g04.png copied OK
height: 32 != 32
width: 32 != 32
ok 63 - ctzn0g04.png copied OK
height: 32 != 32
width: 32 != 32
ok 64 - f00n0g08.png copied OK
height: 32 != 32
width: 32 != 32
ok 65 - f00n2c08.png copied OK
height: 32 != 32
width: 32 != 32
ok 66 - f01n0g08.png copied OK
height: 32 != 32
width: 32 != 32
ok 67 - f01n2c08.png copied OK
height: 32 != 32
width: 32 != 32
ok 68 - f02n0g08.png copied OK
height: 32 != 32
width: 32 != 32
ok 69 - f02n2c08.png copied OK
height: 32 != 32
width: 32 != 32
ok 70 - f03n0g08.png copied OK
height: 32 != 32
width: 32 != 32
ok 71 - f03n2c08.png copied OK
height: 32 != 32
width: 32 != 32
ok 72 - f04n0g08.png copied OK
height: 32 != 32
width: 32 != 32
ok 73 - f04n2c08.png copied OK
height: 32 != 32
width: 32 != 32
ok 74 - f99n0g04.png copied OK
height: 32 != 32
width: 32 != 32
ok 75 - g03n0g16.png copied OK
height: 32 != 32
width: 32 != 32
ok 76 - g03n2c08.png copied OK
height: 32 != 32
width: 32 != 32
ok 77 - g03n3p04.png copied OK
height: 32 != 32
width: 32 != 32
ok 78 - g04n0g16.png copied OK
height: 32 != 32
width: 32 != 32
ok 79 - g04n2c08.png copied OK
height: 32 != 32
width: 32 != 32
ok 80 - g04n3p04.png copied OK
height: 32 != 32
width: 32 != 32
ok 81 - g05n0g16.png copied OK
height: 32 != 32
width: 32 != 32
ok 82 - g05n2c08.png copied OK
height: 32 != 32
width: 32 != 32
ok 83 - g05n3p04.png copied OK
height: 32 != 32
width: 32 != 32
ok 84 - g07n0g16.png copied OK
height: 32 != 32
width: 32 != 32
ok 85 - g07n2c08.png copied OK
height: 32 != 32
width: 32 != 32
ok 86 - g07n3p04.png copied OK
height: 32 != 32
width: 32 != 32
ok 87 - g10n0g16.png copied OK
height: 32 != 32
width: 32 != 32
ok 88 - g10n2c08.png copied OK
height: 32 != 32
width: 32 != 32
ok 89 - g10n3p04.png copied OK
height: 32 != 32
width: 32 != 32
ok 90 - g25n0g16.png copied OK
height: 32 != 32
width: 32 != 32
ok 91 - g25n2c08.png copied OK
height: 32 != 32
width: 32 != 32
ok 92 - g25n3p04.png copied OK
height: 32 != 32
width: 32 != 32
ok 93 - oi1n0g16.png copied OK
height: 32 != 32
width: 32 != 32
ok 94 - oi1n2c16.png copied OK
height: 32 != 32
width: 32 != 32
ok 95 - oi2n0g16.png copied OK
height: 32 != 32
width: 32 != 32
ok 96 - oi2n2c16.png copied OK
height: 32 != 32
width: 32 != 32
ok 97 - oi4n0g16.png copied OK
height: 32 != 32
width: 32 != 32
ok 98 - oi4n2c16.png copied OK
height: 256 != 256
width: 256 != 256
ok 99 - PngSuite.png copied OK
height: 32 != 32
width: 32 != 32
ok 100 - pp0n2c16.png copied OK
height: 32 != 32
width: 32 != 32
ok 101 - pp0n6a08.png copied OK
height: 32 != 32
width: 32 != 32
ok 102 - ps1n0g08.png copied OK
height: 32 != 32
width: 32 != 32
ok 103 - ps1n2c16.png copied OK
height: 32 != 32
width: 32 != 32
ok 104 - ps2n0g08.png copied OK
height: 32 != 32
width: 32 != 32
ok 105 - ps2n2c16.png copied OK
height: 1 != 1
width: 1 != 1
ok 106 - s01i3p01.png copied OK
height: 1 != 1
width: 1 != 1
ok 107 - s01n3p01.png copied OK
height: 2 != 2
width: 2 != 2
ok 108 - s02i3p01.png copied OK
height: 2 != 2
width: 2 != 2
ok 109 - s02n3p01.png copied OK
height: 3 != 3
width: 3 != 3
ok 110 - s03i3p01.png copied OK
height: 3 != 3
width: 3 != 3
ok 111 - s03n3p01.png copied OK
height: 4 != 4
width: 4 != 4
ok 112 - s04i3p01.png copied OK
height: 4 != 4
width: 4 != 4
ok 113 - s04n3p01.png copied OK
height: 5 != 5
width: 5 != 5
ok 114 - s05i3p02.png copied OK
height: 5 != 5
width: 5 != 5
ok 115 - s05n3p02.png copied OK
height: 6 != 6
width: 6 != 6
ok 116 - s06i3p02.png copied OK
height: 6 != 6
width: 6 != 6
ok 117 - s06n3p02.png copied OK
height: 7 != 7
width: 7 != 7
ok 118 - s07i3p02.png copied OK
height: 7 != 7
width: 7 != 7
ok 119 - s07n3p02.png copied OK
height: 8 != 8
width: 8 != 8
ok 120 - s08i3p02.png copied OK
height: 8 != 8
width: 8 != 8
ok 121 - s08n3p02.png copied OK
height: 9 != 9
width: 9 != 9
ok 122 - s09i3p02.png copied OK
height: 9 != 9
width: 9 != 9
ok 123 - s09n3p02.png copied OK
height: 32 != 32
width: 32 != 32
ok 124 - s32i3p04.png copied OK
height: 32 != 32
width: 32 != 32
ok 125 - s32n3p04.png copied OK
height: 33 != 33
width: 33 != 33
ok 126 - s33i3p04.png copied OK
height: 33 != 33
width: 33 != 33
ok 127 - s33n3p04.png copied OK
height: 34 != 34
width: 34 != 34
ok 128 - s34i3p04.png copied OK
height: 34 != 34
width: 34 != 34
ok 129 - s34n3p04.png copied OK
height: 35 != 35
width: 35 != 35
ok 130 - s35i3p04.png copied OK
height: 35 != 35
width: 35 != 35
ok 131 - s35n3p04.png copied OK
height: 36 != 36
width: 36 != 36
ok 132 - s36i3p04.png copied OK
height: 36 != 36
width: 36 != 36
ok 133 - s36n3p04.png copied OK
height: 37 != 37
width: 37 != 37
ok 134 - s37i3p04.png copied OK
height: 37 != 37
width: 37 != 37
ok 135 - s37n3p04.png copied OK
height: 38 != 38
width: 38 != 38
ok 136 - s38i3p04.png copied OK
height: 38 != 38
width: 38 != 38
ok 137 - s38n3p04.png copied OK
height: 39 != 39
width: 39 != 39
ok 138 - s39i3p04.png copied OK
height: 39 != 39
width: 39 != 39
ok 139 - s39n3p04.png copied OK
height: 40 != 40
width: 40 != 40
ok 140 - s40i3p04.png copied OK
height: 40 != 40
width: 40 != 40
ok 141 - s40n3p04.png copied OK
height: 32 != 32
width: 32 != 32
ok 142 - tbbn0g04.png copied OK
height: 32 != 32
width: 32 != 32
ok 143 - tbbn2c16.png copied OK
height: 32 != 32
width: 32 != 32
ok 144 - tbbn3p08.png copied OK
height: 32 != 32
width: 32 != 32
ok 145 - tbgn2c16.png copied OK
height: 32 != 32
width: 32 != 32
ok 146 - tbgn3p08.png copied OK
height: 32 != 32
width: 32 != 32
ok 147 - tbrn2c08.png copied OK
height: 32 != 32
width: 32 != 32
ok 148 - tbwn0g16.png copied OK
height: 32 != 32
width: 32 != 32
ok 149 - tbwn3p08.png copied OK
height: 32 != 32
width: 32 != 32
ok 150 - tbyn3p08.png copied OK
height: 32 != 32
width: 32 != 32
ok 151 - tm3n3p02.png copied OK
height: 32 != 32
width: 32 != 32
ok 152 - tp0n0g08.png copied OK
height: 32 != 32
width: 32 != 32
ok 153 - tp0n2c08.png copied OK
height: 32 != 32
width: 32 != 32
ok 154 - tp0n3p08.png copied OK
height: 32 != 32
width: 32 != 32
ok 155 - tp1n3p08.png copied OK
height: 32 != 32
width: 32 != 32
ok 156 - z00n2c08.png copied OK
height: 32 != 32
width: 32 != 32
ok 157 - z03n2c08.png copied OK
height: 32 != 32
width: 32 != 32
ok 158 - z06n2c08.png copied OK
height: 32 != 32
width: 32 != 32
ok 159 - z09n2c08.png copied OK
1..159
ok
t/daft.t .............. 
ok 1 - Got access_version_number
1..1
ok
t/exif.t .............. 
ok 1 - Got undefined from file with no exif
libpng warning: eXIf: duplicate
ok 2 - Round trip of eXIf chunk
1..2
ok
t/functions.t ......... 
ok 1
ok 2
ok 3
ok 4
ok 5 - color type
ok 6 - interlace type
1..6
ok
t/gAMA.t .............. 
ok 1
ok 2
1..2
ok
t/get-internals.t ..... 
ok 1
ok 2
1..2
ok
t/get-palette-max.t ... 
not ok 1 - get_palette_max OK # TODO Work out why this returns zero
#   Failed (TODO) test 'get_palette_max OK'
#   at t/get-palette-max.t line 19.
#          got: 0
#     expected: 256
1..1
ok
t/get-text.t .......... 
ok 1 - There were no text chunks in ct0n0g04, as expected
ok 2 - Text chunk from ct1n0g04 was as expected
ok 3 - Text chunk from ctzn0g04 was as expected
ok 4 - Text chunk from cten0g04 was as expected
ok 5 - Text chunk from ctfn0g04 was as expected
ok 6 - Text chunk from ctgn0g04 was as expected
ok 7 - Text chunk from cthn0g04 was as expected
ok 8 - Text chunk from ctjn0g04 was as expected
1..8
ok
t/hIST.t .............. 
ok 1 - Valid hist in ch1n3p04
ok 2 - Right histogram size in ch1n3p04
ok 3 - Round trip of hIST chunk
ok 4 - Valid hist in ch2n3p08
ok 5 - Right histogram size in ch2n3p08
ok 6 - Round trip of hIST chunk
1..6
ok
t/header.t ............ 
ok 1 - get_image_width
ok 2 - height method
ok 3 - width method
ok 4 - get_image_height
1..4
ok
t/io-read.t ........... 
$VAR1 = {
          'color_type' => 2,
          'width' => 100,
          'interlace_method' => 0,
          'bit_depth' => 8,
          'height' => 100
        };
ok 1 - height & rows same
ok 2 - Got correct image width
ok 3 - Got identical image data in /tmp/autopkgtest.eqvihD/autopkgtest_tmp/smokejToXaM/t/test.png and /tmp/autopkgtest.eqvihD/autopkgtest_tmp/smokejToXaM/t/otest.png
1..3
ok
t/io.t ................ 
ok 1 - Got identical image data in /tmp/autopkgtest.eqvihD/autopkgtest_tmp/smokejToXaM/t/test.png and /tmp/autopkgtest.eqvihD/autopkgtest_tmp/smokejToXaM/t/otest.png
1..1
ok
t/oFFs.t .............. 
ok 1 - Round trip of oFFs chunk
1..1
ok
t/pCAL.t .............. 
ok 1 - round trip of pCAL chunk
1..1
ok
t/pHYs.t .............. 
1..3
ok 1 - X resolution
ok 2 - Y resolution
ok 3 - unit type
ok
t/read-from-scalar.t .. 
ok 1 - got error trying to write a read structure
ok 2 - Correct kind of error message
ok 3 - Wrote file
height: 281 != 281
width: 293 != 293
ok 4 - test of read_from_scalar
ok 5 - test of write_to_scalar
1..5
ok
t/sBIT.t .............. 
ok 1 - Read s38i3p04
ok 2 - Got an sbit
ok 3 - Got correct red from example
ok 4 - Got correct blue from example
ok 5 - Got correct green from example
ok 6 - Round trip of sBIT with RGBA PNG
1..6
ok
t/sCAL.t .............. 
ok 1
1..1
ok
t/sPLT.t .............. 
ok 1
ok 2
ok 3
ok 4
ok 5
ok 6
ok 7
ok 8
ok 9
ok 10
ok 11
ok 12
1..12
ok
t/set-itxt.t .......... 
ok 1 - Got key key back for text chunk 0
ok 2 - Value for key is the same for text chunk 0
ok 3 - Got key lang_key back for text chunk 0
ok 4 - Value for lang_key is the same for text chunk 0
ok 5 - Got key compression back for text chunk 0
ok 6 - Value for compression is the same for text chunk 0
ok 7 - Got key lang back for text chunk 0
ok 8 - Value for lang is the same for text chunk 0
ok 9 - Got key text back for text chunk 0
ok 10 - Value for text is the same for text chunk 0
ok 11 - Got key lang_key back for text chunk 1
ok 12 - Value for lang_key is the same for text chunk 1
ok 13 - Got key key back for text chunk 1
ok 14 - Value for key is the same for text chunk 1
ok 15 - Got key text back for text chunk 1
ok 16 - Value for text is the same for text chunk 1
ok 17 - Got key lang back for text chunk 1
ok 18 - Value for lang is the same for text chunk 1
ok 19 - Got key compression back for text chunk 1
ok 20 - Value for compression is the same for text chunk 1
ok 21 - Got key compression back for text chunk 0
ok 22 - Value for compression is the same for text chunk 0
ok 23 - Got key text back for text chunk 0
ok 24 - Value for text is the same for text chunk 0
ok 25 - Got key lang back for text chunk 0
ok 26 - Value for lang is the same for text chunk 0
ok 27 - Got key key back for text chunk 0
ok 28 - Value for key is the same for text chunk 0
ok 29 - Got key lang_key back for text chunk 0
ok 30 - Value for lang_key is the same for text chunk 0
1..30
ok
t/set-text.t .......... 
ok 1 - Got key text back for text chunk 0
ok 2 - Value for text is the same for text chunk 0
ok 3 - Got key key back for text chunk 0
ok 4 - Value for key is the same for text chunk 0
ok 5 - Got key key back for text chunk 1
ok 6 - Value for key is the same for text chunk 1
ok 7 - Got key compression back for text chunk 1
ok 8 - Value for compression is the same for text chunk 1
ok 9 - Got key text back for text chunk 1
ok 10 - Value for text is the same for text chunk 1
ok 11 - Got key key back for text chunk 2
ok 12 - Value for key is the same for text chunk 2
ok 13 - Got error adding text chunk without 'key'
ok 14 - Got error adding text chunk which is not a hash
ok 15 - Got error with too-long key
ok 16 - Got length of key
ok 17 - Got error with too-short key
ok 18 - Got empty key
1..18
ok
t/split-alpha.t ....... 
ok 1 - data data for basi4a08 = basn4a08 data
ok 2 - alpha data for basi4a08 = basn4a08 data
ok 3 - data data for basn4a08 = basn4a08 data
ok 4 - alpha data for basn4a08 = basn4a08 data
ok 5 - data data for basi6a08 = basn6a08 data
ok 6 - alpha data for basi6a08 = basn6a08 data
ok 7 - data data for basn6a08 = basn6a08 data
ok 8 - alpha data for basn6a08 = basn6a08 data
ok 9 - data data for basi4a16 = basn4a16 data
ok 10 - alpha data for basi4a16 = basn4a16 data
ok 11 - data data for basn4a16 = basn4a16 data
ok 12 - alpha data for basn4a16 = basn4a16 data
ok 13 - data data for basi6a16 = basn6a16 data
ok 14 - alpha data for basi6a16 = basn6a16 data
ok 15 - data data for basn6a16 = basn6a16 data
ok 16 - alpha data for basn6a16 = basn6a16 data
1..16
ok
t/supports.t .......... 
ok 1 - sCAL is known to Image::PNG::Libpng
ok 2 - READ_tEXt is known to Image::PNG::Libpng
ok 3 - READ_zTXt is known to Image::PNG::Libpng
ok 4 - iTXt is known to Image::PNG::Libpng
ok 5 - pCAL is known to Image::PNG::Libpng
ok 6 - iCCP is known to Image::PNG::Libpng
ok 7 - sPLT is known to Image::PNG::Libpng
ok 8 - USER_LIMITS is known to Image::PNG::Libpng
ok 9 - UNKNOWN_CHUNKS is known to Image::PNG::Libpng
ok 10
1..10
ok
t/tIME.t .............. 
ok 1 - Got time from cm9n0g04
ok 2 - Same value for year
ok 3 - Same value for month
ok 4 - Same value for day
ok 5 - Same value for hour
ok 6 - Same value for minute
ok 7 - Same value for second
ok 8 - Got time from cm0n0g04
ok 9 - Same value for year
ok 10 - Same value for month
ok 11 - Same value for day
ok 12 - Same value for hour
ok 13 - Same value for minute
ok 14 - Same value for second
ok 15 - Got time from cm7n0g04
ok 16 - Same value for year
ok 17 - Same value for month
ok 18 - Same value for day
ok 19 - Same value for hour
ok 20 - Same value for minute
ok 21 - Same value for second
ok 22 - set_tIME without a time value
ok 23 - recovered time from file
1..23
ok
t/tRNS.t .............. 
  0: 000000  00
  1: 000000  80
  2: 000000  01
  3: 000000  27
  4: 17171C  B4
  5: 113426  F5
  6: 103F2A  E2
  7: 26672B  91
  8: 0A2519  8B
  9: 0F2E22  DC
 10: 124356  F4
 11: 151D73  98
 12: 000000  1A
 13: 562557  A5
 14: 050607  3D
 15: 124E32  F6
 16: 561561  87
 17: 145E2A  EA
 18: 0F1716  7F
 19: 121618  9B
 20: 804960  A8
 21: 121918  90
 22: 5C1084  B4
 23: 767072  E4
 24: 198F0D  B7
 25: 6A3517  9E
 26: 593950  A5
 27: 020102  8C
 28: 070708  80
 29: 1F3623  A8
 30: 7F1B92  BD
 31: 010101  04
 32: 0D291E  C0
 33: 837378  C3
 34: 6B3C64  E7
 35: 134629  BC
 36: 92767F  E4
 37: 74416E  F7
 38: 0C2D1E  AD
 39: 030102  04
 40: 201651  7C
 41: 281740  A7
 42: 2E7734  AF
 43: 707071  9F
 44: 14740B  94
 45: 231A83  B2
 46: 1B1A1D  A6
 47: 286E56  C2
 48: 0C3C18  8E
 49: 0F40C2  FB
 50: 000000  FC
 51: 130E10  1B
 52: 000000  B9
 53: 000000  02
 54: 201D1F  BB
 55: 2B2A2E  FB
 56: 000000  79
 57: 8B5A39  FB
 58: 3CA843  ED
 59: 000101  06
 60: 793E37  E7
 61: 000000  75
 62: 389241  DB
 63: 43A84C  FA
 64: A94F21  EE
 65: 000000  67
 66: 000000  FC
 67: 000000  0B
 68: 010203  0A
 69: 000000  70
 70: 000000  A9
 71: 000000  04
 72: 5108A6  F1
 73: 000000  9A
 74: 473D46  EB
 75: 261F21  38
 76: 000000  7F
 77: 000100  02
 78: 000001  04
 79: 9F969A  E6
 80: 000000  7C
 81: AFB1B2  F4
 82: 000000  F4
 83: A76981  E5
 84: BF658B  F4
 85: 000000  C9
 86: 222227  E4
 87: 000000  5D
 88: A924C1  FB
 89: 000000  31
 90: 000000  16
 91: 000000  E6
 92: 9520AB  DE
 93: 4B0898  E1
 94: 050908  33
 95: 7E18A4  DC
 96: 000000  12
 97: 000000  3E
 98: 1B1F52  F4
 99: 9F22B6  ED
100: 000000  F8
101: 0E3AB1  E2
102: 070708  47
103: 000000  62
104: 000000  55
105: 040704  19
106: 09130E  44
107: 110419  26
108: 1EA910  D8
109: 020202  35
110: 000000  1F
111: 30074A  68
112: 232127  D5
113: 000000  D2
114: 09040A  15
115: 22BD11  F0
116: 030602  0A
117: 12120A  3D
118: 000000  03
119: 000000  5E
120: 0D1111  62
121: 28282E  F5
122: 3A2032  69
123: 1F0637  56
124: 000000  06
125: 000000  4B
126: 030F03  13
127: 040F0A  38
128: 0D4A06  5E
129: 020102  08
130: 0F050E  15
131: 161014  25
132: 071610  5B
133: 000000  21
134: 010403  11
135: 071C50  68
136: 242429  DB
137: 050108  0E
138: 030A07  28
139: 363334  4C
140: 5409AD  FA
141: 111114  6C
142: 120514  1E
143: 082A05  36
144: 080927  34
145: 000000  07
146: 25101F  33
147: 0D0D0F  50
148: 030404  19
149: 010202  0D
150: 000000  35
151: 030303  14
152: 0D1A16  6F
153: 07030C  21
154: 070D30  3F
155: 0A3805  48
156: 010001  02
157: 080507  0D
158: 000000  47
159: 0E0E11  5A
160: 030602  0E
161: 000000  DA
162: 2B0838  4B
163: 1B491E  67
164: 060607  29
165: 341A0B  54
166: 3B3315  6C
167: 101914  46
168: 0A1703  22
169: 27082D  3B
170: 051018  27
171: 152925  53
172: 37212C  50
173: 293E0A  6A
174: 20121E  46
175: 010101  6C
176: 000000  44
177: 040405  1F
178: 1D191A  2B
179: 05100C  4E
180: 040407  0B
181: 143616  4D
182: 08170A  26
183: 000000  0F
184: 050F07  1C
185: 081510  52
186: 000001  01
187: 2E0843  5C
188: 504047  6E
189: 050805  21
190: 29292F  F9
191: 040105  08
192: 0A1511  6C
193: 030411  17
194: 480F52  6A
195: 27272C  EB
196: 0F2811  39
197: 000000  ED
198: 000000  51
199: 0E3EBD  F1
200: 000000  59
201: 000000  7E
202: 1A0521  2C
203: 000000  05
204: 000000  73
205: 242529  F2
206: 23371A  5D
207: 3E1E18  E2
208: 000000  08
209: 000000  6B
210: 170E0D  23
211: 010000  01
212: 342133  EA
213: 000100  01
214: 9E5527  none
215: 43B54D  none
216: BB668B  none
217: 775346  none
218: 4EB052  none
219: 9C491F  none
220: 233D32  none
221: 4F0E9C  none
222: 0B231A  none
223: 6D3779  none
224: 5B332C  none
225: 349F2B  none
226: 2B274C  none
227: 336640  none
228: 917F7D  none
229: 318677  none
230: 222227  none
231: 696A6B  none
232: AC9BA5  none
233: B2B4B5  none
234: 11328C  none
235: 61415A  none
236: 5A2A12  none
237: 643549  none
238: 082164  none
239: 3B2137  none
240: 151518  none
241: 5B5C5D  none
242: C86A92  none
243: B7B9BA  none
244: B55524  none
245: 000000  none
246: A8848E  none
247: 1042C8  none
248: 76426F  none
249: 5609B0  none
250: 24C813  none
251: 123628  none
252: 135134  none
253: AC25C5  none
254: 44B54C  none
255: 2A2A30  none
ok 1 - shut up your face
1..1
ok
t/transformations.t ... 
ok 1
ok 2
ok 3
ok 4
1..4
ok
t/user-limits.t ....... 
ok 1
ok 2
1..2
ok
All tests successful.
Files=38, Tests=399, 60 wallclock secs ( 1.76 usr  0.78 sys + 44.38 cusr 13.51 csys = 60.43 CPU)
Result: PASS
autopkgtest: DBG: testbed command exited with code 0
autopkgtest [14:43:07]: test autodep8-perl-build-deps: -----------------------]
autopkgtest: DBG: testbed executing test finished with exit status 0
autopkgtest: DBG: sending command to testbed: copyup /tmp/autopkgtest.eqvihD/autodep8-perl-build-deps-stdout /home/minami/Documents/openkylin-riscv/test/libimage-png-libpng-perl/autodep8-perl-build-deps-stdout
autopkgtest-virt-qemu: DBG: executing copyup /tmp/autopkgtest.eqvihD/autodep8-perl-build-deps-stdout /home/minami/Documents/openkylin-riscv/test/libimage-png-libpng-perl/autodep8-perl-build-deps-stdout
autopkgtest-virt-qemu: DBG: ['cmdls', "(['/tmp/autopkgtest-qemu.okf4v8nc/runcmd', 'sh', '-ec', 'cat </tmp/autopkgtest.eqvihD/autodep8-perl-build-deps-stdout'], ['cat'])"]
autopkgtest-virt-qemu: DBG: ['srcstdin', "<_io.BufferedReader name='/dev/null'>", 'deststdout', "<_io.BufferedWriter name='/home/minami/Documents/openkylin-riscv/test/libimage-png-libpng-perl/autodep8-perl-build-deps-stdout'>", 'devnull_read', <_io.BufferedReader name='/dev/null'>]
autopkgtest-virt-qemu: DBG:  +< /tmp/autopkgtest-qemu.okf4v8nc/runcmd sh -ec cat </tmp/autopkgtest.eqvihD/autodep8-perl-build-deps-stdout
autopkgtest-virt-qemu: DBG:  +> cat
autopkgtest-virt-qemu: DBG:  +>?
autopkgtest-virt-qemu: DBG:  +<?
autopkgtest: DBG: got reply from testbed: ok
autopkgtest: DBG: sending command to testbed: copyup /tmp/autopkgtest.eqvihD/autodep8-perl-build-deps-stderr /home/minami/Documents/openkylin-riscv/test/libimage-png-libpng-perl/autodep8-perl-build-deps-stderr
autopkgtest-virt-qemu: DBG: executing copyup /tmp/autopkgtest.eqvihD/autodep8-perl-build-deps-stderr /home/minami/Documents/openkylin-riscv/test/libimage-png-libpng-perl/autodep8-perl-build-deps-stderr
autopkgtest-virt-qemu: DBG: ['cmdls', "(['/tmp/autopkgtest-qemu.okf4v8nc/runcmd', 'sh', '-ec', 'cat </tmp/autopkgtest.eqvihD/autodep8-perl-build-deps-stderr'], ['cat'])"]
autopkgtest-virt-qemu: DBG: ['srcstdin', "<_io.BufferedReader name='/dev/null'>", 'deststdout', "<_io.BufferedWriter name='/home/minami/Documents/openkylin-riscv/test/libimage-png-libpng-perl/autodep8-perl-build-deps-stderr'>", 'devnull_read', <_io.BufferedReader name='/dev/null'>]
autopkgtest-virt-qemu: DBG:  +< /tmp/autopkgtest-qemu.okf4v8nc/runcmd sh -ec cat </tmp/autopkgtest.eqvihD/autodep8-perl-build-deps-stderr
autopkgtest-virt-qemu: DBG:  +> cat
autopkgtest-virt-qemu: DBG:  +>?
autopkgtest-virt-qemu: DBG:  +<?
autopkgtest: DBG: got reply from testbed: ok
autopkgtest [14:43:08]: test autodep8-perl-build-deps:  - - - - - - - - - - results - - - - - - - - - -
autodep8-perl-build-deps PASS
autopkgtest: DBG: sending command to testbed: copyup /tmp/autopkgtest.eqvihD/autodep8-perl-build-deps-artifacts/ /home/minami/Documents/openkylin-riscv/test/libimage-png-libpng-perl/artifacts/
autopkgtest-virt-qemu: DBG: executing copyup /tmp/autopkgtest.eqvihD/autodep8-perl-build-deps-artifacts/ /home/minami/Documents/openkylin-riscv/test/libimage-png-libpng-perl/artifacts/
autopkgtest-virt-qemu: DBG: ['cmdls', "(['/tmp/autopkgtest-qemu.okf4v8nc/runcmd', 'sh', '-ec', 'cd /tmp/autopkgtest.eqvihD/autodep8-perl-build-deps-artifacts/; tar --warning=none -c . -f -'], ['tar', '--directory', '/home/minami/Documents/openkylin-riscv/test/libimage-png-libpng-perl/artifacts/', '--warning=none', '--preserve-permissions', '--extract', '--no-same-owner', '-f', '-'])"]
autopkgtest-virt-qemu: DBG: ['srcstdin', "<_io.BufferedReader name='/dev/null'>", 'deststdout', "<_io.BufferedReader name='/dev/null'>", 'devnull_read', <_io.BufferedReader name='/dev/null'>]
autopkgtest-virt-qemu: DBG:  +< /tmp/autopkgtest-qemu.okf4v8nc/runcmd sh -ec cd /tmp/autopkgtest.eqvihD/autodep8-perl-build-deps-artifacts/; tar --warning=none -c . -f -
autopkgtest-virt-qemu: DBG:  +> tar --directory /home/minami/Documents/openkylin-riscv/test/libimage-png-libpng-perl/artifacts/ --warning=none --preserve-permissions --extract --no-same-owner -f -
autopkgtest-virt-qemu: DBG:  +>?
autopkgtest-virt-qemu: DBG:  +<?
autopkgtest: DBG: got reply from testbed: ok
autopkgtest: DBG: testbed command ['rm', '-rf', '/tmp/autopkgtest.eqvihD/autodep8-perl-build-deps-artifacts', '/tmp/autopkgtest.eqvihD/autopkgtest_tmp'], kind short, sout raw, serr pipe, env []
autopkgtest: DBG: testbed command exited with code 0
autopkgtest [14:43:09]: test autodep8-perl: preparing testbed
autopkgtest: DBG: testbed reset: modified=False, deps_installed=['libimage-png-libpng-perl', 'debhelper-compat (= 13)', 'libpng-dev', 'perl-xs-dev', 'perl:native', 'zlib1g-dev', 'build-essential', 'pkg-perl-autopkgtest'], deps_new=['libimage-png-libpng-perl', 'pkg-perl-autopkgtest']
autopkgtest: DBG: testbed reset
autopkgtest: DBG: sending command to testbed: revert
autopkgtest-virt-qemu: DBG: executing revert
autopkgtest-virt-qemu: DBG: execute-timeout: /tmp/autopkgtest-qemu.okf4v8nc/runcmd rm -rf -- /tmp/autopkgtest.eqvihD
qemu-system-riscv64: terminating on signal 15 from pid 4013757 (/usr/bin/python3)
autopkgtest-virt-qemu: DBG: find_free_port: trying 10022
autopkgtest-virt-qemu: DBG: find_free_port: 10022 is free
autopkgtest-virt-qemu: DBG: autopkgtest does not know how to boot this machine, hopefully nothing special needs to be done?
autopkgtest-virt-qemu: DBG: qemu architecture: riscv64
autopkgtest-virt-qemu: DBG: qemu command: qemu-system-riscv64
autopkgtest-virt-qemu: DBG: execute-timeout: qemu-img info --output=json /home/minami/Documents/openkylin-riscv/testing.qcow2
autopkgtest-virt-qemu: DBG: Creating temporary overlay image in /tmp/autopkgtest-qemu.yg6eqzdg/overlay.img
autopkgtest-virt-qemu: DBG: execute-timeout: qemu-img create -f qcow2 -F qcow2 -b /home/minami/Documents/openkylin-riscv/testing.qcow2 /tmp/autopkgtest-qemu.yg6eqzdg/overlay.img
autopkgtest-virt-qemu: DBG: Forwarding local port 10022 to VM ssh port 22
autopkgtest-virt-qemu: DBG: Assuming nothing special needs to be done to set up firmware to boot this machine (boot method: none)
autopkgtest-virt-qemu: DBG: full qemu command-line: ['qemu-system-riscv64', '-m', '8192', '-smp', '8', '-nographic', '-device', 'virtio-net-device,netdev=usernet', '-netdev', 'user,id=usernet,hostfwd=tcp:127.0.0.1:10022-:22', '-object', 'rng-random,filename=/dev/urandom,id=rng0', '-device', 'virtio-rng-pci,rng=rng0,id=rng-device0', '-monitor', 'unix:/tmp/autopkgtest-qemu.yg6eqzdg/monitor,server=on,wait=off', '-virtfs', 'local,id=autopkgtest,path=/tmp/autopkgtest-qemu.yg6eqzdg/shared,security_model=none,mount_tag=autopkgtest', '-device', 'virtio-serial', '-chardev', 'socket,path=/tmp/autopkgtest-qemu.yg6eqzdg/hvc0,server=on,wait=off,id=hvc0', '-device', 'virtconsole,chardev=hvc0', '-chardev', 'socket,path=/tmp/autopkgtest-qemu.yg6eqzdg/hvc1,server=on,wait=off,id=hvc1', '-device', 'virtconsole,chardev=hvc1', '-serial', 'unix:/tmp/autopkgtest-qemu.yg6eqzdg/ttyS0,server=on,wait=off', '-drive', 'index=0,file=/tmp/autopkgtest-qemu.yg6eqzdg/overlay.img,format=qcow2,cache=unsafe,if=virtio,discard=unmap', '-machine', 'virt', '-kernel', '/home/minami/Documents/ukylin/u-boot.bin']
autopkgtest-virt-qemu: DBG: expect: b' login: '
autopkgtest-virt-qemu: DBG: expect: found "'login prompt on serial console'"
autopkgtest-virt-qemu: DBG: expect: b'ok'
autopkgtest-virt-qemu: DBG: expect: found "b'ok'"
autopkgtest-virt-qemu: DBG: setup_shell(): there already is a shell on hvc1
qemu-system-riscv64: warning: 9p: degraded performance: a reasonable high msize should be chosen on client/guest side (chosen msize is <= 8192). See https://wiki.qemu.org/Documentation/9psetup#msize for details.
autopkgtest-virt-qemu: DBG: expect: b'39132d43-fe03-45f7-90f3-6aa7941c9af9[1]'
autopkgtest-virt-qemu: DBG: expect: found "b'39132d43-fe03-45f7-90f3-6aa7941c9af9[1]'"
autopkgtest-virt-qemu: DBG: expect: b'39132d43-fe03-45f7-90f3-6aa7941c9af9[2]'
autopkgtest-virt-qemu: DBG: expect: found "b'39132d43-fe03-45f7-90f3-6aa7941c9af9[2]'"
autopkgtest-virt-qemu: DBG: expect: b'39132d43-fe03-45f7-90f3-6aa7941c9af9[3]'
autopkgtest-virt-qemu: DBG: expect: found "b'39132d43-fe03-45f7-90f3-6aa7941c9af9[3]'"
autopkgtest-virt-qemu: DBG: expect: b'/python'
autopkgtest-virt-qemu: DBG: expect: found "b'/python'"
autopkgtest-virt-qemu: DBG: expect: b'# '
autopkgtest-virt-qemu: DBG: expect: found "b'# '"
autopkgtest-virt-qemu: DBG: expect: b'39132d43-fe03-45f7-90f3-6aa7941c9af9[4]'
autopkgtest-virt-qemu: DBG: expect: found "b'39132d43-fe03-45f7-90f3-6aa7941c9af9[4]'"
autopkgtest-virt-qemu: DBG: execute-timeout: /tmp/autopkgtest-qemu.yg6eqzdg/runcmd true
autopkgtest-virt-qemu: DBG: can connect to autopkgtest sh in VM
autopkgtest-virt-qemu: DBG: expect: b'39132d43-fe03-45f7-90f3-6aa7941c9af9[5]'
autopkgtest-virt-qemu: DBG: expect: found "b'39132d43-fe03-45f7-90f3-6aa7941c9af9[5]'"
autopkgtest-virt-qemu: DBG: determine_normal_user: got user "openkylin"
autopkgtest-virt-qemu: DBG: execute-timeout: /tmp/autopkgtest-qemu.yg6eqzdg/runcmd mkdir --mode=1777 --parents /tmp/autopkgtest.eqvihD
autopkgtest-virt-qemu: DBG: auxverb = ['/tmp/autopkgtest-qemu.yg6eqzdg/runcmd'], downtmp = /tmp/autopkgtest.eqvihD
autopkgtest: DBG: got reply from testbed: ok /tmp/autopkgtest.eqvihD
autopkgtest: DBG: sending command to testbed: print-execute-command
autopkgtest-virt-qemu: DBG: executing print-execute-command
autopkgtest: DBG: got reply from testbed: ok /tmp/autopkgtest-qemu.yg6eqzdg/runcmd
autopkgtest: DBG: sending command to testbed: capabilities
autopkgtest-virt-qemu: DBG: executing capabilities
autopkgtest: DBG: got reply from testbed: ok isolation-machine reboot revert revert-full-system root-on-testbed suggested-normal-user=openkylin
autopkgtest: DBG: testbed capabilities: ['isolation-machine', 'reboot', 'revert', 'revert-full-system', 'root-on-testbed', 'suggested-normal-user=openkylin', 'has_internet']
autopkgtest: DBG: testbed command ['mkdir', '-p', '/tmp/autopkgtest.eqvihD'], kind short, sout raw, serr pipe, env []
autopkgtest: DBG: testbed command exited with code 0
autopkgtest: DBG: sending command to testbed: copydown /usr/share/autopkgtest/lib/in-testbed/wrapper.sh /tmp/autopkgtest.eqvihD/wrapper.sh
autopkgtest-virt-qemu: DBG: executing copydown /usr/share/autopkgtest/lib/in-testbed/wrapper.sh /tmp/autopkgtest.eqvihD/wrapper.sh
autopkgtest-virt-qemu: DBG: ['cmdls', "(['cat'], ['/tmp/autopkgtest-qemu.yg6eqzdg/runcmd', 'sh', '-ec', 'cat >/tmp/autopkgtest.eqvihD/wrapper.sh; chmod +x -- /tmp/autopkgtest.eqvihD/wrapper.sh'])"]
autopkgtest-virt-qemu: DBG: ['srcstdin', "<_io.BufferedReader name='/usr/share/autopkgtest/lib/in-testbed/wrapper.sh'>", 'deststdout', "<_io.BufferedReader name='/dev/null'>", 'devnull_read', <_io.BufferedReader name='/dev/null'>]
autopkgtest-virt-qemu: DBG:  +< cat
autopkgtest-virt-qemu: DBG:  +> /tmp/autopkgtest-qemu.yg6eqzdg/runcmd sh -ec cat >/tmp/autopkgtest.eqvihD/wrapper.sh; chmod +x -- /tmp/autopkgtest.eqvihD/wrapper.sh
autopkgtest-virt-qemu: DBG:  +>?
autopkgtest-virt-qemu: DBG:  +<?
autopkgtest: DBG: got reply from testbed: ok
autopkgtest: DBG: testbed command ['chmod', '-R', '0755', '--', '/tmp/autopkgtest.eqvihD/wrapper.sh'], kind short, sout raw, serr pipe, env []
autopkgtest: DBG: testbed command exited with code 0
autopkgtest: DBG: testbed command ['dpkg', '--print-architecture'], kind short, sout pipe, serr pipe, env []
autopkgtest: DBG: testbed command exited with code 0
autopkgtest [14:44:03]: testbed dpkg architecture: riscv64
autopkgtest: DBG: testbed command ['sh', '-ec', 'command -v eatmydata'], kind short, sout pipe, serr pipe, env []
autopkgtest: DBG: testbed command exited with code 127
autopkgtest: DBG: testbed command ['sh', '-ec', 'command -v dpkg-query'], kind short, sout pipe, serr pipe, env []
autopkgtest: DBG: testbed command exited with code 0
autopkgtest: DBG: testbed command ['sh', '-ec', "dpkg-query --show -f '${Package}\\t${Version}\\n' > /tmp/autopkgtest.eqvihD/testbed-packages"], kind short, sout raw, serr pipe, env []
autopkgtest: DBG: testbed command exited with code 0
autopkgtest: DBG: sending command to testbed: copyup /tmp/autopkgtest.eqvihD/testbed-packages /home/minami/Documents/openkylin-riscv/test/libimage-png-libpng-perl/testbed-packages
autopkgtest-virt-qemu: DBG: executing copyup /tmp/autopkgtest.eqvihD/testbed-packages /home/minami/Documents/openkylin-riscv/test/libimage-png-libpng-perl/testbed-packages
autopkgtest-virt-qemu: DBG: ['cmdls', "(['/tmp/autopkgtest-qemu.yg6eqzdg/runcmd', 'sh', '-ec', 'cat </tmp/autopkgtest.eqvihD/testbed-packages'], ['cat'])"]
autopkgtest-virt-qemu: DBG: ['srcstdin', "<_io.BufferedReader name='/dev/null'>", 'deststdout', "<_io.BufferedWriter name='/home/minami/Documents/openkylin-riscv/test/libimage-png-libpng-perl/testbed-packages'>", 'devnull_read', <_io.BufferedReader name='/dev/null'>]
autopkgtest-virt-qemu: DBG:  +< /tmp/autopkgtest-qemu.yg6eqzdg/runcmd sh -ec cat </tmp/autopkgtest.eqvihD/testbed-packages
autopkgtest-virt-qemu: DBG:  +> cat
autopkgtest-virt-qemu: DBG:  +>?
autopkgtest-virt-qemu: DBG:  +<?
autopkgtest: DBG: got reply from testbed: ok
autopkgtest: DBG: testbed supports reboot, creating /tmp/autopkgtest-reboot
autopkgtest: DBG: testbed command ['mkdir', '-p', '/tmp/autopkgtest.eqvihD'], kind short, sout raw, serr pipe, env []
autopkgtest: DBG: testbed command exited with code 0
autopkgtest: DBG: sending command to testbed: copydown /usr/share/autopkgtest/lib/in-testbed/reboot.sh /tmp/autopkgtest.eqvihD/autopkgtest-reboot
autopkgtest-virt-qemu: DBG: executing copydown /usr/share/autopkgtest/lib/in-testbed/reboot.sh /tmp/autopkgtest.eqvihD/autopkgtest-reboot
autopkgtest-virt-qemu: DBG: ['cmdls', "(['cat'], ['/tmp/autopkgtest-qemu.yg6eqzdg/runcmd', 'sh', '-ec', 'cat >/tmp/autopkgtest.eqvihD/autopkgtest-reboot; chmod +x -- /tmp/autopkgtest.eqvihD/autopkgtest-reboot'])"]
autopkgtest-virt-qemu: DBG: ['srcstdin', "<_io.BufferedReader name='/usr/share/autopkgtest/lib/in-testbed/reboot.sh'>", 'deststdout', "<_io.BufferedReader name='/dev/null'>", 'devnull_read', <_io.BufferedReader name='/dev/null'>]
autopkgtest-virt-qemu: DBG:  +< cat
autopkgtest-virt-qemu: DBG:  +> /tmp/autopkgtest-qemu.yg6eqzdg/runcmd sh -ec cat >/tmp/autopkgtest.eqvihD/autopkgtest-reboot; chmod +x -- /tmp/autopkgtest.eqvihD/autopkgtest-reboot
autopkgtest-virt-qemu: DBG:  +>?
autopkgtest-virt-qemu: DBG:  +<?
autopkgtest: DBG: got reply from testbed: ok
autopkgtest: DBG: testbed command ['chmod', '-R', '0755', '--', '/tmp/autopkgtest.eqvihD/autopkgtest-reboot'], kind short, sout raw, serr pipe, env []
autopkgtest: DBG: testbed command exited with code 0
autopkgtest: DBG: testbed command ['ln', '-fns', '/tmp/autopkgtest.eqvihD/autopkgtest-reboot', '/tmp/autopkgtest-reboot'], kind short, sout raw, serr pipe, env []
autopkgtest: DBG: testbed command exited with code 0
autopkgtest: DBG: testbed command ['ln', '-fns', '/tmp/autopkgtest.eqvihD/autopkgtest-reboot', '/sbin/autopkgtest-reboot'], kind short, sout raw, serr pipe, env []
autopkgtest: DBG: testbed command exited with code 0
autopkgtest: DBG: testbed command ['mkdir', '-p', '/tmp/autopkgtest.eqvihD'], kind short, sout raw, serr pipe, env []
autopkgtest: DBG: testbed command exited with code 0
autopkgtest: DBG: sending command to testbed: copydown /usr/share/autopkgtest/lib/in-testbed/reboot-prepare.sh /tmp/autopkgtest.eqvihD/autopkgtest-reboot-prepare
autopkgtest-virt-qemu: DBG: executing copydown /usr/share/autopkgtest/lib/in-testbed/reboot-prepare.sh /tmp/autopkgtest.eqvihD/autopkgtest-reboot-prepare
autopkgtest-virt-qemu: DBG: ['cmdls', "(['cat'], ['/tmp/autopkgtest-qemu.yg6eqzdg/runcmd', 'sh', '-ec', 'cat >/tmp/autopkgtest.eqvihD/autopkgtest-reboot-prepare; chmod +x -- /tmp/autopkgtest.eqvihD/autopkgtest-reboot-prepare'])"]
autopkgtest-virt-qemu: DBG: ['srcstdin', "<_io.BufferedReader name='/usr/share/autopkgtest/lib/in-testbed/reboot-prepare.sh'>", 'deststdout', "<_io.BufferedReader name='/dev/null'>", 'devnull_read', <_io.BufferedReader name='/dev/null'>]
autopkgtest-virt-qemu: DBG:  +< cat
autopkgtest-virt-qemu: DBG:  +> /tmp/autopkgtest-qemu.yg6eqzdg/runcmd sh -ec cat >/tmp/autopkgtest.eqvihD/autopkgtest-reboot-prepare; chmod +x -- /tmp/autopkgtest.eqvihD/autopkgtest-reboot-prepare
autopkgtest-virt-qemu: DBG:  +>?
autopkgtest-virt-qemu: DBG:  +<?
autopkgtest: DBG: got reply from testbed: ok
autopkgtest: DBG: testbed command ['chmod', '-R', '0755', '--', '/tmp/autopkgtest.eqvihD/autopkgtest-reboot-prepare'], kind short, sout raw, serr pipe, env []
autopkgtest: DBG: testbed command exited with code 0
autopkgtest: DBG: testbed command ['ln', '-fns', '/tmp/autopkgtest.eqvihD/autopkgtest-reboot-prepare', '/tmp/autopkgtest-reboot-prepare'], kind short, sout raw, serr pipe, env []
autopkgtest: DBG: testbed command exited with code 0
autopkgtest: DBG: testbed command ['uname', '-srv'], kind short, sout pipe, serr pipe, env []
autopkgtest: DBG: testbed command exited with code 0
autopkgtest: DBG: Binaries: no registered binaries, not publishing anything
autopkgtest: DBG: install_deps: deps_new=['libimage-png-libpng-perl', 'pkg-perl-autopkgtest']
autopkgtest: DBG: install-deps: satisfying libimage-png-libpng-perl, pkg-perl-autopkgtest
autopkgtest: DBG: install-deps: architecture resolved: libimage-png-libpng-perl, pkg-perl-autopkgtest
autopkgtest: DBG: testbed command ['test', '-w', '/var/lib/dpkg/status'], kind short, sout raw, serr raw, env []
autopkgtest: DBG: testbed command exited with code 0
autopkgtest: DBG: can use apt-get on testbed: True
autopkgtest: DBG: testbed command ['mkdir', '-p', '/tmp/autopkgtest.eqvihD'], kind short, sout raw, serr pipe, env []
autopkgtest: DBG: testbed command exited with code 0
autopkgtest: DBG: sending command to testbed: copydown /home/minami/Documents/openkylin-riscv/test/libimage-png-libpng-perl/2-autopkgtest-satdep.deb /tmp/autopkgtest.eqvihD/2-autopkgtest-satdep.deb
autopkgtest-virt-qemu: DBG: executing copydown /home/minami/Documents/openkylin-riscv/test/libimage-png-libpng-perl/2-autopkgtest-satdep.deb /tmp/autopkgtest.eqvihD/2-autopkgtest-satdep.deb
autopkgtest-virt-qemu: DBG: ['cmdls', "(['cat'], ['/tmp/autopkgtest-qemu.yg6eqzdg/runcmd', 'sh', '-ec', 'cat >/tmp/autopkgtest.eqvihD/2-autopkgtest-satdep.deb'])"]
autopkgtest-virt-qemu: DBG: ['srcstdin', "<_io.BufferedReader name='/home/minami/Documents/openkylin-riscv/test/libimage-png-libpng-perl/2-autopkgtest-satdep.deb'>", 'deststdout', "<_io.BufferedReader name='/dev/null'>", 'devnull_read', <_io.BufferedReader name='/dev/null'>]
autopkgtest-virt-qemu: DBG:  +< cat
autopkgtest-virt-qemu: DBG:  +> /tmp/autopkgtest-qemu.yg6eqzdg/runcmd sh -ec cat >/tmp/autopkgtest.eqvihD/2-autopkgtest-satdep.deb
autopkgtest-virt-qemu: DBG:  +>?
autopkgtest-virt-qemu: DBG:  +<?
autopkgtest: DBG: got reply from testbed: ok
autopkgtest: DBG: testbed command ['chown', '-R', 'openkylin', '--', '/tmp/autopkgtest.eqvihD/2-autopkgtest-satdep.deb'], kind short, sout raw, serr pipe, env []
autopkgtest: DBG: testbed command exited with code 0
autopkgtest: DBG: testbed command ['dpkg', '--unpack', '/tmp/autopkgtest.eqvihD/2-autopkgtest-satdep.deb'], kind short, sout pipe, serr pipe, env []
autopkgtest: DBG: testbed command exited with code 0
autopkgtest: DBG: testbed command ['/bin/sh', '-ec', ' apt-get install --assume-yes --fix-broken -o APT::Status-Fd=3 -o APT::Install-Recommends=false -o Dpkg::Options::=--force-confnew -o Debug::pkgProblemResolver=true 3>&2 2>&1'], kind install, sout raw, serr pipe, env ['DEBIAN_FRONTEND=noninteractive', 'APT_LISTBUGS_FRONTEND=none', 'APT_LISTCHANGES_FRONTEND=none']
Reading package lists...
Building dependency tree...
Reading state information...
Correcting dependencies...Starting pkgProblemResolver with broken count: 0
Starting 2 pkgProblemResolver with broken count: 0
Done
 Done
Starting pkgProblemResolver with broken count: 0
Starting 2 pkgProblemResolver with broken count: 0
Done
The following packages were automatically installed and are no longer required:
  libdjvulibre-text libdjvulibre21 libegl-dev libgl-dev libglu1-mesa-dev
  libglx-dev libmpdec2 libvulkan-dev libx11-dev libxau-dev libxcb1-dev
  libxdmcp-dev libxext-dev qt5-qmake qt5-qmake-bin x11proto-core-dev
  x11proto-dev xorg-sgml-doctools xtrans-dev
Use 'apt autoremove' to remove them.
The following additional packages will be installed:
  autodep8 dctrl-tools libimage-png-libpng-perl pkg-perl-autopkgtest
Suggested packages:
  debtags
The following NEW packages will be installed:
  autodep8 dctrl-tools libimage-png-libpng-perl pkg-perl-autopkgtest
0 upgraded, 4 newly installed, 0 to remove and 18 not upgraded.
1 not fully installed or removed.
Need to get 529 kB of archives.
After this operation, 1,186 kB of additional disk space will be used.
Get:1 http://ppa.build.openkylin.top/kylinsoft/anything/openkylin yangtze/main riscv64 autodep8 all 0.22-ok1 [10.1 kB]
Get:2 http://archive.build.openkylin.top/openkylin yangtze/main riscv64 libimage-png-libpng-perl riscv64 0.57-ok1 [455 kB]
Get:3 http://ppa.build.openkylin.top/kylinsoft/anything/openkylin yangtze/main riscv64 pkg-perl-autopkgtest all 0.59-ok1 [8,208 B]
Get:4 http://archive.build.openkylin.top/openkylin yangtze/main riscv64 dctrl-tools riscv64 2.24-ok1 [55.6 kB]
Fetched 529 kB in 1s (775 kB/s)
Selecting previously unselected package libimage-png-libpng-perl.
(Reading database ... (Reading database ... 5%(Reading database ... 10%(Reading database ... 15%(Reading database ... 20%(Reading database ... 25%(Reading database ... 30%(Reading database ... 35%(Reading database ... 40%(Reading database ... 45%(Reading database ... 50%(Reading database ... 55%(Reading database ... 60%(Reading database ... 65%(Reading database ... 70%(Reading database ... 75%(Reading database ... 80%(Reading database ... 85%(Reading database ... 90%(Reading database ... 95%(Reading database ... 100%(Reading database ... 161111 files and directories currently installed.)
Preparing to unpack .../libimage-png-libpng-perl_0.57-ok1_riscv64.deb ...
Unpacking libimage-png-libpng-perl (0.57-ok1) ...
Selecting previously unselected package dctrl-tools.
Preparing to unpack .../dctrl-tools_2.24-ok1_riscv64.deb ...
Unpacking dctrl-tools (2.24-ok1) ...
Selecting previously unselected package autodep8.
Preparing to unpack .../autodep8_0.22-ok1_all.deb ...
Unpacking autodep8 (0.22-ok1) ...
Selecting previously unselected package pkg-perl-autopkgtest.
Preparing to unpack .../pkg-perl-autopkgtest_0.59-ok1_all.deb ...
Unpacking pkg-perl-autopkgtest (0.59-ok1) ...
Setting up libimage-png-libpng-perl (0.57-ok1) ...
Setting up dctrl-tools (2.24-ok1) ...
Setting up autodep8 (0.22-ok1) ...
Setting up pkg-perl-autopkgtest (0.59-ok1) ...
Setting up autopkgtest-satdep (0) ...
Processing triggers for man-db (2.9.1-ok3) ...
autopkgtest: DBG: testbed command exited with code 0
autopkgtest: DBG: testbed command ['dpkg-query', '--show', '-f', '${Status}', 'libimage-png-libpng-perl'], kind short, sout pipe, serr pipe, env []
autopkgtest: DBG: testbed command exited with code 0
autopkgtest: DBG: testbed command ['dpkg', '--status', 'autopkgtest-satdep'], kind short, sout pipe, serr pipe, env []
autopkgtest: DBG: testbed command exited with code 0
autopkgtest: DBG: testbed command ['apt-get', '--simulate', '--quiet', '-o', 'APT::Get::Show-User-Simulation-Note=False', '--auto-remove', 'purge', 'autopkgtest-satdep'], kind short, sout pipe, serr pipe, env []
autopkgtest: DBG: testbed command exited with code 0
autopkgtest: DBG: Marking test dependencies as manually installed: pkg-perl-autopkgtest autodep8 dctrl-tools libdjvulibre21 libdjvulibre-text libegl-dev libglu1-mesa-dev libgl-dev libglx-dev libimage-png-libpng-perl libmpdec2 libvulkan-dev libxext-dev libx11-dev libxcb1-dev libxau-dev libxdmcp-dev qt5-qmake qt5-qmake-bin x11proto-core-dev x11proto-dev xorg-sgml-doctools xtrans-dev
autopkgtest: DBG: testbed command ['apt-mark', 'manual', '-qq', 'pkg-perl-autopkgtest', 'autodep8', 'dctrl-tools', 'libdjvulibre21', 'libdjvulibre-text', 'libegl-dev', 'libglu1-mesa-dev', 'libgl-dev', 'libglx-dev', 'libimage-png-libpng-perl', 'libmpdec2', 'libvulkan-dev', 'libxext-dev', 'libx11-dev', 'libxcb1-dev', 'libxau-dev', 'libxdmcp-dev', 'qt5-qmake', 'qt5-qmake-bin', 'x11proto-core-dev'], kind short, sout raw, serr pipe, env []
autopkgtest: DBG: testbed command exited with code 0
autopkgtest: DBG: testbed command ['apt-mark', 'manual', '-qq', 'x11proto-dev', 'xorg-sgml-doctools', 'xtrans-dev'], kind short, sout raw, serr pipe, env []
autopkgtest: DBG: testbed command exited with code 0
autopkgtest: DBG: testbed command ['dpkg', '--purge', 'autopkgtest-satdep'], kind short, sout raw, serr raw, env []
(Reading database ... 161234 files and directories currently installed.)
Removing autopkgtest-satdep (0) ...
autopkgtest: DBG: testbed command exited with code 0
autopkgtest: DBG: testbed command ['sh', '-ec', 'command -v dpkg-query'], kind short, sout pipe, serr pipe, env []
autopkgtest: DBG: testbed command exited with code 0
autopkgtest: DBG: testbed command ['sh', '-ec', "dpkg-query --show -f '${Package}\\t${Version}\\n' > /tmp/autopkgtest.eqvihD/autodep8-perl-packages.all"], kind short, sout raw, serr pipe, env []
autopkgtest: DBG: testbed command exited with code 0
autopkgtest: DBG: sending command to testbed: copyup /tmp/autopkgtest.eqvihD/autodep8-perl-packages.all /home/minami/Documents/openkylin-riscv/test/libimage-png-libpng-perl/autodep8-perl-packages.all
autopkgtest-virt-qemu: DBG: executing copyup /tmp/autopkgtest.eqvihD/autodep8-perl-packages.all /home/minami/Documents/openkylin-riscv/test/libimage-png-libpng-perl/autodep8-perl-packages.all
autopkgtest-virt-qemu: DBG: ['cmdls', "(['/tmp/autopkgtest-qemu.yg6eqzdg/runcmd', 'sh', '-ec', 'cat </tmp/autopkgtest.eqvihD/autodep8-perl-packages.all'], ['cat'])"]
autopkgtest-virt-qemu: DBG: ['srcstdin', "<_io.BufferedReader name='/dev/null'>", 'deststdout', "<_io.BufferedWriter name='/home/minami/Documents/openkylin-riscv/test/libimage-png-libpng-perl/autodep8-perl-packages.all'>", 'devnull_read', <_io.BufferedReader name='/dev/null'>]
autopkgtest-virt-qemu: DBG:  +< /tmp/autopkgtest-qemu.yg6eqzdg/runcmd sh -ec cat </tmp/autopkgtest.eqvihD/autodep8-perl-packages.all
autopkgtest-virt-qemu: DBG:  +> cat
autopkgtest-virt-qemu: DBG:  +>?
autopkgtest-virt-qemu: DBG:  +<?
autopkgtest: DBG: got reply from testbed: ok
autopkgtest: DBG: testbed command ['test', '-e', '/tmp/autopkgtest.eqvihD/build.fpY/src'], kind short, sout raw, serr raw, env []
autopkgtest: DBG: testbed command exited with code 1
autopkgtest: DBG: testbed command ['mkdir', '-p', '/tmp/autopkgtest.eqvihD/build.fpY'], kind short, sout raw, serr pipe, env []
autopkgtest: DBG: testbed command exited with code 0
autopkgtest: DBG: sending command to testbed: copydown /home/minami/Documents/openkylin-riscv/test/libimage-png-libpng-perl/tests-tree/ /tmp/autopkgtest.eqvihD/build.fpY/src/
autopkgtest-virt-qemu: DBG: executing copydown /home/minami/Documents/openkylin-riscv/test/libimage-png-libpng-perl/tests-tree/ /tmp/autopkgtest.eqvihD/build.fpY/src/
autopkgtest-virt-qemu: DBG: ['cmdls', "(['tar', '--directory', '/home/minami/Documents/openkylin-riscv/test/libimage-png-libpng-perl/tests-tree/', '--warning=none', '-c', '.', '-f', '-'], ['/tmp/autopkgtest-qemu.yg6eqzdg/runcmd', 'sh', '-ec', 'if ! test -d /tmp/autopkgtest.eqvihD/build.fpY/src/; then mkdir -- /tmp/autopkgtest.eqvihD/build.fpY/src/; fi; cd /tmp/autopkgtest.eqvihD/build.fpY/src/; tar --warning=none --preserve-permissions --extract --no-same-owner -f -'])"]
autopkgtest-virt-qemu: DBG: ['srcstdin', "<_io.BufferedReader name='/dev/null'>", 'deststdout', "<_io.BufferedReader name='/dev/null'>", 'devnull_read', <_io.BufferedReader name='/dev/null'>]
autopkgtest-virt-qemu: DBG:  +< tar --directory /home/minami/Documents/openkylin-riscv/test/libimage-png-libpng-perl/tests-tree/ --warning=none -c . -f -
autopkgtest-virt-qemu: DBG:  +> /tmp/autopkgtest-qemu.yg6eqzdg/runcmd sh -ec if ! test -d /tmp/autopkgtest.eqvihD/build.fpY/src/; then mkdir -- /tmp/autopkgtest.eqvihD/build.fpY/src/; fi; cd /tmp/autopkgtest.eqvihD/build.fpY/src/; tar --warning=none --preserve-permissions --extract --no-same-owner -f -
autopkgtest-virt-qemu: DBG:  +>?
autopkgtest-virt-qemu: DBG:  +<?
autopkgtest: DBG: got reply from testbed: ok
autopkgtest: DBG: testbed command ['chown', '-R', 'openkylin', '--', '/tmp/autopkgtest.eqvihD/build.fpY/src'], kind short, sout raw, serr pipe, env []
autopkgtest: DBG: testbed command exited with code 0
autopkgtest [14:45:02]: test autodep8-perl: /usr/share/pkg-perl-autopkgtest/runner runtime-deps
autopkgtest [14:45:02]: test autodep8-perl: [-----------------------
autopkgtest: DBG: testbed command ['su', '-s', '/bin/bash', 'openkylin', '-c', 'set -e; export USER=`id -nu`; . /etc/profile >/dev/null 2>&1 || true;  . ~/.profile >/dev/null 2>&1 || true; buildtree="/tmp/autopkgtest.eqvihD/build.fpY/src"; mkdir -p -m 1777 -- "/tmp/autopkgtest.eqvihD/autodep8-perl-artifacts"; export AUTOPKGTEST_ARTIFACTS="/tmp/autopkgtest.eqvihD/autodep8-perl-artifacts"; export ADT_ARTIFACTS="$AUTOPKGTEST_ARTIFACTS"; mkdir -p -m 755 "/tmp/autopkgtest.eqvihD/autopkgtest_tmp"; export AUTOPKGTEST_TMP="/tmp/autopkgtest.eqvihD/autopkgtest_tmp"; export ADTTMP="$AUTOPKGTEST_TMP"; export DEBIAN_FRONTEND=noninteractive; export LANG=C.UTF-8; export DEB_BUILD_OPTIONS=parallel=8; unset LANGUAGE LC_CTYPE LC_NUMERIC LC_TIME LC_COLLATE   LC_MONETARY LC_MESSAGES LC_PAPER LC_NAME LC_ADDRESS   LC_TELEPHONE LC_MEASUREMENT LC_IDENTIFICATION LC_ALL;cd "$buildtree"; exec /tmp/autopkgtest.eqvihD/wrapper.sh --script-pid-file=/tmp/autopkgtest_script_pid --stderr=/tmp/autopkgtest.eqvihD/autodep8-perl-stderr --stdout=/tmp/autopkgtest.eqvihD/autodep8-perl-stdout -- bash -ec \'/usr/share/pkg-perl-autopkgtest/runner runtime-deps\' ;'], kind test, sout raw, serr raw, env []
/usr/share/pkg-perl-autopkgtest/runtime-deps.d/use.t .. 
1..4
ok 1 -  /usr/bin/perl -w -M"Image::PNG::Libpng" -e 1 2>&1 exited successfully
ok 2 -  /usr/bin/perl -w -M"Image::PNG::Libpng" -e 1 2>&1 produced no (non-whitelisted) output
ok 3 - env PERL_DL_NONLAZY=1  /usr/bin/perl -w -M"Image::PNG::Libpng" -e 1 2>&1 exited successfully
ok 4 - env PERL_DL_NONLAZY=1  /usr/bin/perl -w -M"Image::PNG::Libpng" -e 1 2>&1 produced no (non-whitelisted) output
ok
All tests successful.
Files=1, Tests=4,  3 wallclock secs ( 0.30 usr  0.12 sys +  2.31 cusr  0.72 csys =  3.45 CPU)
Result: PASS
autopkgtest: DBG: testbed command exited with code 0
autopkgtest [14:45:11]: test autodep8-perl: -----------------------]
autopkgtest: DBG: testbed executing test finished with exit status 0
autopkgtest: DBG: sending command to testbed: copyup /tmp/autopkgtest.eqvihD/autodep8-perl-stdout /home/minami/Documents/openkylin-riscv/test/libimage-png-libpng-perl/autodep8-perl-stdout
autopkgtest-virt-qemu: DBG: executing copyup /tmp/autopkgtest.eqvihD/autodep8-perl-stdout /home/minami/Documents/openkylin-riscv/test/libimage-png-libpng-perl/autodep8-perl-stdout
autopkgtest-virt-qemu: DBG: ['cmdls', "(['/tmp/autopkgtest-qemu.yg6eqzdg/runcmd', 'sh', '-ec', 'cat </tmp/autopkgtest.eqvihD/autodep8-perl-stdout'], ['cat'])"]
autopkgtest-virt-qemu: DBG: ['srcstdin', "<_io.BufferedReader name='/dev/null'>", 'deststdout', "<_io.BufferedWriter name='/home/minami/Documents/openkylin-riscv/test/libimage-png-libpng-perl/autodep8-perl-stdout'>", 'devnull_read', <_io.BufferedReader name='/dev/null'>]
autopkgtest-virt-qemu: DBG:  +< /tmp/autopkgtest-qemu.yg6eqzdg/runcmd sh -ec cat </tmp/autopkgtest.eqvihD/autodep8-perl-stdout
autopkgtest-virt-qemu: DBG:  +> cat
autopkgtest-virt-qemu: DBG:  +>?
autopkgtest-virt-qemu: DBG:  +<?
autopkgtest: DBG: got reply from testbed: ok
autopkgtest: DBG: sending command to testbed: copyup /tmp/autopkgtest.eqvihD/autodep8-perl-stderr /home/minami/Documents/openkylin-riscv/test/libimage-png-libpng-perl/autodep8-perl-stderr
autopkgtest-virt-qemu: DBG: executing copyup /tmp/autopkgtest.eqvihD/autodep8-perl-stderr /home/minami/Documents/openkylin-riscv/test/libimage-png-libpng-perl/autodep8-perl-stderr
autopkgtest-virt-qemu: DBG: ['cmdls', "(['/tmp/autopkgtest-qemu.yg6eqzdg/runcmd', 'sh', '-ec', 'cat </tmp/autopkgtest.eqvihD/autodep8-perl-stderr'], ['cat'])"]
autopkgtest-virt-qemu: DBG: ['srcstdin', "<_io.BufferedReader name='/dev/null'>", 'deststdout', "<_io.BufferedWriter name='/home/minami/Documents/openkylin-riscv/test/libimage-png-libpng-perl/autodep8-perl-stderr'>", 'devnull_read', <_io.BufferedReader name='/dev/null'>]
autopkgtest-virt-qemu: DBG:  +< /tmp/autopkgtest-qemu.yg6eqzdg/runcmd sh -ec cat </tmp/autopkgtest.eqvihD/autodep8-perl-stderr
autopkgtest-virt-qemu: DBG:  +> cat
autopkgtest-virt-qemu: DBG:  +>?
autopkgtest-virt-qemu: DBG:  +<?
autopkgtest: DBG: got reply from testbed: ok
autopkgtest [14:45:13]: test autodep8-perl:  - - - - - - - - - - results - - - - - - - - - -
autodep8-perl        PASS (superficial)
autopkgtest: DBG: sending command to testbed: copyup /tmp/autopkgtest.eqvihD/autodep8-perl-artifacts/ /home/minami/Documents/openkylin-riscv/test/libimage-png-libpng-perl/artifacts/
autopkgtest-virt-qemu: DBG: executing copyup /tmp/autopkgtest.eqvihD/autodep8-perl-artifacts/ /home/minami/Documents/openkylin-riscv/test/libimage-png-libpng-perl/artifacts/
autopkgtest-virt-qemu: DBG: ['cmdls', "(['/tmp/autopkgtest-qemu.yg6eqzdg/runcmd', 'sh', '-ec', 'cd /tmp/autopkgtest.eqvihD/autodep8-perl-artifacts/; tar --warning=none -c . -f -'], ['tar', '--directory', '/home/minami/Documents/openkylin-riscv/test/libimage-png-libpng-perl/artifacts/', '--warning=none', '--preserve-permissions', '--extract', '--no-same-owner', '-f', '-'])"]
autopkgtest-virt-qemu: DBG: ['srcstdin', "<_io.BufferedReader name='/dev/null'>", 'deststdout', "<_io.BufferedReader name='/dev/null'>", 'devnull_read', <_io.BufferedReader name='/dev/null'>]
autopkgtest-virt-qemu: DBG:  +< /tmp/autopkgtest-qemu.yg6eqzdg/runcmd sh -ec cd /tmp/autopkgtest.eqvihD/autodep8-perl-artifacts/; tar --warning=none -c . -f -
autopkgtest-virt-qemu: DBG:  +> tar --directory /home/minami/Documents/openkylin-riscv/test/libimage-png-libpng-perl/artifacts/ --warning=none --preserve-permissions --extract --no-same-owner -f -
autopkgtest-virt-qemu: DBG:  +>?
autopkgtest-virt-qemu: DBG:  +<?
autopkgtest: DBG: got reply from testbed: ok
autopkgtest: DBG: testbed command ['rm', '-rf', '/tmp/autopkgtest.eqvihD/autodep8-perl-artifacts', '/tmp/autopkgtest.eqvihD/autopkgtest_tmp'], kind short, sout raw, serr pipe, env []
autopkgtest: DBG: testbed command exited with code 0
autopkgtest [14:45:13]: test autodep8-perl-recommends: preparing testbed
autopkgtest: DBG: testbed reset: modified=False, deps_installed=['libimage-png-libpng-perl', 'pkg-perl-autopkgtest'], deps_new=['libimage-png-libpng-perl', 'pkg-perl-autopkgtest']
autopkgtest: DBG: Binaries: no registered binaries, not publishing anything
autopkgtest: DBG: install_deps: deps_new=['libimage-png-libpng-perl', 'pkg-perl-autopkgtest']
autopkgtest: DBG: install-deps: satisfying libimage-png-libpng-perl, pkg-perl-autopkgtest
autopkgtest: DBG: install-deps: architecture resolved: libimage-png-libpng-perl, pkg-perl-autopkgtest
autopkgtest: DBG: testbed command ['test', '-w', '/var/lib/dpkg/status'], kind short, sout raw, serr raw, env []
autopkgtest: DBG: testbed command exited with code 0
autopkgtest: DBG: can use apt-get on testbed: True
autopkgtest: DBG: testbed command ['mkdir', '-p', '/tmp/autopkgtest.eqvihD'], kind short, sout raw, serr pipe, env []
autopkgtest: DBG: testbed command exited with code 0
autopkgtest: DBG: sending command to testbed: copydown /home/minami/Documents/openkylin-riscv/test/libimage-png-libpng-perl/3-autopkgtest-satdep.deb /tmp/autopkgtest.eqvihD/3-autopkgtest-satdep.deb
autopkgtest-virt-qemu: DBG: executing copydown /home/minami/Documents/openkylin-riscv/test/libimage-png-libpng-perl/3-autopkgtest-satdep.deb /tmp/autopkgtest.eqvihD/3-autopkgtest-satdep.deb
autopkgtest-virt-qemu: DBG: ['cmdls', "(['cat'], ['/tmp/autopkgtest-qemu.yg6eqzdg/runcmd', 'sh', '-ec', 'cat >/tmp/autopkgtest.eqvihD/3-autopkgtest-satdep.deb'])"]
autopkgtest-virt-qemu: DBG: ['srcstdin', "<_io.BufferedReader name='/home/minami/Documents/openkylin-riscv/test/libimage-png-libpng-perl/3-autopkgtest-satdep.deb'>", 'deststdout', "<_io.BufferedReader name='/dev/null'>", 'devnull_read', <_io.BufferedReader name='/dev/null'>]
autopkgtest-virt-qemu: DBG:  +< cat
autopkgtest-virt-qemu: DBG:  +> /tmp/autopkgtest-qemu.yg6eqzdg/runcmd sh -ec cat >/tmp/autopkgtest.eqvihD/3-autopkgtest-satdep.deb
autopkgtest-virt-qemu: DBG:  +>?
autopkgtest-virt-qemu: DBG:  +<?
autopkgtest: DBG: got reply from testbed: ok
autopkgtest: DBG: testbed command ['chown', '-R', 'openkylin', '--', '/tmp/autopkgtest.eqvihD/3-autopkgtest-satdep.deb'], kind short, sout raw, serr pipe, env []
autopkgtest: DBG: testbed command exited with code 0
autopkgtest: DBG: testbed command ['dpkg', '--unpack', '/tmp/autopkgtest.eqvihD/3-autopkgtest-satdep.deb'], kind short, sout pipe, serr pipe, env []
autopkgtest: DBG: testbed command exited with code 0
autopkgtest: DBG: testbed command ['/bin/sh', '-ec', ' apt-get install --assume-yes --fix-broken -o APT::Status-Fd=3 -o APT::Install-Recommends=false -o Dpkg::Options::=--force-confnew -o Debug::pkgProblemResolver=true 3>&2 2>&1'], kind install, sout raw, serr pipe, env ['DEBIAN_FRONTEND=noninteractive', 'APT_LISTBUGS_FRONTEND=none', 'APT_LISTCHANGES_FRONTEND=none']
Reading package lists...
Building dependency tree...
Reading state information...
Starting pkgProblemResolver with broken count: 0
Starting 2 pkgProblemResolver with broken count: 0
Done
0 upgraded, 0 newly installed, 0 to remove and 18 not upgraded.
1 not fully installed or removed.
After this operation, 0 B of additional disk space will be used.
Setting up autopkgtest-satdep (0) ...
autopkgtest: DBG: testbed command exited with code 0
autopkgtest: DBG: testbed command ['dpkg-query', '--show', '-f', '${Status}', 'libimage-png-libpng-perl'], kind short, sout pipe, serr pipe, env []
autopkgtest: DBG: testbed command exited with code 0
autopkgtest: DBG: testbed command ['dpkg', '--status', 'autopkgtest-satdep'], kind short, sout pipe, serr pipe, env []
autopkgtest: DBG: testbed command exited with code 0
autopkgtest: DBG: testbed command ['apt-get', '--simulate', '--quiet', '-o', 'APT::Get::Show-User-Simulation-Note=False', '--auto-remove', 'purge', 'autopkgtest-satdep'], kind short, sout pipe, serr pipe, env []
autopkgtest: DBG: testbed command exited with code 0
autopkgtest: DBG: testbed command ['dpkg', '--purge', 'autopkgtest-satdep'], kind short, sout raw, serr raw, env []
(Reading database ... 161234 files and directories currently installed.)
Removing autopkgtest-satdep (0) ...
autopkgtest: DBG: testbed command exited with code 0
autopkgtest: DBG: testbed command ['sh', '-ec', 'command -v dpkg-query'], kind short, sout pipe, serr pipe, env []
autopkgtest: DBG: testbed command exited with code 0
autopkgtest: DBG: testbed command ['sh', '-ec', "dpkg-query --show -f '${Package}\\t${Version}\\n' > /tmp/autopkgtest.eqvihD/autodep8-perl-recommends-packages.all"], kind short, sout raw, serr pipe, env []
autopkgtest: DBG: testbed command exited with code 0
autopkgtest: DBG: sending command to testbed: copyup /tmp/autopkgtest.eqvihD/autodep8-perl-recommends-packages.all /home/minami/Documents/openkylin-riscv/test/libimage-png-libpng-perl/autodep8-perl-recommends-packages.all
autopkgtest-virt-qemu: DBG: executing copyup /tmp/autopkgtest.eqvihD/autodep8-perl-recommends-packages.all /home/minami/Documents/openkylin-riscv/test/libimage-png-libpng-perl/autodep8-perl-recommends-packages.all
autopkgtest-virt-qemu: DBG: ['cmdls', "(['/tmp/autopkgtest-qemu.yg6eqzdg/runcmd', 'sh', '-ec', 'cat </tmp/autopkgtest.eqvihD/autodep8-perl-recommends-packages.all'], ['cat'])"]
autopkgtest-virt-qemu: DBG: ['srcstdin', "<_io.BufferedReader name='/dev/null'>", 'deststdout', "<_io.BufferedWriter name='/home/minami/Documents/openkylin-riscv/test/libimage-png-libpng-perl/autodep8-perl-recommends-packages.all'>", 'devnull_read', <_io.BufferedReader name='/dev/null'>]
autopkgtest-virt-qemu: DBG:  +< /tmp/autopkgtest-qemu.yg6eqzdg/runcmd sh -ec cat </tmp/autopkgtest.eqvihD/autodep8-perl-recommends-packages.all
autopkgtest-virt-qemu: DBG:  +> cat
autopkgtest-virt-qemu: DBG:  +>?
autopkgtest-virt-qemu: DBG:  +<?
autopkgtest: DBG: got reply from testbed: ok
autopkgtest: DBG: testbed command ['test', '-e', '/tmp/autopkgtest.eqvihD/build.fpY/src'], kind short, sout raw, serr raw, env []
autopkgtest: DBG: testbed command exited with code 0
autopkgtest: DBG: copydown: tb path /tmp/autopkgtest.eqvihD/build.fpY/src already exists
autopkgtest [14:45:40]: test autodep8-perl-recommends: /usr/share/pkg-perl-autopkgtest/runner runtime-deps-and-recommends
autopkgtest [14:45:40]: test autodep8-perl-recommends: [-----------------------
autopkgtest: DBG: testbed command ['su', '-s', '/bin/bash', 'openkylin', '-c', 'set -e; export USER=`id -nu`; . /etc/profile >/dev/null 2>&1 || true;  . ~/.profile >/dev/null 2>&1 || true; buildtree="/tmp/autopkgtest.eqvihD/build.fpY/src"; mkdir -p -m 1777 -- "/tmp/autopkgtest.eqvihD/autodep8-perl-recommends-artifacts"; export AUTOPKGTEST_ARTIFACTS="/tmp/autopkgtest.eqvihD/autodep8-perl-recommends-artifacts"; export ADT_ARTIFACTS="$AUTOPKGTEST_ARTIFACTS"; mkdir -p -m 755 "/tmp/autopkgtest.eqvihD/autopkgtest_tmp"; export AUTOPKGTEST_TMP="/tmp/autopkgtest.eqvihD/autopkgtest_tmp"; export ADTTMP="$AUTOPKGTEST_TMP"; export DEBIAN_FRONTEND=noninteractive; export LANG=C.UTF-8; export DEB_BUILD_OPTIONS=parallel=8; unset LANGUAGE LC_CTYPE LC_NUMERIC LC_TIME LC_COLLATE   LC_MONETARY LC_MESSAGES LC_PAPER LC_NAME LC_ADDRESS   LC_TELEPHONE LC_MEASUREMENT LC_IDENTIFICATION LC_ALL;cd "$buildtree"; exec /tmp/autopkgtest.eqvihD/wrapper.sh --script-pid-file=/tmp/autopkgtest_script_pid --stderr=/tmp/autopkgtest.eqvihD/autodep8-perl-recommends-stderr --stdout=/tmp/autopkgtest.eqvihD/autodep8-perl-recommends-stdout -- bash -ec \'/usr/share/pkg-perl-autopkgtest/runner runtime-deps-and-recommends\' ;'], kind test, sout raw, serr raw, env []
/usr/share/pkg-perl-autopkgtest/runtime-deps-and-recommends.d/syntax.t .. 
1..4
ok 1 - Package libimage-png-libpng-perl is known to dpkg
ok 2 - Got status information for package libimage-png-libpng-perl
ok 3 - Got file list for package libimage-png-libpng-perl
# Subtest: all modules in libimage-png-libpng-perl pass the syntax check
    1..2
    ok 1 - /usr/bin/perl -wc /usr/lib/riscv64-linux-gnu/perl5/5.30/Image/PNG/Const.pm exited successfully
    ok 2 - /usr/bin/perl -wc /usr/lib/riscv64-linux-gnu/perl5/5.30/Image/PNG/Libpng.pm exited successfully
ok 4 - all modules in libimage-png-libpng-perl pass the syntax check
ok
All tests successful.
Files=1, Tests=4,  4 wallclock secs ( 0.28 usr  0.10 sys +  2.16 cusr  0.75 csys =  3.29 CPU)
Result: PASS
autopkgtest: DBG: testbed command exited with code 0
autopkgtest [14:45:49]: test autodep8-perl-recommends: -----------------------]
autopkgtest: DBG: testbed executing test finished with exit status 0
autopkgtest: DBG: sending command to testbed: copyup /tmp/autopkgtest.eqvihD/autodep8-perl-recommends-stdout /home/minami/Documents/openkylin-riscv/test/libimage-png-libpng-perl/autodep8-perl-recommends-stdout
autopkgtest-virt-qemu: DBG: executing copyup /tmp/autopkgtest.eqvihD/autodep8-perl-recommends-stdout /home/minami/Documents/openkylin-riscv/test/libimage-png-libpng-perl/autodep8-perl-recommends-stdout
autopkgtest-virt-qemu: DBG: ['cmdls', "(['/tmp/autopkgtest-qemu.yg6eqzdg/runcmd', 'sh', '-ec', 'cat </tmp/autopkgtest.eqvihD/autodep8-perl-recommends-stdout'], ['cat'])"]
autopkgtest-virt-qemu: DBG: ['srcstdin', "<_io.BufferedReader name='/dev/null'>", 'deststdout', "<_io.BufferedWriter name='/home/minami/Documents/openkylin-riscv/test/libimage-png-libpng-perl/autodep8-perl-recommends-stdout'>", 'devnull_read', <_io.BufferedReader name='/dev/null'>]
autopkgtest-virt-qemu: DBG:  +< /tmp/autopkgtest-qemu.yg6eqzdg/runcmd sh -ec cat </tmp/autopkgtest.eqvihD/autodep8-perl-recommends-stdout
autopkgtest-virt-qemu: DBG:  +> cat
autopkgtest-virt-qemu: DBG:  +>?
autopkgtest-virt-qemu: DBG:  +<?
autopkgtest: DBG: got reply from testbed: ok
autopkgtest: DBG: sending command to testbed: copyup /tmp/autopkgtest.eqvihD/autodep8-perl-recommends-stderr /home/minami/Documents/openkylin-riscv/test/libimage-png-libpng-perl/autodep8-perl-recommends-stderr
autopkgtest-virt-qemu: DBG: executing copyup /tmp/autopkgtest.eqvihD/autodep8-perl-recommends-stderr /home/minami/Documents/openkylin-riscv/test/libimage-png-libpng-perl/autodep8-perl-recommends-stderr
autopkgtest-virt-qemu: DBG: ['cmdls', "(['/tmp/autopkgtest-qemu.yg6eqzdg/runcmd', 'sh', '-ec', 'cat </tmp/autopkgtest.eqvihD/autodep8-perl-recommends-stderr'], ['cat'])"]
autopkgtest-virt-qemu: DBG: ['srcstdin', "<_io.BufferedReader name='/dev/null'>", 'deststdout', "<_io.BufferedWriter name='/home/minami/Documents/openkylin-riscv/test/libimage-png-libpng-perl/autodep8-perl-recommends-stderr'>", 'devnull_read', <_io.BufferedReader name='/dev/null'>]
autopkgtest-virt-qemu: DBG:  +< /tmp/autopkgtest-qemu.yg6eqzdg/runcmd sh -ec cat </tmp/autopkgtest.eqvihD/autodep8-perl-recommends-stderr
autopkgtest-virt-qemu: DBG:  +> cat
autopkgtest-virt-qemu: DBG:  +>?
autopkgtest-virt-qemu: DBG:  +<?
autopkgtest: DBG: got reply from testbed: ok
autopkgtest [14:45:50]: test autodep8-perl-recommends:  - - - - - - - - - - results - - - - - - - - - -
autodep8-perl-recommends PASS (superficial)
autopkgtest: DBG: sending command to testbed: copyup /tmp/autopkgtest.eqvihD/autodep8-perl-recommends-artifacts/ /home/minami/Documents/openkylin-riscv/test/libimage-png-libpng-perl/artifacts/
autopkgtest-virt-qemu: DBG: executing copyup /tmp/autopkgtest.eqvihD/autodep8-perl-recommends-artifacts/ /home/minami/Documents/openkylin-riscv/test/libimage-png-libpng-perl/artifacts/
autopkgtest-virt-qemu: DBG: ['cmdls', "(['/tmp/autopkgtest-qemu.yg6eqzdg/runcmd', 'sh', '-ec', 'cd /tmp/autopkgtest.eqvihD/autodep8-perl-recommends-artifacts/; tar --warning=none -c . -f -'], ['tar', '--directory', '/home/minami/Documents/openkylin-riscv/test/libimage-png-libpng-perl/artifacts/', '--warning=none', '--preserve-permissions', '--extract', '--no-same-owner', '-f', '-'])"]
autopkgtest-virt-qemu: DBG: ['srcstdin', "<_io.BufferedReader name='/dev/null'>", 'deststdout', "<_io.BufferedReader name='/dev/null'>", 'devnull_read', <_io.BufferedReader name='/dev/null'>]
autopkgtest-virt-qemu: DBG:  +< /tmp/autopkgtest-qemu.yg6eqzdg/runcmd sh -ec cd /tmp/autopkgtest.eqvihD/autodep8-perl-recommends-artifacts/; tar --warning=none -c . -f -
autopkgtest-virt-qemu: DBG:  +> tar --directory /home/minami/Documents/openkylin-riscv/test/libimage-png-libpng-perl/artifacts/ --warning=none --preserve-permissions --extract --no-same-owner -f -
autopkgtest-virt-qemu: DBG:  +>?
autopkgtest-virt-qemu: DBG:  +<?
autopkgtest: DBG: got reply from testbed: ok
autopkgtest: DBG: testbed command ['rm', '-rf', '/tmp/autopkgtest.eqvihD/autodep8-perl-recommends-artifacts', '/tmp/autopkgtest.eqvihD/autopkgtest_tmp'], kind short, sout raw, serr pipe, env []
autopkgtest: DBG: testbed command exited with code 0
autopkgtest: DBG: needs_reset, previously=False, requested by run_tests() line 208
autopkgtest [14:45:51]: @@@@@@@@@@@@@@@@@@@@ summary
autodep8-perl-build-deps PASS
autodep8-perl        PASS (superficial)
autodep8-perl-recommends PASS (superficial)
autopkgtest: DBG: testbed stop
autopkgtest: DBG: testbed close, scratch=/tmp/autopkgtest.eqvihD
autopkgtest: DBG: sending command to testbed: close
autopkgtest-virt-qemu: DBG: executing close
autopkgtest-virt-qemu: DBG: cleanup...
qemu-system-riscv64: terminating on signal 15 from pid 4013757 (/usr/bin/python3)
autopkgtest: DBG: got reply from testbed: ok
autopkgtest: DBG: sending command to testbed: quit
autopkgtest-virt-qemu: DBG: executing quit
autopkgtest-virt-qemu: DBG: cleanup...
