t/00_load.t ... 
1..40
ok 1
ok 2
ok 3
ok 4
ok 5
ok 6
ok 7
ok 8
ok 9
ok 10
ok 11
ok 12
ok 13
ok 14
ok 15
ok 16
ok 17
ok 18
ok 19
ok 20
ok 21
ok 22
ok 23
ok 24
ok 25
ok 26
ok 27
ok 28
ok 29
ok 30
ok 31
ok 32
ok 33
ok 34
ok 35
ok 36
ok 37
ok 38
ok 39
ok 40
ok
t/modes.t ..... 
1..90
ok 1
ok 2
ok 3 - Decrypted text matches plain text for cbc-0
ok 4 - Decrypted text matches plain text for cbc-1
ok 5 - Decrypted text matches plain text for cbc-2
ok 6 - Decrypted text matches plain text for cbc-3
ok 7 - Decrypted text matches plain text for cbc-4
ok 8 - Decrypted text matches plain text for cbc-5
ok 9 - Decrypted text matches plain text for cbc-6
ok 10 - Decrypted text matches plain text for cbc-7
ok 11 - Decrypted text matches plain text for cbc-8
ok 12 - Decrypted text matches plain text for cbc-9
ok 13 - Decrypted text matches plain text for cbc-10
ok 14 - Decrypted text matches plain text for cfb-0
ok 15 - Decrypted text matches plain text for cfb-1
ok 16 - Decrypted text matches plain text for cfb-2
ok 17 - Decrypted text matches plain text for cfb-3
ok 18 - Decrypted text matches plain text for cfb-4
ok 19 - Decrypted text matches plain text for cfb-5
ok 20 - Decrypted text matches plain text for cfb-6
ok 21 - Decrypted text matches plain text for cfb-7
ok 22 - Decrypted text matches plain text for cfb-8
ok 23 - Decrypted text matches plain text for cfb-9
ok 24 - Decrypted text matches plain text for cfb-10
ok 25 - Decrypted text matches plain text for cfb-0-partial
ok 26 - Decrypted text matches plain text for cfb-1-partial
ok 27 - Decrypted text matches plain text for cfb-2-partial
ok 28 - Decrypted text matches plain text for cfb-3-partial
ok 29 - Decrypted text matches plain text for cfb-4-partial
ok 30 - Decrypted text matches plain text for cfb-5-partial
ok 31 - Decrypted text matches plain text for cfb-6-partial
ok 32 - Decrypted text matches plain text for cfb-7-partial
ok 33 - Decrypted text matches plain text for cfb-8-partial
ok 34 - Decrypted text matches plain text for cfb-9-partial
ok 35 - Decrypted text matches plain text for cfb-10-partial
ok 36 - Decrypted text matches plain text for ctr-0
ok 37 - Decrypted text matches plain text for ctr-1
ok 38 - Decrypted text matches plain text for ctr-2
ok 39 - Decrypted text matches plain text for ctr-3
ok 40 - Decrypted text matches plain text for ctr-4
ok 41 - Decrypted text matches plain text for ctr-5
ok 42 - Decrypted text matches plain text for ctr-6
ok 43 - Decrypted text matches plain text for ctr-7
ok 44 - Decrypted text matches plain text for ctr-8
ok 45 - Decrypted text matches plain text for ctr-9
ok 46 - Decrypted text matches plain text for ctr-10
ok 47 - Decrypted text matches plain text for ecb-0
ok 48 - Decrypted text matches plain text for ecb-1
ok 49 - Decrypted text matches plain text for ecb-2
ok 50 - Decrypted text matches plain text for ecb-3
ok 51 - Decrypted text matches plain text for ecb-4
ok 52 - Decrypted text matches plain text for ecb-5
ok 53 - Decrypted text matches plain text for ecb-6
ok 54 - Decrypted text matches plain text for ecb-7
ok 55 - Decrypted text matches plain text for ecb-8
ok 56 - Decrypted text matches plain text for ecb-9
ok 57 - Decrypted text matches plain text for ecb-10
ok 58 - Decrypted text matches plain text for ofb-0
ok 59 - Decrypted text matches plain text for ofb-1
ok 60 - Decrypted text matches plain text for ofb-2
ok 61 - Decrypted text matches plain text for ofb-3
ok 62 - Decrypted text matches plain text for ofb-4
ok 63 - Decrypted text matches plain text for ofb-5
ok 64 - Decrypted text matches plain text for ofb-6
ok 65 - Decrypted text matches plain text for ofb-7
ok 66 - Decrypted text matches plain text for ofb-8
ok 67 - Decrypted text matches plain text for ofb-9
ok 68 - Decrypted text matches plain text for ofb-10
ok 69 - Decrypted text matches plain text for ofb-0-partial
ok 70 - Decrypted text matches plain text for ofb-1-partial
ok 71 - Decrypted text matches plain text for ofb-2-partial
ok 72 - Decrypted text matches plain text for ofb-3-partial
ok 73 - Decrypted text matches plain text for ofb-4-partial
ok 74 - Decrypted text matches plain text for ofb-5-partial
ok 75 - Decrypted text matches plain text for ofb-6-partial
ok 76 - Decrypted text matches plain text for ofb-7-partial
ok 77 - Decrypted text matches plain text for ofb-8-partial
ok 78 - Decrypted text matches plain text for ofb-9-partial
ok 79 - Decrypted text matches plain text for ofb-10-partial
not ok 80 # TODO & SKIP PCBC is not a legal mode (yet)
not ok 81 # TODO & SKIP PCBC is not a legal mode (yet)
not ok 82 # TODO & SKIP PCBC is not a legal mode (yet)
not ok 83 # TODO & SKIP PCBC is not a legal mode (yet)
not ok 84 # TODO & SKIP PCBC is not a legal mode (yet)
not ok 85 # TODO & SKIP PCBC is not a legal mode (yet)
not ok 86 # TODO & SKIP PCBC is not a legal mode (yet)
not ok 87 # TODO & SKIP PCBC is not a legal mode (yet)
not ok 88 # TODO & SKIP PCBC is not a legal mode (yet)
not ok 89 # TODO & SKIP PCBC is not a legal mode (yet)
not ok 90 # TODO & SKIP PCBC is not a legal mode (yet)
ok
t/rt/27632.t .. 
ok 1 - An object of class 'Crypt::Rijndael' isa 'Crypt::Rijndael'
ok 2 - Text comes back correctly
1..2
ok
All tests successful.
Files=3, Tests=132,  4 wallclock secs ( 0.43 usr  0.13 sys +  2.56 cusr  0.77 csys =  3.89 CPU)
Result: PASS
