t/00.load.t ....... 
1..1
ok 1 - use Config::AutoConf;
ok
t/01.checkprog.t .. 
1..18
ok 1 - Find perl
ok 2 - Don't find ''hopingnobodyhasthiscommand
ok 3 - Find perl only
ok 4 - Find no _xn surrounded perl
Checking for awk... /somewhere/over/the/rainbow
ok 5 - $ENV{AWK} honored
Checking for sed... /somewhere/over/the/rainbow
ok 6 - $ENV{SED} honored
Checking for egrep... /somewhere/over/the/rainbow
ok 7 - $ENV{EGREP} honored
Checking for yacc... /somewhere/over/the/rainbow
ok 8 - $ENV{YACC} honored
Checking for awk... (cached) /somewhere/over/the/rainbow
ok 9 - $ENV{ac_cv_prog_AWK} honored
Checking for sed... (cached) /somewhere/over/the/rainbow
ok 10 - $ENV{ac_cv_prog_SED} honored
Checking for egrep... (cached) /somewhere/over/the/rainbow
ok 11 - $ENV{ac_cv_prog_EGREP} honored
Checking for yacc... (cached) /somewhere/over/the/rainbow
ok 12 - $ENV{ac_cv_prog_YACC} honored
# Check for some progs to get an overview about world outside
Checking for awk... /usr/bin/mawk
ok 13 - /usr/bin/mawk is executable
# Found AWK as /usr/bin/mawk
Checking for sed... /usr/bin/sed
ok 14 - /usr/bin/sed is executable
# Found SED as /usr/bin/sed
Checking for egrep... /usr/bin/egrep
ok 15 - /usr/bin/egrep is executable
# Found EGREP as /usr/bin/egrep
Checking for yacc... 
ok 16 # skip No yacc
Checking for lex... 
ok 17 # skip No lex
Checking for pkg-config... /usr/bin/pkg-config
ok 18 - /usr/bin/pkg-config is executable
# Found PKG-CONFIG as /usr/bin/pkg-config
ok
t/02.compile.t .... 
Checking for stdio.h... Checking for cc... riscv64-linux-gnu-gcc
yes
Checking for astupidheaderfile.h... no
ok 1
Checking for astupidheaderfile.h... (cached) no
Checking for stdio.h... (cached) yes
ok 2
Checking for stdlib.h... Checking for cc... riscv64-linux-gnu-gcc
yes
Checking for stdarg.h... yes
Checking for string.h... yes
Checking for float.h... yes
Checking for assert.h... yes
Checking for ctype.h... yes
Checking for errno.h... yes
Checking for limits.h... yes
Checking for locale.h... yes
Checking for math.h... yes
Checking for setjmp.h... yes
Checking for signal.h... yes
Checking for stddef.h... yes
Checking for stdio.h... yes
Checking for time.h... yes
Checking for sys/types.h... yes
Checking for sys/stat.h... yes
Checking for memory.h... yes
Checking for strings.h... yes
Checking for inttypes.h... yes
Checking for stdint.h... yes
Checking for unistd.h... yes
ok 3 - check_default_headers
# Checking for cache value ac_cv_stdio_h
ok 4 - found stdio.h
Checking for dirent.h... yes
Checking for header defining DIR *... yes
ok 5 - check_dirent_header
Checking whether PERL_VERSION_STRING is declared... yes
ok 6 - PERL_VERSION_STRING declared
Checking whether PERL_API_REVISION is declared... yes
Checking whether PERL_API_VERSION is declared... yes
Checking whether PERL_API_SUBVERSION is declared... yes
ok 7 - PERL_API_* declared
Checking whether perl_parse(PerlInterpreter *, XSINIT_t , int , char** , char** ) is declared... yes
ok 8 - perl_parse() declared
Checking for complete_useless_datatype... (cached) yes
ok 9 - External overwritten type test
Checking for I32... yes
ok 10 - I32 is valid type
Checking for SV *... yes
Checking for AV *... yes
Checking for HV *... yes
ok 11 - [SAH]V * are valid types
Checking for size of I32... 4
ok 12 - I32 has size of 4 bytes
Checking for size of I32... (cached) 4
Checking for size of SV *... 8
Checking for size of AV... 24
Checking for size of HV *... 8
Checking for size of SV.sv_refcnt... 4
ok 13 - Could determined sizes for I32, SV *, AV, HV *, SV.sv_refcnt
Checking for compute result of (-sizeof(I32))... -4
ok 14 - Compute (-sizeof(I32))
Checking for struct av.sv_any... yes
ok 15 - have struct av.sv_any member
Checking for struct hv.sv_any... yes
Checking for struct STRUCT_SV.sv_any... yes
ok 16 - have struct hv.sv_any and struct STRUCT_SV.sv_any members
Checking for struct S2.s1... yes
ok 17 - have struct S2.s1 member
Checking for align of I32... 4
ok 18 - Align of I32
Checking for align of SV.sv_refcnt... 8
ok 19 - Align of SV.sv_refcnt
Checking for align of I32... (cached) 4
Checking for align of U32... 4
Checking for align of AV... 8
Checking for align of HV *... 8
Checking for align of SV.sv_refcnt... (cached) 8
ok 20 - Could determine the sizes of I32, U32, AV, HV *, SV.sv_refcnt
Checking for struct regexp.jdd... no
Checking for struct regexp.jdd2... no
Checking for struct regexp.engine... yes
Checking for struct regexp.mother_re... yes
Checking for struct regexp.extflags... yes
Checking for struct regexp.minlen... yes
Checking for struct regexp.minlenret... yes
Checking for struct regexp.gofs... yes
Checking for struct regexp.substrs... yes
Checking for struct regexp.nparens... yes
Checking for struct regexp.intflags... yes
Checking for struct regexp.pprivate... yes
Checking for struct regexp.lastparen... yes
Checking for struct regexp.lastcloseparen... yes
Checking for struct regexp.swap... no
Checking for struct regexp.offs... yes
Checking for struct regexp.subbeg... yes
Checking for struct regexp.saved_copy... yes
Checking for struct regexp.sublen... yes
Checking for struct regexp.suboffset... yes
Checking for struct regexp.subcoffset... yes
Checking for struct regexp.prelen... no
Checking for struct regexp.precomp... no
Checking for struct regexp.wrapped... no
Checking for struct regexp.wraplen... no
Checking for struct regexp.seen_evals... no
Checking for struct regexp.paren_names... yes
Checking for struct regexp.refcnt... no
ok 21 - Check struct regexp
ok 22 - default config.h created
ok 23 - config.h contains content
ok 24 - default config.h created
ok 25 - 2nd config.h is bigger than first (more checks made)
ok 26 - file and direct write computes equal
ok 27 - complete_useless_datatype in config.h even if injected
ok 28 - Successfully added 2nd loghandle
Checking whether perlapi is accessible... yes
ok 29 - Could compile perl extensions
ok 30 - add_log_fh/delete_log_fh
Checking for insane.h... (cached) /usr/include/insane.h
ok 31 - Cache override for header files work
1..31
ok
All tests successful.
Files=3, Tests=50, 504 wallclock secs ( 0.47 usr  0.16 sys + 376.74 cusr 145.36 csys = 522.73 CPU)
Result: PASS
