autopkgtest: DBG: testbed init
autopkgtest [17:35:01]: starting date and time: 2023-02-19 17:35:01+0800
autopkgtest [17:35:01]: version 5.28
autopkgtest [17:35:01]: host debian; command line: /usr/bin/autopkgtest /home/minami/Documents/openkylin-riscv/src/libconfig-autoconf-perl_0.320-ok1.dsc -o /home/minami/Documents/openkylin-riscv/test/libconfig-autoconf-perl -d -B -- qemu -u root -p openkylin --qemu-architecture=riscv64 -c 8 --ram-size=8192 -d '--qemu-options=-machine virt -kernel /home/minami/Documents/ukylin/u-boot.bin' /home/minami/Documents/openkylin-riscv/testing.qcow2
autopkgtest: DBG: got reply from testbed: ok
autopkgtest: DBG: testbed open, scratch=None
autopkgtest: DBG: sending command to testbed: open
autopkgtest-virt-qemu: DBG: executing open
autopkgtest-virt-qemu: DBG: find_free_port: trying 10022
autopkgtest-virt-qemu: DBG: find_free_port: 10022 is free
autopkgtest-virt-qemu: DBG: autopkgtest does not know how to boot this machine, hopefully nothing special needs to be done?
autopkgtest-virt-qemu: DBG: qemu architecture: riscv64
autopkgtest-virt-qemu: DBG: qemu command: qemu-system-riscv64
autopkgtest-virt-qemu: DBG: execute-timeout: qemu-img info --output=json /home/minami/Documents/openkylin-riscv/testing.qcow2
autopkgtest-virt-qemu: DBG: Creating temporary overlay image in /tmp/autopkgtest-qemu.j_90vn0w/overlay.img
autopkgtest-virt-qemu: DBG: execute-timeout: qemu-img create -f qcow2 -F qcow2 -b /home/minami/Documents/openkylin-riscv/testing.qcow2 /tmp/autopkgtest-qemu.j_90vn0w/overlay.img
autopkgtest-virt-qemu: DBG: Forwarding local port 10022 to VM ssh port 22
autopkgtest-virt-qemu: DBG: Assuming nothing special needs to be done to set up firmware to boot this machine (boot method: none)
autopkgtest-virt-qemu: DBG: full qemu command-line: ['qemu-system-riscv64', '-m', '8192', '-smp', '8', '-nographic', '-device', 'virtio-net-device,netdev=usernet', '-netdev', 'user,id=usernet,hostfwd=tcp:127.0.0.1:10022-:22', '-object', 'rng-random,filename=/dev/urandom,id=rng0', '-device', 'virtio-rng-pci,rng=rng0,id=rng-device0', '-monitor', 'unix:/tmp/autopkgtest-qemu.j_90vn0w/monitor,server=on,wait=off', '-virtfs', 'local,id=autopkgtest,path=/tmp/autopkgtest-qemu.j_90vn0w/shared,security_model=none,mount_tag=autopkgtest', '-device', 'virtio-serial', '-chardev', 'socket,path=/tmp/autopkgtest-qemu.j_90vn0w/hvc0,server=on,wait=off,id=hvc0', '-device', 'virtconsole,chardev=hvc0', '-chardev', 'socket,path=/tmp/autopkgtest-qemu.j_90vn0w/hvc1,server=on,wait=off,id=hvc1', '-device', 'virtconsole,chardev=hvc1', '-serial', 'unix:/tmp/autopkgtest-qemu.j_90vn0w/ttyS0,server=on,wait=off', '-drive', 'index=0,file=/tmp/autopkgtest-qemu.j_90vn0w/overlay.img,format=qcow2,cache=unsafe,if=virtio,discard=unmap', '-machine', 'virt', '-kernel', '/home/minami/Documents/ukylin/u-boot.bin']
autopkgtest-virt-qemu: DBG: expect: b' login: '
autopkgtest-virt-qemu: DBG: expect: found "'login prompt on serial console'"
autopkgtest-virt-qemu: DBG: expect: b'ok'
autopkgtest-virt-qemu: DBG: expect: found "b'ok'"
autopkgtest-virt-qemu: DBG: setup_shell(): there already is a shell on hvc1
qemu-system-riscv64: warning: 9p: degraded performance: a reasonable high msize should be chosen on client/guest side (chosen msize is <= 8192). See https://wiki.qemu.org/Documentation/9psetup#msize for details.
autopkgtest-virt-qemu: DBG: expect: b'ddba0a4a-c7b2-429f-91c5-c721e046b5d4[1]'
autopkgtest-virt-qemu: DBG: expect: found "b'ddba0a4a-c7b2-429f-91c5-c721e046b5d4[1]'"
autopkgtest-virt-qemu: DBG: expect: b'ddba0a4a-c7b2-429f-91c5-c721e046b5d4[2]'
autopkgtest-virt-qemu: DBG: expect: found "b'ddba0a4a-c7b2-429f-91c5-c721e046b5d4[2]'"
autopkgtest-virt-qemu: DBG: expect: b'ddba0a4a-c7b2-429f-91c5-c721e046b5d4[3]'
autopkgtest-virt-qemu: DBG: expect: found "b'ddba0a4a-c7b2-429f-91c5-c721e046b5d4[3]'"
autopkgtest-virt-qemu: DBG: expect: b'/python'
autopkgtest-virt-qemu: DBG: expect: found "b'/python'"
autopkgtest-virt-qemu: DBG: expect: b'# '
autopkgtest-virt-qemu: DBG: expect: found "b'# '"
autopkgtest-virt-qemu: DBG: expect: b'ddba0a4a-c7b2-429f-91c5-c721e046b5d4[4]'
autopkgtest-virt-qemu: DBG: expect: found "b'ddba0a4a-c7b2-429f-91c5-c721e046b5d4[4]'"
autopkgtest-virt-qemu: DBG: execute-timeout: /tmp/autopkgtest-qemu.j_90vn0w/runcmd true
autopkgtest-virt-qemu: DBG: can connect to autopkgtest sh in VM
autopkgtest-virt-qemu: DBG: expect: b'ddba0a4a-c7b2-429f-91c5-c721e046b5d4[5]'
autopkgtest-virt-qemu: DBG: expect: found "b'ddba0a4a-c7b2-429f-91c5-c721e046b5d4[5]'"
autopkgtest-virt-qemu: DBG: determine_normal_user: got user "openkylin"
autopkgtest-virt-qemu: DBG: auxverb = ['/tmp/autopkgtest-qemu.j_90vn0w/runcmd'], downtmp = None
autopkgtest-virt-qemu: DBG: execute-timeout: /tmp/autopkgtest-qemu.j_90vn0w/runcmd mktemp --directory --tmpdir autopkgtest.XXXXXX
autopkgtest-virt-qemu: DBG: execute-timeout: /tmp/autopkgtest-qemu.j_90vn0w/runcmd chmod 1777 /tmp/autopkgtest.7Kxeuk
autopkgtest: DBG: got reply from testbed: ok /tmp/autopkgtest.7Kxeuk
autopkgtest: DBG: sending command to testbed: print-execute-command
autopkgtest-virt-qemu: DBG: executing print-execute-command
autopkgtest: DBG: got reply from testbed: ok /tmp/autopkgtest-qemu.j_90vn0w/runcmd
autopkgtest: DBG: sending command to testbed: capabilities
autopkgtest-virt-qemu: DBG: executing capabilities
autopkgtest: DBG: got reply from testbed: ok isolation-machine reboot revert revert-full-system root-on-testbed suggested-normal-user=openkylin
autopkgtest: DBG: testbed capabilities: ['isolation-machine', 'reboot', 'revert', 'revert-full-system', 'root-on-testbed', 'suggested-normal-user=openkylin', 'has_internet']
autopkgtest: DBG: testbed command ['mkdir', '-p', '/tmp/autopkgtest.7Kxeuk'], kind short, sout raw, serr pipe, env []
autopkgtest: DBG: testbed command exited with code 0
autopkgtest: DBG: sending command to testbed: copydown /usr/share/autopkgtest/lib/in-testbed/wrapper.sh /tmp/autopkgtest.7Kxeuk/wrapper.sh
autopkgtest-virt-qemu: DBG: executing copydown /usr/share/autopkgtest/lib/in-testbed/wrapper.sh /tmp/autopkgtest.7Kxeuk/wrapper.sh
autopkgtest-virt-qemu: DBG: ['cmdls', "(['cat'], ['/tmp/autopkgtest-qemu.j_90vn0w/runcmd', 'sh', '-ec', 'cat >/tmp/autopkgtest.7Kxeuk/wrapper.sh; chmod +x -- /tmp/autopkgtest.7Kxeuk/wrapper.sh'])"]
autopkgtest-virt-qemu: DBG: ['srcstdin', "<_io.BufferedReader name='/usr/share/autopkgtest/lib/in-testbed/wrapper.sh'>", 'deststdout', "<_io.BufferedReader name='/dev/null'>", 'devnull_read', <_io.BufferedReader name='/dev/null'>]
autopkgtest-virt-qemu: DBG:  +< cat
autopkgtest-virt-qemu: DBG:  +> /tmp/autopkgtest-qemu.j_90vn0w/runcmd sh -ec cat >/tmp/autopkgtest.7Kxeuk/wrapper.sh; chmod +x -- /tmp/autopkgtest.7Kxeuk/wrapper.sh
autopkgtest-virt-qemu: DBG:  +>?
autopkgtest-virt-qemu: DBG:  +<?
autopkgtest: DBG: got reply from testbed: ok
autopkgtest: DBG: testbed command ['chmod', '-R', '0755', '--', '/tmp/autopkgtest.7Kxeuk/wrapper.sh'], kind short, sout raw, serr pipe, env []
autopkgtest: DBG: testbed command exited with code 0
autopkgtest: DBG: testbed command ['dpkg', '--print-architecture'], kind short, sout pipe, serr pipe, env []
autopkgtest: DBG: testbed command exited with code 0
autopkgtest [17:35:50]: testbed dpkg architecture: riscv64
autopkgtest: DBG: testbed command ['sh', '-ec', 'command -v eatmydata'], kind short, sout pipe, serr pipe, env []
autopkgtest: DBG: testbed command exited with code 127
autopkgtest: DBG: testbed command ['sh', '-ec', 'command -v dpkg-query'], kind short, sout pipe, serr pipe, env []
autopkgtest: DBG: testbed command exited with code 0
autopkgtest: DBG: testbed command ['sh', '-ec', "dpkg-query --show -f '${Package}\\t${Version}\\n' > /tmp/autopkgtest.7Kxeuk/testbed-packages"], kind short, sout raw, serr pipe, env []
autopkgtest: DBG: testbed command exited with code 0
autopkgtest: DBG: sending command to testbed: copyup /tmp/autopkgtest.7Kxeuk/testbed-packages /home/minami/Documents/openkylin-riscv/test/libconfig-autoconf-perl/testbed-packages
autopkgtest-virt-qemu: DBG: executing copyup /tmp/autopkgtest.7Kxeuk/testbed-packages /home/minami/Documents/openkylin-riscv/test/libconfig-autoconf-perl/testbed-packages
autopkgtest-virt-qemu: DBG: ['cmdls', "(['/tmp/autopkgtest-qemu.j_90vn0w/runcmd', 'sh', '-ec', 'cat </tmp/autopkgtest.7Kxeuk/testbed-packages'], ['cat'])"]
autopkgtest-virt-qemu: DBG: ['srcstdin', "<_io.BufferedReader name='/dev/null'>", 'deststdout', "<_io.BufferedWriter name='/home/minami/Documents/openkylin-riscv/test/libconfig-autoconf-perl/testbed-packages'>", 'devnull_read', <_io.BufferedReader name='/dev/null'>]
autopkgtest-virt-qemu: DBG:  +< /tmp/autopkgtest-qemu.j_90vn0w/runcmd sh -ec cat </tmp/autopkgtest.7Kxeuk/testbed-packages
autopkgtest-virt-qemu: DBG:  +> cat
autopkgtest-virt-qemu: DBG:  +>?
autopkgtest-virt-qemu: DBG:  +<?
autopkgtest: DBG: got reply from testbed: ok
autopkgtest: DBG: testbed supports reboot, creating /tmp/autopkgtest-reboot
autopkgtest: DBG: testbed command ['mkdir', '-p', '/tmp/autopkgtest.7Kxeuk'], kind short, sout raw, serr pipe, env []
autopkgtest: DBG: testbed command exited with code 0
autopkgtest: DBG: sending command to testbed: copydown /usr/share/autopkgtest/lib/in-testbed/reboot.sh /tmp/autopkgtest.7Kxeuk/autopkgtest-reboot
autopkgtest-virt-qemu: DBG: executing copydown /usr/share/autopkgtest/lib/in-testbed/reboot.sh /tmp/autopkgtest.7Kxeuk/autopkgtest-reboot
autopkgtest-virt-qemu: DBG: ['cmdls', "(['cat'], ['/tmp/autopkgtest-qemu.j_90vn0w/runcmd', 'sh', '-ec', 'cat >/tmp/autopkgtest.7Kxeuk/autopkgtest-reboot; chmod +x -- /tmp/autopkgtest.7Kxeuk/autopkgtest-reboot'])"]
autopkgtest-virt-qemu: DBG: ['srcstdin', "<_io.BufferedReader name='/usr/share/autopkgtest/lib/in-testbed/reboot.sh'>", 'deststdout', "<_io.BufferedReader name='/dev/null'>", 'devnull_read', <_io.BufferedReader name='/dev/null'>]
autopkgtest-virt-qemu: DBG:  +< cat
autopkgtest-virt-qemu: DBG:  +> /tmp/autopkgtest-qemu.j_90vn0w/runcmd sh -ec cat >/tmp/autopkgtest.7Kxeuk/autopkgtest-reboot; chmod +x -- /tmp/autopkgtest.7Kxeuk/autopkgtest-reboot
autopkgtest-virt-qemu: DBG:  +>?
autopkgtest-virt-qemu: DBG:  +<?
autopkgtest: DBG: got reply from testbed: ok
autopkgtest: DBG: testbed command ['chmod', '-R', '0755', '--', '/tmp/autopkgtest.7Kxeuk/autopkgtest-reboot'], kind short, sout raw, serr pipe, env []
autopkgtest: DBG: testbed command exited with code 0
autopkgtest: DBG: testbed command ['ln', '-fns', '/tmp/autopkgtest.7Kxeuk/autopkgtest-reboot', '/tmp/autopkgtest-reboot'], kind short, sout raw, serr pipe, env []
autopkgtest: DBG: testbed command exited with code 0
autopkgtest: DBG: testbed command ['ln', '-fns', '/tmp/autopkgtest.7Kxeuk/autopkgtest-reboot', '/sbin/autopkgtest-reboot'], kind short, sout raw, serr pipe, env []
autopkgtest: DBG: testbed command exited with code 0
autopkgtest: DBG: testbed command ['mkdir', '-p', '/tmp/autopkgtest.7Kxeuk'], kind short, sout raw, serr pipe, env []
autopkgtest: DBG: testbed command exited with code 0
autopkgtest: DBG: sending command to testbed: copydown /usr/share/autopkgtest/lib/in-testbed/reboot-prepare.sh /tmp/autopkgtest.7Kxeuk/autopkgtest-reboot-prepare
autopkgtest-virt-qemu: DBG: executing copydown /usr/share/autopkgtest/lib/in-testbed/reboot-prepare.sh /tmp/autopkgtest.7Kxeuk/autopkgtest-reboot-prepare
autopkgtest-virt-qemu: DBG: ['cmdls', "(['cat'], ['/tmp/autopkgtest-qemu.j_90vn0w/runcmd', 'sh', '-ec', 'cat >/tmp/autopkgtest.7Kxeuk/autopkgtest-reboot-prepare; chmod +x -- /tmp/autopkgtest.7Kxeuk/autopkgtest-reboot-prepare'])"]
autopkgtest-virt-qemu: DBG: ['srcstdin', "<_io.BufferedReader name='/usr/share/autopkgtest/lib/in-testbed/reboot-prepare.sh'>", 'deststdout', "<_io.BufferedReader name='/dev/null'>", 'devnull_read', <_io.BufferedReader name='/dev/null'>]
autopkgtest-virt-qemu: DBG:  +< cat
autopkgtest-virt-qemu: DBG:  +> /tmp/autopkgtest-qemu.j_90vn0w/runcmd sh -ec cat >/tmp/autopkgtest.7Kxeuk/autopkgtest-reboot-prepare; chmod +x -- /tmp/autopkgtest.7Kxeuk/autopkgtest-reboot-prepare
autopkgtest-virt-qemu: DBG:  +>?
autopkgtest-virt-qemu: DBG:  +<?
autopkgtest: DBG: got reply from testbed: ok
autopkgtest: DBG: testbed command ['chmod', '-R', '0755', '--', '/tmp/autopkgtest.7Kxeuk/autopkgtest-reboot-prepare'], kind short, sout raw, serr pipe, env []
autopkgtest: DBG: testbed command exited with code 0
autopkgtest: DBG: testbed command ['ln', '-fns', '/tmp/autopkgtest.7Kxeuk/autopkgtest-reboot-prepare', '/tmp/autopkgtest-reboot-prepare'], kind short, sout raw, serr pipe, env []
autopkgtest: DBG: testbed command exited with code 0
autopkgtest: DBG: testbed command ['uname', '-srv'], kind short, sout pipe, serr pipe, env []
autopkgtest: DBG: testbed command exited with code 0
autopkgtest [17:35:57]: testbed running kernel: Linux 5.11.0-1030-generic #34 SMP Fri Mar 11 15:27:17 CST 2022
autopkgtest: DBG: testbed command ['sh', '-c', 'nproc; cat /proc/cpuinfo 2>/dev/null || true'], kind short, sout pipe, serr pipe, env []
autopkgtest: DBG: testbed command exited with code 0
autopkgtest: DBG: Binaries: initialising
autopkgtest [17:35:58]: @@@@@@@@@@@@@@@@@@@@ source /home/minami/Documents/openkylin-riscv/src/libconfig-autoconf-perl_0.320-ok1.dsc
autopkgtest: DBG: blame += /home/minami/Documents/openkylin-riscv/src/libconfig-autoconf-perl_0.320-ok1.dsc
autopkgtest: DBG: testbed reset: modified=False, deps_installed=[], deps_new=[]
autopkgtest: DBG: testbed command ['mkdir', '-p', '/tmp/autopkgtest.7Kxeuk'], kind short, sout raw, serr pipe, env []
autopkgtest: DBG: testbed command exited with code 0
autopkgtest: DBG: sending command to testbed: copydown /home/minami/Documents/openkylin-riscv/src/libconfig-autoconf-perl_0.320-ok1.dsc /tmp/autopkgtest.7Kxeuk/libconfig-autoconf-perl_0.320-ok1.dsc
autopkgtest-virt-qemu: DBG: executing copydown /home/minami/Documents/openkylin-riscv/src/libconfig-autoconf-perl_0.320-ok1.dsc /tmp/autopkgtest.7Kxeuk/libconfig-autoconf-perl_0.320-ok1.dsc
autopkgtest-virt-qemu: DBG: ['cmdls', "(['cat'], ['/tmp/autopkgtest-qemu.j_90vn0w/runcmd', 'sh', '-ec', 'cat >/tmp/autopkgtest.7Kxeuk/libconfig-autoconf-perl_0.320-ok1.dsc'])"]
autopkgtest-virt-qemu: DBG: ['srcstdin', "<_io.BufferedReader name='/home/minami/Documents/openkylin-riscv/src/libconfig-autoconf-perl_0.320-ok1.dsc'>", 'deststdout', "<_io.BufferedReader name='/dev/null'>", 'devnull_read', <_io.BufferedReader name='/dev/null'>]
autopkgtest-virt-qemu: DBG:  +< cat
autopkgtest-virt-qemu: DBG:  +> /tmp/autopkgtest-qemu.j_90vn0w/runcmd sh -ec cat >/tmp/autopkgtest.7Kxeuk/libconfig-autoconf-perl_0.320-ok1.dsc
autopkgtest-virt-qemu: DBG:  +>?
autopkgtest-virt-qemu: DBG:  +<?
autopkgtest: DBG: got reply from testbed: ok
autopkgtest: DBG: testbed command ['chown', '-R', 'openkylin', '--', '/tmp/autopkgtest.7Kxeuk/libconfig-autoconf-perl_0.320-ok1.dsc'], kind short, sout raw, serr pipe, env []
autopkgtest: DBG: testbed command exited with code 0
autopkgtest: DBG: testbed command ['mkdir', '-p', '/tmp/autopkgtest.7Kxeuk'], kind short, sout raw, serr pipe, env []
autopkgtest: DBG: testbed command exited with code 0
autopkgtest: DBG: sending command to testbed: copydown /home/minami/Documents/openkylin-riscv/src/libconfig-autoconf-perl_0.320.orig.tar.gz /tmp/autopkgtest.7Kxeuk/libconfig-autoconf-perl_0.320.orig.tar.gz
autopkgtest-virt-qemu: DBG: executing copydown /home/minami/Documents/openkylin-riscv/src/libconfig-autoconf-perl_0.320.orig.tar.gz /tmp/autopkgtest.7Kxeuk/libconfig-autoconf-perl_0.320.orig.tar.gz
autopkgtest-virt-qemu: DBG: ['cmdls', "(['cat'], ['/tmp/autopkgtest-qemu.j_90vn0w/runcmd', 'sh', '-ec', 'cat >/tmp/autopkgtest.7Kxeuk/libconfig-autoconf-perl_0.320.orig.tar.gz'])"]
autopkgtest-virt-qemu: DBG: ['srcstdin', "<_io.BufferedReader name='/home/minami/Documents/openkylin-riscv/src/libconfig-autoconf-perl_0.320.orig.tar.gz'>", 'deststdout', "<_io.BufferedReader name='/dev/null'>", 'devnull_read', <_io.BufferedReader name='/dev/null'>]
autopkgtest-virt-qemu: DBG:  +< cat
autopkgtest-virt-qemu: DBG:  +> /tmp/autopkgtest-qemu.j_90vn0w/runcmd sh -ec cat >/tmp/autopkgtest.7Kxeuk/libconfig-autoconf-perl_0.320.orig.tar.gz
autopkgtest-virt-qemu: DBG:  +>?
autopkgtest-virt-qemu: DBG:  +<?
autopkgtest: DBG: got reply from testbed: ok
autopkgtest: DBG: testbed command ['chown', '-R', 'openkylin', '--', '/tmp/autopkgtest.7Kxeuk/libconfig-autoconf-perl_0.320.orig.tar.gz'], kind short, sout raw, serr pipe, env []
autopkgtest: DBG: testbed command exited with code 0
autopkgtest: DBG: testbed command ['mkdir', '-p', '/tmp/autopkgtest.7Kxeuk'], kind short, sout raw, serr pipe, env []
autopkgtest: DBG: testbed command exited with code 0
autopkgtest: DBG: sending command to testbed: copydown /home/minami/Documents/openkylin-riscv/src/libconfig-autoconf-perl_0.320-ok1.debian.tar.xz /tmp/autopkgtest.7Kxeuk/libconfig-autoconf-perl_0.320-ok1.debian.tar.xz
autopkgtest-virt-qemu: DBG: executing copydown /home/minami/Documents/openkylin-riscv/src/libconfig-autoconf-perl_0.320-ok1.debian.tar.xz /tmp/autopkgtest.7Kxeuk/libconfig-autoconf-perl_0.320-ok1.debian.tar.xz
autopkgtest-virt-qemu: DBG: ['cmdls', "(['cat'], ['/tmp/autopkgtest-qemu.j_90vn0w/runcmd', 'sh', '-ec', 'cat >/tmp/autopkgtest.7Kxeuk/libconfig-autoconf-perl_0.320-ok1.debian.tar.xz'])"]
autopkgtest-virt-qemu: DBG: ['srcstdin', "<_io.BufferedReader name='/home/minami/Documents/openkylin-riscv/src/libconfig-autoconf-perl_0.320-ok1.debian.tar.xz'>", 'deststdout', "<_io.BufferedReader name='/dev/null'>", 'devnull_read', <_io.BufferedReader name='/dev/null'>]
autopkgtest-virt-qemu: DBG:  +< cat
autopkgtest-virt-qemu: DBG:  +> /tmp/autopkgtest-qemu.j_90vn0w/runcmd sh -ec cat >/tmp/autopkgtest.7Kxeuk/libconfig-autoconf-perl_0.320-ok1.debian.tar.xz
autopkgtest-virt-qemu: DBG:  +>?
autopkgtest-virt-qemu: DBG:  +<?
autopkgtest: DBG: got reply from testbed: ok
autopkgtest: DBG: testbed command ['chown', '-R', 'openkylin', '--', '/tmp/autopkgtest.7Kxeuk/libconfig-autoconf-perl_0.320-ok1.debian.tar.xz'], kind short, sout raw, serr pipe, env []
autopkgtest: DBG: testbed command exited with code 0
autopkgtest: DBG: install_deps: deps_new=[]
autopkgtest: DBG: testbed command ['sh', '-ec', 'command -v dpkg-source'], kind short, sout pipe, serr pipe, env []
autopkgtest: DBG: testbed command exited with code 0
autopkgtest: DBG: testbed command ['sh', '-ec', 'su --shell=/bin/sh openkylin -c \'set -e; exec 3>&1 >&2; set -x; cd /; builddir=$(mktemp -d /tmp/autopkgtest.7Kxeuk/build.XXX); cd $builddir; dpkg-source -x "/tmp/autopkgtest.7Kxeuk/libconfig-autoconf-perl_0.320-ok1.dsc" src; chmod -R a+rX .; cd [a-z0-9]*/.; pwd >&3; sed -n "1 {s/).*//; s/ (/\\n/; p}" debian/changelog >&3\''], kind build, sout pipe, serr raw, env []
+ cd /
+ mktemp -d /tmp/autopkgtest.7Kxeuk/build.XXX
+ builddir=/tmp/autopkgtest.7Kxeuk/build.Wlu
+ cd /tmp/autopkgtest.7Kxeuk/build.Wlu
+ dpkg-source -x /tmp/autopkgtest.7Kxeuk/libconfig-autoconf-perl_0.320-ok1.dsc src
gpgv: unknown type of key resource 'trustedkeys.kbx'
gpgv: keyblock resource '/tmp/dpkg-verify-sig.6uOGWyQp/trustedkeys.kbx': General error
gpgv: Signature made Tue 27 Sep 2022 06:15:11 AM UTC
gpgv:                using RSA key 64FBB79F5EAE64D792E94CFE0716F00F842CD274
gpgv: Can't check signature: No public key
dpkg-source: warning: cannot verify signature /tmp/autopkgtest.7Kxeuk/libconfig-autoconf-perl_0.320-ok1.dsc
dpkg-source: info: extracting libconfig-autoconf-perl in src
dpkg-source: info: unpacking libconfig-autoconf-perl_0.320.orig.tar.gz
dpkg-source: info: unpacking libconfig-autoconf-perl_0.320-ok1.debian.tar.xz
+ chmod -R a+rX .
+ cd src/.
+ pwd
+ sed -n 1 {s/).*//; s/ (/\n/; p} debian/changelog
autopkgtest: DBG: testbed command exited with code 0
autopkgtest [17:36:07]: testing package libconfig-autoconf-perl version 0.320-ok1
autopkgtest: DBG: sending command to testbed: copyup /tmp/autopkgtest.7Kxeuk/build.Wlu/src/debian/ /home/minami/Documents/openkylin-riscv/test/libconfig-autoconf-perl/pkg/debian/
autopkgtest-virt-qemu: DBG: executing copyup /tmp/autopkgtest.7Kxeuk/build.Wlu/src/debian/ /home/minami/Documents/openkylin-riscv/test/libconfig-autoconf-perl/pkg/debian/
autopkgtest-virt-qemu: DBG: ['cmdls', "(['/tmp/autopkgtest-qemu.j_90vn0w/runcmd', 'sh', '-ec', 'cd /tmp/autopkgtest.7Kxeuk/build.Wlu/src/debian/; tar --warning=none -c . -f -'], ['tar', '--directory', '/home/minami/Documents/openkylin-riscv/test/libconfig-autoconf-perl/pkg/debian/', '--warning=none', '--preserve-permissions', '--extract', '--no-same-owner', '-f', '-'])"]
autopkgtest-virt-qemu: DBG: ['srcstdin', "<_io.BufferedReader name='/dev/null'>", 'deststdout', "<_io.BufferedReader name='/dev/null'>", 'devnull_read', <_io.BufferedReader name='/dev/null'>]
autopkgtest-virt-qemu: DBG:  +< /tmp/autopkgtest-qemu.j_90vn0w/runcmd sh -ec cd /tmp/autopkgtest.7Kxeuk/build.Wlu/src/debian/; tar --warning=none -c . -f -
autopkgtest-virt-qemu: DBG:  +> tar --directory /home/minami/Documents/openkylin-riscv/test/libconfig-autoconf-perl/pkg/debian/ --warning=none --preserve-permissions --extract --no-same-owner -f -
autopkgtest-virt-qemu: DBG:  +>?
autopkgtest-virt-qemu: DBG:  +<?
autopkgtest: DBG: got reply from testbed: ok
autopkgtest: DBG: autodep8 generated control: -----
Test-Command: /usr/share/pkg-perl-autopkgtest/runner build-deps
Depends: @, @builddeps@, pkg-perl-autopkgtest, 
Restrictions: skippable, 
Features: test-name=autodep8-perl-build-deps


Test-Command: /usr/share/pkg-perl-autopkgtest/runner runtime-deps
Depends: @, pkg-perl-autopkgtest, 
Restrictions: skippable, superficial, 
Features: test-name=autodep8-perl


Test-Command: /usr/share/pkg-perl-autopkgtest/runner runtime-deps-and-recommends
Depends: @, pkg-perl-autopkgtest, 
Restrictions: needs-recommends, skippable, superficial, 
Features: test-name=autodep8-perl-recommends


-------
autopkgtest: DBG: processing dependency @
autopkgtest: DBG: synthesised dependency libconfig-autoconf-perl
autopkgtest: DBG: processing dependency @builddeps@
autopkgtest: DBG: synthesised dependency debhelper-compat (= 13)
autopkgtest: DBG: synthesised dependency libcapture-tiny-perl
autopkgtest: DBG: synthesised dependency libfile-slurper-perl
autopkgtest: DBG: synthesised dependency perl
autopkgtest: DBG: synthesised dependency build-essential
autopkgtest: DBG: processing dependency pkg-perl-autopkgtest
autopkgtest: DBG: Test defined: name autodep8-perl-build-deps path None command "/usr/share/pkg-perl-autopkgtest/runner build-deps" restrictions ['skippable'] features ['test-name=autodep8-perl-build-deps'] depends ['libconfig-autoconf-perl', 'debhelper-compat (= 13)', 'libcapture-tiny-perl', 'libfile-slurper-perl', 'perl', 'build-essential', 'pkg-perl-autopkgtest'] 
autopkgtest: DBG: processing dependency @
autopkgtest: DBG: synthesised dependency libconfig-autoconf-perl
autopkgtest: DBG: processing dependency pkg-perl-autopkgtest
autopkgtest: DBG: Test defined: name autodep8-perl path None command "/usr/share/pkg-perl-autopkgtest/runner runtime-deps" restrictions ['skippable', 'superficial'] features ['test-name=autodep8-perl'] depends ['libconfig-autoconf-perl', 'pkg-perl-autopkgtest'] 
autopkgtest: DBG: processing dependency @
autopkgtest: DBG: synthesised dependency libconfig-autoconf-perl
autopkgtest: DBG: processing dependency pkg-perl-autopkgtest
autopkgtest: DBG: processing dependency @recommends@
autopkgtest: DBG: synthesised dependency libextutils-cbuilder-perl
autopkgtest: DBG: Test defined: name autodep8-perl-recommends path None command "/usr/share/pkg-perl-autopkgtest/runner runtime-deps-and-recommends" restrictions ['needs-recommends', 'skippable', 'superficial'] features ['test-name=autodep8-perl-recommends'] depends ['libconfig-autoconf-perl', 'pkg-perl-autopkgtest', 'libextutils-cbuilder-perl'] 
autopkgtest [17:36:08]: build not needed
autopkgtest: DBG: sending command to testbed: copyup /tmp/autopkgtest.7Kxeuk/build.Wlu/src/ /home/minami/Documents/openkylin-riscv/test/libconfig-autoconf-perl/tests-tree/
autopkgtest-virt-qemu: DBG: executing copyup /tmp/autopkgtest.7Kxeuk/build.Wlu/src/ /home/minami/Documents/openkylin-riscv/test/libconfig-autoconf-perl/tests-tree/
autopkgtest-virt-qemu: DBG: ['cmdls', "(['/tmp/autopkgtest-qemu.j_90vn0w/runcmd', 'sh', '-ec', 'cd /tmp/autopkgtest.7Kxeuk/build.Wlu/src/; tar --warning=none -c . -f -'], ['tar', '--directory', '/home/minami/Documents/openkylin-riscv/test/libconfig-autoconf-perl/tests-tree/', '--warning=none', '--preserve-permissions', '--extract', '--no-same-owner', '-f', '-'])"]
autopkgtest-virt-qemu: DBG: ['srcstdin', "<_io.BufferedReader name='/dev/null'>", 'deststdout', "<_io.BufferedReader name='/dev/null'>", 'devnull_read', <_io.BufferedReader name='/dev/null'>]
autopkgtest-virt-qemu: DBG:  +< /tmp/autopkgtest-qemu.j_90vn0w/runcmd sh -ec cd /tmp/autopkgtest.7Kxeuk/build.Wlu/src/; tar --warning=none -c . -f -
autopkgtest-virt-qemu: DBG:  +> tar --directory /home/minami/Documents/openkylin-riscv/test/libconfig-autoconf-perl/tests-tree/ --warning=none --preserve-permissions --extract --no-same-owner -f -
autopkgtest-virt-qemu: DBG:  +>?
autopkgtest-virt-qemu: DBG:  +<?
autopkgtest: DBG: got reply from testbed: ok
autopkgtest: DBG: autodep8 generated control: -----
Test-Command: /usr/share/pkg-perl-autopkgtest/runner build-deps
Depends: @, @builddeps@, pkg-perl-autopkgtest, 
Restrictions: skippable, 
Features: test-name=autodep8-perl-build-deps


Test-Command: /usr/share/pkg-perl-autopkgtest/runner runtime-deps
Depends: @, pkg-perl-autopkgtest, 
Restrictions: skippable, superficial, 
Features: test-name=autodep8-perl


Test-Command: /usr/share/pkg-perl-autopkgtest/runner runtime-deps-and-recommends
Depends: @, pkg-perl-autopkgtest, 
Restrictions: needs-recommends, skippable, superficial, 
Features: test-name=autodep8-perl-recommends


-------
autopkgtest: DBG: processing dependency @
autopkgtest: DBG: synthesised dependency libconfig-autoconf-perl
autopkgtest: DBG: processing dependency @builddeps@
autopkgtest: DBG: synthesised dependency debhelper-compat (= 13)
autopkgtest: DBG: synthesised dependency libcapture-tiny-perl
autopkgtest: DBG: synthesised dependency libfile-slurper-perl
autopkgtest: DBG: synthesised dependency perl
autopkgtest: DBG: synthesised dependency build-essential
autopkgtest: DBG: processing dependency pkg-perl-autopkgtest
autopkgtest: DBG: Test defined: name autodep8-perl-build-deps path None command "/usr/share/pkg-perl-autopkgtest/runner build-deps" restrictions ['skippable'] features ['test-name=autodep8-perl-build-deps'] depends ['libconfig-autoconf-perl', 'debhelper-compat (= 13)', 'libcapture-tiny-perl', 'libfile-slurper-perl', 'perl', 'build-essential', 'pkg-perl-autopkgtest'] 
autopkgtest: DBG: processing dependency @
autopkgtest: DBG: synthesised dependency libconfig-autoconf-perl
autopkgtest: DBG: processing dependency pkg-perl-autopkgtest
autopkgtest: DBG: Test defined: name autodep8-perl path None command "/usr/share/pkg-perl-autopkgtest/runner runtime-deps" restrictions ['skippable', 'superficial'] features ['test-name=autodep8-perl'] depends ['libconfig-autoconf-perl', 'pkg-perl-autopkgtest'] 
autopkgtest: DBG: processing dependency @
autopkgtest: DBG: synthesised dependency libconfig-autoconf-perl
autopkgtest: DBG: processing dependency pkg-perl-autopkgtest
autopkgtest: DBG: processing dependency @recommends@
autopkgtest: DBG: synthesised dependency libextutils-cbuilder-perl
autopkgtest: DBG: Test defined: name autodep8-perl-recommends path None command "/usr/share/pkg-perl-autopkgtest/runner runtime-deps-and-recommends" restrictions ['needs-recommends', 'skippable', 'superficial'] features ['test-name=autodep8-perl-recommends'] depends ['libconfig-autoconf-perl', 'pkg-perl-autopkgtest', 'libextutils-cbuilder-perl'] 
autopkgtest [17:36:09]: test autodep8-perl-build-deps: preparing testbed
autopkgtest: DBG: testbed reset: modified=False, deps_installed=[], deps_new=['libconfig-autoconf-perl', 'debhelper-compat (= 13)', 'libcapture-tiny-perl', 'libfile-slurper-perl', 'perl', 'build-essential', 'pkg-perl-autopkgtest']
autopkgtest: DBG: Binaries: no registered binaries, not publishing anything
autopkgtest: DBG: install_deps: deps_new=['libconfig-autoconf-perl', 'debhelper-compat (= 13)', 'libcapture-tiny-perl', 'libfile-slurper-perl', 'perl', 'build-essential', 'pkg-perl-autopkgtest']
autopkgtest: DBG: install-deps: satisfying libconfig-autoconf-perl, debhelper-compat (= 13), libcapture-tiny-perl, libfile-slurper-perl, perl, build-essential, pkg-perl-autopkgtest
autopkgtest: DBG: install-deps: architecture resolved: libconfig-autoconf-perl, debhelper-compat (= 13), libcapture-tiny-perl, libfile-slurper-perl, perl, build-essential, pkg-perl-autopkgtest
autopkgtest: DBG: testbed command ['test', '-w', '/var/lib/dpkg/status'], kind short, sout raw, serr raw, env []
autopkgtest: DBG: testbed command exited with code 0
autopkgtest: DBG: can use apt-get on testbed: True
autopkgtest: DBG: testbed command ['mkdir', '-p', '/tmp/autopkgtest.7Kxeuk'], kind short, sout raw, serr pipe, env []
autopkgtest: DBG: testbed command exited with code 0
autopkgtest: DBG: sending command to testbed: copydown /home/minami/Documents/openkylin-riscv/test/libconfig-autoconf-perl/1-autopkgtest-satdep.deb /tmp/autopkgtest.7Kxeuk/1-autopkgtest-satdep.deb
autopkgtest-virt-qemu: DBG: executing copydown /home/minami/Documents/openkylin-riscv/test/libconfig-autoconf-perl/1-autopkgtest-satdep.deb /tmp/autopkgtest.7Kxeuk/1-autopkgtest-satdep.deb
autopkgtest-virt-qemu: DBG: ['cmdls', "(['cat'], ['/tmp/autopkgtest-qemu.j_90vn0w/runcmd', 'sh', '-ec', 'cat >/tmp/autopkgtest.7Kxeuk/1-autopkgtest-satdep.deb'])"]
autopkgtest-virt-qemu: DBG: ['srcstdin', "<_io.BufferedReader name='/home/minami/Documents/openkylin-riscv/test/libconfig-autoconf-perl/1-autopkgtest-satdep.deb'>", 'deststdout', "<_io.BufferedReader name='/dev/null'>", 'devnull_read', <_io.BufferedReader name='/dev/null'>]
autopkgtest-virt-qemu: DBG:  +< cat
autopkgtest-virt-qemu: DBG:  +> /tmp/autopkgtest-qemu.j_90vn0w/runcmd sh -ec cat >/tmp/autopkgtest.7Kxeuk/1-autopkgtest-satdep.deb
autopkgtest-virt-qemu: DBG:  +>?
autopkgtest-virt-qemu: DBG:  +<?
autopkgtest: DBG: got reply from testbed: ok
autopkgtest: DBG: testbed command ['chown', '-R', 'openkylin', '--', '/tmp/autopkgtest.7Kxeuk/1-autopkgtest-satdep.deb'], kind short, sout raw, serr pipe, env []
autopkgtest: DBG: testbed command exited with code 0
autopkgtest: DBG: testbed command ['dpkg', '--unpack', '/tmp/autopkgtest.7Kxeuk/1-autopkgtest-satdep.deb'], kind short, sout pipe, serr pipe, env []
autopkgtest: DBG: testbed command exited with code 0
autopkgtest: DBG: testbed command ['/bin/sh', '-ec', ' apt-get install --assume-yes --fix-broken -o APT::Status-Fd=3 -o APT::Install-Recommends=false -o Dpkg::Options::=--force-confnew -o Debug::pkgProblemResolver=true 3>&2 2>&1'], kind install, sout raw, serr pipe, env ['DEBIAN_FRONTEND=noninteractive', 'APT_LISTBUGS_FRONTEND=none', 'APT_LISTCHANGES_FRONTEND=none']
Reading package lists...
Building dependency tree...
Reading state information...
Correcting dependencies...Starting pkgProblemResolver with broken count: 0
Starting 2 pkgProblemResolver with broken count: 0
Done
 Done
Starting pkgProblemResolver with broken count: 0
Starting 2 pkgProblemResolver with broken count: 0
Done
The following packages were automatically installed and are no longer required:
  libdjvulibre-text libdjvulibre21 libegl-dev libgl-dev libglu1-mesa-dev
  libglx-dev libmpdec2 libvulkan-dev libx11-dev libxau-dev libxcb1-dev
  libxdmcp-dev libxext-dev qt5-qmake qt5-qmake-bin x11proto-core-dev
  x11proto-dev xorg-sgml-doctools xtrans-dev
Use 'apt autoremove' to remove them.
The following additional packages will be installed:
  autoconf autodep8 automake autopoint autotools-dev build-essential
  dctrl-tools debhelper debugedit dh-autoreconf dh-strip-nondeterminism dwz
  g++ g++-9 gcc gcc-9 intltool-debian libarchive-zip-perl libcapture-tiny-perl
  libcc1-0 libconfig-autoconf-perl libdebhelper-perl libfile-slurper-perl
  libfile-stripnondeterminism-perl libsigsegv2 libsub-override-perl libtool m4
  pkg-perl-autopkgtest po-debconf
Suggested packages:
  autoconf-archive gnu-standards autoconf-doc debtags dh-make gcc-9-doc bison
  flex gcc-doc gcc-multilib gdb manpages-dev gcc-9-locales libtool-doc
  gfortran | fortran95-compiler gcj-jdk m4-doc libmail-box-perl
Recommended packages:
  libperlio-utf8-strict-perl libarchive-cpio-perl libltdl-dev
  libmail-sendmail-perl
The following NEW packages will be installed:
  autoconf autodep8 automake autopoint autotools-dev build-essential
  dctrl-tools debhelper debugedit dh-autoreconf dh-strip-nondeterminism dwz
  g++ g++-9 gcc gcc-9 intltool-debian libarchive-zip-perl libcapture-tiny-perl
  libcc1-0 libconfig-autoconf-perl libdebhelper-perl libfile-slurper-perl
  libfile-stripnondeterminism-perl libsigsegv2 libsub-override-perl libtool m4
  pkg-perl-autopkgtest po-debconf
0 upgraded, 30 newly installed, 0 to remove and 18 not upgraded.
1 not fully installed or removed.
Need to get 18.5 MB of archives.
After this operation, 45.8 MB of additional disk space will be used.
Get:1 http://archive.build.openkylin.top/openkylin yangtze/main riscv64 libcapture-tiny-perl all 0.48-ok2 [23.8 kB]
Get:2 http://ppa.build.openkylin.top/kylinsoft/anything/openkylin yangtze/main riscv64 autodep8 all 0.22-ok1 [10.1 kB]
Get:3 http://archive.build.openkylin.top/openkylin yangtze/main riscv64 libfile-slurper-perl all 0.013-ok1 [13.7 kB]
Get:4 http://archive.build.openkylin.top/openkylin yangtze/main riscv64 libconfig-autoconf-perl all 0.320-ok1 [42.3 kB]
Get:5 http://archive.build.openkylin.top/openkylin yangtze/main riscv64 autotools-dev all 20220506-ok1 [41.6 kB]
Get:6 http://archive.build.openkylin.top/openkylin yangtze/main riscv64 debugedit riscv64 1:5.0-ok1 [71.2 kB]
Get:7 http://ppa.build.openkylin.top/kylinsoft/anything/openkylin yangtze/main riscv64 pkg-perl-autopkgtest all 0.59-ok1 [8,208 B]
Get:8 http://archive.build.openkylin.top/openkylin yangtze/main riscv64 libsigsegv2 riscv64 2.12-ok1 [11.5 kB]
Get:9 http://archive.build.openkylin.top/openkylin yangtze/main riscv64 m4 riscv64 1.4.18-ok2 [191 kB]
Get:10 http://archive.build.openkylin.top/openkylin yangtze/main riscv64 autoconf all 2.71-ok2 [390 kB]
Get:11 http://archive.build.openkylin.top/openkylin yangtze/main riscv64 automake all 1:1.16.5-ok1 [557 kB]
Get:12 http://archive.build.openkylin.top/openkylin yangtze/main riscv64 autopoint all 0.19.8.1-ok1 [410 kB]
Get:13 http://archive.build.openkylin.top/openkylin yangtze/main riscv64 libdebhelper-perl all 13.6-ok1 [61.4 kB]
Get:14 http://archive.build.openkylin.top/openkylin yangtze/main riscv64 libcc1-0 riscv64 10-20200411-ok5 [42.3 kB]
Get:15 http://archive.build.openkylin.top/openkylin yangtze/main riscv64 gcc-9 riscv64 9.3.0-ok4 [7,417 kB]
Get:16 http://archive.build.openkylin.top/openkylin yangtze/main riscv64 gcc riscv64 4:9.3.0-ok7 [5,160 B]
Get:17 http://archive.build.openkylin.top/openkylin yangtze/main riscv64 libtool all 2.4.6-ok1 [159 kB]
Get:18 http://archive.build.openkylin.top/openkylin yangtze/main riscv64 dh-autoreconf all 20-ok1 [16.3 kB]
Get:19 http://archive.build.openkylin.top/openkylin yangtze/main riscv64 libarchive-zip-perl all 1.68-ok1 [90.7 kB]
Get:20 http://archive.build.openkylin.top/openkylin yangtze/main riscv64 libsub-override-perl all 0.09-ok2 [8,374 B]
Get:21 http://archive.build.openkylin.top/openkylin yangtze/main riscv64 libfile-stripnondeterminism-perl all 1.13.0-ok1 [16.8 kB]
Get:22 http://archive.build.openkylin.top/openkylin yangtze/main riscv64 dh-strip-nondeterminism all 1.13.0-ok1 [5,334 B]
Get:23 http://archive.build.openkylin.top/openkylin yangtze/main riscv64 dwz riscv64 0.14-ok1 [123 kB]
Get:24 http://archive.build.openkylin.top/openkylin yangtze/main riscv64 intltool-debian all 0.35.0+20060710.5-ok2 [23.2 kB]
Get:25 http://archive.build.openkylin.top/openkylin yangtze/main riscv64 po-debconf all 1.0.21+nmu1-ok1 [227 kB]
Get:26 http://archive.build.openkylin.top/openkylin yangtze/main riscv64 debhelper all 13.6-ok1 [931 kB]
Get:27 http://archive.build.openkylin.top/openkylin yangtze/main riscv64 g++-9 riscv64 9.3.0-ok4 [7,571 kB]
Get:28 http://archive.build.openkylin.top/openkylin yangtze/main riscv64 g++ riscv64 4:9.3.0-ok7 [1,470 B]
Get:29 http://archive.build.openkylin.top/openkylin yangtze/main riscv64 build-essential riscv64 12.8-ok1 [4,000 B]
Get:30 http://archive.build.openkylin.top/openkylin yangtze/main riscv64 dctrl-tools riscv64 2.24-ok1 [55.6 kB]
Fetched 18.5 MB in 3s (6,153 kB/s)
Selecting previously unselected package libcapture-tiny-perl.
(Reading database ... (Reading database ... 5%(Reading database ... 10%(Reading database ... 15%(Reading database ... 20%(Reading database ... 25%(Reading database ... 30%(Reading database ... 35%(Reading database ... 40%(Reading database ... 45%(Reading database ... 50%(Reading database ... 55%(Reading database ... 60%(Reading database ... 65%(Reading database ... 70%(Reading database ... 75%(Reading database ... 80%(Reading database ... 85%(Reading database ... 90%(Reading database ... 95%(Reading database ... 100%(Reading database ... 161111 files and directories currently installed.)
Preparing to unpack .../00-libcapture-tiny-perl_0.48-ok2_all.deb ...
Unpacking libcapture-tiny-perl (0.48-ok2) ...
Selecting previously unselected package libfile-slurper-perl.
Preparing to unpack .../01-libfile-slurper-perl_0.013-ok1_all.deb ...
Unpacking libfile-slurper-perl (0.013-ok1) ...
Selecting previously unselected package libconfig-autoconf-perl.
Preparing to unpack .../02-libconfig-autoconf-perl_0.320-ok1_all.deb ...
Unpacking libconfig-autoconf-perl (0.320-ok1) ...
Selecting previously unselected package autotools-dev.
Preparing to unpack .../03-autotools-dev_20220506-ok1_all.deb ...
Unpacking autotools-dev (20220506-ok1) ...
Selecting previously unselected package debugedit.
Preparing to unpack .../04-debugedit_1%3a5.0-ok1_riscv64.deb ...
Unpacking debugedit (1:5.0-ok1) ...
Selecting previously unselected package libsigsegv2:riscv64.
Preparing to unpack .../05-libsigsegv2_2.12-ok1_riscv64.deb ...
Unpacking libsigsegv2:riscv64 (2.12-ok1) ...
Selecting previously unselected package m4.
Preparing to unpack .../06-m4_1.4.18-ok2_riscv64.deb ...
Unpacking m4 (1.4.18-ok2) ...
Selecting previously unselected package autoconf.
Preparing to unpack .../07-autoconf_2.71-ok2_all.deb ...
Unpacking autoconf (2.71-ok2) ...
Selecting previously unselected package automake.
Preparing to unpack .../08-automake_1%3a1.16.5-ok1_all.deb ...
Unpacking automake (1:1.16.5-ok1) ...
Selecting previously unselected package autopoint.
Preparing to unpack .../09-autopoint_0.19.8.1-ok1_all.deb ...
Unpacking autopoint (0.19.8.1-ok1) ...
Selecting previously unselected package libdebhelper-perl.
Preparing to unpack .../10-libdebhelper-perl_13.6-ok1_all.deb ...
Unpacking libdebhelper-perl (13.6-ok1) ...
Selecting previously unselected package libcc1-0:riscv64.
Preparing to unpack .../11-libcc1-0_10-20200411-ok5_riscv64.deb ...
Unpacking libcc1-0:riscv64 (10-20200411-ok5) ...
Selecting previously unselected package gcc-9.
Preparing to unpack .../12-gcc-9_9.3.0-ok4_riscv64.deb ...
Unpacking gcc-9 (9.3.0-ok4) ...
Selecting previously unselected package gcc.
Preparing to unpack .../13-gcc_4%3a9.3.0-ok7_riscv64.deb ...
Unpacking gcc (4:9.3.0-ok7) ...
Selecting previously unselected package libtool.
Preparing to unpack .../14-libtool_2.4.6-ok1_all.deb ...
Unpacking libtool (2.4.6-ok1) ...
Selecting previously unselected package dh-autoreconf.
Preparing to unpack .../15-dh-autoreconf_20-ok1_all.deb ...
Unpacking dh-autoreconf (20-ok1) ...
Selecting previously unselected package libarchive-zip-perl.
Preparing to unpack .../16-libarchive-zip-perl_1.68-ok1_all.deb ...
Unpacking libarchive-zip-perl (1.68-ok1) ...
Selecting previously unselected package libsub-override-perl.
Preparing to unpack .../17-libsub-override-perl_0.09-ok2_all.deb ...
Unpacking libsub-override-perl (0.09-ok2) ...
Selecting previously unselected package libfile-stripnondeterminism-perl.
Preparing to unpack .../18-libfile-stripnondeterminism-perl_1.13.0-ok1_all.deb ...
Unpacking libfile-stripnondeterminism-perl (1.13.0-ok1) ...
Selecting previously unselected package dh-strip-nondeterminism.
Preparing to unpack .../19-dh-strip-nondeterminism_1.13.0-ok1_all.deb ...
Unpacking dh-strip-nondeterminism (1.13.0-ok1) ...
Selecting previously unselected package dwz.
Preparing to unpack .../20-dwz_0.14-ok1_riscv64.deb ...
Unpacking dwz (0.14-ok1) ...
Selecting previously unselected package intltool-debian.
Preparing to unpack .../21-intltool-debian_0.35.0+20060710.5-ok2_all.deb ...
Unpacking intltool-debian (0.35.0+20060710.5-ok2) ...
Selecting previously unselected package po-debconf.
Preparing to unpack .../22-po-debconf_1.0.21+nmu1-ok1_all.deb ...
Unpacking po-debconf (1.0.21+nmu1-ok1) ...
Selecting previously unselected package debhelper.
Preparing to unpack .../23-debhelper_13.6-ok1_all.deb ...
Unpacking debhelper (13.6-ok1) ...
Selecting previously unselected package g++-9.
Preparing to unpack .../24-g++-9_9.3.0-ok4_riscv64.deb ...
Unpacking g++-9 (9.3.0-ok4) ...
Selecting previously unselected package g++.
Preparing to unpack .../25-g++_4%3a9.3.0-ok7_riscv64.deb ...
Unpacking g++ (4:9.3.0-ok7) ...
Selecting previously unselected package build-essential.
Preparing to unpack .../26-build-essential_12.8-ok1_riscv64.deb ...
Unpacking build-essential (12.8-ok1) ...
Selecting previously unselected package dctrl-tools.
Preparing to unpack .../27-dctrl-tools_2.24-ok1_riscv64.deb ...
Unpacking dctrl-tools (2.24-ok1) ...
Selecting previously unselected package autodep8.
Preparing to unpack .../28-autodep8_0.22-ok1_all.deb ...
Unpacking autodep8 (0.22-ok1) ...
Selecting previously unselected package pkg-perl-autopkgtest.
Preparing to unpack .../29-pkg-perl-autopkgtest_0.59-ok1_all.deb ...
Unpacking pkg-perl-autopkgtest (0.59-ok1) ...
Setting up libfile-slurper-perl (0.013-ok1) ...
Setting up libarchive-zip-perl (1.68-ok1) ...
Setting up libdebhelper-perl (13.6-ok1) ...
Setting up intltool-debian (0.35.0+20060710.5-ok2) ...
Setting up autotools-dev (20220506-ok1) ...
Setting up libsigsegv2:riscv64 (2.12-ok1) ...
Setting up autopoint (0.19.8.1-ok1) ...
Setting up libcapture-tiny-perl (0.48-ok2) ...
Setting up dwz (0.14-ok1) ...
Setting up debugedit (1:5.0-ok1) ...
Setting up libsub-override-perl (0.09-ok2) ...
Setting up libconfig-autoconf-perl (0.320-ok1) ...
Setting up libcc1-0:riscv64 (10-20200411-ok5) ...
Setting up dctrl-tools (2.24-ok1) ...
Setting up autodep8 (0.22-ok1) ...
Setting up libfile-stripnondeterminism-perl (1.13.0-ok1) ...
Setting up gcc-9 (9.3.0-ok4) ...
Setting up libtool (2.4.6-ok1) ...
Setting up po-debconf (1.0.21+nmu1-ok1) ...
Setting up m4 (1.4.18-ok2) ...
Setting up gcc (4:9.3.0-ok7) ...
Setting up g++-9 (9.3.0-ok4) ...
Setting up pkg-perl-autopkgtest (0.59-ok1) ...
Setting up autoconf (2.71-ok2) ...
Setting up dh-strip-nondeterminism (1.13.0-ok1) ...
Setting up g++ (4:9.3.0-ok7) ...
update-alternatives: using /usr/bin/g++ to provide /usr/bin/c++ (c++) in auto mode
Setting up build-essential (12.8-ok1) ...
Setting up automake (1:1.16.5-ok1) ...
update-alternatives: using /usr/bin/automake-1.16 to provide /usr/bin/automake (automake) in auto mode
Setting up dh-autoreconf (20-ok1) ...
Setting up debhelper (13.6-ok1) ...
Setting up autopkgtest-satdep (0) ...
Processing triggers for man-db (2.9.1-ok3) ...
Processing triggers for install-info (6.7.0.dfsg.2-ok1) ...
Processing triggers for libc-bin (2.36-ok2) ...
autopkgtest: DBG: testbed command exited with code 0
autopkgtest: DBG: testbed command ['dpkg-query', '--show', '-f', '${Status}', 'libconfig-autoconf-perl'], kind short, sout pipe, serr pipe, env []
autopkgtest: DBG: testbed command exited with code 0
autopkgtest: DBG: testbed command ['dpkg', '--status', 'autopkgtest-satdep'], kind short, sout pipe, serr pipe, env []
autopkgtest: DBG: testbed command exited with code 0
autopkgtest: DBG: testbed command ['apt-get', '--simulate', '--quiet', '-o', 'APT::Get::Show-User-Simulation-Note=False', '--auto-remove', 'purge', 'autopkgtest-satdep'], kind short, sout pipe, serr pipe, env []
autopkgtest: DBG: testbed command exited with code 0
autopkgtest: DBG: Marking test dependencies as manually installed: pkg-perl-autopkgtest autodep8 dctrl-tools dh-autoreconf debhelper dh-strip-nondeterminism debugedit dwz po-debconf intltool-debian libfile-stripnondeterminism-perl libarchive-zip-perl libconfig-autoconf-perl libcapture-tiny-perl libdebhelper-perl libdjvulibre21 libdjvulibre-text libegl-dev libfile-slurper-perl libglu1-mesa-dev libgl-dev libglx-dev libmpdec2 libsub-override-perl libvulkan-dev libxext-dev libx11-dev libxcb1-dev libxau-dev libxdmcp-dev qt5-qmake qt5-qmake-bin x11proto-core-dev x11proto-dev xorg-sgml-doctools xtrans-dev
autopkgtest: DBG: testbed command ['apt-mark', 'manual', '-qq', 'pkg-perl-autopkgtest', 'autodep8', 'dctrl-tools', 'dh-autoreconf', 'debhelper', 'dh-strip-nondeterminism', 'debugedit', 'dwz', 'po-debconf', 'intltool-debian', 'libfile-stripnondeterminism-perl', 'libarchive-zip-perl', 'libconfig-autoconf-perl', 'libcapture-tiny-perl', 'libdebhelper-perl', 'libdjvulibre21', 'libdjvulibre-text', 'libegl-dev', 'libfile-slurper-perl', 'libglu1-mesa-dev'], kind short, sout raw, serr pipe, env []
autopkgtest: DBG: testbed command exited with code 0
autopkgtest: DBG: testbed command ['apt-mark', 'manual', '-qq', 'libgl-dev', 'libglx-dev', 'libmpdec2', 'libsub-override-perl', 'libvulkan-dev', 'libxext-dev', 'libx11-dev', 'libxcb1-dev', 'libxau-dev', 'libxdmcp-dev', 'qt5-qmake', 'qt5-qmake-bin', 'x11proto-core-dev', 'x11proto-dev', 'xorg-sgml-doctools', 'xtrans-dev'], kind short, sout raw, serr pipe, env []
autopkgtest: DBG: testbed command exited with code 0
autopkgtest: DBG: testbed command ['dpkg', '--purge', 'autopkgtest-satdep'], kind short, sout raw, serr raw, env []
(Reading database ... 162302 files and directories currently installed.)
Removing autopkgtest-satdep (0) ...
autopkgtest: DBG: testbed command exited with code 0
autopkgtest: DBG: testbed command ['sh', '-ec', 'command -v dpkg-query'], kind short, sout pipe, serr pipe, env []
autopkgtest: DBG: testbed command exited with code 0
autopkgtest: DBG: testbed command ['sh', '-ec', "dpkg-query --show -f '${Package}\\t${Version}\\n' > /tmp/autopkgtest.7Kxeuk/autodep8-perl-build-deps-packages.all"], kind short, sout raw, serr pipe, env []
autopkgtest: DBG: testbed command exited with code 0
autopkgtest: DBG: sending command to testbed: copyup /tmp/autopkgtest.7Kxeuk/autodep8-perl-build-deps-packages.all /home/minami/Documents/openkylin-riscv/test/libconfig-autoconf-perl/autodep8-perl-build-deps-packages.all
autopkgtest-virt-qemu: DBG: executing copyup /tmp/autopkgtest.7Kxeuk/autodep8-perl-build-deps-packages.all /home/minami/Documents/openkylin-riscv/test/libconfig-autoconf-perl/autodep8-perl-build-deps-packages.all
autopkgtest-virt-qemu: DBG: ['cmdls', "(['/tmp/autopkgtest-qemu.j_90vn0w/runcmd', 'sh', '-ec', 'cat </tmp/autopkgtest.7Kxeuk/autodep8-perl-build-deps-packages.all'], ['cat'])"]
autopkgtest-virt-qemu: DBG: ['srcstdin', "<_io.BufferedReader name='/dev/null'>", 'deststdout', "<_io.BufferedWriter name='/home/minami/Documents/openkylin-riscv/test/libconfig-autoconf-perl/autodep8-perl-build-deps-packages.all'>", 'devnull_read', <_io.BufferedReader name='/dev/null'>]
autopkgtest-virt-qemu: DBG:  +< /tmp/autopkgtest-qemu.j_90vn0w/runcmd sh -ec cat </tmp/autopkgtest.7Kxeuk/autodep8-perl-build-deps-packages.all
autopkgtest-virt-qemu: DBG:  +> cat
autopkgtest-virt-qemu: DBG:  +>?
autopkgtest-virt-qemu: DBG:  +<?
autopkgtest: DBG: got reply from testbed: ok
autopkgtest: DBG: testbed command ['test', '-e', '/tmp/autopkgtest.7Kxeuk/build.Wlu/src'], kind short, sout raw, serr raw, env []
autopkgtest: DBG: testbed command exited with code 0
autopkgtest: DBG: copydown: tb path /tmp/autopkgtest.7Kxeuk/build.Wlu/src already exists
autopkgtest [17:37:40]: test autodep8-perl-build-deps: /usr/share/pkg-perl-autopkgtest/runner build-deps
autopkgtest [17:37:40]: test autodep8-perl-build-deps: [-----------------------
autopkgtest: DBG: testbed command ['su', '-s', '/bin/bash', 'openkylin', '-c', 'set -e; export USER=`id -nu`; . /etc/profile >/dev/null 2>&1 || true;  . ~/.profile >/dev/null 2>&1 || true; buildtree="/tmp/autopkgtest.7Kxeuk/build.Wlu/src"; mkdir -p -m 1777 -- "/tmp/autopkgtest.7Kxeuk/autodep8-perl-build-deps-artifacts"; export AUTOPKGTEST_ARTIFACTS="/tmp/autopkgtest.7Kxeuk/autodep8-perl-build-deps-artifacts"; export ADT_ARTIFACTS="$AUTOPKGTEST_ARTIFACTS"; mkdir -p -m 755 "/tmp/autopkgtest.7Kxeuk/autopkgtest_tmp"; export AUTOPKGTEST_TMP="/tmp/autopkgtest.7Kxeuk/autopkgtest_tmp"; export ADTTMP="$AUTOPKGTEST_TMP"; export DEBIAN_FRONTEND=noninteractive; export LANG=C.UTF-8; export DEB_BUILD_OPTIONS=parallel=8; unset LANGUAGE LC_CTYPE LC_NUMERIC LC_TIME LC_COLLATE   LC_MONETARY LC_MESSAGES LC_PAPER LC_NAME LC_ADDRESS   LC_TELEPHONE LC_MEASUREMENT LC_IDENTIFICATION LC_ALL;cd "$buildtree"; exec /tmp/autopkgtest.7Kxeuk/wrapper.sh --script-pid-file=/tmp/autopkgtest_script_pid --stderr=/tmp/autopkgtest.7Kxeuk/autodep8-perl-build-deps-stderr --stdout=/tmp/autopkgtest.7Kxeuk/autodep8-perl-build-deps-stdout -- bash -ec \'/usr/share/pkg-perl-autopkgtest/runner build-deps\' ;'], kind test, sout raw, serr raw, env []
t/00.load.t ....... 
1..1
ok 1 - use Config::AutoConf;
ok
t/01.checkprog.t .. 
1..18
ok 1 - Find perl
ok 2 - Don't find ''hopingnobodyhasthiscommand
ok 3 - Find perl only
ok 4 - Find no _xn surrounded perl
Checking for awk... /somewhere/over/the/rainbow
ok 5 - $ENV{AWK} honored
Checking for sed... /somewhere/over/the/rainbow
ok 6 - $ENV{SED} honored
Checking for egrep... /somewhere/over/the/rainbow
ok 7 - $ENV{EGREP} honored
Checking for yacc... /somewhere/over/the/rainbow
ok 8 - $ENV{YACC} honored
Checking for awk... (cached) /somewhere/over/the/rainbow
ok 9 - $ENV{ac_cv_prog_AWK} honored
Checking for sed... (cached) /somewhere/over/the/rainbow
ok 10 - $ENV{ac_cv_prog_SED} honored
Checking for egrep... (cached) /somewhere/over/the/rainbow
ok 11 - $ENV{ac_cv_prog_EGREP} honored
Checking for yacc... (cached) /somewhere/over/the/rainbow
ok 12 - $ENV{ac_cv_prog_YACC} honored
# Check for some progs to get an overview about world outside
Checking for awk... /usr/bin/mawk
ok 13 - /usr/bin/mawk is executable
# Found AWK as /usr/bin/mawk
Checking for sed... /usr/bin/sed
ok 14 - /usr/bin/sed is executable
# Found SED as /usr/bin/sed
Checking for egrep... /usr/bin/egrep
ok 15 - /usr/bin/egrep is executable
# Found EGREP as /usr/bin/egrep
Checking for yacc... 
ok 16 # skip No yacc
Checking for lex... 
ok 17 # skip No lex
Checking for pkg-config... /usr/bin/pkg-config
ok 18 - /usr/bin/pkg-config is executable
# Found PKG-CONFIG as /usr/bin/pkg-config
ok
t/02.compile.t .... 
Checking for stdio.h... Checking for cc... riscv64-linux-gnu-gcc
yes
Checking for astupidheaderfile.h... no
ok 1
Checking for astupidheaderfile.h... (cached) no
Checking for stdio.h... (cached) yes
ok 2
Checking for stdlib.h... Checking for cc... riscv64-linux-gnu-gcc
yes
Checking for stdarg.h... yes
Checking for string.h... yes
Checking for float.h... yes
Checking for assert.h... yes
Checking for ctype.h... yes
Checking for errno.h... yes
Checking for limits.h... yes
Checking for locale.h... yes
Checking for math.h... yes
Checking for setjmp.h... yes
Checking for signal.h... yes
Checking for stddef.h... yes
Checking for stdio.h... yes
Checking for time.h... yes
Checking for sys/types.h... yes
Checking for sys/stat.h... yes
Checking for memory.h... yes
Checking for strings.h... yes
Checking for inttypes.h... yes
Checking for stdint.h... yes
Checking for unistd.h... yes
ok 3 - check_default_headers
# Checking for cache value ac_cv_stdio_h
ok 4 - found stdio.h
Checking for dirent.h... yes
Checking for header defining DIR *... yes
ok 5 - check_dirent_header
Checking whether PERL_VERSION_STRING is declared... yes
ok 6 - PERL_VERSION_STRING declared
Checking whether PERL_API_REVISION is declared... yes
Checking whether PERL_API_VERSION is declared... yes
Checking whether PERL_API_SUBVERSION is declared... yes
ok 7 - PERL_API_* declared
Checking whether perl_parse(PerlInterpreter *, XSINIT_t , int , char** , char** ) is declared... yes
ok 8 - perl_parse() declared
Checking for complete_useless_datatype... (cached) yes
ok 9 - External overwritten type test
Checking for I32... yes
ok 10 - I32 is valid type
Checking for SV *... yes
Checking for AV *... yes
Checking for HV *... yes
ok 11 - [SAH]V * are valid types
Checking for size of I32... 4
ok 12 - I32 has size of 4 bytes
Checking for size of I32... (cached) 4
Checking for size of SV *... 8
Checking for size of AV... 24
Checking for size of HV *... 8
Checking for size of SV.sv_refcnt... 4
ok 13 - Could determined sizes for I32, SV *, AV, HV *, SV.sv_refcnt
Checking for compute result of (-sizeof(I32))... -4
ok 14 - Compute (-sizeof(I32))
Checking for struct av.sv_any... yes
ok 15 - have struct av.sv_any member
Checking for struct hv.sv_any... yes
Checking for struct STRUCT_SV.sv_any... yes
ok 16 - have struct hv.sv_any and struct STRUCT_SV.sv_any members
Checking for struct S2.s1... yes
ok 17 - have struct S2.s1 member
Checking for align of I32... 4
ok 18 - Align of I32
Checking for align of SV.sv_refcnt... 8
ok 19 - Align of SV.sv_refcnt
Checking for align of I32... (cached) 4
Checking for align of U32... 4
Checking for align of AV... 8
Checking for align of HV *... 8
Checking for align of SV.sv_refcnt... (cached) 8
ok 20 - Could determine the sizes of I32, U32, AV, HV *, SV.sv_refcnt
Checking for struct regexp.jdd... no
Checking for struct regexp.jdd2... no
Checking for struct regexp.engine... yes
Checking for struct regexp.mother_re... yes
Checking for struct regexp.extflags... yes
Checking for struct regexp.minlen... yes
Checking for struct regexp.minlenret... yes
Checking for struct regexp.gofs... yes
Checking for struct regexp.substrs... yes
Checking for struct regexp.nparens... yes
Checking for struct regexp.intflags... yes
Checking for struct regexp.pprivate... yes
Checking for struct regexp.lastparen... yes
Checking for struct regexp.lastcloseparen... yes
Checking for struct regexp.swap... no
Checking for struct regexp.offs... yes
Checking for struct regexp.subbeg... yes
Checking for struct regexp.saved_copy... yes
Checking for struct regexp.sublen... yes
Checking for struct regexp.suboffset... yes
Checking for struct regexp.subcoffset... yes
Checking for struct regexp.prelen... no
Checking for struct regexp.precomp... no
Checking for struct regexp.wrapped... no
Checking for struct regexp.wraplen... no
Checking for struct regexp.seen_evals... no
Checking for struct regexp.paren_names... yes
Checking for struct regexp.refcnt... no
ok 21 - Check struct regexp
ok 22 - default config.h created
ok 23 - config.h contains content
ok 24 - default config.h created
ok 25 - 2nd config.h is bigger than first (more checks made)
ok 26 - file and direct write computes equal
ok 27 - complete_useless_datatype in config.h even if injected
ok 28 - Successfully added 2nd loghandle
Checking whether perlapi is accessible... yes
ok 29 - Could compile perl extensions
ok 30 - add_log_fh/delete_log_fh
Checking for insane.h... (cached) /usr/include/insane.h
ok 31 - Cache override for header files work
1..31
ok
All tests successful.
Files=3, Tests=50, 504 wallclock secs ( 0.47 usr  0.16 sys + 376.74 cusr 145.36 csys = 522.73 CPU)
Result: PASS
autopkgtest: DBG: testbed command exited with code 0
autopkgtest [17:46:12]: test autodep8-perl-build-deps: -----------------------]
autopkgtest: DBG: testbed executing test finished with exit status 0
autopkgtest: DBG: sending command to testbed: copyup /tmp/autopkgtest.7Kxeuk/autodep8-perl-build-deps-stdout /home/minami/Documents/openkylin-riscv/test/libconfig-autoconf-perl/autodep8-perl-build-deps-stdout
autopkgtest-virt-qemu: DBG: executing copyup /tmp/autopkgtest.7Kxeuk/autodep8-perl-build-deps-stdout /home/minami/Documents/openkylin-riscv/test/libconfig-autoconf-perl/autodep8-perl-build-deps-stdout
autopkgtest-virt-qemu: DBG: ['cmdls', "(['/tmp/autopkgtest-qemu.j_90vn0w/runcmd', 'sh', '-ec', 'cat </tmp/autopkgtest.7Kxeuk/autodep8-perl-build-deps-stdout'], ['cat'])"]
autopkgtest-virt-qemu: DBG: ['srcstdin', "<_io.BufferedReader name='/dev/null'>", 'deststdout', "<_io.BufferedWriter name='/home/minami/Documents/openkylin-riscv/test/libconfig-autoconf-perl/autodep8-perl-build-deps-stdout'>", 'devnull_read', <_io.BufferedReader name='/dev/null'>]
autopkgtest-virt-qemu: DBG:  +< /tmp/autopkgtest-qemu.j_90vn0w/runcmd sh -ec cat </tmp/autopkgtest.7Kxeuk/autodep8-perl-build-deps-stdout
autopkgtest-virt-qemu: DBG:  +> cat
autopkgtest-virt-qemu: DBG:  +>?
autopkgtest-virt-qemu: DBG:  +<?
autopkgtest: DBG: got reply from testbed: ok
autopkgtest: DBG: sending command to testbed: copyup /tmp/autopkgtest.7Kxeuk/autodep8-perl-build-deps-stderr /home/minami/Documents/openkylin-riscv/test/libconfig-autoconf-perl/autodep8-perl-build-deps-stderr
autopkgtest-virt-qemu: DBG: executing copyup /tmp/autopkgtest.7Kxeuk/autodep8-perl-build-deps-stderr /home/minami/Documents/openkylin-riscv/test/libconfig-autoconf-perl/autodep8-perl-build-deps-stderr
autopkgtest-virt-qemu: DBG: ['cmdls', "(['/tmp/autopkgtest-qemu.j_90vn0w/runcmd', 'sh', '-ec', 'cat </tmp/autopkgtest.7Kxeuk/autodep8-perl-build-deps-stderr'], ['cat'])"]
autopkgtest-virt-qemu: DBG: ['srcstdin', "<_io.BufferedReader name='/dev/null'>", 'deststdout', "<_io.BufferedWriter name='/home/minami/Documents/openkylin-riscv/test/libconfig-autoconf-perl/autodep8-perl-build-deps-stderr'>", 'devnull_read', <_io.BufferedReader name='/dev/null'>]
autopkgtest-virt-qemu: DBG:  +< /tmp/autopkgtest-qemu.j_90vn0w/runcmd sh -ec cat </tmp/autopkgtest.7Kxeuk/autodep8-perl-build-deps-stderr
autopkgtest-virt-qemu: DBG:  +> cat
autopkgtest-virt-qemu: DBG:  +>?
autopkgtest-virt-qemu: DBG:  +<?
autopkgtest: DBG: got reply from testbed: ok
autopkgtest [17:46:13]: test autodep8-perl-build-deps:  - - - - - - - - - - results - - - - - - - - - -
autodep8-perl-build-deps PASS
autopkgtest: DBG: sending command to testbed: copyup /tmp/autopkgtest.7Kxeuk/autodep8-perl-build-deps-artifacts/ /home/minami/Documents/openkylin-riscv/test/libconfig-autoconf-perl/artifacts/
autopkgtest-virt-qemu: DBG: executing copyup /tmp/autopkgtest.7Kxeuk/autodep8-perl-build-deps-artifacts/ /home/minami/Documents/openkylin-riscv/test/libconfig-autoconf-perl/artifacts/
autopkgtest-virt-qemu: DBG: ['cmdls', "(['/tmp/autopkgtest-qemu.j_90vn0w/runcmd', 'sh', '-ec', 'cd /tmp/autopkgtest.7Kxeuk/autodep8-perl-build-deps-artifacts/; tar --warning=none -c . -f -'], ['tar', '--directory', '/home/minami/Documents/openkylin-riscv/test/libconfig-autoconf-perl/artifacts/', '--warning=none', '--preserve-permissions', '--extract', '--no-same-owner', '-f', '-'])"]
autopkgtest-virt-qemu: DBG: ['srcstdin', "<_io.BufferedReader name='/dev/null'>", 'deststdout', "<_io.BufferedReader name='/dev/null'>", 'devnull_read', <_io.BufferedReader name='/dev/null'>]
autopkgtest-virt-qemu: DBG:  +< /tmp/autopkgtest-qemu.j_90vn0w/runcmd sh -ec cd /tmp/autopkgtest.7Kxeuk/autodep8-perl-build-deps-artifacts/; tar --warning=none -c . -f -
autopkgtest-virt-qemu: DBG:  +> tar --directory /home/minami/Documents/openkylin-riscv/test/libconfig-autoconf-perl/artifacts/ --warning=none --preserve-permissions --extract --no-same-owner -f -
autopkgtest-virt-qemu: DBG:  +>?
autopkgtest-virt-qemu: DBG:  +<?
autopkgtest: DBG: got reply from testbed: ok
autopkgtest: DBG: testbed command ['rm', '-rf', '/tmp/autopkgtest.7Kxeuk/autodep8-perl-build-deps-artifacts', '/tmp/autopkgtest.7Kxeuk/autopkgtest_tmp'], kind short, sout raw, serr pipe, env []
autopkgtest: DBG: testbed command exited with code 0
autopkgtest [17:46:14]: test autodep8-perl: preparing testbed
autopkgtest: DBG: testbed reset: modified=False, deps_installed=['libconfig-autoconf-perl', 'debhelper-compat (= 13)', 'libcapture-tiny-perl', 'libfile-slurper-perl', 'perl', 'build-essential', 'pkg-perl-autopkgtest'], deps_new=['libconfig-autoconf-perl', 'pkg-perl-autopkgtest']
autopkgtest: DBG: testbed reset
autopkgtest: DBG: sending command to testbed: revert
autopkgtest-virt-qemu: DBG: executing revert
autopkgtest-virt-qemu: DBG: execute-timeout: /tmp/autopkgtest-qemu.j_90vn0w/runcmd rm -rf -- /tmp/autopkgtest.7Kxeuk
qemu-system-riscv64: terminating on signal 15 from pid 3433784 (/usr/bin/python3)
autopkgtest-virt-qemu: DBG: find_free_port: trying 10022
autopkgtest-virt-qemu: DBG: find_free_port: 10022 is free
autopkgtest-virt-qemu: DBG: autopkgtest does not know how to boot this machine, hopefully nothing special needs to be done?
autopkgtest-virt-qemu: DBG: qemu architecture: riscv64
autopkgtest-virt-qemu: DBG: qemu command: qemu-system-riscv64
autopkgtest-virt-qemu: DBG: execute-timeout: qemu-img info --output=json /home/minami/Documents/openkylin-riscv/testing.qcow2
autopkgtest-virt-qemu: DBG: Creating temporary overlay image in /tmp/autopkgtest-qemu.ikf9lg0a/overlay.img
autopkgtest-virt-qemu: DBG: execute-timeout: qemu-img create -f qcow2 -F qcow2 -b /home/minami/Documents/openkylin-riscv/testing.qcow2 /tmp/autopkgtest-qemu.ikf9lg0a/overlay.img
autopkgtest-virt-qemu: DBG: Forwarding local port 10022 to VM ssh port 22
autopkgtest-virt-qemu: DBG: Assuming nothing special needs to be done to set up firmware to boot this machine (boot method: none)
autopkgtest-virt-qemu: DBG: full qemu command-line: ['qemu-system-riscv64', '-m', '8192', '-smp', '8', '-nographic', '-device', 'virtio-net-device,netdev=usernet', '-netdev', 'user,id=usernet,hostfwd=tcp:127.0.0.1:10022-:22', '-object', 'rng-random,filename=/dev/urandom,id=rng0', '-device', 'virtio-rng-pci,rng=rng0,id=rng-device0', '-monitor', 'unix:/tmp/autopkgtest-qemu.ikf9lg0a/monitor,server=on,wait=off', '-virtfs', 'local,id=autopkgtest,path=/tmp/autopkgtest-qemu.ikf9lg0a/shared,security_model=none,mount_tag=autopkgtest', '-device', 'virtio-serial', '-chardev', 'socket,path=/tmp/autopkgtest-qemu.ikf9lg0a/hvc0,server=on,wait=off,id=hvc0', '-device', 'virtconsole,chardev=hvc0', '-chardev', 'socket,path=/tmp/autopkgtest-qemu.ikf9lg0a/hvc1,server=on,wait=off,id=hvc1', '-device', 'virtconsole,chardev=hvc1', '-serial', 'unix:/tmp/autopkgtest-qemu.ikf9lg0a/ttyS0,server=on,wait=off', '-drive', 'index=0,file=/tmp/autopkgtest-qemu.ikf9lg0a/overlay.img,format=qcow2,cache=unsafe,if=virtio,discard=unmap', '-machine', 'virt', '-kernel', '/home/minami/Documents/ukylin/u-boot.bin']
autopkgtest-virt-qemu: DBG: expect: b' login: '
autopkgtest-virt-qemu: DBG: expect: found "'login prompt on serial console'"
autopkgtest-virt-qemu: DBG: expect: b'ok'
autopkgtest-virt-qemu: DBG: expect: found "b'ok'"
autopkgtest-virt-qemu: DBG: setup_shell(): there already is a shell on hvc1
qemu-system-riscv64: warning: 9p: degraded performance: a reasonable high msize should be chosen on client/guest side (chosen msize is <= 8192). See https://wiki.qemu.org/Documentation/9psetup#msize for details.
autopkgtest-virt-qemu: DBG: expect: b'59bff29b-a59e-4f14-915a-aec5abfdec0f[1]'
autopkgtest-virt-qemu: DBG: expect: found "b'59bff29b-a59e-4f14-915a-aec5abfdec0f[1]'"
autopkgtest-virt-qemu: DBG: expect: b'59bff29b-a59e-4f14-915a-aec5abfdec0f[2]'
autopkgtest-virt-qemu: DBG: expect: found "b'59bff29b-a59e-4f14-915a-aec5abfdec0f[2]'"
autopkgtest-virt-qemu: DBG: expect: b'59bff29b-a59e-4f14-915a-aec5abfdec0f[3]'
autopkgtest-virt-qemu: DBG: expect: found "b'59bff29b-a59e-4f14-915a-aec5abfdec0f[3]'"
autopkgtest-virt-qemu: DBG: expect: b'/python'
autopkgtest-virt-qemu: DBG: expect: found "b'/python'"
autopkgtest-virt-qemu: DBG: expect: b'# '
autopkgtest-virt-qemu: DBG: expect: found "b'# '"
autopkgtest-virt-qemu: DBG: expect: b'59bff29b-a59e-4f14-915a-aec5abfdec0f[4]'
autopkgtest-virt-qemu: DBG: expect: found "b'59bff29b-a59e-4f14-915a-aec5abfdec0f[4]'"
autopkgtest-virt-qemu: DBG: execute-timeout: /tmp/autopkgtest-qemu.ikf9lg0a/runcmd true
autopkgtest-virt-qemu: DBG: can connect to autopkgtest sh in VM
autopkgtest-virt-qemu: DBG: expect: b'59bff29b-a59e-4f14-915a-aec5abfdec0f[5]'
autopkgtest-virt-qemu: DBG: expect: found "b'59bff29b-a59e-4f14-915a-aec5abfdec0f[5]'"
autopkgtest-virt-qemu: DBG: determine_normal_user: got user "openkylin"
autopkgtest-virt-qemu: DBG: execute-timeout: /tmp/autopkgtest-qemu.ikf9lg0a/runcmd mkdir --mode=1777 --parents /tmp/autopkgtest.7Kxeuk
autopkgtest-virt-qemu: DBG: auxverb = ['/tmp/autopkgtest-qemu.ikf9lg0a/runcmd'], downtmp = /tmp/autopkgtest.7Kxeuk
autopkgtest: DBG: got reply from testbed: ok /tmp/autopkgtest.7Kxeuk
autopkgtest: DBG: sending command to testbed: print-execute-command
autopkgtest-virt-qemu: DBG: executing print-execute-command
autopkgtest: DBG: got reply from testbed: ok /tmp/autopkgtest-qemu.ikf9lg0a/runcmd
autopkgtest: DBG: sending command to testbed: capabilities
autopkgtest-virt-qemu: DBG: executing capabilities
autopkgtest: DBG: got reply from testbed: ok isolation-machine reboot revert revert-full-system root-on-testbed suggested-normal-user=openkylin
autopkgtest: DBG: testbed capabilities: ['isolation-machine', 'reboot', 'revert', 'revert-full-system', 'root-on-testbed', 'suggested-normal-user=openkylin', 'has_internet']
autopkgtest: DBG: testbed command ['mkdir', '-p', '/tmp/autopkgtest.7Kxeuk'], kind short, sout raw, serr pipe, env []
autopkgtest: DBG: testbed command exited with code 0
autopkgtest: DBG: sending command to testbed: copydown /usr/share/autopkgtest/lib/in-testbed/wrapper.sh /tmp/autopkgtest.7Kxeuk/wrapper.sh
autopkgtest-virt-qemu: DBG: executing copydown /usr/share/autopkgtest/lib/in-testbed/wrapper.sh /tmp/autopkgtest.7Kxeuk/wrapper.sh
autopkgtest-virt-qemu: DBG: ['cmdls', "(['cat'], ['/tmp/autopkgtest-qemu.ikf9lg0a/runcmd', 'sh', '-ec', 'cat >/tmp/autopkgtest.7Kxeuk/wrapper.sh; chmod +x -- /tmp/autopkgtest.7Kxeuk/wrapper.sh'])"]
autopkgtest-virt-qemu: DBG: ['srcstdin', "<_io.BufferedReader name='/usr/share/autopkgtest/lib/in-testbed/wrapper.sh'>", 'deststdout', "<_io.BufferedReader name='/dev/null'>", 'devnull_read', <_io.BufferedReader name='/dev/null'>]
autopkgtest-virt-qemu: DBG:  +< cat
autopkgtest-virt-qemu: DBG:  +> /tmp/autopkgtest-qemu.ikf9lg0a/runcmd sh -ec cat >/tmp/autopkgtest.7Kxeuk/wrapper.sh; chmod +x -- /tmp/autopkgtest.7Kxeuk/wrapper.sh
autopkgtest-virt-qemu: DBG:  +>?
autopkgtest-virt-qemu: DBG:  +<?
autopkgtest: DBG: got reply from testbed: ok
autopkgtest: DBG: testbed command ['chmod', '-R', '0755', '--', '/tmp/autopkgtest.7Kxeuk/wrapper.sh'], kind short, sout raw, serr pipe, env []
autopkgtest: DBG: testbed command exited with code 0
autopkgtest: DBG: testbed command ['dpkg', '--print-architecture'], kind short, sout pipe, serr pipe, env []
autopkgtest: DBG: testbed command exited with code 0
autopkgtest [17:47:03]: testbed dpkg architecture: riscv64
autopkgtest: DBG: testbed command ['sh', '-ec', 'command -v eatmydata'], kind short, sout pipe, serr pipe, env []
autopkgtest: DBG: testbed command exited with code 127
autopkgtest: DBG: testbed command ['sh', '-ec', 'command -v dpkg-query'], kind short, sout pipe, serr pipe, env []
autopkgtest: DBG: testbed command exited with code 0
autopkgtest: DBG: testbed command ['sh', '-ec', "dpkg-query --show -f '${Package}\\t${Version}\\n' > /tmp/autopkgtest.7Kxeuk/testbed-packages"], kind short, sout raw, serr pipe, env []
autopkgtest: DBG: testbed command exited with code 0
autopkgtest: DBG: sending command to testbed: copyup /tmp/autopkgtest.7Kxeuk/testbed-packages /home/minami/Documents/openkylin-riscv/test/libconfig-autoconf-perl/testbed-packages
autopkgtest-virt-qemu: DBG: executing copyup /tmp/autopkgtest.7Kxeuk/testbed-packages /home/minami/Documents/openkylin-riscv/test/libconfig-autoconf-perl/testbed-packages
autopkgtest-virt-qemu: DBG: ['cmdls', "(['/tmp/autopkgtest-qemu.ikf9lg0a/runcmd', 'sh', '-ec', 'cat </tmp/autopkgtest.7Kxeuk/testbed-packages'], ['cat'])"]
autopkgtest-virt-qemu: DBG: ['srcstdin', "<_io.BufferedReader name='/dev/null'>", 'deststdout', "<_io.BufferedWriter name='/home/minami/Documents/openkylin-riscv/test/libconfig-autoconf-perl/testbed-packages'>", 'devnull_read', <_io.BufferedReader name='/dev/null'>]
autopkgtest-virt-qemu: DBG:  +< /tmp/autopkgtest-qemu.ikf9lg0a/runcmd sh -ec cat </tmp/autopkgtest.7Kxeuk/testbed-packages
autopkgtest-virt-qemu: DBG:  +> cat
autopkgtest-virt-qemu: DBG:  +>?
autopkgtest-virt-qemu: DBG:  +<?
autopkgtest: DBG: got reply from testbed: ok
autopkgtest: DBG: testbed supports reboot, creating /tmp/autopkgtest-reboot
autopkgtest: DBG: testbed command ['mkdir', '-p', '/tmp/autopkgtest.7Kxeuk'], kind short, sout raw, serr pipe, env []
autopkgtest: DBG: testbed command exited with code 0
autopkgtest: DBG: sending command to testbed: copydown /usr/share/autopkgtest/lib/in-testbed/reboot.sh /tmp/autopkgtest.7Kxeuk/autopkgtest-reboot
autopkgtest-virt-qemu: DBG: executing copydown /usr/share/autopkgtest/lib/in-testbed/reboot.sh /tmp/autopkgtest.7Kxeuk/autopkgtest-reboot
autopkgtest-virt-qemu: DBG: ['cmdls', "(['cat'], ['/tmp/autopkgtest-qemu.ikf9lg0a/runcmd', 'sh', '-ec', 'cat >/tmp/autopkgtest.7Kxeuk/autopkgtest-reboot; chmod +x -- /tmp/autopkgtest.7Kxeuk/autopkgtest-reboot'])"]
autopkgtest-virt-qemu: DBG: ['srcstdin', "<_io.BufferedReader name='/usr/share/autopkgtest/lib/in-testbed/reboot.sh'>", 'deststdout', "<_io.BufferedReader name='/dev/null'>", 'devnull_read', <_io.BufferedReader name='/dev/null'>]
autopkgtest-virt-qemu: DBG:  +< cat
autopkgtest-virt-qemu: DBG:  +> /tmp/autopkgtest-qemu.ikf9lg0a/runcmd sh -ec cat >/tmp/autopkgtest.7Kxeuk/autopkgtest-reboot; chmod +x -- /tmp/autopkgtest.7Kxeuk/autopkgtest-reboot
autopkgtest-virt-qemu: DBG:  +>?
autopkgtest-virt-qemu: DBG:  +<?
autopkgtest: DBG: got reply from testbed: ok
autopkgtest: DBG: testbed command ['chmod', '-R', '0755', '--', '/tmp/autopkgtest.7Kxeuk/autopkgtest-reboot'], kind short, sout raw, serr pipe, env []
autopkgtest: DBG: testbed command exited with code 0
autopkgtest: DBG: testbed command ['ln', '-fns', '/tmp/autopkgtest.7Kxeuk/autopkgtest-reboot', '/tmp/autopkgtest-reboot'], kind short, sout raw, serr pipe, env []
autopkgtest: DBG: testbed command exited with code 0
autopkgtest: DBG: testbed command ['ln', '-fns', '/tmp/autopkgtest.7Kxeuk/autopkgtest-reboot', '/sbin/autopkgtest-reboot'], kind short, sout raw, serr pipe, env []
autopkgtest: DBG: testbed command exited with code 0
autopkgtest: DBG: testbed command ['mkdir', '-p', '/tmp/autopkgtest.7Kxeuk'], kind short, sout raw, serr pipe, env []
autopkgtest: DBG: testbed command exited with code 0
autopkgtest: DBG: sending command to testbed: copydown /usr/share/autopkgtest/lib/in-testbed/reboot-prepare.sh /tmp/autopkgtest.7Kxeuk/autopkgtest-reboot-prepare
autopkgtest-virt-qemu: DBG: executing copydown /usr/share/autopkgtest/lib/in-testbed/reboot-prepare.sh /tmp/autopkgtest.7Kxeuk/autopkgtest-reboot-prepare
autopkgtest-virt-qemu: DBG: ['cmdls', "(['cat'], ['/tmp/autopkgtest-qemu.ikf9lg0a/runcmd', 'sh', '-ec', 'cat >/tmp/autopkgtest.7Kxeuk/autopkgtest-reboot-prepare; chmod +x -- /tmp/autopkgtest.7Kxeuk/autopkgtest-reboot-prepare'])"]
autopkgtest-virt-qemu: DBG: ['srcstdin', "<_io.BufferedReader name='/usr/share/autopkgtest/lib/in-testbed/reboot-prepare.sh'>", 'deststdout', "<_io.BufferedReader name='/dev/null'>", 'devnull_read', <_io.BufferedReader name='/dev/null'>]
autopkgtest-virt-qemu: DBG:  +< cat
autopkgtest-virt-qemu: DBG:  +> /tmp/autopkgtest-qemu.ikf9lg0a/runcmd sh -ec cat >/tmp/autopkgtest.7Kxeuk/autopkgtest-reboot-prepare; chmod +x -- /tmp/autopkgtest.7Kxeuk/autopkgtest-reboot-prepare
autopkgtest-virt-qemu: DBG:  +>?
autopkgtest-virt-qemu: DBG:  +<?
autopkgtest: DBG: got reply from testbed: ok
autopkgtest: DBG: testbed command ['chmod', '-R', '0755', '--', '/tmp/autopkgtest.7Kxeuk/autopkgtest-reboot-prepare'], kind short, sout raw, serr pipe, env []
autopkgtest: DBG: testbed command exited with code 0
autopkgtest: DBG: testbed command ['ln', '-fns', '/tmp/autopkgtest.7Kxeuk/autopkgtest-reboot-prepare', '/tmp/autopkgtest-reboot-prepare'], kind short, sout raw, serr pipe, env []
autopkgtest: DBG: testbed command exited with code 0
autopkgtest: DBG: testbed command ['uname', '-srv'], kind short, sout pipe, serr pipe, env []
autopkgtest: DBG: testbed command exited with code 0
autopkgtest: DBG: Binaries: no registered binaries, not publishing anything
autopkgtest: DBG: install_deps: deps_new=['libconfig-autoconf-perl', 'pkg-perl-autopkgtest']
autopkgtest: DBG: install-deps: satisfying libconfig-autoconf-perl, pkg-perl-autopkgtest
autopkgtest: DBG: install-deps: architecture resolved: libconfig-autoconf-perl, pkg-perl-autopkgtest
autopkgtest: DBG: testbed command ['test', '-w', '/var/lib/dpkg/status'], kind short, sout raw, serr raw, env []
autopkgtest: DBG: testbed command exited with code 0
autopkgtest: DBG: can use apt-get on testbed: True
autopkgtest: DBG: testbed command ['mkdir', '-p', '/tmp/autopkgtest.7Kxeuk'], kind short, sout raw, serr pipe, env []
autopkgtest: DBG: testbed command exited with code 0
autopkgtest: DBG: sending command to testbed: copydown /home/minami/Documents/openkylin-riscv/test/libconfig-autoconf-perl/2-autopkgtest-satdep.deb /tmp/autopkgtest.7Kxeuk/2-autopkgtest-satdep.deb
autopkgtest-virt-qemu: DBG: executing copydown /home/minami/Documents/openkylin-riscv/test/libconfig-autoconf-perl/2-autopkgtest-satdep.deb /tmp/autopkgtest.7Kxeuk/2-autopkgtest-satdep.deb
autopkgtest-virt-qemu: DBG: ['cmdls', "(['cat'], ['/tmp/autopkgtest-qemu.ikf9lg0a/runcmd', 'sh', '-ec', 'cat >/tmp/autopkgtest.7Kxeuk/2-autopkgtest-satdep.deb'])"]
autopkgtest-virt-qemu: DBG: ['srcstdin', "<_io.BufferedReader name='/home/minami/Documents/openkylin-riscv/test/libconfig-autoconf-perl/2-autopkgtest-satdep.deb'>", 'deststdout', "<_io.BufferedReader name='/dev/null'>", 'devnull_read', <_io.BufferedReader name='/dev/null'>]
autopkgtest-virt-qemu: DBG:  +< cat
autopkgtest-virt-qemu: DBG:  +> /tmp/autopkgtest-qemu.ikf9lg0a/runcmd sh -ec cat >/tmp/autopkgtest.7Kxeuk/2-autopkgtest-satdep.deb
autopkgtest-virt-qemu: DBG:  +>?
autopkgtest-virt-qemu: DBG:  +<?
autopkgtest: DBG: got reply from testbed: ok
autopkgtest: DBG: testbed command ['chown', '-R', 'openkylin', '--', '/tmp/autopkgtest.7Kxeuk/2-autopkgtest-satdep.deb'], kind short, sout raw, serr pipe, env []
autopkgtest: DBG: testbed command exited with code 0
autopkgtest: DBG: testbed command ['dpkg', '--unpack', '/tmp/autopkgtest.7Kxeuk/2-autopkgtest-satdep.deb'], kind short, sout pipe, serr pipe, env []
autopkgtest: DBG: testbed command exited with code 0
autopkgtest: DBG: testbed command ['/bin/sh', '-ec', ' apt-get install --assume-yes --fix-broken -o APT::Status-Fd=3 -o APT::Install-Recommends=false -o Dpkg::Options::=--force-confnew -o Debug::pkgProblemResolver=true 3>&2 2>&1'], kind install, sout raw, serr pipe, env ['DEBIAN_FRONTEND=noninteractive', 'APT_LISTBUGS_FRONTEND=none', 'APT_LISTCHANGES_FRONTEND=none']
Reading package lists...
Building dependency tree...
Reading state information...
Correcting dependencies...Starting pkgProblemResolver with broken count: 0
Starting 2 pkgProblemResolver with broken count: 0
Done
 Done
Starting pkgProblemResolver with broken count: 0
Starting 2 pkgProblemResolver with broken count: 0
Done
The following packages were automatically installed and are no longer required:
  libdjvulibre-text libdjvulibre21 libegl-dev libgl-dev libglu1-mesa-dev
  libglx-dev libmpdec2 libvulkan-dev libx11-dev libxau-dev libxcb1-dev
  libxdmcp-dev libxext-dev qt5-qmake qt5-qmake-bin x11proto-core-dev
  x11proto-dev xorg-sgml-doctools xtrans-dev
Use 'apt autoremove' to remove them.
The following additional packages will be installed:
  autodep8 dctrl-tools libcapture-tiny-perl libconfig-autoconf-perl
  libfile-slurper-perl pkg-perl-autopkgtest
Suggested packages:
  debtags
Recommended packages:
  libperlio-utf8-strict-perl
The following NEW packages will be installed:
  autodep8 dctrl-tools libcapture-tiny-perl libconfig-autoconf-perl
  libfile-slurper-perl pkg-perl-autopkgtest
0 upgraded, 6 newly installed, 0 to remove and 18 not upgraded.
1 not fully installed or removed.
Need to get 154 kB of archives.
After this operation, 616 kB of additional disk space will be used.
Get:1 http://archive.build.openkylin.top/openkylin yangtze/main riscv64 libcapture-tiny-perl all 0.48-ok2 [23.8 kB]
Get:2 http://ppa.build.openkylin.top/kylinsoft/anything/openkylin yangtze/main riscv64 autodep8 all 0.22-ok1 [10.1 kB]
Get:3 http://ppa.build.openkylin.top/kylinsoft/anything/openkylin yangtze/main riscv64 pkg-perl-autopkgtest all 0.59-ok1 [8,208 B]
Get:4 http://archive.build.openkylin.top/openkylin yangtze/main riscv64 libfile-slurper-perl all 0.013-ok1 [13.7 kB]
Get:5 http://archive.build.openkylin.top/openkylin yangtze/main riscv64 libconfig-autoconf-perl all 0.320-ok1 [42.3 kB]
Get:6 http://archive.build.openkylin.top/openkylin yangtze/main riscv64 dctrl-tools riscv64 2.24-ok1 [55.6 kB]
Fetched 154 kB in 1s (269 kB/s)
Selecting previously unselected package libcapture-tiny-perl.
(Reading database ... (Reading database ... 5%(Reading database ... 10%(Reading database ... 15%(Reading database ... 20%(Reading database ... 25%(Reading database ... 30%(Reading database ... 35%(Reading database ... 40%(Reading database ... 45%(Reading database ... 50%(Reading database ... 55%(Reading database ... 60%(Reading database ... 65%(Reading database ... 70%(Reading database ... 75%(Reading database ... 80%(Reading database ... 85%(Reading database ... 90%(Reading database ... 95%(Reading database ... 100%(Reading database ... 161111 files and directories currently installed.)
Preparing to unpack .../0-libcapture-tiny-perl_0.48-ok2_all.deb ...
Unpacking libcapture-tiny-perl (0.48-ok2) ...
Selecting previously unselected package libfile-slurper-perl.
Preparing to unpack .../1-libfile-slurper-perl_0.013-ok1_all.deb ...
Unpacking libfile-slurper-perl (0.013-ok1) ...
Selecting previously unselected package libconfig-autoconf-perl.
Preparing to unpack .../2-libconfig-autoconf-perl_0.320-ok1_all.deb ...
Unpacking libconfig-autoconf-perl (0.320-ok1) ...
Selecting previously unselected package dctrl-tools.
Preparing to unpack .../3-dctrl-tools_2.24-ok1_riscv64.deb ...
Unpacking dctrl-tools (2.24-ok1) ...
Selecting previously unselected package autodep8.
Preparing to unpack .../4-autodep8_0.22-ok1_all.deb ...
Unpacking autodep8 (0.22-ok1) ...
Selecting previously unselected package pkg-perl-autopkgtest.
Preparing to unpack .../5-pkg-perl-autopkgtest_0.59-ok1_all.deb ...
Unpacking pkg-perl-autopkgtest (0.59-ok1) ...
Setting up libfile-slurper-perl (0.013-ok1) ...
Setting up libcapture-tiny-perl (0.48-ok2) ...
Setting up libconfig-autoconf-perl (0.320-ok1) ...
Setting up dctrl-tools (2.24-ok1) ...
Setting up autodep8 (0.22-ok1) ...
Setting up pkg-perl-autopkgtest (0.59-ok1) ...
Setting up autopkgtest-satdep (0) ...
Processing triggers for man-db (2.9.1-ok3) ...
autopkgtest: DBG: testbed command exited with code 0
autopkgtest: DBG: testbed command ['dpkg-query', '--show', '-f', '${Status}', 'libconfig-autoconf-perl'], kind short, sout pipe, serr pipe, env []
autopkgtest: DBG: testbed command exited with code 0
autopkgtest: DBG: testbed command ['dpkg', '--status', 'autopkgtest-satdep'], kind short, sout pipe, serr pipe, env []
autopkgtest: DBG: testbed command exited with code 0
autopkgtest: DBG: testbed command ['apt-get', '--simulate', '--quiet', '-o', 'APT::Get::Show-User-Simulation-Note=False', '--auto-remove', 'purge', 'autopkgtest-satdep'], kind short, sout pipe, serr pipe, env []
autopkgtest: DBG: testbed command exited with code 0
autopkgtest: DBG: Marking test dependencies as manually installed: pkg-perl-autopkgtest autodep8 dctrl-tools libconfig-autoconf-perl libcapture-tiny-perl libdjvulibre21 libdjvulibre-text libegl-dev libfile-slurper-perl libglu1-mesa-dev libgl-dev libglx-dev libmpdec2 libvulkan-dev libxext-dev libx11-dev libxcb1-dev libxau-dev libxdmcp-dev qt5-qmake qt5-qmake-bin x11proto-core-dev x11proto-dev xorg-sgml-doctools xtrans-dev
autopkgtest: DBG: testbed command ['apt-mark', 'manual', '-qq', 'pkg-perl-autopkgtest', 'autodep8', 'dctrl-tools', 'libconfig-autoconf-perl', 'libcapture-tiny-perl', 'libdjvulibre21', 'libdjvulibre-text', 'libegl-dev', 'libfile-slurper-perl', 'libglu1-mesa-dev', 'libgl-dev', 'libglx-dev', 'libmpdec2', 'libvulkan-dev', 'libxext-dev', 'libx11-dev', 'libxcb1-dev', 'libxau-dev', 'libxdmcp-dev', 'qt5-qmake'], kind short, sout raw, serr pipe, env []
autopkgtest: DBG: testbed command exited with code 0
autopkgtest: DBG: testbed command ['apt-mark', 'manual', '-qq', 'qt5-qmake-bin', 'x11proto-core-dev', 'x11proto-dev', 'xorg-sgml-doctools', 'xtrans-dev'], kind short, sout raw, serr pipe, env []
autopkgtest: DBG: testbed command exited with code 0
autopkgtest: DBG: testbed command ['dpkg', '--purge', 'autopkgtest-satdep'], kind short, sout raw, serr raw, env []
(Reading database ... 161212 files and directories currently installed.)
Removing autopkgtest-satdep (0) ...
autopkgtest: DBG: testbed command exited with code 0
autopkgtest: DBG: testbed command ['sh', '-ec', 'command -v dpkg-query'], kind short, sout pipe, serr pipe, env []
autopkgtest: DBG: testbed command exited with code 0
autopkgtest: DBG: testbed command ['sh', '-ec', "dpkg-query --show -f '${Package}\\t${Version}\\n' > /tmp/autopkgtest.7Kxeuk/autodep8-perl-packages.all"], kind short, sout raw, serr pipe, env []
autopkgtest: DBG: testbed command exited with code 0
autopkgtest: DBG: sending command to testbed: copyup /tmp/autopkgtest.7Kxeuk/autodep8-perl-packages.all /home/minami/Documents/openkylin-riscv/test/libconfig-autoconf-perl/autodep8-perl-packages.all
autopkgtest-virt-qemu: DBG: executing copyup /tmp/autopkgtest.7Kxeuk/autodep8-perl-packages.all /home/minami/Documents/openkylin-riscv/test/libconfig-autoconf-perl/autodep8-perl-packages.all
autopkgtest-virt-qemu: DBG: ['cmdls', "(['/tmp/autopkgtest-qemu.ikf9lg0a/runcmd', 'sh', '-ec', 'cat </tmp/autopkgtest.7Kxeuk/autodep8-perl-packages.all'], ['cat'])"]
autopkgtest-virt-qemu: DBG: ['srcstdin', "<_io.BufferedReader name='/dev/null'>", 'deststdout', "<_io.BufferedWriter name='/home/minami/Documents/openkylin-riscv/test/libconfig-autoconf-perl/autodep8-perl-packages.all'>", 'devnull_read', <_io.BufferedReader name='/dev/null'>]
autopkgtest-virt-qemu: DBG:  +< /tmp/autopkgtest-qemu.ikf9lg0a/runcmd sh -ec cat </tmp/autopkgtest.7Kxeuk/autodep8-perl-packages.all
autopkgtest-virt-qemu: DBG:  +> cat
autopkgtest-virt-qemu: DBG:  +>?
autopkgtest-virt-qemu: DBG:  +<?
autopkgtest: DBG: got reply from testbed: ok
autopkgtest: DBG: testbed command ['test', '-e', '/tmp/autopkgtest.7Kxeuk/build.Wlu/src'], kind short, sout raw, serr raw, env []
autopkgtest: DBG: testbed command exited with code 1
autopkgtest: DBG: testbed command ['mkdir', '-p', '/tmp/autopkgtest.7Kxeuk/build.Wlu'], kind short, sout raw, serr pipe, env []
autopkgtest: DBG: testbed command exited with code 0
autopkgtest: DBG: sending command to testbed: copydown /home/minami/Documents/openkylin-riscv/test/libconfig-autoconf-perl/tests-tree/ /tmp/autopkgtest.7Kxeuk/build.Wlu/src/
autopkgtest-virt-qemu: DBG: executing copydown /home/minami/Documents/openkylin-riscv/test/libconfig-autoconf-perl/tests-tree/ /tmp/autopkgtest.7Kxeuk/build.Wlu/src/
autopkgtest-virt-qemu: DBG: ['cmdls', "(['tar', '--directory', '/home/minami/Documents/openkylin-riscv/test/libconfig-autoconf-perl/tests-tree/', '--warning=none', '-c', '.', '-f', '-'], ['/tmp/autopkgtest-qemu.ikf9lg0a/runcmd', 'sh', '-ec', 'if ! test -d /tmp/autopkgtest.7Kxeuk/build.Wlu/src/; then mkdir -- /tmp/autopkgtest.7Kxeuk/build.Wlu/src/; fi; cd /tmp/autopkgtest.7Kxeuk/build.Wlu/src/; tar --warning=none --preserve-permissions --extract --no-same-owner -f -'])"]
autopkgtest-virt-qemu: DBG: ['srcstdin', "<_io.BufferedReader name='/dev/null'>", 'deststdout', "<_io.BufferedReader name='/dev/null'>", 'devnull_read', <_io.BufferedReader name='/dev/null'>]
autopkgtest-virt-qemu: DBG:  +< tar --directory /home/minami/Documents/openkylin-riscv/test/libconfig-autoconf-perl/tests-tree/ --warning=none -c . -f -
autopkgtest-virt-qemu: DBG:  +> /tmp/autopkgtest-qemu.ikf9lg0a/runcmd sh -ec if ! test -d /tmp/autopkgtest.7Kxeuk/build.Wlu/src/; then mkdir -- /tmp/autopkgtest.7Kxeuk/build.Wlu/src/; fi; cd /tmp/autopkgtest.7Kxeuk/build.Wlu/src/; tar --warning=none --preserve-permissions --extract --no-same-owner -f -
autopkgtest-virt-qemu: DBG:  +>?
autopkgtest-virt-qemu: DBG:  +<?
autopkgtest: DBG: got reply from testbed: ok
autopkgtest: DBG: testbed command ['chown', '-R', 'openkylin', '--', '/tmp/autopkgtest.7Kxeuk/build.Wlu/src'], kind short, sout raw, serr pipe, env []
autopkgtest: DBG: testbed command exited with code 0
autopkgtest [17:47:54]: test autodep8-perl: /usr/share/pkg-perl-autopkgtest/runner runtime-deps
autopkgtest [17:47:54]: test autodep8-perl: [-----------------------
autopkgtest: DBG: testbed command ['su', '-s', '/bin/bash', 'openkylin', '-c', 'set -e; export USER=`id -nu`; . /etc/profile >/dev/null 2>&1 || true;  . ~/.profile >/dev/null 2>&1 || true; buildtree="/tmp/autopkgtest.7Kxeuk/build.Wlu/src"; mkdir -p -m 1777 -- "/tmp/autopkgtest.7Kxeuk/autodep8-perl-artifacts"; export AUTOPKGTEST_ARTIFACTS="/tmp/autopkgtest.7Kxeuk/autodep8-perl-artifacts"; export ADT_ARTIFACTS="$AUTOPKGTEST_ARTIFACTS"; mkdir -p -m 755 "/tmp/autopkgtest.7Kxeuk/autopkgtest_tmp"; export AUTOPKGTEST_TMP="/tmp/autopkgtest.7Kxeuk/autopkgtest_tmp"; export ADTTMP="$AUTOPKGTEST_TMP"; export DEBIAN_FRONTEND=noninteractive; export LANG=C.UTF-8; export DEB_BUILD_OPTIONS=parallel=8; unset LANGUAGE LC_CTYPE LC_NUMERIC LC_TIME LC_COLLATE   LC_MONETARY LC_MESSAGES LC_PAPER LC_NAME LC_ADDRESS   LC_TELEPHONE LC_MEASUREMENT LC_IDENTIFICATION LC_ALL;cd "$buildtree"; exec /tmp/autopkgtest.7Kxeuk/wrapper.sh --script-pid-file=/tmp/autopkgtest_script_pid --stderr=/tmp/autopkgtest.7Kxeuk/autodep8-perl-stderr --stdout=/tmp/autopkgtest.7Kxeuk/autodep8-perl-stdout -- bash -ec \'/usr/share/pkg-perl-autopkgtest/runner runtime-deps\' ;'], kind test, sout raw, serr raw, env []
/usr/share/pkg-perl-autopkgtest/runtime-deps.d/use.t .. 
1..4
ok 1 -  /usr/bin/perl -w -M"Config::AutoConf" -e 1 2>&1 exited successfully
ok 2 -  /usr/bin/perl -w -M"Config::AutoConf" -e 1 2>&1 produced no (non-whitelisted) output
ok 3 - env PERL_DL_NONLAZY=1  /usr/bin/perl -w -M"Config::AutoConf" -e 1 2>&1 exited successfully
ok 4 - env PERL_DL_NONLAZY=1  /usr/bin/perl -w -M"Config::AutoConf" -e 1 2>&1 produced no (non-whitelisted) output
ok
All tests successful.
Files=1, Tests=4,  4 wallclock secs ( 0.24 usr  0.09 sys +  2.78 cusr  0.73 csys =  3.84 CPU)
Result: PASS
autopkgtest: DBG: testbed command exited with code 0
autopkgtest [17:48:03]: test autodep8-perl: -----------------------]
autopkgtest: DBG: testbed executing test finished with exit status 0
autopkgtest: DBG: sending command to testbed: copyup /tmp/autopkgtest.7Kxeuk/autodep8-perl-stdout /home/minami/Documents/openkylin-riscv/test/libconfig-autoconf-perl/autodep8-perl-stdout
autopkgtest-virt-qemu: DBG: executing copyup /tmp/autopkgtest.7Kxeuk/autodep8-perl-stdout /home/minami/Documents/openkylin-riscv/test/libconfig-autoconf-perl/autodep8-perl-stdout
autopkgtest-virt-qemu: DBG: ['cmdls', "(['/tmp/autopkgtest-qemu.ikf9lg0a/runcmd', 'sh', '-ec', 'cat </tmp/autopkgtest.7Kxeuk/autodep8-perl-stdout'], ['cat'])"]
autopkgtest-virt-qemu: DBG: ['srcstdin', "<_io.BufferedReader name='/dev/null'>", 'deststdout', "<_io.BufferedWriter name='/home/minami/Documents/openkylin-riscv/test/libconfig-autoconf-perl/autodep8-perl-stdout'>", 'devnull_read', <_io.BufferedReader name='/dev/null'>]
autopkgtest-virt-qemu: DBG:  +< /tmp/autopkgtest-qemu.ikf9lg0a/runcmd sh -ec cat </tmp/autopkgtest.7Kxeuk/autodep8-perl-stdout
autopkgtest-virt-qemu: DBG:  +> cat
autopkgtest-virt-qemu: DBG:  +>?
autopkgtest-virt-qemu: DBG:  +<?
autopkgtest: DBG: got reply from testbed: ok
autopkgtest: DBG: sending command to testbed: copyup /tmp/autopkgtest.7Kxeuk/autodep8-perl-stderr /home/minami/Documents/openkylin-riscv/test/libconfig-autoconf-perl/autodep8-perl-stderr
autopkgtest-virt-qemu: DBG: executing copyup /tmp/autopkgtest.7Kxeuk/autodep8-perl-stderr /home/minami/Documents/openkylin-riscv/test/libconfig-autoconf-perl/autodep8-perl-stderr
autopkgtest-virt-qemu: DBG: ['cmdls', "(['/tmp/autopkgtest-qemu.ikf9lg0a/runcmd', 'sh', '-ec', 'cat </tmp/autopkgtest.7Kxeuk/autodep8-perl-stderr'], ['cat'])"]
autopkgtest-virt-qemu: DBG: ['srcstdin', "<_io.BufferedReader name='/dev/null'>", 'deststdout', "<_io.BufferedWriter name='/home/minami/Documents/openkylin-riscv/test/libconfig-autoconf-perl/autodep8-perl-stderr'>", 'devnull_read', <_io.BufferedReader name='/dev/null'>]
autopkgtest-virt-qemu: DBG:  +< /tmp/autopkgtest-qemu.ikf9lg0a/runcmd sh -ec cat </tmp/autopkgtest.7Kxeuk/autodep8-perl-stderr
autopkgtest-virt-qemu: DBG:  +> cat
autopkgtest-virt-qemu: DBG:  +>?
autopkgtest-virt-qemu: DBG:  +<?
autopkgtest: DBG: got reply from testbed: ok
autopkgtest [17:48:04]: test autodep8-perl:  - - - - - - - - - - results - - - - - - - - - -
autodep8-perl        PASS (superficial)
autopkgtest: DBG: sending command to testbed: copyup /tmp/autopkgtest.7Kxeuk/autodep8-perl-artifacts/ /home/minami/Documents/openkylin-riscv/test/libconfig-autoconf-perl/artifacts/
autopkgtest-virt-qemu: DBG: executing copyup /tmp/autopkgtest.7Kxeuk/autodep8-perl-artifacts/ /home/minami/Documents/openkylin-riscv/test/libconfig-autoconf-perl/artifacts/
autopkgtest-virt-qemu: DBG: ['cmdls', "(['/tmp/autopkgtest-qemu.ikf9lg0a/runcmd', 'sh', '-ec', 'cd /tmp/autopkgtest.7Kxeuk/autodep8-perl-artifacts/; tar --warning=none -c . -f -'], ['tar', '--directory', '/home/minami/Documents/openkylin-riscv/test/libconfig-autoconf-perl/artifacts/', '--warning=none', '--preserve-permissions', '--extract', '--no-same-owner', '-f', '-'])"]
autopkgtest-virt-qemu: DBG: ['srcstdin', "<_io.BufferedReader name='/dev/null'>", 'deststdout', "<_io.BufferedReader name='/dev/null'>", 'devnull_read', <_io.BufferedReader name='/dev/null'>]
autopkgtest-virt-qemu: DBG:  +< /tmp/autopkgtest-qemu.ikf9lg0a/runcmd sh -ec cd /tmp/autopkgtest.7Kxeuk/autodep8-perl-artifacts/; tar --warning=none -c . -f -
autopkgtest-virt-qemu: DBG:  +> tar --directory /home/minami/Documents/openkylin-riscv/test/libconfig-autoconf-perl/artifacts/ --warning=none --preserve-permissions --extract --no-same-owner -f -
autopkgtest-virt-qemu: DBG:  +>?
autopkgtest-virt-qemu: DBG:  +<?
autopkgtest: DBG: got reply from testbed: ok
autopkgtest: DBG: testbed command ['rm', '-rf', '/tmp/autopkgtest.7Kxeuk/autodep8-perl-artifacts', '/tmp/autopkgtest.7Kxeuk/autopkgtest_tmp'], kind short, sout raw, serr pipe, env []
autopkgtest: DBG: testbed command exited with code 0
autopkgtest [17:48:05]: test autodep8-perl-recommends: preparing testbed
autopkgtest: DBG: testbed reset: modified=False, deps_installed=['libconfig-autoconf-perl', 'pkg-perl-autopkgtest'], deps_new=['libconfig-autoconf-perl', 'pkg-perl-autopkgtest', 'libextutils-cbuilder-perl']
autopkgtest: DBG: Binaries: no registered binaries, not publishing anything
autopkgtest: DBG: install_deps: deps_new=['libconfig-autoconf-perl', 'pkg-perl-autopkgtest', 'libextutils-cbuilder-perl']
autopkgtest: DBG: install-deps: satisfying libconfig-autoconf-perl, pkg-perl-autopkgtest, libextutils-cbuilder-perl
autopkgtest: DBG: install-deps: architecture resolved: libconfig-autoconf-perl, pkg-perl-autopkgtest, libextutils-cbuilder-perl
autopkgtest: DBG: testbed command ['test', '-w', '/var/lib/dpkg/status'], kind short, sout raw, serr raw, env []
autopkgtest: DBG: testbed command exited with code 0
autopkgtest: DBG: can use apt-get on testbed: True
autopkgtest: DBG: testbed command ['mkdir', '-p', '/tmp/autopkgtest.7Kxeuk'], kind short, sout raw, serr pipe, env []
autopkgtest: DBG: testbed command exited with code 0
autopkgtest: DBG: sending command to testbed: copydown /home/minami/Documents/openkylin-riscv/test/libconfig-autoconf-perl/3-autopkgtest-satdep.deb /tmp/autopkgtest.7Kxeuk/3-autopkgtest-satdep.deb
autopkgtest-virt-qemu: DBG: executing copydown /home/minami/Documents/openkylin-riscv/test/libconfig-autoconf-perl/3-autopkgtest-satdep.deb /tmp/autopkgtest.7Kxeuk/3-autopkgtest-satdep.deb
autopkgtest-virt-qemu: DBG: ['cmdls', "(['cat'], ['/tmp/autopkgtest-qemu.ikf9lg0a/runcmd', 'sh', '-ec', 'cat >/tmp/autopkgtest.7Kxeuk/3-autopkgtest-satdep.deb'])"]
autopkgtest-virt-qemu: DBG: ['srcstdin', "<_io.BufferedReader name='/home/minami/Documents/openkylin-riscv/test/libconfig-autoconf-perl/3-autopkgtest-satdep.deb'>", 'deststdout', "<_io.BufferedReader name='/dev/null'>", 'devnull_read', <_io.BufferedReader name='/dev/null'>]
autopkgtest-virt-qemu: DBG:  +< cat
autopkgtest-virt-qemu: DBG:  +> /tmp/autopkgtest-qemu.ikf9lg0a/runcmd sh -ec cat >/tmp/autopkgtest.7Kxeuk/3-autopkgtest-satdep.deb
autopkgtest-virt-qemu: DBG:  +>?
autopkgtest-virt-qemu: DBG:  +<?
autopkgtest: DBG: got reply from testbed: ok
autopkgtest: DBG: testbed command ['chown', '-R', 'openkylin', '--', '/tmp/autopkgtest.7Kxeuk/3-autopkgtest-satdep.deb'], kind short, sout raw, serr pipe, env []
autopkgtest: DBG: testbed command exited with code 0
autopkgtest: DBG: testbed command ['dpkg', '--unpack', '/tmp/autopkgtest.7Kxeuk/3-autopkgtest-satdep.deb'], kind short, sout pipe, serr pipe, env []
autopkgtest: DBG: testbed command exited with code 0
autopkgtest: DBG: testbed command ['/bin/sh', '-ec', ' apt-get install --assume-yes --fix-broken -o APT::Status-Fd=3 -o APT::Install-Recommends=false -o Dpkg::Options::=--force-confnew -o Debug::pkgProblemResolver=true 3>&2 2>&1'], kind install, sout raw, serr pipe, env ['DEBIAN_FRONTEND=noninteractive', 'APT_LISTBUGS_FRONTEND=none', 'APT_LISTCHANGES_FRONTEND=none']
Reading package lists...
Building dependency tree...
Reading state information...
Starting pkgProblemResolver with broken count: 0
Starting 2 pkgProblemResolver with broken count: 0
Done
0 upgraded, 0 newly installed, 0 to remove and 18 not upgraded.
1 not fully installed or removed.
After this operation, 0 B of additional disk space will be used.
Setting up autopkgtest-satdep (0) ...
autopkgtest: DBG: testbed command exited with code 0
autopkgtest: DBG: testbed command ['dpkg-query', '--show', '-f', '${Status}', 'libconfig-autoconf-perl'], kind short, sout pipe, serr pipe, env []
autopkgtest: DBG: testbed command exited with code 0
autopkgtest: DBG: testbed command ['dpkg', '--status', 'autopkgtest-satdep'], kind short, sout pipe, serr pipe, env []
autopkgtest: DBG: testbed command exited with code 0
autopkgtest: DBG: testbed command ['apt-get', '--simulate', '--quiet', '-o', 'APT::Get::Show-User-Simulation-Note=False', '--auto-remove', 'purge', 'autopkgtest-satdep'], kind short, sout pipe, serr pipe, env []
autopkgtest: DBG: testbed command exited with code 0
autopkgtest: DBG: testbed command ['dpkg', '--purge', 'autopkgtest-satdep'], kind short, sout raw, serr raw, env []
(Reading database ... 161212 files and directories currently installed.)
Removing autopkgtest-satdep (0) ...
autopkgtest: DBG: testbed command exited with code 0
autopkgtest: DBG: testbed command ['sh', '-ec', 'command -v dpkg-query'], kind short, sout pipe, serr pipe, env []
autopkgtest: DBG: testbed command exited with code 0
autopkgtest: DBG: testbed command ['sh', '-ec', "dpkg-query --show -f '${Package}\\t${Version}\\n' > /tmp/autopkgtest.7Kxeuk/autodep8-perl-recommends-packages.all"], kind short, sout raw, serr pipe, env []
autopkgtest: DBG: testbed command exited with code 0
autopkgtest: DBG: sending command to testbed: copyup /tmp/autopkgtest.7Kxeuk/autodep8-perl-recommends-packages.all /home/minami/Documents/openkylin-riscv/test/libconfig-autoconf-perl/autodep8-perl-recommends-packages.all
autopkgtest-virt-qemu: DBG: executing copyup /tmp/autopkgtest.7Kxeuk/autodep8-perl-recommends-packages.all /home/minami/Documents/openkylin-riscv/test/libconfig-autoconf-perl/autodep8-perl-recommends-packages.all
autopkgtest-virt-qemu: DBG: ['cmdls', "(['/tmp/autopkgtest-qemu.ikf9lg0a/runcmd', 'sh', '-ec', 'cat </tmp/autopkgtest.7Kxeuk/autodep8-perl-recommends-packages.all'], ['cat'])"]
autopkgtest-virt-qemu: DBG: ['srcstdin', "<_io.BufferedReader name='/dev/null'>", 'deststdout', "<_io.BufferedWriter name='/home/minami/Documents/openkylin-riscv/test/libconfig-autoconf-perl/autodep8-perl-recommends-packages.all'>", 'devnull_read', <_io.BufferedReader name='/dev/null'>]
autopkgtest-virt-qemu: DBG:  +< /tmp/autopkgtest-qemu.ikf9lg0a/runcmd sh -ec cat </tmp/autopkgtest.7Kxeuk/autodep8-perl-recommends-packages.all
autopkgtest-virt-qemu: DBG:  +> cat
autopkgtest-virt-qemu: DBG:  +>?
autopkgtest-virt-qemu: DBG:  +<?
autopkgtest: DBG: got reply from testbed: ok
autopkgtest: DBG: testbed command ['test', '-e', '/tmp/autopkgtest.7Kxeuk/build.Wlu/src'], kind short, sout raw, serr raw, env []
autopkgtest: DBG: testbed command exited with code 0
autopkgtest: DBG: copydown: tb path /tmp/autopkgtest.7Kxeuk/build.Wlu/src already exists
autopkgtest [17:48:28]: test autodep8-perl-recommends: /usr/share/pkg-perl-autopkgtest/runner runtime-deps-and-recommends
autopkgtest [17:48:28]: test autodep8-perl-recommends: [-----------------------
autopkgtest: DBG: testbed command ['su', '-s', '/bin/bash', 'openkylin', '-c', 'set -e; export USER=`id -nu`; . /etc/profile >/dev/null 2>&1 || true;  . ~/.profile >/dev/null 2>&1 || true; buildtree="/tmp/autopkgtest.7Kxeuk/build.Wlu/src"; mkdir -p -m 1777 -- "/tmp/autopkgtest.7Kxeuk/autodep8-perl-recommends-artifacts"; export AUTOPKGTEST_ARTIFACTS="/tmp/autopkgtest.7Kxeuk/autodep8-perl-recommends-artifacts"; export ADT_ARTIFACTS="$AUTOPKGTEST_ARTIFACTS"; mkdir -p -m 755 "/tmp/autopkgtest.7Kxeuk/autopkgtest_tmp"; export AUTOPKGTEST_TMP="/tmp/autopkgtest.7Kxeuk/autopkgtest_tmp"; export ADTTMP="$AUTOPKGTEST_TMP"; export DEBIAN_FRONTEND=noninteractive; export LANG=C.UTF-8; export DEB_BUILD_OPTIONS=parallel=8; unset LANGUAGE LC_CTYPE LC_NUMERIC LC_TIME LC_COLLATE   LC_MONETARY LC_MESSAGES LC_PAPER LC_NAME LC_ADDRESS   LC_TELEPHONE LC_MEASUREMENT LC_IDENTIFICATION LC_ALL;cd "$buildtree"; exec /tmp/autopkgtest.7Kxeuk/wrapper.sh --script-pid-file=/tmp/autopkgtest_script_pid --stderr=/tmp/autopkgtest.7Kxeuk/autodep8-perl-recommends-stderr --stdout=/tmp/autopkgtest.7Kxeuk/autodep8-perl-recommends-stdout -- bash -ec \'/usr/share/pkg-perl-autopkgtest/runner runtime-deps-and-recommends\' ;'], kind test, sout raw, serr raw, env []
/usr/share/pkg-perl-autopkgtest/runtime-deps-and-recommends.d/syntax.t .. 
1..4
ok 1 - Package libconfig-autoconf-perl is known to dpkg
ok 2 - Got status information for package libconfig-autoconf-perl
ok 3 - Got file list for package libconfig-autoconf-perl
# Subtest: all modules in libconfig-autoconf-perl pass the syntax check
    1..1
    ok 1 - /usr/bin/perl -wc /usr/share/perl5/Config/AutoConf.pm exited successfully
ok 4 - all modules in libconfig-autoconf-perl pass the syntax check
ok
All tests successful.
Files=1, Tests=4,  3 wallclock secs ( 0.24 usr  0.07 sys +  1.90 cusr  0.64 csys =  2.85 CPU)
Result: PASS
autopkgtest: DBG: testbed command exited with code 0
autopkgtest [17:48:35]: test autodep8-perl-recommends: -----------------------]
autopkgtest: DBG: testbed executing test finished with exit status 0
autopkgtest: DBG: sending command to testbed: copyup /tmp/autopkgtest.7Kxeuk/autodep8-perl-recommends-stdout /home/minami/Documents/openkylin-riscv/test/libconfig-autoconf-perl/autodep8-perl-recommends-stdout
autopkgtest-virt-qemu: DBG: executing copyup /tmp/autopkgtest.7Kxeuk/autodep8-perl-recommends-stdout /home/minami/Documents/openkylin-riscv/test/libconfig-autoconf-perl/autodep8-perl-recommends-stdout
autopkgtest-virt-qemu: DBG: ['cmdls', "(['/tmp/autopkgtest-qemu.ikf9lg0a/runcmd', 'sh', '-ec', 'cat </tmp/autopkgtest.7Kxeuk/autodep8-perl-recommends-stdout'], ['cat'])"]
autopkgtest-virt-qemu: DBG: ['srcstdin', "<_io.BufferedReader name='/dev/null'>", 'deststdout', "<_io.BufferedWriter name='/home/minami/Documents/openkylin-riscv/test/libconfig-autoconf-perl/autodep8-perl-recommends-stdout'>", 'devnull_read', <_io.BufferedReader name='/dev/null'>]
autopkgtest-virt-qemu: DBG:  +< /tmp/autopkgtest-qemu.ikf9lg0a/runcmd sh -ec cat </tmp/autopkgtest.7Kxeuk/autodep8-perl-recommends-stdout
autopkgtest-virt-qemu: DBG:  +> cat
autopkgtest-virt-qemu: DBG:  +>?
autopkgtest-virt-qemu: DBG:  +<?
autopkgtest: DBG: got reply from testbed: ok
autopkgtest: DBG: sending command to testbed: copyup /tmp/autopkgtest.7Kxeuk/autodep8-perl-recommends-stderr /home/minami/Documents/openkylin-riscv/test/libconfig-autoconf-perl/autodep8-perl-recommends-stderr
autopkgtest-virt-qemu: DBG: executing copyup /tmp/autopkgtest.7Kxeuk/autodep8-perl-recommends-stderr /home/minami/Documents/openkylin-riscv/test/libconfig-autoconf-perl/autodep8-perl-recommends-stderr
autopkgtest-virt-qemu: DBG: ['cmdls', "(['/tmp/autopkgtest-qemu.ikf9lg0a/runcmd', 'sh', '-ec', 'cat </tmp/autopkgtest.7Kxeuk/autodep8-perl-recommends-stderr'], ['cat'])"]
autopkgtest-virt-qemu: DBG: ['srcstdin', "<_io.BufferedReader name='/dev/null'>", 'deststdout', "<_io.BufferedWriter name='/home/minami/Documents/openkylin-riscv/test/libconfig-autoconf-perl/autodep8-perl-recommends-stderr'>", 'devnull_read', <_io.BufferedReader name='/dev/null'>]
autopkgtest-virt-qemu: DBG:  +< /tmp/autopkgtest-qemu.ikf9lg0a/runcmd sh -ec cat </tmp/autopkgtest.7Kxeuk/autodep8-perl-recommends-stderr
autopkgtest-virt-qemu: DBG:  +> cat
autopkgtest-virt-qemu: DBG:  +>?
autopkgtest-virt-qemu: DBG:  +<?
autopkgtest: DBG: got reply from testbed: ok
autopkgtest [17:48:37]: test autodep8-perl-recommends:  - - - - - - - - - - results - - - - - - - - - -
autodep8-perl-recommends PASS (superficial)
autopkgtest: DBG: sending command to testbed: copyup /tmp/autopkgtest.7Kxeuk/autodep8-perl-recommends-artifacts/ /home/minami/Documents/openkylin-riscv/test/libconfig-autoconf-perl/artifacts/
autopkgtest-virt-qemu: DBG: executing copyup /tmp/autopkgtest.7Kxeuk/autodep8-perl-recommends-artifacts/ /home/minami/Documents/openkylin-riscv/test/libconfig-autoconf-perl/artifacts/
autopkgtest-virt-qemu: DBG: ['cmdls', "(['/tmp/autopkgtest-qemu.ikf9lg0a/runcmd', 'sh', '-ec', 'cd /tmp/autopkgtest.7Kxeuk/autodep8-perl-recommends-artifacts/; tar --warning=none -c . -f -'], ['tar', '--directory', '/home/minami/Documents/openkylin-riscv/test/libconfig-autoconf-perl/artifacts/', '--warning=none', '--preserve-permissions', '--extract', '--no-same-owner', '-f', '-'])"]
autopkgtest-virt-qemu: DBG: ['srcstdin', "<_io.BufferedReader name='/dev/null'>", 'deststdout', "<_io.BufferedReader name='/dev/null'>", 'devnull_read', <_io.BufferedReader name='/dev/null'>]
autopkgtest-virt-qemu: DBG:  +< /tmp/autopkgtest-qemu.ikf9lg0a/runcmd sh -ec cd /tmp/autopkgtest.7Kxeuk/autodep8-perl-recommends-artifacts/; tar --warning=none -c . -f -
autopkgtest-virt-qemu: DBG:  +> tar --directory /home/minami/Documents/openkylin-riscv/test/libconfig-autoconf-perl/artifacts/ --warning=none --preserve-permissions --extract --no-same-owner -f -
autopkgtest-virt-qemu: DBG:  +>?
autopkgtest-virt-qemu: DBG:  +<?
autopkgtest: DBG: got reply from testbed: ok
autopkgtest: DBG: testbed command ['rm', '-rf', '/tmp/autopkgtest.7Kxeuk/autodep8-perl-recommends-artifacts', '/tmp/autopkgtest.7Kxeuk/autopkgtest_tmp'], kind short, sout raw, serr pipe, env []
autopkgtest: DBG: testbed command exited with code 0
autopkgtest: DBG: needs_reset, previously=False, requested by run_tests() line 208
autopkgtest [17:48:37]: @@@@@@@@@@@@@@@@@@@@ summary
autodep8-perl-build-deps PASS
autodep8-perl        PASS (superficial)
autodep8-perl-recommends PASS (superficial)
autopkgtest: DBG: testbed stop
autopkgtest: DBG: testbed close, scratch=/tmp/autopkgtest.7Kxeuk
autopkgtest: DBG: sending command to testbed: close
autopkgtest-virt-qemu: DBG: executing close
autopkgtest-virt-qemu: DBG: cleanup...
qemu-system-riscv64: terminating on signal 15 from pid 3433784 (/usr/bin/python3)
autopkgtest: DBG: got reply from testbed: ok
autopkgtest: DBG: sending command to testbed: quit
autopkgtest-virt-qemu: DBG: executing quit
autopkgtest-virt-qemu: DBG: cleanup...
