t/changes.t .. skipped: Test::CPAN::Changes required for this test
t/tags.t ..... 
1..6
ok 1 - tttags{SCRIPT}
ok 2 - ttnames{LANGUAGE}
ok 3 - ttnames{LANGUAGE} Dhivehi
ok 4 - ttnames{FEATURE}
ok 5 - iso639{atv}
ok 6 - iso639{ALT}
ok
t/ttfcopy.t .. 
1..4
ok 1
ok 2
ok 3
ok 4
ok
All tests successful.
Files=3, Tests=10,  5 wallclock secs ( 0.26 usr  0.14 sys +  3.17 cusr  0.93 csys =  4.50 CPU)
Result: PASS
