t/0-basic.t ................. 
1..5
ok 1
ok 2
ok 3
ok 4
ok 5
ok
t/z_kwalitee.t .............. skipped: This test is only run for the module author
t/z_manifest.t .............. skipped: requires a git checkout and a unix for git and diff
t/z_meta.t .................. skipped: This test is only run for the module author
t/z_perl_minimum_version.t .. skipped: Author tests not required for installation
All tests successful.
Files=5, Tests=5,  5 wallclock secs ( 0.32 usr  0.17 sys +  3.20 cusr  1.06 csys =  4.75 CPU)
Result: PASS
