autopkgtest: DBG: testbed init
autopkgtest [23:12:17]: starting date and time: 2023-02-19 23:12:17+0800
autopkgtest [23:12:17]: version 5.28
autopkgtest [23:12:17]: host debian; command line: /usr/bin/autopkgtest /home/minami/Documents/openkylin-riscv/src/libdevel-declare-perl_0.006022-ok1.dsc -o /home/minami/Documents/openkylin-riscv/test/libdevel-declare-perl -d -B -- qemu -u root -p openkylin --qemu-architecture=riscv64 -c 8 --ram-size=8192 -d '--qemu-options=-machine virt -kernel /home/minami/Documents/ukylin/u-boot.bin' /home/minami/Documents/openkylin-riscv/testing.qcow2
autopkgtest: DBG: got reply from testbed: ok
autopkgtest: DBG: testbed open, scratch=None
autopkgtest: DBG: sending command to testbed: open
autopkgtest-virt-qemu: DBG: executing open
autopkgtest-virt-qemu: DBG: find_free_port: trying 10022
autopkgtest-virt-qemu: DBG: find_free_port: 10022 is free
autopkgtest-virt-qemu: DBG: autopkgtest does not know how to boot this machine, hopefully nothing special needs to be done?
autopkgtest-virt-qemu: DBG: qemu architecture: riscv64
autopkgtest-virt-qemu: DBG: qemu command: qemu-system-riscv64
autopkgtest-virt-qemu: DBG: execute-timeout: qemu-img info --output=json /home/minami/Documents/openkylin-riscv/testing.qcow2
autopkgtest-virt-qemu: DBG: Creating temporary overlay image in /tmp/autopkgtest-qemu.z06jislr/overlay.img
autopkgtest-virt-qemu: DBG: execute-timeout: qemu-img create -f qcow2 -F qcow2 -b /home/minami/Documents/openkylin-riscv/testing.qcow2 /tmp/autopkgtest-qemu.z06jislr/overlay.img
autopkgtest-virt-qemu: DBG: Forwarding local port 10022 to VM ssh port 22
autopkgtest-virt-qemu: DBG: Assuming nothing special needs to be done to set up firmware to boot this machine (boot method: none)
autopkgtest-virt-qemu: DBG: full qemu command-line: ['qemu-system-riscv64', '-m', '8192', '-smp', '8', '-nographic', '-device', 'virtio-net-device,netdev=usernet', '-netdev', 'user,id=usernet,hostfwd=tcp:127.0.0.1:10022-:22', '-object', 'rng-random,filename=/dev/urandom,id=rng0', '-device', 'virtio-rng-pci,rng=rng0,id=rng-device0', '-monitor', 'unix:/tmp/autopkgtest-qemu.z06jislr/monitor,server=on,wait=off', '-virtfs', 'local,id=autopkgtest,path=/tmp/autopkgtest-qemu.z06jislr/shared,security_model=none,mount_tag=autopkgtest', '-device', 'virtio-serial', '-chardev', 'socket,path=/tmp/autopkgtest-qemu.z06jislr/hvc0,server=on,wait=off,id=hvc0', '-device', 'virtconsole,chardev=hvc0', '-chardev', 'socket,path=/tmp/autopkgtest-qemu.z06jislr/hvc1,server=on,wait=off,id=hvc1', '-device', 'virtconsole,chardev=hvc1', '-serial', 'unix:/tmp/autopkgtest-qemu.z06jislr/ttyS0,server=on,wait=off', '-drive', 'index=0,file=/tmp/autopkgtest-qemu.z06jislr/overlay.img,format=qcow2,cache=unsafe,if=virtio,discard=unmap', '-machine', 'virt', '-kernel', '/home/minami/Documents/ukylin/u-boot.bin']
autopkgtest-virt-qemu: DBG: expect: b' login: '
autopkgtest-virt-qemu: DBG: expect: found "'login prompt on serial console'"
autopkgtest-virt-qemu: DBG: expect: b'ok'
autopkgtest-virt-qemu: DBG: expect: found "b'ok'"
autopkgtest-virt-qemu: DBG: setup_shell(): there already is a shell on hvc1
qemu-system-riscv64: warning: 9p: degraded performance: a reasonable high msize should be chosen on client/guest side (chosen msize is <= 8192). See https://wiki.qemu.org/Documentation/9psetup#msize for details.
autopkgtest-virt-qemu: DBG: expect: b'fd1eb125-15e3-42e8-a0d7-6aa7609a9a72[1]'
autopkgtest-virt-qemu: DBG: expect: found "b'fd1eb125-15e3-42e8-a0d7-6aa7609a9a72[1]'"
autopkgtest-virt-qemu: DBG: expect: b'fd1eb125-15e3-42e8-a0d7-6aa7609a9a72[2]'
autopkgtest-virt-qemu: DBG: expect: found "b'fd1eb125-15e3-42e8-a0d7-6aa7609a9a72[2]'"
autopkgtest-virt-qemu: DBG: expect: b'fd1eb125-15e3-42e8-a0d7-6aa7609a9a72[3]'
autopkgtest-virt-qemu: DBG: expect: found "b'fd1eb125-15e3-42e8-a0d7-6aa7609a9a72[3]'"
autopkgtest-virt-qemu: DBG: expect: b'/python'
autopkgtest-virt-qemu: DBG: expect: found "b'/python'"
autopkgtest-virt-qemu: DBG: expect: b'# '
autopkgtest-virt-qemu: DBG: expect: found "b'# '"
autopkgtest-virt-qemu: DBG: expect: b'fd1eb125-15e3-42e8-a0d7-6aa7609a9a72[4]'
autopkgtest-virt-qemu: DBG: expect: found "b'fd1eb125-15e3-42e8-a0d7-6aa7609a9a72[4]'"
autopkgtest-virt-qemu: DBG: execute-timeout: /tmp/autopkgtest-qemu.z06jislr/runcmd true
autopkgtest-virt-qemu: DBG: can connect to autopkgtest sh in VM
autopkgtest-virt-qemu: DBG: expect: b'fd1eb125-15e3-42e8-a0d7-6aa7609a9a72[5]'
autopkgtest-virt-qemu: DBG: expect: found "b'fd1eb125-15e3-42e8-a0d7-6aa7609a9a72[5]'"
autopkgtest-virt-qemu: DBG: determine_normal_user: got user "openkylin"
autopkgtest-virt-qemu: DBG: auxverb = ['/tmp/autopkgtest-qemu.z06jislr/runcmd'], downtmp = None
autopkgtest-virt-qemu: DBG: execute-timeout: /tmp/autopkgtest-qemu.z06jislr/runcmd mktemp --directory --tmpdir autopkgtest.XXXXXX
autopkgtest-virt-qemu: DBG: execute-timeout: /tmp/autopkgtest-qemu.z06jislr/runcmd chmod 1777 /tmp/autopkgtest.W75EGO
autopkgtest: DBG: got reply from testbed: ok /tmp/autopkgtest.W75EGO
autopkgtest: DBG: sending command to testbed: print-execute-command
autopkgtest-virt-qemu: DBG: executing print-execute-command
autopkgtest: DBG: got reply from testbed: ok /tmp/autopkgtest-qemu.z06jislr/runcmd
autopkgtest: DBG: sending command to testbed: capabilities
autopkgtest-virt-qemu: DBG: executing capabilities
autopkgtest: DBG: got reply from testbed: ok isolation-machine reboot revert revert-full-system root-on-testbed suggested-normal-user=openkylin
autopkgtest: DBG: testbed capabilities: ['isolation-machine', 'reboot', 'revert', 'revert-full-system', 'root-on-testbed', 'suggested-normal-user=openkylin', 'has_internet']
autopkgtest: DBG: testbed command ['mkdir', '-p', '/tmp/autopkgtest.W75EGO'], kind short, sout raw, serr pipe, env []
autopkgtest: DBG: testbed command exited with code 0
autopkgtest: DBG: sending command to testbed: copydown /usr/share/autopkgtest/lib/in-testbed/wrapper.sh /tmp/autopkgtest.W75EGO/wrapper.sh
autopkgtest-virt-qemu: DBG: executing copydown /usr/share/autopkgtest/lib/in-testbed/wrapper.sh /tmp/autopkgtest.W75EGO/wrapper.sh
autopkgtest-virt-qemu: DBG: ['cmdls', "(['cat'], ['/tmp/autopkgtest-qemu.z06jislr/runcmd', 'sh', '-ec', 'cat >/tmp/autopkgtest.W75EGO/wrapper.sh; chmod +x -- /tmp/autopkgtest.W75EGO/wrapper.sh'])"]
autopkgtest-virt-qemu: DBG: ['srcstdin', "<_io.BufferedReader name='/usr/share/autopkgtest/lib/in-testbed/wrapper.sh'>", 'deststdout', "<_io.BufferedReader name='/dev/null'>", 'devnull_read', <_io.BufferedReader name='/dev/null'>]
autopkgtest-virt-qemu: DBG:  +< cat
autopkgtest-virt-qemu: DBG:  +> /tmp/autopkgtest-qemu.z06jislr/runcmd sh -ec cat >/tmp/autopkgtest.W75EGO/wrapper.sh; chmod +x -- /tmp/autopkgtest.W75EGO/wrapper.sh
autopkgtest-virt-qemu: DBG:  +>?
autopkgtest-virt-qemu: DBG:  +<?
autopkgtest: DBG: got reply from testbed: ok
autopkgtest: DBG: testbed command ['chmod', '-R', '0755', '--', '/tmp/autopkgtest.W75EGO/wrapper.sh'], kind short, sout raw, serr pipe, env []
autopkgtest: DBG: testbed command exited with code 0
autopkgtest: DBG: testbed command ['dpkg', '--print-architecture'], kind short, sout pipe, serr pipe, env []
autopkgtest: DBG: testbed command exited with code 0
autopkgtest [23:13:05]: testbed dpkg architecture: riscv64
autopkgtest: DBG: testbed command ['sh', '-ec', 'command -v eatmydata'], kind short, sout pipe, serr pipe, env []
autopkgtest: DBG: testbed command exited with code 127
autopkgtest: DBG: testbed command ['sh', '-ec', 'command -v dpkg-query'], kind short, sout pipe, serr pipe, env []
autopkgtest: DBG: testbed command exited with code 0
autopkgtest: DBG: testbed command ['sh', '-ec', "dpkg-query --show -f '${Package}\\t${Version}\\n' > /tmp/autopkgtest.W75EGO/testbed-packages"], kind short, sout raw, serr pipe, env []
autopkgtest: DBG: testbed command exited with code 0
autopkgtest: DBG: sending command to testbed: copyup /tmp/autopkgtest.W75EGO/testbed-packages /home/minami/Documents/openkylin-riscv/test/libdevel-declare-perl/testbed-packages
autopkgtest-virt-qemu: DBG: executing copyup /tmp/autopkgtest.W75EGO/testbed-packages /home/minami/Documents/openkylin-riscv/test/libdevel-declare-perl/testbed-packages
autopkgtest-virt-qemu: DBG: ['cmdls', "(['/tmp/autopkgtest-qemu.z06jislr/runcmd', 'sh', '-ec', 'cat </tmp/autopkgtest.W75EGO/testbed-packages'], ['cat'])"]
autopkgtest-virt-qemu: DBG: ['srcstdin', "<_io.BufferedReader name='/dev/null'>", 'deststdout', "<_io.BufferedWriter name='/home/minami/Documents/openkylin-riscv/test/libdevel-declare-perl/testbed-packages'>", 'devnull_read', <_io.BufferedReader name='/dev/null'>]
autopkgtest-virt-qemu: DBG:  +< /tmp/autopkgtest-qemu.z06jislr/runcmd sh -ec cat </tmp/autopkgtest.W75EGO/testbed-packages
autopkgtest-virt-qemu: DBG:  +> cat
autopkgtest-virt-qemu: DBG:  +>?
autopkgtest-virt-qemu: DBG:  +<?
autopkgtest: DBG: got reply from testbed: ok
autopkgtest: DBG: testbed supports reboot, creating /tmp/autopkgtest-reboot
autopkgtest: DBG: testbed command ['mkdir', '-p', '/tmp/autopkgtest.W75EGO'], kind short, sout raw, serr pipe, env []
autopkgtest: DBG: testbed command exited with code 0
autopkgtest: DBG: sending command to testbed: copydown /usr/share/autopkgtest/lib/in-testbed/reboot.sh /tmp/autopkgtest.W75EGO/autopkgtest-reboot
autopkgtest-virt-qemu: DBG: executing copydown /usr/share/autopkgtest/lib/in-testbed/reboot.sh /tmp/autopkgtest.W75EGO/autopkgtest-reboot
autopkgtest-virt-qemu: DBG: ['cmdls', "(['cat'], ['/tmp/autopkgtest-qemu.z06jislr/runcmd', 'sh', '-ec', 'cat >/tmp/autopkgtest.W75EGO/autopkgtest-reboot; chmod +x -- /tmp/autopkgtest.W75EGO/autopkgtest-reboot'])"]
autopkgtest-virt-qemu: DBG: ['srcstdin', "<_io.BufferedReader name='/usr/share/autopkgtest/lib/in-testbed/reboot.sh'>", 'deststdout', "<_io.BufferedReader name='/dev/null'>", 'devnull_read', <_io.BufferedReader name='/dev/null'>]
autopkgtest-virt-qemu: DBG:  +< cat
autopkgtest-virt-qemu: DBG:  +> /tmp/autopkgtest-qemu.z06jislr/runcmd sh -ec cat >/tmp/autopkgtest.W75EGO/autopkgtest-reboot; chmod +x -- /tmp/autopkgtest.W75EGO/autopkgtest-reboot
autopkgtest-virt-qemu: DBG:  +>?
autopkgtest-virt-qemu: DBG:  +<?
autopkgtest: DBG: got reply from testbed: ok
autopkgtest: DBG: testbed command ['chmod', '-R', '0755', '--', '/tmp/autopkgtest.W75EGO/autopkgtest-reboot'], kind short, sout raw, serr pipe, env []
autopkgtest: DBG: testbed command exited with code 0
autopkgtest: DBG: testbed command ['ln', '-fns', '/tmp/autopkgtest.W75EGO/autopkgtest-reboot', '/tmp/autopkgtest-reboot'], kind short, sout raw, serr pipe, env []
autopkgtest: DBG: testbed command exited with code 0
autopkgtest: DBG: testbed command ['ln', '-fns', '/tmp/autopkgtest.W75EGO/autopkgtest-reboot', '/sbin/autopkgtest-reboot'], kind short, sout raw, serr pipe, env []
autopkgtest: DBG: testbed command exited with code 0
autopkgtest: DBG: testbed command ['mkdir', '-p', '/tmp/autopkgtest.W75EGO'], kind short, sout raw, serr pipe, env []
autopkgtest: DBG: testbed command exited with code 0
autopkgtest: DBG: sending command to testbed: copydown /usr/share/autopkgtest/lib/in-testbed/reboot-prepare.sh /tmp/autopkgtest.W75EGO/autopkgtest-reboot-prepare
autopkgtest-virt-qemu: DBG: executing copydown /usr/share/autopkgtest/lib/in-testbed/reboot-prepare.sh /tmp/autopkgtest.W75EGO/autopkgtest-reboot-prepare
autopkgtest-virt-qemu: DBG: ['cmdls', "(['cat'], ['/tmp/autopkgtest-qemu.z06jislr/runcmd', 'sh', '-ec', 'cat >/tmp/autopkgtest.W75EGO/autopkgtest-reboot-prepare; chmod +x -- /tmp/autopkgtest.W75EGO/autopkgtest-reboot-prepare'])"]
autopkgtest-virt-qemu: DBG: ['srcstdin', "<_io.BufferedReader name='/usr/share/autopkgtest/lib/in-testbed/reboot-prepare.sh'>", 'deststdout', "<_io.BufferedReader name='/dev/null'>", 'devnull_read', <_io.BufferedReader name='/dev/null'>]
autopkgtest-virt-qemu: DBG:  +< cat
autopkgtest-virt-qemu: DBG:  +> /tmp/autopkgtest-qemu.z06jislr/runcmd sh -ec cat >/tmp/autopkgtest.W75EGO/autopkgtest-reboot-prepare; chmod +x -- /tmp/autopkgtest.W75EGO/autopkgtest-reboot-prepare
autopkgtest-virt-qemu: DBG:  +>?
autopkgtest-virt-qemu: DBG:  +<?
autopkgtest: DBG: got reply from testbed: ok
autopkgtest: DBG: testbed command ['chmod', '-R', '0755', '--', '/tmp/autopkgtest.W75EGO/autopkgtest-reboot-prepare'], kind short, sout raw, serr pipe, env []
autopkgtest: DBG: testbed command exited with code 0
autopkgtest: DBG: testbed command ['ln', '-fns', '/tmp/autopkgtest.W75EGO/autopkgtest-reboot-prepare', '/tmp/autopkgtest-reboot-prepare'], kind short, sout raw, serr pipe, env []
autopkgtest: DBG: testbed command exited with code 0
autopkgtest: DBG: testbed command ['uname', '-srv'], kind short, sout pipe, serr pipe, env []
autopkgtest: DBG: testbed command exited with code 0
autopkgtest [23:13:13]: testbed running kernel: Linux 5.11.0-1030-generic #34 SMP Fri Mar 11 15:27:17 CST 2022
autopkgtest: DBG: testbed command ['sh', '-c', 'nproc; cat /proc/cpuinfo 2>/dev/null || true'], kind short, sout pipe, serr pipe, env []
autopkgtest: DBG: testbed command exited with code 0
autopkgtest: DBG: Binaries: initialising
autopkgtest [23:13:13]: @@@@@@@@@@@@@@@@@@@@ source /home/minami/Documents/openkylin-riscv/src/libdevel-declare-perl_0.006022-ok1.dsc
autopkgtest: DBG: blame += /home/minami/Documents/openkylin-riscv/src/libdevel-declare-perl_0.006022-ok1.dsc
autopkgtest: DBG: testbed reset: modified=False, deps_installed=[], deps_new=[]
autopkgtest: DBG: testbed command ['mkdir', '-p', '/tmp/autopkgtest.W75EGO'], kind short, sout raw, serr pipe, env []
autopkgtest: DBG: testbed command exited with code 0
autopkgtest: DBG: sending command to testbed: copydown /home/minami/Documents/openkylin-riscv/src/libdevel-declare-perl_0.006022-ok1.dsc /tmp/autopkgtest.W75EGO/libdevel-declare-perl_0.006022-ok1.dsc
autopkgtest-virt-qemu: DBG: executing copydown /home/minami/Documents/openkylin-riscv/src/libdevel-declare-perl_0.006022-ok1.dsc /tmp/autopkgtest.W75EGO/libdevel-declare-perl_0.006022-ok1.dsc
autopkgtest-virt-qemu: DBG: ['cmdls', "(['cat'], ['/tmp/autopkgtest-qemu.z06jislr/runcmd', 'sh', '-ec', 'cat >/tmp/autopkgtest.W75EGO/libdevel-declare-perl_0.006022-ok1.dsc'])"]
autopkgtest-virt-qemu: DBG: ['srcstdin', "<_io.BufferedReader name='/home/minami/Documents/openkylin-riscv/src/libdevel-declare-perl_0.006022-ok1.dsc'>", 'deststdout', "<_io.BufferedReader name='/dev/null'>", 'devnull_read', <_io.BufferedReader name='/dev/null'>]
autopkgtest-virt-qemu: DBG:  +< cat
autopkgtest-virt-qemu: DBG:  +> /tmp/autopkgtest-qemu.z06jislr/runcmd sh -ec cat >/tmp/autopkgtest.W75EGO/libdevel-declare-perl_0.006022-ok1.dsc
autopkgtest-virt-qemu: DBG:  +>?
autopkgtest-virt-qemu: DBG:  +<?
autopkgtest: DBG: got reply from testbed: ok
autopkgtest: DBG: testbed command ['chown', '-R', 'openkylin', '--', '/tmp/autopkgtest.W75EGO/libdevel-declare-perl_0.006022-ok1.dsc'], kind short, sout raw, serr pipe, env []
autopkgtest: DBG: testbed command exited with code 0
autopkgtest: DBG: testbed command ['mkdir', '-p', '/tmp/autopkgtest.W75EGO'], kind short, sout raw, serr pipe, env []
autopkgtest: DBG: testbed command exited with code 0
autopkgtest: DBG: sending command to testbed: copydown /home/minami/Documents/openkylin-riscv/src/libdevel-declare-perl_0.006022.orig.tar.gz /tmp/autopkgtest.W75EGO/libdevel-declare-perl_0.006022.orig.tar.gz
autopkgtest-virt-qemu: DBG: executing copydown /home/minami/Documents/openkylin-riscv/src/libdevel-declare-perl_0.006022.orig.tar.gz /tmp/autopkgtest.W75EGO/libdevel-declare-perl_0.006022.orig.tar.gz
autopkgtest-virt-qemu: DBG: ['cmdls', "(['cat'], ['/tmp/autopkgtest-qemu.z06jislr/runcmd', 'sh', '-ec', 'cat >/tmp/autopkgtest.W75EGO/libdevel-declare-perl_0.006022.orig.tar.gz'])"]
autopkgtest-virt-qemu: DBG: ['srcstdin', "<_io.BufferedReader name='/home/minami/Documents/openkylin-riscv/src/libdevel-declare-perl_0.006022.orig.tar.gz'>", 'deststdout', "<_io.BufferedReader name='/dev/null'>", 'devnull_read', <_io.BufferedReader name='/dev/null'>]
autopkgtest-virt-qemu: DBG:  +< cat
autopkgtest-virt-qemu: DBG:  +> /tmp/autopkgtest-qemu.z06jislr/runcmd sh -ec cat >/tmp/autopkgtest.W75EGO/libdevel-declare-perl_0.006022.orig.tar.gz
autopkgtest-virt-qemu: DBG:  +>?
autopkgtest-virt-qemu: DBG:  +<?
autopkgtest: DBG: got reply from testbed: ok
autopkgtest: DBG: testbed command ['chown', '-R', 'openkylin', '--', '/tmp/autopkgtest.W75EGO/libdevel-declare-perl_0.006022.orig.tar.gz'], kind short, sout raw, serr pipe, env []
autopkgtest: DBG: testbed command exited with code 0
autopkgtest: DBG: testbed command ['mkdir', '-p', '/tmp/autopkgtest.W75EGO'], kind short, sout raw, serr pipe, env []
autopkgtest: DBG: testbed command exited with code 0
autopkgtest: DBG: sending command to testbed: copydown /home/minami/Documents/openkylin-riscv/src/libdevel-declare-perl_0.006022-ok1.debian.tar.xz /tmp/autopkgtest.W75EGO/libdevel-declare-perl_0.006022-ok1.debian.tar.xz
autopkgtest-virt-qemu: DBG: executing copydown /home/minami/Documents/openkylin-riscv/src/libdevel-declare-perl_0.006022-ok1.debian.tar.xz /tmp/autopkgtest.W75EGO/libdevel-declare-perl_0.006022-ok1.debian.tar.xz
autopkgtest-virt-qemu: DBG: ['cmdls', "(['cat'], ['/tmp/autopkgtest-qemu.z06jislr/runcmd', 'sh', '-ec', 'cat >/tmp/autopkgtest.W75EGO/libdevel-declare-perl_0.006022-ok1.debian.tar.xz'])"]
autopkgtest-virt-qemu: DBG: ['srcstdin', "<_io.BufferedReader name='/home/minami/Documents/openkylin-riscv/src/libdevel-declare-perl_0.006022-ok1.debian.tar.xz'>", 'deststdout', "<_io.BufferedReader name='/dev/null'>", 'devnull_read', <_io.BufferedReader name='/dev/null'>]
autopkgtest-virt-qemu: DBG:  +< cat
autopkgtest-virt-qemu: DBG:  +> /tmp/autopkgtest-qemu.z06jislr/runcmd sh -ec cat >/tmp/autopkgtest.W75EGO/libdevel-declare-perl_0.006022-ok1.debian.tar.xz
autopkgtest-virt-qemu: DBG:  +>?
autopkgtest-virt-qemu: DBG:  +<?
autopkgtest: DBG: got reply from testbed: ok
autopkgtest: DBG: testbed command ['chown', '-R', 'openkylin', '--', '/tmp/autopkgtest.W75EGO/libdevel-declare-perl_0.006022-ok1.debian.tar.xz'], kind short, sout raw, serr pipe, env []
autopkgtest: DBG: testbed command exited with code 0
autopkgtest: DBG: install_deps: deps_new=[]
autopkgtest: DBG: testbed command ['sh', '-ec', 'command -v dpkg-source'], kind short, sout pipe, serr pipe, env []
autopkgtest: DBG: testbed command exited with code 0
autopkgtest: DBG: testbed command ['sh', '-ec', 'su --shell=/bin/sh openkylin -c \'set -e; exec 3>&1 >&2; set -x; cd /; builddir=$(mktemp -d /tmp/autopkgtest.W75EGO/build.XXX); cd $builddir; dpkg-source -x "/tmp/autopkgtest.W75EGO/libdevel-declare-perl_0.006022-ok1.dsc" src; chmod -R a+rX .; cd [a-z0-9]*/.; pwd >&3; sed -n "1 {s/).*//; s/ (/\\n/; p}" debian/changelog >&3\''], kind build, sout pipe, serr raw, env []
+ cd /
+ mktemp -d /tmp/autopkgtest.W75EGO/build.XXX
+ builddir=/tmp/autopkgtest.W75EGO/build.eRT
+ cd /tmp/autopkgtest.W75EGO/build.eRT
+ dpkg-source -x /tmp/autopkgtest.W75EGO/libdevel-declare-perl_0.006022-ok1.dsc src
gpgv: unknown type of key resource 'trustedkeys.kbx'
gpgv: keyblock resource '/tmp/dpkg-verify-sig.Ljr7FLiQ/trustedkeys.kbx': General error
gpgv: Signature made Fri 30 Sep 2022 07:43:14 AM UTC
gpgv:                using RSA key 64FBB79F5EAE64D792E94CFE0716F00F842CD274
gpgv: Can't check signature: No public key
dpkg-source: warning: cannot verify signature /tmp/autopkgtest.W75EGO/libdevel-declare-perl_0.006022-ok1.dsc
dpkg-source: info: extracting libdevel-declare-perl in src
dpkg-source: info: unpacking libdevel-declare-perl_0.006022.orig.tar.gz
dpkg-source: info: unpacking libdevel-declare-perl_0.006022-ok1.debian.tar.xz
+ chmod -R a+rX .
+ cd src/.
+ pwd
+ sed -n 1 {s/).*//; s/ (/\n/; p} debian/changelog
autopkgtest: DBG: testbed command exited with code 0
autopkgtest [23:13:23]: testing package libdevel-declare-perl version 0.006022-ok1
autopkgtest: DBG: sending command to testbed: copyup /tmp/autopkgtest.W75EGO/build.eRT/src/debian/ /home/minami/Documents/openkylin-riscv/test/libdevel-declare-perl/pkg/debian/
autopkgtest-virt-qemu: DBG: executing copyup /tmp/autopkgtest.W75EGO/build.eRT/src/debian/ /home/minami/Documents/openkylin-riscv/test/libdevel-declare-perl/pkg/debian/
autopkgtest-virt-qemu: DBG: ['cmdls', "(['/tmp/autopkgtest-qemu.z06jislr/runcmd', 'sh', '-ec', 'cd /tmp/autopkgtest.W75EGO/build.eRT/src/debian/; tar --warning=none -c . -f -'], ['tar', '--directory', '/home/minami/Documents/openkylin-riscv/test/libdevel-declare-perl/pkg/debian/', '--warning=none', '--preserve-permissions', '--extract', '--no-same-owner', '-f', '-'])"]
autopkgtest-virt-qemu: DBG: ['srcstdin', "<_io.BufferedReader name='/dev/null'>", 'deststdout', "<_io.BufferedReader name='/dev/null'>", 'devnull_read', <_io.BufferedReader name='/dev/null'>]
autopkgtest-virt-qemu: DBG:  +< /tmp/autopkgtest-qemu.z06jislr/runcmd sh -ec cd /tmp/autopkgtest.W75EGO/build.eRT/src/debian/; tar --warning=none -c . -f -
autopkgtest-virt-qemu: DBG:  +> tar --directory /home/minami/Documents/openkylin-riscv/test/libdevel-declare-perl/pkg/debian/ --warning=none --preserve-permissions --extract --no-same-owner -f -
autopkgtest-virt-qemu: DBG:  +>?
autopkgtest-virt-qemu: DBG:  +<?
autopkgtest: DBG: got reply from testbed: ok
autopkgtest: DBG: autodep8 failed to generate control (exit status 1): 
autopkgtest [23:13:24]: build not needed
autopkgtest: DBG: sending command to testbed: copyup /tmp/autopkgtest.W75EGO/build.eRT/src/ /home/minami/Documents/openkylin-riscv/test/libdevel-declare-perl/tests-tree/
autopkgtest-virt-qemu: DBG: executing copyup /tmp/autopkgtest.W75EGO/build.eRT/src/ /home/minami/Documents/openkylin-riscv/test/libdevel-declare-perl/tests-tree/
autopkgtest-virt-qemu: DBG: ['cmdls', "(['/tmp/autopkgtest-qemu.z06jislr/runcmd', 'sh', '-ec', 'cd /tmp/autopkgtest.W75EGO/build.eRT/src/; tar --warning=none -c . -f -'], ['tar', '--directory', '/home/minami/Documents/openkylin-riscv/test/libdevel-declare-perl/tests-tree/', '--warning=none', '--preserve-permissions', '--extract', '--no-same-owner', '-f', '-'])"]
autopkgtest-virt-qemu: DBG: ['srcstdin', "<_io.BufferedReader name='/dev/null'>", 'deststdout', "<_io.BufferedReader name='/dev/null'>", 'devnull_read', <_io.BufferedReader name='/dev/null'>]
autopkgtest-virt-qemu: DBG:  +< /tmp/autopkgtest-qemu.z06jislr/runcmd sh -ec cd /tmp/autopkgtest.W75EGO/build.eRT/src/; tar --warning=none -c . -f -
autopkgtest-virt-qemu: DBG:  +> tar --directory /home/minami/Documents/openkylin-riscv/test/libdevel-declare-perl/tests-tree/ --warning=none --preserve-permissions --extract --no-same-owner -f -
autopkgtest-virt-qemu: DBG:  +>?
autopkgtest-virt-qemu: DBG:  +<?
autopkgtest: DBG: got reply from testbed: ok
autopkgtest: DBG: autodep8 generated control: -----
Test-Command: /usr/share/pkg-perl-autopkgtest/runner build-deps
Depends: @, @builddeps@, pkg-perl-autopkgtest, 
Restrictions: skippable, 
Features: test-name=autodep8-perl-build-deps


Test-Command: /usr/share/pkg-perl-autopkgtest/runner runtime-deps
Depends: @, pkg-perl-autopkgtest, 
Restrictions: skippable, superficial, 
Features: test-name=autodep8-perl


Test-Command: /usr/share/pkg-perl-autopkgtest/runner runtime-deps-and-recommends
Depends: @, pkg-perl-autopkgtest, 
Restrictions: needs-recommends, skippable, superficial, 
Features: test-name=autodep8-perl-recommends


-------
autopkgtest: DBG: processing dependency @
autopkgtest: DBG: synthesised dependency libdevel-declare-perl
autopkgtest: DBG: processing dependency @builddeps@
autopkgtest: DBG: synthesised dependency debhelper-compat (= 13)
autopkgtest: DBG: synthesised dependency libb-hooks-endofscope-perl
autopkgtest: DBG: synthesised dependency libb-hooks-op-check-perl
autopkgtest: DBG: synthesised dependency libextutils-depends-perl
autopkgtest: DBG: synthesised dependency libsub-name-perl
autopkgtest: DBG: synthesised dependency libtest-requires-perl
autopkgtest: DBG: synthesised dependency libtest-warn-perl
autopkgtest: DBG: synthesised dependency perl-xs-dev
autopkgtest: DBG: synthesised dependency perl:native
autopkgtest: DBG: synthesised dependency build-essential
autopkgtest: DBG: processing dependency pkg-perl-autopkgtest
autopkgtest: DBG: Test defined: name autodep8-perl-build-deps path None command "/usr/share/pkg-perl-autopkgtest/runner build-deps" restrictions ['skippable'] features ['test-name=autodep8-perl-build-deps'] depends ['libdevel-declare-perl', 'debhelper-compat (= 13)', 'libb-hooks-endofscope-perl', 'libb-hooks-op-check-perl', 'libextutils-depends-perl', 'libsub-name-perl', 'libtest-requires-perl', 'libtest-warn-perl', 'perl-xs-dev', 'perl:native', 'build-essential', 'pkg-perl-autopkgtest'] 
autopkgtest: DBG: processing dependency @
autopkgtest: DBG: synthesised dependency libdevel-declare-perl
autopkgtest: DBG: processing dependency pkg-perl-autopkgtest
autopkgtest: DBG: Test defined: name autodep8-perl path None command "/usr/share/pkg-perl-autopkgtest/runner runtime-deps" restrictions ['skippable', 'superficial'] features ['test-name=autodep8-perl'] depends ['libdevel-declare-perl', 'pkg-perl-autopkgtest'] 
autopkgtest: DBG: processing dependency @
autopkgtest: DBG: synthesised dependency libdevel-declare-perl
autopkgtest: DBG: processing dependency pkg-perl-autopkgtest
autopkgtest: DBG: processing dependency @recommends@
autopkgtest: DBG: Test defined: name autodep8-perl-recommends path None command "/usr/share/pkg-perl-autopkgtest/runner runtime-deps-and-recommends" restrictions ['needs-recommends', 'skippable', 'superficial'] features ['test-name=autodep8-perl-recommends'] depends ['libdevel-declare-perl', 'pkg-perl-autopkgtest'] 
autopkgtest [23:13:24]: test autodep8-perl-build-deps: preparing testbed
autopkgtest: DBG: testbed reset: modified=False, deps_installed=[], deps_new=['libdevel-declare-perl', 'debhelper-compat (= 13)', 'libb-hooks-endofscope-perl', 'libb-hooks-op-check-perl', 'libextutils-depends-perl', 'libsub-name-perl', 'libtest-requires-perl', 'libtest-warn-perl', 'perl-xs-dev', 'perl:native', 'build-essential', 'pkg-perl-autopkgtest']
autopkgtest: DBG: Binaries: no registered binaries, not publishing anything
autopkgtest: DBG: install_deps: deps_new=['libdevel-declare-perl', 'debhelper-compat (= 13)', 'libb-hooks-endofscope-perl', 'libb-hooks-op-check-perl', 'libextutils-depends-perl', 'libsub-name-perl', 'libtest-requires-perl', 'libtest-warn-perl', 'perl-xs-dev', 'perl:native', 'build-essential', 'pkg-perl-autopkgtest']
autopkgtest: DBG: install-deps: satisfying libdevel-declare-perl, debhelper-compat (= 13), libb-hooks-endofscope-perl, libb-hooks-op-check-perl, libextutils-depends-perl, libsub-name-perl, libtest-requires-perl, libtest-warn-perl, perl-xs-dev, perl:native, build-essential, pkg-perl-autopkgtest
autopkgtest: DBG: install-deps: architecture resolved: libdevel-declare-perl, debhelper-compat (= 13), libb-hooks-endofscope-perl, libb-hooks-op-check-perl, libextutils-depends-perl, libsub-name-perl, libtest-requires-perl, libtest-warn-perl, perl-xs-dev, perl, build-essential, pkg-perl-autopkgtest
autopkgtest: DBG: testbed command ['test', '-w', '/var/lib/dpkg/status'], kind short, sout raw, serr raw, env []
autopkgtest: DBG: testbed command exited with code 0
autopkgtest: DBG: can use apt-get on testbed: True
autopkgtest: DBG: testbed command ['mkdir', '-p', '/tmp/autopkgtest.W75EGO'], kind short, sout raw, serr pipe, env []
autopkgtest: DBG: testbed command exited with code 0
autopkgtest: DBG: sending command to testbed: copydown /home/minami/Documents/openkylin-riscv/test/libdevel-declare-perl/1-autopkgtest-satdep.deb /tmp/autopkgtest.W75EGO/1-autopkgtest-satdep.deb
autopkgtest-virt-qemu: DBG: executing copydown /home/minami/Documents/openkylin-riscv/test/libdevel-declare-perl/1-autopkgtest-satdep.deb /tmp/autopkgtest.W75EGO/1-autopkgtest-satdep.deb
autopkgtest-virt-qemu: DBG: ['cmdls', "(['cat'], ['/tmp/autopkgtest-qemu.z06jislr/runcmd', 'sh', '-ec', 'cat >/tmp/autopkgtest.W75EGO/1-autopkgtest-satdep.deb'])"]
autopkgtest-virt-qemu: DBG: ['srcstdin', "<_io.BufferedReader name='/home/minami/Documents/openkylin-riscv/test/libdevel-declare-perl/1-autopkgtest-satdep.deb'>", 'deststdout', "<_io.BufferedReader name='/dev/null'>", 'devnull_read', <_io.BufferedReader name='/dev/null'>]
autopkgtest-virt-qemu: DBG:  +< cat
autopkgtest-virt-qemu: DBG:  +> /tmp/autopkgtest-qemu.z06jislr/runcmd sh -ec cat >/tmp/autopkgtest.W75EGO/1-autopkgtest-satdep.deb
autopkgtest-virt-qemu: DBG:  +>?
autopkgtest-virt-qemu: DBG:  +<?
autopkgtest: DBG: got reply from testbed: ok
autopkgtest: DBG: testbed command ['chown', '-R', 'openkylin', '--', '/tmp/autopkgtest.W75EGO/1-autopkgtest-satdep.deb'], kind short, sout raw, serr pipe, env []
autopkgtest: DBG: testbed command exited with code 0
autopkgtest: DBG: testbed command ['dpkg', '--unpack', '/tmp/autopkgtest.W75EGO/1-autopkgtest-satdep.deb'], kind short, sout pipe, serr pipe, env []
autopkgtest: DBG: testbed command exited with code 0
autopkgtest: DBG: testbed command ['/bin/sh', '-ec', ' apt-get install --assume-yes --fix-broken -o APT::Status-Fd=3 -o APT::Install-Recommends=false -o Dpkg::Options::=--force-confnew -o Debug::pkgProblemResolver=true 3>&2 2>&1'], kind install, sout raw, serr pipe, env ['DEBIAN_FRONTEND=noninteractive', 'APT_LISTBUGS_FRONTEND=none', 'APT_LISTCHANGES_FRONTEND=none']
Reading package lists...
Building dependency tree...
Reading state information...
Correcting dependencies...Starting pkgProblemResolver with broken count: 0
Starting 2 pkgProblemResolver with broken count: 0
Done
 Done
Starting pkgProblemResolver with broken count: 0
Starting 2 pkgProblemResolver with broken count: 0
Done
The following packages were automatically installed and are no longer required:
  libdjvulibre-text libdjvulibre21 libegl-dev libgl-dev libglu1-mesa-dev
  libglx-dev libmpdec2 libvulkan-dev libx11-dev libxau-dev libxcb1-dev
  libxdmcp-dev libxext-dev qt5-qmake qt5-qmake-bin x11proto-core-dev
  x11proto-dev xorg-sgml-doctools xtrans-dev
Use 'apt autoremove' to remove them.
The following additional packages will be installed:
  autoconf autodep8 automake autopoint autotools-dev build-essential
  dctrl-tools debhelper debugedit dh-autoreconf dh-strip-nondeterminism dwz
  g++ g++-9 gcc gcc-9 intltool-debian libarchive-zip-perl
  libb-hooks-endofscope-perl libb-hooks-op-check-perl libcc1-0
  libdebhelper-perl libdevel-callchecker-perl libdevel-declare-perl
  libdynaloader-functions-perl libextutils-depends-perl
  libfile-stripnondeterminism-perl libmodule-implementation-perl
  libmodule-runtime-perl libparams-classify-perl libperl-dev libsigsegv2
  libsub-exporter-progressive-perl libsub-name-perl libsub-override-perl
  libsub-uplevel-perl libtest-requires-perl libtest-warn-perl libtool
  libtry-tiny-perl libvariable-magic-perl m4 pkg-perl-autopkgtest po-debconf
Suggested packages:
  autoconf-archive gnu-standards autoconf-doc debtags dh-make gcc-9-doc bison
  flex gcc-doc gcc-multilib gdb manpages-dev gcc-9-locales
  libscalar-number-perl libtool-doc gfortran | fortran95-compiler gcj-jdk
  m4-doc libmail-box-perl
Recommended packages:
  libarchive-cpio-perl libltdl-dev libmail-sendmail-perl
The following NEW packages will be installed:
  autoconf autodep8 automake autopoint autotools-dev build-essential
  dctrl-tools debhelper debugedit dh-autoreconf dh-strip-nondeterminism dwz
  g++ g++-9 gcc gcc-9 intltool-debian libarchive-zip-perl
  libb-hooks-endofscope-perl libb-hooks-op-check-perl libcc1-0
  libdebhelper-perl libdevel-callchecker-perl libdevel-declare-perl
  libdynaloader-functions-perl libextutils-depends-perl
  libfile-stripnondeterminism-perl libmodule-implementation-perl
  libmodule-runtime-perl libparams-classify-perl libperl-dev libsigsegv2
  libsub-exporter-progressive-perl libsub-name-perl libsub-override-perl
  libsub-uplevel-perl libtest-requires-perl libtest-warn-perl libtool
  libtry-tiny-perl libvariable-magic-perl m4 pkg-perl-autopkgtest po-debconf
0 upgraded, 44 newly installed, 0 to remove and 18 not upgraded.
1 not fully installed or removed.
Need to get 21.4 MB of archives.
After this operation, 65.4 MB of additional disk space will be used.
Get:1 http://archive.build.openkylin.top/openkylin yangtze/main riscv64 libb-hooks-op-check-perl riscv64 0.22-ok2 [13.4 kB]
Get:2 http://archive.build.openkylin.top/openkylin yangtze/main riscv64 libdynaloader-functions-perl all 0.003-ok2 [11.8 kB]
Get:3 http://archive.build.openkylin.top/openkylin yangtze/main riscv64 libdevel-callchecker-perl riscv64 0.008-ok3 [13.5 kB]
Get:4 http://archive.build.openkylin.top/openkylin yangtze/main riscv64 libparams-classify-perl riscv64 0.015-ok2 [19.4 kB]
Get:5 http://archive.build.openkylin.top/openkylin yangtze/main riscv64 libmodule-runtime-perl all 0.016-ok2 [15.3 kB]
Get:6 http://archive.build.openkylin.top/openkylin yangtze/main riscv64 libtry-tiny-perl all 0.31-ok1 [20.5 kB]
Get:7 http://ppa.build.openkylin.top/kylinsoft/anything/openkylin yangtze/main riscv64 libextutils-depends-perl all 0.8000-ok1 [14.2 kB]
Get:8 http://archive.build.openkylin.top/openkylin yangtze/main riscv64 libmodule-implementation-perl all 0.09-ok2 [11.5 kB]
Get:9 http://archive.build.openkylin.top/openkylin yangtze/main riscv64 libsub-exporter-progressive-perl all 0.001013-ok2 [12.8 kB]
Get:10 http://archive.build.openkylin.top/openkylin yangtze/main riscv64 libvariable-magic-perl riscv64 0.62-ok2 [33.5 kB]
Get:11 http://archive.build.openkylin.top/openkylin yangtze/main riscv64 libb-hooks-endofscope-perl all 0.26-ok1 [20.7 kB]
Get:12 http://archive.build.openkylin.top/openkylin yangtze/main riscv64 libsub-name-perl riscv64 0.26-ok2 [14.5 kB]
Get:13 http://archive.build.openkylin.top/openkylin yangtze/main riscv64 libdevel-declare-perl riscv64 0.006022-ok1 [37.0 kB]
Get:14 http://archive.build.openkylin.top/openkylin yangtze/main riscv64 autotools-dev all 20220506-ok1 [41.6 kB]
Get:15 http://archive.build.openkylin.top/openkylin yangtze/main riscv64 debugedit riscv64 1:5.0-ok1 [71.2 kB]
Get:16 http://archive.build.openkylin.top/openkylin yangtze/main riscv64 libsigsegv2 riscv64 2.12-ok1 [11.5 kB]
Get:17 http://archive.build.openkylin.top/openkylin yangtze/main riscv64 m4 riscv64 1.4.18-ok2 [191 kB]
Get:18 http://archive.build.openkylin.top/openkylin yangtze/main riscv64 autoconf all 2.71-ok2 [390 kB]
Get:19 http://ppa.build.openkylin.top/kylinsoft/anything/openkylin yangtze/main riscv64 autodep8 all 0.22-ok1 [10.1 kB]
Get:20 http://ppa.build.openkylin.top/kylinsoft/anything/openkylin yangtze/main riscv64 pkg-perl-autopkgtest all 0.59-ok1 [8,208 B]
Get:21 http://archive.build.openkylin.top/openkylin yangtze/main riscv64 automake all 1:1.16.5-ok1 [557 kB]
Get:22 http://archive.build.openkylin.top/openkylin yangtze/main riscv64 autopoint all 0.19.8.1-ok1 [410 kB]
Get:23 http://archive.build.openkylin.top/openkylin yangtze/main riscv64 libdebhelper-perl all 13.6-ok1 [61.4 kB]
Get:24 http://archive.build.openkylin.top/openkylin yangtze/main riscv64 libcc1-0 riscv64 10-20200411-ok5 [42.3 kB]
Get:25 http://archive.build.openkylin.top/openkylin yangtze/main riscv64 gcc-9 riscv64 9.3.0-ok4 [7,417 kB]
Get:26 http://archive.build.openkylin.top/openkylin yangtze/main riscv64 gcc riscv64 4:9.3.0-ok7 [5,160 B]
Get:27 http://archive.build.openkylin.top/openkylin yangtze/main riscv64 libtool all 2.4.6-ok1 [159 kB]
Get:28 http://archive.build.openkylin.top/openkylin yangtze/main riscv64 dh-autoreconf all 20-ok1 [16.3 kB]
Get:29 http://archive.build.openkylin.top/openkylin yangtze/main riscv64 libarchive-zip-perl all 1.68-ok1 [90.7 kB]
Get:30 http://archive.build.openkylin.top/openkylin yangtze/main riscv64 libsub-override-perl all 0.09-ok2 [8,374 B]
Get:31 http://archive.build.openkylin.top/openkylin yangtze/main riscv64 libfile-stripnondeterminism-perl all 1.13.0-ok1 [16.8 kB]
Get:32 http://archive.build.openkylin.top/openkylin yangtze/main riscv64 dh-strip-nondeterminism all 1.13.0-ok1 [5,334 B]
Get:33 http://archive.build.openkylin.top/openkylin yangtze/main riscv64 dwz riscv64 0.14-ok1 [123 kB]
Get:34 http://archive.build.openkylin.top/openkylin yangtze/main riscv64 intltool-debian all 0.35.0+20060710.5-ok2 [23.2 kB]
Get:35 http://archive.build.openkylin.top/openkylin yangtze/main riscv64 po-debconf all 1.0.21+nmu1-ok1 [227 kB]
Get:36 http://archive.build.openkylin.top/openkylin yangtze/main riscv64 debhelper all 13.6-ok1 [931 kB]
Get:37 http://archive.build.openkylin.top/openkylin yangtze/main riscv64 libtest-requires-perl all 0.11-ok2 [11.9 kB]
Get:38 http://archive.build.openkylin.top/openkylin yangtze/main riscv64 libsub-uplevel-perl all 0.2800-ok2 [17.7 kB]
Get:39 http://archive.build.openkylin.top/openkylin yangtze/main riscv64 libtest-warn-perl all 0.37-ok2 [12.2 kB]
Get:40 http://archive.build.openkylin.top/openkylin yangtze/main riscv64 libperl-dev riscv64 5.30.0-ok3 [2,644 kB]
Get:41 http://archive.build.openkylin.top/openkylin yangtze/main riscv64 g++-9 riscv64 9.3.0-ok4 [7,571 kB]
Get:42 http://archive.build.openkylin.top/openkylin yangtze/main riscv64 g++ riscv64 4:9.3.0-ok7 [1,470 B]
Get:43 http://archive.build.openkylin.top/openkylin yangtze/main riscv64 build-essential riscv64 12.8-ok1 [4,000 B]
Get:44 http://archive.build.openkylin.top/openkylin yangtze/main riscv64 dctrl-tools riscv64 2.24-ok1 [55.6 kB]
Fetched 21.4 MB in 3s (6,262 kB/s)
Selecting previously unselected package libb-hooks-op-check-perl:riscv64.
(Reading database ... (Reading database ... 5%(Reading database ... 10%(Reading database ... 15%(Reading database ... 20%(Reading database ... 25%(Reading database ... 30%(Reading database ... 35%(Reading database ... 40%(Reading database ... 45%(Reading database ... 50%(Reading database ... 55%(Reading database ... 60%(Reading database ... 65%(Reading database ... 70%(Reading database ... 75%(Reading database ... 80%(Reading database ... 85%(Reading database ... 90%(Reading database ... 95%(Reading database ... 100%(Reading database ... 161111 files and directories currently installed.)
Preparing to unpack .../00-libb-hooks-op-check-perl_0.22-ok2_riscv64.deb ...
Unpacking libb-hooks-op-check-perl:riscv64 (0.22-ok2) ...
Selecting previously unselected package libdynaloader-functions-perl.
Preparing to unpack .../01-libdynaloader-functions-perl_0.003-ok2_all.deb ...
Unpacking libdynaloader-functions-perl (0.003-ok2) ...
Selecting previously unselected package libdevel-callchecker-perl.
Preparing to unpack .../02-libdevel-callchecker-perl_0.008-ok3_riscv64.deb ...
Unpacking libdevel-callchecker-perl (0.008-ok3) ...
Selecting previously unselected package libparams-classify-perl:riscv64.
Preparing to unpack .../03-libparams-classify-perl_0.015-ok2_riscv64.deb ...
Unpacking libparams-classify-perl:riscv64 (0.015-ok2) ...
Selecting previously unselected package libmodule-runtime-perl.
Preparing to unpack .../04-libmodule-runtime-perl_0.016-ok2_all.deb ...
Unpacking libmodule-runtime-perl (0.016-ok2) ...
Selecting previously unselected package libtry-tiny-perl.
Preparing to unpack .../05-libtry-tiny-perl_0.31-ok1_all.deb ...
Unpacking libtry-tiny-perl (0.31-ok1) ...
Selecting previously unselected package libmodule-implementation-perl.
Preparing to unpack .../06-libmodule-implementation-perl_0.09-ok2_all.deb ...
Unpacking libmodule-implementation-perl (0.09-ok2) ...
Selecting previously unselected package libsub-exporter-progressive-perl.
Preparing to unpack .../07-libsub-exporter-progressive-perl_0.001013-ok2_all.deb ...
Unpacking libsub-exporter-progressive-perl (0.001013-ok2) ...
Selecting previously unselected package libvariable-magic-perl.
Preparing to unpack .../08-libvariable-magic-perl_0.62-ok2_riscv64.deb ...
Unpacking libvariable-magic-perl (0.62-ok2) ...
Selecting previously unselected package libb-hooks-endofscope-perl.
Preparing to unpack .../09-libb-hooks-endofscope-perl_0.26-ok1_all.deb ...
Unpacking libb-hooks-endofscope-perl (0.26-ok1) ...
Selecting previously unselected package libsub-name-perl:riscv64.
Preparing to unpack .../10-libsub-name-perl_0.26-ok2_riscv64.deb ...
Unpacking libsub-name-perl:riscv64 (0.26-ok2) ...
Selecting previously unselected package libdevel-declare-perl.
Preparing to unpack .../11-libdevel-declare-perl_0.006022-ok1_riscv64.deb ...
Unpacking libdevel-declare-perl (0.006022-ok1) ...
Selecting previously unselected package autotools-dev.
Preparing to unpack .../12-autotools-dev_20220506-ok1_all.deb ...
Unpacking autotools-dev (20220506-ok1) ...
Selecting previously unselected package debugedit.
Preparing to unpack .../13-debugedit_1%3a5.0-ok1_riscv64.deb ...
Unpacking debugedit (1:5.0-ok1) ...
Selecting previously unselected package libsigsegv2:riscv64.
Preparing to unpack .../14-libsigsegv2_2.12-ok1_riscv64.deb ...
Unpacking libsigsegv2:riscv64 (2.12-ok1) ...
Selecting previously unselected package m4.
Preparing to unpack .../15-m4_1.4.18-ok2_riscv64.deb ...
Unpacking m4 (1.4.18-ok2) ...
Selecting previously unselected package autoconf.
Preparing to unpack .../16-autoconf_2.71-ok2_all.deb ...
Unpacking autoconf (2.71-ok2) ...
Selecting previously unselected package automake.
Preparing to unpack .../17-automake_1%3a1.16.5-ok1_all.deb ...
Unpacking automake (1:1.16.5-ok1) ...
Selecting previously unselected package autopoint.
Preparing to unpack .../18-autopoint_0.19.8.1-ok1_all.deb ...
Unpacking autopoint (0.19.8.1-ok1) ...
Selecting previously unselected package libdebhelper-perl.
Preparing to unpack .../19-libdebhelper-perl_13.6-ok1_all.deb ...
Unpacking libdebhelper-perl (13.6-ok1) ...
Selecting previously unselected package libcc1-0:riscv64.
Preparing to unpack .../20-libcc1-0_10-20200411-ok5_riscv64.deb ...
Unpacking libcc1-0:riscv64 (10-20200411-ok5) ...
Selecting previously unselected package gcc-9.
Preparing to unpack .../21-gcc-9_9.3.0-ok4_riscv64.deb ...
Unpacking gcc-9 (9.3.0-ok4) ...
Selecting previously unselected package gcc.
Preparing to unpack .../22-gcc_4%3a9.3.0-ok7_riscv64.deb ...
Unpacking gcc (4:9.3.0-ok7) ...
Selecting previously unselected package libtool.
Preparing to unpack .../23-libtool_2.4.6-ok1_all.deb ...
Unpacking libtool (2.4.6-ok1) ...
Selecting previously unselected package dh-autoreconf.
Preparing to unpack .../24-dh-autoreconf_20-ok1_all.deb ...
Unpacking dh-autoreconf (20-ok1) ...
Selecting previously unselected package libarchive-zip-perl.
Preparing to unpack .../25-libarchive-zip-perl_1.68-ok1_all.deb ...
Unpacking libarchive-zip-perl (1.68-ok1) ...
Selecting previously unselected package libsub-override-perl.
Preparing to unpack .../26-libsub-override-perl_0.09-ok2_all.deb ...
Unpacking libsub-override-perl (0.09-ok2) ...
Selecting previously unselected package libfile-stripnondeterminism-perl.
Preparing to unpack .../27-libfile-stripnondeterminism-perl_1.13.0-ok1_all.deb ...
Unpacking libfile-stripnondeterminism-perl (1.13.0-ok1) ...
Selecting previously unselected package dh-strip-nondeterminism.
Preparing to unpack .../28-dh-strip-nondeterminism_1.13.0-ok1_all.deb ...
Unpacking dh-strip-nondeterminism (1.13.0-ok1) ...
Selecting previously unselected package dwz.
Preparing to unpack .../29-dwz_0.14-ok1_riscv64.deb ...
Unpacking dwz (0.14-ok1) ...
Selecting previously unselected package intltool-debian.
Preparing to unpack .../30-intltool-debian_0.35.0+20060710.5-ok2_all.deb ...
Unpacking intltool-debian (0.35.0+20060710.5-ok2) ...
Selecting previously unselected package po-debconf.
Preparing to unpack .../31-po-debconf_1.0.21+nmu1-ok1_all.deb ...
Unpacking po-debconf (1.0.21+nmu1-ok1) ...
Selecting previously unselected package debhelper.
Preparing to unpack .../32-debhelper_13.6-ok1_all.deb ...
Unpacking debhelper (13.6-ok1) ...
Selecting previously unselected package libextutils-depends-perl.
Preparing to unpack .../33-libextutils-depends-perl_0.8000-ok1_all.deb ...
Unpacking libextutils-depends-perl (0.8000-ok1) ...
Selecting previously unselected package libtest-requires-perl.
Preparing to unpack .../34-libtest-requires-perl_0.11-ok2_all.deb ...
Unpacking libtest-requires-perl (0.11-ok2) ...
Selecting previously unselected package libsub-uplevel-perl.
Preparing to unpack .../35-libsub-uplevel-perl_0.2800-ok2_all.deb ...
Unpacking libsub-uplevel-perl (0.2800-ok2) ...
Selecting previously unselected package libtest-warn-perl.
Preparing to unpack .../36-libtest-warn-perl_0.37-ok2_all.deb ...
Unpacking libtest-warn-perl (0.37-ok2) ...
Selecting previously unselected package libperl-dev:riscv64.
Preparing to unpack .../37-libperl-dev_5.30.0-ok3_riscv64.deb ...
Unpacking libperl-dev:riscv64 (5.30.0-ok3) ...
Selecting previously unselected package g++-9.
Preparing to unpack .../38-g++-9_9.3.0-ok4_riscv64.deb ...
Unpacking g++-9 (9.3.0-ok4) ...
Selecting previously unselected package g++.
Preparing to unpack .../39-g++_4%3a9.3.0-ok7_riscv64.deb ...
Unpacking g++ (4:9.3.0-ok7) ...
Selecting previously unselected package build-essential.
Preparing to unpack .../40-build-essential_12.8-ok1_riscv64.deb ...
Unpacking build-essential (12.8-ok1) ...
Selecting previously unselected package dctrl-tools.
Preparing to unpack .../41-dctrl-tools_2.24-ok1_riscv64.deb ...
Unpacking dctrl-tools (2.24-ok1) ...
Selecting previously unselected package autodep8.
Preparing to unpack .../42-autodep8_0.22-ok1_all.deb ...
Unpacking autodep8 (0.22-ok1) ...
Selecting previously unselected package pkg-perl-autopkgtest.
Preparing to unpack .../43-pkg-perl-autopkgtest_0.59-ok1_all.deb ...
Unpacking pkg-perl-autopkgtest (0.59-ok1) ...
Setting up libdynaloader-functions-perl (0.003-ok2) ...
Setting up libarchive-zip-perl (1.68-ok1) ...
Setting up libdebhelper-perl (13.6-ok1) ...
Setting up libtry-tiny-perl (0.31-ok1) ...
Setting up libperl-dev:riscv64 (5.30.0-ok3) ...
Setting up libextutils-depends-perl (0.8000-ok1) ...
Setting up intltool-debian (0.35.0+20060710.5-ok2) ...
Setting up autotools-dev (20220506-ok1) ...
Setting up libsigsegv2:riscv64 (2.12-ok1) ...
Setting up libtest-requires-perl (0.11-ok2) ...
Setting up libvariable-magic-perl (0.62-ok2) ...
Setting up autopoint (0.19.8.1-ok1) ...
Setting up libb-hooks-op-check-perl:riscv64 (0.22-ok2) ...
Setting up libsub-exporter-progressive-perl (0.001013-ok2) ...
Setting up libsub-name-perl:riscv64 (0.26-ok2) ...
Setting up dwz (0.14-ok1) ...
Setting up debugedit (1:5.0-ok1) ...
Setting up libsub-uplevel-perl (0.2800-ok2) ...
Setting up libsub-override-perl (0.09-ok2) ...
Setting up libcc1-0:riscv64 (10-20200411-ok5) ...
Setting up dctrl-tools (2.24-ok1) ...
Setting up autodep8 (0.22-ok1) ...
Setting up libfile-stripnondeterminism-perl (1.13.0-ok1) ...
Setting up gcc-9 (9.3.0-ok4) ...
Setting up libtool (2.4.6-ok1) ...
Setting up libtest-warn-perl (0.37-ok2) ...
Setting up po-debconf (1.0.21+nmu1-ok1) ...
Setting up m4 (1.4.18-ok2) ...
Setting up libdevel-callchecker-perl (0.008-ok3) ...
Setting up gcc (4:9.3.0-ok7) ...
Setting up g++-9 (9.3.0-ok4) ...
Setting up pkg-perl-autopkgtest (0.59-ok1) ...
Setting up autoconf (2.71-ok2) ...
Setting up dh-strip-nondeterminism (1.13.0-ok1) ...
Setting up g++ (4:9.3.0-ok7) ...
update-alternatives: using /usr/bin/g++ to provide /usr/bin/c++ (c++) in auto mode
Setting up build-essential (12.8-ok1) ...
Setting up automake (1:1.16.5-ok1) ...
update-alternatives: using /usr/bin/automake-1.16 to provide /usr/bin/automake (automake) in auto mode
Setting up libparams-classify-perl:riscv64 (0.015-ok2) ...
Setting up dh-autoreconf (20-ok1) ...
Setting up libmodule-runtime-perl (0.016-ok2) ...
Setting up libmodule-implementation-perl (0.09-ok2) ...
Setting up debhelper (13.6-ok1) ...
Setting up libb-hooks-endofscope-perl (0.26-ok1) ...
Setting up libdevel-declare-perl (0.006022-ok1) ...
Setting up autopkgtest-satdep (0) ...
Processing triggers for man-db (2.9.1-ok3) ...
Processing triggers for install-info (6.7.0.dfsg.2-ok1) ...
Processing triggers for libc-bin (2.36-ok2) ...
autopkgtest: DBG: testbed command exited with code 0
autopkgtest: DBG: testbed command ['dpkg-query', '--show', '-f', '${Status}', 'libdevel-declare-perl'], kind short, sout pipe, serr pipe, env []
autopkgtest: DBG: testbed command exited with code 0
autopkgtest: DBG: testbed command ['dpkg', '--status', 'autopkgtest-satdep'], kind short, sout pipe, serr pipe, env []
autopkgtest: DBG: testbed command exited with code 0
autopkgtest: DBG: testbed command ['apt-get', '--simulate', '--quiet', '-o', 'APT::Get::Show-User-Simulation-Note=False', '--auto-remove', 'purge', 'autopkgtest-satdep'], kind short, sout pipe, serr pipe, env []
autopkgtest: DBG: testbed command exited with code 0
autopkgtest: DBG: Marking test dependencies as manually installed: pkg-perl-autopkgtest autodep8 dctrl-tools dh-autoreconf debhelper dh-strip-nondeterminism debugedit dwz po-debconf intltool-debian libfile-stripnondeterminism-perl libarchive-zip-perl libdevel-declare-perl libb-hooks-endofscope-perl libmodule-implementation-perl libmodule-runtime-perl libparams-classify-perl libdevel-callchecker-perl libb-hooks-op-check-perl libdebhelper-perl libdjvulibre21 libdjvulibre-text libdynaloader-functions-perl libegl-dev libextutils-depends-perl libglu1-mesa-dev libgl-dev libglx-dev libmpdec2 libperl-dev libsub-exporter-progressive-perl libsub-name-perl libsub-override-perl libtest-warn-perl libsub-uplevel-perl libtest-requires-perl libtry-tiny-perl libvariable-magic-perl libvulkan-dev libxext-dev libx11-dev libxcb1-dev libxau-dev libxdmcp-dev qt5-qmake qt5-qmake-bin x11proto-core-dev x11proto-dev xorg-sgml-doctools xtrans-dev
autopkgtest: DBG: testbed command ['apt-mark', 'manual', '-qq', 'pkg-perl-autopkgtest', 'autodep8', 'dctrl-tools', 'dh-autoreconf', 'debhelper', 'dh-strip-nondeterminism', 'debugedit', 'dwz', 'po-debconf', 'intltool-debian', 'libfile-stripnondeterminism-perl', 'libarchive-zip-perl', 'libdevel-declare-perl', 'libb-hooks-endofscope-perl', 'libmodule-implementation-perl', 'libmodule-runtime-perl', 'libparams-classify-perl', 'libdevel-callchecker-perl', 'libb-hooks-op-check-perl', 'libdebhelper-perl'], kind short, sout raw, serr pipe, env []
autopkgtest: DBG: testbed command exited with code 0
autopkgtest: DBG: testbed command ['apt-mark', 'manual', '-qq', 'libdjvulibre21', 'libdjvulibre-text', 'libdynaloader-functions-perl', 'libegl-dev', 'libextutils-depends-perl', 'libglu1-mesa-dev', 'libgl-dev', 'libglx-dev', 'libmpdec2', 'libperl-dev', 'libsub-exporter-progressive-perl', 'libsub-name-perl', 'libsub-override-perl', 'libtest-warn-perl', 'libsub-uplevel-perl', 'libtest-requires-perl', 'libtry-tiny-perl', 'libvariable-magic-perl', 'libvulkan-dev', 'libxext-dev'], kind short, sout raw, serr pipe, env []
autopkgtest: DBG: testbed command exited with code 0
autopkgtest: DBG: testbed command ['apt-mark', 'manual', '-qq', 'libx11-dev', 'libxcb1-dev', 'libxau-dev', 'libxdmcp-dev', 'qt5-qmake', 'qt5-qmake-bin', 'x11proto-core-dev', 'x11proto-dev', 'xorg-sgml-doctools', 'xtrans-dev'], kind short, sout raw, serr pipe, env []
autopkgtest: DBG: testbed command exited with code 0
autopkgtest: DBG: testbed command ['dpkg', '--purge', 'autopkgtest-satdep'], kind short, sout raw, serr raw, env []
(Reading database ... 162442 files and directories currently installed.)
Removing autopkgtest-satdep (0) ...
autopkgtest: DBG: testbed command exited with code 0
autopkgtest: DBG: testbed command ['sh', '-ec', 'command -v dpkg-query'], kind short, sout pipe, serr pipe, env []
autopkgtest: DBG: testbed command exited with code 0
autopkgtest: DBG: testbed command ['sh', '-ec', "dpkg-query --show -f '${Package}\\t${Version}\\n' > /tmp/autopkgtest.W75EGO/autodep8-perl-build-deps-packages.all"], kind short, sout raw, serr pipe, env []
autopkgtest: DBG: testbed command exited with code 0
autopkgtest: DBG: sending command to testbed: copyup /tmp/autopkgtest.W75EGO/autodep8-perl-build-deps-packages.all /home/minami/Documents/openkylin-riscv/test/libdevel-declare-perl/autodep8-perl-build-deps-packages.all
autopkgtest-virt-qemu: DBG: executing copyup /tmp/autopkgtest.W75EGO/autodep8-perl-build-deps-packages.all /home/minami/Documents/openkylin-riscv/test/libdevel-declare-perl/autodep8-perl-build-deps-packages.all
autopkgtest-virt-qemu: DBG: ['cmdls', "(['/tmp/autopkgtest-qemu.z06jislr/runcmd', 'sh', '-ec', 'cat </tmp/autopkgtest.W75EGO/autodep8-perl-build-deps-packages.all'], ['cat'])"]
autopkgtest-virt-qemu: DBG: ['srcstdin', "<_io.BufferedReader name='/dev/null'>", 'deststdout', "<_io.BufferedWriter name='/home/minami/Documents/openkylin-riscv/test/libdevel-declare-perl/autodep8-perl-build-deps-packages.all'>", 'devnull_read', <_io.BufferedReader name='/dev/null'>]
autopkgtest-virt-qemu: DBG:  +< /tmp/autopkgtest-qemu.z06jislr/runcmd sh -ec cat </tmp/autopkgtest.W75EGO/autodep8-perl-build-deps-packages.all
autopkgtest-virt-qemu: DBG:  +> cat
autopkgtest-virt-qemu: DBG:  +>?
autopkgtest-virt-qemu: DBG:  +<?
autopkgtest: DBG: got reply from testbed: ok
autopkgtest: DBG: testbed command ['test', '-e', '/tmp/autopkgtest.W75EGO/build.eRT/src'], kind short, sout raw, serr raw, env []
autopkgtest: DBG: testbed command exited with code 0
autopkgtest: DBG: copydown: tb path /tmp/autopkgtest.W75EGO/build.eRT/src already exists
autopkgtest [23:15:13]: test autodep8-perl-build-deps: /usr/share/pkg-perl-autopkgtest/runner build-deps
autopkgtest [23:15:13]: test autodep8-perl-build-deps: [-----------------------
autopkgtest: DBG: testbed command ['su', '-s', '/bin/bash', 'openkylin', '-c', 'set -e; export USER=`id -nu`; . /etc/profile >/dev/null 2>&1 || true;  . ~/.profile >/dev/null 2>&1 || true; buildtree="/tmp/autopkgtest.W75EGO/build.eRT/src"; mkdir -p -m 1777 -- "/tmp/autopkgtest.W75EGO/autodep8-perl-build-deps-artifacts"; export AUTOPKGTEST_ARTIFACTS="/tmp/autopkgtest.W75EGO/autodep8-perl-build-deps-artifacts"; export ADT_ARTIFACTS="$AUTOPKGTEST_ARTIFACTS"; mkdir -p -m 755 "/tmp/autopkgtest.W75EGO/autopkgtest_tmp"; export AUTOPKGTEST_TMP="/tmp/autopkgtest.W75EGO/autopkgtest_tmp"; export ADTTMP="$AUTOPKGTEST_TMP"; export DEBIAN_FRONTEND=noninteractive; export LANG=C.UTF-8; export DEB_BUILD_OPTIONS=parallel=8; unset LANGUAGE LC_CTYPE LC_NUMERIC LC_TIME LC_COLLATE   LC_MONETARY LC_MESSAGES LC_PAPER LC_NAME LC_ADDRESS   LC_TELEPHONE LC_MEASUREMENT LC_IDENTIFICATION LC_ALL;cd "$buildtree"; exec /tmp/autopkgtest.W75EGO/wrapper.sh --script-pid-file=/tmp/autopkgtest_script_pid --stderr=/tmp/autopkgtest.W75EGO/autodep8-perl-build-deps-stderr --stdout=/tmp/autopkgtest.W75EGO/autodep8-perl-build-deps-stdout -- bash -ec \'/usr/share/pkg-perl-autopkgtest/runner build-deps\' ;'], kind test, sout raw, serr raw, env []
t/00load.t ..................... 
1..1
ok 1 - use Devel::Declare;
ok
t/block_size.t ................. 
1..3
ok 1
ok 2
ok 3
ok
t/build_sub_installer.t ........ 
ok 1 - sub installer worked
1..1
ok
t/combi.t ...................... 
Useless assignment to a temporary at t/combi.t line 25.
ok 1 - Survived compilation
1..1
ok
t/ctx-simple-like-mxms.t ....... 
1..20
ok 1
ok 2
ok 3
ok 4
ok 5
ok 6
ok 7
ok 8
ok 9
ok 10
ok 11
ok 12
ok 13
ok 14
ok 15
ok 16
ok 17
ok 18
ok 19
ok 20
ok
t/ctx-simple.t ................. 
ok 1 - An object of class 'DeclareTest' isa 'DeclareTest'
ok 2 - @_ args ok
ok 3 - method with argument ok
ok 4 - declaration of package named method ok
ok 5 - multiline1 proto ok
ok 6 - multiline2 proto ok
ok 7 - multiline3 proto ok
ok 8 - extracting multiple traits
ok 9 - extract one trait without arguments
ok 10 - An object of class 'DeclareTest2' isa 'DeclareTest2'
ok 11 - absolute method declaration ok
ok 12 - anon method with @_ ok
ok 13 - anon method with proto ok
ok 14 - binding ok
1..14
ok
t/debug.t ...................... 
ok 1 - replaced line string visible in debug lines
1..1
ok
t/devel_callparser.t ........... skipped: Test requires module 'Devel::CallParser' but it's not found
t/early0.t ..................... 
1..1
ok 1 - injected
ok
t/early1.t ..................... 
1..1
ok 1 - injected
ok
t/early2.t ..................... 
1..2
ok 1 - injected
ok 2
ok
t/eval.t ....................... 
ok 1
1..1
ok
t/fail.t ....................... 
not ok 1 - Missing end parens # TODO Method does not throw proper errors for bad parens yet
#   Failed (TODO) test 'Missing end parens'
#   at t/fail.t line 17.
#                   'Not enough arguments for main::method at (eval 11) line 1, at EOF
# syntax error at (eval 11) line 1, at EOF
# '
#     doesn't match '(?^:Prototype\snot\sterminated)'
not ok 2 - Missing start parens # TODO Method does not throw proper errors for bad parens yet
#   Failed (TODO) test 'Missing start parens'
#   at t/fail.t line 20.
#                   'Not enough arguments for main::method at (eval 13) line 1, near "method  ) "
# syntax error at (eval 13) line 1, near "method  ) "
# '
#     doesn't match '(?^:Illegal\sdeclaration\sof\ssubroutine)'
not ok 3 - starting with a number # TODO method does not disallow invalid sub names
#   Failed (TODO) test 'starting with a number'
#   at t/fail.t line 27.
#                   ''
#     doesn't match '(?^:Illegal\sdeclaration\sof\sanonymous\ssubroutine)'
not ok 4 - with unicode # TODO method does not disallow invalid sub names
#   Failed (TODO) test 'with unicode'
#   at t/fail.t line 30.
#                   'Unrecognized character \xC3; marked by <-- HERE after method <-- HERE near column 8 at (eval 17) line 1.
# '
#     doesn't match '(?^:Illegal\sdeclaration\sof\ssubroutine\smain\:\:m)'
1..4
ok
t/filter0.t .................... 
1..2
ok 1
ok 2
ok
t/filter1.t .................... 
1..2
ok 1
ok 2
ok
t/lines.t ...................... skipped: Test requires module 'B::Compiling' but it's not found
t/load_module.t ................ 
1..1
ok 1
ok
t/methinstaller-simple.t ....... 
ok 1 # skip Need Devel::BeginLift for compile time methods
ok 2 - An object of class 'DeclareTest' isa 'DeclareTest'
ok 3 - @_ args ok
ok 4 - method with argument ok
ok 5 - declaration of package named method ok
ok 6 - code attributes intact
ok 7 - An object of class 'DeclareTest2' isa 'DeclareTest2'
ok 8 - absolute method declaration ok
ok 9 - anon method with @_ ok
ok 10 - anon method with proto ok
ok 11 - binding ok
1..11
ok
t/method-installer-redefine.t .. 
1..5
ok 1 - foo() not installed yet
ok 2 - foo() installed at runtime
ok 3
ok 4
ok 5
ok
t/method-installer-runtime.t ... 
1..2
ok 1 - foo() not installed yet
ok 2 - foo() installed at runtime
ok
t/method-no-semi.t ............. 
ok 1 - An object of class 'DeclareTest' isa 'DeclareTest'
ok 2 - @_ args ok
ok 3 - method with argument ok
ok 4 - declaration of package named method ok
ok 5 - An object of class 'DeclareTest2' isa 'DeclareTest2'
ok 6 - absolute method declaration ok
ok 7 - anon method with @_ ok
ok 8 - anon method with proto ok
ok 9 - binding ok
1..9
ok
t/method.t ..................... 
ok 1 - An object of class 'DeclareTest' isa 'DeclareTest'
ok 2 - @_ args ok
ok 3 - method with argument ok
ok 4 - declaration of package named method ok
ok 5 - An object of class 'DeclareTest2' isa 'DeclareTest2'
ok 6 - absolute method declaration ok
ok 7 - anon method with @_ ok
ok 8 - anon method with proto ok
ok 9 - binding ok
1..9
ok
t/multiline-proto.t ............ 
1..1
Useless assignment to a temporary at t/multiline-proto.t line 22.
ok 1 - proto declarator ok
ok
t/new.t ........................ 
ok 1 - foom
ok 2 - foom KABOOM
ok 3 - foom (zoom)
ok 4 - foom KABOOM (zoom)
1..4
ok
t/no-bareword.t ................ 
ok 1
ok 2
ok 3
1..3
ok
t/pack.t ....................... 
ok 1 - Package saved ok
ok 2 - Package scoped correctly
1..2
ok
t/padstuff.t ................... 
ok 1 - args passed ok
1..1
ok
t/proto.t ...................... 
Useless assignment to a temporary at t/proto.t line 23.
ok 1 - proto declarator ok
ok 2 - X sub restored ok
1..2
ok
t/quote.t ...................... 
1..15
ok 1 - qq/method/
ok 2 - q/method/
ok 3 - 'method'
ok 4 - "method"
ok 5 - qw/method/
ok 6 - <<method;
# tum ti tum
# method
ok 7 - my $x = { method => 42 }
ok 8 - sub {`method`}
ok 9 - sub { qx{method} }
ok 10 - qr/method/
ok 11 - /method/
ok 12 - s/method//
ok 13 - tr/method/METHOD/
ok 14 -  no warnings 'reserved'; open method, '<', File::Spec->devnull 
ok 15 - <method>
ok
t/scanstr.t .................... 
1..10
ok 1
ok 2
ok 3
ok 4
ok 5
ok 6
ok 7
ok 8
ok 9
ok 10
ok
t/scanstr_fail.t ............... 
1..1
ok 1
ok
t/simple.t ..................... 
ok 1 - Method bar args ok
ok 2 - Method baz args ok
1..2
ok
t/statement.t .................. 
ok 1 - Compiled as statement ok
1..1
ok
t/sugar.t ...................... 
Useless assignment to a temporary at t/sugar.t line 61.
ok 1 - An object of class 'DeclareTest' isa 'DeclareTest'
ok 2 - @_ args ok
ok 3 - method with argument ok
ok 4 - declaration of package named method ok
ok 5 - An object of class 'DeclareTest2' isa 'DeclareTest2'
ok 6 - absolute method declaration ok
ok 7 - anon method with @_ ok
ok 8 - anon method with proto ok
1..8
ok
All tests successful.
Files=34, Tests=141, 36 wallclock secs ( 0.97 usr  0.61 sys + 25.78 cusr  8.60 csys = 35.96 CPU)
Result: PASS
autopkgtest: DBG: testbed command exited with code 0
autopkgtest [23:15:57]: test autodep8-perl-build-deps: -----------------------]
autopkgtest: DBG: testbed executing test finished with exit status 0
autopkgtest: DBG: sending command to testbed: copyup /tmp/autopkgtest.W75EGO/autodep8-perl-build-deps-stdout /home/minami/Documents/openkylin-riscv/test/libdevel-declare-perl/autodep8-perl-build-deps-stdout
autopkgtest-virt-qemu: DBG: executing copyup /tmp/autopkgtest.W75EGO/autodep8-perl-build-deps-stdout /home/minami/Documents/openkylin-riscv/test/libdevel-declare-perl/autodep8-perl-build-deps-stdout
autopkgtest-virt-qemu: DBG: ['cmdls', "(['/tmp/autopkgtest-qemu.z06jislr/runcmd', 'sh', '-ec', 'cat </tmp/autopkgtest.W75EGO/autodep8-perl-build-deps-stdout'], ['cat'])"]
autopkgtest-virt-qemu: DBG: ['srcstdin', "<_io.BufferedReader name='/dev/null'>", 'deststdout', "<_io.BufferedWriter name='/home/minami/Documents/openkylin-riscv/test/libdevel-declare-perl/autodep8-perl-build-deps-stdout'>", 'devnull_read', <_io.BufferedReader name='/dev/null'>]
autopkgtest-virt-qemu: DBG:  +< /tmp/autopkgtest-qemu.z06jislr/runcmd sh -ec cat </tmp/autopkgtest.W75EGO/autodep8-perl-build-deps-stdout
autopkgtest-virt-qemu: DBG:  +> cat
autopkgtest-virt-qemu: DBG:  +>?
autopkgtest-virt-qemu: DBG:  +<?
autopkgtest: DBG: got reply from testbed: ok
autopkgtest: DBG: sending command to testbed: copyup /tmp/autopkgtest.W75EGO/autodep8-perl-build-deps-stderr /home/minami/Documents/openkylin-riscv/test/libdevel-declare-perl/autodep8-perl-build-deps-stderr
autopkgtest-virt-qemu: DBG: executing copyup /tmp/autopkgtest.W75EGO/autodep8-perl-build-deps-stderr /home/minami/Documents/openkylin-riscv/test/libdevel-declare-perl/autodep8-perl-build-deps-stderr
autopkgtest-virt-qemu: DBG: ['cmdls', "(['/tmp/autopkgtest-qemu.z06jislr/runcmd', 'sh', '-ec', 'cat </tmp/autopkgtest.W75EGO/autodep8-perl-build-deps-stderr'], ['cat'])"]
autopkgtest-virt-qemu: DBG: ['srcstdin', "<_io.BufferedReader name='/dev/null'>", 'deststdout', "<_io.BufferedWriter name='/home/minami/Documents/openkylin-riscv/test/libdevel-declare-perl/autodep8-perl-build-deps-stderr'>", 'devnull_read', <_io.BufferedReader name='/dev/null'>]
autopkgtest-virt-qemu: DBG:  +< /tmp/autopkgtest-qemu.z06jislr/runcmd sh -ec cat </tmp/autopkgtest.W75EGO/autodep8-perl-build-deps-stderr
autopkgtest-virt-qemu: DBG:  +> cat
autopkgtest-virt-qemu: DBG:  +>?
autopkgtest-virt-qemu: DBG:  +<?
autopkgtest: DBG: got reply from testbed: ok
autopkgtest [23:15:59]: test autodep8-perl-build-deps:  - - - - - - - - - - results - - - - - - - - - -
autodep8-perl-build-deps PASS
autopkgtest: DBG: sending command to testbed: copyup /tmp/autopkgtest.W75EGO/autodep8-perl-build-deps-artifacts/ /home/minami/Documents/openkylin-riscv/test/libdevel-declare-perl/artifacts/
autopkgtest-virt-qemu: DBG: executing copyup /tmp/autopkgtest.W75EGO/autodep8-perl-build-deps-artifacts/ /home/minami/Documents/openkylin-riscv/test/libdevel-declare-perl/artifacts/
autopkgtest-virt-qemu: DBG: ['cmdls', "(['/tmp/autopkgtest-qemu.z06jislr/runcmd', 'sh', '-ec', 'cd /tmp/autopkgtest.W75EGO/autodep8-perl-build-deps-artifacts/; tar --warning=none -c . -f -'], ['tar', '--directory', '/home/minami/Documents/openkylin-riscv/test/libdevel-declare-perl/artifacts/', '--warning=none', '--preserve-permissions', '--extract', '--no-same-owner', '-f', '-'])"]
autopkgtest-virt-qemu: DBG: ['srcstdin', "<_io.BufferedReader name='/dev/null'>", 'deststdout', "<_io.BufferedReader name='/dev/null'>", 'devnull_read', <_io.BufferedReader name='/dev/null'>]
autopkgtest-virt-qemu: DBG:  +< /tmp/autopkgtest-qemu.z06jislr/runcmd sh -ec cd /tmp/autopkgtest.W75EGO/autodep8-perl-build-deps-artifacts/; tar --warning=none -c . -f -
autopkgtest-virt-qemu: DBG:  +> tar --directory /home/minami/Documents/openkylin-riscv/test/libdevel-declare-perl/artifacts/ --warning=none --preserve-permissions --extract --no-same-owner -f -
autopkgtest-virt-qemu: DBG:  +>?
autopkgtest-virt-qemu: DBG:  +<?
autopkgtest: DBG: got reply from testbed: ok
autopkgtest: DBG: testbed command ['rm', '-rf', '/tmp/autopkgtest.W75EGO/autodep8-perl-build-deps-artifacts', '/tmp/autopkgtest.W75EGO/autopkgtest_tmp'], kind short, sout raw, serr pipe, env []
autopkgtest: DBG: testbed command exited with code 0
autopkgtest [23:16:00]: test autodep8-perl: preparing testbed
autopkgtest: DBG: testbed reset: modified=False, deps_installed=['libdevel-declare-perl', 'debhelper-compat (= 13)', 'libb-hooks-endofscope-perl', 'libb-hooks-op-check-perl', 'libextutils-depends-perl', 'libsub-name-perl', 'libtest-requires-perl', 'libtest-warn-perl', 'perl-xs-dev', 'perl:native', 'build-essential', 'pkg-perl-autopkgtest'], deps_new=['libdevel-declare-perl', 'pkg-perl-autopkgtest']
autopkgtest: DBG: testbed reset
autopkgtest: DBG: sending command to testbed: revert
autopkgtest-virt-qemu: DBG: executing revert
autopkgtest-virt-qemu: DBG: execute-timeout: /tmp/autopkgtest-qemu.z06jislr/runcmd rm -rf -- /tmp/autopkgtest.W75EGO
qemu-system-riscv64: terminating on signal 15 from pid 3675567 (/usr/bin/python3)
autopkgtest-virt-qemu: DBG: find_free_port: trying 10022
autopkgtest-virt-qemu: DBG: find_free_port: 10022 is free
autopkgtest-virt-qemu: DBG: autopkgtest does not know how to boot this machine, hopefully nothing special needs to be done?
autopkgtest-virt-qemu: DBG: qemu architecture: riscv64
autopkgtest-virt-qemu: DBG: qemu command: qemu-system-riscv64
autopkgtest-virt-qemu: DBG: execute-timeout: qemu-img info --output=json /home/minami/Documents/openkylin-riscv/testing.qcow2
autopkgtest-virt-qemu: DBG: Creating temporary overlay image in /tmp/autopkgtest-qemu.mi1x471e/overlay.img
autopkgtest-virt-qemu: DBG: execute-timeout: qemu-img create -f qcow2 -F qcow2 -b /home/minami/Documents/openkylin-riscv/testing.qcow2 /tmp/autopkgtest-qemu.mi1x471e/overlay.img
autopkgtest-virt-qemu: DBG: Forwarding local port 10022 to VM ssh port 22
autopkgtest-virt-qemu: DBG: Assuming nothing special needs to be done to set up firmware to boot this machine (boot method: none)
autopkgtest-virt-qemu: DBG: full qemu command-line: ['qemu-system-riscv64', '-m', '8192', '-smp', '8', '-nographic', '-device', 'virtio-net-device,netdev=usernet', '-netdev', 'user,id=usernet,hostfwd=tcp:127.0.0.1:10022-:22', '-object', 'rng-random,filename=/dev/urandom,id=rng0', '-device', 'virtio-rng-pci,rng=rng0,id=rng-device0', '-monitor', 'unix:/tmp/autopkgtest-qemu.mi1x471e/monitor,server=on,wait=off', '-virtfs', 'local,id=autopkgtest,path=/tmp/autopkgtest-qemu.mi1x471e/shared,security_model=none,mount_tag=autopkgtest', '-device', 'virtio-serial', '-chardev', 'socket,path=/tmp/autopkgtest-qemu.mi1x471e/hvc0,server=on,wait=off,id=hvc0', '-device', 'virtconsole,chardev=hvc0', '-chardev', 'socket,path=/tmp/autopkgtest-qemu.mi1x471e/hvc1,server=on,wait=off,id=hvc1', '-device', 'virtconsole,chardev=hvc1', '-serial', 'unix:/tmp/autopkgtest-qemu.mi1x471e/ttyS0,server=on,wait=off', '-drive', 'index=0,file=/tmp/autopkgtest-qemu.mi1x471e/overlay.img,format=qcow2,cache=unsafe,if=virtio,discard=unmap', '-machine', 'virt', '-kernel', '/home/minami/Documents/ukylin/u-boot.bin']
autopkgtest-virt-qemu: DBG: expect: b' login: '
autopkgtest-virt-qemu: DBG: expect: found "'login prompt on serial console'"
autopkgtest-virt-qemu: DBG: expect: b'ok'
autopkgtest-virt-qemu: DBG: expect: found "b'ok'"
autopkgtest-virt-qemu: DBG: setup_shell(): there already is a shell on hvc1
qemu-system-riscv64: warning: 9p: degraded performance: a reasonable high msize should be chosen on client/guest side (chosen msize is <= 8192). See https://wiki.qemu.org/Documentation/9psetup#msize for details.
autopkgtest-virt-qemu: DBG: expect: b'b92f3419-493b-4974-b0d7-1678dff9c59e[1]'
autopkgtest-virt-qemu: DBG: expect: found "b'b92f3419-493b-4974-b0d7-1678dff9c59e[1]'"
autopkgtest-virt-qemu: DBG: expect: b'b92f3419-493b-4974-b0d7-1678dff9c59e[2]'
autopkgtest-virt-qemu: DBG: expect: found "b'b92f3419-493b-4974-b0d7-1678dff9c59e[2]'"
autopkgtest-virt-qemu: DBG: expect: b'b92f3419-493b-4974-b0d7-1678dff9c59e[3]'
autopkgtest-virt-qemu: DBG: expect: found "b'b92f3419-493b-4974-b0d7-1678dff9c59e[3]'"
autopkgtest-virt-qemu: DBG: expect: b'/python'
autopkgtest-virt-qemu: DBG: expect: found "b'/python'"
autopkgtest-virt-qemu: DBG: expect: b'# '
autopkgtest-virt-qemu: DBG: expect: found "b'# '"
autopkgtest-virt-qemu: DBG: expect: b'b92f3419-493b-4974-b0d7-1678dff9c59e[4]'
autopkgtest-virt-qemu: DBG: expect: found "b'b92f3419-493b-4974-b0d7-1678dff9c59e[4]'"
autopkgtest-virt-qemu: DBG: execute-timeout: /tmp/autopkgtest-qemu.mi1x471e/runcmd true
autopkgtest-virt-qemu: DBG: can connect to autopkgtest sh in VM
autopkgtest-virt-qemu: DBG: expect: b'b92f3419-493b-4974-b0d7-1678dff9c59e[5]'
autopkgtest-virt-qemu: DBG: expect: found "b'b92f3419-493b-4974-b0d7-1678dff9c59e[5]'"
autopkgtest-virt-qemu: DBG: determine_normal_user: got user "openkylin"
autopkgtest-virt-qemu: DBG: execute-timeout: /tmp/autopkgtest-qemu.mi1x471e/runcmd mkdir --mode=1777 --parents /tmp/autopkgtest.W75EGO
autopkgtest-virt-qemu: DBG: auxverb = ['/tmp/autopkgtest-qemu.mi1x471e/runcmd'], downtmp = /tmp/autopkgtest.W75EGO
autopkgtest: DBG: got reply from testbed: ok /tmp/autopkgtest.W75EGO
autopkgtest: DBG: sending command to testbed: print-execute-command
autopkgtest-virt-qemu: DBG: executing print-execute-command
autopkgtest: DBG: got reply from testbed: ok /tmp/autopkgtest-qemu.mi1x471e/runcmd
autopkgtest: DBG: sending command to testbed: capabilities
autopkgtest-virt-qemu: DBG: executing capabilities
autopkgtest: DBG: got reply from testbed: ok isolation-machine reboot revert revert-full-system root-on-testbed suggested-normal-user=openkylin
autopkgtest: DBG: testbed capabilities: ['isolation-machine', 'reboot', 'revert', 'revert-full-system', 'root-on-testbed', 'suggested-normal-user=openkylin', 'has_internet']
autopkgtest: DBG: testbed command ['mkdir', '-p', '/tmp/autopkgtest.W75EGO'], kind short, sout raw, serr pipe, env []
autopkgtest: DBG: testbed command exited with code 0
autopkgtest: DBG: sending command to testbed: copydown /usr/share/autopkgtest/lib/in-testbed/wrapper.sh /tmp/autopkgtest.W75EGO/wrapper.sh
autopkgtest-virt-qemu: DBG: executing copydown /usr/share/autopkgtest/lib/in-testbed/wrapper.sh /tmp/autopkgtest.W75EGO/wrapper.sh
autopkgtest-virt-qemu: DBG: ['cmdls', "(['cat'], ['/tmp/autopkgtest-qemu.mi1x471e/runcmd', 'sh', '-ec', 'cat >/tmp/autopkgtest.W75EGO/wrapper.sh; chmod +x -- /tmp/autopkgtest.W75EGO/wrapper.sh'])"]
autopkgtest-virt-qemu: DBG: ['srcstdin', "<_io.BufferedReader name='/usr/share/autopkgtest/lib/in-testbed/wrapper.sh'>", 'deststdout', "<_io.BufferedReader name='/dev/null'>", 'devnull_read', <_io.BufferedReader name='/dev/null'>]
autopkgtest-virt-qemu: DBG:  +< cat
autopkgtest-virt-qemu: DBG:  +> /tmp/autopkgtest-qemu.mi1x471e/runcmd sh -ec cat >/tmp/autopkgtest.W75EGO/wrapper.sh; chmod +x -- /tmp/autopkgtest.W75EGO/wrapper.sh
autopkgtest-virt-qemu: DBG:  +>?
autopkgtest-virt-qemu: DBG:  +<?
autopkgtest: DBG: got reply from testbed: ok
autopkgtest: DBG: testbed command ['chmod', '-R', '0755', '--', '/tmp/autopkgtest.W75EGO/wrapper.sh'], kind short, sout raw, serr pipe, env []
autopkgtest: DBG: testbed command exited with code 0
autopkgtest: DBG: testbed command ['dpkg', '--print-architecture'], kind short, sout pipe, serr pipe, env []
autopkgtest: DBG: testbed command exited with code 0
autopkgtest [23:16:48]: testbed dpkg architecture: riscv64
autopkgtest: DBG: testbed command ['sh', '-ec', 'command -v eatmydata'], kind short, sout pipe, serr pipe, env []
autopkgtest: DBG: testbed command exited with code 127
autopkgtest: DBG: testbed command ['sh', '-ec', 'command -v dpkg-query'], kind short, sout pipe, serr pipe, env []
autopkgtest: DBG: testbed command exited with code 0
autopkgtest: DBG: testbed command ['sh', '-ec', "dpkg-query --show -f '${Package}\\t${Version}\\n' > /tmp/autopkgtest.W75EGO/testbed-packages"], kind short, sout raw, serr pipe, env []
autopkgtest: DBG: testbed command exited with code 0
autopkgtest: DBG: sending command to testbed: copyup /tmp/autopkgtest.W75EGO/testbed-packages /home/minami/Documents/openkylin-riscv/test/libdevel-declare-perl/testbed-packages
autopkgtest-virt-qemu: DBG: executing copyup /tmp/autopkgtest.W75EGO/testbed-packages /home/minami/Documents/openkylin-riscv/test/libdevel-declare-perl/testbed-packages
autopkgtest-virt-qemu: DBG: ['cmdls', "(['/tmp/autopkgtest-qemu.mi1x471e/runcmd', 'sh', '-ec', 'cat </tmp/autopkgtest.W75EGO/testbed-packages'], ['cat'])"]
autopkgtest-virt-qemu: DBG: ['srcstdin', "<_io.BufferedReader name='/dev/null'>", 'deststdout', "<_io.BufferedWriter name='/home/minami/Documents/openkylin-riscv/test/libdevel-declare-perl/testbed-packages'>", 'devnull_read', <_io.BufferedReader name='/dev/null'>]
autopkgtest-virt-qemu: DBG:  +< /tmp/autopkgtest-qemu.mi1x471e/runcmd sh -ec cat </tmp/autopkgtest.W75EGO/testbed-packages
autopkgtest-virt-qemu: DBG:  +> cat
autopkgtest-virt-qemu: DBG:  +>?
autopkgtest-virt-qemu: DBG:  +<?
autopkgtest: DBG: got reply from testbed: ok
autopkgtest: DBG: testbed supports reboot, creating /tmp/autopkgtest-reboot
autopkgtest: DBG: testbed command ['mkdir', '-p', '/tmp/autopkgtest.W75EGO'], kind short, sout raw, serr pipe, env []
autopkgtest: DBG: testbed command exited with code 0
autopkgtest: DBG: sending command to testbed: copydown /usr/share/autopkgtest/lib/in-testbed/reboot.sh /tmp/autopkgtest.W75EGO/autopkgtest-reboot
autopkgtest-virt-qemu: DBG: executing copydown /usr/share/autopkgtest/lib/in-testbed/reboot.sh /tmp/autopkgtest.W75EGO/autopkgtest-reboot
autopkgtest-virt-qemu: DBG: ['cmdls', "(['cat'], ['/tmp/autopkgtest-qemu.mi1x471e/runcmd', 'sh', '-ec', 'cat >/tmp/autopkgtest.W75EGO/autopkgtest-reboot; chmod +x -- /tmp/autopkgtest.W75EGO/autopkgtest-reboot'])"]
autopkgtest-virt-qemu: DBG: ['srcstdin', "<_io.BufferedReader name='/usr/share/autopkgtest/lib/in-testbed/reboot.sh'>", 'deststdout', "<_io.BufferedReader name='/dev/null'>", 'devnull_read', <_io.BufferedReader name='/dev/null'>]
autopkgtest-virt-qemu: DBG:  +< cat
autopkgtest-virt-qemu: DBG:  +> /tmp/autopkgtest-qemu.mi1x471e/runcmd sh -ec cat >/tmp/autopkgtest.W75EGO/autopkgtest-reboot; chmod +x -- /tmp/autopkgtest.W75EGO/autopkgtest-reboot
autopkgtest-virt-qemu: DBG:  +>?
autopkgtest-virt-qemu: DBG:  +<?
autopkgtest: DBG: got reply from testbed: ok
autopkgtest: DBG: testbed command ['chmod', '-R', '0755', '--', '/tmp/autopkgtest.W75EGO/autopkgtest-reboot'], kind short, sout raw, serr pipe, env []
autopkgtest: DBG: testbed command exited with code 0
autopkgtest: DBG: testbed command ['ln', '-fns', '/tmp/autopkgtest.W75EGO/autopkgtest-reboot', '/tmp/autopkgtest-reboot'], kind short, sout raw, serr pipe, env []
autopkgtest: DBG: testbed command exited with code 0
autopkgtest: DBG: testbed command ['ln', '-fns', '/tmp/autopkgtest.W75EGO/autopkgtest-reboot', '/sbin/autopkgtest-reboot'], kind short, sout raw, serr pipe, env []
autopkgtest: DBG: testbed command exited with code 0
autopkgtest: DBG: testbed command ['mkdir', '-p', '/tmp/autopkgtest.W75EGO'], kind short, sout raw, serr pipe, env []
autopkgtest: DBG: testbed command exited with code 0
autopkgtest: DBG: sending command to testbed: copydown /usr/share/autopkgtest/lib/in-testbed/reboot-prepare.sh /tmp/autopkgtest.W75EGO/autopkgtest-reboot-prepare
autopkgtest-virt-qemu: DBG: executing copydown /usr/share/autopkgtest/lib/in-testbed/reboot-prepare.sh /tmp/autopkgtest.W75EGO/autopkgtest-reboot-prepare
autopkgtest-virt-qemu: DBG: ['cmdls', "(['cat'], ['/tmp/autopkgtest-qemu.mi1x471e/runcmd', 'sh', '-ec', 'cat >/tmp/autopkgtest.W75EGO/autopkgtest-reboot-prepare; chmod +x -- /tmp/autopkgtest.W75EGO/autopkgtest-reboot-prepare'])"]
autopkgtest-virt-qemu: DBG: ['srcstdin', "<_io.BufferedReader name='/usr/share/autopkgtest/lib/in-testbed/reboot-prepare.sh'>", 'deststdout', "<_io.BufferedReader name='/dev/null'>", 'devnull_read', <_io.BufferedReader name='/dev/null'>]
autopkgtest-virt-qemu: DBG:  +< cat
autopkgtest-virt-qemu: DBG:  +> /tmp/autopkgtest-qemu.mi1x471e/runcmd sh -ec cat >/tmp/autopkgtest.W75EGO/autopkgtest-reboot-prepare; chmod +x -- /tmp/autopkgtest.W75EGO/autopkgtest-reboot-prepare
autopkgtest-virt-qemu: DBG:  +>?
autopkgtest-virt-qemu: DBG:  +<?
autopkgtest: DBG: got reply from testbed: ok
autopkgtest: DBG: testbed command ['chmod', '-R', '0755', '--', '/tmp/autopkgtest.W75EGO/autopkgtest-reboot-prepare'], kind short, sout raw, serr pipe, env []
autopkgtest: DBG: testbed command exited with code 0
autopkgtest: DBG: testbed command ['ln', '-fns', '/tmp/autopkgtest.W75EGO/autopkgtest-reboot-prepare', '/tmp/autopkgtest-reboot-prepare'], kind short, sout raw, serr pipe, env []
autopkgtest: DBG: testbed command exited with code 0
autopkgtest: DBG: testbed command ['uname', '-srv'], kind short, sout pipe, serr pipe, env []
autopkgtest: DBG: testbed command exited with code 0
autopkgtest: DBG: Binaries: no registered binaries, not publishing anything
autopkgtest: DBG: install_deps: deps_new=['libdevel-declare-perl', 'pkg-perl-autopkgtest']
autopkgtest: DBG: install-deps: satisfying libdevel-declare-perl, pkg-perl-autopkgtest
autopkgtest: DBG: install-deps: architecture resolved: libdevel-declare-perl, pkg-perl-autopkgtest
autopkgtest: DBG: testbed command ['test', '-w', '/var/lib/dpkg/status'], kind short, sout raw, serr raw, env []
autopkgtest: DBG: testbed command exited with code 0
autopkgtest: DBG: can use apt-get on testbed: True
autopkgtest: DBG: testbed command ['mkdir', '-p', '/tmp/autopkgtest.W75EGO'], kind short, sout raw, serr pipe, env []
autopkgtest: DBG: testbed command exited with code 0
autopkgtest: DBG: sending command to testbed: copydown /home/minami/Documents/openkylin-riscv/test/libdevel-declare-perl/2-autopkgtest-satdep.deb /tmp/autopkgtest.W75EGO/2-autopkgtest-satdep.deb
autopkgtest-virt-qemu: DBG: executing copydown /home/minami/Documents/openkylin-riscv/test/libdevel-declare-perl/2-autopkgtest-satdep.deb /tmp/autopkgtest.W75EGO/2-autopkgtest-satdep.deb
autopkgtest-virt-qemu: DBG: ['cmdls', "(['cat'], ['/tmp/autopkgtest-qemu.mi1x471e/runcmd', 'sh', '-ec', 'cat >/tmp/autopkgtest.W75EGO/2-autopkgtest-satdep.deb'])"]
autopkgtest-virt-qemu: DBG: ['srcstdin', "<_io.BufferedReader name='/home/minami/Documents/openkylin-riscv/test/libdevel-declare-perl/2-autopkgtest-satdep.deb'>", 'deststdout', "<_io.BufferedReader name='/dev/null'>", 'devnull_read', <_io.BufferedReader name='/dev/null'>]
autopkgtest-virt-qemu: DBG:  +< cat
autopkgtest-virt-qemu: DBG:  +> /tmp/autopkgtest-qemu.mi1x471e/runcmd sh -ec cat >/tmp/autopkgtest.W75EGO/2-autopkgtest-satdep.deb
autopkgtest-virt-qemu: DBG:  +>?
autopkgtest-virt-qemu: DBG:  +<?
autopkgtest: DBG: got reply from testbed: ok
autopkgtest: DBG: testbed command ['chown', '-R', 'openkylin', '--', '/tmp/autopkgtest.W75EGO/2-autopkgtest-satdep.deb'], kind short, sout raw, serr pipe, env []
autopkgtest: DBG: testbed command exited with code 0
autopkgtest: DBG: testbed command ['dpkg', '--unpack', '/tmp/autopkgtest.W75EGO/2-autopkgtest-satdep.deb'], kind short, sout pipe, serr pipe, env []
autopkgtest: DBG: testbed command exited with code 0
autopkgtest: DBG: testbed command ['/bin/sh', '-ec', ' apt-get install --assume-yes --fix-broken -o APT::Status-Fd=3 -o APT::Install-Recommends=false -o Dpkg::Options::=--force-confnew -o Debug::pkgProblemResolver=true 3>&2 2>&1'], kind install, sout raw, serr pipe, env ['DEBIAN_FRONTEND=noninteractive', 'APT_LISTBUGS_FRONTEND=none', 'APT_LISTCHANGES_FRONTEND=none']
Reading package lists...
Building dependency tree...
Reading state information...
Correcting dependencies...Starting pkgProblemResolver with broken count: 0
Starting 2 pkgProblemResolver with broken count: 0
Done
 Done
Starting pkgProblemResolver with broken count: 0
Starting 2 pkgProblemResolver with broken count: 0
Done
The following packages were automatically installed and are no longer required:
  libdjvulibre-text libdjvulibre21 libegl-dev libgl-dev libglu1-mesa-dev
  libglx-dev libmpdec2 libvulkan-dev libx11-dev libxau-dev libxcb1-dev
  libxdmcp-dev libxext-dev qt5-qmake qt5-qmake-bin x11proto-core-dev
  x11proto-dev xorg-sgml-doctools xtrans-dev
Use 'apt autoremove' to remove them.
The following additional packages will be installed:
  autodep8 dctrl-tools libb-hooks-endofscope-perl libb-hooks-op-check-perl
  libdevel-callchecker-perl libdevel-declare-perl libdynaloader-functions-perl
  libmodule-implementation-perl libmodule-runtime-perl libparams-classify-perl
  libsub-exporter-progressive-perl libsub-name-perl libtry-tiny-perl
  libvariable-magic-perl pkg-perl-autopkgtest
Suggested packages:
  debtags libscalar-number-perl
The following NEW packages will be installed:
  autodep8 dctrl-tools libb-hooks-endofscope-perl libb-hooks-op-check-perl
  libdevel-callchecker-perl libdevel-declare-perl libdynaloader-functions-perl
  libmodule-implementation-perl libmodule-runtime-perl libparams-classify-perl
  libsub-exporter-progressive-perl libsub-name-perl libtry-tiny-perl
  libvariable-magic-perl pkg-perl-autopkgtest
0 upgraded, 15 newly installed, 0 to remove and 18 not upgraded.
1 not fully installed or removed.
Need to get 298 kB of archives.
After this operation, 1,000 kB of additional disk space will be used.
Get:1 http://archive.build.openkylin.top/openkylin yangtze/main riscv64 libb-hooks-op-check-perl riscv64 0.22-ok2 [13.4 kB]
Get:2 http://archive.build.openkylin.top/openkylin yangtze/main riscv64 libdynaloader-functions-perl all 0.003-ok2 [11.8 kB]
Get:3 http://archive.build.openkylin.top/openkylin yangtze/main riscv64 libdevel-callchecker-perl riscv64 0.008-ok3 [13.5 kB]
Get:4 http://ppa.build.openkylin.top/kylinsoft/anything/openkylin yangtze/main riscv64 autodep8 all 0.22-ok1 [10.1 kB]
Get:5 http://archive.build.openkylin.top/openkylin yangtze/main riscv64 libparams-classify-perl riscv64 0.015-ok2 [19.4 kB]
Get:6 http://archive.build.openkylin.top/openkylin yangtze/main riscv64 libmodule-runtime-perl all 0.016-ok2 [15.3 kB]
Get:7 http://archive.build.openkylin.top/openkylin yangtze/main riscv64 libtry-tiny-perl all 0.31-ok1 [20.5 kB]
Get:8 http://archive.build.openkylin.top/openkylin yangtze/main riscv64 libmodule-implementation-perl all 0.09-ok2 [11.5 kB]
Get:9 http://ppa.build.openkylin.top/kylinsoft/anything/openkylin yangtze/main riscv64 pkg-perl-autopkgtest all 0.59-ok1 [8,208 B]
Get:10 http://archive.build.openkylin.top/openkylin yangtze/main riscv64 libsub-exporter-progressive-perl all 0.001013-ok2 [12.8 kB]
Get:11 http://archive.build.openkylin.top/openkylin yangtze/main riscv64 libvariable-magic-perl riscv64 0.62-ok2 [33.5 kB]
Get:12 http://archive.build.openkylin.top/openkylin yangtze/main riscv64 libb-hooks-endofscope-perl all 0.26-ok1 [20.7 kB]
Get:13 http://archive.build.openkylin.top/openkylin yangtze/main riscv64 libsub-name-perl riscv64 0.26-ok2 [14.5 kB]
Get:14 http://archive.build.openkylin.top/openkylin yangtze/main riscv64 libdevel-declare-perl riscv64 0.006022-ok1 [37.0 kB]
Get:15 http://archive.build.openkylin.top/openkylin yangtze/main riscv64 dctrl-tools riscv64 2.24-ok1 [55.6 kB]
Fetched 298 kB in 1s (519 kB/s)
Selecting previously unselected package libb-hooks-op-check-perl:riscv64.
(Reading database ... (Reading database ... 5%(Reading database ... 10%(Reading database ... 15%(Reading database ... 20%(Reading database ... 25%(Reading database ... 30%(Reading database ... 35%(Reading database ... 40%(Reading database ... 45%(Reading database ... 50%(Reading database ... 55%(Reading database ... 60%(Reading database ... 65%(Reading database ... 70%(Reading database ... 75%(Reading database ... 80%(Reading database ... 85%(Reading database ... 90%(Reading database ... 95%(Reading database ... 100%(Reading database ... 161111 files and directories currently installed.)
Preparing to unpack .../00-libb-hooks-op-check-perl_0.22-ok2_riscv64.deb ...
Unpacking libb-hooks-op-check-perl:riscv64 (0.22-ok2) ...
Selecting previously unselected package libdynaloader-functions-perl.
Preparing to unpack .../01-libdynaloader-functions-perl_0.003-ok2_all.deb ...
Unpacking libdynaloader-functions-perl (0.003-ok2) ...
Selecting previously unselected package libdevel-callchecker-perl.
Preparing to unpack .../02-libdevel-callchecker-perl_0.008-ok3_riscv64.deb ...
Unpacking libdevel-callchecker-perl (0.008-ok3) ...
Selecting previously unselected package libparams-classify-perl:riscv64.
Preparing to unpack .../03-libparams-classify-perl_0.015-ok2_riscv64.deb ...
Unpacking libparams-classify-perl:riscv64 (0.015-ok2) ...
Selecting previously unselected package libmodule-runtime-perl.
Preparing to unpack .../04-libmodule-runtime-perl_0.016-ok2_all.deb ...
Unpacking libmodule-runtime-perl (0.016-ok2) ...
Selecting previously unselected package libtry-tiny-perl.
Preparing to unpack .../05-libtry-tiny-perl_0.31-ok1_all.deb ...
Unpacking libtry-tiny-perl (0.31-ok1) ...
Selecting previously unselected package libmodule-implementation-perl.
Preparing to unpack .../06-libmodule-implementation-perl_0.09-ok2_all.deb ...
Unpacking libmodule-implementation-perl (0.09-ok2) ...
Selecting previously unselected package libsub-exporter-progressive-perl.
Preparing to unpack .../07-libsub-exporter-progressive-perl_0.001013-ok2_all.deb ...
Unpacking libsub-exporter-progressive-perl (0.001013-ok2) ...
Selecting previously unselected package libvariable-magic-perl.
Preparing to unpack .../08-libvariable-magic-perl_0.62-ok2_riscv64.deb ...
Unpacking libvariable-magic-perl (0.62-ok2) ...
Selecting previously unselected package libb-hooks-endofscope-perl.
Preparing to unpack .../09-libb-hooks-endofscope-perl_0.26-ok1_all.deb ...
Unpacking libb-hooks-endofscope-perl (0.26-ok1) ...
Selecting previously unselected package libsub-name-perl:riscv64.
Preparing to unpack .../10-libsub-name-perl_0.26-ok2_riscv64.deb ...
Unpacking libsub-name-perl:riscv64 (0.26-ok2) ...
Selecting previously unselected package libdevel-declare-perl.
Preparing to unpack .../11-libdevel-declare-perl_0.006022-ok1_riscv64.deb ...
Unpacking libdevel-declare-perl (0.006022-ok1) ...
Selecting previously unselected package dctrl-tools.
Preparing to unpack .../12-dctrl-tools_2.24-ok1_riscv64.deb ...
Unpacking dctrl-tools (2.24-ok1) ...
Selecting previously unselected package autodep8.
Preparing to unpack .../13-autodep8_0.22-ok1_all.deb ...
Unpacking autodep8 (0.22-ok1) ...
Selecting previously unselected package pkg-perl-autopkgtest.
Preparing to unpack .../14-pkg-perl-autopkgtest_0.59-ok1_all.deb ...
Unpacking pkg-perl-autopkgtest (0.59-ok1) ...
Setting up libdynaloader-functions-perl (0.003-ok2) ...
Setting up libtry-tiny-perl (0.31-ok1) ...
Setting up libvariable-magic-perl (0.62-ok2) ...
Setting up libb-hooks-op-check-perl:riscv64 (0.22-ok2) ...
Setting up libsub-exporter-progressive-perl (0.001013-ok2) ...
Setting up libsub-name-perl:riscv64 (0.26-ok2) ...
Setting up dctrl-tools (2.24-ok1) ...
Setting up autodep8 (0.22-ok1) ...
Setting up libdevel-callchecker-perl (0.008-ok3) ...
Setting up pkg-perl-autopkgtest (0.59-ok1) ...
Setting up libparams-classify-perl:riscv64 (0.015-ok2) ...
Setting up libmodule-runtime-perl (0.016-ok2) ...
Setting up libmodule-implementation-perl (0.09-ok2) ...
Setting up libb-hooks-endofscope-perl (0.26-ok1) ...
Setting up libdevel-declare-perl (0.006022-ok1) ...
Setting up autopkgtest-satdep (0) ...
Processing triggers for man-db (2.9.1-ok3) ...
autopkgtest: DBG: testbed command exited with code 0
autopkgtest: DBG: testbed command ['dpkg-query', '--show', '-f', '${Status}', 'libdevel-declare-perl'], kind short, sout pipe, serr pipe, env []
autopkgtest: DBG: testbed command exited with code 0
autopkgtest: DBG: testbed command ['dpkg', '--status', 'autopkgtest-satdep'], kind short, sout pipe, serr pipe, env []
autopkgtest: DBG: testbed command exited with code 0
autopkgtest: DBG: testbed command ['apt-get', '--simulate', '--quiet', '-o', 'APT::Get::Show-User-Simulation-Note=False', '--auto-remove', 'purge', 'autopkgtest-satdep'], kind short, sout pipe, serr pipe, env []
autopkgtest: DBG: testbed command exited with code 0
autopkgtest: DBG: Marking test dependencies as manually installed: pkg-perl-autopkgtest autodep8 dctrl-tools libdevel-declare-perl libb-hooks-endofscope-perl libmodule-implementation-perl libmodule-runtime-perl libparams-classify-perl libdevel-callchecker-perl libb-hooks-op-check-perl libdjvulibre21 libdjvulibre-text libdynaloader-functions-perl libegl-dev libglu1-mesa-dev libgl-dev libglx-dev libmpdec2 libsub-exporter-progressive-perl libsub-name-perl libtry-tiny-perl libvariable-magic-perl libvulkan-dev libxext-dev libx11-dev libxcb1-dev libxau-dev libxdmcp-dev qt5-qmake qt5-qmake-bin x11proto-core-dev x11proto-dev xorg-sgml-doctools xtrans-dev
autopkgtest: DBG: testbed command ['apt-mark', 'manual', '-qq', 'pkg-perl-autopkgtest', 'autodep8', 'dctrl-tools', 'libdevel-declare-perl', 'libb-hooks-endofscope-perl', 'libmodule-implementation-perl', 'libmodule-runtime-perl', 'libparams-classify-perl', 'libdevel-callchecker-perl', 'libb-hooks-op-check-perl', 'libdjvulibre21', 'libdjvulibre-text', 'libdynaloader-functions-perl', 'libegl-dev', 'libglu1-mesa-dev', 'libgl-dev', 'libglx-dev', 'libmpdec2', 'libsub-exporter-progressive-perl', 'libsub-name-perl'], kind short, sout raw, serr pipe, env []
autopkgtest: DBG: testbed command exited with code 0
autopkgtest: DBG: testbed command ['apt-mark', 'manual', '-qq', 'libtry-tiny-perl', 'libvariable-magic-perl', 'libvulkan-dev', 'libxext-dev', 'libx11-dev', 'libxcb1-dev', 'libxau-dev', 'libxdmcp-dev', 'qt5-qmake', 'qt5-qmake-bin', 'x11proto-core-dev', 'x11proto-dev', 'xorg-sgml-doctools', 'xtrans-dev'], kind short, sout raw, serr pipe, env []
autopkgtest: DBG: testbed command exited with code 0
autopkgtest: DBG: testbed command ['dpkg', '--purge', 'autopkgtest-satdep'], kind short, sout raw, serr raw, env []
(Reading database ... 161318 files and directories currently installed.)
Removing autopkgtest-satdep (0) ...
autopkgtest: DBG: testbed command exited with code 0
autopkgtest: DBG: testbed command ['sh', '-ec', 'command -v dpkg-query'], kind short, sout pipe, serr pipe, env []
autopkgtest: DBG: testbed command exited with code 0
autopkgtest: DBG: testbed command ['sh', '-ec', "dpkg-query --show -f '${Package}\\t${Version}\\n' > /tmp/autopkgtest.W75EGO/autodep8-perl-packages.all"], kind short, sout raw, serr pipe, env []
autopkgtest: DBG: testbed command exited with code 0
autopkgtest: DBG: sending command to testbed: copyup /tmp/autopkgtest.W75EGO/autodep8-perl-packages.all /home/minami/Documents/openkylin-riscv/test/libdevel-declare-perl/autodep8-perl-packages.all
autopkgtest-virt-qemu: DBG: executing copyup /tmp/autopkgtest.W75EGO/autodep8-perl-packages.all /home/minami/Documents/openkylin-riscv/test/libdevel-declare-perl/autodep8-perl-packages.all
autopkgtest-virt-qemu: DBG: ['cmdls', "(['/tmp/autopkgtest-qemu.mi1x471e/runcmd', 'sh', '-ec', 'cat </tmp/autopkgtest.W75EGO/autodep8-perl-packages.all'], ['cat'])"]
autopkgtest-virt-qemu: DBG: ['srcstdin', "<_io.BufferedReader name='/dev/null'>", 'deststdout', "<_io.BufferedWriter name='/home/minami/Documents/openkylin-riscv/test/libdevel-declare-perl/autodep8-perl-packages.all'>", 'devnull_read', <_io.BufferedReader name='/dev/null'>]
autopkgtest-virt-qemu: DBG:  +< /tmp/autopkgtest-qemu.mi1x471e/runcmd sh -ec cat </tmp/autopkgtest.W75EGO/autodep8-perl-packages.all
autopkgtest-virt-qemu: DBG:  +> cat
autopkgtest-virt-qemu: DBG:  +>?
autopkgtest-virt-qemu: DBG:  +<?
autopkgtest: DBG: got reply from testbed: ok
autopkgtest: DBG: testbed command ['test', '-e', '/tmp/autopkgtest.W75EGO/build.eRT/src'], kind short, sout raw, serr raw, env []
autopkgtest: DBG: testbed command exited with code 1
autopkgtest: DBG: testbed command ['mkdir', '-p', '/tmp/autopkgtest.W75EGO/build.eRT'], kind short, sout raw, serr pipe, env []
autopkgtest: DBG: testbed command exited with code 0
autopkgtest: DBG: sending command to testbed: copydown /home/minami/Documents/openkylin-riscv/test/libdevel-declare-perl/tests-tree/ /tmp/autopkgtest.W75EGO/build.eRT/src/
autopkgtest-virt-qemu: DBG: executing copydown /home/minami/Documents/openkylin-riscv/test/libdevel-declare-perl/tests-tree/ /tmp/autopkgtest.W75EGO/build.eRT/src/
autopkgtest-virt-qemu: DBG: ['cmdls', "(['tar', '--directory', '/home/minami/Documents/openkylin-riscv/test/libdevel-declare-perl/tests-tree/', '--warning=none', '-c', '.', '-f', '-'], ['/tmp/autopkgtest-qemu.mi1x471e/runcmd', 'sh', '-ec', 'if ! test -d /tmp/autopkgtest.W75EGO/build.eRT/src/; then mkdir -- /tmp/autopkgtest.W75EGO/build.eRT/src/; fi; cd /tmp/autopkgtest.W75EGO/build.eRT/src/; tar --warning=none --preserve-permissions --extract --no-same-owner -f -'])"]
autopkgtest-virt-qemu: DBG: ['srcstdin', "<_io.BufferedReader name='/dev/null'>", 'deststdout', "<_io.BufferedReader name='/dev/null'>", 'devnull_read', <_io.BufferedReader name='/dev/null'>]
autopkgtest-virt-qemu: DBG:  +< tar --directory /home/minami/Documents/openkylin-riscv/test/libdevel-declare-perl/tests-tree/ --warning=none -c . -f -
autopkgtest-virt-qemu: DBG:  +> /tmp/autopkgtest-qemu.mi1x471e/runcmd sh -ec if ! test -d /tmp/autopkgtest.W75EGO/build.eRT/src/; then mkdir -- /tmp/autopkgtest.W75EGO/build.eRT/src/; fi; cd /tmp/autopkgtest.W75EGO/build.eRT/src/; tar --warning=none --preserve-permissions --extract --no-same-owner -f -
autopkgtest-virt-qemu: DBG:  +>?
autopkgtest-virt-qemu: DBG:  +<?
autopkgtest: DBG: got reply from testbed: ok
autopkgtest: DBG: testbed command ['chown', '-R', 'openkylin', '--', '/tmp/autopkgtest.W75EGO/build.eRT/src'], kind short, sout raw, serr pipe, env []
autopkgtest: DBG: testbed command exited with code 0
autopkgtest [23:17:48]: test autodep8-perl: /usr/share/pkg-perl-autopkgtest/runner runtime-deps
autopkgtest [23:17:48]: test autodep8-perl: [-----------------------
autopkgtest: DBG: testbed command ['su', '-s', '/bin/bash', 'openkylin', '-c', 'set -e; export USER=`id -nu`; . /etc/profile >/dev/null 2>&1 || true;  . ~/.profile >/dev/null 2>&1 || true; buildtree="/tmp/autopkgtest.W75EGO/build.eRT/src"; mkdir -p -m 1777 -- "/tmp/autopkgtest.W75EGO/autodep8-perl-artifacts"; export AUTOPKGTEST_ARTIFACTS="/tmp/autopkgtest.W75EGO/autodep8-perl-artifacts"; export ADT_ARTIFACTS="$AUTOPKGTEST_ARTIFACTS"; mkdir -p -m 755 "/tmp/autopkgtest.W75EGO/autopkgtest_tmp"; export AUTOPKGTEST_TMP="/tmp/autopkgtest.W75EGO/autopkgtest_tmp"; export ADTTMP="$AUTOPKGTEST_TMP"; export DEBIAN_FRONTEND=noninteractive; export LANG=C.UTF-8; export DEB_BUILD_OPTIONS=parallel=8; unset LANGUAGE LC_CTYPE LC_NUMERIC LC_TIME LC_COLLATE   LC_MONETARY LC_MESSAGES LC_PAPER LC_NAME LC_ADDRESS   LC_TELEPHONE LC_MEASUREMENT LC_IDENTIFICATION LC_ALL;cd "$buildtree"; exec /tmp/autopkgtest.W75EGO/wrapper.sh --script-pid-file=/tmp/autopkgtest_script_pid --stderr=/tmp/autopkgtest.W75EGO/autodep8-perl-stderr --stdout=/tmp/autopkgtest.W75EGO/autodep8-perl-stdout -- bash -ec \'/usr/share/pkg-perl-autopkgtest/runner runtime-deps\' ;'], kind test, sout raw, serr raw, env []
/usr/share/pkg-perl-autopkgtest/runtime-deps.d/use.t .. 
1..4
ok 1 -  /usr/bin/perl -w -M"Devel::Declare" -e 1 2>&1 exited successfully
ok 2 -  /usr/bin/perl -w -M"Devel::Declare" -e 1 2>&1 produced no (non-whitelisted) output
ok 3 - env PERL_DL_NONLAZY=1  /usr/bin/perl -w -M"Devel::Declare" -e 1 2>&1 exited successfully
ok 4 - env PERL_DL_NONLAZY=1  /usr/bin/perl -w -M"Devel::Declare" -e 1 2>&1 produced no (non-whitelisted) output
ok
All tests successful.
Files=1, Tests=4,  3 wallclock secs ( 0.27 usr  0.10 sys +  1.91 cusr  0.60 csys =  2.88 CPU)
Result: PASS
autopkgtest: DBG: testbed command exited with code 0
autopkgtest [23:17:56]: test autodep8-perl: -----------------------]
autopkgtest: DBG: testbed executing test finished with exit status 0
autopkgtest: DBG: sending command to testbed: copyup /tmp/autopkgtest.W75EGO/autodep8-perl-stdout /home/minami/Documents/openkylin-riscv/test/libdevel-declare-perl/autodep8-perl-stdout
autopkgtest-virt-qemu: DBG: executing copyup /tmp/autopkgtest.W75EGO/autodep8-perl-stdout /home/minami/Documents/openkylin-riscv/test/libdevel-declare-perl/autodep8-perl-stdout
autopkgtest-virt-qemu: DBG: ['cmdls', "(['/tmp/autopkgtest-qemu.mi1x471e/runcmd', 'sh', '-ec', 'cat </tmp/autopkgtest.W75EGO/autodep8-perl-stdout'], ['cat'])"]
autopkgtest-virt-qemu: DBG: ['srcstdin', "<_io.BufferedReader name='/dev/null'>", 'deststdout', "<_io.BufferedWriter name='/home/minami/Documents/openkylin-riscv/test/libdevel-declare-perl/autodep8-perl-stdout'>", 'devnull_read', <_io.BufferedReader name='/dev/null'>]
autopkgtest-virt-qemu: DBG:  +< /tmp/autopkgtest-qemu.mi1x471e/runcmd sh -ec cat </tmp/autopkgtest.W75EGO/autodep8-perl-stdout
autopkgtest-virt-qemu: DBG:  +> cat
autopkgtest-virt-qemu: DBG:  +>?
autopkgtest-virt-qemu: DBG:  +<?
autopkgtest: DBG: got reply from testbed: ok
autopkgtest: DBG: sending command to testbed: copyup /tmp/autopkgtest.W75EGO/autodep8-perl-stderr /home/minami/Documents/openkylin-riscv/test/libdevel-declare-perl/autodep8-perl-stderr
autopkgtest-virt-qemu: DBG: executing copyup /tmp/autopkgtest.W75EGO/autodep8-perl-stderr /home/minami/Documents/openkylin-riscv/test/libdevel-declare-perl/autodep8-perl-stderr
autopkgtest-virt-qemu: DBG: ['cmdls', "(['/tmp/autopkgtest-qemu.mi1x471e/runcmd', 'sh', '-ec', 'cat </tmp/autopkgtest.W75EGO/autodep8-perl-stderr'], ['cat'])"]
autopkgtest-virt-qemu: DBG: ['srcstdin', "<_io.BufferedReader name='/dev/null'>", 'deststdout', "<_io.BufferedWriter name='/home/minami/Documents/openkylin-riscv/test/libdevel-declare-perl/autodep8-perl-stderr'>", 'devnull_read', <_io.BufferedReader name='/dev/null'>]
autopkgtest-virt-qemu: DBG:  +< /tmp/autopkgtest-qemu.mi1x471e/runcmd sh -ec cat </tmp/autopkgtest.W75EGO/autodep8-perl-stderr
autopkgtest-virt-qemu: DBG:  +> cat
autopkgtest-virt-qemu: DBG:  +>?
autopkgtest-virt-qemu: DBG:  +<?
autopkgtest: DBG: got reply from testbed: ok
autopkgtest [23:17:58]: test autodep8-perl:  - - - - - - - - - - results - - - - - - - - - -
autodep8-perl        PASS (superficial)
autopkgtest: DBG: sending command to testbed: copyup /tmp/autopkgtest.W75EGO/autodep8-perl-artifacts/ /home/minami/Documents/openkylin-riscv/test/libdevel-declare-perl/artifacts/
autopkgtest-virt-qemu: DBG: executing copyup /tmp/autopkgtest.W75EGO/autodep8-perl-artifacts/ /home/minami/Documents/openkylin-riscv/test/libdevel-declare-perl/artifacts/
autopkgtest-virt-qemu: DBG: ['cmdls', "(['/tmp/autopkgtest-qemu.mi1x471e/runcmd', 'sh', '-ec', 'cd /tmp/autopkgtest.W75EGO/autodep8-perl-artifacts/; tar --warning=none -c . -f -'], ['tar', '--directory', '/home/minami/Documents/openkylin-riscv/test/libdevel-declare-perl/artifacts/', '--warning=none', '--preserve-permissions', '--extract', '--no-same-owner', '-f', '-'])"]
autopkgtest-virt-qemu: DBG: ['srcstdin', "<_io.BufferedReader name='/dev/null'>", 'deststdout', "<_io.BufferedReader name='/dev/null'>", 'devnull_read', <_io.BufferedReader name='/dev/null'>]
autopkgtest-virt-qemu: DBG:  +< /tmp/autopkgtest-qemu.mi1x471e/runcmd sh -ec cd /tmp/autopkgtest.W75EGO/autodep8-perl-artifacts/; tar --warning=none -c . -f -
autopkgtest-virt-qemu: DBG:  +> tar --directory /home/minami/Documents/openkylin-riscv/test/libdevel-declare-perl/artifacts/ --warning=none --preserve-permissions --extract --no-same-owner -f -
autopkgtest-virt-qemu: DBG:  +>?
autopkgtest-virt-qemu: DBG:  +<?
autopkgtest: DBG: got reply from testbed: ok
autopkgtest: DBG: testbed command ['rm', '-rf', '/tmp/autopkgtest.W75EGO/autodep8-perl-artifacts', '/tmp/autopkgtest.W75EGO/autopkgtest_tmp'], kind short, sout raw, serr pipe, env []
autopkgtest: DBG: testbed command exited with code 0
autopkgtest [23:17:59]: test autodep8-perl-recommends: preparing testbed
autopkgtest: DBG: testbed reset: modified=False, deps_installed=['libdevel-declare-perl', 'pkg-perl-autopkgtest'], deps_new=['libdevel-declare-perl', 'pkg-perl-autopkgtest']
autopkgtest: DBG: Binaries: no registered binaries, not publishing anything
autopkgtest: DBG: install_deps: deps_new=['libdevel-declare-perl', 'pkg-perl-autopkgtest']
autopkgtest: DBG: install-deps: satisfying libdevel-declare-perl, pkg-perl-autopkgtest
autopkgtest: DBG: install-deps: architecture resolved: libdevel-declare-perl, pkg-perl-autopkgtest
autopkgtest: DBG: testbed command ['test', '-w', '/var/lib/dpkg/status'], kind short, sout raw, serr raw, env []
autopkgtest: DBG: testbed command exited with code 0
autopkgtest: DBG: can use apt-get on testbed: True
autopkgtest: DBG: testbed command ['mkdir', '-p', '/tmp/autopkgtest.W75EGO'], kind short, sout raw, serr pipe, env []
autopkgtest: DBG: testbed command exited with code 0
autopkgtest: DBG: sending command to testbed: copydown /home/minami/Documents/openkylin-riscv/test/libdevel-declare-perl/3-autopkgtest-satdep.deb /tmp/autopkgtest.W75EGO/3-autopkgtest-satdep.deb
autopkgtest-virt-qemu: DBG: executing copydown /home/minami/Documents/openkylin-riscv/test/libdevel-declare-perl/3-autopkgtest-satdep.deb /tmp/autopkgtest.W75EGO/3-autopkgtest-satdep.deb
autopkgtest-virt-qemu: DBG: ['cmdls', "(['cat'], ['/tmp/autopkgtest-qemu.mi1x471e/runcmd', 'sh', '-ec', 'cat >/tmp/autopkgtest.W75EGO/3-autopkgtest-satdep.deb'])"]
autopkgtest-virt-qemu: DBG: ['srcstdin', "<_io.BufferedReader name='/home/minami/Documents/openkylin-riscv/test/libdevel-declare-perl/3-autopkgtest-satdep.deb'>", 'deststdout', "<_io.BufferedReader name='/dev/null'>", 'devnull_read', <_io.BufferedReader name='/dev/null'>]
autopkgtest-virt-qemu: DBG:  +< cat
autopkgtest-virt-qemu: DBG:  +> /tmp/autopkgtest-qemu.mi1x471e/runcmd sh -ec cat >/tmp/autopkgtest.W75EGO/3-autopkgtest-satdep.deb
autopkgtest-virt-qemu: DBG:  +>?
autopkgtest-virt-qemu: DBG:  +<?
autopkgtest: DBG: got reply from testbed: ok
autopkgtest: DBG: testbed command ['chown', '-R', 'openkylin', '--', '/tmp/autopkgtest.W75EGO/3-autopkgtest-satdep.deb'], kind short, sout raw, serr pipe, env []
autopkgtest: DBG: testbed command exited with code 0
autopkgtest: DBG: testbed command ['dpkg', '--unpack', '/tmp/autopkgtest.W75EGO/3-autopkgtest-satdep.deb'], kind short, sout pipe, serr pipe, env []
autopkgtest: DBG: testbed command exited with code 0
autopkgtest: DBG: testbed command ['/bin/sh', '-ec', ' apt-get install --assume-yes --fix-broken -o APT::Status-Fd=3 -o APT::Install-Recommends=false -o Dpkg::Options::=--force-confnew -o Debug::pkgProblemResolver=true 3>&2 2>&1'], kind install, sout raw, serr pipe, env ['DEBIAN_FRONTEND=noninteractive', 'APT_LISTBUGS_FRONTEND=none', 'APT_LISTCHANGES_FRONTEND=none']
Reading package lists...
Building dependency tree...
Reading state information...
Starting pkgProblemResolver with broken count: 0
Starting 2 pkgProblemResolver with broken count: 0
Done
0 upgraded, 0 newly installed, 0 to remove and 18 not upgraded.
1 not fully installed or removed.
After this operation, 0 B of additional disk space will be used.
Setting up autopkgtest-satdep (0) ...
autopkgtest: DBG: testbed command exited with code 0
autopkgtest: DBG: testbed command ['dpkg-query', '--show', '-f', '${Status}', 'libdevel-declare-perl'], kind short, sout pipe, serr pipe, env []
autopkgtest: DBG: testbed command exited with code 0
autopkgtest: DBG: testbed command ['dpkg', '--status', 'autopkgtest-satdep'], kind short, sout pipe, serr pipe, env []
autopkgtest: DBG: testbed command exited with code 0
autopkgtest: DBG: testbed command ['apt-get', '--simulate', '--quiet', '-o', 'APT::Get::Show-User-Simulation-Note=False', '--auto-remove', 'purge', 'autopkgtest-satdep'], kind short, sout pipe, serr pipe, env []
autopkgtest: DBG: testbed command exited with code 0
autopkgtest: DBG: testbed command ['dpkg', '--purge', 'autopkgtest-satdep'], kind short, sout raw, serr raw, env []
(Reading database ... 161318 files and directories currently installed.)
Removing autopkgtest-satdep (0) ...
autopkgtest: DBG: testbed command exited with code 0
autopkgtest: DBG: testbed command ['sh', '-ec', 'command -v dpkg-query'], kind short, sout pipe, serr pipe, env []
autopkgtest: DBG: testbed command exited with code 0
autopkgtest: DBG: testbed command ['sh', '-ec', "dpkg-query --show -f '${Package}\\t${Version}\\n' > /tmp/autopkgtest.W75EGO/autodep8-perl-recommends-packages.all"], kind short, sout raw, serr pipe, env []
autopkgtest: DBG: testbed command exited with code 0
autopkgtest: DBG: sending command to testbed: copyup /tmp/autopkgtest.W75EGO/autodep8-perl-recommends-packages.all /home/minami/Documents/openkylin-riscv/test/libdevel-declare-perl/autodep8-perl-recommends-packages.all
autopkgtest-virt-qemu: DBG: executing copyup /tmp/autopkgtest.W75EGO/autodep8-perl-recommends-packages.all /home/minami/Documents/openkylin-riscv/test/libdevel-declare-perl/autodep8-perl-recommends-packages.all
autopkgtest-virt-qemu: DBG: ['cmdls', "(['/tmp/autopkgtest-qemu.mi1x471e/runcmd', 'sh', '-ec', 'cat </tmp/autopkgtest.W75EGO/autodep8-perl-recommends-packages.all'], ['cat'])"]
autopkgtest-virt-qemu: DBG: ['srcstdin', "<_io.BufferedReader name='/dev/null'>", 'deststdout', "<_io.BufferedWriter name='/home/minami/Documents/openkylin-riscv/test/libdevel-declare-perl/autodep8-perl-recommends-packages.all'>", 'devnull_read', <_io.BufferedReader name='/dev/null'>]
autopkgtest-virt-qemu: DBG:  +< /tmp/autopkgtest-qemu.mi1x471e/runcmd sh -ec cat </tmp/autopkgtest.W75EGO/autodep8-perl-recommends-packages.all
autopkgtest-virt-qemu: DBG:  +> cat
autopkgtest-virt-qemu: DBG:  +>?
autopkgtest-virt-qemu: DBG:  +<?
autopkgtest: DBG: got reply from testbed: ok
autopkgtest: DBG: testbed command ['test', '-e', '/tmp/autopkgtest.W75EGO/build.eRT/src'], kind short, sout raw, serr raw, env []
autopkgtest: DBG: testbed command exited with code 0
autopkgtest: DBG: copydown: tb path /tmp/autopkgtest.W75EGO/build.eRT/src already exists
autopkgtest [23:18:21]: test autodep8-perl-recommends: /usr/share/pkg-perl-autopkgtest/runner runtime-deps-and-recommends
autopkgtest [23:18:21]: test autodep8-perl-recommends: [-----------------------
autopkgtest: DBG: testbed command ['su', '-s', '/bin/bash', 'openkylin', '-c', 'set -e; export USER=`id -nu`; . /etc/profile >/dev/null 2>&1 || true;  . ~/.profile >/dev/null 2>&1 || true; buildtree="/tmp/autopkgtest.W75EGO/build.eRT/src"; mkdir -p -m 1777 -- "/tmp/autopkgtest.W75EGO/autodep8-perl-recommends-artifacts"; export AUTOPKGTEST_ARTIFACTS="/tmp/autopkgtest.W75EGO/autodep8-perl-recommends-artifacts"; export ADT_ARTIFACTS="$AUTOPKGTEST_ARTIFACTS"; mkdir -p -m 755 "/tmp/autopkgtest.W75EGO/autopkgtest_tmp"; export AUTOPKGTEST_TMP="/tmp/autopkgtest.W75EGO/autopkgtest_tmp"; export ADTTMP="$AUTOPKGTEST_TMP"; export DEBIAN_FRONTEND=noninteractive; export LANG=C.UTF-8; export DEB_BUILD_OPTIONS=parallel=8; unset LANGUAGE LC_CTYPE LC_NUMERIC LC_TIME LC_COLLATE   LC_MONETARY LC_MESSAGES LC_PAPER LC_NAME LC_ADDRESS   LC_TELEPHONE LC_MEASUREMENT LC_IDENTIFICATION LC_ALL;cd "$buildtree"; exec /tmp/autopkgtest.W75EGO/wrapper.sh --script-pid-file=/tmp/autopkgtest_script_pid --stderr=/tmp/autopkgtest.W75EGO/autodep8-perl-recommends-stderr --stdout=/tmp/autopkgtest.W75EGO/autodep8-perl-recommends-stdout -- bash -ec \'/usr/share/pkg-perl-autopkgtest/runner runtime-deps-and-recommends\' ;'], kind test, sout raw, serr raw, env []
/usr/share/pkg-perl-autopkgtest/runtime-deps-and-recommends.d/syntax.t .. 
1..4
ok 1 - Package libdevel-declare-perl is known to dpkg
ok 2 - Got status information for package libdevel-declare-perl
ok 3 - Got file list for package libdevel-declare-perl
# Subtest: all modules in libdevel-declare-perl pass the syntax check
    1..3
    ok 1 - /usr/bin/perl -wc /usr/lib/riscv64-linux-gnu/perl5/5.30/Devel/Declare/Context/Simple.pm exited successfully
    ok 2 - /usr/bin/perl -wc /usr/lib/riscv64-linux-gnu/perl5/5.30/Devel/Declare/MethodInstaller/Simple.pm exited successfully
    ok 3 - /usr/bin/perl -wc /usr/lib/riscv64-linux-gnu/perl5/5.30/Devel/Declare.pm exited successfully
ok 4 - all modules in libdevel-declare-perl pass the syntax check
ok
All tests successful.
Files=1, Tests=4,  4 wallclock secs ( 0.25 usr  0.07 sys +  2.22 cusr  0.86 csys =  3.40 CPU)
Result: PASS
autopkgtest: DBG: testbed command exited with code 0
autopkgtest [23:18:29]: test autodep8-perl-recommends: -----------------------]
autopkgtest: DBG: testbed executing test finished with exit status 0
autopkgtest: DBG: sending command to testbed: copyup /tmp/autopkgtest.W75EGO/autodep8-perl-recommends-stdout /home/minami/Documents/openkylin-riscv/test/libdevel-declare-perl/autodep8-perl-recommends-stdout
autopkgtest-virt-qemu: DBG: executing copyup /tmp/autopkgtest.W75EGO/autodep8-perl-recommends-stdout /home/minami/Documents/openkylin-riscv/test/libdevel-declare-perl/autodep8-perl-recommends-stdout
autopkgtest-virt-qemu: DBG: ['cmdls', "(['/tmp/autopkgtest-qemu.mi1x471e/runcmd', 'sh', '-ec', 'cat </tmp/autopkgtest.W75EGO/autodep8-perl-recommends-stdout'], ['cat'])"]
autopkgtest-virt-qemu: DBG: ['srcstdin', "<_io.BufferedReader name='/dev/null'>", 'deststdout', "<_io.BufferedWriter name='/home/minami/Documents/openkylin-riscv/test/libdevel-declare-perl/autodep8-perl-recommends-stdout'>", 'devnull_read', <_io.BufferedReader name='/dev/null'>]
autopkgtest-virt-qemu: DBG:  +< /tmp/autopkgtest-qemu.mi1x471e/runcmd sh -ec cat </tmp/autopkgtest.W75EGO/autodep8-perl-recommends-stdout
autopkgtest-virt-qemu: DBG:  +> cat
autopkgtest-virt-qemu: DBG:  +>?
autopkgtest-virt-qemu: DBG:  +<?
autopkgtest: DBG: got reply from testbed: ok
autopkgtest: DBG: sending command to testbed: copyup /tmp/autopkgtest.W75EGO/autodep8-perl-recommends-stderr /home/minami/Documents/openkylin-riscv/test/libdevel-declare-perl/autodep8-perl-recommends-stderr
autopkgtest-virt-qemu: DBG: executing copyup /tmp/autopkgtest.W75EGO/autodep8-perl-recommends-stderr /home/minami/Documents/openkylin-riscv/test/libdevel-declare-perl/autodep8-perl-recommends-stderr
autopkgtest-virt-qemu: DBG: ['cmdls', "(['/tmp/autopkgtest-qemu.mi1x471e/runcmd', 'sh', '-ec', 'cat </tmp/autopkgtest.W75EGO/autodep8-perl-recommends-stderr'], ['cat'])"]
autopkgtest-virt-qemu: DBG: ['srcstdin', "<_io.BufferedReader name='/dev/null'>", 'deststdout', "<_io.BufferedWriter name='/home/minami/Documents/openkylin-riscv/test/libdevel-declare-perl/autodep8-perl-recommends-stderr'>", 'devnull_read', <_io.BufferedReader name='/dev/null'>]
autopkgtest-virt-qemu: DBG:  +< /tmp/autopkgtest-qemu.mi1x471e/runcmd sh -ec cat </tmp/autopkgtest.W75EGO/autodep8-perl-recommends-stderr
autopkgtest-virt-qemu: DBG:  +> cat
autopkgtest-virt-qemu: DBG:  +>?
autopkgtest-virt-qemu: DBG:  +<?
autopkgtest: DBG: got reply from testbed: ok
autopkgtest [23:18:30]: test autodep8-perl-recommends:  - - - - - - - - - - results - - - - - - - - - -
autodep8-perl-recommends PASS (superficial)
autopkgtest: DBG: sending command to testbed: copyup /tmp/autopkgtest.W75EGO/autodep8-perl-recommends-artifacts/ /home/minami/Documents/openkylin-riscv/test/libdevel-declare-perl/artifacts/
autopkgtest-virt-qemu: DBG: executing copyup /tmp/autopkgtest.W75EGO/autodep8-perl-recommends-artifacts/ /home/minami/Documents/openkylin-riscv/test/libdevel-declare-perl/artifacts/
autopkgtest-virt-qemu: DBG: ['cmdls', "(['/tmp/autopkgtest-qemu.mi1x471e/runcmd', 'sh', '-ec', 'cd /tmp/autopkgtest.W75EGO/autodep8-perl-recommends-artifacts/; tar --warning=none -c . -f -'], ['tar', '--directory', '/home/minami/Documents/openkylin-riscv/test/libdevel-declare-perl/artifacts/', '--warning=none', '--preserve-permissions', '--extract', '--no-same-owner', '-f', '-'])"]
autopkgtest-virt-qemu: DBG: ['srcstdin', "<_io.BufferedReader name='/dev/null'>", 'deststdout', "<_io.BufferedReader name='/dev/null'>", 'devnull_read', <_io.BufferedReader name='/dev/null'>]
autopkgtest-virt-qemu: DBG:  +< /tmp/autopkgtest-qemu.mi1x471e/runcmd sh -ec cd /tmp/autopkgtest.W75EGO/autodep8-perl-recommends-artifacts/; tar --warning=none -c . -f -
autopkgtest-virt-qemu: DBG:  +> tar --directory /home/minami/Documents/openkylin-riscv/test/libdevel-declare-perl/artifacts/ --warning=none --preserve-permissions --extract --no-same-owner -f -
autopkgtest-virt-qemu: DBG:  +>?
autopkgtest-virt-qemu: DBG:  +<?
autopkgtest: DBG: got reply from testbed: ok
autopkgtest: DBG: testbed command ['rm', '-rf', '/tmp/autopkgtest.W75EGO/autodep8-perl-recommends-artifacts', '/tmp/autopkgtest.W75EGO/autopkgtest_tmp'], kind short, sout raw, serr pipe, env []
autopkgtest: DBG: testbed command exited with code 0
autopkgtest: DBG: needs_reset, previously=False, requested by run_tests() line 208
autopkgtest [23:18:31]: @@@@@@@@@@@@@@@@@@@@ summary
autodep8-perl-build-deps PASS
autodep8-perl        PASS (superficial)
autodep8-perl-recommends PASS (superficial)
autopkgtest: DBG: testbed stop
autopkgtest: DBG: testbed close, scratch=/tmp/autopkgtest.W75EGO
autopkgtest: DBG: sending command to testbed: close
autopkgtest-virt-qemu: DBG: executing close
autopkgtest-virt-qemu: DBG: cleanup...
qemu-system-riscv64: terminating on signal 15 from pid 3675567 (/usr/bin/python3)
autopkgtest: DBG: got reply from testbed: ok
autopkgtest: DBG: sending command to testbed: quit
autopkgtest-virt-qemu: DBG: executing quit
autopkgtest-virt-qemu: DBG: cleanup...
