t/IO_InnerFile.t .... 
1..7
ok 1
ok 2
ok 3
ok 4
ok 5
ok 6
ok 7
# END
ok
t/IO_Lines.t ........ 
1..32
ok 1
ok 2
ok 3
ok 4
ok 5
ok 6
ok 7
ok 8
ok 9
ok 10
ok 11
ok 12
ok 13
ok 14
ok 15
ok 16
ok 17
ok 18
ok 19
ok 20
ok 21
ok 22
ok 23
ok 24
ok 25
ok 26
ok 27
ok 28
ok 29
ok 30
ok 31
ok 32
# END
ok
t/IO_Scalar.t ....... 
1..39
ok 1
ok 2
ok 3
ok 4
ok 5
ok 6
ok 7
ok 8
ok 9
ok 10
ok 11
ok 12
ok 13
ok 14
ok 15
ok 16
ok 17
ok 18
ok 19
ok 20
ok 21
ok 22
ok 23
ok 24
ok 25
ok 26
ok 27
ok 28
ok 29
ok 30
ok 31
ok 32
ok 33
ok 34
ok 35
ok 36
ok 37
ok 38
ok 39
# END
ok
t/IO_ScalarArray.t .. 
1..33
ok 1
ok 2
ok 3
ok 4
ok 5
ok 6
ok 7
ok 8
ok 9
ok 10
ok 11
ok 12
ok 13
ok 14
ok 15
ok 16
ok 17
ok 18
ok 19
ok 20
ok 21
ok 22
ok 23
ok 24
ok 25
ok 26
ok 27
ok 28
ok 29
ok 30
ok 31
ok 32
ok 33
# END
ok
t/IO_WrapTie.t ...... 
1..6
ok 1
ok 2
ok 3
ok 4
ok 5
ok 6
# END
ok
t/simple.t .......... 
1..6
ok 1
ok 2
ok 3
ok 4
ok 5
ok 6
# END
ok
t/two.t ............. 
1..2
ok 1
ok 2
# END
ok
All tests successful.
Files=7, Tests=125,  5 wallclock secs ( 0.60 usr  0.21 sys +  3.50 cusr  0.86 csys =  5.17 CPU)
Result: PASS
