t/01_trigger.t .............. 
ok 1 - add_trigger in Foo
ok 2 - add_trigger in foo
ok 3
ok 4 - add_trigger in Foo
ok 5
ok 6 - add_trigger in Foo
ok 7 - class name
ok 8 - check for right callback param
ok 9 - check for depricated multi-trigger add
1..9
ok
t/02_valid.t ................ 
1..4
ok 1
ok 2
ok 3 - invalid is not valid triggerpoint for Foo::Valid at t/02_valid.t line 11.
# 
ok 4 - invalid is not valid triggerpoint for Foo::Valid at t/lib/Foo/Valid.pm line 7.
# 
ok
t/03_inherit.t .............. 
1..6
ok 1 - add_trigger in Foo
ok 2 - add_trigger in Foo::Bar
ok 3 - add_trigger in Foo::Bar
ok 4 - add_trigger in Foo
ok 5
ok 6 - Foo not affected
ok
t/04_object.t ............... 
1..5
ok 1 - add_trigger in Foo
ok 2
ok 3
ok 4
ok 5
ok
t/05_args.t ................. 
1..3
ok 1 - add_trigger in Foo
ok 2
ok 3
ok
t/06_coverage.t ............. 
1..1
ok 1 - no triggers, no action
ok
t/07_abortable_callbacks.t .. 
ok 1 - add_trigger in Foo
ok 2 - add_trigger in foo
ok 3
ok 4 - add_trigger in Foo
ok 5
ok 6 - add_trigger in Foo
ok 7 - class name
ok 8 - add_trigger in Foo
ok 9 - Success returned
ok 10
ok 11 - class name
ok 12 - add_trigger in Foo
ok 13 - add_trigger in Foo
ok 14 - The lat thing we ran was 'stopping_after', then returned failure 
ok 15 - class name
ok 16
ok 17 - check for right callback param
1..17
ok
t/08_dollar_underscore.t .... 
1..2
ok 1
ok 2
ok
t/09_inherit.t .............. 
1..3
ok 1
ok 2
ok 3
ok
All tests successful.
Files=9, Tests=50, 10 wallclock secs ( 0.51 usr  0.21 sys +  7.09 cusr  2.38 csys = 10.19 CPU)
Result: PASS
