t/00_diag.t ..... 
1..1
ok 1 - okay
# 
# 
# 
# HARNESS_ACTIVE=1
# HARNESS_IS_VERBOSE=1
# HARNESS_VERSION=3.42
# LANG=C.UTF-8
# PERL5LIB=/tmp/autopkgtest.Rnjeo7/autopkgtest_tmp/smokeHxgvbZ/blib/lib:/tmp/autopkgtest.Rnjeo7/autopkgtest_tmp/smokeHxgvbZ/blib/arch:/tmp/autopkgtest.Rnjeo7/autopkgtest_tmp/smokeHxgvbZ
# SHELL=/bin/bash
# 
# 
# 
# PERL5LIB path
# /tmp/autopkgtest.Rnjeo7/autopkgtest_tmp/smokeHxgvbZ/blib/lib
# /tmp/autopkgtest.Rnjeo7/autopkgtest_tmp/smokeHxgvbZ/blib/arch
# /tmp/autopkgtest.Rnjeo7/autopkgtest_tmp/smokeHxgvbZ
# 
# 
# 
# perl                5.030000
# ExtUtils::MakeMaker 7.34
# Test::More          1.302162
# 
# 
# 
ok
t/01_use.t ...... 
1..1
ok 1 - use File::Which;
ok
t/file_which.t .. 
1..19
ok 1 - Null-length false result
ok 2 - Positive length false result
ok 3 - Found test-bin
ok 4 # skip Not on DOS-like filesystem
ok 5 # skip Not on DOS-like filesystem
ok 6 # skip Not on DOS-like filesystem
ok 7 - Check test3 for Unix
ok 8 # skip Not on a cygwin filesystem
ok 9 # skip Not on a cygwin filesystem
ok 10 # skip Not on a DOS or VMS filesystem
ok 11 - Found test-bin
ok 12 - Found all
ok 13 - Found at least one result
ok 14 - Scalar which result matches where result
ok 15 - zero = corpus/test-bin-unix/0
ok 16 - empty string
ok 17 - Found path to perl
ok 18 - Found path to perl
ok 19 - perl exists
ok
All tests successful.
Files=3, Tests=21,  4 wallclock secs ( 0.28 usr  0.13 sys +  2.87 cusr  0.95 csys =  4.23 CPU)
Result: PASS
