t/alias.t ...... 
1..8
ok 1 - locale eq ENCODING_LOCALE
ok 2 - Locale eq ENCODING_LOCALE
ok 3 - locale_fs eq ENCODING_LOCALE_FS
ok 4 - Locale_FS eq ENCODING_LOCALE_FS
ok 5 - console_in eq ENCODING_CONSOLE_IN
ok 6 - Console_IN eq ENCODING_CONSOLE_IN
ok 7 - console_out eq ENCODING_CONSOLE_OUT
ok 8 - Console_OUT eq ENCODING_CONSOLE_OUT
ok
t/arg.t ........ 
# ENCODING_LOCALE is UTF-8
1..4
ok 1 - chars(funny) octets(funny) argv(funny) # TODO ARGV decoding
ok 2 - chars(chars) octets(chars) argv(chars) # TODO ARGV decoding
ok 3 - chars(\x{0161}) octets(\xC5\xA1) argv(\x{0161}) # TODO ARGV decoding
ok 4 - chars(\x{2122}) octets(\xE2\x84\xA2) argv(\x{2122}) # TODO ARGV decoding
ok
t/env.t ........ 
1..13
ok 1 - env read
ok 2 - env write retval old value
ok 3 - env write worked
ok 4 - env affected %ENV
ok 5 - env write retval old value
ok 6 - env write worked
ok 7 - env write undef deletes from %ENV
ok 8 - env write retval encoded
ok 9 - env write worked
ok 10 - env affected %ENV
ok 11 - env write retval old value
ok 12 - env write worked
ok 13 - env affected %ENV
ok
t/tain.t ....... 
1..1
ok 1 - no warnings
ok
t/warn_once.t .. 
1..2
ok 1 - foo√ø
ok 2 - no warnings
ok
All tests successful.

Test Summary Report
-------------------
t/arg.t      (Wstat: 0 Tests: 4 Failed: 0)
  TODO passed:   1-4
Files=5, Tests=28,  6 wallclock secs ( 0.36 usr  0.16 sys +  4.09 cusr  1.39 csys =  6.00 CPU)
Result: PASS
