t/albania.t .............. 
1..11
ok 1 - An object of class 'Business::ISBN10' isa 'Business::ISBN10'
ok 2 - Data module imported
ok 3 - 9992701579 is valid
ok 4 - 9992701579 has right group code
ok 5 - 9992701579 has right publisher
ok 6 - 9992701579 has right group
ok 7 - 9992701579 has right article code
ok 8 - 9992701579 has right checksum
ok 9 - 9992701579 has right checksum
ok 10 - 9992701579 stringifies correctly
ok 11 - 9992701579 stringifies correctly
ok
t/constants.t ............ 
ok 1 - require Business::ISBN;
ok 2 - Business::ISBN->can('import')
ok 3
ok 4
ok 5 - A reference of type 'ARRAY' isa 'ARRAY'
ok 6
ok 7 - Constant 'INVALID_GROUP_CODE' is defined
ok 8 - Constant 'INVALID_PUBLISHER_CODE' is defined
ok 9 - Constant 'BAD_CHECKSUM' is defined
ok 10 - Constant 'GOOD_ISBN' is defined
ok 11 - Constant 'BAD_ISBN' is defined
1..11
ok
t/errors.t ............... 
ok 1 - use Business::ISBN;
ok 2 - Business::ISBN->can(...)
# Subtest: bad_group
    ok 1 - Business::ISBN->can(...)
    ok 2 - ISBN 9786316294241 is invalid
    ok 3 - ISBN 9786316294241 is an error
    ok 4 - ISBN 9786316294241 error text mentions 'group'
    ok 5 - ISBN 9786316294241 has a bad group
    ok 6 - ISBN 6316294247 is invalid
    ok 7 - ISBN 6316294247 is an error
    ok 8 - ISBN 6316294247 error text mentions 'group'
    ok 9 - ISBN 6316294247 has a bad group
    ok 10 - ISBN 0596527241 is valid
    ok 11 - ISBN 0596527241 is not an error
    1..11
ok 3 - bad_group
# Subtest: bad_publisher
    ok 1 - Business::ISBN->can('error_is_bad_publisher')
    ok 2 - ISBN 9656123456 is invalid
    ok 3 - ISBN 9656123456 is an error
    ok 4 - ISBN 9656123456 error text mentions 'publisher'
    ok 5 - ISBN 9656123456 has a bad publisher
    1..5
ok 4 - bad_publisher
1..4
ok
t/github/3.t ............. 
ok 1 - use Business::ISBN;
# Subtest: good_checksum
    ok 1 - Publisher code is bad
    ok 2 - Not a good ISBN
    ok 3 - Publisher code is still bad
    ok 4 - Still not a good ISBN
    1..4
ok 2 - good_checksum
# Subtest: bad_checksum
    ok 1
    ok 2 - Publisher code is bad
    ok 3 - Not a good ISBN
    ok 4 - Publisher code is still bad
    ok 5 - Still not a good ISBN
    1..5
ok 3 - bad_checksum
1..3
ok
t/interface.t ............ 
ok 1 - Unimplemented method [as_isbn10] croaks
ok 2 - Unimplemented method [as_isbn13] croaks
ok 3 - Unimplemented method [_set_prefix] croaks
ok 4 - Unimplemented method [_set_type] croaks
ok 5 - Unimplemented method [_hyphen_positions] croaks
1..5
ok
t/isbn10.t ............... 
ok 1 - An object of class 'Business::ISBN10' isa 'Business::ISBN10'
ok 2 - 0596527241 is valid
ok 3 - 0596527241 has right type
ok 4 - 0596527241 has right prefix
ok 5 - 0596527241 has right publisher
ok 6 - 0596527241 has right country code
ok 7 - 0596527241 has right country
ok 8 - 0596527241 stringifies correctly
ok 9 - 0596527241 stringifies correctly
ok 10 - 0596527241 stringifies correctly
ok 11 - An object of class 'Business::ISBN10' isa 'Business::ISBN10'
ok 12 - 0596527241 is valid
ok 13 - 0596527241 has right publisher
ok 14 - 0596527241 has right country code
ok 15 - 0596527241 has right country
ok 16 - 0596527241 stringifies correctly
ok 17 - 0596527241 stringifies correctly
ok 18 - An object of class 'Business::ISBN13' isa 'Business::ISBN13'
ok 19 - 0596527241 is valid
ok 20 - 0596527241 has right type
ok 21 - 0596527241 has right prefix
ok 22 - 0596527241 has right publisher
ok 23 - 0596527241 has right country code
ok 24 - 0596527241 has right country
ok 25 - 0596527241 stringifies correctly
ok 26 - 0596527241 stringifies correctly
ok 27 - An object of class 'Business::ISBN10' isa 'Business::ISBN10'
ok 28 - Bad checksum [0596527244] is invalid
ok 29 - Bad ISBN is in input_data
ok 30 - Bad checksum [0596527244] had checksum fixed
ok 31 - Bad ISBN is still in input_data
ok 32 - An object of class 'Business::ISBN10' isa 'Business::ISBN10'
ok 33 - Bad group code [9990022576] is invalid
ok 34 - An object of class 'Business::ISBN10' isa 'Business::ISBN10'
ok 35 - Bad publisher [9165022222] is invalid
ok 36 - 0596527241 converted to EAN
ok 37 - Setting prefix on ISBN-10 fails
ok 38 # skip Could not read isbns.txt: No such file or directory
ok 39 # skip Could not read bad-isbns.txt: No such file or directory
1..39
ok
t/isbn13.t ............... 
ok 1 - An object of class 'Business::ISBN13' isa 'Business::ISBN13'
ok 2 - 9780596527242 is valid
ok 3 - 9780596527242 has right prefix
ok 4 - 9780596527242 has right group code
ok 5 - 9780596527242 has right group
ok 6 - 9780596527242 has right publisher
ok 7 - 9780596527242 has right article
ok 8 - 9780596527242 has right checksum
ok 9 - 9780596527242 stringifies correctly
ok 10 - 9780596527242 stringifies correctly
ok 11 - An object of class 'Business::ISBN13' isa 'Business::ISBN13'
ok 12 - 9780596527242 is valid
ok 13 - 9780596527242 has right prefix
ok 14 - 9780596527242 has right group code
ok 15 - 9780596527242 has right group
ok 16 - 9780596527242 has right publisher
ok 17 - 9780596527242 has right article
ok 18 - 9780596527242 has right checksum
ok 19 - 9780596527242 stringifies correctly
ok 20 - 9780596527242 stringifies correctly
ok 21 - An object of class 'Business::ISBN10' isa 'Business::ISBN10'
ok 22 - 9780596527242 is valid
ok 23 - 9780596527242 has right type
ok 24 - 9780596527242 has right prefix
ok 25 - 9780596527242 has right publisher
ok 26 - 9780596527242 has right country code
ok 27 - 9780596527242 has right country
ok 28 - 9780596527242 stringifies correctly
ok 29 - An object of class 'Business::ISBN13' isa 'Business::ISBN13'
ok 30 - Bad checksum [9780596527244] is invalid
ok 31 - Bad checksum [9780596527244] had checksum fixed
ok 32 - 9780596527242 stringifies correctly
ok 33 - 9780596527242 stringifies correctly
ok 34 - An object of class 'Business::ISBN13' isa 'Business::ISBN13'
ok 35 - Bad group code [978-9990022576] is invalid
ok 36 - An object of class 'Business::ISBN13' isa 'Business::ISBN13'
ok 37 - Bad publisher [978-9165022222] is invalid
ok 38 - Setting prefix 977 on ISBN-13 fails
ok 39 - Setting prefix '' on ISBN-13 fails
ok 40 # skip Could not read isbn13s.txt: No such file or directory
ok 41 # skip Could not read bad-isbn13s.txt: No such file or directory
1..41
ok
t/load.t ................. 
1..3
ok 1 - use Business::ISBN;
ok 2 - use Business::ISBN10;
ok 3 - use Business::ISBN13;
ok
t/png_barcode.t .......... 
1..8
ok 1 - use Business::ISBN;
ok 2 - Method defined
ok 3 - An object of class 'Business::ISBN10' isa 'Business::ISBN'
ok 4 - Valid ISBN
ok 5 - PNG defined for 0596527241
ok 6 - An object of class 'Business::ISBN13' isa 'Business::ISBN'
ok 7 - Valid ISBN
ok 8 - PNG defined for 9780596527242
ok
t/rt/27107.t ............. 
ok 1 - use Business::ISBN;
ok 2 - An object of class 'Business::ISBN13' isa 'Business::ISBN'
ok 3 - Valid ISBN
ok 4 - String version comes back as undef
ok 5 - Checksum was just fine, thank you.
1..5
ok
t/rt/28843.t ............. 
1..5
ok 1 - use Business::ISBN;
ok 2 - ISBN object is not defined (good)
ok 3 - An object of class 'Business::ISBN13' isa 'Business::ISBN'
ok 4 - ISBN is not valid
ok 5 - Error is an invalid prefix
ok
t/rt/29089.t ............. 
ok 1 # skip Could not read isbn13s.txt: No such file or directory
1..1
ok
t/rt/29292.t ............. 
ok 1 - [91-7119-704-4] comes out right
ok 2 - [978-91-7119-810-5] comes out right
ok 3 - [978-0-911910-00-1] comes out right
ok 4 - [978-0-88264-180-5] comes out right
1..4
ok
t/step.t ................. 
# Subtest: setup
    ok 1 - use Business::ISBN;
    ok 2 - Business::ISBN->can(...)
    1..2
ok 1 - setup
# Subtest: make_isbn
    ok 1 - An object of class 'Business::ISBN13' isa 'Business::ISBN'
    ok 2 - Business::ISBN->can(...)
    1..2
ok 2 - make_isbn
# Subtest: one_more
    ok 1 - An object of class 'Business::ISBN13' isa 'Business::ISBN'
    ok 2 - An object of class 'Business::ISBN13' isa 'Business::ISBN'
    ok 3 - An object of class 'Business::ISBN13' isa 'Business::ISBN'
    ok 4 - One more matches
    1..4
ok 3 - one_more
# Subtest: one_less
    ok 1 - An object of class 'Business::ISBN13' isa 'Business::ISBN'
    ok 2 - An object of class 'Business::ISBN13' isa 'Business::ISBN'
    ok 3 - An object of class 'Business::ISBN13' isa 'Business::ISBN'
    ok 4 - One less matches
    1..4
ok 4 - one_less
# Subtest: too_little
    ok 1 - An object of class 'Business::ISBN13' isa 'Business::ISBN'
    ok 2 - Incrementing below 0 would be out of range
    1..2
ok 5 - too_little
# Subtest: too_much
    ok 1 - An object of class 'Business::ISBN13' isa 'Business::ISBN'
    ok 2 - Incrementing past 9999 would be out of range
    1..2
ok 6 - too_much
1..6
ok
t/valid_isbn_checksum.t .. 
ok 1 - require Business::ISBN;
ok 2 - Defined in module
ok 3 - Defined in main
ok 4 - Good ISBN10 passes
ok 5 - Good ISBN13 passes
ok 6 - Bad ISBN10 fails (good)
ok 7 - Bad ISBN13 fails (good)
1..7
ok
All tests successful.
Files=15, Tests=153, 19 wallclock secs ( 0.62 usr  0.35 sys + 13.80 cusr  4.56 csys = 19.33 CPU)
Result: PASS
