autopkgtest: DBG: testbed init
autopkgtest [13:37:26]: starting date and time: 2023-02-19 13:37:26+0800
autopkgtest [13:37:26]: version 5.28
autopkgtest [13:37:26]: host debian; command line: /usr/bin/autopkgtest /home/minami/Documents/openkylin-riscv/src/libbusiness-isbn-perl_3.006-ok1.dsc -o /home/minami/Documents/openkylin-riscv/test/libbusiness-isbn-perl -d -B -- qemu -u root -p openkylin --qemu-architecture=riscv64 -c 8 --ram-size=8192 -d '--qemu-options=-machine virt -kernel /home/minami/Documents/ukylin/u-boot.bin' /home/minami/Documents/openkylin-riscv/testing.qcow2
autopkgtest: DBG: got reply from testbed: ok
autopkgtest: DBG: testbed open, scratch=None
autopkgtest: DBG: sending command to testbed: open
autopkgtest-virt-qemu: DBG: executing open
autopkgtest-virt-qemu: DBG: find_free_port: trying 10022
autopkgtest-virt-qemu: DBG: find_free_port: 10022 is free
autopkgtest-virt-qemu: DBG: autopkgtest does not know how to boot this machine, hopefully nothing special needs to be done?
autopkgtest-virt-qemu: DBG: qemu architecture: riscv64
autopkgtest-virt-qemu: DBG: qemu command: qemu-system-riscv64
autopkgtest-virt-qemu: DBG: execute-timeout: qemu-img info --output=json /home/minami/Documents/openkylin-riscv/testing.qcow2
autopkgtest-virt-qemu: DBG: Creating temporary overlay image in /tmp/autopkgtest-qemu.g8gmz3yf/overlay.img
autopkgtest-virt-qemu: DBG: execute-timeout: qemu-img create -f qcow2 -F qcow2 -b /home/minami/Documents/openkylin-riscv/testing.qcow2 /tmp/autopkgtest-qemu.g8gmz3yf/overlay.img
autopkgtest-virt-qemu: DBG: Forwarding local port 10022 to VM ssh port 22
autopkgtest-virt-qemu: DBG: Assuming nothing special needs to be done to set up firmware to boot this machine (boot method: none)
autopkgtest-virt-qemu: DBG: full qemu command-line: ['qemu-system-riscv64', '-m', '8192', '-smp', '8', '-nographic', '-device', 'virtio-net-device,netdev=usernet', '-netdev', 'user,id=usernet,hostfwd=tcp:127.0.0.1:10022-:22', '-object', 'rng-random,filename=/dev/urandom,id=rng0', '-device', 'virtio-rng-pci,rng=rng0,id=rng-device0', '-monitor', 'unix:/tmp/autopkgtest-qemu.g8gmz3yf/monitor,server=on,wait=off', '-virtfs', 'local,id=autopkgtest,path=/tmp/autopkgtest-qemu.g8gmz3yf/shared,security_model=none,mount_tag=autopkgtest', '-device', 'virtio-serial', '-chardev', 'socket,path=/tmp/autopkgtest-qemu.g8gmz3yf/hvc0,server=on,wait=off,id=hvc0', '-device', 'virtconsole,chardev=hvc0', '-chardev', 'socket,path=/tmp/autopkgtest-qemu.g8gmz3yf/hvc1,server=on,wait=off,id=hvc1', '-device', 'virtconsole,chardev=hvc1', '-serial', 'unix:/tmp/autopkgtest-qemu.g8gmz3yf/ttyS0,server=on,wait=off', '-drive', 'index=0,file=/tmp/autopkgtest-qemu.g8gmz3yf/overlay.img,format=qcow2,cache=unsafe,if=virtio,discard=unmap', '-machine', 'virt', '-kernel', '/home/minami/Documents/ukylin/u-boot.bin']
autopkgtest-virt-qemu: DBG: expect: b' login: '
autopkgtest-virt-qemu: DBG: expect: found "'login prompt on serial console'"
autopkgtest-virt-qemu: DBG: expect: b'ok'
autopkgtest-virt-qemu: DBG: expect: found "b'ok'"
autopkgtest-virt-qemu: DBG: setup_shell(): there already is a shell on hvc1
qemu-system-riscv64: warning: 9p: degraded performance: a reasonable high msize should be chosen on client/guest side (chosen msize is <= 8192). See https://wiki.qemu.org/Documentation/9psetup#msize for details.
autopkgtest-virt-qemu: DBG: expect: b'5a88dc37-f4d8-4dd3-8020-88fb8e4f36a4[1]'
autopkgtest-virt-qemu: DBG: expect: found "b'5a88dc37-f4d8-4dd3-8020-88fb8e4f36a4[1]'"
autopkgtest-virt-qemu: DBG: expect: b'5a88dc37-f4d8-4dd3-8020-88fb8e4f36a4[2]'
autopkgtest-virt-qemu: DBG: expect: found "b'5a88dc37-f4d8-4dd3-8020-88fb8e4f36a4[2]'"
autopkgtest-virt-qemu: DBG: expect: b'5a88dc37-f4d8-4dd3-8020-88fb8e4f36a4[3]'
autopkgtest-virt-qemu: DBG: expect: found "b'5a88dc37-f4d8-4dd3-8020-88fb8e4f36a4[3]'"
autopkgtest-virt-qemu: DBG: expect: b'/python'
autopkgtest-virt-qemu: DBG: expect: found "b'/python'"
autopkgtest-virt-qemu: DBG: expect: b'# '
autopkgtest-virt-qemu: DBG: expect: found "b'# '"
autopkgtest-virt-qemu: DBG: expect: b'5a88dc37-f4d8-4dd3-8020-88fb8e4f36a4[4]'
autopkgtest-virt-qemu: DBG: expect: found "b'5a88dc37-f4d8-4dd3-8020-88fb8e4f36a4[4]'"
autopkgtest-virt-qemu: DBG: execute-timeout: /tmp/autopkgtest-qemu.g8gmz3yf/runcmd true
autopkgtest-virt-qemu: DBG: can connect to autopkgtest sh in VM
autopkgtest-virt-qemu: DBG: expect: b'5a88dc37-f4d8-4dd3-8020-88fb8e4f36a4[5]'
autopkgtest-virt-qemu: DBG: expect: found "b'5a88dc37-f4d8-4dd3-8020-88fb8e4f36a4[5]'"
autopkgtest-virt-qemu: DBG: determine_normal_user: got user "openkylin"
autopkgtest-virt-qemu: DBG: auxverb = ['/tmp/autopkgtest-qemu.g8gmz3yf/runcmd'], downtmp = None
autopkgtest-virt-qemu: DBG: execute-timeout: /tmp/autopkgtest-qemu.g8gmz3yf/runcmd mktemp --directory --tmpdir autopkgtest.XXXXXX
autopkgtest-virt-qemu: DBG: execute-timeout: /tmp/autopkgtest-qemu.g8gmz3yf/runcmd chmod 1777 /tmp/autopkgtest.TkbQs0
autopkgtest: DBG: got reply from testbed: ok /tmp/autopkgtest.TkbQs0
autopkgtest: DBG: sending command to testbed: print-execute-command
autopkgtest-virt-qemu: DBG: executing print-execute-command
autopkgtest: DBG: got reply from testbed: ok /tmp/autopkgtest-qemu.g8gmz3yf/runcmd
autopkgtest: DBG: sending command to testbed: capabilities
autopkgtest-virt-qemu: DBG: executing capabilities
autopkgtest: DBG: got reply from testbed: ok isolation-machine reboot revert revert-full-system root-on-testbed suggested-normal-user=openkylin
autopkgtest: DBG: testbed capabilities: ['isolation-machine', 'reboot', 'revert', 'revert-full-system', 'root-on-testbed', 'suggested-normal-user=openkylin', 'has_internet']
autopkgtest: DBG: testbed command ['mkdir', '-p', '/tmp/autopkgtest.TkbQs0'], kind short, sout raw, serr pipe, env []
autopkgtest: DBG: testbed command exited with code 0
autopkgtest: DBG: sending command to testbed: copydown /usr/share/autopkgtest/lib/in-testbed/wrapper.sh /tmp/autopkgtest.TkbQs0/wrapper.sh
autopkgtest-virt-qemu: DBG: executing copydown /usr/share/autopkgtest/lib/in-testbed/wrapper.sh /tmp/autopkgtest.TkbQs0/wrapper.sh
autopkgtest-virt-qemu: DBG: ['cmdls', "(['cat'], ['/tmp/autopkgtest-qemu.g8gmz3yf/runcmd', 'sh', '-ec', 'cat >/tmp/autopkgtest.TkbQs0/wrapper.sh; chmod +x -- /tmp/autopkgtest.TkbQs0/wrapper.sh'])"]
autopkgtest-virt-qemu: DBG: ['srcstdin', "<_io.BufferedReader name='/usr/share/autopkgtest/lib/in-testbed/wrapper.sh'>", 'deststdout', "<_io.BufferedReader name='/dev/null'>", 'devnull_read', <_io.BufferedReader name='/dev/null'>]
autopkgtest-virt-qemu: DBG:  +< cat
autopkgtest-virt-qemu: DBG:  +> /tmp/autopkgtest-qemu.g8gmz3yf/runcmd sh -ec cat >/tmp/autopkgtest.TkbQs0/wrapper.sh; chmod +x -- /tmp/autopkgtest.TkbQs0/wrapper.sh
autopkgtest-virt-qemu: DBG:  +>?
autopkgtest-virt-qemu: DBG:  +<?
autopkgtest: DBG: got reply from testbed: ok
autopkgtest: DBG: testbed command ['chmod', '-R', '0755', '--', '/tmp/autopkgtest.TkbQs0/wrapper.sh'], kind short, sout raw, serr pipe, env []
autopkgtest: DBG: testbed command exited with code 0
autopkgtest: DBG: testbed command ['dpkg', '--print-architecture'], kind short, sout pipe, serr pipe, env []
autopkgtest: DBG: testbed command exited with code 0
autopkgtest [13:38:15]: testbed dpkg architecture: riscv64
autopkgtest: DBG: testbed command ['sh', '-ec', 'command -v eatmydata'], kind short, sout pipe, serr pipe, env []
autopkgtest: DBG: testbed command exited with code 127
autopkgtest: DBG: testbed command ['sh', '-ec', 'command -v dpkg-query'], kind short, sout pipe, serr pipe, env []
autopkgtest: DBG: testbed command exited with code 0
autopkgtest: DBG: testbed command ['sh', '-ec', "dpkg-query --show -f '${Package}\\t${Version}\\n' > /tmp/autopkgtest.TkbQs0/testbed-packages"], kind short, sout raw, serr pipe, env []
autopkgtest: DBG: testbed command exited with code 0
autopkgtest: DBG: sending command to testbed: copyup /tmp/autopkgtest.TkbQs0/testbed-packages /home/minami/Documents/openkylin-riscv/test/libbusiness-isbn-perl/testbed-packages
autopkgtest-virt-qemu: DBG: executing copyup /tmp/autopkgtest.TkbQs0/testbed-packages /home/minami/Documents/openkylin-riscv/test/libbusiness-isbn-perl/testbed-packages
autopkgtest-virt-qemu: DBG: ['cmdls', "(['/tmp/autopkgtest-qemu.g8gmz3yf/runcmd', 'sh', '-ec', 'cat </tmp/autopkgtest.TkbQs0/testbed-packages'], ['cat'])"]
autopkgtest-virt-qemu: DBG: ['srcstdin', "<_io.BufferedReader name='/dev/null'>", 'deststdout', "<_io.BufferedWriter name='/home/minami/Documents/openkylin-riscv/test/libbusiness-isbn-perl/testbed-packages'>", 'devnull_read', <_io.BufferedReader name='/dev/null'>]
autopkgtest-virt-qemu: DBG:  +< /tmp/autopkgtest-qemu.g8gmz3yf/runcmd sh -ec cat </tmp/autopkgtest.TkbQs0/testbed-packages
autopkgtest-virt-qemu: DBG:  +> cat
autopkgtest-virt-qemu: DBG:  +>?
autopkgtest-virt-qemu: DBG:  +<?
autopkgtest: DBG: got reply from testbed: ok
autopkgtest: DBG: testbed supports reboot, creating /tmp/autopkgtest-reboot
autopkgtest: DBG: testbed command ['mkdir', '-p', '/tmp/autopkgtest.TkbQs0'], kind short, sout raw, serr pipe, env []
autopkgtest: DBG: testbed command exited with code 0
autopkgtest: DBG: sending command to testbed: copydown /usr/share/autopkgtest/lib/in-testbed/reboot.sh /tmp/autopkgtest.TkbQs0/autopkgtest-reboot
autopkgtest-virt-qemu: DBG: executing copydown /usr/share/autopkgtest/lib/in-testbed/reboot.sh /tmp/autopkgtest.TkbQs0/autopkgtest-reboot
autopkgtest-virt-qemu: DBG: ['cmdls', "(['cat'], ['/tmp/autopkgtest-qemu.g8gmz3yf/runcmd', 'sh', '-ec', 'cat >/tmp/autopkgtest.TkbQs0/autopkgtest-reboot; chmod +x -- /tmp/autopkgtest.TkbQs0/autopkgtest-reboot'])"]
autopkgtest-virt-qemu: DBG: ['srcstdin', "<_io.BufferedReader name='/usr/share/autopkgtest/lib/in-testbed/reboot.sh'>", 'deststdout', "<_io.BufferedReader name='/dev/null'>", 'devnull_read', <_io.BufferedReader name='/dev/null'>]
autopkgtest-virt-qemu: DBG:  +< cat
autopkgtest-virt-qemu: DBG:  +> /tmp/autopkgtest-qemu.g8gmz3yf/runcmd sh -ec cat >/tmp/autopkgtest.TkbQs0/autopkgtest-reboot; chmod +x -- /tmp/autopkgtest.TkbQs0/autopkgtest-reboot
autopkgtest-virt-qemu: DBG:  +>?
autopkgtest-virt-qemu: DBG:  +<?
autopkgtest: DBG: got reply from testbed: ok
autopkgtest: DBG: testbed command ['chmod', '-R', '0755', '--', '/tmp/autopkgtest.TkbQs0/autopkgtest-reboot'], kind short, sout raw, serr pipe, env []
autopkgtest: DBG: testbed command exited with code 0
autopkgtest: DBG: testbed command ['ln', '-fns', '/tmp/autopkgtest.TkbQs0/autopkgtest-reboot', '/tmp/autopkgtest-reboot'], kind short, sout raw, serr pipe, env []
autopkgtest: DBG: testbed command exited with code 0
autopkgtest: DBG: testbed command ['ln', '-fns', '/tmp/autopkgtest.TkbQs0/autopkgtest-reboot', '/sbin/autopkgtest-reboot'], kind short, sout raw, serr pipe, env []
autopkgtest: DBG: testbed command exited with code 0
autopkgtest: DBG: testbed command ['mkdir', '-p', '/tmp/autopkgtest.TkbQs0'], kind short, sout raw, serr pipe, env []
autopkgtest: DBG: testbed command exited with code 0
autopkgtest: DBG: sending command to testbed: copydown /usr/share/autopkgtest/lib/in-testbed/reboot-prepare.sh /tmp/autopkgtest.TkbQs0/autopkgtest-reboot-prepare
autopkgtest-virt-qemu: DBG: executing copydown /usr/share/autopkgtest/lib/in-testbed/reboot-prepare.sh /tmp/autopkgtest.TkbQs0/autopkgtest-reboot-prepare
autopkgtest-virt-qemu: DBG: ['cmdls', "(['cat'], ['/tmp/autopkgtest-qemu.g8gmz3yf/runcmd', 'sh', '-ec', 'cat >/tmp/autopkgtest.TkbQs0/autopkgtest-reboot-prepare; chmod +x -- /tmp/autopkgtest.TkbQs0/autopkgtest-reboot-prepare'])"]
autopkgtest-virt-qemu: DBG: ['srcstdin', "<_io.BufferedReader name='/usr/share/autopkgtest/lib/in-testbed/reboot-prepare.sh'>", 'deststdout', "<_io.BufferedReader name='/dev/null'>", 'devnull_read', <_io.BufferedReader name='/dev/null'>]
autopkgtest-virt-qemu: DBG:  +< cat
autopkgtest-virt-qemu: DBG:  +> /tmp/autopkgtest-qemu.g8gmz3yf/runcmd sh -ec cat >/tmp/autopkgtest.TkbQs0/autopkgtest-reboot-prepare; chmod +x -- /tmp/autopkgtest.TkbQs0/autopkgtest-reboot-prepare
autopkgtest-virt-qemu: DBG:  +>?
autopkgtest-virt-qemu: DBG:  +<?
autopkgtest: DBG: got reply from testbed: ok
autopkgtest: DBG: testbed command ['chmod', '-R', '0755', '--', '/tmp/autopkgtest.TkbQs0/autopkgtest-reboot-prepare'], kind short, sout raw, serr pipe, env []
autopkgtest: DBG: testbed command exited with code 0
autopkgtest: DBG: testbed command ['ln', '-fns', '/tmp/autopkgtest.TkbQs0/autopkgtest-reboot-prepare', '/tmp/autopkgtest-reboot-prepare'], kind short, sout raw, serr pipe, env []
autopkgtest: DBG: testbed command exited with code 0
autopkgtest: DBG: testbed command ['uname', '-srv'], kind short, sout pipe, serr pipe, env []
autopkgtest: DBG: testbed command exited with code 0
autopkgtest [13:38:22]: testbed running kernel: Linux 5.11.0-1030-generic #34 SMP Fri Mar 11 15:27:17 CST 2022
autopkgtest: DBG: testbed command ['sh', '-c', 'nproc; cat /proc/cpuinfo 2>/dev/null || true'], kind short, sout pipe, serr pipe, env []
autopkgtest: DBG: testbed command exited with code 0
autopkgtest: DBG: Binaries: initialising
autopkgtest [13:38:22]: @@@@@@@@@@@@@@@@@@@@ source /home/minami/Documents/openkylin-riscv/src/libbusiness-isbn-perl_3.006-ok1.dsc
autopkgtest: DBG: blame += /home/minami/Documents/openkylin-riscv/src/libbusiness-isbn-perl_3.006-ok1.dsc
autopkgtest: DBG: testbed reset: modified=False, deps_installed=[], deps_new=[]
autopkgtest: DBG: testbed command ['mkdir', '-p', '/tmp/autopkgtest.TkbQs0'], kind short, sout raw, serr pipe, env []
autopkgtest: DBG: testbed command exited with code 0
autopkgtest: DBG: sending command to testbed: copydown /home/minami/Documents/openkylin-riscv/src/libbusiness-isbn-perl_3.006-ok1.dsc /tmp/autopkgtest.TkbQs0/libbusiness-isbn-perl_3.006-ok1.dsc
autopkgtest-virt-qemu: DBG: executing copydown /home/minami/Documents/openkylin-riscv/src/libbusiness-isbn-perl_3.006-ok1.dsc /tmp/autopkgtest.TkbQs0/libbusiness-isbn-perl_3.006-ok1.dsc
autopkgtest-virt-qemu: DBG: ['cmdls', "(['cat'], ['/tmp/autopkgtest-qemu.g8gmz3yf/runcmd', 'sh', '-ec', 'cat >/tmp/autopkgtest.TkbQs0/libbusiness-isbn-perl_3.006-ok1.dsc'])"]
autopkgtest-virt-qemu: DBG: ['srcstdin', "<_io.BufferedReader name='/home/minami/Documents/openkylin-riscv/src/libbusiness-isbn-perl_3.006-ok1.dsc'>", 'deststdout', "<_io.BufferedReader name='/dev/null'>", 'devnull_read', <_io.BufferedReader name='/dev/null'>]
autopkgtest-virt-qemu: DBG:  +< cat
autopkgtest-virt-qemu: DBG:  +> /tmp/autopkgtest-qemu.g8gmz3yf/runcmd sh -ec cat >/tmp/autopkgtest.TkbQs0/libbusiness-isbn-perl_3.006-ok1.dsc
autopkgtest-virt-qemu: DBG:  +>?
autopkgtest-virt-qemu: DBG:  +<?
autopkgtest: DBG: got reply from testbed: ok
autopkgtest: DBG: testbed command ['chown', '-R', 'openkylin', '--', '/tmp/autopkgtest.TkbQs0/libbusiness-isbn-perl_3.006-ok1.dsc'], kind short, sout raw, serr pipe, env []
autopkgtest: DBG: testbed command exited with code 0
autopkgtest: DBG: testbed command ['mkdir', '-p', '/tmp/autopkgtest.TkbQs0'], kind short, sout raw, serr pipe, env []
autopkgtest: DBG: testbed command exited with code 0
autopkgtest: DBG: sending command to testbed: copydown /home/minami/Documents/openkylin-riscv/src/libbusiness-isbn-perl_3.006.orig.tar.gz /tmp/autopkgtest.TkbQs0/libbusiness-isbn-perl_3.006.orig.tar.gz
autopkgtest-virt-qemu: DBG: executing copydown /home/minami/Documents/openkylin-riscv/src/libbusiness-isbn-perl_3.006.orig.tar.gz /tmp/autopkgtest.TkbQs0/libbusiness-isbn-perl_3.006.orig.tar.gz
autopkgtest-virt-qemu: DBG: ['cmdls', "(['cat'], ['/tmp/autopkgtest-qemu.g8gmz3yf/runcmd', 'sh', '-ec', 'cat >/tmp/autopkgtest.TkbQs0/libbusiness-isbn-perl_3.006.orig.tar.gz'])"]
autopkgtest-virt-qemu: DBG: ['srcstdin', "<_io.BufferedReader name='/home/minami/Documents/openkylin-riscv/src/libbusiness-isbn-perl_3.006.orig.tar.gz'>", 'deststdout', "<_io.BufferedReader name='/dev/null'>", 'devnull_read', <_io.BufferedReader name='/dev/null'>]
autopkgtest-virt-qemu: DBG:  +< cat
autopkgtest-virt-qemu: DBG:  +> /tmp/autopkgtest-qemu.g8gmz3yf/runcmd sh -ec cat >/tmp/autopkgtest.TkbQs0/libbusiness-isbn-perl_3.006.orig.tar.gz
autopkgtest-virt-qemu: DBG:  +>?
autopkgtest-virt-qemu: DBG:  +<?
autopkgtest: DBG: got reply from testbed: ok
autopkgtest: DBG: testbed command ['chown', '-R', 'openkylin', '--', '/tmp/autopkgtest.TkbQs0/libbusiness-isbn-perl_3.006.orig.tar.gz'], kind short, sout raw, serr pipe, env []
autopkgtest: DBG: testbed command exited with code 0
autopkgtest: DBG: testbed command ['mkdir', '-p', '/tmp/autopkgtest.TkbQs0'], kind short, sout raw, serr pipe, env []
autopkgtest: DBG: testbed command exited with code 0
autopkgtest: DBG: sending command to testbed: copydown /home/minami/Documents/openkylin-riscv/src/libbusiness-isbn-perl_3.006-ok1.debian.tar.xz /tmp/autopkgtest.TkbQs0/libbusiness-isbn-perl_3.006-ok1.debian.tar.xz
autopkgtest-virt-qemu: DBG: executing copydown /home/minami/Documents/openkylin-riscv/src/libbusiness-isbn-perl_3.006-ok1.debian.tar.xz /tmp/autopkgtest.TkbQs0/libbusiness-isbn-perl_3.006-ok1.debian.tar.xz
autopkgtest-virt-qemu: DBG: ['cmdls', "(['cat'], ['/tmp/autopkgtest-qemu.g8gmz3yf/runcmd', 'sh', '-ec', 'cat >/tmp/autopkgtest.TkbQs0/libbusiness-isbn-perl_3.006-ok1.debian.tar.xz'])"]
autopkgtest-virt-qemu: DBG: ['srcstdin', "<_io.BufferedReader name='/home/minami/Documents/openkylin-riscv/src/libbusiness-isbn-perl_3.006-ok1.debian.tar.xz'>", 'deststdout', "<_io.BufferedReader name='/dev/null'>", 'devnull_read', <_io.BufferedReader name='/dev/null'>]
autopkgtest-virt-qemu: DBG:  +< cat
autopkgtest-virt-qemu: DBG:  +> /tmp/autopkgtest-qemu.g8gmz3yf/runcmd sh -ec cat >/tmp/autopkgtest.TkbQs0/libbusiness-isbn-perl_3.006-ok1.debian.tar.xz
autopkgtest-virt-qemu: DBG:  +>?
autopkgtest-virt-qemu: DBG:  +<?
autopkgtest: DBG: got reply from testbed: ok
autopkgtest: DBG: testbed command ['chown', '-R', 'openkylin', '--', '/tmp/autopkgtest.TkbQs0/libbusiness-isbn-perl_3.006-ok1.debian.tar.xz'], kind short, sout raw, serr pipe, env []
autopkgtest: DBG: testbed command exited with code 0
autopkgtest: DBG: install_deps: deps_new=[]
autopkgtest: DBG: testbed command ['sh', '-ec', 'command -v dpkg-source'], kind short, sout pipe, serr pipe, env []
autopkgtest: DBG: testbed command exited with code 0
autopkgtest: DBG: testbed command ['sh', '-ec', 'su --shell=/bin/sh openkylin -c \'set -e; exec 3>&1 >&2; set -x; cd /; builddir=$(mktemp -d /tmp/autopkgtest.TkbQs0/build.XXX); cd $builddir; dpkg-source -x "/tmp/autopkgtest.TkbQs0/libbusiness-isbn-perl_3.006-ok1.dsc" src; chmod -R a+rX .; cd [a-z0-9]*/.; pwd >&3; sed -n "1 {s/).*//; s/ (/\\n/; p}" debian/changelog >&3\''], kind build, sout pipe, serr raw, env []
+ cd /
+ mktemp -d /tmp/autopkgtest.TkbQs0/build.XXX
+ builddir=/tmp/autopkgtest.TkbQs0/build.YUh
+ cd /tmp/autopkgtest.TkbQs0/build.YUh
+ dpkg-source -x /tmp/autopkgtest.TkbQs0/libbusiness-isbn-perl_3.006-ok1.dsc src
gpgv: unknown type of key resource 'trustedkeys.kbx'
gpgv: keyblock resource '/tmp/dpkg-verify-sig.1_UFXE07/trustedkeys.kbx': General error
gpgv: Signature made Fri 11 Nov 2022 07:41:18 AM UTC
gpgv:                using RSA key 64FBB79F5EAE64D792E94CFE0716F00F842CD274
gpgv: Can't check signature: No public key
dpkg-source: warning: cannot verify signature /tmp/autopkgtest.TkbQs0/libbusiness-isbn-perl_3.006-ok1.dsc
dpkg-source: info: extracting libbusiness-isbn-perl in src
dpkg-source: info: unpacking libbusiness-isbn-perl_3.006.orig.tar.gz
dpkg-source: info: unpacking libbusiness-isbn-perl_3.006-ok1.debian.tar.xz
+ chmod -R a+rX .
+ cd src/.
+ pwd
+ sed -n 1 {s/).*//; s/ (/\n/; p} debian/changelog
autopkgtest: DBG: testbed command exited with code 0
autopkgtest [13:38:33]: testing package libbusiness-isbn-perl version 3.006-ok1
autopkgtest: DBG: sending command to testbed: copyup /tmp/autopkgtest.TkbQs0/build.YUh/src/debian/ /home/minami/Documents/openkylin-riscv/test/libbusiness-isbn-perl/pkg/debian/
autopkgtest-virt-qemu: DBG: executing copyup /tmp/autopkgtest.TkbQs0/build.YUh/src/debian/ /home/minami/Documents/openkylin-riscv/test/libbusiness-isbn-perl/pkg/debian/
autopkgtest-virt-qemu: DBG: ['cmdls', "(['/tmp/autopkgtest-qemu.g8gmz3yf/runcmd', 'sh', '-ec', 'cd /tmp/autopkgtest.TkbQs0/build.YUh/src/debian/; tar --warning=none -c . -f -'], ['tar', '--directory', '/home/minami/Documents/openkylin-riscv/test/libbusiness-isbn-perl/pkg/debian/', '--warning=none', '--preserve-permissions', '--extract', '--no-same-owner', '-f', '-'])"]
autopkgtest-virt-qemu: DBG: ['srcstdin', "<_io.BufferedReader name='/dev/null'>", 'deststdout', "<_io.BufferedReader name='/dev/null'>", 'devnull_read', <_io.BufferedReader name='/dev/null'>]
autopkgtest-virt-qemu: DBG:  +< /tmp/autopkgtest-qemu.g8gmz3yf/runcmd sh -ec cd /tmp/autopkgtest.TkbQs0/build.YUh/src/debian/; tar --warning=none -c . -f -
autopkgtest-virt-qemu: DBG:  +> tar --directory /home/minami/Documents/openkylin-riscv/test/libbusiness-isbn-perl/pkg/debian/ --warning=none --preserve-permissions --extract --no-same-owner -f -
autopkgtest-virt-qemu: DBG:  +>?
autopkgtest-virt-qemu: DBG:  +<?
autopkgtest: DBG: got reply from testbed: ok
autopkgtest: DBG: autodep8 generated control: -----
Test-Command: /usr/share/pkg-perl-autopkgtest/runner build-deps
Depends: @, @builddeps@, pkg-perl-autopkgtest, 
Restrictions: skippable, 
Features: test-name=autodep8-perl-build-deps


Test-Command: /usr/share/pkg-perl-autopkgtest/runner runtime-deps
Depends: @, pkg-perl-autopkgtest, 
Restrictions: skippable, superficial, 
Features: test-name=autodep8-perl


Test-Command: /usr/share/pkg-perl-autopkgtest/runner runtime-deps-and-recommends
Depends: @, pkg-perl-autopkgtest, 
Restrictions: needs-recommends, skippable, superficial, 
Features: test-name=autodep8-perl-recommends


-------
autopkgtest: DBG: processing dependency @
autopkgtest: DBG: synthesised dependency libbusiness-isbn-perl
autopkgtest: DBG: processing dependency @builddeps@
autopkgtest: DBG: synthesised dependency debhelper-compat (= 13)
autopkgtest: DBG: synthesised dependency libbusiness-isbn-data-perl (>= 20191107)
autopkgtest: DBG: synthesised dependency libgd-barcode-perl
autopkgtest: DBG: synthesised dependency libtest-pod-coverage-perl
autopkgtest: DBG: synthesised dependency libtest-pod-perl
autopkgtest: DBG: synthesised dependency libwww-perl
autopkgtest: DBG: synthesised dependency perl
autopkgtest: DBG: synthesised dependency build-essential
autopkgtest: DBG: processing dependency pkg-perl-autopkgtest
autopkgtest: DBG: Test defined: name autodep8-perl-build-deps path None command "/usr/share/pkg-perl-autopkgtest/runner build-deps" restrictions ['skippable'] features ['test-name=autodep8-perl-build-deps'] depends ['libbusiness-isbn-perl', 'debhelper-compat (= 13)', 'libbusiness-isbn-data-perl (>= 20191107)', 'libgd-barcode-perl', 'libtest-pod-coverage-perl', 'libtest-pod-perl', 'libwww-perl', 'perl', 'build-essential', 'pkg-perl-autopkgtest'] 
autopkgtest: DBG: processing dependency @
autopkgtest: DBG: synthesised dependency libbusiness-isbn-perl
autopkgtest: DBG: processing dependency pkg-perl-autopkgtest
autopkgtest: DBG: Test defined: name autodep8-perl path None command "/usr/share/pkg-perl-autopkgtest/runner runtime-deps" restrictions ['skippable', 'superficial'] features ['test-name=autodep8-perl'] depends ['libbusiness-isbn-perl', 'pkg-perl-autopkgtest'] 
autopkgtest: DBG: processing dependency @
autopkgtest: DBG: synthesised dependency libbusiness-isbn-perl
autopkgtest: DBG: processing dependency pkg-perl-autopkgtest
autopkgtest: DBG: processing dependency @recommends@
autopkgtest: DBG: Test defined: name autodep8-perl-recommends path None command "/usr/share/pkg-perl-autopkgtest/runner runtime-deps-and-recommends" restrictions ['needs-recommends', 'skippable', 'superficial'] features ['test-name=autodep8-perl-recommends'] depends ['libbusiness-isbn-perl', 'pkg-perl-autopkgtest'] 
autopkgtest [13:38:33]: build not needed
autopkgtest: DBG: sending command to testbed: copyup /tmp/autopkgtest.TkbQs0/build.YUh/src/ /home/minami/Documents/openkylin-riscv/test/libbusiness-isbn-perl/tests-tree/
autopkgtest-virt-qemu: DBG: executing copyup /tmp/autopkgtest.TkbQs0/build.YUh/src/ /home/minami/Documents/openkylin-riscv/test/libbusiness-isbn-perl/tests-tree/
autopkgtest-virt-qemu: DBG: ['cmdls', "(['/tmp/autopkgtest-qemu.g8gmz3yf/runcmd', 'sh', '-ec', 'cd /tmp/autopkgtest.TkbQs0/build.YUh/src/; tar --warning=none -c . -f -'], ['tar', '--directory', '/home/minami/Documents/openkylin-riscv/test/libbusiness-isbn-perl/tests-tree/', '--warning=none', '--preserve-permissions', '--extract', '--no-same-owner', '-f', '-'])"]
autopkgtest-virt-qemu: DBG: ['srcstdin', "<_io.BufferedReader name='/dev/null'>", 'deststdout', "<_io.BufferedReader name='/dev/null'>", 'devnull_read', <_io.BufferedReader name='/dev/null'>]
autopkgtest-virt-qemu: DBG:  +< /tmp/autopkgtest-qemu.g8gmz3yf/runcmd sh -ec cd /tmp/autopkgtest.TkbQs0/build.YUh/src/; tar --warning=none -c . -f -
autopkgtest-virt-qemu: DBG:  +> tar --directory /home/minami/Documents/openkylin-riscv/test/libbusiness-isbn-perl/tests-tree/ --warning=none --preserve-permissions --extract --no-same-owner -f -
autopkgtest-virt-qemu: DBG:  +>?
autopkgtest-virt-qemu: DBG:  +<?
autopkgtest: DBG: got reply from testbed: ok
autopkgtest: DBG: autodep8 generated control: -----
Test-Command: /usr/share/pkg-perl-autopkgtest/runner build-deps
Depends: @, @builddeps@, pkg-perl-autopkgtest, 
Restrictions: skippable, 
Features: test-name=autodep8-perl-build-deps


Test-Command: /usr/share/pkg-perl-autopkgtest/runner runtime-deps
Depends: @, pkg-perl-autopkgtest, 
Restrictions: skippable, superficial, 
Features: test-name=autodep8-perl


Test-Command: /usr/share/pkg-perl-autopkgtest/runner runtime-deps-and-recommends
Depends: @, pkg-perl-autopkgtest, 
Restrictions: needs-recommends, skippable, superficial, 
Features: test-name=autodep8-perl-recommends


-------
autopkgtest: DBG: processing dependency @
autopkgtest: DBG: synthesised dependency libbusiness-isbn-perl
autopkgtest: DBG: processing dependency @builddeps@
autopkgtest: DBG: synthesised dependency debhelper-compat (= 13)
autopkgtest: DBG: synthesised dependency libbusiness-isbn-data-perl (>= 20191107)
autopkgtest: DBG: synthesised dependency libgd-barcode-perl
autopkgtest: DBG: synthesised dependency libtest-pod-coverage-perl
autopkgtest: DBG: synthesised dependency libtest-pod-perl
autopkgtest: DBG: synthesised dependency libwww-perl
autopkgtest: DBG: synthesised dependency perl
autopkgtest: DBG: synthesised dependency build-essential
autopkgtest: DBG: processing dependency pkg-perl-autopkgtest
autopkgtest: DBG: Test defined: name autodep8-perl-build-deps path None command "/usr/share/pkg-perl-autopkgtest/runner build-deps" restrictions ['skippable'] features ['test-name=autodep8-perl-build-deps'] depends ['libbusiness-isbn-perl', 'debhelper-compat (= 13)', 'libbusiness-isbn-data-perl (>= 20191107)', 'libgd-barcode-perl', 'libtest-pod-coverage-perl', 'libtest-pod-perl', 'libwww-perl', 'perl', 'build-essential', 'pkg-perl-autopkgtest'] 
autopkgtest: DBG: processing dependency @
autopkgtest: DBG: synthesised dependency libbusiness-isbn-perl
autopkgtest: DBG: processing dependency pkg-perl-autopkgtest
autopkgtest: DBG: Test defined: name autodep8-perl path None command "/usr/share/pkg-perl-autopkgtest/runner runtime-deps" restrictions ['skippable', 'superficial'] features ['test-name=autodep8-perl'] depends ['libbusiness-isbn-perl', 'pkg-perl-autopkgtest'] 
autopkgtest: DBG: processing dependency @
autopkgtest: DBG: synthesised dependency libbusiness-isbn-perl
autopkgtest: DBG: processing dependency pkg-perl-autopkgtest
autopkgtest: DBG: processing dependency @recommends@
autopkgtest: DBG: Test defined: name autodep8-perl-recommends path None command "/usr/share/pkg-perl-autopkgtest/runner runtime-deps-and-recommends" restrictions ['needs-recommends', 'skippable', 'superficial'] features ['test-name=autodep8-perl-recommends'] depends ['libbusiness-isbn-perl', 'pkg-perl-autopkgtest'] 
autopkgtest [13:38:34]: test autodep8-perl-build-deps: preparing testbed
autopkgtest: DBG: testbed reset: modified=False, deps_installed=[], deps_new=['libbusiness-isbn-perl', 'debhelper-compat (= 13)', 'libbusiness-isbn-data-perl (>= 20191107)', 'libgd-barcode-perl', 'libtest-pod-coverage-perl', 'libtest-pod-perl', 'libwww-perl', 'perl', 'build-essential', 'pkg-perl-autopkgtest']
autopkgtest: DBG: Binaries: no registered binaries, not publishing anything
autopkgtest: DBG: install_deps: deps_new=['libbusiness-isbn-perl', 'debhelper-compat (= 13)', 'libbusiness-isbn-data-perl (>= 20191107)', 'libgd-barcode-perl', 'libtest-pod-coverage-perl', 'libtest-pod-perl', 'libwww-perl', 'perl', 'build-essential', 'pkg-perl-autopkgtest']
autopkgtest: DBG: install-deps: satisfying libbusiness-isbn-perl, debhelper-compat (= 13), libbusiness-isbn-data-perl (>= 20191107), libgd-barcode-perl, libtest-pod-coverage-perl, libtest-pod-perl, libwww-perl, perl, build-essential, pkg-perl-autopkgtest
autopkgtest: DBG: install-deps: architecture resolved: libbusiness-isbn-perl, debhelper-compat (= 13), libbusiness-isbn-data-perl (>= 20191107), libgd-barcode-perl, libtest-pod-coverage-perl, libtest-pod-perl, libwww-perl, perl, build-essential, pkg-perl-autopkgtest
autopkgtest: DBG: testbed command ['test', '-w', '/var/lib/dpkg/status'], kind short, sout raw, serr raw, env []
autopkgtest: DBG: testbed command exited with code 0
autopkgtest: DBG: can use apt-get on testbed: True
autopkgtest: DBG: testbed command ['mkdir', '-p', '/tmp/autopkgtest.TkbQs0'], kind short, sout raw, serr pipe, env []
autopkgtest: DBG: testbed command exited with code 0
autopkgtest: DBG: sending command to testbed: copydown /home/minami/Documents/openkylin-riscv/test/libbusiness-isbn-perl/1-autopkgtest-satdep.deb /tmp/autopkgtest.TkbQs0/1-autopkgtest-satdep.deb
autopkgtest-virt-qemu: DBG: executing copydown /home/minami/Documents/openkylin-riscv/test/libbusiness-isbn-perl/1-autopkgtest-satdep.deb /tmp/autopkgtest.TkbQs0/1-autopkgtest-satdep.deb
autopkgtest-virt-qemu: DBG: ['cmdls', "(['cat'], ['/tmp/autopkgtest-qemu.g8gmz3yf/runcmd', 'sh', '-ec', 'cat >/tmp/autopkgtest.TkbQs0/1-autopkgtest-satdep.deb'])"]
autopkgtest-virt-qemu: DBG: ['srcstdin', "<_io.BufferedReader name='/home/minami/Documents/openkylin-riscv/test/libbusiness-isbn-perl/1-autopkgtest-satdep.deb'>", 'deststdout', "<_io.BufferedReader name='/dev/null'>", 'devnull_read', <_io.BufferedReader name='/dev/null'>]
autopkgtest-virt-qemu: DBG:  +< cat
autopkgtest-virt-qemu: DBG:  +> /tmp/autopkgtest-qemu.g8gmz3yf/runcmd sh -ec cat >/tmp/autopkgtest.TkbQs0/1-autopkgtest-satdep.deb
autopkgtest-virt-qemu: DBG:  +>?
autopkgtest-virt-qemu: DBG:  +<?
autopkgtest: DBG: got reply from testbed: ok
autopkgtest: DBG: testbed command ['chown', '-R', 'openkylin', '--', '/tmp/autopkgtest.TkbQs0/1-autopkgtest-satdep.deb'], kind short, sout raw, serr pipe, env []
autopkgtest: DBG: testbed command exited with code 0
autopkgtest: DBG: testbed command ['dpkg', '--unpack', '/tmp/autopkgtest.TkbQs0/1-autopkgtest-satdep.deb'], kind short, sout pipe, serr pipe, env []
autopkgtest: DBG: testbed command exited with code 0
autopkgtest: DBG: testbed command ['/bin/sh', '-ec', ' apt-get install --assume-yes --fix-broken -o APT::Status-Fd=3 -o APT::Install-Recommends=false -o Dpkg::Options::=--force-confnew -o Debug::pkgProblemResolver=true 3>&2 2>&1'], kind install, sout raw, serr pipe, env ['DEBIAN_FRONTEND=noninteractive', 'APT_LISTBUGS_FRONTEND=none', 'APT_LISTCHANGES_FRONTEND=none']
Reading package lists...
Building dependency tree...
Reading state information...
Correcting dependencies...Starting pkgProblemResolver with broken count: 0
Starting 2 pkgProblemResolver with broken count: 0
Done
 Done
Starting pkgProblemResolver with broken count: 0
Starting 2 pkgProblemResolver with broken count: 0
Done
The following packages were automatically installed and are no longer required:
  libdjvulibre-text libdjvulibre21 libegl-dev libgl-dev libglu1-mesa-dev
  libglx-dev libmpdec2 libvulkan-dev libx11-dev libxau-dev libxcb1-dev
  libxdmcp-dev libxext-dev qt5-qmake qt5-qmake-bin x11proto-core-dev
  x11proto-dev xorg-sgml-doctools xtrans-dev
Use 'apt autoremove' to remove them.
The following additional packages will be installed:
  autoconf autodep8 automake autopoint autotools-dev build-essential
  dctrl-tools debhelper debugedit dh-autoreconf dh-strip-nondeterminism dwz
  g++ g++-9 gcc gcc-9 intltool-debian libarchive-zip-perl
  libbusiness-isbn-data-perl libbusiness-isbn-perl libcc1-0 libdebhelper-perl
  libdevel-symdump-perl libencode-locale-perl libfile-listing-perl
  libfile-stripnondeterminism-perl libgd-barcode-perl libgd-perl
  libhtml-parser-perl libhtml-tagset-perl libhtml-tree-perl
  libhttp-cookies-perl libhttp-date-perl libhttp-message-perl
  libhttp-negotiate-perl libio-html-perl libio-socket-ssl-perl
  liblwp-mediatypes-perl liblwp-protocol-https-perl libnet-http-perl
  libnet-ssleay-perl libpod-coverage-perl libsigsegv2 libsub-override-perl
  libtest-pod-coverage-perl libtest-pod-perl libtimedate-perl libtool
  libtry-tiny-perl libwww-perl libwww-robotrules-perl m4 perl-openssl-defaults
  pkg-perl-autopkgtest po-debconf
Suggested packages:
  autoconf-archive gnu-standards autoconf-doc debtags dh-make gcc-9-doc bison
  flex gcc-doc gcc-multilib gdb manpages-dev gcc-9-locales libdata-dump-perl
  libcrypt-ssleay-perl libtool-doc gfortran | fortran95-compiler gcj-jdk
  libsub-name-perl libauthen-ntlm-perl m4-doc libmail-box-perl
Recommended packages:
  libarchive-cpio-perl libhtml-format-perl libclone-perl libltdl-dev
  libdata-dump-perl libhtml-form-perl libhttp-daemon-perl libmailtools-perl
  libmail-sendmail-perl
The following NEW packages will be installed:
  autoconf autodep8 automake autopoint autotools-dev build-essential
  dctrl-tools debhelper debugedit dh-autoreconf dh-strip-nondeterminism dwz
  g++ g++-9 gcc gcc-9 intltool-debian libarchive-zip-perl
  libbusiness-isbn-data-perl libbusiness-isbn-perl libcc1-0 libdebhelper-perl
  libdevel-symdump-perl libencode-locale-perl libfile-listing-perl
  libfile-stripnondeterminism-perl libgd-barcode-perl libgd-perl
  libhtml-parser-perl libhtml-tagset-perl libhtml-tree-perl
  libhttp-cookies-perl libhttp-date-perl libhttp-message-perl
  libhttp-negotiate-perl libio-html-perl libio-socket-ssl-perl
  liblwp-mediatypes-perl liblwp-protocol-https-perl libnet-http-perl
  libnet-ssleay-perl libpod-coverage-perl libsigsegv2 libsub-override-perl
  libtest-pod-coverage-perl libtest-pod-perl libtimedate-perl libtool
  libtry-tiny-perl libwww-perl libwww-robotrules-perl m4 perl-openssl-defaults
  pkg-perl-autopkgtest po-debconf
0 upgraded, 55 newly installed, 0 to remove and 18 not upgraded.
1 not fully installed or removed.
Need to get 20.5 MB of archives.
After this operation, 61.0 MB of additional disk space will be used.
Get:1 http://archive.build.openkylin.top/openkylin yangtze/main riscv64 libbusiness-isbn-data-perl all 20210112.006-ok1 [17.5 kB]
Get:2 http://ppa.build.openkylin.top/kylinsoft/anything/openkylin yangtze/main riscv64 libgd-perl riscv64 2.71-ok1 [130 kB]
Get:3 http://archive.build.openkylin.top/openkylin yangtze/main riscv64 libencode-locale-perl all 1.05-ok2 [11.1 kB]
Get:4 http://archive.build.openkylin.top/openkylin yangtze/main riscv64 libtimedate-perl all 2.3300-ok2 [33.5 kB]
Get:5 http://archive.build.openkylin.top/openkylin yangtze/main riscv64 libhttp-date-perl all 6.05-ok3 [15.9 kB]
Get:6 http://archive.build.openkylin.top/openkylin yangtze/main riscv64 libfile-listing-perl all 6.15-ok2 [17.0 kB]
Get:7 http://archive.build.openkylin.top/openkylin yangtze/main riscv64 libhtml-tagset-perl all 3.20-ok2 [11.0 kB]
Get:8 http://archive.build.openkylin.top/openkylin yangtze/main riscv64 libhtml-parser-perl riscv64 3.76-ok1 [85.2 kB]
Get:9 http://archive.build.openkylin.top/openkylin yangtze/main riscv64 libhtml-tree-perl all 5.07-ok2 [199 kB]
Get:10 http://ppa.build.openkylin.top/kylinsoft/anything/openkylin yangtze/main riscv64 libgd-barcode-perl all 1.15-ok1 [574 kB]
Get:11 http://archive.build.openkylin.top/openkylin yangtze/main riscv64 libio-html-perl all 1.004-ok2 [20.3 kB]
Get:12 http://archive.build.openkylin.top/openkylin yangtze/main riscv64 liblwp-mediatypes-perl all 6.04-ok2 [19.7 kB]
Get:13 http://archive.build.openkylin.top/openkylin yangtze/main riscv64 libhttp-message-perl all 6.36-ok1 [76.3 kB]
Get:14 http://archive.build.openkylin.top/openkylin yangtze/main riscv64 libhttp-cookies-perl all 6.10-ok1 [17.5 kB]
Get:15 http://archive.build.openkylin.top/openkylin yangtze/main riscv64 libhttp-negotiate-perl all 6.01-ok2 [12.0 kB]
Get:16 http://archive.build.openkylin.top/openkylin yangtze/main riscv64 perl-openssl-defaults riscv64 5-ok1 [6,742 B]
Get:17 http://archive.build.openkylin.top/openkylin yangtze/main riscv64 libnet-ssleay-perl riscv64 1.88-ok2 [296 kB]
Get:18 http://ppa.build.openkylin.top/kylinsoft/anything/openkylin yangtze/main riscv64 libdevel-symdump-perl all 2.18-ok1 [12.4 kB]
Get:19 http://archive.build.openkylin.top/openkylin yangtze/main riscv64 libio-socket-ssl-perl all 2.075-ok2 [191 kB]
Get:20 http://ppa.build.openkylin.top/kylinsoft/anything/openkylin yangtze/main riscv64 autodep8 all 0.22-ok1 [10.1 kB]
Get:21 http://ppa.build.openkylin.top/kylinsoft/anything/openkylin yangtze/main riscv64 pkg-perl-autopkgtest all 0.59-ok1 [8,208 B]
Get:22 http://archive.build.openkylin.top/openkylin yangtze/main riscv64 libnet-http-perl all 6.22-ok2 [28.1 kB]
Get:23 http://archive.build.openkylin.top/openkylin yangtze/main riscv64 liblwp-protocol-https-perl all 6.10-ok1 [8,848 B]
Get:24 http://archive.build.openkylin.top/openkylin yangtze/main riscv64 libtry-tiny-perl all 0.31-ok1 [20.5 kB]
Get:25 http://archive.build.openkylin.top/openkylin yangtze/main riscv64 libwww-robotrules-perl all 6.02-ok2 [12.3 kB]
Get:26 http://archive.build.openkylin.top/openkylin yangtze/main riscv64 libwww-perl all 6.43-ok2 [140 kB]
Get:27 http://archive.build.openkylin.top/openkylin yangtze/main riscv64 libbusiness-isbn-perl all 3.006-ok1 [22.2 kB]
Get:28 http://archive.build.openkylin.top/openkylin yangtze/main riscv64 autotools-dev all 20220506-ok1 [41.6 kB]
Get:29 http://archive.build.openkylin.top/openkylin yangtze/main riscv64 debugedit riscv64 1:5.0-ok1 [71.2 kB]
Get:30 http://archive.build.openkylin.top/openkylin yangtze/main riscv64 libsigsegv2 riscv64 2.12-ok1 [11.5 kB]
Get:31 http://archive.build.openkylin.top/openkylin yangtze/main riscv64 m4 riscv64 1.4.18-ok2 [191 kB]
Get:32 http://archive.build.openkylin.top/openkylin yangtze/main riscv64 autoconf all 2.71-ok2 [390 kB]
Get:33 http://archive.build.openkylin.top/openkylin yangtze/main riscv64 automake all 1:1.16.5-ok1 [557 kB]
Get:34 http://archive.build.openkylin.top/openkylin yangtze/main riscv64 autopoint all 0.19.8.1-ok1 [410 kB]
Get:35 http://archive.build.openkylin.top/openkylin yangtze/main riscv64 libdebhelper-perl all 13.6-ok1 [61.4 kB]
Get:36 http://archive.build.openkylin.top/openkylin yangtze/main riscv64 libcc1-0 riscv64 10-20200411-ok5 [42.3 kB]
Get:37 http://archive.build.openkylin.top/openkylin yangtze/main riscv64 gcc-9 riscv64 9.3.0-ok4 [7,417 kB]
Get:38 http://archive.build.openkylin.top/openkylin yangtze/main riscv64 gcc riscv64 4:9.3.0-ok7 [5,160 B]
Get:39 http://archive.build.openkylin.top/openkylin yangtze/main riscv64 libtool all 2.4.6-ok1 [159 kB]
Get:40 http://archive.build.openkylin.top/openkylin yangtze/main riscv64 dh-autoreconf all 20-ok1 [16.3 kB]
Get:41 http://archive.build.openkylin.top/openkylin yangtze/main riscv64 libarchive-zip-perl all 1.68-ok1 [90.7 kB]
Get:42 http://archive.build.openkylin.top/openkylin yangtze/main riscv64 libsub-override-perl all 0.09-ok2 [8,374 B]
Get:43 http://archive.build.openkylin.top/openkylin yangtze/main riscv64 libfile-stripnondeterminism-perl all 1.13.0-ok1 [16.8 kB]
Get:44 http://archive.build.openkylin.top/openkylin yangtze/main riscv64 dh-strip-nondeterminism all 1.13.0-ok1 [5,334 B]
Get:45 http://archive.build.openkylin.top/openkylin yangtze/main riscv64 dwz riscv64 0.14-ok1 [123 kB]
Get:46 http://archive.build.openkylin.top/openkylin yangtze/main riscv64 intltool-debian all 0.35.0+20060710.5-ok2 [23.2 kB]
Get:47 http://archive.build.openkylin.top/openkylin yangtze/main riscv64 po-debconf all 1.0.21+nmu1-ok1 [227 kB]
Get:48 http://archive.build.openkylin.top/openkylin yangtze/main riscv64 debhelper all 13.6-ok1 [931 kB]
Get:49 http://archive.build.openkylin.top/openkylin yangtze/main riscv64 libpod-coverage-perl all 0.23-ok2 [17.6 kB]
Get:50 http://archive.build.openkylin.top/openkylin yangtze/main riscv64 libtest-pod-coverage-perl all 1.10-ok2 [8,662 B]
Get:51 http://archive.build.openkylin.top/openkylin yangtze/main riscv64 libtest-pod-perl all 1.52-ok2 [8,444 B]
Get:52 http://archive.build.openkylin.top/openkylin yangtze/main riscv64 g++-9 riscv64 9.3.0-ok4 [7,571 kB]
Get:53 http://archive.build.openkylin.top/openkylin yangtze/main riscv64 g++ riscv64 4:9.3.0-ok7 [1,470 B]
Get:54 http://archive.build.openkylin.top/openkylin yangtze/main riscv64 build-essential riscv64 12.8-ok1 [4,000 B]
Get:55 http://archive.build.openkylin.top/openkylin yangtze/main riscv64 dctrl-tools riscv64 2.24-ok1 [55.6 kB]
Fetched 20.5 MB in 3s (6,152 kB/s)
Selecting previously unselected package libbusiness-isbn-data-perl.
(Reading database ... (Reading database ... 5%(Reading database ... 10%(Reading database ... 15%(Reading database ... 20%(Reading database ... 25%(Reading database ... 30%(Reading database ... 35%(Reading database ... 40%(Reading database ... 45%(Reading database ... 50%(Reading database ... 55%(Reading database ... 60%(Reading database ... 65%(Reading database ... 70%(Reading database ... 75%(Reading database ... 80%(Reading database ... 85%(Reading database ... 90%(Reading database ... 95%(Reading database ... 100%(Reading database ... 161111 files and directories currently installed.)
Preparing to unpack .../00-libbusiness-isbn-data-perl_20210112.006-ok1_all.deb ...
Unpacking libbusiness-isbn-data-perl (20210112.006-ok1) ...
Selecting previously unselected package libencode-locale-perl.
Preparing to unpack .../01-libencode-locale-perl_1.05-ok2_all.deb ...
Unpacking libencode-locale-perl (1.05-ok2) ...
Selecting previously unselected package libtimedate-perl.
Preparing to unpack .../02-libtimedate-perl_2.3300-ok2_all.deb ...
Unpacking libtimedate-perl (2.3300-ok2) ...
Selecting previously unselected package libhttp-date-perl.
Preparing to unpack .../03-libhttp-date-perl_6.05-ok3_all.deb ...
Unpacking libhttp-date-perl (6.05-ok3) ...
Selecting previously unselected package libfile-listing-perl.
Preparing to unpack .../04-libfile-listing-perl_6.15-ok2_all.deb ...
Unpacking libfile-listing-perl (6.15-ok2) ...
Selecting previously unselected package libhtml-tagset-perl.
Preparing to unpack .../05-libhtml-tagset-perl_3.20-ok2_all.deb ...
Unpacking libhtml-tagset-perl (3.20-ok2) ...
Selecting previously unselected package libhtml-parser-perl:riscv64.
Preparing to unpack .../06-libhtml-parser-perl_3.76-ok1_riscv64.deb ...
Unpacking libhtml-parser-perl:riscv64 (3.76-ok1) ...
Selecting previously unselected package libhtml-tree-perl.
Preparing to unpack .../07-libhtml-tree-perl_5.07-ok2_all.deb ...
Unpacking libhtml-tree-perl (5.07-ok2) ...
Selecting previously unselected package libio-html-perl.
Preparing to unpack .../08-libio-html-perl_1.004-ok2_all.deb ...
Unpacking libio-html-perl (1.004-ok2) ...
Selecting previously unselected package liblwp-mediatypes-perl.
Preparing to unpack .../09-liblwp-mediatypes-perl_6.04-ok2_all.deb ...
Unpacking liblwp-mediatypes-perl (6.04-ok2) ...
Selecting previously unselected package libhttp-message-perl.
Preparing to unpack .../10-libhttp-message-perl_6.36-ok1_all.deb ...
Unpacking libhttp-message-perl (6.36-ok1) ...
Selecting previously unselected package libhttp-cookies-perl.
Preparing to unpack .../11-libhttp-cookies-perl_6.10-ok1_all.deb ...
Unpacking libhttp-cookies-perl (6.10-ok1) ...
Selecting previously unselected package libhttp-negotiate-perl.
Preparing to unpack .../12-libhttp-negotiate-perl_6.01-ok2_all.deb ...
Unpacking libhttp-negotiate-perl (6.01-ok2) ...
Selecting previously unselected package perl-openssl-defaults:riscv64.
Preparing to unpack .../13-perl-openssl-defaults_5-ok1_riscv64.deb ...
Unpacking perl-openssl-defaults:riscv64 (5-ok1) ...
Selecting previously unselected package libnet-ssleay-perl.
Preparing to unpack .../14-libnet-ssleay-perl_1.88-ok2_riscv64.deb ...
Unpacking libnet-ssleay-perl (1.88-ok2) ...
Selecting previously unselected package libio-socket-ssl-perl.
Preparing to unpack .../15-libio-socket-ssl-perl_2.075-ok2_all.deb ...
Unpacking libio-socket-ssl-perl (2.075-ok2) ...
Selecting previously unselected package libnet-http-perl.
Preparing to unpack .../16-libnet-http-perl_6.22-ok2_all.deb ...
Unpacking libnet-http-perl (6.22-ok2) ...
Selecting previously unselected package liblwp-protocol-https-perl.
Preparing to unpack .../17-liblwp-protocol-https-perl_6.10-ok1_all.deb ...
Unpacking liblwp-protocol-https-perl (6.10-ok1) ...
Selecting previously unselected package libtry-tiny-perl.
Preparing to unpack .../18-libtry-tiny-perl_0.31-ok1_all.deb ...
Unpacking libtry-tiny-perl (0.31-ok1) ...
Selecting previously unselected package libwww-robotrules-perl.
Preparing to unpack .../19-libwww-robotrules-perl_6.02-ok2_all.deb ...
Unpacking libwww-robotrules-perl (6.02-ok2) ...
Selecting previously unselected package libwww-perl.
Preparing to unpack .../20-libwww-perl_6.43-ok2_all.deb ...
Unpacking libwww-perl (6.43-ok2) ...
Selecting previously unselected package libbusiness-isbn-perl.
Preparing to unpack .../21-libbusiness-isbn-perl_3.006-ok1_all.deb ...
Unpacking libbusiness-isbn-perl (3.006-ok1) ...
Selecting previously unselected package autotools-dev.
Preparing to unpack .../22-autotools-dev_20220506-ok1_all.deb ...
Unpacking autotools-dev (20220506-ok1) ...
Selecting previously unselected package debugedit.
Preparing to unpack .../23-debugedit_1%3a5.0-ok1_riscv64.deb ...
Unpacking debugedit (1:5.0-ok1) ...
Selecting previously unselected package libsigsegv2:riscv64.
Preparing to unpack .../24-libsigsegv2_2.12-ok1_riscv64.deb ...
Unpacking libsigsegv2:riscv64 (2.12-ok1) ...
Selecting previously unselected package m4.
Preparing to unpack .../25-m4_1.4.18-ok2_riscv64.deb ...
Unpacking m4 (1.4.18-ok2) ...
Selecting previously unselected package autoconf.
Preparing to unpack .../26-autoconf_2.71-ok2_all.deb ...
Unpacking autoconf (2.71-ok2) ...
Selecting previously unselected package automake.
Preparing to unpack .../27-automake_1%3a1.16.5-ok1_all.deb ...
Unpacking automake (1:1.16.5-ok1) ...
Selecting previously unselected package autopoint.
Preparing to unpack .../28-autopoint_0.19.8.1-ok1_all.deb ...
Unpacking autopoint (0.19.8.1-ok1) ...
Selecting previously unselected package libdebhelper-perl.
Preparing to unpack .../29-libdebhelper-perl_13.6-ok1_all.deb ...
Unpacking libdebhelper-perl (13.6-ok1) ...
Selecting previously unselected package libcc1-0:riscv64.
Preparing to unpack .../30-libcc1-0_10-20200411-ok5_riscv64.deb ...
Unpacking libcc1-0:riscv64 (10-20200411-ok5) ...
Selecting previously unselected package gcc-9.
Preparing to unpack .../31-gcc-9_9.3.0-ok4_riscv64.deb ...
Unpacking gcc-9 (9.3.0-ok4) ...
Selecting previously unselected package gcc.
Preparing to unpack .../32-gcc_4%3a9.3.0-ok7_riscv64.deb ...
Unpacking gcc (4:9.3.0-ok7) ...
Selecting previously unselected package libtool.
Preparing to unpack .../33-libtool_2.4.6-ok1_all.deb ...
Unpacking libtool (2.4.6-ok1) ...
Selecting previously unselected package dh-autoreconf.
Preparing to unpack .../34-dh-autoreconf_20-ok1_all.deb ...
Unpacking dh-autoreconf (20-ok1) ...
Selecting previously unselected package libarchive-zip-perl.
Preparing to unpack .../35-libarchive-zip-perl_1.68-ok1_all.deb ...
Unpacking libarchive-zip-perl (1.68-ok1) ...
Selecting previously unselected package libsub-override-perl.
Preparing to unpack .../36-libsub-override-perl_0.09-ok2_all.deb ...
Unpacking libsub-override-perl (0.09-ok2) ...
Selecting previously unselected package libfile-stripnondeterminism-perl.
Preparing to unpack .../37-libfile-stripnondeterminism-perl_1.13.0-ok1_all.deb ...
Unpacking libfile-stripnondeterminism-perl (1.13.0-ok1) ...
Selecting previously unselected package dh-strip-nondeterminism.
Preparing to unpack .../38-dh-strip-nondeterminism_1.13.0-ok1_all.deb ...
Unpacking dh-strip-nondeterminism (1.13.0-ok1) ...
Selecting previously unselected package dwz.
Preparing to unpack .../39-dwz_0.14-ok1_riscv64.deb ...
Unpacking dwz (0.14-ok1) ...
Selecting previously unselected package intltool-debian.
Preparing to unpack .../40-intltool-debian_0.35.0+20060710.5-ok2_all.deb ...
Unpacking intltool-debian (0.35.0+20060710.5-ok2) ...
Selecting previously unselected package po-debconf.
Preparing to unpack .../41-po-debconf_1.0.21+nmu1-ok1_all.deb ...
Unpacking po-debconf (1.0.21+nmu1-ok1) ...
Selecting previously unselected package debhelper.
Preparing to unpack .../42-debhelper_13.6-ok1_all.deb ...
Unpacking debhelper (13.6-ok1) ...
Selecting previously unselected package libgd-perl.
Preparing to unpack .../43-libgd-perl_2.71-ok1_riscv64.deb ...
Unpacking libgd-perl (2.71-ok1) ...
Selecting previously unselected package libgd-barcode-perl.
Preparing to unpack .../44-libgd-barcode-perl_1.15-ok1_all.deb ...
Unpacking libgd-barcode-perl (1.15-ok1) ...
Selecting previously unselected package libdevel-symdump-perl.
Preparing to unpack .../45-libdevel-symdump-perl_2.18-ok1_all.deb ...
Unpacking libdevel-symdump-perl (2.18-ok1) ...
Selecting previously unselected package libpod-coverage-perl.
Preparing to unpack .../46-libpod-coverage-perl_0.23-ok2_all.deb ...
Unpacking libpod-coverage-perl (0.23-ok2) ...
Selecting previously unselected package libtest-pod-coverage-perl.
Preparing to unpack .../47-libtest-pod-coverage-perl_1.10-ok2_all.deb ...
Unpacking libtest-pod-coverage-perl (1.10-ok2) ...
Selecting previously unselected package libtest-pod-perl.
Preparing to unpack .../48-libtest-pod-perl_1.52-ok2_all.deb ...
Unpacking libtest-pod-perl (1.52-ok2) ...
Selecting previously unselected package g++-9.
Preparing to unpack .../49-g++-9_9.3.0-ok4_riscv64.deb ...
Unpacking g++-9 (9.3.0-ok4) ...
Selecting previously unselected package g++.
Preparing to unpack .../50-g++_4%3a9.3.0-ok7_riscv64.deb ...
Unpacking g++ (4:9.3.0-ok7) ...
Selecting previously unselected package build-essential.
Preparing to unpack .../51-build-essential_12.8-ok1_riscv64.deb ...
Unpacking build-essential (12.8-ok1) ...
Selecting previously unselected package dctrl-tools.
Preparing to unpack .../52-dctrl-tools_2.24-ok1_riscv64.deb ...
Unpacking dctrl-tools (2.24-ok1) ...
Selecting previously unselected package autodep8.
Preparing to unpack .../53-autodep8_0.22-ok1_all.deb ...
Unpacking autodep8 (0.22-ok1) ...
Selecting previously unselected package pkg-perl-autopkgtest.
Preparing to unpack .../54-pkg-perl-autopkgtest_0.59-ok1_all.deb ...
Unpacking pkg-perl-autopkgtest (0.59-ok1) ...
Setting up libarchive-zip-perl (1.68-ok1) ...
Setting up libhtml-tagset-perl (3.20-ok2) ...
Setting up libdebhelper-perl (13.6-ok1) ...
Setting up liblwp-mediatypes-perl (6.04-ok2) ...
Setting up libtest-pod-perl (1.52-ok2) ...
Setting up libtry-tiny-perl (0.31-ok1) ...
Setting up perl-openssl-defaults:riscv64 (5-ok1) ...
Setting up libnet-http-perl (6.22-ok2) ...
Setting up libencode-locale-perl (1.05-ok2) ...
Setting up intltool-debian (0.35.0+20060710.5-ok2) ...
Setting up libgd-perl (2.71-ok1) ...
Setting up libgd-barcode-perl (1.15-ok1) ...
Setting up autotools-dev (20220506-ok1) ...
Setting up libsigsegv2:riscv64 (2.12-ok1) ...
Setting up libio-html-perl (1.004-ok2) ...
Setting up autopoint (0.19.8.1-ok1) ...
Setting up libtimedate-perl (2.3300-ok2) ...
Setting up libwww-robotrules-perl (6.02-ok2) ...
Setting up dwz (0.14-ok1) ...
Setting up libbusiness-isbn-data-perl (20210112.006-ok1) ...
Setting up libhtml-parser-perl:riscv64 (3.76-ok1) ...
Setting up debugedit (1:5.0-ok1) ...
Setting up libsub-override-perl (0.09-ok2) ...
Setting up libdevel-symdump-perl (2.18-ok1) ...
Setting up libcc1-0:riscv64 (10-20200411-ok5) ...
Setting up dctrl-tools (2.24-ok1) ...
Setting up autodep8 (0.22-ok1) ...
Setting up libnet-ssleay-perl (1.88-ok2) ...
Setting up libfile-stripnondeterminism-perl (1.13.0-ok1) ...
Setting up gcc-9 (9.3.0-ok4) ...
Setting up libhttp-date-perl (6.05-ok3) ...
Setting up libfile-listing-perl (6.15-ok2) ...
Setting up libtool (2.4.6-ok1) ...
Setting up po-debconf (1.0.21+nmu1-ok1) ...
Setting up libhtml-tree-perl (5.07-ok2) ...
Setting up libpod-coverage-perl (0.23-ok2) ...
Setting up m4 (1.4.18-ok2) ...
Setting up gcc (4:9.3.0-ok7) ...
Setting up g++-9 (9.3.0-ok4) ...
Setting up pkg-perl-autopkgtest (0.59-ok1) ...
Setting up autoconf (2.71-ok2) ...
Setting up dh-strip-nondeterminism (1.13.0-ok1) ...
Setting up g++ (4:9.3.0-ok7) ...
update-alternatives: using /usr/bin/g++ to provide /usr/bin/c++ (c++) in auto mode
Setting up build-essential (12.8-ok1) ...
Setting up libtest-pod-coverage-perl (1.10-ok2) ...
Setting up libio-socket-ssl-perl (2.075-ok2) ...
Setting up libhttp-message-perl (6.36-ok1) ...
Setting up automake (1:1.16.5-ok1) ...
update-alternatives: using /usr/bin/automake-1.16 to provide /usr/bin/automake (automake) in auto mode
Setting up libhttp-negotiate-perl (6.01-ok2) ...
Setting up libhttp-cookies-perl (6.10-ok1) ...
Setting up dh-autoreconf (20-ok1) ...
Setting up debhelper (13.6-ok1) ...
Setting up liblwp-protocol-https-perl (6.10-ok1) ...
Setting up libwww-perl (6.43-ok2) ...
Setting up libbusiness-isbn-perl (3.006-ok1) ...
Setting up autopkgtest-satdep (0) ...
Processing triggers for libc-bin (2.36-ok2) ...
Processing triggers for man-db (2.9.1-ok3) ...
Processing triggers for install-info (6.7.0.dfsg.2-ok1) ...
autopkgtest: DBG: testbed command exited with code 0
autopkgtest: DBG: testbed command ['dpkg-query', '--show', '-f', '${Status}', 'libbusiness-isbn-perl'], kind short, sout pipe, serr pipe, env []
autopkgtest: DBG: testbed command exited with code 0
autopkgtest: DBG: testbed command ['dpkg', '--status', 'autopkgtest-satdep'], kind short, sout pipe, serr pipe, env []
autopkgtest: DBG: testbed command exited with code 0
autopkgtest: DBG: testbed command ['apt-get', '--simulate', '--quiet', '-o', 'APT::Get::Show-User-Simulation-Note=False', '--auto-remove', 'purge', 'autopkgtest-satdep'], kind short, sout pipe, serr pipe, env []
autopkgtest: DBG: testbed command exited with code 0
autopkgtest: DBG: Marking test dependencies as manually installed: pkg-perl-autopkgtest autodep8 dctrl-tools dh-autoreconf debhelper dh-strip-nondeterminism debugedit dwz po-debconf intltool-debian libfile-stripnondeterminism-perl libarchive-zip-perl libbusiness-isbn-perl libbusiness-isbn-data-perl libdebhelper-perl libtest-pod-coverage-perl libpod-coverage-perl libdevel-symdump-perl libdjvulibre21 libdjvulibre-text libegl-dev libgd-barcode-perl libgd-perl libglu1-mesa-dev libgl-dev libglx-dev libmpdec2 libsub-override-perl libtest-pod-perl libvulkan-dev libxext-dev libx11-dev libxcb1-dev libxau-dev libxdmcp-dev qt5-qmake qt5-qmake-bin x11proto-core-dev x11proto-dev xorg-sgml-doctools xtrans-dev
autopkgtest: DBG: testbed command ['apt-mark', 'manual', '-qq', 'pkg-perl-autopkgtest', 'autodep8', 'dctrl-tools', 'dh-autoreconf', 'debhelper', 'dh-strip-nondeterminism', 'debugedit', 'dwz', 'po-debconf', 'intltool-debian', 'libfile-stripnondeterminism-perl', 'libarchive-zip-perl', 'libbusiness-isbn-perl', 'libbusiness-isbn-data-perl', 'libdebhelper-perl', 'libtest-pod-coverage-perl', 'libpod-coverage-perl', 'libdevel-symdump-perl', 'libdjvulibre21', 'libdjvulibre-text'], kind short, sout raw, serr pipe, env []
autopkgtest: DBG: testbed command exited with code 0
autopkgtest: DBG: testbed command ['apt-mark', 'manual', '-qq', 'libegl-dev', 'libgd-barcode-perl', 'libgd-perl', 'libglu1-mesa-dev', 'libgl-dev', 'libglx-dev', 'libmpdec2', 'libsub-override-perl', 'libtest-pod-perl', 'libvulkan-dev', 'libxext-dev', 'libx11-dev', 'libxcb1-dev', 'libxau-dev', 'libxdmcp-dev', 'qt5-qmake', 'qt5-qmake-bin', 'x11proto-core-dev', 'x11proto-dev', 'xorg-sgml-doctools'], kind short, sout raw, serr pipe, env []
autopkgtest: DBG: testbed command exited with code 0
autopkgtest: DBG: testbed command ['apt-mark', 'manual', '-qq', 'xtrans-dev'], kind short, sout raw, serr pipe, env []
autopkgtest: DBG: testbed command exited with code 0
autopkgtest: DBG: testbed command ['dpkg', '--purge', 'autopkgtest-satdep'], kind short, sout raw, serr raw, env []
(Reading database ... 163029 files and directories currently installed.)
Removing autopkgtest-satdep (0) ...
autopkgtest: DBG: testbed command exited with code 0
autopkgtest: DBG: testbed command ['sh', '-ec', 'command -v dpkg-query'], kind short, sout pipe, serr pipe, env []
autopkgtest: DBG: testbed command exited with code 0
autopkgtest: DBG: testbed command ['sh', '-ec', "dpkg-query --show -f '${Package}\\t${Version}\\n' > /tmp/autopkgtest.TkbQs0/autodep8-perl-build-deps-packages.all"], kind short, sout raw, serr pipe, env []
autopkgtest: DBG: testbed command exited with code 0
autopkgtest: DBG: sending command to testbed: copyup /tmp/autopkgtest.TkbQs0/autodep8-perl-build-deps-packages.all /home/minami/Documents/openkylin-riscv/test/libbusiness-isbn-perl/autodep8-perl-build-deps-packages.all
autopkgtest-virt-qemu: DBG: executing copyup /tmp/autopkgtest.TkbQs0/autodep8-perl-build-deps-packages.all /home/minami/Documents/openkylin-riscv/test/libbusiness-isbn-perl/autodep8-perl-build-deps-packages.all
autopkgtest-virt-qemu: DBG: ['cmdls', "(['/tmp/autopkgtest-qemu.g8gmz3yf/runcmd', 'sh', '-ec', 'cat </tmp/autopkgtest.TkbQs0/autodep8-perl-build-deps-packages.all'], ['cat'])"]
autopkgtest-virt-qemu: DBG: ['srcstdin', "<_io.BufferedReader name='/dev/null'>", 'deststdout', "<_io.BufferedWriter name='/home/minami/Documents/openkylin-riscv/test/libbusiness-isbn-perl/autodep8-perl-build-deps-packages.all'>", 'devnull_read', <_io.BufferedReader name='/dev/null'>]
autopkgtest-virt-qemu: DBG:  +< /tmp/autopkgtest-qemu.g8gmz3yf/runcmd sh -ec cat </tmp/autopkgtest.TkbQs0/autodep8-perl-build-deps-packages.all
autopkgtest-virt-qemu: DBG:  +> cat
autopkgtest-virt-qemu: DBG:  +>?
autopkgtest-virt-qemu: DBG:  +<?
autopkgtest: DBG: got reply from testbed: ok
autopkgtest: DBG: testbed command ['test', '-e', '/tmp/autopkgtest.TkbQs0/build.YUh/src'], kind short, sout raw, serr raw, env []
autopkgtest: DBG: testbed command exited with code 0
autopkgtest: DBG: copydown: tb path /tmp/autopkgtest.TkbQs0/build.YUh/src already exists
autopkgtest [13:40:37]: test autodep8-perl-build-deps: /usr/share/pkg-perl-autopkgtest/runner build-deps
autopkgtest [13:40:37]: test autodep8-perl-build-deps: [-----------------------
autopkgtest: DBG: testbed command ['su', '-s', '/bin/bash', 'openkylin', '-c', 'set -e; export USER=`id -nu`; . /etc/profile >/dev/null 2>&1 || true;  . ~/.profile >/dev/null 2>&1 || true; buildtree="/tmp/autopkgtest.TkbQs0/build.YUh/src"; mkdir -p -m 1777 -- "/tmp/autopkgtest.TkbQs0/autodep8-perl-build-deps-artifacts"; export AUTOPKGTEST_ARTIFACTS="/tmp/autopkgtest.TkbQs0/autodep8-perl-build-deps-artifacts"; export ADT_ARTIFACTS="$AUTOPKGTEST_ARTIFACTS"; mkdir -p -m 755 "/tmp/autopkgtest.TkbQs0/autopkgtest_tmp"; export AUTOPKGTEST_TMP="/tmp/autopkgtest.TkbQs0/autopkgtest_tmp"; export ADTTMP="$AUTOPKGTEST_TMP"; export DEBIAN_FRONTEND=noninteractive; export LANG=C.UTF-8; export DEB_BUILD_OPTIONS=parallel=8; unset LANGUAGE LC_CTYPE LC_NUMERIC LC_TIME LC_COLLATE   LC_MONETARY LC_MESSAGES LC_PAPER LC_NAME LC_ADDRESS   LC_TELEPHONE LC_MEASUREMENT LC_IDENTIFICATION LC_ALL;cd "$buildtree"; exec /tmp/autopkgtest.TkbQs0/wrapper.sh --script-pid-file=/tmp/autopkgtest_script_pid --stderr=/tmp/autopkgtest.TkbQs0/autodep8-perl-build-deps-stderr --stdout=/tmp/autopkgtest.TkbQs0/autodep8-perl-build-deps-stdout -- bash -ec \'/usr/share/pkg-perl-autopkgtest/runner build-deps\' ;'], kind test, sout raw, serr raw, env []
t/albania.t .............. 
1..11
ok 1 - An object of class 'Business::ISBN10' isa 'Business::ISBN10'
ok 2 - Data module imported
ok 3 - 9992701579 is valid
ok 4 - 9992701579 has right group code
ok 5 - 9992701579 has right publisher
ok 6 - 9992701579 has right group
ok 7 - 9992701579 has right article code
ok 8 - 9992701579 has right checksum
ok 9 - 9992701579 has right checksum
ok 10 - 9992701579 stringifies correctly
ok 11 - 9992701579 stringifies correctly
ok
t/constants.t ............ 
ok 1 - require Business::ISBN;
ok 2 - Business::ISBN->can('import')
ok 3
ok 4
ok 5 - A reference of type 'ARRAY' isa 'ARRAY'
ok 6
ok 7 - Constant 'INVALID_GROUP_CODE' is defined
ok 8 - Constant 'INVALID_PUBLISHER_CODE' is defined
ok 9 - Constant 'BAD_CHECKSUM' is defined
ok 10 - Constant 'GOOD_ISBN' is defined
ok 11 - Constant 'BAD_ISBN' is defined
1..11
ok
t/errors.t ............... 
ok 1 - use Business::ISBN;
ok 2 - Business::ISBN->can(...)
# Subtest: bad_group
    ok 1 - Business::ISBN->can(...)
    ok 2 - ISBN 9786316294241 is invalid
    ok 3 - ISBN 9786316294241 is an error
    ok 4 - ISBN 9786316294241 error text mentions 'group'
    ok 5 - ISBN 9786316294241 has a bad group
    ok 6 - ISBN 6316294247 is invalid
    ok 7 - ISBN 6316294247 is an error
    ok 8 - ISBN 6316294247 error text mentions 'group'
    ok 9 - ISBN 6316294247 has a bad group
    ok 10 - ISBN 0596527241 is valid
    ok 11 - ISBN 0596527241 is not an error
    1..11
ok 3 - bad_group
# Subtest: bad_publisher
    ok 1 - Business::ISBN->can('error_is_bad_publisher')
    ok 2 - ISBN 9656123456 is invalid
    ok 3 - ISBN 9656123456 is an error
    ok 4 - ISBN 9656123456 error text mentions 'publisher'
    ok 5 - ISBN 9656123456 has a bad publisher
    1..5
ok 4 - bad_publisher
1..4
ok
t/github/3.t ............. 
ok 1 - use Business::ISBN;
# Subtest: good_checksum
    ok 1 - Publisher code is bad
    ok 2 - Not a good ISBN
    ok 3 - Publisher code is still bad
    ok 4 - Still not a good ISBN
    1..4
ok 2 - good_checksum
# Subtest: bad_checksum
    ok 1
    ok 2 - Publisher code is bad
    ok 3 - Not a good ISBN
    ok 4 - Publisher code is still bad
    ok 5 - Still not a good ISBN
    1..5
ok 3 - bad_checksum
1..3
ok
t/interface.t ............ 
ok 1 - Unimplemented method [as_isbn10] croaks
ok 2 - Unimplemented method [as_isbn13] croaks
ok 3 - Unimplemented method [_set_prefix] croaks
ok 4 - Unimplemented method [_set_type] croaks
ok 5 - Unimplemented method [_hyphen_positions] croaks
1..5
ok
t/isbn10.t ............... 
ok 1 - An object of class 'Business::ISBN10' isa 'Business::ISBN10'
ok 2 - 0596527241 is valid
ok 3 - 0596527241 has right type
ok 4 - 0596527241 has right prefix
ok 5 - 0596527241 has right publisher
ok 6 - 0596527241 has right country code
ok 7 - 0596527241 has right country
ok 8 - 0596527241 stringifies correctly
ok 9 - 0596527241 stringifies correctly
ok 10 - 0596527241 stringifies correctly
ok 11 - An object of class 'Business::ISBN10' isa 'Business::ISBN10'
ok 12 - 0596527241 is valid
ok 13 - 0596527241 has right publisher
ok 14 - 0596527241 has right country code
ok 15 - 0596527241 has right country
ok 16 - 0596527241 stringifies correctly
ok 17 - 0596527241 stringifies correctly
ok 18 - An object of class 'Business::ISBN13' isa 'Business::ISBN13'
ok 19 - 0596527241 is valid
ok 20 - 0596527241 has right type
ok 21 - 0596527241 has right prefix
ok 22 - 0596527241 has right publisher
ok 23 - 0596527241 has right country code
ok 24 - 0596527241 has right country
ok 25 - 0596527241 stringifies correctly
ok 26 - 0596527241 stringifies correctly
ok 27 - An object of class 'Business::ISBN10' isa 'Business::ISBN10'
ok 28 - Bad checksum [0596527244] is invalid
ok 29 - Bad ISBN is in input_data
ok 30 - Bad checksum [0596527244] had checksum fixed
ok 31 - Bad ISBN is still in input_data
ok 32 - An object of class 'Business::ISBN10' isa 'Business::ISBN10'
ok 33 - Bad group code [9990022576] is invalid
ok 34 - An object of class 'Business::ISBN10' isa 'Business::ISBN10'
ok 35 - Bad publisher [9165022222] is invalid
ok 36 - 0596527241 converted to EAN
ok 37 - Setting prefix on ISBN-10 fails
ok 38 # skip Could not read isbns.txt: No such file or directory
ok 39 # skip Could not read bad-isbns.txt: No such file or directory
1..39
ok
t/isbn13.t ............... 
ok 1 - An object of class 'Business::ISBN13' isa 'Business::ISBN13'
ok 2 - 9780596527242 is valid
ok 3 - 9780596527242 has right prefix
ok 4 - 9780596527242 has right group code
ok 5 - 9780596527242 has right group
ok 6 - 9780596527242 has right publisher
ok 7 - 9780596527242 has right article
ok 8 - 9780596527242 has right checksum
ok 9 - 9780596527242 stringifies correctly
ok 10 - 9780596527242 stringifies correctly
ok 11 - An object of class 'Business::ISBN13' isa 'Business::ISBN13'
ok 12 - 9780596527242 is valid
ok 13 - 9780596527242 has right prefix
ok 14 - 9780596527242 has right group code
ok 15 - 9780596527242 has right group
ok 16 - 9780596527242 has right publisher
ok 17 - 9780596527242 has right article
ok 18 - 9780596527242 has right checksum
ok 19 - 9780596527242 stringifies correctly
ok 20 - 9780596527242 stringifies correctly
ok 21 - An object of class 'Business::ISBN10' isa 'Business::ISBN10'
ok 22 - 9780596527242 is valid
ok 23 - 9780596527242 has right type
ok 24 - 9780596527242 has right prefix
ok 25 - 9780596527242 has right publisher
ok 26 - 9780596527242 has right country code
ok 27 - 9780596527242 has right country
ok 28 - 9780596527242 stringifies correctly
ok 29 - An object of class 'Business::ISBN13' isa 'Business::ISBN13'
ok 30 - Bad checksum [9780596527244] is invalid
ok 31 - Bad checksum [9780596527244] had checksum fixed
ok 32 - 9780596527242 stringifies correctly
ok 33 - 9780596527242 stringifies correctly
ok 34 - An object of class 'Business::ISBN13' isa 'Business::ISBN13'
ok 35 - Bad group code [978-9990022576] is invalid
ok 36 - An object of class 'Business::ISBN13' isa 'Business::ISBN13'
ok 37 - Bad publisher [978-9165022222] is invalid
ok 38 - Setting prefix 977 on ISBN-13 fails
ok 39 - Setting prefix '' on ISBN-13 fails
ok 40 # skip Could not read isbn13s.txt: No such file or directory
ok 41 # skip Could not read bad-isbn13s.txt: No such file or directory
1..41
ok
t/load.t ................. 
1..3
ok 1 - use Business::ISBN;
ok 2 - use Business::ISBN10;
ok 3 - use Business::ISBN13;
ok
t/png_barcode.t .......... 
1..8
ok 1 - use Business::ISBN;
ok 2 - Method defined
ok 3 - An object of class 'Business::ISBN10' isa 'Business::ISBN'
ok 4 - Valid ISBN
ok 5 - PNG defined for 0596527241
ok 6 - An object of class 'Business::ISBN13' isa 'Business::ISBN'
ok 7 - Valid ISBN
ok 8 - PNG defined for 9780596527242
ok
t/rt/27107.t ............. 
ok 1 - use Business::ISBN;
ok 2 - An object of class 'Business::ISBN13' isa 'Business::ISBN'
ok 3 - Valid ISBN
ok 4 - String version comes back as undef
ok 5 - Checksum was just fine, thank you.
1..5
ok
t/rt/28843.t ............. 
1..5
ok 1 - use Business::ISBN;
ok 2 - ISBN object is not defined (good)
ok 3 - An object of class 'Business::ISBN13' isa 'Business::ISBN'
ok 4 - ISBN is not valid
ok 5 - Error is an invalid prefix
ok
t/rt/29089.t ............. 
ok 1 # skip Could not read isbn13s.txt: No such file or directory
1..1
ok
t/rt/29292.t ............. 
ok 1 - [91-7119-704-4] comes out right
ok 2 - [978-91-7119-810-5] comes out right
ok 3 - [978-0-911910-00-1] comes out right
ok 4 - [978-0-88264-180-5] comes out right
1..4
ok
t/step.t ................. 
# Subtest: setup
    ok 1 - use Business::ISBN;
    ok 2 - Business::ISBN->can(...)
    1..2
ok 1 - setup
# Subtest: make_isbn
    ok 1 - An object of class 'Business::ISBN13' isa 'Business::ISBN'
    ok 2 - Business::ISBN->can(...)
    1..2
ok 2 - make_isbn
# Subtest: one_more
    ok 1 - An object of class 'Business::ISBN13' isa 'Business::ISBN'
    ok 2 - An object of class 'Business::ISBN13' isa 'Business::ISBN'
    ok 3 - An object of class 'Business::ISBN13' isa 'Business::ISBN'
    ok 4 - One more matches
    1..4
ok 3 - one_more
# Subtest: one_less
    ok 1 - An object of class 'Business::ISBN13' isa 'Business::ISBN'
    ok 2 - An object of class 'Business::ISBN13' isa 'Business::ISBN'
    ok 3 - An object of class 'Business::ISBN13' isa 'Business::ISBN'
    ok 4 - One less matches
    1..4
ok 4 - one_less
# Subtest: too_little
    ok 1 - An object of class 'Business::ISBN13' isa 'Business::ISBN'
    ok 2 - Incrementing below 0 would be out of range
    1..2
ok 5 - too_little
# Subtest: too_much
    ok 1 - An object of class 'Business::ISBN13' isa 'Business::ISBN'
    ok 2 - Incrementing past 9999 would be out of range
    1..2
ok 6 - too_much
1..6
ok
t/valid_isbn_checksum.t .. 
ok 1 - require Business::ISBN;
ok 2 - Defined in module
ok 3 - Defined in main
ok 4 - Good ISBN10 passes
ok 5 - Good ISBN13 passes
ok 6 - Bad ISBN10 fails (good)
ok 7 - Bad ISBN13 fails (good)
1..7
ok
All tests successful.
Files=15, Tests=153, 19 wallclock secs ( 0.62 usr  0.35 sys + 13.80 cusr  4.56 csys = 19.33 CPU)
Result: PASS
autopkgtest: DBG: testbed command exited with code 0
autopkgtest [13:41:05]: test autodep8-perl-build-deps: -----------------------]
autopkgtest: DBG: testbed executing test finished with exit status 0
autopkgtest: DBG: sending command to testbed: copyup /tmp/autopkgtest.TkbQs0/autodep8-perl-build-deps-stdout /home/minami/Documents/openkylin-riscv/test/libbusiness-isbn-perl/autodep8-perl-build-deps-stdout
autopkgtest-virt-qemu: DBG: executing copyup /tmp/autopkgtest.TkbQs0/autodep8-perl-build-deps-stdout /home/minami/Documents/openkylin-riscv/test/libbusiness-isbn-perl/autodep8-perl-build-deps-stdout
autopkgtest-virt-qemu: DBG: ['cmdls', "(['/tmp/autopkgtest-qemu.g8gmz3yf/runcmd', 'sh', '-ec', 'cat </tmp/autopkgtest.TkbQs0/autodep8-perl-build-deps-stdout'], ['cat'])"]
autopkgtest-virt-qemu: DBG: ['srcstdin', "<_io.BufferedReader name='/dev/null'>", 'deststdout', "<_io.BufferedWriter name='/home/minami/Documents/openkylin-riscv/test/libbusiness-isbn-perl/autodep8-perl-build-deps-stdout'>", 'devnull_read', <_io.BufferedReader name='/dev/null'>]
autopkgtest-virt-qemu: DBG:  +< /tmp/autopkgtest-qemu.g8gmz3yf/runcmd sh -ec cat </tmp/autopkgtest.TkbQs0/autodep8-perl-build-deps-stdout
autopkgtest-virt-qemu: DBG:  +> cat
autopkgtest-virt-qemu: DBG:  +>?
autopkgtest-virt-qemu: DBG:  +<?
autopkgtest: DBG: got reply from testbed: ok
autopkgtest: DBG: sending command to testbed: copyup /tmp/autopkgtest.TkbQs0/autodep8-perl-build-deps-stderr /home/minami/Documents/openkylin-riscv/test/libbusiness-isbn-perl/autodep8-perl-build-deps-stderr
autopkgtest-virt-qemu: DBG: executing copyup /tmp/autopkgtest.TkbQs0/autodep8-perl-build-deps-stderr /home/minami/Documents/openkylin-riscv/test/libbusiness-isbn-perl/autodep8-perl-build-deps-stderr
autopkgtest-virt-qemu: DBG: ['cmdls', "(['/tmp/autopkgtest-qemu.g8gmz3yf/runcmd', 'sh', '-ec', 'cat </tmp/autopkgtest.TkbQs0/autodep8-perl-build-deps-stderr'], ['cat'])"]
autopkgtest-virt-qemu: DBG: ['srcstdin', "<_io.BufferedReader name='/dev/null'>", 'deststdout', "<_io.BufferedWriter name='/home/minami/Documents/openkylin-riscv/test/libbusiness-isbn-perl/autodep8-perl-build-deps-stderr'>", 'devnull_read', <_io.BufferedReader name='/dev/null'>]
autopkgtest-virt-qemu: DBG:  +< /tmp/autopkgtest-qemu.g8gmz3yf/runcmd sh -ec cat </tmp/autopkgtest.TkbQs0/autodep8-perl-build-deps-stderr
autopkgtest-virt-qemu: DBG:  +> cat
autopkgtest-virt-qemu: DBG:  +>?
autopkgtest-virt-qemu: DBG:  +<?
autopkgtest: DBG: got reply from testbed: ok
autopkgtest [13:41:06]: test autodep8-perl-build-deps:  - - - - - - - - - - results - - - - - - - - - -
autodep8-perl-build-deps PASS
autopkgtest: DBG: sending command to testbed: copyup /tmp/autopkgtest.TkbQs0/autodep8-perl-build-deps-artifacts/ /home/minami/Documents/openkylin-riscv/test/libbusiness-isbn-perl/artifacts/
autopkgtest-virt-qemu: DBG: executing copyup /tmp/autopkgtest.TkbQs0/autodep8-perl-build-deps-artifacts/ /home/minami/Documents/openkylin-riscv/test/libbusiness-isbn-perl/artifacts/
autopkgtest-virt-qemu: DBG: ['cmdls', "(['/tmp/autopkgtest-qemu.g8gmz3yf/runcmd', 'sh', '-ec', 'cd /tmp/autopkgtest.TkbQs0/autodep8-perl-build-deps-artifacts/; tar --warning=none -c . -f -'], ['tar', '--directory', '/home/minami/Documents/openkylin-riscv/test/libbusiness-isbn-perl/artifacts/', '--warning=none', '--preserve-permissions', '--extract', '--no-same-owner', '-f', '-'])"]
autopkgtest-virt-qemu: DBG: ['srcstdin', "<_io.BufferedReader name='/dev/null'>", 'deststdout', "<_io.BufferedReader name='/dev/null'>", 'devnull_read', <_io.BufferedReader name='/dev/null'>]
autopkgtest-virt-qemu: DBG:  +< /tmp/autopkgtest-qemu.g8gmz3yf/runcmd sh -ec cd /tmp/autopkgtest.TkbQs0/autodep8-perl-build-deps-artifacts/; tar --warning=none -c . -f -
autopkgtest-virt-qemu: DBG:  +> tar --directory /home/minami/Documents/openkylin-riscv/test/libbusiness-isbn-perl/artifacts/ --warning=none --preserve-permissions --extract --no-same-owner -f -
autopkgtest-virt-qemu: DBG:  +>?
autopkgtest-virt-qemu: DBG:  +<?
autopkgtest: DBG: got reply from testbed: ok
autopkgtest: DBG: testbed command ['rm', '-rf', '/tmp/autopkgtest.TkbQs0/autodep8-perl-build-deps-artifacts', '/tmp/autopkgtest.TkbQs0/autopkgtest_tmp'], kind short, sout raw, serr pipe, env []
autopkgtest: DBG: testbed command exited with code 0
autopkgtest [13:41:07]: test autodep8-perl: preparing testbed
autopkgtest: DBG: testbed reset: modified=False, deps_installed=['libbusiness-isbn-perl', 'debhelper-compat (= 13)', 'libbusiness-isbn-data-perl (>= 20191107)', 'libgd-barcode-perl', 'libtest-pod-coverage-perl', 'libtest-pod-perl', 'libwww-perl', 'perl', 'build-essential', 'pkg-perl-autopkgtest'], deps_new=['libbusiness-isbn-perl', 'pkg-perl-autopkgtest']
autopkgtest: DBG: testbed reset
autopkgtest: DBG: sending command to testbed: revert
autopkgtest-virt-qemu: DBG: executing revert
autopkgtest-virt-qemu: DBG: execute-timeout: /tmp/autopkgtest-qemu.g8gmz3yf/runcmd rm -rf -- /tmp/autopkgtest.TkbQs0
qemu-system-riscv64: terminating on signal 15 from pid 3350675 (/usr/bin/python3)
autopkgtest-virt-qemu: DBG: find_free_port: trying 10022
autopkgtest-virt-qemu: DBG: find_free_port: 10022 is free
autopkgtest-virt-qemu: DBG: autopkgtest does not know how to boot this machine, hopefully nothing special needs to be done?
autopkgtest-virt-qemu: DBG: qemu architecture: riscv64
autopkgtest-virt-qemu: DBG: qemu command: qemu-system-riscv64
autopkgtest-virt-qemu: DBG: execute-timeout: qemu-img info --output=json /home/minami/Documents/openkylin-riscv/testing.qcow2
autopkgtest-virt-qemu: DBG: Creating temporary overlay image in /tmp/autopkgtest-qemu._yv7lori/overlay.img
autopkgtest-virt-qemu: DBG: execute-timeout: qemu-img create -f qcow2 -F qcow2 -b /home/minami/Documents/openkylin-riscv/testing.qcow2 /tmp/autopkgtest-qemu._yv7lori/overlay.img
autopkgtest-virt-qemu: DBG: Forwarding local port 10022 to VM ssh port 22
autopkgtest-virt-qemu: DBG: Assuming nothing special needs to be done to set up firmware to boot this machine (boot method: none)
autopkgtest-virt-qemu: DBG: full qemu command-line: ['qemu-system-riscv64', '-m', '8192', '-smp', '8', '-nographic', '-device', 'virtio-net-device,netdev=usernet', '-netdev', 'user,id=usernet,hostfwd=tcp:127.0.0.1:10022-:22', '-object', 'rng-random,filename=/dev/urandom,id=rng0', '-device', 'virtio-rng-pci,rng=rng0,id=rng-device0', '-monitor', 'unix:/tmp/autopkgtest-qemu._yv7lori/monitor,server=on,wait=off', '-virtfs', 'local,id=autopkgtest,path=/tmp/autopkgtest-qemu._yv7lori/shared,security_model=none,mount_tag=autopkgtest', '-device', 'virtio-serial', '-chardev', 'socket,path=/tmp/autopkgtest-qemu._yv7lori/hvc0,server=on,wait=off,id=hvc0', '-device', 'virtconsole,chardev=hvc0', '-chardev', 'socket,path=/tmp/autopkgtest-qemu._yv7lori/hvc1,server=on,wait=off,id=hvc1', '-device', 'virtconsole,chardev=hvc1', '-serial', 'unix:/tmp/autopkgtest-qemu._yv7lori/ttyS0,server=on,wait=off', '-drive', 'index=0,file=/tmp/autopkgtest-qemu._yv7lori/overlay.img,format=qcow2,cache=unsafe,if=virtio,discard=unmap', '-machine', 'virt', '-kernel', '/home/minami/Documents/ukylin/u-boot.bin']
autopkgtest-virt-qemu: DBG: expect: b' login: '
autopkgtest-virt-qemu: DBG: expect: found "'login prompt on serial console'"
autopkgtest-virt-qemu: DBG: expect: b'ok'
autopkgtest-virt-qemu: DBG: expect: found "b'ok'"
autopkgtest-virt-qemu: DBG: setup_shell(): there already is a shell on hvc1
qemu-system-riscv64: warning: 9p: degraded performance: a reasonable high msize should be chosen on client/guest side (chosen msize is <= 8192). See https://wiki.qemu.org/Documentation/9psetup#msize for details.
autopkgtest-virt-qemu: DBG: expect: b'8b216f57-c11b-42a2-b89c-8a041cde5a9c[1]'
autopkgtest-virt-qemu: DBG: expect: found "b'8b216f57-c11b-42a2-b89c-8a041cde5a9c[1]'"
autopkgtest-virt-qemu: DBG: expect: b'8b216f57-c11b-42a2-b89c-8a041cde5a9c[2]'
autopkgtest-virt-qemu: DBG: expect: found "b'8b216f57-c11b-42a2-b89c-8a041cde5a9c[2]'"
autopkgtest-virt-qemu: DBG: expect: b'8b216f57-c11b-42a2-b89c-8a041cde5a9c[3]'
autopkgtest-virt-qemu: DBG: expect: found "b'8b216f57-c11b-42a2-b89c-8a041cde5a9c[3]'"
autopkgtest-virt-qemu: DBG: expect: b'/python'
autopkgtest-virt-qemu: DBG: expect: found "b'/python'"
autopkgtest-virt-qemu: DBG: expect: b'# '
autopkgtest-virt-qemu: DBG: expect: found "b'# '"
autopkgtest-virt-qemu: DBG: expect: b'8b216f57-c11b-42a2-b89c-8a041cde5a9c[4]'
autopkgtest-virt-qemu: DBG: expect: found "b'8b216f57-c11b-42a2-b89c-8a041cde5a9c[4]'"
autopkgtest-virt-qemu: DBG: execute-timeout: /tmp/autopkgtest-qemu._yv7lori/runcmd true
autopkgtest-virt-qemu: DBG: can connect to autopkgtest sh in VM
autopkgtest-virt-qemu: DBG: expect: b'8b216f57-c11b-42a2-b89c-8a041cde5a9c[5]'
autopkgtest-virt-qemu: DBG: expect: found "b'8b216f57-c11b-42a2-b89c-8a041cde5a9c[5]'"
autopkgtest-virt-qemu: DBG: determine_normal_user: got user "openkylin"
autopkgtest-virt-qemu: DBG: execute-timeout: /tmp/autopkgtest-qemu._yv7lori/runcmd mkdir --mode=1777 --parents /tmp/autopkgtest.TkbQs0
autopkgtest-virt-qemu: DBG: auxverb = ['/tmp/autopkgtest-qemu._yv7lori/runcmd'], downtmp = /tmp/autopkgtest.TkbQs0
autopkgtest: DBG: got reply from testbed: ok /tmp/autopkgtest.TkbQs0
autopkgtest: DBG: sending command to testbed: print-execute-command
autopkgtest-virt-qemu: DBG: executing print-execute-command
autopkgtest: DBG: got reply from testbed: ok /tmp/autopkgtest-qemu._yv7lori/runcmd
autopkgtest: DBG: sending command to testbed: capabilities
autopkgtest-virt-qemu: DBG: executing capabilities
autopkgtest: DBG: got reply from testbed: ok isolation-machine reboot revert revert-full-system root-on-testbed suggested-normal-user=openkylin
autopkgtest: DBG: testbed capabilities: ['isolation-machine', 'reboot', 'revert', 'revert-full-system', 'root-on-testbed', 'suggested-normal-user=openkylin', 'has_internet']
autopkgtest: DBG: testbed command ['mkdir', '-p', '/tmp/autopkgtest.TkbQs0'], kind short, sout raw, serr pipe, env []
autopkgtest: DBG: testbed command exited with code 0
autopkgtest: DBG: sending command to testbed: copydown /usr/share/autopkgtest/lib/in-testbed/wrapper.sh /tmp/autopkgtest.TkbQs0/wrapper.sh
autopkgtest-virt-qemu: DBG: executing copydown /usr/share/autopkgtest/lib/in-testbed/wrapper.sh /tmp/autopkgtest.TkbQs0/wrapper.sh
autopkgtest-virt-qemu: DBG: ['cmdls', "(['cat'], ['/tmp/autopkgtest-qemu._yv7lori/runcmd', 'sh', '-ec', 'cat >/tmp/autopkgtest.TkbQs0/wrapper.sh; chmod +x -- /tmp/autopkgtest.TkbQs0/wrapper.sh'])"]
autopkgtest-virt-qemu: DBG: ['srcstdin', "<_io.BufferedReader name='/usr/share/autopkgtest/lib/in-testbed/wrapper.sh'>", 'deststdout', "<_io.BufferedReader name='/dev/null'>", 'devnull_read', <_io.BufferedReader name='/dev/null'>]
autopkgtest-virt-qemu: DBG:  +< cat
autopkgtest-virt-qemu: DBG:  +> /tmp/autopkgtest-qemu._yv7lori/runcmd sh -ec cat >/tmp/autopkgtest.TkbQs0/wrapper.sh; chmod +x -- /tmp/autopkgtest.TkbQs0/wrapper.sh
autopkgtest-virt-qemu: DBG:  +>?
autopkgtest-virt-qemu: DBG:  +<?
autopkgtest: DBG: got reply from testbed: ok
autopkgtest: DBG: testbed command ['chmod', '-R', '0755', '--', '/tmp/autopkgtest.TkbQs0/wrapper.sh'], kind short, sout raw, serr pipe, env []
autopkgtest: DBG: testbed command exited with code 0
autopkgtest: DBG: testbed command ['dpkg', '--print-architecture'], kind short, sout pipe, serr pipe, env []
autopkgtest: DBG: testbed command exited with code 0
autopkgtest [13:41:55]: testbed dpkg architecture: riscv64
autopkgtest: DBG: testbed command ['sh', '-ec', 'command -v eatmydata'], kind short, sout pipe, serr pipe, env []
autopkgtest: DBG: testbed command exited with code 127
autopkgtest: DBG: testbed command ['sh', '-ec', 'command -v dpkg-query'], kind short, sout pipe, serr pipe, env []
autopkgtest: DBG: testbed command exited with code 0
autopkgtest: DBG: testbed command ['sh', '-ec', "dpkg-query --show -f '${Package}\\t${Version}\\n' > /tmp/autopkgtest.TkbQs0/testbed-packages"], kind short, sout raw, serr pipe, env []
autopkgtest: DBG: testbed command exited with code 0
autopkgtest: DBG: sending command to testbed: copyup /tmp/autopkgtest.TkbQs0/testbed-packages /home/minami/Documents/openkylin-riscv/test/libbusiness-isbn-perl/testbed-packages
autopkgtest-virt-qemu: DBG: executing copyup /tmp/autopkgtest.TkbQs0/testbed-packages /home/minami/Documents/openkylin-riscv/test/libbusiness-isbn-perl/testbed-packages
autopkgtest-virt-qemu: DBG: ['cmdls', "(['/tmp/autopkgtest-qemu._yv7lori/runcmd', 'sh', '-ec', 'cat </tmp/autopkgtest.TkbQs0/testbed-packages'], ['cat'])"]
autopkgtest-virt-qemu: DBG: ['srcstdin', "<_io.BufferedReader name='/dev/null'>", 'deststdout', "<_io.BufferedWriter name='/home/minami/Documents/openkylin-riscv/test/libbusiness-isbn-perl/testbed-packages'>", 'devnull_read', <_io.BufferedReader name='/dev/null'>]
autopkgtest-virt-qemu: DBG:  +< /tmp/autopkgtest-qemu._yv7lori/runcmd sh -ec cat </tmp/autopkgtest.TkbQs0/testbed-packages
autopkgtest-virt-qemu: DBG:  +> cat
autopkgtest-virt-qemu: DBG:  +>?
autopkgtest-virt-qemu: DBG:  +<?
autopkgtest: DBG: got reply from testbed: ok
autopkgtest: DBG: testbed supports reboot, creating /tmp/autopkgtest-reboot
autopkgtest: DBG: testbed command ['mkdir', '-p', '/tmp/autopkgtest.TkbQs0'], kind short, sout raw, serr pipe, env []
autopkgtest: DBG: testbed command exited with code 0
autopkgtest: DBG: sending command to testbed: copydown /usr/share/autopkgtest/lib/in-testbed/reboot.sh /tmp/autopkgtest.TkbQs0/autopkgtest-reboot
autopkgtest-virt-qemu: DBG: executing copydown /usr/share/autopkgtest/lib/in-testbed/reboot.sh /tmp/autopkgtest.TkbQs0/autopkgtest-reboot
autopkgtest-virt-qemu: DBG: ['cmdls', "(['cat'], ['/tmp/autopkgtest-qemu._yv7lori/runcmd', 'sh', '-ec', 'cat >/tmp/autopkgtest.TkbQs0/autopkgtest-reboot; chmod +x -- /tmp/autopkgtest.TkbQs0/autopkgtest-reboot'])"]
autopkgtest-virt-qemu: DBG: ['srcstdin', "<_io.BufferedReader name='/usr/share/autopkgtest/lib/in-testbed/reboot.sh'>", 'deststdout', "<_io.BufferedReader name='/dev/null'>", 'devnull_read', <_io.BufferedReader name='/dev/null'>]
autopkgtest-virt-qemu: DBG:  +< cat
autopkgtest-virt-qemu: DBG:  +> /tmp/autopkgtest-qemu._yv7lori/runcmd sh -ec cat >/tmp/autopkgtest.TkbQs0/autopkgtest-reboot; chmod +x -- /tmp/autopkgtest.TkbQs0/autopkgtest-reboot
autopkgtest-virt-qemu: DBG:  +>?
autopkgtest-virt-qemu: DBG:  +<?
autopkgtest: DBG: got reply from testbed: ok
autopkgtest: DBG: testbed command ['chmod', '-R', '0755', '--', '/tmp/autopkgtest.TkbQs0/autopkgtest-reboot'], kind short, sout raw, serr pipe, env []
autopkgtest: DBG: testbed command exited with code 0
autopkgtest: DBG: testbed command ['ln', '-fns', '/tmp/autopkgtest.TkbQs0/autopkgtest-reboot', '/tmp/autopkgtest-reboot'], kind short, sout raw, serr pipe, env []
autopkgtest: DBG: testbed command exited with code 0
autopkgtest: DBG: testbed command ['ln', '-fns', '/tmp/autopkgtest.TkbQs0/autopkgtest-reboot', '/sbin/autopkgtest-reboot'], kind short, sout raw, serr pipe, env []
autopkgtest: DBG: testbed command exited with code 0
autopkgtest: DBG: testbed command ['mkdir', '-p', '/tmp/autopkgtest.TkbQs0'], kind short, sout raw, serr pipe, env []
autopkgtest: DBG: testbed command exited with code 0
autopkgtest: DBG: sending command to testbed: copydown /usr/share/autopkgtest/lib/in-testbed/reboot-prepare.sh /tmp/autopkgtest.TkbQs0/autopkgtest-reboot-prepare
autopkgtest-virt-qemu: DBG: executing copydown /usr/share/autopkgtest/lib/in-testbed/reboot-prepare.sh /tmp/autopkgtest.TkbQs0/autopkgtest-reboot-prepare
autopkgtest-virt-qemu: DBG: ['cmdls', "(['cat'], ['/tmp/autopkgtest-qemu._yv7lori/runcmd', 'sh', '-ec', 'cat >/tmp/autopkgtest.TkbQs0/autopkgtest-reboot-prepare; chmod +x -- /tmp/autopkgtest.TkbQs0/autopkgtest-reboot-prepare'])"]
autopkgtest-virt-qemu: DBG: ['srcstdin', "<_io.BufferedReader name='/usr/share/autopkgtest/lib/in-testbed/reboot-prepare.sh'>", 'deststdout', "<_io.BufferedReader name='/dev/null'>", 'devnull_read', <_io.BufferedReader name='/dev/null'>]
autopkgtest-virt-qemu: DBG:  +< cat
autopkgtest-virt-qemu: DBG:  +> /tmp/autopkgtest-qemu._yv7lori/runcmd sh -ec cat >/tmp/autopkgtest.TkbQs0/autopkgtest-reboot-prepare; chmod +x -- /tmp/autopkgtest.TkbQs0/autopkgtest-reboot-prepare
autopkgtest-virt-qemu: DBG:  +>?
autopkgtest-virt-qemu: DBG:  +<?
autopkgtest: DBG: got reply from testbed: ok
autopkgtest: DBG: testbed command ['chmod', '-R', '0755', '--', '/tmp/autopkgtest.TkbQs0/autopkgtest-reboot-prepare'], kind short, sout raw, serr pipe, env []
autopkgtest: DBG: testbed command exited with code 0
autopkgtest: DBG: testbed command ['ln', '-fns', '/tmp/autopkgtest.TkbQs0/autopkgtest-reboot-prepare', '/tmp/autopkgtest-reboot-prepare'], kind short, sout raw, serr pipe, env []
autopkgtest: DBG: testbed command exited with code 0
autopkgtest: DBG: testbed command ['uname', '-srv'], kind short, sout pipe, serr pipe, env []
autopkgtest: DBG: testbed command exited with code 0
autopkgtest: DBG: Binaries: no registered binaries, not publishing anything
autopkgtest: DBG: install_deps: deps_new=['libbusiness-isbn-perl', 'pkg-perl-autopkgtest']
autopkgtest: DBG: install-deps: satisfying libbusiness-isbn-perl, pkg-perl-autopkgtest
autopkgtest: DBG: install-deps: architecture resolved: libbusiness-isbn-perl, pkg-perl-autopkgtest
autopkgtest: DBG: testbed command ['test', '-w', '/var/lib/dpkg/status'], kind short, sout raw, serr raw, env []
autopkgtest: DBG: testbed command exited with code 0
autopkgtest: DBG: can use apt-get on testbed: True
autopkgtest: DBG: testbed command ['mkdir', '-p', '/tmp/autopkgtest.TkbQs0'], kind short, sout raw, serr pipe, env []
autopkgtest: DBG: testbed command exited with code 0
autopkgtest: DBG: sending command to testbed: copydown /home/minami/Documents/openkylin-riscv/test/libbusiness-isbn-perl/2-autopkgtest-satdep.deb /tmp/autopkgtest.TkbQs0/2-autopkgtest-satdep.deb
autopkgtest-virt-qemu: DBG: executing copydown /home/minami/Documents/openkylin-riscv/test/libbusiness-isbn-perl/2-autopkgtest-satdep.deb /tmp/autopkgtest.TkbQs0/2-autopkgtest-satdep.deb
autopkgtest-virt-qemu: DBG: ['cmdls', "(['cat'], ['/tmp/autopkgtest-qemu._yv7lori/runcmd', 'sh', '-ec', 'cat >/tmp/autopkgtest.TkbQs0/2-autopkgtest-satdep.deb'])"]
autopkgtest-virt-qemu: DBG: ['srcstdin', "<_io.BufferedReader name='/home/minami/Documents/openkylin-riscv/test/libbusiness-isbn-perl/2-autopkgtest-satdep.deb'>", 'deststdout', "<_io.BufferedReader name='/dev/null'>", 'devnull_read', <_io.BufferedReader name='/dev/null'>]
autopkgtest-virt-qemu: DBG:  +< cat
autopkgtest-virt-qemu: DBG:  +> /tmp/autopkgtest-qemu._yv7lori/runcmd sh -ec cat >/tmp/autopkgtest.TkbQs0/2-autopkgtest-satdep.deb
autopkgtest-virt-qemu: DBG:  +>?
autopkgtest-virt-qemu: DBG:  +<?
autopkgtest: DBG: got reply from testbed: ok
autopkgtest: DBG: testbed command ['chown', '-R', 'openkylin', '--', '/tmp/autopkgtest.TkbQs0/2-autopkgtest-satdep.deb'], kind short, sout raw, serr pipe, env []
autopkgtest: DBG: testbed command exited with code 0
autopkgtest: DBG: testbed command ['dpkg', '--unpack', '/tmp/autopkgtest.TkbQs0/2-autopkgtest-satdep.deb'], kind short, sout pipe, serr pipe, env []
autopkgtest: DBG: testbed command exited with code 0
autopkgtest: DBG: testbed command ['/bin/sh', '-ec', ' apt-get install --assume-yes --fix-broken -o APT::Status-Fd=3 -o APT::Install-Recommends=false -o Dpkg::Options::=--force-confnew -o Debug::pkgProblemResolver=true 3>&2 2>&1'], kind install, sout raw, serr pipe, env ['DEBIAN_FRONTEND=noninteractive', 'APT_LISTBUGS_FRONTEND=none', 'APT_LISTCHANGES_FRONTEND=none']
Reading package lists...
Building dependency tree...
Reading state information...
Correcting dependencies...Starting pkgProblemResolver with broken count: 0
Starting 2 pkgProblemResolver with broken count: 0
Done
 Done
Starting pkgProblemResolver with broken count: 0
Starting 2 pkgProblemResolver with broken count: 0
Done
The following packages were automatically installed and are no longer required:
  libdjvulibre-text libdjvulibre21 libegl-dev libgl-dev libglu1-mesa-dev
  libglx-dev libmpdec2 libvulkan-dev libx11-dev libxau-dev libxcb1-dev
  libxdmcp-dev libxext-dev qt5-qmake qt5-qmake-bin x11proto-core-dev
  x11proto-dev xorg-sgml-doctools xtrans-dev
Use 'apt autoremove' to remove them.
The following additional packages will be installed:
  autodep8 dctrl-tools libbusiness-isbn-data-perl libbusiness-isbn-perl
  libencode-locale-perl libfile-listing-perl libhtml-parser-perl
  libhtml-tagset-perl libhtml-tree-perl libhttp-cookies-perl libhttp-date-perl
  libhttp-message-perl libhttp-negotiate-perl libio-html-perl
  libio-socket-ssl-perl liblwp-mediatypes-perl liblwp-protocol-https-perl
  libnet-http-perl libnet-ssleay-perl libtimedate-perl libtry-tiny-perl
  libwww-perl libwww-robotrules-perl perl-openssl-defaults
  pkg-perl-autopkgtest
Suggested packages:
  debtags libgd-barcode-perl libdata-dump-perl libcrypt-ssleay-perl
  libsub-name-perl libauthen-ntlm-perl
Recommended packages:
  libhtml-format-perl libclone-perl libdata-dump-perl libhtml-form-perl
  libhttp-daemon-perl libmailtools-perl
The following NEW packages will be installed:
  autodep8 dctrl-tools libbusiness-isbn-data-perl libbusiness-isbn-perl
  libencode-locale-perl libfile-listing-perl libhtml-parser-perl
  libhtml-tagset-perl libhtml-tree-perl libhttp-cookies-perl libhttp-date-perl
  libhttp-message-perl libhttp-negotiate-perl libio-html-perl
  libio-socket-ssl-perl liblwp-mediatypes-perl liblwp-protocol-https-perl
  libnet-http-perl libnet-ssleay-perl libtimedate-perl libtry-tiny-perl
  libwww-perl libwww-robotrules-perl perl-openssl-defaults
  pkg-perl-autopkgtest
0 upgraded, 25 newly installed, 0 to remove and 18 not upgraded.
1 not fully installed or removed.
Need to get 1,336 kB of archives.
After this operation, 4,196 kB of additional disk space will be used.
Get:1 http://archive.build.openkylin.top/openkylin yangtze/main riscv64 libbusiness-isbn-data-perl all 20210112.006-ok1 [17.5 kB]
Get:2 http://ppa.build.openkylin.top/kylinsoft/anything/openkylin yangtze/main riscv64 autodep8 all 0.22-ok1 [10.1 kB]
Get:3 http://ppa.build.openkylin.top/kylinsoft/anything/openkylin yangtze/main riscv64 pkg-perl-autopkgtest all 0.59-ok1 [8,208 B]
Get:4 http://archive.build.openkylin.top/openkylin yangtze/main riscv64 libencode-locale-perl all 1.05-ok2 [11.1 kB]
Get:5 http://archive.build.openkylin.top/openkylin yangtze/main riscv64 libtimedate-perl all 2.3300-ok2 [33.5 kB]
Get:6 http://archive.build.openkylin.top/openkylin yangtze/main riscv64 libhttp-date-perl all 6.05-ok3 [15.9 kB]
Get:7 http://archive.build.openkylin.top/openkylin yangtze/main riscv64 libfile-listing-perl all 6.15-ok2 [17.0 kB]
Get:8 http://archive.build.openkylin.top/openkylin yangtze/main riscv64 libhtml-tagset-perl all 3.20-ok2 [11.0 kB]
Get:9 http://archive.build.openkylin.top/openkylin yangtze/main riscv64 libhtml-parser-perl riscv64 3.76-ok1 [85.2 kB]
Get:10 http://archive.build.openkylin.top/openkylin yangtze/main riscv64 libhtml-tree-perl all 5.07-ok2 [199 kB]
Get:11 http://archive.build.openkylin.top/openkylin yangtze/main riscv64 libio-html-perl all 1.004-ok2 [20.3 kB]
Get:12 http://archive.build.openkylin.top/openkylin yangtze/main riscv64 liblwp-mediatypes-perl all 6.04-ok2 [19.7 kB]
Get:13 http://archive.build.openkylin.top/openkylin yangtze/main riscv64 libhttp-message-perl all 6.36-ok1 [76.3 kB]
Get:14 http://archive.build.openkylin.top/openkylin yangtze/main riscv64 libhttp-cookies-perl all 6.10-ok1 [17.5 kB]
Get:15 http://archive.build.openkylin.top/openkylin yangtze/main riscv64 libhttp-negotiate-perl all 6.01-ok2 [12.0 kB]
Get:16 http://archive.build.openkylin.top/openkylin yangtze/main riscv64 perl-openssl-defaults riscv64 5-ok1 [6,742 B]
Get:17 http://archive.build.openkylin.top/openkylin yangtze/main riscv64 libnet-ssleay-perl riscv64 1.88-ok2 [296 kB]
Get:18 http://archive.build.openkylin.top/openkylin yangtze/main riscv64 libio-socket-ssl-perl all 2.075-ok2 [191 kB]
Get:19 http://archive.build.openkylin.top/openkylin yangtze/main riscv64 libnet-http-perl all 6.22-ok2 [28.1 kB]
Get:20 http://archive.build.openkylin.top/openkylin yangtze/main riscv64 liblwp-protocol-https-perl all 6.10-ok1 [8,848 B]
Get:21 http://archive.build.openkylin.top/openkylin yangtze/main riscv64 libtry-tiny-perl all 0.31-ok1 [20.5 kB]
Get:22 http://archive.build.openkylin.top/openkylin yangtze/main riscv64 libwww-robotrules-perl all 6.02-ok2 [12.3 kB]
Get:23 http://archive.build.openkylin.top/openkylin yangtze/main riscv64 libwww-perl all 6.43-ok2 [140 kB]
Get:24 http://archive.build.openkylin.top/openkylin yangtze/main riscv64 libbusiness-isbn-perl all 3.006-ok1 [22.2 kB]
Get:25 http://archive.build.openkylin.top/openkylin yangtze/main riscv64 dctrl-tools riscv64 2.24-ok1 [55.6 kB]
Fetched 1,336 kB in 1s (1,739 kB/s)
Selecting previously unselected package libbusiness-isbn-data-perl.
(Reading database ... (Reading database ... 5%(Reading database ... 10%(Reading database ... 15%(Reading database ... 20%(Reading database ... 25%(Reading database ... 30%(Reading database ... 35%(Reading database ... 40%(Reading database ... 45%(Reading database ... 50%(Reading database ... 55%(Reading database ... 60%(Reading database ... 65%(Reading database ... 70%(Reading database ... 75%(Reading database ... 80%(Reading database ... 85%(Reading database ... 90%(Reading database ... 95%(Reading database ... 100%(Reading database ... 161111 files and directories currently installed.)
Preparing to unpack .../00-libbusiness-isbn-data-perl_20210112.006-ok1_all.deb ...
Unpacking libbusiness-isbn-data-perl (20210112.006-ok1) ...
Selecting previously unselected package libencode-locale-perl.
Preparing to unpack .../01-libencode-locale-perl_1.05-ok2_all.deb ...
Unpacking libencode-locale-perl (1.05-ok2) ...
Selecting previously unselected package libtimedate-perl.
Preparing to unpack .../02-libtimedate-perl_2.3300-ok2_all.deb ...
Unpacking libtimedate-perl (2.3300-ok2) ...
Selecting previously unselected package libhttp-date-perl.
Preparing to unpack .../03-libhttp-date-perl_6.05-ok3_all.deb ...
Unpacking libhttp-date-perl (6.05-ok3) ...
Selecting previously unselected package libfile-listing-perl.
Preparing to unpack .../04-libfile-listing-perl_6.15-ok2_all.deb ...
Unpacking libfile-listing-perl (6.15-ok2) ...
Selecting previously unselected package libhtml-tagset-perl.
Preparing to unpack .../05-libhtml-tagset-perl_3.20-ok2_all.deb ...
Unpacking libhtml-tagset-perl (3.20-ok2) ...
Selecting previously unselected package libhtml-parser-perl:riscv64.
Preparing to unpack .../06-libhtml-parser-perl_3.76-ok1_riscv64.deb ...
Unpacking libhtml-parser-perl:riscv64 (3.76-ok1) ...
Selecting previously unselected package libhtml-tree-perl.
Preparing to unpack .../07-libhtml-tree-perl_5.07-ok2_all.deb ...
Unpacking libhtml-tree-perl (5.07-ok2) ...
Selecting previously unselected package libio-html-perl.
Preparing to unpack .../08-libio-html-perl_1.004-ok2_all.deb ...
Unpacking libio-html-perl (1.004-ok2) ...
Selecting previously unselected package liblwp-mediatypes-perl.
Preparing to unpack .../09-liblwp-mediatypes-perl_6.04-ok2_all.deb ...
Unpacking liblwp-mediatypes-perl (6.04-ok2) ...
Selecting previously unselected package libhttp-message-perl.
Preparing to unpack .../10-libhttp-message-perl_6.36-ok1_all.deb ...
Unpacking libhttp-message-perl (6.36-ok1) ...
Selecting previously unselected package libhttp-cookies-perl.
Preparing to unpack .../11-libhttp-cookies-perl_6.10-ok1_all.deb ...
Unpacking libhttp-cookies-perl (6.10-ok1) ...
Selecting previously unselected package libhttp-negotiate-perl.
Preparing to unpack .../12-libhttp-negotiate-perl_6.01-ok2_all.deb ...
Unpacking libhttp-negotiate-perl (6.01-ok2) ...
Selecting previously unselected package perl-openssl-defaults:riscv64.
Preparing to unpack .../13-perl-openssl-defaults_5-ok1_riscv64.deb ...
Unpacking perl-openssl-defaults:riscv64 (5-ok1) ...
Selecting previously unselected package libnet-ssleay-perl.
Preparing to unpack .../14-libnet-ssleay-perl_1.88-ok2_riscv64.deb ...
Unpacking libnet-ssleay-perl (1.88-ok2) ...
Selecting previously unselected package libio-socket-ssl-perl.
Preparing to unpack .../15-libio-socket-ssl-perl_2.075-ok2_all.deb ...
Unpacking libio-socket-ssl-perl (2.075-ok2) ...
Selecting previously unselected package libnet-http-perl.
Preparing to unpack .../16-libnet-http-perl_6.22-ok2_all.deb ...
Unpacking libnet-http-perl (6.22-ok2) ...
Selecting previously unselected package liblwp-protocol-https-perl.
Preparing to unpack .../17-liblwp-protocol-https-perl_6.10-ok1_all.deb ...
Unpacking liblwp-protocol-https-perl (6.10-ok1) ...
Selecting previously unselected package libtry-tiny-perl.
Preparing to unpack .../18-libtry-tiny-perl_0.31-ok1_all.deb ...
Unpacking libtry-tiny-perl (0.31-ok1) ...
Selecting previously unselected package libwww-robotrules-perl.
Preparing to unpack .../19-libwww-robotrules-perl_6.02-ok2_all.deb ...
Unpacking libwww-robotrules-perl (6.02-ok2) ...
Selecting previously unselected package libwww-perl.
Preparing to unpack .../20-libwww-perl_6.43-ok2_all.deb ...
Unpacking libwww-perl (6.43-ok2) ...
Selecting previously unselected package libbusiness-isbn-perl.
Preparing to unpack .../21-libbusiness-isbn-perl_3.006-ok1_all.deb ...
Unpacking libbusiness-isbn-perl (3.006-ok1) ...
Selecting previously unselected package dctrl-tools.
Preparing to unpack .../22-dctrl-tools_2.24-ok1_riscv64.deb ...
Unpacking dctrl-tools (2.24-ok1) ...
Selecting previously unselected package autodep8.
Preparing to unpack .../23-autodep8_0.22-ok1_all.deb ...
Unpacking autodep8 (0.22-ok1) ...
Selecting previously unselected package pkg-perl-autopkgtest.
Preparing to unpack .../24-pkg-perl-autopkgtest_0.59-ok1_all.deb ...
Unpacking pkg-perl-autopkgtest (0.59-ok1) ...
Setting up libhtml-tagset-perl (3.20-ok2) ...
Setting up liblwp-mediatypes-perl (6.04-ok2) ...
Setting up libtry-tiny-perl (0.31-ok1) ...
Setting up perl-openssl-defaults:riscv64 (5-ok1) ...
Setting up libnet-http-perl (6.22-ok2) ...
Setting up libencode-locale-perl (1.05-ok2) ...
Setting up libio-html-perl (1.004-ok2) ...
Setting up libtimedate-perl (2.3300-ok2) ...
Setting up libwww-robotrules-perl (6.02-ok2) ...
Setting up libbusiness-isbn-data-perl (20210112.006-ok1) ...
Setting up libhtml-parser-perl:riscv64 (3.76-ok1) ...
Setting up dctrl-tools (2.24-ok1) ...
Setting up autodep8 (0.22-ok1) ...
Setting up libnet-ssleay-perl (1.88-ok2) ...
Setting up libhttp-date-perl (6.05-ok3) ...
Setting up libfile-listing-perl (6.15-ok2) ...
Setting up libhtml-tree-perl (5.07-ok2) ...
Setting up pkg-perl-autopkgtest (0.59-ok1) ...
Setting up libio-socket-ssl-perl (2.075-ok2) ...
Setting up libhttp-message-perl (6.36-ok1) ...
Setting up libhttp-negotiate-perl (6.01-ok2) ...
Setting up libhttp-cookies-perl (6.10-ok1) ...
Setting up libwww-perl (6.43-ok2) ...
Setting up libbusiness-isbn-perl (3.006-ok1) ...
Setting up liblwp-protocol-https-perl (6.10-ok1) ...
Setting up autopkgtest-satdep (0) ...
Processing triggers for man-db (2.9.1-ok3) ...
autopkgtest: DBG: testbed command exited with code 0
autopkgtest: DBG: testbed command ['dpkg-query', '--show', '-f', '${Status}', 'libbusiness-isbn-perl'], kind short, sout pipe, serr pipe, env []
autopkgtest: DBG: testbed command exited with code 0
autopkgtest: DBG: testbed command ['dpkg', '--status', 'autopkgtest-satdep'], kind short, sout pipe, serr pipe, env []
autopkgtest: DBG: testbed command exited with code 0
autopkgtest: DBG: testbed command ['apt-get', '--simulate', '--quiet', '-o', 'APT::Get::Show-User-Simulation-Note=False', '--auto-remove', 'purge', 'autopkgtest-satdep'], kind short, sout pipe, serr pipe, env []
autopkgtest: DBG: testbed command exited with code 0
autopkgtest: DBG: Marking test dependencies as manually installed: pkg-perl-autopkgtest autodep8 dctrl-tools libbusiness-isbn-perl libbusiness-isbn-data-perl libdjvulibre21 libdjvulibre-text libegl-dev libglu1-mesa-dev libgl-dev libglx-dev libmpdec2 libvulkan-dev libxext-dev libx11-dev libxcb1-dev libxau-dev libxdmcp-dev qt5-qmake qt5-qmake-bin x11proto-core-dev x11proto-dev xorg-sgml-doctools xtrans-dev
autopkgtest: DBG: testbed command ['apt-mark', 'manual', '-qq', 'pkg-perl-autopkgtest', 'autodep8', 'dctrl-tools', 'libbusiness-isbn-perl', 'libbusiness-isbn-data-perl', 'libdjvulibre21', 'libdjvulibre-text', 'libegl-dev', 'libglu1-mesa-dev', 'libgl-dev', 'libglx-dev', 'libmpdec2', 'libvulkan-dev', 'libxext-dev', 'libx11-dev', 'libxcb1-dev', 'libxau-dev', 'libxdmcp-dev', 'qt5-qmake', 'qt5-qmake-bin'], kind short, sout raw, serr pipe, env []
autopkgtest: DBG: testbed command exited with code 0
autopkgtest: DBG: testbed command ['apt-mark', 'manual', '-qq', 'x11proto-core-dev', 'x11proto-dev', 'xorg-sgml-doctools', 'xtrans-dev'], kind short, sout raw, serr pipe, env []
autopkgtest: DBG: testbed command exited with code 0
autopkgtest: DBG: testbed command ['dpkg', '--purge', 'autopkgtest-satdep'], kind short, sout raw, serr raw, env []
(Reading database ... 161647 files and directories currently installed.)
Removing autopkgtest-satdep (0) ...
autopkgtest: DBG: testbed command exited with code 0
autopkgtest: DBG: testbed command ['sh', '-ec', 'command -v dpkg-query'], kind short, sout pipe, serr pipe, env []
autopkgtest: DBG: testbed command exited with code 0
autopkgtest: DBG: testbed command ['sh', '-ec', "dpkg-query --show -f '${Package}\\t${Version}\\n' > /tmp/autopkgtest.TkbQs0/autodep8-perl-packages.all"], kind short, sout raw, serr pipe, env []
autopkgtest: DBG: testbed command exited with code 0
autopkgtest: DBG: sending command to testbed: copyup /tmp/autopkgtest.TkbQs0/autodep8-perl-packages.all /home/minami/Documents/openkylin-riscv/test/libbusiness-isbn-perl/autodep8-perl-packages.all
autopkgtest-virt-qemu: DBG: executing copyup /tmp/autopkgtest.TkbQs0/autodep8-perl-packages.all /home/minami/Documents/openkylin-riscv/test/libbusiness-isbn-perl/autodep8-perl-packages.all
autopkgtest-virt-qemu: DBG: ['cmdls', "(['/tmp/autopkgtest-qemu._yv7lori/runcmd', 'sh', '-ec', 'cat </tmp/autopkgtest.TkbQs0/autodep8-perl-packages.all'], ['cat'])"]
autopkgtest-virt-qemu: DBG: ['srcstdin', "<_io.BufferedReader name='/dev/null'>", 'deststdout', "<_io.BufferedWriter name='/home/minami/Documents/openkylin-riscv/test/libbusiness-isbn-perl/autodep8-perl-packages.all'>", 'devnull_read', <_io.BufferedReader name='/dev/null'>]
autopkgtest-virt-qemu: DBG:  +< /tmp/autopkgtest-qemu._yv7lori/runcmd sh -ec cat </tmp/autopkgtest.TkbQs0/autodep8-perl-packages.all
autopkgtest-virt-qemu: DBG:  +> cat
autopkgtest-virt-qemu: DBG:  +>?
autopkgtest-virt-qemu: DBG:  +<?
autopkgtest: DBG: got reply from testbed: ok
autopkgtest: DBG: testbed command ['test', '-e', '/tmp/autopkgtest.TkbQs0/build.YUh/src'], kind short, sout raw, serr raw, env []
autopkgtest: DBG: testbed command exited with code 1
autopkgtest: DBG: testbed command ['mkdir', '-p', '/tmp/autopkgtest.TkbQs0/build.YUh'], kind short, sout raw, serr pipe, env []
autopkgtest: DBG: testbed command exited with code 0
autopkgtest: DBG: sending command to testbed: copydown /home/minami/Documents/openkylin-riscv/test/libbusiness-isbn-perl/tests-tree/ /tmp/autopkgtest.TkbQs0/build.YUh/src/
autopkgtest-virt-qemu: DBG: executing copydown /home/minami/Documents/openkylin-riscv/test/libbusiness-isbn-perl/tests-tree/ /tmp/autopkgtest.TkbQs0/build.YUh/src/
autopkgtest-virt-qemu: DBG: ['cmdls', "(['tar', '--directory', '/home/minami/Documents/openkylin-riscv/test/libbusiness-isbn-perl/tests-tree/', '--warning=none', '-c', '.', '-f', '-'], ['/tmp/autopkgtest-qemu._yv7lori/runcmd', 'sh', '-ec', 'if ! test -d /tmp/autopkgtest.TkbQs0/build.YUh/src/; then mkdir -- /tmp/autopkgtest.TkbQs0/build.YUh/src/; fi; cd /tmp/autopkgtest.TkbQs0/build.YUh/src/; tar --warning=none --preserve-permissions --extract --no-same-owner -f -'])"]
autopkgtest-virt-qemu: DBG: ['srcstdin', "<_io.BufferedReader name='/dev/null'>", 'deststdout', "<_io.BufferedReader name='/dev/null'>", 'devnull_read', <_io.BufferedReader name='/dev/null'>]
autopkgtest-virt-qemu: DBG:  +< tar --directory /home/minami/Documents/openkylin-riscv/test/libbusiness-isbn-perl/tests-tree/ --warning=none -c . -f -
autopkgtest-virt-qemu: DBG:  +> /tmp/autopkgtest-qemu._yv7lori/runcmd sh -ec if ! test -d /tmp/autopkgtest.TkbQs0/build.YUh/src/; then mkdir -- /tmp/autopkgtest.TkbQs0/build.YUh/src/; fi; cd /tmp/autopkgtest.TkbQs0/build.YUh/src/; tar --warning=none --preserve-permissions --extract --no-same-owner -f -
autopkgtest-virt-qemu: DBG:  +>?
autopkgtest-virt-qemu: DBG:  +<?
autopkgtest: DBG: got reply from testbed: ok
autopkgtest: DBG: testbed command ['chown', '-R', 'openkylin', '--', '/tmp/autopkgtest.TkbQs0/build.YUh/src'], kind short, sout raw, serr pipe, env []
autopkgtest: DBG: testbed command exited with code 0
autopkgtest [13:43:09]: test autodep8-perl: /usr/share/pkg-perl-autopkgtest/runner runtime-deps
autopkgtest [13:43:09]: test autodep8-perl: [-----------------------
autopkgtest: DBG: testbed command ['su', '-s', '/bin/bash', 'openkylin', '-c', 'set -e; export USER=`id -nu`; . /etc/profile >/dev/null 2>&1 || true;  . ~/.profile >/dev/null 2>&1 || true; buildtree="/tmp/autopkgtest.TkbQs0/build.YUh/src"; mkdir -p -m 1777 -- "/tmp/autopkgtest.TkbQs0/autodep8-perl-artifacts"; export AUTOPKGTEST_ARTIFACTS="/tmp/autopkgtest.TkbQs0/autodep8-perl-artifacts"; export ADT_ARTIFACTS="$AUTOPKGTEST_ARTIFACTS"; mkdir -p -m 755 "/tmp/autopkgtest.TkbQs0/autopkgtest_tmp"; export AUTOPKGTEST_TMP="/tmp/autopkgtest.TkbQs0/autopkgtest_tmp"; export ADTTMP="$AUTOPKGTEST_TMP"; export DEBIAN_FRONTEND=noninteractive; export LANG=C.UTF-8; export DEB_BUILD_OPTIONS=parallel=8; unset LANGUAGE LC_CTYPE LC_NUMERIC LC_TIME LC_COLLATE   LC_MONETARY LC_MESSAGES LC_PAPER LC_NAME LC_ADDRESS   LC_TELEPHONE LC_MEASUREMENT LC_IDENTIFICATION LC_ALL;cd "$buildtree"; exec /tmp/autopkgtest.TkbQs0/wrapper.sh --script-pid-file=/tmp/autopkgtest_script_pid --stderr=/tmp/autopkgtest.TkbQs0/autodep8-perl-stderr --stdout=/tmp/autopkgtest.TkbQs0/autodep8-perl-stdout -- bash -ec \'/usr/share/pkg-perl-autopkgtest/runner runtime-deps\' ;'], kind test, sout raw, serr raw, env []
/usr/share/pkg-perl-autopkgtest/runtime-deps.d/use.t .. 
1..4
ok 1 -  /usr/bin/perl -w -M"Business::ISBN" -e 1 2>&1 exited successfully
ok 2 -  /usr/bin/perl -w -M"Business::ISBN" -e 1 2>&1 produced no (non-whitelisted) output
ok 3 - env PERL_DL_NONLAZY=1  /usr/bin/perl -w -M"Business::ISBN" -e 1 2>&1 exited successfully
ok 4 - env PERL_DL_NONLAZY=1  /usr/bin/perl -w -M"Business::ISBN" -e 1 2>&1 produced no (non-whitelisted) output
ok
All tests successful.
Files=1, Tests=4,  3 wallclock secs ( 0.23 usr  0.12 sys +  2.25 cusr  0.60 csys =  3.20 CPU)
Result: PASS
autopkgtest: DBG: testbed command exited with code 0
autopkgtest [13:43:17]: test autodep8-perl: -----------------------]
autopkgtest: DBG: testbed executing test finished with exit status 0
autopkgtest: DBG: sending command to testbed: copyup /tmp/autopkgtest.TkbQs0/autodep8-perl-stdout /home/minami/Documents/openkylin-riscv/test/libbusiness-isbn-perl/autodep8-perl-stdout
autopkgtest-virt-qemu: DBG: executing copyup /tmp/autopkgtest.TkbQs0/autodep8-perl-stdout /home/minami/Documents/openkylin-riscv/test/libbusiness-isbn-perl/autodep8-perl-stdout
autopkgtest-virt-qemu: DBG: ['cmdls', "(['/tmp/autopkgtest-qemu._yv7lori/runcmd', 'sh', '-ec', 'cat </tmp/autopkgtest.TkbQs0/autodep8-perl-stdout'], ['cat'])"]
autopkgtest-virt-qemu: DBG: ['srcstdin', "<_io.BufferedReader name='/dev/null'>", 'deststdout', "<_io.BufferedWriter name='/home/minami/Documents/openkylin-riscv/test/libbusiness-isbn-perl/autodep8-perl-stdout'>", 'devnull_read', <_io.BufferedReader name='/dev/null'>]
autopkgtest-virt-qemu: DBG:  +< /tmp/autopkgtest-qemu._yv7lori/runcmd sh -ec cat </tmp/autopkgtest.TkbQs0/autodep8-perl-stdout
autopkgtest-virt-qemu: DBG:  +> cat
autopkgtest-virt-qemu: DBG:  +>?
autopkgtest-virt-qemu: DBG:  +<?
autopkgtest: DBG: got reply from testbed: ok
autopkgtest: DBG: sending command to testbed: copyup /tmp/autopkgtest.TkbQs0/autodep8-perl-stderr /home/minami/Documents/openkylin-riscv/test/libbusiness-isbn-perl/autodep8-perl-stderr
autopkgtest-virt-qemu: DBG: executing copyup /tmp/autopkgtest.TkbQs0/autodep8-perl-stderr /home/minami/Documents/openkylin-riscv/test/libbusiness-isbn-perl/autodep8-perl-stderr
autopkgtest-virt-qemu: DBG: ['cmdls', "(['/tmp/autopkgtest-qemu._yv7lori/runcmd', 'sh', '-ec', 'cat </tmp/autopkgtest.TkbQs0/autodep8-perl-stderr'], ['cat'])"]
autopkgtest-virt-qemu: DBG: ['srcstdin', "<_io.BufferedReader name='/dev/null'>", 'deststdout', "<_io.BufferedWriter name='/home/minami/Documents/openkylin-riscv/test/libbusiness-isbn-perl/autodep8-perl-stderr'>", 'devnull_read', <_io.BufferedReader name='/dev/null'>]
autopkgtest-virt-qemu: DBG:  +< /tmp/autopkgtest-qemu._yv7lori/runcmd sh -ec cat </tmp/autopkgtest.TkbQs0/autodep8-perl-stderr
autopkgtest-virt-qemu: DBG:  +> cat
autopkgtest-virt-qemu: DBG:  +>?
autopkgtest-virt-qemu: DBG:  +<?
autopkgtest: DBG: got reply from testbed: ok
autopkgtest [13:43:18]: test autodep8-perl:  - - - - - - - - - - results - - - - - - - - - -
autodep8-perl        PASS (superficial)
autopkgtest: DBG: sending command to testbed: copyup /tmp/autopkgtest.TkbQs0/autodep8-perl-artifacts/ /home/minami/Documents/openkylin-riscv/test/libbusiness-isbn-perl/artifacts/
autopkgtest-virt-qemu: DBG: executing copyup /tmp/autopkgtest.TkbQs0/autodep8-perl-artifacts/ /home/minami/Documents/openkylin-riscv/test/libbusiness-isbn-perl/artifacts/
autopkgtest-virt-qemu: DBG: ['cmdls', "(['/tmp/autopkgtest-qemu._yv7lori/runcmd', 'sh', '-ec', 'cd /tmp/autopkgtest.TkbQs0/autodep8-perl-artifacts/; tar --warning=none -c . -f -'], ['tar', '--directory', '/home/minami/Documents/openkylin-riscv/test/libbusiness-isbn-perl/artifacts/', '--warning=none', '--preserve-permissions', '--extract', '--no-same-owner', '-f', '-'])"]
autopkgtest-virt-qemu: DBG: ['srcstdin', "<_io.BufferedReader name='/dev/null'>", 'deststdout', "<_io.BufferedReader name='/dev/null'>", 'devnull_read', <_io.BufferedReader name='/dev/null'>]
autopkgtest-virt-qemu: DBG:  +< /tmp/autopkgtest-qemu._yv7lori/runcmd sh -ec cd /tmp/autopkgtest.TkbQs0/autodep8-perl-artifacts/; tar --warning=none -c . -f -
autopkgtest-virt-qemu: DBG:  +> tar --directory /home/minami/Documents/openkylin-riscv/test/libbusiness-isbn-perl/artifacts/ --warning=none --preserve-permissions --extract --no-same-owner -f -
autopkgtest-virt-qemu: DBG:  +>?
autopkgtest-virt-qemu: DBG:  +<?
autopkgtest: DBG: got reply from testbed: ok
autopkgtest: DBG: testbed command ['rm', '-rf', '/tmp/autopkgtest.TkbQs0/autodep8-perl-artifacts', '/tmp/autopkgtest.TkbQs0/autopkgtest_tmp'], kind short, sout raw, serr pipe, env []
autopkgtest: DBG: testbed command exited with code 0
autopkgtest [13:43:19]: test autodep8-perl-recommends: preparing testbed
autopkgtest: DBG: testbed reset: modified=False, deps_installed=['libbusiness-isbn-perl', 'pkg-perl-autopkgtest'], deps_new=['libbusiness-isbn-perl', 'pkg-perl-autopkgtest']
autopkgtest: DBG: Binaries: no registered binaries, not publishing anything
autopkgtest: DBG: install_deps: deps_new=['libbusiness-isbn-perl', 'pkg-perl-autopkgtest']
autopkgtest: DBG: install-deps: satisfying libbusiness-isbn-perl, pkg-perl-autopkgtest
autopkgtest: DBG: install-deps: architecture resolved: libbusiness-isbn-perl, pkg-perl-autopkgtest
autopkgtest: DBG: testbed command ['test', '-w', '/var/lib/dpkg/status'], kind short, sout raw, serr raw, env []
autopkgtest: DBG: testbed command exited with code 0
autopkgtest: DBG: can use apt-get on testbed: True
autopkgtest: DBG: testbed command ['mkdir', '-p', '/tmp/autopkgtest.TkbQs0'], kind short, sout raw, serr pipe, env []
autopkgtest: DBG: testbed command exited with code 0
autopkgtest: DBG: sending command to testbed: copydown /home/minami/Documents/openkylin-riscv/test/libbusiness-isbn-perl/3-autopkgtest-satdep.deb /tmp/autopkgtest.TkbQs0/3-autopkgtest-satdep.deb
autopkgtest-virt-qemu: DBG: executing copydown /home/minami/Documents/openkylin-riscv/test/libbusiness-isbn-perl/3-autopkgtest-satdep.deb /tmp/autopkgtest.TkbQs0/3-autopkgtest-satdep.deb
autopkgtest-virt-qemu: DBG: ['cmdls', "(['cat'], ['/tmp/autopkgtest-qemu._yv7lori/runcmd', 'sh', '-ec', 'cat >/tmp/autopkgtest.TkbQs0/3-autopkgtest-satdep.deb'])"]
autopkgtest-virt-qemu: DBG: ['srcstdin', "<_io.BufferedReader name='/home/minami/Documents/openkylin-riscv/test/libbusiness-isbn-perl/3-autopkgtest-satdep.deb'>", 'deststdout', "<_io.BufferedReader name='/dev/null'>", 'devnull_read', <_io.BufferedReader name='/dev/null'>]
autopkgtest-virt-qemu: DBG:  +< cat
autopkgtest-virt-qemu: DBG:  +> /tmp/autopkgtest-qemu._yv7lori/runcmd sh -ec cat >/tmp/autopkgtest.TkbQs0/3-autopkgtest-satdep.deb
autopkgtest-virt-qemu: DBG:  +>?
autopkgtest-virt-qemu: DBG:  +<?
autopkgtest: DBG: got reply from testbed: ok
autopkgtest: DBG: testbed command ['chown', '-R', 'openkylin', '--', '/tmp/autopkgtest.TkbQs0/3-autopkgtest-satdep.deb'], kind short, sout raw, serr pipe, env []
autopkgtest: DBG: testbed command exited with code 0
autopkgtest: DBG: testbed command ['dpkg', '--unpack', '/tmp/autopkgtest.TkbQs0/3-autopkgtest-satdep.deb'], kind short, sout pipe, serr pipe, env []
autopkgtest: DBG: testbed command exited with code 0
autopkgtest: DBG: testbed command ['/bin/sh', '-ec', ' apt-get install --assume-yes --fix-broken -o APT::Status-Fd=3 -o APT::Install-Recommends=false -o Dpkg::Options::=--force-confnew -o Debug::pkgProblemResolver=true 3>&2 2>&1'], kind install, sout raw, serr pipe, env ['DEBIAN_FRONTEND=noninteractive', 'APT_LISTBUGS_FRONTEND=none', 'APT_LISTCHANGES_FRONTEND=none']
Reading package lists...
Building dependency tree...
Reading state information...
Starting pkgProblemResolver with broken count: 0
Starting 2 pkgProblemResolver with broken count: 0
Done
0 upgraded, 0 newly installed, 0 to remove and 18 not upgraded.
1 not fully installed or removed.
After this operation, 0 B of additional disk space will be used.
Setting up autopkgtest-satdep (0) ...
autopkgtest: DBG: testbed command exited with code 0
autopkgtest: DBG: testbed command ['dpkg-query', '--show', '-f', '${Status}', 'libbusiness-isbn-perl'], kind short, sout pipe, serr pipe, env []
autopkgtest: DBG: testbed command exited with code 0
autopkgtest: DBG: testbed command ['dpkg', '--status', 'autopkgtest-satdep'], kind short, sout pipe, serr pipe, env []
autopkgtest: DBG: testbed command exited with code 0
autopkgtest: DBG: testbed command ['apt-get', '--simulate', '--quiet', '-o', 'APT::Get::Show-User-Simulation-Note=False', '--auto-remove', 'purge', 'autopkgtest-satdep'], kind short, sout pipe, serr pipe, env []
autopkgtest: DBG: testbed command exited with code 0
autopkgtest: DBG: testbed command ['dpkg', '--purge', 'autopkgtest-satdep'], kind short, sout raw, serr raw, env []
(Reading database ... 161647 files and directories currently installed.)
Removing autopkgtest-satdep (0) ...
autopkgtest: DBG: testbed command exited with code 0
autopkgtest: DBG: testbed command ['sh', '-ec', 'command -v dpkg-query'], kind short, sout pipe, serr pipe, env []
autopkgtest: DBG: testbed command exited with code 0
autopkgtest: DBG: testbed command ['sh', '-ec', "dpkg-query --show -f '${Package}\\t${Version}\\n' > /tmp/autopkgtest.TkbQs0/autodep8-perl-recommends-packages.all"], kind short, sout raw, serr pipe, env []
autopkgtest: DBG: testbed command exited with code 0
autopkgtest: DBG: sending command to testbed: copyup /tmp/autopkgtest.TkbQs0/autodep8-perl-recommends-packages.all /home/minami/Documents/openkylin-riscv/test/libbusiness-isbn-perl/autodep8-perl-recommends-packages.all
autopkgtest-virt-qemu: DBG: executing copyup /tmp/autopkgtest.TkbQs0/autodep8-perl-recommends-packages.all /home/minami/Documents/openkylin-riscv/test/libbusiness-isbn-perl/autodep8-perl-recommends-packages.all
autopkgtest-virt-qemu: DBG: ['cmdls', "(['/tmp/autopkgtest-qemu._yv7lori/runcmd', 'sh', '-ec', 'cat </tmp/autopkgtest.TkbQs0/autodep8-perl-recommends-packages.all'], ['cat'])"]
autopkgtest-virt-qemu: DBG: ['srcstdin', "<_io.BufferedReader name='/dev/null'>", 'deststdout', "<_io.BufferedWriter name='/home/minami/Documents/openkylin-riscv/test/libbusiness-isbn-perl/autodep8-perl-recommends-packages.all'>", 'devnull_read', <_io.BufferedReader name='/dev/null'>]
autopkgtest-virt-qemu: DBG:  +< /tmp/autopkgtest-qemu._yv7lori/runcmd sh -ec cat </tmp/autopkgtest.TkbQs0/autodep8-perl-recommends-packages.all
autopkgtest-virt-qemu: DBG:  +> cat
autopkgtest-virt-qemu: DBG:  +>?
autopkgtest-virt-qemu: DBG:  +<?
autopkgtest: DBG: got reply from testbed: ok
autopkgtest: DBG: testbed command ['test', '-e', '/tmp/autopkgtest.TkbQs0/build.YUh/src'], kind short, sout raw, serr raw, env []
autopkgtest: DBG: testbed command exited with code 0
autopkgtest: DBG: copydown: tb path /tmp/autopkgtest.TkbQs0/build.YUh/src already exists
autopkgtest [13:43:42]: test autodep8-perl-recommends: /usr/share/pkg-perl-autopkgtest/runner runtime-deps-and-recommends
autopkgtest [13:43:42]: test autodep8-perl-recommends: [-----------------------
autopkgtest: DBG: testbed command ['su', '-s', '/bin/bash', 'openkylin', '-c', 'set -e; export USER=`id -nu`; . /etc/profile >/dev/null 2>&1 || true;  . ~/.profile >/dev/null 2>&1 || true; buildtree="/tmp/autopkgtest.TkbQs0/build.YUh/src"; mkdir -p -m 1777 -- "/tmp/autopkgtest.TkbQs0/autodep8-perl-recommends-artifacts"; export AUTOPKGTEST_ARTIFACTS="/tmp/autopkgtest.TkbQs0/autodep8-perl-recommends-artifacts"; export ADT_ARTIFACTS="$AUTOPKGTEST_ARTIFACTS"; mkdir -p -m 755 "/tmp/autopkgtest.TkbQs0/autopkgtest_tmp"; export AUTOPKGTEST_TMP="/tmp/autopkgtest.TkbQs0/autopkgtest_tmp"; export ADTTMP="$AUTOPKGTEST_TMP"; export DEBIAN_FRONTEND=noninteractive; export LANG=C.UTF-8; export DEB_BUILD_OPTIONS=parallel=8; unset LANGUAGE LC_CTYPE LC_NUMERIC LC_TIME LC_COLLATE   LC_MONETARY LC_MESSAGES LC_PAPER LC_NAME LC_ADDRESS   LC_TELEPHONE LC_MEASUREMENT LC_IDENTIFICATION LC_ALL;cd "$buildtree"; exec /tmp/autopkgtest.TkbQs0/wrapper.sh --script-pid-file=/tmp/autopkgtest_script_pid --stderr=/tmp/autopkgtest.TkbQs0/autodep8-perl-recommends-stderr --stdout=/tmp/autopkgtest.TkbQs0/autodep8-perl-recommends-stdout -- bash -ec \'/usr/share/pkg-perl-autopkgtest/runner runtime-deps-and-recommends\' ;'], kind test, sout raw, serr raw, env []
/usr/share/pkg-perl-autopkgtest/runtime-deps-and-recommends.d/syntax.t .. 
1..4
ok 1 - Package libbusiness-isbn-perl is known to dpkg
ok 2 - Got status information for package libbusiness-isbn-perl
ok 3 - Got file list for package libbusiness-isbn-perl
# Subtest: all modules in libbusiness-isbn-perl pass the syntax check
    1..3
    # Subroutine _group_data redefined at /usr/share/perl5/Business/ISBN.pm line 90.
    # Subroutine _max_group_code_length redefined at /usr/share/perl5/Business/ISBN.pm line 98.
    # Subroutine _max_publisher_code_length redefined at /usr/share/perl5/Business/ISBN.pm line 99.
    # Subroutine _publisher_ranges redefined at /usr/share/perl5/Business/ISBN.pm line 109.
    # Constant subroutine ARTICLE_CODE_OUT_OF_RANGE redefined at /usr/share/perl5/Business/ISBN.pm line 132.
    # Constant subroutine INVALID_PREFIX redefined at /usr/share/perl5/Business/ISBN.pm line 133.
    # Constant subroutine INVALID_GROUP_CODE redefined at /usr/share/perl5/Business/ISBN.pm line 134.
    # Constant subroutine INVALID_PUBLISHER_CODE redefined at /usr/share/perl5/Business/ISBN.pm line 135.
    # Constant subroutine BAD_CHECKSUM redefined at /usr/share/perl5/Business/ISBN.pm line 136.
    # Constant subroutine GOOD_ISBN redefined at /usr/share/perl5/Business/ISBN.pm line 137.
    # Constant subroutine BAD_ISBN redefined at /usr/share/perl5/Business/ISBN.pm line 138.
    # Subroutine valid_isbn_checksum redefined at /usr/share/perl5/Business/ISBN.pm line 175.
    # Subroutine new redefined at /usr/share/perl5/Business/ISBN.pm line 244.
    # Subroutine input_isbn redefined at /usr/share/perl5/Business/ISBN.pm line 287.
    # Subroutine common_data redefined at /usr/share/perl5/Business/ISBN.pm line 296.
    # Subroutine isbn redefined at /usr/share/perl5/Business/ISBN.pm line 309.
    # Subroutine error redefined at /usr/share/perl5/Business/ISBN.pm line 318.
    # Subroutine error_is_bad_group redefined at /usr/share/perl5/Business/ISBN.pm line 332.
    # Subroutine error_is_bad_publisher redefined at /usr/share/perl5/Business/ISBN.pm line 336.
    # Subroutine error_is_article_out_of_range redefined at /usr/share/perl5/Business/ISBN.pm line 340.
    # Subroutine error_is_bad_checksum redefined at /usr/share/perl5/Business/ISBN.pm line 344.
    # Subroutine error_text redefined at /usr/share/perl5/Business/ISBN.pm line 354.
    # Subroutine is_valid redefined at /usr/share/perl5/Business/ISBN.pm line 364.
    # Subroutine type redefined at /usr/share/perl5/Business/ISBN.pm line 372.
    # Subroutine prefix redefined at /usr/share/perl5/Business/ISBN.pm line 383.
    # Subroutine _prefix_length redefined at /usr/share/perl5/Business/ISBN.pm line 384.
    # Subroutine group_code redefined at /usr/share/perl5/Business/ISBN.pm line 394.
    # Subroutine group redefined at /usr/share/perl5/Business/ISBN.pm line 404.
    # Subroutine _group_code_length redefined at /usr/share/perl5/Business/ISBN.pm line 406.
    # Subroutine publisher_code redefined at /usr/share/perl5/Business/ISBN.pm line 419.
    # Subroutine _publisher_code_length redefined at /usr/share/perl5/Business/ISBN.pm line 420.
    # Subroutine article_code redefined at /usr/share/perl5/Business/ISBN.pm line 433.
    # Subroutine article_code_length redefined at /usr/share/perl5/Business/ISBN.pm line 441.
    # Subroutine article_code_min redefined at /usr/share/perl5/Business/ISBN.pm line 449.
    # Subroutine article_code_max redefined at /usr/share/perl5/Business/ISBN.pm line 457.
    # Subroutine checksum redefined at /usr/share/perl5/Business/ISBN.pm line 466.
    # Subroutine _checksum_pos redefined at /usr/share/perl5/Business/ISBN.pm line 467.
    # Subroutine is_valid_checksum redefined at /usr/share/perl5/Business/ISBN.pm line 478.
    # Subroutine fix_checksum redefined at /usr/share/perl5/Business/ISBN.pm line 495.
    # Subroutine as_string redefined at /usr/share/perl5/Business/ISBN.pm line 538.
    # Subroutine as_isbn10 redefined at /usr/share/perl5/Business/ISBN.pm line 568.
    # Subroutine as_isbn13 redefined at /usr/share/perl5/Business/ISBN.pm line 580.
    # Subroutine increment redefined at /usr/share/perl5/Business/ISBN.pm line 601.
    # Subroutine decrement redefined at /usr/share/perl5/Business/ISBN.pm line 620.
    # Subroutine _step_article_code redefined at /usr/share/perl5/Business/ISBN.pm line 622.
    # Subroutine png_barcode redefined at /usr/share/perl5/Business/ISBN.pm line 660.
    # Subroutine _set_isbn redefined at /usr/share/perl5/Business/ISBN.pm line 681.
    # Subroutine _set_is_valid redefined at /usr/share/perl5/Business/ISBN.pm line 683.
    # Subroutine _set_prefix redefined at /usr/share/perl5/Business/ISBN.pm line 686.
    # Subroutine _set_group_code redefined at /usr/share/perl5/Business/ISBN.pm line 690.
    # Subroutine _set_group_code_string redefined at /usr/share/perl5/Business/ISBN.pm line 692.
    # Subroutine _set_publisher_code redefined at /usr/share/perl5/Business/ISBN.pm line 694.
    # Subroutine _set_publisher_code_string redefined at /usr/share/perl5/Business/ISBN.pm line 696.
    # Subroutine _set_article_code redefined at /usr/share/perl5/Business/ISBN.pm line 698.
    # Subroutine _set_checksum redefined at /usr/share/perl5/Business/ISBN.pm line 700.
    # Subroutine _set_type redefined at /usr/share/perl5/Business/ISBN.pm line 702.
    # Subroutine _common_format redefined at /usr/share/perl5/Business/ISBN.pm line 710.
    # Subroutine _init redefined at /usr/share/perl5/Business/ISBN.pm line 729.
    # Subroutine _parse_isbn redefined at /usr/share/perl5/Business/ISBN.pm line 752.
    # Subroutine _parse_group_code redefined at /usr/share/perl5/Business/ISBN.pm line 779.
    # Subroutine _parse_publisher_code redefined at /usr/share/perl5/Business/ISBN.pm line 804.
    # Subroutine _parse_article_code redefined at /usr/share/perl5/Business/ISBN.pm line 838.
    # Subroutine _parse_checksum redefined at /usr/share/perl5/Business/ISBN.pm line 849.
    # Subroutine _check_validity redefined at /usr/share/perl5/Business/ISBN.pm line 855.
    # Subroutine _hyphen_positions redefined at /usr/share/perl5/Business/ISBN.pm line 877.
    ok 1 - /usr/bin/perl -wc /usr/share/perl5/Business/ISBN.pm exited successfully
    # Subroutine _max_length redefined at /usr/share/perl5/Business/ISBN10.pm line 20.
    # Subroutine _set_type redefined at /usr/share/perl5/Business/ISBN10.pm line 22.
    # Subroutine _parse_prefix redefined at /usr/share/perl5/Business/ISBN10.pm line 24.
    # Subroutine _set_prefix redefined at /usr/share/perl5/Business/ISBN10.pm line 25.
    # Subroutine _hyphen_positions redefined at /usr/share/perl5/Business/ISBN10.pm line 31.
    # Subroutine as_isbn10 redefined at /usr/share/perl5/Business/ISBN10.pm line 39.
    # Subroutine as_isbn13 redefined at /usr/share/perl5/Business/ISBN10.pm line 48.
    # Subroutine _checksum redefined at /usr/share/perl5/Business/ISBN10.pm line 58.
    ok 2 - /usr/bin/perl -wc /usr/share/perl5/Business/ISBN10.pm exited successfully
    # Subroutine _max_length redefined at /usr/share/perl5/Business/ISBN13.pm line 16.
    # Subroutine _set_type redefined at /usr/share/perl5/Business/ISBN13.pm line 18.
    # Subroutine _parse_prefix redefined at /usr/share/perl5/Business/ISBN13.pm line 20.
    # Subroutine _set_prefix redefined at /usr/share/perl5/Business/ISBN13.pm line 25.
    # Subroutine _hyphen_positions redefined at /usr/share/perl5/Business/ISBN13.pm line 32.
    # Subroutine as_isbn10 redefined at /usr/share/perl5/Business/ISBN13.pm line 43.
    # Subroutine as_isbn13 redefined at /usr/share/perl5/Business/ISBN13.pm line 56.
    # Subroutine _checksum redefined at /usr/share/perl5/Business/ISBN13.pm line 66.
    ok 3 - /usr/bin/perl -wc /usr/share/perl5/Business/ISBN13.pm exited successfully
ok 4 - all modules in libbusiness-isbn-perl pass the syntax check
ok
All tests successful.
Files=1, Tests=4,  4 wallclock secs ( 0.26 usr  0.09 sys +  2.79 cusr  0.90 csys =  4.04 CPU)
Result: PASS
autopkgtest: DBG: testbed command exited with code 0
autopkgtest [13:43:51]: test autodep8-perl-recommends: -----------------------]
autopkgtest: DBG: testbed executing test finished with exit status 0
autopkgtest: DBG: sending command to testbed: copyup /tmp/autopkgtest.TkbQs0/autodep8-perl-recommends-stdout /home/minami/Documents/openkylin-riscv/test/libbusiness-isbn-perl/autodep8-perl-recommends-stdout
autopkgtest-virt-qemu: DBG: executing copyup /tmp/autopkgtest.TkbQs0/autodep8-perl-recommends-stdout /home/minami/Documents/openkylin-riscv/test/libbusiness-isbn-perl/autodep8-perl-recommends-stdout
autopkgtest-virt-qemu: DBG: ['cmdls', "(['/tmp/autopkgtest-qemu._yv7lori/runcmd', 'sh', '-ec', 'cat </tmp/autopkgtest.TkbQs0/autodep8-perl-recommends-stdout'], ['cat'])"]
autopkgtest-virt-qemu: DBG: ['srcstdin', "<_io.BufferedReader name='/dev/null'>", 'deststdout', "<_io.BufferedWriter name='/home/minami/Documents/openkylin-riscv/test/libbusiness-isbn-perl/autodep8-perl-recommends-stdout'>", 'devnull_read', <_io.BufferedReader name='/dev/null'>]
autopkgtest-virt-qemu: DBG:  +< /tmp/autopkgtest-qemu._yv7lori/runcmd sh -ec cat </tmp/autopkgtest.TkbQs0/autodep8-perl-recommends-stdout
autopkgtest-virt-qemu: DBG:  +> cat
autopkgtest-virt-qemu: DBG:  +>?
autopkgtest-virt-qemu: DBG:  +<?
autopkgtest: DBG: got reply from testbed: ok
autopkgtest: DBG: sending command to testbed: copyup /tmp/autopkgtest.TkbQs0/autodep8-perl-recommends-stderr /home/minami/Documents/openkylin-riscv/test/libbusiness-isbn-perl/autodep8-perl-recommends-stderr
autopkgtest-virt-qemu: DBG: executing copyup /tmp/autopkgtest.TkbQs0/autodep8-perl-recommends-stderr /home/minami/Documents/openkylin-riscv/test/libbusiness-isbn-perl/autodep8-perl-recommends-stderr
autopkgtest-virt-qemu: DBG: ['cmdls', "(['/tmp/autopkgtest-qemu._yv7lori/runcmd', 'sh', '-ec', 'cat </tmp/autopkgtest.TkbQs0/autodep8-perl-recommends-stderr'], ['cat'])"]
autopkgtest-virt-qemu: DBG: ['srcstdin', "<_io.BufferedReader name='/dev/null'>", 'deststdout', "<_io.BufferedWriter name='/home/minami/Documents/openkylin-riscv/test/libbusiness-isbn-perl/autodep8-perl-recommends-stderr'>", 'devnull_read', <_io.BufferedReader name='/dev/null'>]
autopkgtest-virt-qemu: DBG:  +< /tmp/autopkgtest-qemu._yv7lori/runcmd sh -ec cat </tmp/autopkgtest.TkbQs0/autodep8-perl-recommends-stderr
autopkgtest-virt-qemu: DBG:  +> cat
autopkgtest-virt-qemu: DBG:  +>?
autopkgtest-virt-qemu: DBG:  +<?
autopkgtest: DBG: got reply from testbed: ok
autopkgtest [13:43:52]: test autodep8-perl-recommends:  - - - - - - - - - - results - - - - - - - - - -
autodep8-perl-recommends PASS (superficial)
autopkgtest: DBG: sending command to testbed: copyup /tmp/autopkgtest.TkbQs0/autodep8-perl-recommends-artifacts/ /home/minami/Documents/openkylin-riscv/test/libbusiness-isbn-perl/artifacts/
autopkgtest-virt-qemu: DBG: executing copyup /tmp/autopkgtest.TkbQs0/autodep8-perl-recommends-artifacts/ /home/minami/Documents/openkylin-riscv/test/libbusiness-isbn-perl/artifacts/
autopkgtest-virt-qemu: DBG: ['cmdls', "(['/tmp/autopkgtest-qemu._yv7lori/runcmd', 'sh', '-ec', 'cd /tmp/autopkgtest.TkbQs0/autodep8-perl-recommends-artifacts/; tar --warning=none -c . -f -'], ['tar', '--directory', '/home/minami/Documents/openkylin-riscv/test/libbusiness-isbn-perl/artifacts/', '--warning=none', '--preserve-permissions', '--extract', '--no-same-owner', '-f', '-'])"]
autopkgtest-virt-qemu: DBG: ['srcstdin', "<_io.BufferedReader name='/dev/null'>", 'deststdout', "<_io.BufferedReader name='/dev/null'>", 'devnull_read', <_io.BufferedReader name='/dev/null'>]
autopkgtest-virt-qemu: DBG:  +< /tmp/autopkgtest-qemu._yv7lori/runcmd sh -ec cd /tmp/autopkgtest.TkbQs0/autodep8-perl-recommends-artifacts/; tar --warning=none -c . -f -
autopkgtest-virt-qemu: DBG:  +> tar --directory /home/minami/Documents/openkylin-riscv/test/libbusiness-isbn-perl/artifacts/ --warning=none --preserve-permissions --extract --no-same-owner -f -
autopkgtest-virt-qemu: DBG:  +>?
autopkgtest-virt-qemu: DBG:  +<?
autopkgtest: DBG: got reply from testbed: ok
autopkgtest: DBG: testbed command ['rm', '-rf', '/tmp/autopkgtest.TkbQs0/autodep8-perl-recommends-artifacts', '/tmp/autopkgtest.TkbQs0/autopkgtest_tmp'], kind short, sout raw, serr pipe, env []
autopkgtest: DBG: testbed command exited with code 0
autopkgtest: DBG: needs_reset, previously=False, requested by run_tests() line 208
autopkgtest [13:43:53]: @@@@@@@@@@@@@@@@@@@@ summary
autodep8-perl-build-deps PASS
autodep8-perl        PASS (superficial)
autodep8-perl-recommends PASS (superficial)
autopkgtest: DBG: testbed stop
autopkgtest: DBG: testbed close, scratch=/tmp/autopkgtest.TkbQs0
autopkgtest: DBG: sending command to testbed: close
autopkgtest-virt-qemu: DBG: executing close
autopkgtest-virt-qemu: DBG: cleanup...
qemu-system-riscv64: terminating on signal 15 from pid 3350675 (/usr/bin/python3)
autopkgtest: DBG: got reply from testbed: ok
autopkgtest: DBG: sending command to testbed: quit
autopkgtest-virt-qemu: DBG: executing quit
autopkgtest-virt-qemu: DBG: cleanup...
