t/bind.t ....... 
1..1
# Running under perl version 5.030000 for linux
# Current time local: Thu Feb 23 13:37:11 2023
# Current time GMT:   Thu Feb 23 13:37:11 2023
# Using Test.pm version 1.31
ok 1
ok
t/frconvert.t .. 
1..1
# Running under perl version 5.030000 for linux
# Current time local: Thu Feb 23 13:37:12 2023
# Current time GMT:   Thu Feb 23 13:37:12 2023
# Using Test.pm version 1.31
ok 1
ok
t/jaconvert.t .. 
1..1
# Running under perl version 5.030000 for linux
# Current time local: Thu Feb 23 13:37:13 2023
# Current time GMT:   Thu Feb 23 13:37:13 2023
# Using Test.pm version 1.31
ok 1
ok
t/raw.t ........ 
1..1
# Running under perl version 5.030000 for linux
# Current time local: Thu Feb 23 13:37:14 2023
# Current time GMT:   Thu Feb 23 13:37:14 2023
# Using Test.pm version 1.31
ok 1
ok
t/use.t ........ 
1..1
# Running under perl version 5.030000 for linux
# Current time local: Thu Feb 23 13:37:15 2023
# Current time GMT:   Thu Feb 23 13:37:15 2023
# Using Test.pm version 1.31
ok 1
ok
All tests successful.
Files=5, Tests=5,  5 wallclock secs ( 0.49 usr  0.24 sys +  3.29 cusr  1.11 csys =  5.13 CPU)
Result: PASS
