t/00-report-prereqs.t .. 
1..1
# 
# Versions for all modules listed in static metadata (including optional ones):
# 
# === Configure Requires ===
# 
#     Module              Want Have
#     ------------------- ---- ----
#     ExtUtils::MakeMaker  any 7.34
# 
# === Test Requires ===
# 
#     Module              Want     Have
#     ------------------- ---- --------
#     ExtUtils::MakeMaker  any     7.34
#     File::Path           any     2.16
#     File::Spec           any     3.78
#     Test::More           any 1.302162
# 
# === Test Recommends ===
# 
#     Module         Want     Have
#     ---------- -------- --------
#     CPAN::Meta 2.120900 2.150010
# 
# === Runtime Requires ===
# 
#     Module     Want Have
#     ---------- ---- ----
#     Carp        any 1.50
#     Exporter    any 5.73
#     File::Spec  any 3.78
#     IO::Dir     any 1.40
#     strict      any 1.11
#     warnings    any 1.44
# 
# === Other Modules ===
# 
#     Module             Have
#     --------------- -------
#     Encode             3.01
#     File::Temp       0.2309
#     JSON::PP           4.02
#     Module::Runtime missing
#     Pod::Coverage   missing
#     Sub::Name       missing
#     YAML            missing
#     autodie            2.29
# 
ok 1 - Reported prereqs
ok
t/10_makefile.t ........ skipped: This test requires a Makefile in the built distribution
t/11_dotfile.t ......... skipped: This test requires a Makefile in the built distribution
t/12_delete.t .......... skipped: This test requires a Makefile in the built distribution
All tests successful.
Files=4, Tests=1,  8 wallclock secs ( 0.30 usr  0.13 sys +  5.97 cusr  1.62 csys =  8.02 CPU)
Result: PASS
