autopkgtest: DBG: testbed init
autopkgtest [17:03:22]: starting date and time: 2023-02-20 17:03:22+0800
autopkgtest [17:03:22]: version 5.28
autopkgtest [17:03:22]: host debian; command line: /usr/bin/autopkgtest /home/minami/Documents/openkylin-riscv/src/libiterator-util-perl_0.02-ok1.dsc -o /home/minami/Documents/openkylin-riscv/test/libiterator-util-perl -d -B -- qemu -u root -p openkylin --qemu-architecture=riscv64 -c 8 --ram-size=8192 -d '--qemu-options=-machine virt -kernel /home/minami/Documents/ukylin/u-boot.bin' /home/minami/Documents/openkylin-riscv/testing.qcow2
autopkgtest: DBG: got reply from testbed: ok
autopkgtest: DBG: testbed open, scratch=None
autopkgtest: DBG: sending command to testbed: open
autopkgtest-virt-qemu: DBG: executing open
autopkgtest-virt-qemu: DBG: find_free_port: trying 10022
autopkgtest-virt-qemu: DBG: find_free_port: 10022 is free
autopkgtest-virt-qemu: DBG: autopkgtest does not know how to boot this machine, hopefully nothing special needs to be done?
autopkgtest-virt-qemu: DBG: qemu architecture: riscv64
autopkgtest-virt-qemu: DBG: qemu command: qemu-system-riscv64
autopkgtest-virt-qemu: DBG: execute-timeout: qemu-img info --output=json /home/minami/Documents/openkylin-riscv/testing.qcow2
autopkgtest-virt-qemu: DBG: Creating temporary overlay image in /tmp/autopkgtest-qemu.bkbb62so/overlay.img
autopkgtest-virt-qemu: DBG: execute-timeout: qemu-img create -f qcow2 -F qcow2 -b /home/minami/Documents/openkylin-riscv/testing.qcow2 /tmp/autopkgtest-qemu.bkbb62so/overlay.img
autopkgtest-virt-qemu: DBG: Forwarding local port 10022 to VM ssh port 22
autopkgtest-virt-qemu: DBG: Assuming nothing special needs to be done to set up firmware to boot this machine (boot method: none)
autopkgtest-virt-qemu: DBG: full qemu command-line: ['qemu-system-riscv64', '-m', '8192', '-smp', '8', '-nographic', '-device', 'virtio-net-device,netdev=usernet', '-netdev', 'user,id=usernet,hostfwd=tcp:127.0.0.1:10022-:22', '-object', 'rng-random,filename=/dev/urandom,id=rng0', '-device', 'virtio-rng-pci,rng=rng0,id=rng-device0', '-monitor', 'unix:/tmp/autopkgtest-qemu.bkbb62so/monitor,server=on,wait=off', '-virtfs', 'local,id=autopkgtest,path=/tmp/autopkgtest-qemu.bkbb62so/shared,security_model=none,mount_tag=autopkgtest', '-device', 'virtio-serial', '-chardev', 'socket,path=/tmp/autopkgtest-qemu.bkbb62so/hvc0,server=on,wait=off,id=hvc0', '-device', 'virtconsole,chardev=hvc0', '-chardev', 'socket,path=/tmp/autopkgtest-qemu.bkbb62so/hvc1,server=on,wait=off,id=hvc1', '-device', 'virtconsole,chardev=hvc1', '-serial', 'unix:/tmp/autopkgtest-qemu.bkbb62so/ttyS0,server=on,wait=off', '-drive', 'index=0,file=/tmp/autopkgtest-qemu.bkbb62so/overlay.img,format=qcow2,cache=unsafe,if=virtio,discard=unmap', '-machine', 'virt', '-kernel', '/home/minami/Documents/ukylin/u-boot.bin']
autopkgtest-virt-qemu: DBG: expect: b' login: '
autopkgtest-virt-qemu: DBG: expect: found "'login prompt on serial console'"
autopkgtest-virt-qemu: DBG: expect: b'ok'
autopkgtest-virt-qemu: DBG: expect: found "b'ok'"
autopkgtest-virt-qemu: DBG: setup_shell(): there already is a shell on hvc1
qemu-system-riscv64: warning: 9p: degraded performance: a reasonable high msize should be chosen on client/guest side (chosen msize is <= 8192). See https://wiki.qemu.org/Documentation/9psetup#msize for details.
autopkgtest-virt-qemu: DBG: expect: b'ef824468-40a4-434b-b202-1caeb883a6ac[1]'
autopkgtest-virt-qemu: DBG: expect: found "b'ef824468-40a4-434b-b202-1caeb883a6ac[1]'"
autopkgtest-virt-qemu: DBG: expect: b'ef824468-40a4-434b-b202-1caeb883a6ac[2]'
autopkgtest-virt-qemu: DBG: expect: found "b'ef824468-40a4-434b-b202-1caeb883a6ac[2]'"
autopkgtest-virt-qemu: DBG: expect: b'ef824468-40a4-434b-b202-1caeb883a6ac[3]'
autopkgtest-virt-qemu: DBG: expect: found "b'ef824468-40a4-434b-b202-1caeb883a6ac[3]'"
autopkgtest-virt-qemu: DBG: expect: b'/python'
autopkgtest-virt-qemu: DBG: expect: found "b'/python'"
autopkgtest-virt-qemu: DBG: expect: b'# '
autopkgtest-virt-qemu: DBG: expect: found "b'# '"
autopkgtest-virt-qemu: DBG: expect: b'ef824468-40a4-434b-b202-1caeb883a6ac[4]'
autopkgtest-virt-qemu: DBG: expect: found "b'ef824468-40a4-434b-b202-1caeb883a6ac[4]'"
autopkgtest-virt-qemu: DBG: execute-timeout: /tmp/autopkgtest-qemu.bkbb62so/runcmd true
autopkgtest-virt-qemu: DBG: can connect to autopkgtest sh in VM
autopkgtest-virt-qemu: DBG: expect: b'ef824468-40a4-434b-b202-1caeb883a6ac[5]'
autopkgtest-virt-qemu: DBG: expect: found "b'ef824468-40a4-434b-b202-1caeb883a6ac[5]'"
autopkgtest-virt-qemu: DBG: determine_normal_user: got user "openkylin"
autopkgtest-virt-qemu: DBG: auxverb = ['/tmp/autopkgtest-qemu.bkbb62so/runcmd'], downtmp = None
autopkgtest-virt-qemu: DBG: execute-timeout: /tmp/autopkgtest-qemu.bkbb62so/runcmd mktemp --directory --tmpdir autopkgtest.XXXXXX
autopkgtest-virt-qemu: DBG: execute-timeout: /tmp/autopkgtest-qemu.bkbb62so/runcmd chmod 1777 /tmp/autopkgtest.iwfdcO
autopkgtest: DBG: got reply from testbed: ok /tmp/autopkgtest.iwfdcO
autopkgtest: DBG: sending command to testbed: print-execute-command
autopkgtest-virt-qemu: DBG: executing print-execute-command
autopkgtest: DBG: got reply from testbed: ok /tmp/autopkgtest-qemu.bkbb62so/runcmd
autopkgtest: DBG: sending command to testbed: capabilities
autopkgtest-virt-qemu: DBG: executing capabilities
autopkgtest: DBG: got reply from testbed: ok isolation-machine reboot revert revert-full-system root-on-testbed suggested-normal-user=openkylin
autopkgtest: DBG: testbed capabilities: ['isolation-machine', 'reboot', 'revert', 'revert-full-system', 'root-on-testbed', 'suggested-normal-user=openkylin', 'has_internet']
autopkgtest: DBG: testbed command ['mkdir', '-p', '/tmp/autopkgtest.iwfdcO'], kind short, sout raw, serr pipe, env []
autopkgtest: DBG: testbed command exited with code 0
autopkgtest: DBG: sending command to testbed: copydown /usr/share/autopkgtest/lib/in-testbed/wrapper.sh /tmp/autopkgtest.iwfdcO/wrapper.sh
autopkgtest-virt-qemu: DBG: executing copydown /usr/share/autopkgtest/lib/in-testbed/wrapper.sh /tmp/autopkgtest.iwfdcO/wrapper.sh
autopkgtest-virt-qemu: DBG: ['cmdls', "(['cat'], ['/tmp/autopkgtest-qemu.bkbb62so/runcmd', 'sh', '-ec', 'cat >/tmp/autopkgtest.iwfdcO/wrapper.sh; chmod +x -- /tmp/autopkgtest.iwfdcO/wrapper.sh'])"]
autopkgtest-virt-qemu: DBG: ['srcstdin', "<_io.BufferedReader name='/usr/share/autopkgtest/lib/in-testbed/wrapper.sh'>", 'deststdout', "<_io.BufferedReader name='/dev/null'>", 'devnull_read', <_io.BufferedReader name='/dev/null'>]
autopkgtest-virt-qemu: DBG:  +< cat
autopkgtest-virt-qemu: DBG:  +> /tmp/autopkgtest-qemu.bkbb62so/runcmd sh -ec cat >/tmp/autopkgtest.iwfdcO/wrapper.sh; chmod +x -- /tmp/autopkgtest.iwfdcO/wrapper.sh
autopkgtest-virt-qemu: DBG:  +>?
autopkgtest-virt-qemu: DBG:  +<?
autopkgtest: DBG: got reply from testbed: ok
autopkgtest: DBG: testbed command ['chmod', '-R', '0755', '--', '/tmp/autopkgtest.iwfdcO/wrapper.sh'], kind short, sout raw, serr pipe, env []
autopkgtest: DBG: testbed command exited with code 0
autopkgtest: DBG: testbed command ['dpkg', '--print-architecture'], kind short, sout pipe, serr pipe, env []
autopkgtest: DBG: testbed command exited with code 0
autopkgtest [17:04:17]: testbed dpkg architecture: riscv64
autopkgtest: DBG: testbed command ['sh', '-ec', 'command -v eatmydata'], kind short, sout pipe, serr pipe, env []
autopkgtest: DBG: testbed command exited with code 127
autopkgtest: DBG: testbed command ['sh', '-ec', 'command -v dpkg-query'], kind short, sout pipe, serr pipe, env []
autopkgtest: DBG: testbed command exited with code 0
autopkgtest: DBG: testbed command ['sh', '-ec', "dpkg-query --show -f '${Package}\\t${Version}\\n' > /tmp/autopkgtest.iwfdcO/testbed-packages"], kind short, sout raw, serr pipe, env []
autopkgtest: DBG: testbed command exited with code 0
autopkgtest: DBG: sending command to testbed: copyup /tmp/autopkgtest.iwfdcO/testbed-packages /home/minami/Documents/openkylin-riscv/test/libiterator-util-perl/testbed-packages
autopkgtest-virt-qemu: DBG: executing copyup /tmp/autopkgtest.iwfdcO/testbed-packages /home/minami/Documents/openkylin-riscv/test/libiterator-util-perl/testbed-packages
autopkgtest-virt-qemu: DBG: ['cmdls', "(['/tmp/autopkgtest-qemu.bkbb62so/runcmd', 'sh', '-ec', 'cat </tmp/autopkgtest.iwfdcO/testbed-packages'], ['cat'])"]
autopkgtest-virt-qemu: DBG: ['srcstdin', "<_io.BufferedReader name='/dev/null'>", 'deststdout', "<_io.BufferedWriter name='/home/minami/Documents/openkylin-riscv/test/libiterator-util-perl/testbed-packages'>", 'devnull_read', <_io.BufferedReader name='/dev/null'>]
autopkgtest-virt-qemu: DBG:  +< /tmp/autopkgtest-qemu.bkbb62so/runcmd sh -ec cat </tmp/autopkgtest.iwfdcO/testbed-packages
autopkgtest-virt-qemu: DBG:  +> cat
autopkgtest-virt-qemu: DBG:  +>?
autopkgtest-virt-qemu: DBG:  +<?
autopkgtest: DBG: got reply from testbed: ok
autopkgtest: DBG: testbed supports reboot, creating /tmp/autopkgtest-reboot
autopkgtest: DBG: testbed command ['mkdir', '-p', '/tmp/autopkgtest.iwfdcO'], kind short, sout raw, serr pipe, env []
autopkgtest: DBG: testbed command exited with code 0
autopkgtest: DBG: sending command to testbed: copydown /usr/share/autopkgtest/lib/in-testbed/reboot.sh /tmp/autopkgtest.iwfdcO/autopkgtest-reboot
autopkgtest-virt-qemu: DBG: executing copydown /usr/share/autopkgtest/lib/in-testbed/reboot.sh /tmp/autopkgtest.iwfdcO/autopkgtest-reboot
autopkgtest-virt-qemu: DBG: ['cmdls', "(['cat'], ['/tmp/autopkgtest-qemu.bkbb62so/runcmd', 'sh', '-ec', 'cat >/tmp/autopkgtest.iwfdcO/autopkgtest-reboot; chmod +x -- /tmp/autopkgtest.iwfdcO/autopkgtest-reboot'])"]
autopkgtest-virt-qemu: DBG: ['srcstdin', "<_io.BufferedReader name='/usr/share/autopkgtest/lib/in-testbed/reboot.sh'>", 'deststdout', "<_io.BufferedReader name='/dev/null'>", 'devnull_read', <_io.BufferedReader name='/dev/null'>]
autopkgtest-virt-qemu: DBG:  +< cat
autopkgtest-virt-qemu: DBG:  +> /tmp/autopkgtest-qemu.bkbb62so/runcmd sh -ec cat >/tmp/autopkgtest.iwfdcO/autopkgtest-reboot; chmod +x -- /tmp/autopkgtest.iwfdcO/autopkgtest-reboot
autopkgtest-virt-qemu: DBG:  +>?
autopkgtest-virt-qemu: DBG:  +<?
autopkgtest: DBG: got reply from testbed: ok
autopkgtest: DBG: testbed command ['chmod', '-R', '0755', '--', '/tmp/autopkgtest.iwfdcO/autopkgtest-reboot'], kind short, sout raw, serr pipe, env []
autopkgtest: DBG: testbed command exited with code 0
autopkgtest: DBG: testbed command ['ln', '-fns', '/tmp/autopkgtest.iwfdcO/autopkgtest-reboot', '/tmp/autopkgtest-reboot'], kind short, sout raw, serr pipe, env []
autopkgtest: DBG: testbed command exited with code 0
autopkgtest: DBG: testbed command ['ln', '-fns', '/tmp/autopkgtest.iwfdcO/autopkgtest-reboot', '/sbin/autopkgtest-reboot'], kind short, sout raw, serr pipe, env []
autopkgtest: DBG: testbed command exited with code 0
autopkgtest: DBG: testbed command ['mkdir', '-p', '/tmp/autopkgtest.iwfdcO'], kind short, sout raw, serr pipe, env []
autopkgtest: DBG: testbed command exited with code 0
autopkgtest: DBG: sending command to testbed: copydown /usr/share/autopkgtest/lib/in-testbed/reboot-prepare.sh /tmp/autopkgtest.iwfdcO/autopkgtest-reboot-prepare
autopkgtest-virt-qemu: DBG: executing copydown /usr/share/autopkgtest/lib/in-testbed/reboot-prepare.sh /tmp/autopkgtest.iwfdcO/autopkgtest-reboot-prepare
autopkgtest-virt-qemu: DBG: ['cmdls', "(['cat'], ['/tmp/autopkgtest-qemu.bkbb62so/runcmd', 'sh', '-ec', 'cat >/tmp/autopkgtest.iwfdcO/autopkgtest-reboot-prepare; chmod +x -- /tmp/autopkgtest.iwfdcO/autopkgtest-reboot-prepare'])"]
autopkgtest-virt-qemu: DBG: ['srcstdin', "<_io.BufferedReader name='/usr/share/autopkgtest/lib/in-testbed/reboot-prepare.sh'>", 'deststdout', "<_io.BufferedReader name='/dev/null'>", 'devnull_read', <_io.BufferedReader name='/dev/null'>]
autopkgtest-virt-qemu: DBG:  +< cat
autopkgtest-virt-qemu: DBG:  +> /tmp/autopkgtest-qemu.bkbb62so/runcmd sh -ec cat >/tmp/autopkgtest.iwfdcO/autopkgtest-reboot-prepare; chmod +x -- /tmp/autopkgtest.iwfdcO/autopkgtest-reboot-prepare
autopkgtest-virt-qemu: DBG:  +>?
autopkgtest-virt-qemu: DBG:  +<?
autopkgtest: DBG: got reply from testbed: ok
autopkgtest: DBG: testbed command ['chmod', '-R', '0755', '--', '/tmp/autopkgtest.iwfdcO/autopkgtest-reboot-prepare'], kind short, sout raw, serr pipe, env []
autopkgtest: DBG: testbed command exited with code 0
autopkgtest: DBG: testbed command ['ln', '-fns', '/tmp/autopkgtest.iwfdcO/autopkgtest-reboot-prepare', '/tmp/autopkgtest-reboot-prepare'], kind short, sout raw, serr pipe, env []
autopkgtest: DBG: testbed command exited with code 0
autopkgtest: DBG: testbed command ['uname', '-srv'], kind short, sout pipe, serr pipe, env []
autopkgtest: DBG: testbed command exited with code 0
autopkgtest [17:04:26]: testbed running kernel: Linux 5.11.0-1030-generic #34 SMP Fri Mar 11 15:27:17 CST 2022
autopkgtest: DBG: testbed command ['sh', '-c', 'nproc; cat /proc/cpuinfo 2>/dev/null || true'], kind short, sout pipe, serr pipe, env []
autopkgtest: DBG: testbed command exited with code 0
autopkgtest: DBG: Binaries: initialising
autopkgtest [17:04:27]: @@@@@@@@@@@@@@@@@@@@ source /home/minami/Documents/openkylin-riscv/src/libiterator-util-perl_0.02-ok1.dsc
autopkgtest: DBG: blame += /home/minami/Documents/openkylin-riscv/src/libiterator-util-perl_0.02-ok1.dsc
autopkgtest: DBG: testbed reset: modified=False, deps_installed=[], deps_new=[]
autopkgtest: DBG: testbed command ['mkdir', '-p', '/tmp/autopkgtest.iwfdcO'], kind short, sout raw, serr pipe, env []
autopkgtest: DBG: testbed command exited with code 0
autopkgtest: DBG: sending command to testbed: copydown /home/minami/Documents/openkylin-riscv/src/libiterator-util-perl_0.02-ok1.dsc /tmp/autopkgtest.iwfdcO/libiterator-util-perl_0.02-ok1.dsc
autopkgtest-virt-qemu: DBG: executing copydown /home/minami/Documents/openkylin-riscv/src/libiterator-util-perl_0.02-ok1.dsc /tmp/autopkgtest.iwfdcO/libiterator-util-perl_0.02-ok1.dsc
autopkgtest-virt-qemu: DBG: ['cmdls', "(['cat'], ['/tmp/autopkgtest-qemu.bkbb62so/runcmd', 'sh', '-ec', 'cat >/tmp/autopkgtest.iwfdcO/libiterator-util-perl_0.02-ok1.dsc'])"]
autopkgtest-virt-qemu: DBG: ['srcstdin', "<_io.BufferedReader name='/home/minami/Documents/openkylin-riscv/src/libiterator-util-perl_0.02-ok1.dsc'>", 'deststdout', "<_io.BufferedReader name='/dev/null'>", 'devnull_read', <_io.BufferedReader name='/dev/null'>]
autopkgtest-virt-qemu: DBG:  +< cat
autopkgtest-virt-qemu: DBG:  +> /tmp/autopkgtest-qemu.bkbb62so/runcmd sh -ec cat >/tmp/autopkgtest.iwfdcO/libiterator-util-perl_0.02-ok1.dsc
autopkgtest-virt-qemu: DBG:  +>?
autopkgtest-virt-qemu: DBG:  +<?
autopkgtest: DBG: got reply from testbed: ok
autopkgtest: DBG: testbed command ['chown', '-R', 'openkylin', '--', '/tmp/autopkgtest.iwfdcO/libiterator-util-perl_0.02-ok1.dsc'], kind short, sout raw, serr pipe, env []
autopkgtest: DBG: testbed command exited with code 0
autopkgtest: DBG: testbed command ['mkdir', '-p', '/tmp/autopkgtest.iwfdcO'], kind short, sout raw, serr pipe, env []
autopkgtest: DBG: testbed command exited with code 0
autopkgtest: DBG: sending command to testbed: copydown /home/minami/Documents/openkylin-riscv/src/libiterator-util-perl_0.02.orig.tar.gz /tmp/autopkgtest.iwfdcO/libiterator-util-perl_0.02.orig.tar.gz
autopkgtest-virt-qemu: DBG: executing copydown /home/minami/Documents/openkylin-riscv/src/libiterator-util-perl_0.02.orig.tar.gz /tmp/autopkgtest.iwfdcO/libiterator-util-perl_0.02.orig.tar.gz
autopkgtest-virt-qemu: DBG: ['cmdls', "(['cat'], ['/tmp/autopkgtest-qemu.bkbb62so/runcmd', 'sh', '-ec', 'cat >/tmp/autopkgtest.iwfdcO/libiterator-util-perl_0.02.orig.tar.gz'])"]
autopkgtest-virt-qemu: DBG: ['srcstdin', "<_io.BufferedReader name='/home/minami/Documents/openkylin-riscv/src/libiterator-util-perl_0.02.orig.tar.gz'>", 'deststdout', "<_io.BufferedReader name='/dev/null'>", 'devnull_read', <_io.BufferedReader name='/dev/null'>]
autopkgtest-virt-qemu: DBG:  +< cat
autopkgtest-virt-qemu: DBG:  +> /tmp/autopkgtest-qemu.bkbb62so/runcmd sh -ec cat >/tmp/autopkgtest.iwfdcO/libiterator-util-perl_0.02.orig.tar.gz
autopkgtest-virt-qemu: DBG:  +>?
autopkgtest-virt-qemu: DBG:  +<?
autopkgtest: DBG: got reply from testbed: ok
autopkgtest: DBG: testbed command ['chown', '-R', 'openkylin', '--', '/tmp/autopkgtest.iwfdcO/libiterator-util-perl_0.02.orig.tar.gz'], kind short, sout raw, serr pipe, env []
autopkgtest: DBG: testbed command exited with code 0
autopkgtest: DBG: testbed command ['mkdir', '-p', '/tmp/autopkgtest.iwfdcO'], kind short, sout raw, serr pipe, env []
autopkgtest: DBG: testbed command exited with code 0
autopkgtest: DBG: sending command to testbed: copydown /home/minami/Documents/openkylin-riscv/src/libiterator-util-perl_0.02-ok1.debian.tar.xz /tmp/autopkgtest.iwfdcO/libiterator-util-perl_0.02-ok1.debian.tar.xz
autopkgtest-virt-qemu: DBG: executing copydown /home/minami/Documents/openkylin-riscv/src/libiterator-util-perl_0.02-ok1.debian.tar.xz /tmp/autopkgtest.iwfdcO/libiterator-util-perl_0.02-ok1.debian.tar.xz
autopkgtest-virt-qemu: DBG: ['cmdls', "(['cat'], ['/tmp/autopkgtest-qemu.bkbb62so/runcmd', 'sh', '-ec', 'cat >/tmp/autopkgtest.iwfdcO/libiterator-util-perl_0.02-ok1.debian.tar.xz'])"]
autopkgtest-virt-qemu: DBG: ['srcstdin', "<_io.BufferedReader name='/home/minami/Documents/openkylin-riscv/src/libiterator-util-perl_0.02-ok1.debian.tar.xz'>", 'deststdout', "<_io.BufferedReader name='/dev/null'>", 'devnull_read', <_io.BufferedReader name='/dev/null'>]
autopkgtest-virt-qemu: DBG:  +< cat
autopkgtest-virt-qemu: DBG:  +> /tmp/autopkgtest-qemu.bkbb62so/runcmd sh -ec cat >/tmp/autopkgtest.iwfdcO/libiterator-util-perl_0.02-ok1.debian.tar.xz
autopkgtest-virt-qemu: DBG:  +>?
autopkgtest-virt-qemu: DBG:  +<?
autopkgtest: DBG: got reply from testbed: ok
autopkgtest: DBG: testbed command ['chown', '-R', 'openkylin', '--', '/tmp/autopkgtest.iwfdcO/libiterator-util-perl_0.02-ok1.debian.tar.xz'], kind short, sout raw, serr pipe, env []
autopkgtest: DBG: testbed command exited with code 0
autopkgtest: DBG: install_deps: deps_new=[]
autopkgtest: DBG: testbed command ['sh', '-ec', 'command -v dpkg-source'], kind short, sout pipe, serr pipe, env []
autopkgtest: DBG: testbed command exited with code 0
autopkgtest: DBG: testbed command ['sh', '-ec', 'su --shell=/bin/sh openkylin -c \'set -e; exec 3>&1 >&2; set -x; cd /; builddir=$(mktemp -d /tmp/autopkgtest.iwfdcO/build.XXX); cd $builddir; dpkg-source -x "/tmp/autopkgtest.iwfdcO/libiterator-util-perl_0.02-ok1.dsc" src; chmod -R a+rX .; cd [a-z0-9]*/.; pwd >&3; sed -n "1 {s/).*//; s/ (/\\n/; p}" debian/changelog >&3\''], kind build, sout pipe, serr raw, env []
+ cd /
+ mktemp -d /tmp/autopkgtest.iwfdcO/build.XXX
+ builddir=/tmp/autopkgtest.iwfdcO/build.1ra
+ cd /tmp/autopkgtest.iwfdcO/build.1ra
+ dpkg-source -x /tmp/autopkgtest.iwfdcO/libiterator-util-perl_0.02-ok1.dsc src
gpgv: unknown type of key resource 'trustedkeys.kbx'
gpgv: keyblock resource '/tmp/dpkg-verify-sig.A0rVxYWy/trustedkeys.kbx': General error
gpgv: Signature made Tue 27 Sep 2022 07:12:33 AM UTC
gpgv:                using RSA key 64FBB79F5EAE64D792E94CFE0716F00F842CD274
gpgv: Can't check signature: No public key
dpkg-source: warning: cannot verify signature /tmp/autopkgtest.iwfdcO/libiterator-util-perl_0.02-ok1.dsc
dpkg-source: info: extracting libiterator-util-perl in src
dpkg-source: info: unpacking libiterator-util-perl_0.02.orig.tar.gz
dpkg-source: info: unpacking libiterator-util-perl_0.02-ok1.debian.tar.xz
+ chmod -R a+rX .
+ cd src/.
+ pwd
+ sed -n 1 {s/).*//; s/ (/\n/; p} debian/changelog
autopkgtest: DBG: testbed command exited with code 0
autopkgtest [17:04:39]: testing package libiterator-util-perl version 0.02-ok1
autopkgtest: DBG: sending command to testbed: copyup /tmp/autopkgtest.iwfdcO/build.1ra/src/debian/ /home/minami/Documents/openkylin-riscv/test/libiterator-util-perl/pkg/debian/
autopkgtest-virt-qemu: DBG: executing copyup /tmp/autopkgtest.iwfdcO/build.1ra/src/debian/ /home/minami/Documents/openkylin-riscv/test/libiterator-util-perl/pkg/debian/
autopkgtest-virt-qemu: DBG: ['cmdls', "(['/tmp/autopkgtest-qemu.bkbb62so/runcmd', 'sh', '-ec', 'cd /tmp/autopkgtest.iwfdcO/build.1ra/src/debian/; tar --warning=none -c . -f -'], ['tar', '--directory', '/home/minami/Documents/openkylin-riscv/test/libiterator-util-perl/pkg/debian/', '--warning=none', '--preserve-permissions', '--extract', '--no-same-owner', '-f', '-'])"]
autopkgtest-virt-qemu: DBG: ['srcstdin', "<_io.BufferedReader name='/dev/null'>", 'deststdout', "<_io.BufferedReader name='/dev/null'>", 'devnull_read', <_io.BufferedReader name='/dev/null'>]
autopkgtest-virt-qemu: DBG:  +< /tmp/autopkgtest-qemu.bkbb62so/runcmd sh -ec cd /tmp/autopkgtest.iwfdcO/build.1ra/src/debian/; tar --warning=none -c . -f -
autopkgtest-virt-qemu: DBG:  +> tar --directory /home/minami/Documents/openkylin-riscv/test/libiterator-util-perl/pkg/debian/ --warning=none --preserve-permissions --extract --no-same-owner -f -
autopkgtest-virt-qemu: DBG:  +>?
autopkgtest-virt-qemu: DBG:  +<?
autopkgtest: DBG: got reply from testbed: ok
autopkgtest: DBG: autodep8 generated control: -----
Test-Command: /usr/share/pkg-perl-autopkgtest/runner build-deps
Depends: @, @builddeps@, pkg-perl-autopkgtest, 
Restrictions: skippable, 
Features: test-name=autodep8-perl-build-deps


Test-Command: /usr/share/pkg-perl-autopkgtest/runner runtime-deps
Depends: @, pkg-perl-autopkgtest, 
Restrictions: skippable, superficial, 
Features: test-name=autodep8-perl


Test-Command: /usr/share/pkg-perl-autopkgtest/runner runtime-deps-and-recommends
Depends: @, pkg-perl-autopkgtest, 
Restrictions: needs-recommends, skippable, superficial, 
Features: test-name=autodep8-perl-recommends


-------
autopkgtest: DBG: processing dependency @
autopkgtest: DBG: synthesised dependency libiterator-util-perl
autopkgtest: DBG: processing dependency @builddeps@
autopkgtest: DBG: synthesised dependency debhelper-compat (= 13)
autopkgtest: DBG: synthesised dependency libexception-class-perl
autopkgtest: DBG: synthesised dependency libiterator-perl
autopkgtest: DBG: synthesised dependency perl
autopkgtest: DBG: synthesised dependency build-essential
autopkgtest: DBG: processing dependency pkg-perl-autopkgtest
autopkgtest: DBG: Test defined: name autodep8-perl-build-deps path None command "/usr/share/pkg-perl-autopkgtest/runner build-deps" restrictions ['skippable'] features ['test-name=autodep8-perl-build-deps'] depends ['libiterator-util-perl', 'debhelper-compat (= 13)', 'libexception-class-perl', 'libiterator-perl', 'perl', 'build-essential', 'pkg-perl-autopkgtest'] 
autopkgtest: DBG: processing dependency @
autopkgtest: DBG: synthesised dependency libiterator-util-perl
autopkgtest: DBG: processing dependency pkg-perl-autopkgtest
autopkgtest: DBG: Test defined: name autodep8-perl path None command "/usr/share/pkg-perl-autopkgtest/runner runtime-deps" restrictions ['skippable', 'superficial'] features ['test-name=autodep8-perl'] depends ['libiterator-util-perl', 'pkg-perl-autopkgtest'] 
autopkgtest: DBG: processing dependency @
autopkgtest: DBG: synthesised dependency libiterator-util-perl
autopkgtest: DBG: processing dependency pkg-perl-autopkgtest
autopkgtest: DBG: processing dependency @recommends@
autopkgtest: DBG: Test defined: name autodep8-perl-recommends path None command "/usr/share/pkg-perl-autopkgtest/runner runtime-deps-and-recommends" restrictions ['needs-recommends', 'skippable', 'superficial'] features ['test-name=autodep8-perl-recommends'] depends ['libiterator-util-perl', 'pkg-perl-autopkgtest'] 
autopkgtest [17:04:40]: build not needed
autopkgtest: DBG: sending command to testbed: copyup /tmp/autopkgtest.iwfdcO/build.1ra/src/ /home/minami/Documents/openkylin-riscv/test/libiterator-util-perl/tests-tree/
autopkgtest-virt-qemu: DBG: executing copyup /tmp/autopkgtest.iwfdcO/build.1ra/src/ /home/minami/Documents/openkylin-riscv/test/libiterator-util-perl/tests-tree/
autopkgtest-virt-qemu: DBG: ['cmdls', "(['/tmp/autopkgtest-qemu.bkbb62so/runcmd', 'sh', '-ec', 'cd /tmp/autopkgtest.iwfdcO/build.1ra/src/; tar --warning=none -c . -f -'], ['tar', '--directory', '/home/minami/Documents/openkylin-riscv/test/libiterator-util-perl/tests-tree/', '--warning=none', '--preserve-permissions', '--extract', '--no-same-owner', '-f', '-'])"]
autopkgtest-virt-qemu: DBG: ['srcstdin', "<_io.BufferedReader name='/dev/null'>", 'deststdout', "<_io.BufferedReader name='/dev/null'>", 'devnull_read', <_io.BufferedReader name='/dev/null'>]
autopkgtest-virt-qemu: DBG:  +< /tmp/autopkgtest-qemu.bkbb62so/runcmd sh -ec cd /tmp/autopkgtest.iwfdcO/build.1ra/src/; tar --warning=none -c . -f -
autopkgtest-virt-qemu: DBG:  +> tar --directory /home/minami/Documents/openkylin-riscv/test/libiterator-util-perl/tests-tree/ --warning=none --preserve-permissions --extract --no-same-owner -f -
autopkgtest-virt-qemu: DBG:  +>?
autopkgtest-virt-qemu: DBG:  +<?
autopkgtest: DBG: got reply from testbed: ok
autopkgtest: DBG: autodep8 generated control: -----
Test-Command: /usr/share/pkg-perl-autopkgtest/runner build-deps
Depends: @, @builddeps@, pkg-perl-autopkgtest, 
Restrictions: skippable, 
Features: test-name=autodep8-perl-build-deps


Test-Command: /usr/share/pkg-perl-autopkgtest/runner runtime-deps
Depends: @, pkg-perl-autopkgtest, 
Restrictions: skippable, superficial, 
Features: test-name=autodep8-perl


Test-Command: /usr/share/pkg-perl-autopkgtest/runner runtime-deps-and-recommends
Depends: @, pkg-perl-autopkgtest, 
Restrictions: needs-recommends, skippable, superficial, 
Features: test-name=autodep8-perl-recommends


-------
autopkgtest: DBG: processing dependency @
autopkgtest: DBG: synthesised dependency libiterator-util-perl
autopkgtest: DBG: processing dependency @builddeps@
autopkgtest: DBG: synthesised dependency debhelper-compat (= 13)
autopkgtest: DBG: synthesised dependency libexception-class-perl
autopkgtest: DBG: synthesised dependency libiterator-perl
autopkgtest: DBG: synthesised dependency perl
autopkgtest: DBG: synthesised dependency build-essential
autopkgtest: DBG: processing dependency pkg-perl-autopkgtest
autopkgtest: DBG: Test defined: name autodep8-perl-build-deps path None command "/usr/share/pkg-perl-autopkgtest/runner build-deps" restrictions ['skippable'] features ['test-name=autodep8-perl-build-deps'] depends ['libiterator-util-perl', 'debhelper-compat (= 13)', 'libexception-class-perl', 'libiterator-perl', 'perl', 'build-essential', 'pkg-perl-autopkgtest'] 
autopkgtest: DBG: processing dependency @
autopkgtest: DBG: synthesised dependency libiterator-util-perl
autopkgtest: DBG: processing dependency pkg-perl-autopkgtest
autopkgtest: DBG: Test defined: name autodep8-perl path None command "/usr/share/pkg-perl-autopkgtest/runner runtime-deps" restrictions ['skippable', 'superficial'] features ['test-name=autodep8-perl'] depends ['libiterator-util-perl', 'pkg-perl-autopkgtest'] 
autopkgtest: DBG: processing dependency @
autopkgtest: DBG: synthesised dependency libiterator-util-perl
autopkgtest: DBG: processing dependency pkg-perl-autopkgtest
autopkgtest: DBG: processing dependency @recommends@
autopkgtest: DBG: Test defined: name autodep8-perl-recommends path None command "/usr/share/pkg-perl-autopkgtest/runner runtime-deps-and-recommends" restrictions ['needs-recommends', 'skippable', 'superficial'] features ['test-name=autodep8-perl-recommends'] depends ['libiterator-util-perl', 'pkg-perl-autopkgtest'] 
autopkgtest [17:04:40]: test autodep8-perl-build-deps: preparing testbed
autopkgtest: DBG: testbed reset: modified=False, deps_installed=[], deps_new=['libiterator-util-perl', 'debhelper-compat (= 13)', 'libexception-class-perl', 'libiterator-perl', 'perl', 'build-essential', 'pkg-perl-autopkgtest']
autopkgtest: DBG: Binaries: no registered binaries, not publishing anything
autopkgtest: DBG: install_deps: deps_new=['libiterator-util-perl', 'debhelper-compat (= 13)', 'libexception-class-perl', 'libiterator-perl', 'perl', 'build-essential', 'pkg-perl-autopkgtest']
autopkgtest: DBG: install-deps: satisfying libiterator-util-perl, debhelper-compat (= 13), libexception-class-perl, libiterator-perl, perl, build-essential, pkg-perl-autopkgtest
autopkgtest: DBG: install-deps: architecture resolved: libiterator-util-perl, debhelper-compat (= 13), libexception-class-perl, libiterator-perl, perl, build-essential, pkg-perl-autopkgtest
autopkgtest: DBG: testbed command ['test', '-w', '/var/lib/dpkg/status'], kind short, sout raw, serr raw, env []
autopkgtest: DBG: testbed command exited with code 0
autopkgtest: DBG: can use apt-get on testbed: True
autopkgtest: DBG: testbed command ['mkdir', '-p', '/tmp/autopkgtest.iwfdcO'], kind short, sout raw, serr pipe, env []
autopkgtest: DBG: testbed command exited with code 0
autopkgtest: DBG: sending command to testbed: copydown /home/minami/Documents/openkylin-riscv/test/libiterator-util-perl/1-autopkgtest-satdep.deb /tmp/autopkgtest.iwfdcO/1-autopkgtest-satdep.deb
autopkgtest-virt-qemu: DBG: executing copydown /home/minami/Documents/openkylin-riscv/test/libiterator-util-perl/1-autopkgtest-satdep.deb /tmp/autopkgtest.iwfdcO/1-autopkgtest-satdep.deb
autopkgtest-virt-qemu: DBG: ['cmdls', "(['cat'], ['/tmp/autopkgtest-qemu.bkbb62so/runcmd', 'sh', '-ec', 'cat >/tmp/autopkgtest.iwfdcO/1-autopkgtest-satdep.deb'])"]
autopkgtest-virt-qemu: DBG: ['srcstdin', "<_io.BufferedReader name='/home/minami/Documents/openkylin-riscv/test/libiterator-util-perl/1-autopkgtest-satdep.deb'>", 'deststdout', "<_io.BufferedReader name='/dev/null'>", 'devnull_read', <_io.BufferedReader name='/dev/null'>]
autopkgtest-virt-qemu: DBG:  +< cat
autopkgtest-virt-qemu: DBG:  +> /tmp/autopkgtest-qemu.bkbb62so/runcmd sh -ec cat >/tmp/autopkgtest.iwfdcO/1-autopkgtest-satdep.deb
autopkgtest-virt-qemu: DBG:  +>?
autopkgtest-virt-qemu: DBG:  +<?
autopkgtest: DBG: got reply from testbed: ok
autopkgtest: DBG: testbed command ['chown', '-R', 'openkylin', '--', '/tmp/autopkgtest.iwfdcO/1-autopkgtest-satdep.deb'], kind short, sout raw, serr pipe, env []
autopkgtest: DBG: testbed command exited with code 0
autopkgtest: DBG: testbed command ['dpkg', '--unpack', '/tmp/autopkgtest.iwfdcO/1-autopkgtest-satdep.deb'], kind short, sout pipe, serr pipe, env []
autopkgtest: DBG: testbed command exited with code 0
autopkgtest: DBG: testbed command ['/bin/sh', '-ec', ' apt-get install --assume-yes --fix-broken -o APT::Status-Fd=3 -o APT::Install-Recommends=false -o Dpkg::Options::=--force-confnew -o Debug::pkgProblemResolver=true 3>&2 2>&1'], kind install, sout raw, serr pipe, env ['DEBIAN_FRONTEND=noninteractive', 'APT_LISTBUGS_FRONTEND=none', 'APT_LISTCHANGES_FRONTEND=none']
Reading package lists...
Building dependency tree...
Reading state information...
Correcting dependencies...Starting pkgProblemResolver with broken count: 0
Starting 2 pkgProblemResolver with broken count: 0
Done
 Done
Starting pkgProblemResolver with broken count: 0
Starting 2 pkgProblemResolver with broken count: 0
Done
The following packages were automatically installed and are no longer required:
  libdjvulibre-text libdjvulibre21 libegl-dev libgl-dev libglu1-mesa-dev
  libglx-dev libmpdec2 libvulkan-dev libx11-dev libxau-dev libxcb1-dev
  libxdmcp-dev libxext-dev qt5-qmake qt5-qmake-bin x11proto-core-dev
  x11proto-dev xorg-sgml-doctools xtrans-dev
Use 'apt autoremove' to remove them.
The following additional packages will be installed:
  autoconf autodep8 automake autopoint autotools-dev build-essential
  dctrl-tools debhelper debugedit dh-autoreconf dh-strip-nondeterminism dwz
  g++ g++-9 gcc gcc-9 intltool-debian libarchive-zip-perl libcc1-0
  libclass-data-inheritable-perl libdebhelper-perl libdevel-stacktrace-perl
  libexception-class-perl libfile-stripnondeterminism-perl libiterator-perl
  libiterator-util-perl libsigsegv2 libsub-override-perl libtool m4
  pkg-perl-autopkgtest po-debconf
Suggested packages:
  autoconf-archive gnu-standards autoconf-doc debtags dh-make gcc-9-doc bison
  flex gcc-doc gcc-multilib gdb manpages-dev gcc-9-locales libtool-doc
  gfortran | fortran95-compiler gcj-jdk m4-doc libmail-box-perl
Recommended packages:
  libarchive-cpio-perl libltdl-dev libmail-sendmail-perl
The following NEW packages will be installed:
  autoconf autodep8 automake autopoint autotools-dev build-essential
  dctrl-tools debhelper debugedit dh-autoreconf dh-strip-nondeterminism dwz
  g++ g++-9 gcc gcc-9 intltool-debian libarchive-zip-perl libcc1-0
  libclass-data-inheritable-perl libdebhelper-perl libdevel-stacktrace-perl
  libexception-class-perl libfile-stripnondeterminism-perl libiterator-perl
  libiterator-util-perl libsigsegv2 libsub-override-perl libtool m4
  pkg-perl-autopkgtest po-debconf
0 upgraded, 32 newly installed, 0 to remove and 18 not upgraded.
1 not fully installed or removed.
Need to get 18.5 MB of archives.
After this operation, 45.8 MB of additional disk space will be used.
Get:1 http://archive.build.openkylin.top/openkylin yangtze/main riscv64 libclass-data-inheritable-perl all 0.09-ok2 [6,800 B]
Get:2 http://ppa.build.openkylin.top/kylinsoft/anything/openkylin yangtze/main riscv64 libdevel-stacktrace-perl all 2.0400-ok1 [21.8 kB]
Get:3 http://archive.build.openkylin.top/openkylin yangtze/main riscv64 libexception-class-perl all 1.45-ok1 [33.3 kB]
Get:4 http://ppa.build.openkylin.top/kylinsoft/anything/openkylin yangtze/main riscv64 autodep8 all 0.22-ok1 [10.1 kB]
Get:5 http://ppa.build.openkylin.top/kylinsoft/anything/openkylin yangtze/main riscv64 pkg-perl-autopkgtest all 0.59-ok1 [8,208 B]
Get:6 http://archive.build.openkylin.top/openkylin yangtze/main riscv64 libiterator-perl all 0.03-ok1 [18.6 kB]
Get:7 http://archive.build.openkylin.top/openkylin yangtze/main riscv64 libiterator-util-perl all 0.02-ok1 [13.8 kB]
Get:8 http://archive.build.openkylin.top/openkylin yangtze/main riscv64 autotools-dev all 20220506-ok1 [41.6 kB]
Get:9 http://archive.build.openkylin.top/openkylin yangtze/main riscv64 debugedit riscv64 1:5.0-ok1 [71.2 kB]
Get:10 http://archive.build.openkylin.top/openkylin yangtze/main riscv64 libsigsegv2 riscv64 2.12-ok1 [11.5 kB]
Get:11 http://archive.build.openkylin.top/openkylin yangtze/main riscv64 m4 riscv64 1.4.18-ok2 [191 kB]
Get:12 http://archive.build.openkylin.top/openkylin yangtze/main riscv64 autoconf all 2.71-ok2 [390 kB]
Get:13 http://archive.build.openkylin.top/openkylin yangtze/main riscv64 automake all 1:1.16.5-ok1 [557 kB]
Get:14 http://archive.build.openkylin.top/openkylin yangtze/main riscv64 autopoint all 0.19.8.1-ok1 [410 kB]
Get:15 http://archive.build.openkylin.top/openkylin yangtze/main riscv64 libdebhelper-perl all 13.6-ok1 [61.4 kB]
Get:16 http://archive.build.openkylin.top/openkylin yangtze/main riscv64 libcc1-0 riscv64 10-20200411-ok5 [42.3 kB]
Get:17 http://archive.build.openkylin.top/openkylin yangtze/main riscv64 gcc-9 riscv64 9.3.0-ok4 [7,417 kB]
Get:18 http://archive.build.openkylin.top/openkylin yangtze/main riscv64 gcc riscv64 4:9.3.0-ok7 [5,160 B]
Get:19 http://archive.build.openkylin.top/openkylin yangtze/main riscv64 libtool all 2.4.6-ok1 [159 kB]
Get:20 http://archive.build.openkylin.top/openkylin yangtze/main riscv64 dh-autoreconf all 20-ok1 [16.3 kB]
Get:21 http://archive.build.openkylin.top/openkylin yangtze/main riscv64 libarchive-zip-perl all 1.68-ok1 [90.7 kB]
Get:22 http://archive.build.openkylin.top/openkylin yangtze/main riscv64 libsub-override-perl all 0.09-ok2 [8,374 B]
Get:23 http://archive.build.openkylin.top/openkylin yangtze/main riscv64 libfile-stripnondeterminism-perl all 1.13.0-ok1 [16.8 kB]
Get:24 http://archive.build.openkylin.top/openkylin yangtze/main riscv64 dh-strip-nondeterminism all 1.13.0-ok1 [5,334 B]
Get:25 http://archive.build.openkylin.top/openkylin yangtze/main riscv64 dwz riscv64 0.14-ok1 [123 kB]
Get:26 http://archive.build.openkylin.top/openkylin yangtze/main riscv64 intltool-debian all 0.35.0+20060710.5-ok2 [23.2 kB]
Get:27 http://archive.build.openkylin.top/openkylin yangtze/main riscv64 po-debconf all 1.0.21+nmu1-ok1 [227 kB]
Get:28 http://archive.build.openkylin.top/openkylin yangtze/main riscv64 debhelper all 13.6-ok1 [931 kB]
Get:29 http://archive.build.openkylin.top/openkylin yangtze/main riscv64 g++-9 riscv64 9.3.0-ok4 [7,571 kB]
Get:30 http://archive.build.openkylin.top/openkylin yangtze/main riscv64 g++ riscv64 4:9.3.0-ok7 [1,470 B]
Get:31 http://archive.build.openkylin.top/openkylin yangtze/main riscv64 build-essential riscv64 12.8-ok1 [4,000 B]
Get:32 http://archive.build.openkylin.top/openkylin yangtze/main riscv64 dctrl-tools riscv64 2.24-ok1 [55.6 kB]
Fetched 18.5 MB in 4s (5,003 kB/s)
Selecting previously unselected package libclass-data-inheritable-perl.
(Reading database ... (Reading database ... 5%(Reading database ... 10%(Reading database ... 15%(Reading database ... 20%(Reading database ... 25%(Reading database ... 30%(Reading database ... 35%(Reading database ... 40%(Reading database ... 45%(Reading database ... 50%(Reading database ... 55%(Reading database ... 60%(Reading database ... 65%(Reading database ... 70%(Reading database ... 75%(Reading database ... 80%(Reading database ... 85%(Reading database ... 90%(Reading database ... 95%(Reading database ... 100%(Reading database ... 161111 files and directories currently installed.)
Preparing to unpack .../00-libclass-data-inheritable-perl_0.09-ok2_all.deb ...
Unpacking libclass-data-inheritable-perl (0.09-ok2) ...
Selecting previously unselected package libdevel-stacktrace-perl.
Preparing to unpack .../01-libdevel-stacktrace-perl_2.0400-ok1_all.deb ...
Unpacking libdevel-stacktrace-perl (2.0400-ok1) ...
Selecting previously unselected package libexception-class-perl.
Preparing to unpack .../02-libexception-class-perl_1.45-ok1_all.deb ...
Unpacking libexception-class-perl (1.45-ok1) ...
Selecting previously unselected package libiterator-perl.
Preparing to unpack .../03-libiterator-perl_0.03-ok1_all.deb ...
Unpacking libiterator-perl (0.03-ok1) ...
Selecting previously unselected package libiterator-util-perl.
Preparing to unpack .../04-libiterator-util-perl_0.02-ok1_all.deb ...
Unpacking libiterator-util-perl (0.02-ok1) ...
Selecting previously unselected package autotools-dev.
Preparing to unpack .../05-autotools-dev_20220506-ok1_all.deb ...
Unpacking autotools-dev (20220506-ok1) ...
Selecting previously unselected package debugedit.
Preparing to unpack .../06-debugedit_1%3a5.0-ok1_riscv64.deb ...
Unpacking debugedit (1:5.0-ok1) ...
Selecting previously unselected package libsigsegv2:riscv64.
Preparing to unpack .../07-libsigsegv2_2.12-ok1_riscv64.deb ...
Unpacking libsigsegv2:riscv64 (2.12-ok1) ...
Selecting previously unselected package m4.
Preparing to unpack .../08-m4_1.4.18-ok2_riscv64.deb ...
Unpacking m4 (1.4.18-ok2) ...
Selecting previously unselected package autoconf.
Preparing to unpack .../09-autoconf_2.71-ok2_all.deb ...
Unpacking autoconf (2.71-ok2) ...
Selecting previously unselected package automake.
Preparing to unpack .../10-automake_1%3a1.16.5-ok1_all.deb ...
Unpacking automake (1:1.16.5-ok1) ...
Selecting previously unselected package autopoint.
Preparing to unpack .../11-autopoint_0.19.8.1-ok1_all.deb ...
Unpacking autopoint (0.19.8.1-ok1) ...
Selecting previously unselected package libdebhelper-perl.
Preparing to unpack .../12-libdebhelper-perl_13.6-ok1_all.deb ...
Unpacking libdebhelper-perl (13.6-ok1) ...
Selecting previously unselected package libcc1-0:riscv64.
Preparing to unpack .../13-libcc1-0_10-20200411-ok5_riscv64.deb ...
Unpacking libcc1-0:riscv64 (10-20200411-ok5) ...
Selecting previously unselected package gcc-9.
Preparing to unpack .../14-gcc-9_9.3.0-ok4_riscv64.deb ...
Unpacking gcc-9 (9.3.0-ok4) ...
Selecting previously unselected package gcc.
Preparing to unpack .../15-gcc_4%3a9.3.0-ok7_riscv64.deb ...
Unpacking gcc (4:9.3.0-ok7) ...
Selecting previously unselected package libtool.
Preparing to unpack .../16-libtool_2.4.6-ok1_all.deb ...
Unpacking libtool (2.4.6-ok1) ...
Selecting previously unselected package dh-autoreconf.
Preparing to unpack .../17-dh-autoreconf_20-ok1_all.deb ...
Unpacking dh-autoreconf (20-ok1) ...
Selecting previously unselected package libarchive-zip-perl.
Preparing to unpack .../18-libarchive-zip-perl_1.68-ok1_all.deb ...
Unpacking libarchive-zip-perl (1.68-ok1) ...
Selecting previously unselected package libsub-override-perl.
Preparing to unpack .../19-libsub-override-perl_0.09-ok2_all.deb ...
Unpacking libsub-override-perl (0.09-ok2) ...
Selecting previously unselected package libfile-stripnondeterminism-perl.
Preparing to unpack .../20-libfile-stripnondeterminism-perl_1.13.0-ok1_all.deb ...
Unpacking libfile-stripnondeterminism-perl (1.13.0-ok1) ...
Selecting previously unselected package dh-strip-nondeterminism.
Preparing to unpack .../21-dh-strip-nondeterminism_1.13.0-ok1_all.deb ...
Unpacking dh-strip-nondeterminism (1.13.0-ok1) ...
Selecting previously unselected package dwz.
Preparing to unpack .../22-dwz_0.14-ok1_riscv64.deb ...
Unpacking dwz (0.14-ok1) ...
Selecting previously unselected package intltool-debian.
Preparing to unpack .../23-intltool-debian_0.35.0+20060710.5-ok2_all.deb ...
Unpacking intltool-debian (0.35.0+20060710.5-ok2) ...
Selecting previously unselected package po-debconf.
Preparing to unpack .../24-po-debconf_1.0.21+nmu1-ok1_all.deb ...
Unpacking po-debconf (1.0.21+nmu1-ok1) ...
Selecting previously unselected package debhelper.
Preparing to unpack .../25-debhelper_13.6-ok1_all.deb ...
Unpacking debhelper (13.6-ok1) ...
Selecting previously unselected package g++-9.
Preparing to unpack .../26-g++-9_9.3.0-ok4_riscv64.deb ...
Unpacking g++-9 (9.3.0-ok4) ...
Selecting previously unselected package g++.
Preparing to unpack .../27-g++_4%3a9.3.0-ok7_riscv64.deb ...
Unpacking g++ (4:9.3.0-ok7) ...
Selecting previously unselected package build-essential.
Preparing to unpack .../28-build-essential_12.8-ok1_riscv64.deb ...
Unpacking build-essential (12.8-ok1) ...
Selecting previously unselected package dctrl-tools.
Preparing to unpack .../29-dctrl-tools_2.24-ok1_riscv64.deb ...
Unpacking dctrl-tools (2.24-ok1) ...
Selecting previously unselected package autodep8.
Preparing to unpack .../30-autodep8_0.22-ok1_all.deb ...
Unpacking autodep8 (0.22-ok1) ...
Selecting previously unselected package pkg-perl-autopkgtest.
Preparing to unpack .../31-pkg-perl-autopkgtest_0.59-ok1_all.deb ...
Unpacking pkg-perl-autopkgtest (0.59-ok1) ...
Setting up libarchive-zip-perl (1.68-ok1) ...
Setting up libdebhelper-perl (13.6-ok1) ...
Setting up intltool-debian (0.35.0+20060710.5-ok2) ...
Setting up autotools-dev (20220506-ok1) ...
Setting up libclass-data-inheritable-perl (0.09-ok2) ...
Setting up libsigsegv2:riscv64 (2.12-ok1) ...
Setting up autopoint (0.19.8.1-ok1) ...
Setting up dwz (0.14-ok1) ...
Setting up debugedit (1:5.0-ok1) ...
Setting up libsub-override-perl (0.09-ok2) ...
Setting up libdevel-stacktrace-perl (2.0400-ok1) ...
Setting up libcc1-0:riscv64 (10-20200411-ok5) ...
Setting up dctrl-tools (2.24-ok1) ...
Setting up autodep8 (0.22-ok1) ...
Setting up libfile-stripnondeterminism-perl (1.13.0-ok1) ...
Setting up gcc-9 (9.3.0-ok4) ...
Setting up libtool (2.4.6-ok1) ...
Setting up po-debconf (1.0.21+nmu1-ok1) ...
Setting up m4 (1.4.18-ok2) ...
Setting up libexception-class-perl (1.45-ok1) ...
Setting up gcc (4:9.3.0-ok7) ...
Setting up g++-9 (9.3.0-ok4) ...
Setting up pkg-perl-autopkgtest (0.59-ok1) ...
Setting up autoconf (2.71-ok2) ...
Setting up dh-strip-nondeterminism (1.13.0-ok1) ...
Setting up g++ (4:9.3.0-ok7) ...
update-alternatives: using /usr/bin/g++ to provide /usr/bin/c++ (c++) in auto mode
Setting up build-essential (12.8-ok1) ...
Setting up automake (1:1.16.5-ok1) ...
update-alternatives: using /usr/bin/automake-1.16 to provide /usr/bin/automake (automake) in auto mode
Setting up libiterator-perl (0.03-ok1) ...
Setting up libiterator-util-perl (0.02-ok1) ...
Setting up dh-autoreconf (20-ok1) ...
Setting up debhelper (13.6-ok1) ...
Setting up autopkgtest-satdep (0) ...
Processing triggers for man-db (2.9.1-ok3) ...
Processing triggers for install-info (6.7.0.dfsg.2-ok1) ...
Processing triggers for libc-bin (2.36-ok2) ...
autopkgtest: DBG: testbed command exited with code 0
autopkgtest: DBG: testbed command ['dpkg-query', '--show', '-f', '${Status}', 'libiterator-util-perl'], kind short, sout pipe, serr pipe, env []
autopkgtest: DBG: testbed command exited with code 0
autopkgtest: DBG: testbed command ['dpkg', '--status', 'autopkgtest-satdep'], kind short, sout pipe, serr pipe, env []
autopkgtest: DBG: testbed command exited with code 0
autopkgtest: DBG: testbed command ['apt-get', '--simulate', '--quiet', '-o', 'APT::Get::Show-User-Simulation-Note=False', '--auto-remove', 'purge', 'autopkgtest-satdep'], kind short, sout pipe, serr pipe, env []
autopkgtest: DBG: testbed command exited with code 0
autopkgtest: DBG: Marking test dependencies as manually installed: pkg-perl-autopkgtest autodep8 dctrl-tools dh-autoreconf debhelper dh-strip-nondeterminism debugedit dwz po-debconf intltool-debian libfile-stripnondeterminism-perl libarchive-zip-perl libiterator-util-perl libiterator-perl libexception-class-perl libclass-data-inheritable-perl libdebhelper-perl libdevel-stacktrace-perl libdjvulibre21 libdjvulibre-text libegl-dev libglu1-mesa-dev libgl-dev libglx-dev libmpdec2 libsub-override-perl libvulkan-dev libxext-dev libx11-dev libxcb1-dev libxau-dev libxdmcp-dev qt5-qmake qt5-qmake-bin x11proto-core-dev x11proto-dev xorg-sgml-doctools xtrans-dev
autopkgtest: DBG: testbed command ['apt-mark', 'manual', '-qq', 'pkg-perl-autopkgtest', 'autodep8', 'dctrl-tools', 'dh-autoreconf', 'debhelper', 'dh-strip-nondeterminism', 'debugedit', 'dwz', 'po-debconf', 'intltool-debian', 'libfile-stripnondeterminism-perl', 'libarchive-zip-perl', 'libiterator-util-perl', 'libiterator-perl', 'libexception-class-perl', 'libclass-data-inheritable-perl', 'libdebhelper-perl', 'libdevel-stacktrace-perl', 'libdjvulibre21', 'libdjvulibre-text'], kind short, sout raw, serr pipe, env []
autopkgtest: DBG: testbed command exited with code 0
autopkgtest: DBG: testbed command ['apt-mark', 'manual', '-qq', 'libegl-dev', 'libglu1-mesa-dev', 'libgl-dev', 'libglx-dev', 'libmpdec2', 'libsub-override-perl', 'libvulkan-dev', 'libxext-dev', 'libx11-dev', 'libxcb1-dev', 'libxau-dev', 'libxdmcp-dev', 'qt5-qmake', 'qt5-qmake-bin', 'x11proto-core-dev', 'x11proto-dev', 'xorg-sgml-doctools', 'xtrans-dev'], kind short, sout raw, serr pipe, env []
autopkgtest: DBG: testbed command exited with code 0
autopkgtest: DBG: testbed command ['dpkg', '--purge', 'autopkgtest-satdep'], kind short, sout raw, serr raw, env []
(Reading database ... 162321 files and directories currently installed.)
Removing autopkgtest-satdep (0) ...
autopkgtest: DBG: testbed command exited with code 0
autopkgtest: DBG: testbed command ['sh', '-ec', 'command -v dpkg-query'], kind short, sout pipe, serr pipe, env []
autopkgtest: DBG: testbed command exited with code 0
autopkgtest: DBG: testbed command ['sh', '-ec', "dpkg-query --show -f '${Package}\\t${Version}\\n' > /tmp/autopkgtest.iwfdcO/autodep8-perl-build-deps-packages.all"], kind short, sout raw, serr pipe, env []
autopkgtest: DBG: testbed command exited with code 0
autopkgtest: DBG: sending command to testbed: copyup /tmp/autopkgtest.iwfdcO/autodep8-perl-build-deps-packages.all /home/minami/Documents/openkylin-riscv/test/libiterator-util-perl/autodep8-perl-build-deps-packages.all
autopkgtest-virt-qemu: DBG: executing copyup /tmp/autopkgtest.iwfdcO/autodep8-perl-build-deps-packages.all /home/minami/Documents/openkylin-riscv/test/libiterator-util-perl/autodep8-perl-build-deps-packages.all
autopkgtest-virt-qemu: DBG: ['cmdls', "(['/tmp/autopkgtest-qemu.bkbb62so/runcmd', 'sh', '-ec', 'cat </tmp/autopkgtest.iwfdcO/autodep8-perl-build-deps-packages.all'], ['cat'])"]
autopkgtest-virt-qemu: DBG: ['srcstdin', "<_io.BufferedReader name='/dev/null'>", 'deststdout', "<_io.BufferedWriter name='/home/minami/Documents/openkylin-riscv/test/libiterator-util-perl/autodep8-perl-build-deps-packages.all'>", 'devnull_read', <_io.BufferedReader name='/dev/null'>]
autopkgtest-virt-qemu: DBG:  +< /tmp/autopkgtest-qemu.bkbb62so/runcmd sh -ec cat </tmp/autopkgtest.iwfdcO/autodep8-perl-build-deps-packages.all
autopkgtest-virt-qemu: DBG:  +> cat
autopkgtest-virt-qemu: DBG:  +>?
autopkgtest-virt-qemu: DBG:  +<?
autopkgtest: DBG: got reply from testbed: ok
autopkgtest: DBG: testbed command ['test', '-e', '/tmp/autopkgtest.iwfdcO/build.1ra/src'], kind short, sout raw, serr raw, env []
autopkgtest: DBG: testbed command exited with code 0
autopkgtest: DBG: copydown: tb path /tmp/autopkgtest.iwfdcO/build.1ra/src already exists
autopkgtest [17:06:22]: test autodep8-perl-build-deps: /usr/share/pkg-perl-autopkgtest/runner build-deps
autopkgtest [17:06:22]: test autodep8-perl-build-deps: [-----------------------
autopkgtest: DBG: testbed command ['su', '-s', '/bin/bash', 'openkylin', '-c', 'set -e; export USER=`id -nu`; . /etc/profile >/dev/null 2>&1 || true;  . ~/.profile >/dev/null 2>&1 || true; buildtree="/tmp/autopkgtest.iwfdcO/build.1ra/src"; mkdir -p -m 1777 -- "/tmp/autopkgtest.iwfdcO/autodep8-perl-build-deps-artifacts"; export AUTOPKGTEST_ARTIFACTS="/tmp/autopkgtest.iwfdcO/autodep8-perl-build-deps-artifacts"; export ADT_ARTIFACTS="$AUTOPKGTEST_ARTIFACTS"; mkdir -p -m 755 "/tmp/autopkgtest.iwfdcO/autopkgtest_tmp"; export AUTOPKGTEST_TMP="/tmp/autopkgtest.iwfdcO/autopkgtest_tmp"; export ADTTMP="$AUTOPKGTEST_TMP"; export DEBIAN_FRONTEND=noninteractive; export LANG=C.UTF-8; export DEB_BUILD_OPTIONS=parallel=8; unset LANGUAGE LC_CTYPE LC_NUMERIC LC_TIME LC_COLLATE   LC_MONETARY LC_MESSAGES LC_PAPER LC_NAME LC_ADDRESS   LC_TELEPHONE LC_MEASUREMENT LC_IDENTIFICATION LC_ALL;cd "$buildtree"; exec /tmp/autopkgtest.iwfdcO/wrapper.sh --script-pid-file=/tmp/autopkgtest_script_pid --stderr=/tmp/autopkgtest.iwfdcO/autodep8-perl-build-deps-stderr --stdout=/tmp/autopkgtest.iwfdcO/autodep8-perl-build-deps-stdout -- bash -ec \'/usr/share/pkg-perl-autopkgtest/runner build-deps\' ;'], kind test, sout raw, serr raw, env []
t/doc.t ........ 
1..33
ok 1 - $evens created fine
ok 2 - $evens executed fine
ok 3 - $evens returns what I said it would
ok 4 - $squares created fine
ok 5 - $squares created fine
ok 6 - $squares returns what I said it would
ok 7 - $fives created fine
ok 8 - $fives created fine
ok 9 - $fives returns what I said it would
ok 10 - $small created fine
ok 11 - $small executed fine
ok 12 - $small returns what I said it would
ok 13 - $iota5 created fine
ok 14 - $iota5 executed fine
ok 15 - $iota5 returns what I said it would
ok 16 - 1, 2, 3 iterators created fine
ok 17 - $third executed fine
ok 18 - $ithird returns what I said it would
ok 19 - $cdr iterators created fine
ok 20 - $cdr executed fine
ok 21 - $cdr returns what I said it would
ok 22 - $iter iterators created fine
ok 23 - $iter executed fine
ok 24 - $iter returns what I said it would
ok 25 - imesh iterator created fine
ok 26 - imesh executed fine
ok 27 - imesh returns what I said it would
ok 28 - izip iterator created fine
ok 29 - izip executed fine
ok 30 - izip returns what I said it would
ok 31 - iuniq iterator created fine
ok 32 - iuniq executed fine
ok 33 - iuniq returns what I said it would
ok
t/iappend.t .... 
1..2
ok 1 - Created iappend iterator, no errors
ok 2 - iappend returned expected values
ok
t/iarray.t ..... 
1..6
ok 1 - Created iarray iterator, no errors
ok 2 - Executed array iterator, no errors
ok 3 - iarray returned expected values
ok 4 - Created iarray iterator, no errors
ok 5 - Executed array iterator, no errors
ok 6 - iarray returned expected values
ok
t/ihead.t ...... 
1..29
ok 1 - Created ihead iterator, no errors
ok 2 - Executed ihead iterator, no errors
ok 3 - ihead returned expected values
ok 4 - Created ihead iterator, no errors
ok 5 - Executed ihead iterator, no errors
ok 6 - ihead returned expected values
ok 7 - Created ihead iterator, no errors
ok 8 - Executed ihead iterator, no errors
ok 9 - ihead returned expected values
ok 10 - Created ihead iterator, no errors
ok 11 - ihead exception: proper base class
ok 12 - ihead exception: proper specific class
ok 13 - ihead exception formatted properly.
ok 14 - Called ihead, no errors
ok 15 - ihead returned expected values
ok 16 - Iterator advanced correctly
ok 17 - Created ihead iterator, no errors
ok 18 - ihead returned expected values
ok 19 - Iterator advanced correctly
ok 20 - Created ihead iterator, no errors
ok 21 - ihead returned expected values
ok 22 - Iterator advanced correctly
ok 23 - Created ihead iterator, no errors
ok 24 - ihead returned expected values
ok 25 - ihead exhausted the iterator
ok 26 - Created ihead iterator, no errors
ok 27 - ihead exception: proper base class
ok 28 - ihead exception: proper specific class
ok 29 - ihead exception formatted properly.
ok
t/ilist.t ...... 
1..3
ok 1 - Created ilist iterator, no errors
ok 2 - Executed ilist iterator, no errors
ok 3 - ilist returned expected values
ok
t/imap.t ....... 
1..13
ok 1 - Wrong-type; exception thrown
ok 2 - Wrong-type base exception type
ok 3 - Wrong-type specific exception type
ok 4 - Wrong-type exception formatted properly
ok 5 - Normal; no exception thrown
ok 6 - No exception when imapping
ok 7 - imap transformation returned expected result
ok 8 - No exception when imapping.
ok 9 - Square imap returned expected results
ok 10 - Imapped too far; exception thrown
ok 11 - Too-far base exception type
ok 12 - Too-far specific exception type
ok 13 - Too-far exception formatted properly
ok
t/ipairwise.t .. 
1..2
ok 1 - Created ipairwise iterator, no errors
ok 2 - ipairwise returned expected values
ok
t/irange.t ..... 
1..42
ok 1 - Created one-arg iterator; no exception
ok 2 - Looped over one-arg iterator; no exception
ok 3 - One-arg iterator gave expected values
ok 4 - Created two-arg iterator; no exception
ok 5 - Invoked two-arg iterator until exhausted
ok 6 - Two-arg iterator returned expected results
ok 7 - Created two-arg iterator; no exception
ok 8 - Invoked two-arg iterator until exhausted
ok 9 - Two-arg iterator returned expected results
ok 10 - Created two-arg iterator; no exception
ok 11 - Invoked two-arg iterator until exhausted
ok 12 - Two-arg iterator returned expected results
ok 13 - Created three-arg iterator; no exception
ok 14 - Invoked three-arg iterator until exhausted
ok 15 - Three-arg iterator returned expected results
ok 16 - Created three-arg iterator; no exception
ok 17 - Invoked three-arg iterator until exhausted
ok 18 - Three-arg iterator returned expected results
ok 19 - Created three-arg iterator; no exception
ok 20 - Invoked three-arg iterator until exhausted
ok 21 - Three-arg iterator returned expected results
ok 22 - Created three-arg iterator; no exception
ok 23 - Invoked three-arg iterator until exhausted
ok 24 - Three-arg iterator returned expected results
ok 25 - Created three-arg iterator; no exception
ok 26 - Invoked three-arg iterator until exhausted
ok 27 - Three-arg iterator returned expected results
ok 28 - Created three-arg iterator; no exception
ok 29 - Invoked three-arg iterator until exhausted
ok 30 - Three-arg iterator returned expected results
ok 31 - Created three-arg iterator; no exception
ok 32 - Invoked three-arg (zero) iterator for a while
ok 33 - Three-arg iterator returned expected results
ok 34 - Created three-arg iterator; no exception
ok 35 - Invoked three-arg terator until exhausted
ok 36 - Three-arg iterator returned expected results
ok 37 - Created three-arg iterator; no exception
ok 38 - Invoked three-arg terator until exhausted
ok 39 - Three-arg iterator returned expected results
ok 40 - Created three-arg iterator; no exception
ok 41 - Invoked three-arg terator until exhausted
ok 42 - Three-arg iterator returned expected results
ok
t/iskip.t ...... 
1..4
ok 1 - Created iskip iterator, no errors
ok 2 - iskip returned expected values.
ok 3 - Created iskip_until iterator, no errors
ok 4 - iskip_until returned expected values.
ok
All tests successful.
Files=9, Tests=134, 13 wallclock secs ( 0.63 usr  0.23 sys + 10.22 cusr  2.73 csys = 13.81 CPU)
Result: PASS
autopkgtest: DBG: testbed command exited with code 0
autopkgtest [17:06:45]: test autodep8-perl-build-deps: -----------------------]
autopkgtest: DBG: testbed executing test finished with exit status 0
autopkgtest: DBG: sending command to testbed: copyup /tmp/autopkgtest.iwfdcO/autodep8-perl-build-deps-stdout /home/minami/Documents/openkylin-riscv/test/libiterator-util-perl/autodep8-perl-build-deps-stdout
autopkgtest-virt-qemu: DBG: executing copyup /tmp/autopkgtest.iwfdcO/autodep8-perl-build-deps-stdout /home/minami/Documents/openkylin-riscv/test/libiterator-util-perl/autodep8-perl-build-deps-stdout
autopkgtest-virt-qemu: DBG: ['cmdls', "(['/tmp/autopkgtest-qemu.bkbb62so/runcmd', 'sh', '-ec', 'cat </tmp/autopkgtest.iwfdcO/autodep8-perl-build-deps-stdout'], ['cat'])"]
autopkgtest-virt-qemu: DBG: ['srcstdin', "<_io.BufferedReader name='/dev/null'>", 'deststdout', "<_io.BufferedWriter name='/home/minami/Documents/openkylin-riscv/test/libiterator-util-perl/autodep8-perl-build-deps-stdout'>", 'devnull_read', <_io.BufferedReader name='/dev/null'>]
autopkgtest-virt-qemu: DBG:  +< /tmp/autopkgtest-qemu.bkbb62so/runcmd sh -ec cat </tmp/autopkgtest.iwfdcO/autodep8-perl-build-deps-stdout
autopkgtest-virt-qemu: DBG:  +> cat
autopkgtest-virt-qemu: DBG:  +>?
autopkgtest-virt-qemu: DBG:  +<?
autopkgtest: DBG: got reply from testbed: ok
autopkgtest: DBG: sending command to testbed: copyup /tmp/autopkgtest.iwfdcO/autodep8-perl-build-deps-stderr /home/minami/Documents/openkylin-riscv/test/libiterator-util-perl/autodep8-perl-build-deps-stderr
autopkgtest-virt-qemu: DBG: executing copyup /tmp/autopkgtest.iwfdcO/autodep8-perl-build-deps-stderr /home/minami/Documents/openkylin-riscv/test/libiterator-util-perl/autodep8-perl-build-deps-stderr
autopkgtest-virt-qemu: DBG: ['cmdls', "(['/tmp/autopkgtest-qemu.bkbb62so/runcmd', 'sh', '-ec', 'cat </tmp/autopkgtest.iwfdcO/autodep8-perl-build-deps-stderr'], ['cat'])"]
autopkgtest-virt-qemu: DBG: ['srcstdin', "<_io.BufferedReader name='/dev/null'>", 'deststdout', "<_io.BufferedWriter name='/home/minami/Documents/openkylin-riscv/test/libiterator-util-perl/autodep8-perl-build-deps-stderr'>", 'devnull_read', <_io.BufferedReader name='/dev/null'>]
autopkgtest-virt-qemu: DBG:  +< /tmp/autopkgtest-qemu.bkbb62so/runcmd sh -ec cat </tmp/autopkgtest.iwfdcO/autodep8-perl-build-deps-stderr
autopkgtest-virt-qemu: DBG:  +> cat
autopkgtest-virt-qemu: DBG:  +>?
autopkgtest-virt-qemu: DBG:  +<?
autopkgtest: DBG: got reply from testbed: ok
autopkgtest [17:06:47]: test autodep8-perl-build-deps:  - - - - - - - - - - results - - - - - - - - - -
autodep8-perl-build-deps PASS
autopkgtest: DBG: sending command to testbed: copyup /tmp/autopkgtest.iwfdcO/autodep8-perl-build-deps-artifacts/ /home/minami/Documents/openkylin-riscv/test/libiterator-util-perl/artifacts/
autopkgtest-virt-qemu: DBG: executing copyup /tmp/autopkgtest.iwfdcO/autodep8-perl-build-deps-artifacts/ /home/minami/Documents/openkylin-riscv/test/libiterator-util-perl/artifacts/
autopkgtest-virt-qemu: DBG: ['cmdls', "(['/tmp/autopkgtest-qemu.bkbb62so/runcmd', 'sh', '-ec', 'cd /tmp/autopkgtest.iwfdcO/autodep8-perl-build-deps-artifacts/; tar --warning=none -c . -f -'], ['tar', '--directory', '/home/minami/Documents/openkylin-riscv/test/libiterator-util-perl/artifacts/', '--warning=none', '--preserve-permissions', '--extract', '--no-same-owner', '-f', '-'])"]
autopkgtest-virt-qemu: DBG: ['srcstdin', "<_io.BufferedReader name='/dev/null'>", 'deststdout', "<_io.BufferedReader name='/dev/null'>", 'devnull_read', <_io.BufferedReader name='/dev/null'>]
autopkgtest-virt-qemu: DBG:  +< /tmp/autopkgtest-qemu.bkbb62so/runcmd sh -ec cd /tmp/autopkgtest.iwfdcO/autodep8-perl-build-deps-artifacts/; tar --warning=none -c . -f -
autopkgtest-virt-qemu: DBG:  +> tar --directory /home/minami/Documents/openkylin-riscv/test/libiterator-util-perl/artifacts/ --warning=none --preserve-permissions --extract --no-same-owner -f -
autopkgtest-virt-qemu: DBG:  +>?
autopkgtest-virt-qemu: DBG:  +<?
autopkgtest: DBG: got reply from testbed: ok
autopkgtest: DBG: testbed command ['rm', '-rf', '/tmp/autopkgtest.iwfdcO/autodep8-perl-build-deps-artifacts', '/tmp/autopkgtest.iwfdcO/autopkgtest_tmp'], kind short, sout raw, serr pipe, env []
autopkgtest: DBG: testbed command exited with code 0
autopkgtest [17:06:48]: test autodep8-perl: preparing testbed
autopkgtest: DBG: testbed reset: modified=False, deps_installed=['libiterator-util-perl', 'debhelper-compat (= 13)', 'libexception-class-perl', 'libiterator-perl', 'perl', 'build-essential', 'pkg-perl-autopkgtest'], deps_new=['libiterator-util-perl', 'pkg-perl-autopkgtest']
autopkgtest: DBG: testbed reset
autopkgtest: DBG: sending command to testbed: revert
autopkgtest-virt-qemu: DBG: executing revert
autopkgtest-virt-qemu: DBG: execute-timeout: /tmp/autopkgtest-qemu.bkbb62so/runcmd rm -rf -- /tmp/autopkgtest.iwfdcO
qemu-system-riscv64: terminating on signal 15 from pid 4059198 (/usr/bin/python3)
autopkgtest-virt-qemu: DBG: find_free_port: trying 10022
autopkgtest-virt-qemu: DBG: find_free_port: 10022 is free
autopkgtest-virt-qemu: DBG: autopkgtest does not know how to boot this machine, hopefully nothing special needs to be done?
autopkgtest-virt-qemu: DBG: qemu architecture: riscv64
autopkgtest-virt-qemu: DBG: qemu command: qemu-system-riscv64
autopkgtest-virt-qemu: DBG: execute-timeout: qemu-img info --output=json /home/minami/Documents/openkylin-riscv/testing.qcow2
autopkgtest-virt-qemu: DBG: Creating temporary overlay image in /tmp/autopkgtest-qemu.cmsc11fg/overlay.img
autopkgtest-virt-qemu: DBG: execute-timeout: qemu-img create -f qcow2 -F qcow2 -b /home/minami/Documents/openkylin-riscv/testing.qcow2 /tmp/autopkgtest-qemu.cmsc11fg/overlay.img
autopkgtest-virt-qemu: DBG: Forwarding local port 10022 to VM ssh port 22
autopkgtest-virt-qemu: DBG: Assuming nothing special needs to be done to set up firmware to boot this machine (boot method: none)
autopkgtest-virt-qemu: DBG: full qemu command-line: ['qemu-system-riscv64', '-m', '8192', '-smp', '8', '-nographic', '-device', 'virtio-net-device,netdev=usernet', '-netdev', 'user,id=usernet,hostfwd=tcp:127.0.0.1:10022-:22', '-object', 'rng-random,filename=/dev/urandom,id=rng0', '-device', 'virtio-rng-pci,rng=rng0,id=rng-device0', '-monitor', 'unix:/tmp/autopkgtest-qemu.cmsc11fg/monitor,server=on,wait=off', '-virtfs', 'local,id=autopkgtest,path=/tmp/autopkgtest-qemu.cmsc11fg/shared,security_model=none,mount_tag=autopkgtest', '-device', 'virtio-serial', '-chardev', 'socket,path=/tmp/autopkgtest-qemu.cmsc11fg/hvc0,server=on,wait=off,id=hvc0', '-device', 'virtconsole,chardev=hvc0', '-chardev', 'socket,path=/tmp/autopkgtest-qemu.cmsc11fg/hvc1,server=on,wait=off,id=hvc1', '-device', 'virtconsole,chardev=hvc1', '-serial', 'unix:/tmp/autopkgtest-qemu.cmsc11fg/ttyS0,server=on,wait=off', '-drive', 'index=0,file=/tmp/autopkgtest-qemu.cmsc11fg/overlay.img,format=qcow2,cache=unsafe,if=virtio,discard=unmap', '-machine', 'virt', '-kernel', '/home/minami/Documents/ukylin/u-boot.bin']
autopkgtest-virt-qemu: DBG: expect: b' login: '
autopkgtest-virt-qemu: DBG: expect: found "'login prompt on serial console'"
autopkgtest-virt-qemu: DBG: expect: b'ok'
autopkgtest-virt-qemu: DBG: expect: found "b'ok'"
autopkgtest-virt-qemu: DBG: setup_shell(): there already is a shell on hvc1
qemu-system-riscv64: warning: 9p: degraded performance: a reasonable high msize should be chosen on client/guest side (chosen msize is <= 8192). See https://wiki.qemu.org/Documentation/9psetup#msize for details.
autopkgtest-virt-qemu: DBG: expect: b'4412b73e-8f4b-4cfa-a6fc-8893c50f579d[1]'
autopkgtest-virt-qemu: DBG: expect: found "b'4412b73e-8f4b-4cfa-a6fc-8893c50f579d[1]'"
autopkgtest-virt-qemu: DBG: expect: b'4412b73e-8f4b-4cfa-a6fc-8893c50f579d[2]'
autopkgtest-virt-qemu: DBG: expect: found "b'4412b73e-8f4b-4cfa-a6fc-8893c50f579d[2]'"
autopkgtest-virt-qemu: DBG: expect: b'4412b73e-8f4b-4cfa-a6fc-8893c50f579d[3]'
autopkgtest-virt-qemu: DBG: expect: found "b'4412b73e-8f4b-4cfa-a6fc-8893c50f579d[3]'"
autopkgtest-virt-qemu: DBG: expect: b'/python'
autopkgtest-virt-qemu: DBG: expect: found "b'/python'"
autopkgtest-virt-qemu: DBG: expect: b'# '
autopkgtest-virt-qemu: DBG: expect: found "b'# '"
autopkgtest-virt-qemu: DBG: expect: b'4412b73e-8f4b-4cfa-a6fc-8893c50f579d[4]'
autopkgtest-virt-qemu: DBG: expect: found "b'4412b73e-8f4b-4cfa-a6fc-8893c50f579d[4]'"
autopkgtest-virt-qemu: DBG: execute-timeout: /tmp/autopkgtest-qemu.cmsc11fg/runcmd true
autopkgtest-virt-qemu: DBG: can connect to autopkgtest sh in VM
autopkgtest-virt-qemu: DBG: expect: b'4412b73e-8f4b-4cfa-a6fc-8893c50f579d[5]'
autopkgtest-virt-qemu: DBG: expect: found "b'4412b73e-8f4b-4cfa-a6fc-8893c50f579d[5]'"
autopkgtest-virt-qemu: DBG: determine_normal_user: got user "openkylin"
autopkgtest-virt-qemu: DBG: execute-timeout: /tmp/autopkgtest-qemu.cmsc11fg/runcmd mkdir --mode=1777 --parents /tmp/autopkgtest.iwfdcO
autopkgtest-virt-qemu: DBG: auxverb = ['/tmp/autopkgtest-qemu.cmsc11fg/runcmd'], downtmp = /tmp/autopkgtest.iwfdcO
autopkgtest: DBG: got reply from testbed: ok /tmp/autopkgtest.iwfdcO
autopkgtest: DBG: sending command to testbed: print-execute-command
autopkgtest-virt-qemu: DBG: executing print-execute-command
autopkgtest: DBG: got reply from testbed: ok /tmp/autopkgtest-qemu.cmsc11fg/runcmd
autopkgtest: DBG: sending command to testbed: capabilities
autopkgtest-virt-qemu: DBG: executing capabilities
autopkgtest: DBG: got reply from testbed: ok isolation-machine reboot revert revert-full-system root-on-testbed suggested-normal-user=openkylin
autopkgtest: DBG: testbed capabilities: ['isolation-machine', 'reboot', 'revert', 'revert-full-system', 'root-on-testbed', 'suggested-normal-user=openkylin', 'has_internet']
autopkgtest: DBG: testbed command ['mkdir', '-p', '/tmp/autopkgtest.iwfdcO'], kind short, sout raw, serr pipe, env []
autopkgtest: DBG: testbed command exited with code 0
autopkgtest: DBG: sending command to testbed: copydown /usr/share/autopkgtest/lib/in-testbed/wrapper.sh /tmp/autopkgtest.iwfdcO/wrapper.sh
autopkgtest-virt-qemu: DBG: executing copydown /usr/share/autopkgtest/lib/in-testbed/wrapper.sh /tmp/autopkgtest.iwfdcO/wrapper.sh
autopkgtest-virt-qemu: DBG: ['cmdls', "(['cat'], ['/tmp/autopkgtest-qemu.cmsc11fg/runcmd', 'sh', '-ec', 'cat >/tmp/autopkgtest.iwfdcO/wrapper.sh; chmod +x -- /tmp/autopkgtest.iwfdcO/wrapper.sh'])"]
autopkgtest-virt-qemu: DBG: ['srcstdin', "<_io.BufferedReader name='/usr/share/autopkgtest/lib/in-testbed/wrapper.sh'>", 'deststdout', "<_io.BufferedReader name='/dev/null'>", 'devnull_read', <_io.BufferedReader name='/dev/null'>]
autopkgtest-virt-qemu: DBG:  +< cat
autopkgtest-virt-qemu: DBG:  +> /tmp/autopkgtest-qemu.cmsc11fg/runcmd sh -ec cat >/tmp/autopkgtest.iwfdcO/wrapper.sh; chmod +x -- /tmp/autopkgtest.iwfdcO/wrapper.sh
autopkgtest-virt-qemu: DBG:  +>?
autopkgtest-virt-qemu: DBG:  +<?
autopkgtest: DBG: got reply from testbed: ok
autopkgtest: DBG: testbed command ['chmod', '-R', '0755', '--', '/tmp/autopkgtest.iwfdcO/wrapper.sh'], kind short, sout raw, serr pipe, env []
autopkgtest: DBG: testbed command exited with code 0
autopkgtest: DBG: testbed command ['dpkg', '--print-architecture'], kind short, sout pipe, serr pipe, env []
autopkgtest: DBG: testbed command exited with code 0
autopkgtest [17:07:42]: testbed dpkg architecture: riscv64
autopkgtest: DBG: testbed command ['sh', '-ec', 'command -v eatmydata'], kind short, sout pipe, serr pipe, env []
autopkgtest: DBG: testbed command exited with code 127
autopkgtest: DBG: testbed command ['sh', '-ec', 'command -v dpkg-query'], kind short, sout pipe, serr pipe, env []
autopkgtest: DBG: testbed command exited with code 0
autopkgtest: DBG: testbed command ['sh', '-ec', "dpkg-query --show -f '${Package}\\t${Version}\\n' > /tmp/autopkgtest.iwfdcO/testbed-packages"], kind short, sout raw, serr pipe, env []
autopkgtest: DBG: testbed command exited with code 0
autopkgtest: DBG: sending command to testbed: copyup /tmp/autopkgtest.iwfdcO/testbed-packages /home/minami/Documents/openkylin-riscv/test/libiterator-util-perl/testbed-packages
autopkgtest-virt-qemu: DBG: executing copyup /tmp/autopkgtest.iwfdcO/testbed-packages /home/minami/Documents/openkylin-riscv/test/libiterator-util-perl/testbed-packages
autopkgtest-virt-qemu: DBG: ['cmdls', "(['/tmp/autopkgtest-qemu.cmsc11fg/runcmd', 'sh', '-ec', 'cat </tmp/autopkgtest.iwfdcO/testbed-packages'], ['cat'])"]
autopkgtest-virt-qemu: DBG: ['srcstdin', "<_io.BufferedReader name='/dev/null'>", 'deststdout', "<_io.BufferedWriter name='/home/minami/Documents/openkylin-riscv/test/libiterator-util-perl/testbed-packages'>", 'devnull_read', <_io.BufferedReader name='/dev/null'>]
autopkgtest-virt-qemu: DBG:  +< /tmp/autopkgtest-qemu.cmsc11fg/runcmd sh -ec cat </tmp/autopkgtest.iwfdcO/testbed-packages
autopkgtest-virt-qemu: DBG:  +> cat
autopkgtest-virt-qemu: DBG:  +>?
autopkgtest-virt-qemu: DBG:  +<?
autopkgtest: DBG: got reply from testbed: ok
autopkgtest: DBG: testbed supports reboot, creating /tmp/autopkgtest-reboot
autopkgtest: DBG: testbed command ['mkdir', '-p', '/tmp/autopkgtest.iwfdcO'], kind short, sout raw, serr pipe, env []
autopkgtest: DBG: testbed command exited with code 0
autopkgtest: DBG: sending command to testbed: copydown /usr/share/autopkgtest/lib/in-testbed/reboot.sh /tmp/autopkgtest.iwfdcO/autopkgtest-reboot
autopkgtest-virt-qemu: DBG: executing copydown /usr/share/autopkgtest/lib/in-testbed/reboot.sh /tmp/autopkgtest.iwfdcO/autopkgtest-reboot
autopkgtest-virt-qemu: DBG: ['cmdls', "(['cat'], ['/tmp/autopkgtest-qemu.cmsc11fg/runcmd', 'sh', '-ec', 'cat >/tmp/autopkgtest.iwfdcO/autopkgtest-reboot; chmod +x -- /tmp/autopkgtest.iwfdcO/autopkgtest-reboot'])"]
autopkgtest-virt-qemu: DBG: ['srcstdin', "<_io.BufferedReader name='/usr/share/autopkgtest/lib/in-testbed/reboot.sh'>", 'deststdout', "<_io.BufferedReader name='/dev/null'>", 'devnull_read', <_io.BufferedReader name='/dev/null'>]
autopkgtest-virt-qemu: DBG:  +< cat
autopkgtest-virt-qemu: DBG:  +> /tmp/autopkgtest-qemu.cmsc11fg/runcmd sh -ec cat >/tmp/autopkgtest.iwfdcO/autopkgtest-reboot; chmod +x -- /tmp/autopkgtest.iwfdcO/autopkgtest-reboot
autopkgtest-virt-qemu: DBG:  +>?
autopkgtest-virt-qemu: DBG:  +<?
autopkgtest: DBG: got reply from testbed: ok
autopkgtest: DBG: testbed command ['chmod', '-R', '0755', '--', '/tmp/autopkgtest.iwfdcO/autopkgtest-reboot'], kind short, sout raw, serr pipe, env []
autopkgtest: DBG: testbed command exited with code 0
autopkgtest: DBG: testbed command ['ln', '-fns', '/tmp/autopkgtest.iwfdcO/autopkgtest-reboot', '/tmp/autopkgtest-reboot'], kind short, sout raw, serr pipe, env []
autopkgtest: DBG: testbed command exited with code 0
autopkgtest: DBG: testbed command ['ln', '-fns', '/tmp/autopkgtest.iwfdcO/autopkgtest-reboot', '/sbin/autopkgtest-reboot'], kind short, sout raw, serr pipe, env []
autopkgtest: DBG: testbed command exited with code 0
autopkgtest: DBG: testbed command ['mkdir', '-p', '/tmp/autopkgtest.iwfdcO'], kind short, sout raw, serr pipe, env []
autopkgtest: DBG: testbed command exited with code 0
autopkgtest: DBG: sending command to testbed: copydown /usr/share/autopkgtest/lib/in-testbed/reboot-prepare.sh /tmp/autopkgtest.iwfdcO/autopkgtest-reboot-prepare
autopkgtest-virt-qemu: DBG: executing copydown /usr/share/autopkgtest/lib/in-testbed/reboot-prepare.sh /tmp/autopkgtest.iwfdcO/autopkgtest-reboot-prepare
autopkgtest-virt-qemu: DBG: ['cmdls', "(['cat'], ['/tmp/autopkgtest-qemu.cmsc11fg/runcmd', 'sh', '-ec', 'cat >/tmp/autopkgtest.iwfdcO/autopkgtest-reboot-prepare; chmod +x -- /tmp/autopkgtest.iwfdcO/autopkgtest-reboot-prepare'])"]
autopkgtest-virt-qemu: DBG: ['srcstdin', "<_io.BufferedReader name='/usr/share/autopkgtest/lib/in-testbed/reboot-prepare.sh'>", 'deststdout', "<_io.BufferedReader name='/dev/null'>", 'devnull_read', <_io.BufferedReader name='/dev/null'>]
autopkgtest-virt-qemu: DBG:  +< cat
autopkgtest-virt-qemu: DBG:  +> /tmp/autopkgtest-qemu.cmsc11fg/runcmd sh -ec cat >/tmp/autopkgtest.iwfdcO/autopkgtest-reboot-prepare; chmod +x -- /tmp/autopkgtest.iwfdcO/autopkgtest-reboot-prepare
autopkgtest-virt-qemu: DBG:  +>?
autopkgtest-virt-qemu: DBG:  +<?
autopkgtest: DBG: got reply from testbed: ok
autopkgtest: DBG: testbed command ['chmod', '-R', '0755', '--', '/tmp/autopkgtest.iwfdcO/autopkgtest-reboot-prepare'], kind short, sout raw, serr pipe, env []
autopkgtest: DBG: testbed command exited with code 0
autopkgtest: DBG: testbed command ['ln', '-fns', '/tmp/autopkgtest.iwfdcO/autopkgtest-reboot-prepare', '/tmp/autopkgtest-reboot-prepare'], kind short, sout raw, serr pipe, env []
autopkgtest: DBG: testbed command exited with code 0
autopkgtest: DBG: testbed command ['uname', '-srv'], kind short, sout pipe, serr pipe, env []
autopkgtest: DBG: testbed command exited with code 0
autopkgtest: DBG: Binaries: no registered binaries, not publishing anything
autopkgtest: DBG: install_deps: deps_new=['libiterator-util-perl', 'pkg-perl-autopkgtest']
autopkgtest: DBG: install-deps: satisfying libiterator-util-perl, pkg-perl-autopkgtest
autopkgtest: DBG: install-deps: architecture resolved: libiterator-util-perl, pkg-perl-autopkgtest
autopkgtest: DBG: testbed command ['test', '-w', '/var/lib/dpkg/status'], kind short, sout raw, serr raw, env []
autopkgtest: DBG: testbed command exited with code 0
autopkgtest: DBG: can use apt-get on testbed: True
autopkgtest: DBG: testbed command ['mkdir', '-p', '/tmp/autopkgtest.iwfdcO'], kind short, sout raw, serr pipe, env []
autopkgtest: DBG: testbed command exited with code 0
autopkgtest: DBG: sending command to testbed: copydown /home/minami/Documents/openkylin-riscv/test/libiterator-util-perl/2-autopkgtest-satdep.deb /tmp/autopkgtest.iwfdcO/2-autopkgtest-satdep.deb
autopkgtest-virt-qemu: DBG: executing copydown /home/minami/Documents/openkylin-riscv/test/libiterator-util-perl/2-autopkgtest-satdep.deb /tmp/autopkgtest.iwfdcO/2-autopkgtest-satdep.deb
autopkgtest-virt-qemu: DBG: ['cmdls', "(['cat'], ['/tmp/autopkgtest-qemu.cmsc11fg/runcmd', 'sh', '-ec', 'cat >/tmp/autopkgtest.iwfdcO/2-autopkgtest-satdep.deb'])"]
autopkgtest-virt-qemu: DBG: ['srcstdin', "<_io.BufferedReader name='/home/minami/Documents/openkylin-riscv/test/libiterator-util-perl/2-autopkgtest-satdep.deb'>", 'deststdout', "<_io.BufferedReader name='/dev/null'>", 'devnull_read', <_io.BufferedReader name='/dev/null'>]
autopkgtest-virt-qemu: DBG:  +< cat
autopkgtest-virt-qemu: DBG:  +> /tmp/autopkgtest-qemu.cmsc11fg/runcmd sh -ec cat >/tmp/autopkgtest.iwfdcO/2-autopkgtest-satdep.deb
autopkgtest-virt-qemu: DBG:  +>?
autopkgtest-virt-qemu: DBG:  +<?
autopkgtest: DBG: got reply from testbed: ok
autopkgtest: DBG: testbed command ['chown', '-R', 'openkylin', '--', '/tmp/autopkgtest.iwfdcO/2-autopkgtest-satdep.deb'], kind short, sout raw, serr pipe, env []
autopkgtest: DBG: testbed command exited with code 0
autopkgtest: DBG: testbed command ['dpkg', '--unpack', '/tmp/autopkgtest.iwfdcO/2-autopkgtest-satdep.deb'], kind short, sout pipe, serr pipe, env []
autopkgtest: DBG: testbed command exited with code 0
autopkgtest: DBG: testbed command ['/bin/sh', '-ec', ' apt-get install --assume-yes --fix-broken -o APT::Status-Fd=3 -o APT::Install-Recommends=false -o Dpkg::Options::=--force-confnew -o Debug::pkgProblemResolver=true 3>&2 2>&1'], kind install, sout raw, serr pipe, env ['DEBIAN_FRONTEND=noninteractive', 'APT_LISTBUGS_FRONTEND=none', 'APT_LISTCHANGES_FRONTEND=none']
Reading package lists...
Building dependency tree...
Reading state information...
Correcting dependencies...Starting pkgProblemResolver with broken count: 0
Starting 2 pkgProblemResolver with broken count: 0
Done
 Done
Starting pkgProblemResolver with broken count: 0
Starting 2 pkgProblemResolver with broken count: 0
Done
The following packages were automatically installed and are no longer required:
  libdjvulibre-text libdjvulibre21 libegl-dev libgl-dev libglu1-mesa-dev
  libglx-dev libmpdec2 libvulkan-dev libx11-dev libxau-dev libxcb1-dev
  libxdmcp-dev libxext-dev qt5-qmake qt5-qmake-bin x11proto-core-dev
  x11proto-dev xorg-sgml-doctools xtrans-dev
Use 'apt autoremove' to remove them.
The following additional packages will be installed:
  autodep8 dctrl-tools libclass-data-inheritable-perl libdevel-stacktrace-perl
  libexception-class-perl libiterator-perl libiterator-util-perl
  pkg-perl-autopkgtest
Suggested packages:
  debtags
The following NEW packages will be installed:
  autodep8 dctrl-tools libclass-data-inheritable-perl libdevel-stacktrace-perl
  libexception-class-perl libiterator-perl libiterator-util-perl
  pkg-perl-autopkgtest
0 upgraded, 8 newly installed, 0 to remove and 18 not upgraded.
1 not fully installed or removed.
Need to get 168 kB of archives.
After this operation, 598 kB of additional disk space will be used.
Get:1 http://ppa.build.openkylin.top/kylinsoft/anything/openkylin yangtze/main riscv64 libdevel-stacktrace-perl all 2.0400-ok1 [21.8 kB]
Get:2 http://archive.build.openkylin.top/openkylin yangtze/main riscv64 libclass-data-inheritable-perl all 0.09-ok2 [6,800 B]
Get:3 http://ppa.build.openkylin.top/kylinsoft/anything/openkylin yangtze/main riscv64 autodep8 all 0.22-ok1 [10.1 kB]
Get:4 http://ppa.build.openkylin.top/kylinsoft/anything/openkylin yangtze/main riscv64 pkg-perl-autopkgtest all 0.59-ok1 [8,208 B]
Get:5 http://archive.build.openkylin.top/openkylin yangtze/main riscv64 libexception-class-perl all 1.45-ok1 [33.3 kB]
Get:6 http://archive.build.openkylin.top/openkylin yangtze/main riscv64 libiterator-perl all 0.03-ok1 [18.6 kB]
Get:7 http://archive.build.openkylin.top/openkylin yangtze/main riscv64 libiterator-util-perl all 0.02-ok1 [13.8 kB]
Get:8 http://archive.build.openkylin.top/openkylin yangtze/main riscv64 dctrl-tools riscv64 2.24-ok1 [55.6 kB]
Fetched 168 kB in 1s (249 kB/s)
Selecting previously unselected package libclass-data-inheritable-perl.
(Reading database ... (Reading database ... 5%(Reading database ... 10%(Reading database ... 15%(Reading database ... 20%(Reading database ... 25%(Reading database ... 30%(Reading database ... 35%(Reading database ... 40%(Reading database ... 45%(Reading database ... 50%(Reading database ... 55%(Reading database ... 60%(Reading database ... 65%(Reading database ... 70%(Reading database ... 75%(Reading database ... 80%(Reading database ... 85%(Reading database ... 90%(Reading database ... 95%(Reading database ... 100%(Reading database ... 161111 files and directories currently installed.)
Preparing to unpack .../0-libclass-data-inheritable-perl_0.09-ok2_all.deb ...
Unpacking libclass-data-inheritable-perl (0.09-ok2) ...
Selecting previously unselected package libdevel-stacktrace-perl.
Preparing to unpack .../1-libdevel-stacktrace-perl_2.0400-ok1_all.deb ...
Unpacking libdevel-stacktrace-perl (2.0400-ok1) ...
Selecting previously unselected package libexception-class-perl.
Preparing to unpack .../2-libexception-class-perl_1.45-ok1_all.deb ...
Unpacking libexception-class-perl (1.45-ok1) ...
Selecting previously unselected package libiterator-perl.
Preparing to unpack .../3-libiterator-perl_0.03-ok1_all.deb ...
Unpacking libiterator-perl (0.03-ok1) ...
Selecting previously unselected package libiterator-util-perl.
Preparing to unpack .../4-libiterator-util-perl_0.02-ok1_all.deb ...
Unpacking libiterator-util-perl (0.02-ok1) ...
Selecting previously unselected package dctrl-tools.
Preparing to unpack .../5-dctrl-tools_2.24-ok1_riscv64.deb ...
Unpacking dctrl-tools (2.24-ok1) ...
Selecting previously unselected package autodep8.
Preparing to unpack .../6-autodep8_0.22-ok1_all.deb ...
Unpacking autodep8 (0.22-ok1) ...
Selecting previously unselected package pkg-perl-autopkgtest.
Preparing to unpack .../7-pkg-perl-autopkgtest_0.59-ok1_all.deb ...
Unpacking pkg-perl-autopkgtest (0.59-ok1) ...
Setting up libclass-data-inheritable-perl (0.09-ok2) ...
Setting up libdevel-stacktrace-perl (2.0400-ok1) ...
Setting up dctrl-tools (2.24-ok1) ...
Setting up autodep8 (0.22-ok1) ...
Setting up libexception-class-perl (1.45-ok1) ...
Setting up pkg-perl-autopkgtest (0.59-ok1) ...
Setting up libiterator-perl (0.03-ok1) ...
Setting up libiterator-util-perl (0.02-ok1) ...
Setting up autopkgtest-satdep (0) ...
Processing triggers for man-db (2.9.1-ok3) ...
autopkgtest: DBG: testbed command exited with code 0
autopkgtest: DBG: testbed command ['dpkg-query', '--show', '-f', '${Status}', 'libiterator-util-perl'], kind short, sout pipe, serr pipe, env []
autopkgtest: DBG: testbed command exited with code 0
autopkgtest: DBG: testbed command ['dpkg', '--status', 'autopkgtest-satdep'], kind short, sout pipe, serr pipe, env []
autopkgtest: DBG: testbed command exited with code 0
autopkgtest: DBG: testbed command ['apt-get', '--simulate', '--quiet', '-o', 'APT::Get::Show-User-Simulation-Note=False', '--auto-remove', 'purge', 'autopkgtest-satdep'], kind short, sout pipe, serr pipe, env []
autopkgtest: DBG: testbed command exited with code 0
autopkgtest: DBG: Marking test dependencies as manually installed: pkg-perl-autopkgtest autodep8 dctrl-tools libiterator-util-perl libiterator-perl libexception-class-perl libclass-data-inheritable-perl libdevel-stacktrace-perl libdjvulibre21 libdjvulibre-text libegl-dev libglu1-mesa-dev libgl-dev libglx-dev libmpdec2 libvulkan-dev libxext-dev libx11-dev libxcb1-dev libxau-dev libxdmcp-dev qt5-qmake qt5-qmake-bin x11proto-core-dev x11proto-dev xorg-sgml-doctools xtrans-dev
autopkgtest: DBG: testbed command ['apt-mark', 'manual', '-qq', 'pkg-perl-autopkgtest', 'autodep8', 'dctrl-tools', 'libiterator-util-perl', 'libiterator-perl', 'libexception-class-perl', 'libclass-data-inheritable-perl', 'libdevel-stacktrace-perl', 'libdjvulibre21', 'libdjvulibre-text', 'libegl-dev', 'libglu1-mesa-dev', 'libgl-dev', 'libglx-dev', 'libmpdec2', 'libvulkan-dev', 'libxext-dev', 'libx11-dev', 'libxcb1-dev', 'libxau-dev'], kind short, sout raw, serr pipe, env []
autopkgtest: DBG: testbed command exited with code 0
autopkgtest: DBG: testbed command ['apt-mark', 'manual', '-qq', 'libxdmcp-dev', 'qt5-qmake', 'qt5-qmake-bin', 'x11proto-core-dev', 'x11proto-dev', 'xorg-sgml-doctools', 'xtrans-dev'], kind short, sout raw, serr pipe, env []
autopkgtest: DBG: testbed command exited with code 0
autopkgtest: DBG: testbed command ['dpkg', '--purge', 'autopkgtest-satdep'], kind short, sout raw, serr raw, env []
(Reading database ... 161231 files and directories currently installed.)
Removing autopkgtest-satdep (0) ...
autopkgtest: DBG: testbed command exited with code 0
autopkgtest: DBG: testbed command ['sh', '-ec', 'command -v dpkg-query'], kind short, sout pipe, serr pipe, env []
autopkgtest: DBG: testbed command exited with code 0
autopkgtest: DBG: testbed command ['sh', '-ec', "dpkg-query --show -f '${Package}\\t${Version}\\n' > /tmp/autopkgtest.iwfdcO/autodep8-perl-packages.all"], kind short, sout raw, serr pipe, env []
autopkgtest: DBG: testbed command exited with code 0
autopkgtest: DBG: sending command to testbed: copyup /tmp/autopkgtest.iwfdcO/autodep8-perl-packages.all /home/minami/Documents/openkylin-riscv/test/libiterator-util-perl/autodep8-perl-packages.all
autopkgtest-virt-qemu: DBG: executing copyup /tmp/autopkgtest.iwfdcO/autodep8-perl-packages.all /home/minami/Documents/openkylin-riscv/test/libiterator-util-perl/autodep8-perl-packages.all
autopkgtest-virt-qemu: DBG: ['cmdls', "(['/tmp/autopkgtest-qemu.cmsc11fg/runcmd', 'sh', '-ec', 'cat </tmp/autopkgtest.iwfdcO/autodep8-perl-packages.all'], ['cat'])"]
autopkgtest-virt-qemu: DBG: ['srcstdin', "<_io.BufferedReader name='/dev/null'>", 'deststdout', "<_io.BufferedWriter name='/home/minami/Documents/openkylin-riscv/test/libiterator-util-perl/autodep8-perl-packages.all'>", 'devnull_read', <_io.BufferedReader name='/dev/null'>]
autopkgtest-virt-qemu: DBG:  +< /tmp/autopkgtest-qemu.cmsc11fg/runcmd sh -ec cat </tmp/autopkgtest.iwfdcO/autodep8-perl-packages.all
autopkgtest-virt-qemu: DBG:  +> cat
autopkgtest-virt-qemu: DBG:  +>?
autopkgtest-virt-qemu: DBG:  +<?
autopkgtest: DBG: got reply from testbed: ok
autopkgtest: DBG: testbed command ['test', '-e', '/tmp/autopkgtest.iwfdcO/build.1ra/src'], kind short, sout raw, serr raw, env []
autopkgtest: DBG: testbed command exited with code 1
autopkgtest: DBG: testbed command ['mkdir', '-p', '/tmp/autopkgtest.iwfdcO/build.1ra'], kind short, sout raw, serr pipe, env []
autopkgtest: DBG: testbed command exited with code 0
autopkgtest: DBG: sending command to testbed: copydown /home/minami/Documents/openkylin-riscv/test/libiterator-util-perl/tests-tree/ /tmp/autopkgtest.iwfdcO/build.1ra/src/
autopkgtest-virt-qemu: DBG: executing copydown /home/minami/Documents/openkylin-riscv/test/libiterator-util-perl/tests-tree/ /tmp/autopkgtest.iwfdcO/build.1ra/src/
autopkgtest-virt-qemu: DBG: ['cmdls', "(['tar', '--directory', '/home/minami/Documents/openkylin-riscv/test/libiterator-util-perl/tests-tree/', '--warning=none', '-c', '.', '-f', '-'], ['/tmp/autopkgtest-qemu.cmsc11fg/runcmd', 'sh', '-ec', 'if ! test -d /tmp/autopkgtest.iwfdcO/build.1ra/src/; then mkdir -- /tmp/autopkgtest.iwfdcO/build.1ra/src/; fi; cd /tmp/autopkgtest.iwfdcO/build.1ra/src/; tar --warning=none --preserve-permissions --extract --no-same-owner -f -'])"]
autopkgtest-virt-qemu: DBG: ['srcstdin', "<_io.BufferedReader name='/dev/null'>", 'deststdout', "<_io.BufferedReader name='/dev/null'>", 'devnull_read', <_io.BufferedReader name='/dev/null'>]
autopkgtest-virt-qemu: DBG:  +< tar --directory /home/minami/Documents/openkylin-riscv/test/libiterator-util-perl/tests-tree/ --warning=none -c . -f -
autopkgtest-virt-qemu: DBG:  +> /tmp/autopkgtest-qemu.cmsc11fg/runcmd sh -ec if ! test -d /tmp/autopkgtest.iwfdcO/build.1ra/src/; then mkdir -- /tmp/autopkgtest.iwfdcO/build.1ra/src/; fi; cd /tmp/autopkgtest.iwfdcO/build.1ra/src/; tar --warning=none --preserve-permissions --extract --no-same-owner -f -
autopkgtest-virt-qemu: DBG:  +>?
autopkgtest-virt-qemu: DBG:  +<?
autopkgtest: DBG: got reply from testbed: ok
autopkgtest: DBG: testbed command ['chown', '-R', 'openkylin', '--', '/tmp/autopkgtest.iwfdcO/build.1ra/src'], kind short, sout raw, serr pipe, env []
autopkgtest: DBG: testbed command exited with code 0
autopkgtest [17:08:45]: test autodep8-perl: /usr/share/pkg-perl-autopkgtest/runner runtime-deps
autopkgtest [17:08:45]: test autodep8-perl: [-----------------------
autopkgtest: DBG: testbed command ['su', '-s', '/bin/bash', 'openkylin', '-c', 'set -e; export USER=`id -nu`; . /etc/profile >/dev/null 2>&1 || true;  . ~/.profile >/dev/null 2>&1 || true; buildtree="/tmp/autopkgtest.iwfdcO/build.1ra/src"; mkdir -p -m 1777 -- "/tmp/autopkgtest.iwfdcO/autodep8-perl-artifacts"; export AUTOPKGTEST_ARTIFACTS="/tmp/autopkgtest.iwfdcO/autodep8-perl-artifacts"; export ADT_ARTIFACTS="$AUTOPKGTEST_ARTIFACTS"; mkdir -p -m 755 "/tmp/autopkgtest.iwfdcO/autopkgtest_tmp"; export AUTOPKGTEST_TMP="/tmp/autopkgtest.iwfdcO/autopkgtest_tmp"; export ADTTMP="$AUTOPKGTEST_TMP"; export DEBIAN_FRONTEND=noninteractive; export LANG=C.UTF-8; export DEB_BUILD_OPTIONS=parallel=8; unset LANGUAGE LC_CTYPE LC_NUMERIC LC_TIME LC_COLLATE   LC_MONETARY LC_MESSAGES LC_PAPER LC_NAME LC_ADDRESS   LC_TELEPHONE LC_MEASUREMENT LC_IDENTIFICATION LC_ALL;cd "$buildtree"; exec /tmp/autopkgtest.iwfdcO/wrapper.sh --script-pid-file=/tmp/autopkgtest_script_pid --stderr=/tmp/autopkgtest.iwfdcO/autodep8-perl-stderr --stdout=/tmp/autopkgtest.iwfdcO/autodep8-perl-stdout -- bash -ec \'/usr/share/pkg-perl-autopkgtest/runner runtime-deps\' ;'], kind test, sout raw, serr raw, env []
/usr/share/pkg-perl-autopkgtest/runtime-deps.d/use.t .. 
1..4
ok 1 -  /usr/bin/perl -w -M"Iterator::Util" -e 1 2>&1 exited successfully
ok 2 -  /usr/bin/perl -w -M"Iterator::Util" -e 1 2>&1 produced no (non-whitelisted) output
ok 3 - env PERL_DL_NONLAZY=1  /usr/bin/perl -w -M"Iterator::Util" -e 1 2>&1 exited successfully
ok 4 - env PERL_DL_NONLAZY=1  /usr/bin/perl -w -M"Iterator::Util" -e 1 2>&1 produced no (non-whitelisted) output
ok
All tests successful.
Files=1, Tests=4,  4 wallclock secs ( 0.32 usr  0.11 sys +  2.62 cusr  0.63 csys =  3.68 CPU)
Result: PASS
autopkgtest: DBG: testbed command exited with code 0
autopkgtest [17:08:55]: test autodep8-perl: -----------------------]
autopkgtest: DBG: testbed executing test finished with exit status 0
autopkgtest: DBG: sending command to testbed: copyup /tmp/autopkgtest.iwfdcO/autodep8-perl-stdout /home/minami/Documents/openkylin-riscv/test/libiterator-util-perl/autodep8-perl-stdout
autopkgtest-virt-qemu: DBG: executing copyup /tmp/autopkgtest.iwfdcO/autodep8-perl-stdout /home/minami/Documents/openkylin-riscv/test/libiterator-util-perl/autodep8-perl-stdout
autopkgtest-virt-qemu: DBG: ['cmdls', "(['/tmp/autopkgtest-qemu.cmsc11fg/runcmd', 'sh', '-ec', 'cat </tmp/autopkgtest.iwfdcO/autodep8-perl-stdout'], ['cat'])"]
autopkgtest-virt-qemu: DBG: ['srcstdin', "<_io.BufferedReader name='/dev/null'>", 'deststdout', "<_io.BufferedWriter name='/home/minami/Documents/openkylin-riscv/test/libiterator-util-perl/autodep8-perl-stdout'>", 'devnull_read', <_io.BufferedReader name='/dev/null'>]
autopkgtest-virt-qemu: DBG:  +< /tmp/autopkgtest-qemu.cmsc11fg/runcmd sh -ec cat </tmp/autopkgtest.iwfdcO/autodep8-perl-stdout
autopkgtest-virt-qemu: DBG:  +> cat
autopkgtest-virt-qemu: DBG:  +>?
autopkgtest-virt-qemu: DBG:  +<?
autopkgtest: DBG: got reply from testbed: ok
autopkgtest: DBG: sending command to testbed: copyup /tmp/autopkgtest.iwfdcO/autodep8-perl-stderr /home/minami/Documents/openkylin-riscv/test/libiterator-util-perl/autodep8-perl-stderr
autopkgtest-virt-qemu: DBG: executing copyup /tmp/autopkgtest.iwfdcO/autodep8-perl-stderr /home/minami/Documents/openkylin-riscv/test/libiterator-util-perl/autodep8-perl-stderr
autopkgtest-virt-qemu: DBG: ['cmdls', "(['/tmp/autopkgtest-qemu.cmsc11fg/runcmd', 'sh', '-ec', 'cat </tmp/autopkgtest.iwfdcO/autodep8-perl-stderr'], ['cat'])"]
autopkgtest-virt-qemu: DBG: ['srcstdin', "<_io.BufferedReader name='/dev/null'>", 'deststdout', "<_io.BufferedWriter name='/home/minami/Documents/openkylin-riscv/test/libiterator-util-perl/autodep8-perl-stderr'>", 'devnull_read', <_io.BufferedReader name='/dev/null'>]
autopkgtest-virt-qemu: DBG:  +< /tmp/autopkgtest-qemu.cmsc11fg/runcmd sh -ec cat </tmp/autopkgtest.iwfdcO/autodep8-perl-stderr
autopkgtest-virt-qemu: DBG:  +> cat
autopkgtest-virt-qemu: DBG:  +>?
autopkgtest-virt-qemu: DBG:  +<?
autopkgtest: DBG: got reply from testbed: ok
autopkgtest [17:08:56]: test autodep8-perl:  - - - - - - - - - - results - - - - - - - - - -
autodep8-perl        PASS (superficial)
autopkgtest: DBG: sending command to testbed: copyup /tmp/autopkgtest.iwfdcO/autodep8-perl-artifacts/ /home/minami/Documents/openkylin-riscv/test/libiterator-util-perl/artifacts/
autopkgtest-virt-qemu: DBG: executing copyup /tmp/autopkgtest.iwfdcO/autodep8-perl-artifacts/ /home/minami/Documents/openkylin-riscv/test/libiterator-util-perl/artifacts/
autopkgtest-virt-qemu: DBG: ['cmdls', "(['/tmp/autopkgtest-qemu.cmsc11fg/runcmd', 'sh', '-ec', 'cd /tmp/autopkgtest.iwfdcO/autodep8-perl-artifacts/; tar --warning=none -c . -f -'], ['tar', '--directory', '/home/minami/Documents/openkylin-riscv/test/libiterator-util-perl/artifacts/', '--warning=none', '--preserve-permissions', '--extract', '--no-same-owner', '-f', '-'])"]
autopkgtest-virt-qemu: DBG: ['srcstdin', "<_io.BufferedReader name='/dev/null'>", 'deststdout', "<_io.BufferedReader name='/dev/null'>", 'devnull_read', <_io.BufferedReader name='/dev/null'>]
autopkgtest-virt-qemu: DBG:  +< /tmp/autopkgtest-qemu.cmsc11fg/runcmd sh -ec cd /tmp/autopkgtest.iwfdcO/autodep8-perl-artifacts/; tar --warning=none -c . -f -
autopkgtest-virt-qemu: DBG:  +> tar --directory /home/minami/Documents/openkylin-riscv/test/libiterator-util-perl/artifacts/ --warning=none --preserve-permissions --extract --no-same-owner -f -
autopkgtest-virt-qemu: DBG:  +>?
autopkgtest-virt-qemu: DBG:  +<?
autopkgtest: DBG: got reply from testbed: ok
autopkgtest: DBG: testbed command ['rm', '-rf', '/tmp/autopkgtest.iwfdcO/autodep8-perl-artifacts', '/tmp/autopkgtest.iwfdcO/autopkgtest_tmp'], kind short, sout raw, serr pipe, env []
autopkgtest: DBG: testbed command exited with code 0
autopkgtest [17:08:57]: test autodep8-perl-recommends: preparing testbed
autopkgtest: DBG: testbed reset: modified=False, deps_installed=['libiterator-util-perl', 'pkg-perl-autopkgtest'], deps_new=['libiterator-util-perl', 'pkg-perl-autopkgtest']
autopkgtest: DBG: Binaries: no registered binaries, not publishing anything
autopkgtest: DBG: install_deps: deps_new=['libiterator-util-perl', 'pkg-perl-autopkgtest']
autopkgtest: DBG: install-deps: satisfying libiterator-util-perl, pkg-perl-autopkgtest
autopkgtest: DBG: install-deps: architecture resolved: libiterator-util-perl, pkg-perl-autopkgtest
autopkgtest: DBG: testbed command ['test', '-w', '/var/lib/dpkg/status'], kind short, sout raw, serr raw, env []
autopkgtest: DBG: testbed command exited with code 0
autopkgtest: DBG: can use apt-get on testbed: True
autopkgtest: DBG: testbed command ['mkdir', '-p', '/tmp/autopkgtest.iwfdcO'], kind short, sout raw, serr pipe, env []
autopkgtest: DBG: testbed command exited with code 0
autopkgtest: DBG: sending command to testbed: copydown /home/minami/Documents/openkylin-riscv/test/libiterator-util-perl/3-autopkgtest-satdep.deb /tmp/autopkgtest.iwfdcO/3-autopkgtest-satdep.deb
autopkgtest-virt-qemu: DBG: executing copydown /home/minami/Documents/openkylin-riscv/test/libiterator-util-perl/3-autopkgtest-satdep.deb /tmp/autopkgtest.iwfdcO/3-autopkgtest-satdep.deb
autopkgtest-virt-qemu: DBG: ['cmdls', "(['cat'], ['/tmp/autopkgtest-qemu.cmsc11fg/runcmd', 'sh', '-ec', 'cat >/tmp/autopkgtest.iwfdcO/3-autopkgtest-satdep.deb'])"]
autopkgtest-virt-qemu: DBG: ['srcstdin', "<_io.BufferedReader name='/home/minami/Documents/openkylin-riscv/test/libiterator-util-perl/3-autopkgtest-satdep.deb'>", 'deststdout', "<_io.BufferedReader name='/dev/null'>", 'devnull_read', <_io.BufferedReader name='/dev/null'>]
autopkgtest-virt-qemu: DBG:  +< cat
autopkgtest-virt-qemu: DBG:  +> /tmp/autopkgtest-qemu.cmsc11fg/runcmd sh -ec cat >/tmp/autopkgtest.iwfdcO/3-autopkgtest-satdep.deb
autopkgtest-virt-qemu: DBG:  +>?
autopkgtest-virt-qemu: DBG:  +<?
autopkgtest: DBG: got reply from testbed: ok
autopkgtest: DBG: testbed command ['chown', '-R', 'openkylin', '--', '/tmp/autopkgtest.iwfdcO/3-autopkgtest-satdep.deb'], kind short, sout raw, serr pipe, env []
autopkgtest: DBG: testbed command exited with code 0
autopkgtest: DBG: testbed command ['dpkg', '--unpack', '/tmp/autopkgtest.iwfdcO/3-autopkgtest-satdep.deb'], kind short, sout pipe, serr pipe, env []
autopkgtest: DBG: testbed command exited with code 0
autopkgtest: DBG: testbed command ['/bin/sh', '-ec', ' apt-get install --assume-yes --fix-broken -o APT::Status-Fd=3 -o APT::Install-Recommends=false -o Dpkg::Options::=--force-confnew -o Debug::pkgProblemResolver=true 3>&2 2>&1'], kind install, sout raw, serr pipe, env ['DEBIAN_FRONTEND=noninteractive', 'APT_LISTBUGS_FRONTEND=none', 'APT_LISTCHANGES_FRONTEND=none']
Reading package lists...
Building dependency tree...
Reading state information...
Starting pkgProblemResolver with broken count: 0
Starting 2 pkgProblemResolver with broken count: 0
Done
0 upgraded, 0 newly installed, 0 to remove and 18 not upgraded.
1 not fully installed or removed.
After this operation, 0 B of additional disk space will be used.
Setting up autopkgtest-satdep (0) ...
autopkgtest: DBG: testbed command exited with code 0
autopkgtest: DBG: testbed command ['dpkg-query', '--show', '-f', '${Status}', 'libiterator-util-perl'], kind short, sout pipe, serr pipe, env []
autopkgtest: DBG: testbed command exited with code 0
autopkgtest: DBG: testbed command ['dpkg', '--status', 'autopkgtest-satdep'], kind short, sout pipe, serr pipe, env []
autopkgtest: DBG: testbed command exited with code 0
autopkgtest: DBG: testbed command ['apt-get', '--simulate', '--quiet', '-o', 'APT::Get::Show-User-Simulation-Note=False', '--auto-remove', 'purge', 'autopkgtest-satdep'], kind short, sout pipe, serr pipe, env []
autopkgtest: DBG: testbed command exited with code 0
autopkgtest: DBG: testbed command ['dpkg', '--purge', 'autopkgtest-satdep'], kind short, sout raw, serr raw, env []
(Reading database ... 161231 files and directories currently installed.)
Removing autopkgtest-satdep (0) ...
autopkgtest: DBG: testbed command exited with code 0
autopkgtest: DBG: testbed command ['sh', '-ec', 'command -v dpkg-query'], kind short, sout pipe, serr pipe, env []
autopkgtest: DBG: testbed command exited with code 0
autopkgtest: DBG: testbed command ['sh', '-ec', "dpkg-query --show -f '${Package}\\t${Version}\\n' > /tmp/autopkgtest.iwfdcO/autodep8-perl-recommends-packages.all"], kind short, sout raw, serr pipe, env []
autopkgtest: DBG: testbed command exited with code 0
autopkgtest: DBG: sending command to testbed: copyup /tmp/autopkgtest.iwfdcO/autodep8-perl-recommends-packages.all /home/minami/Documents/openkylin-riscv/test/libiterator-util-perl/autodep8-perl-recommends-packages.all
autopkgtest-virt-qemu: DBG: executing copyup /tmp/autopkgtest.iwfdcO/autodep8-perl-recommends-packages.all /home/minami/Documents/openkylin-riscv/test/libiterator-util-perl/autodep8-perl-recommends-packages.all
autopkgtest-virt-qemu: DBG: ['cmdls', "(['/tmp/autopkgtest-qemu.cmsc11fg/runcmd', 'sh', '-ec', 'cat </tmp/autopkgtest.iwfdcO/autodep8-perl-recommends-packages.all'], ['cat'])"]
autopkgtest-virt-qemu: DBG: ['srcstdin', "<_io.BufferedReader name='/dev/null'>", 'deststdout', "<_io.BufferedWriter name='/home/minami/Documents/openkylin-riscv/test/libiterator-util-perl/autodep8-perl-recommends-packages.all'>", 'devnull_read', <_io.BufferedReader name='/dev/null'>]
autopkgtest-virt-qemu: DBG:  +< /tmp/autopkgtest-qemu.cmsc11fg/runcmd sh -ec cat </tmp/autopkgtest.iwfdcO/autodep8-perl-recommends-packages.all
autopkgtest-virt-qemu: DBG:  +> cat
autopkgtest-virt-qemu: DBG:  +>?
autopkgtest-virt-qemu: DBG:  +<?
autopkgtest: DBG: got reply from testbed: ok
autopkgtest: DBG: testbed command ['test', '-e', '/tmp/autopkgtest.iwfdcO/build.1ra/src'], kind short, sout raw, serr raw, env []
autopkgtest: DBG: testbed command exited with code 0
autopkgtest: DBG: copydown: tb path /tmp/autopkgtest.iwfdcO/build.1ra/src already exists
autopkgtest [17:09:24]: test autodep8-perl-recommends: /usr/share/pkg-perl-autopkgtest/runner runtime-deps-and-recommends
autopkgtest [17:09:24]: test autodep8-perl-recommends: [-----------------------
autopkgtest: DBG: testbed command ['su', '-s', '/bin/bash', 'openkylin', '-c', 'set -e; export USER=`id -nu`; . /etc/profile >/dev/null 2>&1 || true;  . ~/.profile >/dev/null 2>&1 || true; buildtree="/tmp/autopkgtest.iwfdcO/build.1ra/src"; mkdir -p -m 1777 -- "/tmp/autopkgtest.iwfdcO/autodep8-perl-recommends-artifacts"; export AUTOPKGTEST_ARTIFACTS="/tmp/autopkgtest.iwfdcO/autodep8-perl-recommends-artifacts"; export ADT_ARTIFACTS="$AUTOPKGTEST_ARTIFACTS"; mkdir -p -m 755 "/tmp/autopkgtest.iwfdcO/autopkgtest_tmp"; export AUTOPKGTEST_TMP="/tmp/autopkgtest.iwfdcO/autopkgtest_tmp"; export ADTTMP="$AUTOPKGTEST_TMP"; export DEBIAN_FRONTEND=noninteractive; export LANG=C.UTF-8; export DEB_BUILD_OPTIONS=parallel=8; unset LANGUAGE LC_CTYPE LC_NUMERIC LC_TIME LC_COLLATE   LC_MONETARY LC_MESSAGES LC_PAPER LC_NAME LC_ADDRESS   LC_TELEPHONE LC_MEASUREMENT LC_IDENTIFICATION LC_ALL;cd "$buildtree"; exec /tmp/autopkgtest.iwfdcO/wrapper.sh --script-pid-file=/tmp/autopkgtest_script_pid --stderr=/tmp/autopkgtest.iwfdcO/autodep8-perl-recommends-stderr --stdout=/tmp/autopkgtest.iwfdcO/autodep8-perl-recommends-stdout -- bash -ec \'/usr/share/pkg-perl-autopkgtest/runner runtime-deps-and-recommends\' ;'], kind test, sout raw, serr raw, env []
/usr/share/pkg-perl-autopkgtest/runtime-deps-and-recommends.d/syntax.t .. 
1..4
ok 1 - Package libiterator-util-perl is known to dpkg
ok 2 - Got status information for package libiterator-util-perl
ok 3 - Got file list for package libiterator-util-perl
# Subtest: all modules in libiterator-util-perl pass the syntax check
    1..1
    ok 1 - /usr/bin/perl -wc /usr/share/perl5/Iterator/Util.pm exited successfully
ok 4 - all modules in libiterator-util-perl pass the syntax check
ok
All tests successful.
Files=1, Tests=4,  4 wallclock secs ( 0.30 usr  0.10 sys +  2.23 cusr  0.72 csys =  3.35 CPU)
Result: PASS
autopkgtest: DBG: testbed command exited with code 0
autopkgtest [17:09:32]: test autodep8-perl-recommends: -----------------------]
autopkgtest: DBG: testbed executing test finished with exit status 0
autopkgtest: DBG: sending command to testbed: copyup /tmp/autopkgtest.iwfdcO/autodep8-perl-recommends-stdout /home/minami/Documents/openkylin-riscv/test/libiterator-util-perl/autodep8-perl-recommends-stdout
autopkgtest-virt-qemu: DBG: executing copyup /tmp/autopkgtest.iwfdcO/autodep8-perl-recommends-stdout /home/minami/Documents/openkylin-riscv/test/libiterator-util-perl/autodep8-perl-recommends-stdout
autopkgtest-virt-qemu: DBG: ['cmdls', "(['/tmp/autopkgtest-qemu.cmsc11fg/runcmd', 'sh', '-ec', 'cat </tmp/autopkgtest.iwfdcO/autodep8-perl-recommends-stdout'], ['cat'])"]
autopkgtest-virt-qemu: DBG: ['srcstdin', "<_io.BufferedReader name='/dev/null'>", 'deststdout', "<_io.BufferedWriter name='/home/minami/Documents/openkylin-riscv/test/libiterator-util-perl/autodep8-perl-recommends-stdout'>", 'devnull_read', <_io.BufferedReader name='/dev/null'>]
autopkgtest-virt-qemu: DBG:  +< /tmp/autopkgtest-qemu.cmsc11fg/runcmd sh -ec cat </tmp/autopkgtest.iwfdcO/autodep8-perl-recommends-stdout
autopkgtest-virt-qemu: DBG:  +> cat
autopkgtest-virt-qemu: DBG:  +>?
autopkgtest-virt-qemu: DBG:  +<?
autopkgtest: DBG: got reply from testbed: ok
autopkgtest: DBG: sending command to testbed: copyup /tmp/autopkgtest.iwfdcO/autodep8-perl-recommends-stderr /home/minami/Documents/openkylin-riscv/test/libiterator-util-perl/autodep8-perl-recommends-stderr
autopkgtest-virt-qemu: DBG: executing copyup /tmp/autopkgtest.iwfdcO/autodep8-perl-recommends-stderr /home/minami/Documents/openkylin-riscv/test/libiterator-util-perl/autodep8-perl-recommends-stderr
autopkgtest-virt-qemu: DBG: ['cmdls', "(['/tmp/autopkgtest-qemu.cmsc11fg/runcmd', 'sh', '-ec', 'cat </tmp/autopkgtest.iwfdcO/autodep8-perl-recommends-stderr'], ['cat'])"]
autopkgtest-virt-qemu: DBG: ['srcstdin', "<_io.BufferedReader name='/dev/null'>", 'deststdout', "<_io.BufferedWriter name='/home/minami/Documents/openkylin-riscv/test/libiterator-util-perl/autodep8-perl-recommends-stderr'>", 'devnull_read', <_io.BufferedReader name='/dev/null'>]
autopkgtest-virt-qemu: DBG:  +< /tmp/autopkgtest-qemu.cmsc11fg/runcmd sh -ec cat </tmp/autopkgtest.iwfdcO/autodep8-perl-recommends-stderr
autopkgtest-virt-qemu: DBG:  +> cat
autopkgtest-virt-qemu: DBG:  +>?
autopkgtest-virt-qemu: DBG:  +<?
autopkgtest: DBG: got reply from testbed: ok
autopkgtest [17:09:34]: test autodep8-perl-recommends:  - - - - - - - - - - results - - - - - - - - - -
autodep8-perl-recommends PASS (superficial)
autopkgtest: DBG: sending command to testbed: copyup /tmp/autopkgtest.iwfdcO/autodep8-perl-recommends-artifacts/ /home/minami/Documents/openkylin-riscv/test/libiterator-util-perl/artifacts/
autopkgtest-virt-qemu: DBG: executing copyup /tmp/autopkgtest.iwfdcO/autodep8-perl-recommends-artifacts/ /home/minami/Documents/openkylin-riscv/test/libiterator-util-perl/artifacts/
autopkgtest-virt-qemu: DBG: ['cmdls', "(['/tmp/autopkgtest-qemu.cmsc11fg/runcmd', 'sh', '-ec', 'cd /tmp/autopkgtest.iwfdcO/autodep8-perl-recommends-artifacts/; tar --warning=none -c . -f -'], ['tar', '--directory', '/home/minami/Documents/openkylin-riscv/test/libiterator-util-perl/artifacts/', '--warning=none', '--preserve-permissions', '--extract', '--no-same-owner', '-f', '-'])"]
autopkgtest-virt-qemu: DBG: ['srcstdin', "<_io.BufferedReader name='/dev/null'>", 'deststdout', "<_io.BufferedReader name='/dev/null'>", 'devnull_read', <_io.BufferedReader name='/dev/null'>]
autopkgtest-virt-qemu: DBG:  +< /tmp/autopkgtest-qemu.cmsc11fg/runcmd sh -ec cd /tmp/autopkgtest.iwfdcO/autodep8-perl-recommends-artifacts/; tar --warning=none -c . -f -
autopkgtest-virt-qemu: DBG:  +> tar --directory /home/minami/Documents/openkylin-riscv/test/libiterator-util-perl/artifacts/ --warning=none --preserve-permissions --extract --no-same-owner -f -
autopkgtest-virt-qemu: DBG:  +>?
autopkgtest-virt-qemu: DBG:  +<?
autopkgtest: DBG: got reply from testbed: ok
autopkgtest: DBG: testbed command ['rm', '-rf', '/tmp/autopkgtest.iwfdcO/autodep8-perl-recommends-artifacts', '/tmp/autopkgtest.iwfdcO/autopkgtest_tmp'], kind short, sout raw, serr pipe, env []
autopkgtest: DBG: testbed command exited with code 0
autopkgtest: DBG: needs_reset, previously=False, requested by run_tests() line 208
autopkgtest [17:09:34]: @@@@@@@@@@@@@@@@@@@@ summary
autodep8-perl-build-deps PASS
autodep8-perl        PASS (superficial)
autodep8-perl-recommends PASS (superficial)
autopkgtest: DBG: testbed stop
autopkgtest: DBG: testbed close, scratch=/tmp/autopkgtest.iwfdcO
autopkgtest: DBG: sending command to testbed: close
autopkgtest-virt-qemu: DBG: executing close
autopkgtest-virt-qemu: DBG: cleanup...
qemu-system-riscv64: terminating on signal 15 from pid 4059198 (/usr/bin/python3)
autopkgtest: DBG: got reply from testbed: ok
autopkgtest: DBG: sending command to testbed: quit
autopkgtest-virt-qemu: DBG: executing quit
autopkgtest-virt-qemu: DBG: cleanup...
