t/Data-Validate-Domain.t .. 
1..59
ok 1 - use Data::Validate::Domain;
ok 2 - is_domain_label www
ok 3 - is_domain_label w-w
ok 4 - is_domain_label neely
ok 5 - is_domain_label com
ok 6 - is_domain_label COM
ok 7 - is_domain_label 128
ok 8 - is_domain_label 
ok 9 - is_domain_label -bob
ok 10 - is_domain_label 1234567890123456789012345678901234567890123456789012345678901234567890
ok 11 - is_domain www.neely.cx
ok 12 - is_domain www.neely.cx.
ok 13 - is_domain www.neely.cx...
ok 14 - is_domain www.neely.lkj
ok 15 - is_domain neely.cx
ok 16 - is_domain test-neely.cx
ok 17 - is_domain aa.com
ok 18 - is_domain A-A.com
ok 19 - is_hostname aa.com
ok 20 - is_hostname aa.bb
ok 21 - is_hostname aa
ok 22 - is_domain 216.17.184.1
ok 23 - is_domain test_neely.cx
ok 24 - is_domain .neely.cx
ok 25 - is_domain -www.neely.cx
ok 26 - is_domain a
ok 27 - is_domain .
ok 28 - is_domain com.
ok 29 - is_domain com
ok 30 - is_domain net
ok 31 - is_domain uk
ok 32 - is_domain co.uk
ok 33 - is_domain 123456789012345678901234567890123456789012345678901234567890.1234567890123456789012345678901234567890.12345678901234567890123456789012345678901234567890.12345678901234567890123456789012345678901234567890.12345678901234567890123456789012345678901234567890.123456789012345678901234567890.com
ok 34 - is_domain myhost.neely w/domain_private_tld option
ok 35 - is_domain myhost.neely
ok 36 - is_domain com w/domain_allow_single_label option
ok 37 - is_domain neely w/domain_private_tld  and domain_allow_single_label option
ok 38 - is_domain neely
ok 39 - is_hostname("_spf"
ok 40 - is_hostname("_spf", {domain_allow_underscore = 1}
ok 41 - is_domain( "example\n.com")
ok 42 - is_domain_label( "example\n")
ok 43 - is_domain myhost.neely w/domain_private_tld option - precompiled regex
ok 44 - is_domain myhost.neely w/domain_private_tld option - precompiled regex looking for intra
ok 45 - $obj->is_domain co.uk
ok 46 - $private_tld_obj->is_domain myhost.neely
ok 47 - $private_tld_obj->is_domain myhost.neely72
ok 48 - $private_tld_obj->is_domain myhost.intra
ok 49 - $private_tld_obj->is_domain neely
ok 50 - $private_single_label_tld_obj->is_domain neely
ok 51 - $private_single_label_tld_obj->is_domain NEELY
ok 52 - $private_single_label_tld_obj->is_domain neely.cx
ok 53 - $private_tld_obj2->is_domain myhost.neely
ok 54 - $private_tld_obj2->is_domain myhost.neely72
ok 55 - $private_tld_obj2->is_domain myhost.intra
ok 56 - $private_tld_obj2->is_domain neely
ok 57 - $allow_underscore_obj->is_domain _spf.neely.cx
ok 58 - $allow_underscore_obj->is_domain _sip._tcp.neely.cx
ok 59 - $allow_underscore_obj->is_domain _spf
ok
t/Pod-Coverage.t .......... skipped: Test::Pod::Coverage 1.00 required for testing POD coverage
t/Pod.t ................... skipped: Test::Pod 1.00 required for testing POD
All tests successful.
Files=3, Tests=59,  4 wallclock secs ( 0.33 usr  0.18 sys +  2.68 cusr  0.87 csys =  4.06 CPU)
Result: PASS
