autopkgtest: DBG: testbed init
autopkgtest [21:10:10]: starting date and time: 2023-02-19 21:10:10+0800
autopkgtest [21:10:10]: version 5.28
autopkgtest [21:10:10]: host debian; command line: /usr/bin/autopkgtest /home/minami/Documents/openkylin-riscv/src/libdata-validate-domain-perl_0.10-ok2.dsc -o /home/minami/Documents/openkylin-riscv/test/libdata-validate-domain-perl -d -B -- qemu -u root -p openkylin --qemu-architecture=riscv64 -c 8 --ram-size=8192 -d '--qemu-options=-machine virt -kernel /home/minami/Documents/ukylin/u-boot.bin' /home/minami/Documents/openkylin-riscv/testing.qcow2
autopkgtest: DBG: got reply from testbed: ok
autopkgtest: DBG: testbed open, scratch=None
autopkgtest: DBG: sending command to testbed: open
autopkgtest-virt-qemu: DBG: executing open
autopkgtest-virt-qemu: DBG: find_free_port: trying 10022
autopkgtest-virt-qemu: DBG: find_free_port: 10022 is free
autopkgtest-virt-qemu: DBG: autopkgtest does not know how to boot this machine, hopefully nothing special needs to be done?
autopkgtest-virt-qemu: DBG: qemu architecture: riscv64
autopkgtest-virt-qemu: DBG: qemu command: qemu-system-riscv64
autopkgtest-virt-qemu: DBG: execute-timeout: qemu-img info --output=json /home/minami/Documents/openkylin-riscv/testing.qcow2
autopkgtest-virt-qemu: DBG: Creating temporary overlay image in /tmp/autopkgtest-qemu.nnvsddwj/overlay.img
autopkgtest-virt-qemu: DBG: execute-timeout: qemu-img create -f qcow2 -F qcow2 -b /home/minami/Documents/openkylin-riscv/testing.qcow2 /tmp/autopkgtest-qemu.nnvsddwj/overlay.img
autopkgtest-virt-qemu: DBG: Forwarding local port 10022 to VM ssh port 22
autopkgtest-virt-qemu: DBG: Assuming nothing special needs to be done to set up firmware to boot this machine (boot method: none)
autopkgtest-virt-qemu: DBG: full qemu command-line: ['qemu-system-riscv64', '-m', '8192', '-smp', '8', '-nographic', '-device', 'virtio-net-device,netdev=usernet', '-netdev', 'user,id=usernet,hostfwd=tcp:127.0.0.1:10022-:22', '-object', 'rng-random,filename=/dev/urandom,id=rng0', '-device', 'virtio-rng-pci,rng=rng0,id=rng-device0', '-monitor', 'unix:/tmp/autopkgtest-qemu.nnvsddwj/monitor,server=on,wait=off', '-virtfs', 'local,id=autopkgtest,path=/tmp/autopkgtest-qemu.nnvsddwj/shared,security_model=none,mount_tag=autopkgtest', '-device', 'virtio-serial', '-chardev', 'socket,path=/tmp/autopkgtest-qemu.nnvsddwj/hvc0,server=on,wait=off,id=hvc0', '-device', 'virtconsole,chardev=hvc0', '-chardev', 'socket,path=/tmp/autopkgtest-qemu.nnvsddwj/hvc1,server=on,wait=off,id=hvc1', '-device', 'virtconsole,chardev=hvc1', '-serial', 'unix:/tmp/autopkgtest-qemu.nnvsddwj/ttyS0,server=on,wait=off', '-drive', 'index=0,file=/tmp/autopkgtest-qemu.nnvsddwj/overlay.img,format=qcow2,cache=unsafe,if=virtio,discard=unmap', '-machine', 'virt', '-kernel', '/home/minami/Documents/ukylin/u-boot.bin']
autopkgtest-virt-qemu: DBG: expect: b' login: '
autopkgtest-virt-qemu: DBG: expect: found "'login prompt on serial console'"
autopkgtest-virt-qemu: DBG: expect: b'ok'
autopkgtest-virt-qemu: DBG: expect: found "b'ok'"
autopkgtest-virt-qemu: DBG: setup_shell(): there already is a shell on hvc1
qemu-system-riscv64: warning: 9p: degraded performance: a reasonable high msize should be chosen on client/guest side (chosen msize is <= 8192). See https://wiki.qemu.org/Documentation/9psetup#msize for details.
autopkgtest-virt-qemu: DBG: expect: b'172b01d6-bae9-4135-a848-5eb2c09d2476[1]'
autopkgtest-virt-qemu: DBG: expect: found "b'172b01d6-bae9-4135-a848-5eb2c09d2476[1]'"
autopkgtest-virt-qemu: DBG: expect: b'172b01d6-bae9-4135-a848-5eb2c09d2476[2]'
autopkgtest-virt-qemu: DBG: expect: found "b'172b01d6-bae9-4135-a848-5eb2c09d2476[2]'"
autopkgtest-virt-qemu: DBG: expect: b'172b01d6-bae9-4135-a848-5eb2c09d2476[3]'
autopkgtest-virt-qemu: DBG: expect: found "b'172b01d6-bae9-4135-a848-5eb2c09d2476[3]'"
autopkgtest-virt-qemu: DBG: expect: b'/python'
autopkgtest-virt-qemu: DBG: expect: found "b'/python'"
autopkgtest-virt-qemu: DBG: expect: b'# '
autopkgtest-virt-qemu: DBG: expect: found "b'# '"
autopkgtest-virt-qemu: DBG: expect: b'172b01d6-bae9-4135-a848-5eb2c09d2476[4]'
autopkgtest-virt-qemu: DBG: expect: found "b'172b01d6-bae9-4135-a848-5eb2c09d2476[4]'"
autopkgtest-virt-qemu: DBG: execute-timeout: /tmp/autopkgtest-qemu.nnvsddwj/runcmd true
autopkgtest-virt-qemu: DBG: can connect to autopkgtest sh in VM
autopkgtest-virt-qemu: DBG: expect: b'172b01d6-bae9-4135-a848-5eb2c09d2476[5]'
autopkgtest-virt-qemu: DBG: expect: found "b'172b01d6-bae9-4135-a848-5eb2c09d2476[5]'"
autopkgtest-virt-qemu: DBG: determine_normal_user: got user "openkylin"
autopkgtest-virt-qemu: DBG: auxverb = ['/tmp/autopkgtest-qemu.nnvsddwj/runcmd'], downtmp = None
autopkgtest-virt-qemu: DBG: execute-timeout: /tmp/autopkgtest-qemu.nnvsddwj/runcmd mktemp --directory --tmpdir autopkgtest.XXXXXX
autopkgtest-virt-qemu: DBG: execute-timeout: /tmp/autopkgtest-qemu.nnvsddwj/runcmd chmod 1777 /tmp/autopkgtest.5TVQe7
autopkgtest: DBG: got reply from testbed: ok /tmp/autopkgtest.5TVQe7
autopkgtest: DBG: sending command to testbed: print-execute-command
autopkgtest-virt-qemu: DBG: executing print-execute-command
autopkgtest: DBG: got reply from testbed: ok /tmp/autopkgtest-qemu.nnvsddwj/runcmd
autopkgtest: DBG: sending command to testbed: capabilities
autopkgtest-virt-qemu: DBG: executing capabilities
autopkgtest: DBG: got reply from testbed: ok isolation-machine reboot revert revert-full-system root-on-testbed suggested-normal-user=openkylin
autopkgtest: DBG: testbed capabilities: ['isolation-machine', 'reboot', 'revert', 'revert-full-system', 'root-on-testbed', 'suggested-normal-user=openkylin', 'has_internet']
autopkgtest: DBG: testbed command ['mkdir', '-p', '/tmp/autopkgtest.5TVQe7'], kind short, sout raw, serr pipe, env []
autopkgtest: DBG: testbed command exited with code 0
autopkgtest: DBG: sending command to testbed: copydown /usr/share/autopkgtest/lib/in-testbed/wrapper.sh /tmp/autopkgtest.5TVQe7/wrapper.sh
autopkgtest-virt-qemu: DBG: executing copydown /usr/share/autopkgtest/lib/in-testbed/wrapper.sh /tmp/autopkgtest.5TVQe7/wrapper.sh
autopkgtest-virt-qemu: DBG: ['cmdls', "(['cat'], ['/tmp/autopkgtest-qemu.nnvsddwj/runcmd', 'sh', '-ec', 'cat >/tmp/autopkgtest.5TVQe7/wrapper.sh; chmod +x -- /tmp/autopkgtest.5TVQe7/wrapper.sh'])"]
autopkgtest-virt-qemu: DBG: ['srcstdin', "<_io.BufferedReader name='/usr/share/autopkgtest/lib/in-testbed/wrapper.sh'>", 'deststdout', "<_io.BufferedReader name='/dev/null'>", 'devnull_read', <_io.BufferedReader name='/dev/null'>]
autopkgtest-virt-qemu: DBG:  +< cat
autopkgtest-virt-qemu: DBG:  +> /tmp/autopkgtest-qemu.nnvsddwj/runcmd sh -ec cat >/tmp/autopkgtest.5TVQe7/wrapper.sh; chmod +x -- /tmp/autopkgtest.5TVQe7/wrapper.sh
autopkgtest-virt-qemu: DBG:  +>?
autopkgtest-virt-qemu: DBG:  +<?
autopkgtest: DBG: got reply from testbed: ok
autopkgtest: DBG: testbed command ['chmod', '-R', '0755', '--', '/tmp/autopkgtest.5TVQe7/wrapper.sh'], kind short, sout raw, serr pipe, env []
autopkgtest: DBG: testbed command exited with code 0
autopkgtest: DBG: testbed command ['dpkg', '--print-architecture'], kind short, sout pipe, serr pipe, env []
autopkgtest: DBG: testbed command exited with code 0
autopkgtest [21:11:05]: testbed dpkg architecture: riscv64
autopkgtest: DBG: testbed command ['sh', '-ec', 'command -v eatmydata'], kind short, sout pipe, serr pipe, env []
autopkgtest: DBG: testbed command exited with code 127
autopkgtest: DBG: testbed command ['sh', '-ec', 'command -v dpkg-query'], kind short, sout pipe, serr pipe, env []
autopkgtest: DBG: testbed command exited with code 0
autopkgtest: DBG: testbed command ['sh', '-ec', "dpkg-query --show -f '${Package}\\t${Version}\\n' > /tmp/autopkgtest.5TVQe7/testbed-packages"], kind short, sout raw, serr pipe, env []
autopkgtest: DBG: testbed command exited with code 0
autopkgtest: DBG: sending command to testbed: copyup /tmp/autopkgtest.5TVQe7/testbed-packages /home/minami/Documents/openkylin-riscv/test/libdata-validate-domain-perl/testbed-packages
autopkgtest-virt-qemu: DBG: executing copyup /tmp/autopkgtest.5TVQe7/testbed-packages /home/minami/Documents/openkylin-riscv/test/libdata-validate-domain-perl/testbed-packages
autopkgtest-virt-qemu: DBG: ['cmdls', "(['/tmp/autopkgtest-qemu.nnvsddwj/runcmd', 'sh', '-ec', 'cat </tmp/autopkgtest.5TVQe7/testbed-packages'], ['cat'])"]
autopkgtest-virt-qemu: DBG: ['srcstdin', "<_io.BufferedReader name='/dev/null'>", 'deststdout', "<_io.BufferedWriter name='/home/minami/Documents/openkylin-riscv/test/libdata-validate-domain-perl/testbed-packages'>", 'devnull_read', <_io.BufferedReader name='/dev/null'>]
autopkgtest-virt-qemu: DBG:  +< /tmp/autopkgtest-qemu.nnvsddwj/runcmd sh -ec cat </tmp/autopkgtest.5TVQe7/testbed-packages
autopkgtest-virt-qemu: DBG:  +> cat
autopkgtest-virt-qemu: DBG:  +>?
autopkgtest-virt-qemu: DBG:  +<?
autopkgtest: DBG: got reply from testbed: ok
autopkgtest: DBG: testbed supports reboot, creating /tmp/autopkgtest-reboot
autopkgtest: DBG: testbed command ['mkdir', '-p', '/tmp/autopkgtest.5TVQe7'], kind short, sout raw, serr pipe, env []
autopkgtest: DBG: testbed command exited with code 0
autopkgtest: DBG: sending command to testbed: copydown /usr/share/autopkgtest/lib/in-testbed/reboot.sh /tmp/autopkgtest.5TVQe7/autopkgtest-reboot
autopkgtest-virt-qemu: DBG: executing copydown /usr/share/autopkgtest/lib/in-testbed/reboot.sh /tmp/autopkgtest.5TVQe7/autopkgtest-reboot
autopkgtest-virt-qemu: DBG: ['cmdls', "(['cat'], ['/tmp/autopkgtest-qemu.nnvsddwj/runcmd', 'sh', '-ec', 'cat >/tmp/autopkgtest.5TVQe7/autopkgtest-reboot; chmod +x -- /tmp/autopkgtest.5TVQe7/autopkgtest-reboot'])"]
autopkgtest-virt-qemu: DBG: ['srcstdin', "<_io.BufferedReader name='/usr/share/autopkgtest/lib/in-testbed/reboot.sh'>", 'deststdout', "<_io.BufferedReader name='/dev/null'>", 'devnull_read', <_io.BufferedReader name='/dev/null'>]
autopkgtest-virt-qemu: DBG:  +< cat
autopkgtest-virt-qemu: DBG:  +> /tmp/autopkgtest-qemu.nnvsddwj/runcmd sh -ec cat >/tmp/autopkgtest.5TVQe7/autopkgtest-reboot; chmod +x -- /tmp/autopkgtest.5TVQe7/autopkgtest-reboot
autopkgtest-virt-qemu: DBG:  +>?
autopkgtest-virt-qemu: DBG:  +<?
autopkgtest: DBG: got reply from testbed: ok
autopkgtest: DBG: testbed command ['chmod', '-R', '0755', '--', '/tmp/autopkgtest.5TVQe7/autopkgtest-reboot'], kind short, sout raw, serr pipe, env []
autopkgtest: DBG: testbed command exited with code 0
autopkgtest: DBG: testbed command ['ln', '-fns', '/tmp/autopkgtest.5TVQe7/autopkgtest-reboot', '/tmp/autopkgtest-reboot'], kind short, sout raw, serr pipe, env []
autopkgtest: DBG: testbed command exited with code 0
autopkgtest: DBG: testbed command ['ln', '-fns', '/tmp/autopkgtest.5TVQe7/autopkgtest-reboot', '/sbin/autopkgtest-reboot'], kind short, sout raw, serr pipe, env []
autopkgtest: DBG: testbed command exited with code 0
autopkgtest: DBG: testbed command ['mkdir', '-p', '/tmp/autopkgtest.5TVQe7'], kind short, sout raw, serr pipe, env []
autopkgtest: DBG: testbed command exited with code 0
autopkgtest: DBG: sending command to testbed: copydown /usr/share/autopkgtest/lib/in-testbed/reboot-prepare.sh /tmp/autopkgtest.5TVQe7/autopkgtest-reboot-prepare
autopkgtest-virt-qemu: DBG: executing copydown /usr/share/autopkgtest/lib/in-testbed/reboot-prepare.sh /tmp/autopkgtest.5TVQe7/autopkgtest-reboot-prepare
autopkgtest-virt-qemu: DBG: ['cmdls', "(['cat'], ['/tmp/autopkgtest-qemu.nnvsddwj/runcmd', 'sh', '-ec', 'cat >/tmp/autopkgtest.5TVQe7/autopkgtest-reboot-prepare; chmod +x -- /tmp/autopkgtest.5TVQe7/autopkgtest-reboot-prepare'])"]
autopkgtest-virt-qemu: DBG: ['srcstdin', "<_io.BufferedReader name='/usr/share/autopkgtest/lib/in-testbed/reboot-prepare.sh'>", 'deststdout', "<_io.BufferedReader name='/dev/null'>", 'devnull_read', <_io.BufferedReader name='/dev/null'>]
autopkgtest-virt-qemu: DBG:  +< cat
autopkgtest-virt-qemu: DBG:  +> /tmp/autopkgtest-qemu.nnvsddwj/runcmd sh -ec cat >/tmp/autopkgtest.5TVQe7/autopkgtest-reboot-prepare; chmod +x -- /tmp/autopkgtest.5TVQe7/autopkgtest-reboot-prepare
autopkgtest-virt-qemu: DBG:  +>?
autopkgtest-virt-qemu: DBG:  +<?
autopkgtest: DBG: got reply from testbed: ok
autopkgtest: DBG: testbed command ['chmod', '-R', '0755', '--', '/tmp/autopkgtest.5TVQe7/autopkgtest-reboot-prepare'], kind short, sout raw, serr pipe, env []
autopkgtest: DBG: testbed command exited with code 0
autopkgtest: DBG: testbed command ['ln', '-fns', '/tmp/autopkgtest.5TVQe7/autopkgtest-reboot-prepare', '/tmp/autopkgtest-reboot-prepare'], kind short, sout raw, serr pipe, env []
autopkgtest: DBG: testbed command exited with code 0
autopkgtest: DBG: testbed command ['uname', '-srv'], kind short, sout pipe, serr pipe, env []
autopkgtest: DBG: testbed command exited with code 0
autopkgtest [21:11:13]: testbed running kernel: Linux 5.11.0-1030-generic #34 SMP Fri Mar 11 15:27:17 CST 2022
autopkgtest: DBG: testbed command ['sh', '-c', 'nproc; cat /proc/cpuinfo 2>/dev/null || true'], kind short, sout pipe, serr pipe, env []
autopkgtest: DBG: testbed command exited with code 0
autopkgtest: DBG: Binaries: initialising
autopkgtest [21:11:13]: @@@@@@@@@@@@@@@@@@@@ source /home/minami/Documents/openkylin-riscv/src/libdata-validate-domain-perl_0.10-ok2.dsc
autopkgtest: DBG: blame += /home/minami/Documents/openkylin-riscv/src/libdata-validate-domain-perl_0.10-ok2.dsc
autopkgtest: DBG: testbed reset: modified=False, deps_installed=[], deps_new=[]
autopkgtest: DBG: testbed command ['mkdir', '-p', '/tmp/autopkgtest.5TVQe7'], kind short, sout raw, serr pipe, env []
autopkgtest: DBG: testbed command exited with code 0
autopkgtest: DBG: sending command to testbed: copydown /home/minami/Documents/openkylin-riscv/src/libdata-validate-domain-perl_0.10-ok2.dsc /tmp/autopkgtest.5TVQe7/libdata-validate-domain-perl_0.10-ok2.dsc
autopkgtest-virt-qemu: DBG: executing copydown /home/minami/Documents/openkylin-riscv/src/libdata-validate-domain-perl_0.10-ok2.dsc /tmp/autopkgtest.5TVQe7/libdata-validate-domain-perl_0.10-ok2.dsc
autopkgtest-virt-qemu: DBG: ['cmdls', "(['cat'], ['/tmp/autopkgtest-qemu.nnvsddwj/runcmd', 'sh', '-ec', 'cat >/tmp/autopkgtest.5TVQe7/libdata-validate-domain-perl_0.10-ok2.dsc'])"]
autopkgtest-virt-qemu: DBG: ['srcstdin', "<_io.BufferedReader name='/home/minami/Documents/openkylin-riscv/src/libdata-validate-domain-perl_0.10-ok2.dsc'>", 'deststdout', "<_io.BufferedReader name='/dev/null'>", 'devnull_read', <_io.BufferedReader name='/dev/null'>]
autopkgtest-virt-qemu: DBG:  +< cat
autopkgtest-virt-qemu: DBG:  +> /tmp/autopkgtest-qemu.nnvsddwj/runcmd sh -ec cat >/tmp/autopkgtest.5TVQe7/libdata-validate-domain-perl_0.10-ok2.dsc
autopkgtest-virt-qemu: DBG:  +>?
autopkgtest-virt-qemu: DBG:  +<?
autopkgtest: DBG: got reply from testbed: ok
autopkgtest: DBG: testbed command ['chown', '-R', 'openkylin', '--', '/tmp/autopkgtest.5TVQe7/libdata-validate-domain-perl_0.10-ok2.dsc'], kind short, sout raw, serr pipe, env []
autopkgtest: DBG: testbed command exited with code 0
autopkgtest: DBG: testbed command ['mkdir', '-p', '/tmp/autopkgtest.5TVQe7'], kind short, sout raw, serr pipe, env []
autopkgtest: DBG: testbed command exited with code 0
autopkgtest: DBG: sending command to testbed: copydown /home/minami/Documents/openkylin-riscv/src/libdata-validate-domain-perl_0.10.orig.tar.gz /tmp/autopkgtest.5TVQe7/libdata-validate-domain-perl_0.10.orig.tar.gz
autopkgtest-virt-qemu: DBG: executing copydown /home/minami/Documents/openkylin-riscv/src/libdata-validate-domain-perl_0.10.orig.tar.gz /tmp/autopkgtest.5TVQe7/libdata-validate-domain-perl_0.10.orig.tar.gz
autopkgtest-virt-qemu: DBG: ['cmdls', "(['cat'], ['/tmp/autopkgtest-qemu.nnvsddwj/runcmd', 'sh', '-ec', 'cat >/tmp/autopkgtest.5TVQe7/libdata-validate-domain-perl_0.10.orig.tar.gz'])"]
autopkgtest-virt-qemu: DBG: ['srcstdin', "<_io.BufferedReader name='/home/minami/Documents/openkylin-riscv/src/libdata-validate-domain-perl_0.10.orig.tar.gz'>", 'deststdout', "<_io.BufferedReader name='/dev/null'>", 'devnull_read', <_io.BufferedReader name='/dev/null'>]
autopkgtest-virt-qemu: DBG:  +< cat
autopkgtest-virt-qemu: DBG:  +> /tmp/autopkgtest-qemu.nnvsddwj/runcmd sh -ec cat >/tmp/autopkgtest.5TVQe7/libdata-validate-domain-perl_0.10.orig.tar.gz
autopkgtest-virt-qemu: DBG:  +>?
autopkgtest-virt-qemu: DBG:  +<?
autopkgtest: DBG: got reply from testbed: ok
autopkgtest: DBG: testbed command ['chown', '-R', 'openkylin', '--', '/tmp/autopkgtest.5TVQe7/libdata-validate-domain-perl_0.10.orig.tar.gz'], kind short, sout raw, serr pipe, env []
autopkgtest: DBG: testbed command exited with code 0
autopkgtest: DBG: testbed command ['mkdir', '-p', '/tmp/autopkgtest.5TVQe7'], kind short, sout raw, serr pipe, env []
autopkgtest: DBG: testbed command exited with code 0
autopkgtest: DBG: sending command to testbed: copydown /home/minami/Documents/openkylin-riscv/src/libdata-validate-domain-perl_0.10-ok2.debian.tar.xz /tmp/autopkgtest.5TVQe7/libdata-validate-domain-perl_0.10-ok2.debian.tar.xz
autopkgtest-virt-qemu: DBG: executing copydown /home/minami/Documents/openkylin-riscv/src/libdata-validate-domain-perl_0.10-ok2.debian.tar.xz /tmp/autopkgtest.5TVQe7/libdata-validate-domain-perl_0.10-ok2.debian.tar.xz
autopkgtest-virt-qemu: DBG: ['cmdls', "(['cat'], ['/tmp/autopkgtest-qemu.nnvsddwj/runcmd', 'sh', '-ec', 'cat >/tmp/autopkgtest.5TVQe7/libdata-validate-domain-perl_0.10-ok2.debian.tar.xz'])"]
autopkgtest-virt-qemu: DBG: ['srcstdin', "<_io.BufferedReader name='/home/minami/Documents/openkylin-riscv/src/libdata-validate-domain-perl_0.10-ok2.debian.tar.xz'>", 'deststdout', "<_io.BufferedReader name='/dev/null'>", 'devnull_read', <_io.BufferedReader name='/dev/null'>]
autopkgtest-virt-qemu: DBG:  +< cat
autopkgtest-virt-qemu: DBG:  +> /tmp/autopkgtest-qemu.nnvsddwj/runcmd sh -ec cat >/tmp/autopkgtest.5TVQe7/libdata-validate-domain-perl_0.10-ok2.debian.tar.xz
autopkgtest-virt-qemu: DBG:  +>?
autopkgtest-virt-qemu: DBG:  +<?
autopkgtest: DBG: got reply from testbed: ok
autopkgtest: DBG: testbed command ['chown', '-R', 'openkylin', '--', '/tmp/autopkgtest.5TVQe7/libdata-validate-domain-perl_0.10-ok2.debian.tar.xz'], kind short, sout raw, serr pipe, env []
autopkgtest: DBG: testbed command exited with code 0
autopkgtest: DBG: install_deps: deps_new=[]
autopkgtest: DBG: testbed command ['sh', '-ec', 'command -v dpkg-source'], kind short, sout pipe, serr pipe, env []
autopkgtest: DBG: testbed command exited with code 0
autopkgtest: DBG: testbed command ['sh', '-ec', 'su --shell=/bin/sh openkylin -c \'set -e; exec 3>&1 >&2; set -x; cd /; builddir=$(mktemp -d /tmp/autopkgtest.5TVQe7/build.XXX); cd $builddir; dpkg-source -x "/tmp/autopkgtest.5TVQe7/libdata-validate-domain-perl_0.10-ok2.dsc" src; chmod -R a+rX .; cd [a-z0-9]*/.; pwd >&3; sed -n "1 {s/).*//; s/ (/\\n/; p}" debian/changelog >&3\''], kind build, sout pipe, serr raw, env []
+ cd /
+ mktemp -d /tmp/autopkgtest.5TVQe7/build.XXX
+ builddir=/tmp/autopkgtest.5TVQe7/build.rY5
+ cd /tmp/autopkgtest.5TVQe7/build.rY5
+ dpkg-source -x /tmp/autopkgtest.5TVQe7/libdata-validate-domain-perl_0.10-ok2.dsc src
gpgv: unknown type of key resource 'trustedkeys.kbx'
gpgv: keyblock resource '/tmp/dpkg-verify-sig.2L5TK1Sd/trustedkeys.kbx': General error
gpgv: Signature made Wed 19 Oct 2022 09:22:46 AM UTC
gpgv:                using RSA key 64FBB79F5EAE64D792E94CFE0716F00F842CD274
gpgv: Can't check signature: No public key
dpkg-source: warning: cannot verify signature /tmp/autopkgtest.5TVQe7/libdata-validate-domain-perl_0.10-ok2.dsc
dpkg-source: info: extracting libdata-validate-domain-perl in src
dpkg-source: info: unpacking libdata-validate-domain-perl_0.10.orig.tar.gz
dpkg-source: info: unpacking libdata-validate-domain-perl_0.10-ok2.debian.tar.xz
+ chmod -R a+rX .
+ cd src/.
+ pwd
+ sed -n 1 {s/).*//; s/ (/\n/; p} debian/changelog
autopkgtest: DBG: testbed command exited with code 0
autopkgtest [21:11:25]: testing package libdata-validate-domain-perl version 0.10-ok2
autopkgtest: DBG: sending command to testbed: copyup /tmp/autopkgtest.5TVQe7/build.rY5/src/debian/ /home/minami/Documents/openkylin-riscv/test/libdata-validate-domain-perl/pkg/debian/
autopkgtest-virt-qemu: DBG: executing copyup /tmp/autopkgtest.5TVQe7/build.rY5/src/debian/ /home/minami/Documents/openkylin-riscv/test/libdata-validate-domain-perl/pkg/debian/
autopkgtest-virt-qemu: DBG: ['cmdls', "(['/tmp/autopkgtest-qemu.nnvsddwj/runcmd', 'sh', '-ec', 'cd /tmp/autopkgtest.5TVQe7/build.rY5/src/debian/; tar --warning=none -c . -f -'], ['tar', '--directory', '/home/minami/Documents/openkylin-riscv/test/libdata-validate-domain-perl/pkg/debian/', '--warning=none', '--preserve-permissions', '--extract', '--no-same-owner', '-f', '-'])"]
autopkgtest-virt-qemu: DBG: ['srcstdin', "<_io.BufferedReader name='/dev/null'>", 'deststdout', "<_io.BufferedReader name='/dev/null'>", 'devnull_read', <_io.BufferedReader name='/dev/null'>]
autopkgtest-virt-qemu: DBG:  +< /tmp/autopkgtest-qemu.nnvsddwj/runcmd sh -ec cd /tmp/autopkgtest.5TVQe7/build.rY5/src/debian/; tar --warning=none -c . -f -
autopkgtest-virt-qemu: DBG:  +> tar --directory /home/minami/Documents/openkylin-riscv/test/libdata-validate-domain-perl/pkg/debian/ --warning=none --preserve-permissions --extract --no-same-owner -f -
autopkgtest-virt-qemu: DBG:  +>?
autopkgtest-virt-qemu: DBG:  +<?
autopkgtest: DBG: got reply from testbed: ok
autopkgtest: DBG: autodep8 failed to generate control (exit status 1): 
autopkgtest [21:11:25]: build not needed
autopkgtest: DBG: sending command to testbed: copyup /tmp/autopkgtest.5TVQe7/build.rY5/src/ /home/minami/Documents/openkylin-riscv/test/libdata-validate-domain-perl/tests-tree/
autopkgtest-virt-qemu: DBG: executing copyup /tmp/autopkgtest.5TVQe7/build.rY5/src/ /home/minami/Documents/openkylin-riscv/test/libdata-validate-domain-perl/tests-tree/
autopkgtest-virt-qemu: DBG: ['cmdls', "(['/tmp/autopkgtest-qemu.nnvsddwj/runcmd', 'sh', '-ec', 'cd /tmp/autopkgtest.5TVQe7/build.rY5/src/; tar --warning=none -c . -f -'], ['tar', '--directory', '/home/minami/Documents/openkylin-riscv/test/libdata-validate-domain-perl/tests-tree/', '--warning=none', '--preserve-permissions', '--extract', '--no-same-owner', '-f', '-'])"]
autopkgtest-virt-qemu: DBG: ['srcstdin', "<_io.BufferedReader name='/dev/null'>", 'deststdout', "<_io.BufferedReader name='/dev/null'>", 'devnull_read', <_io.BufferedReader name='/dev/null'>]
autopkgtest-virt-qemu: DBG:  +< /tmp/autopkgtest-qemu.nnvsddwj/runcmd sh -ec cd /tmp/autopkgtest.5TVQe7/build.rY5/src/; tar --warning=none -c . -f -
autopkgtest-virt-qemu: DBG:  +> tar --directory /home/minami/Documents/openkylin-riscv/test/libdata-validate-domain-perl/tests-tree/ --warning=none --preserve-permissions --extract --no-same-owner -f -
autopkgtest-virt-qemu: DBG:  +>?
autopkgtest-virt-qemu: DBG:  +<?
autopkgtest: DBG: got reply from testbed: ok
autopkgtest: DBG: autodep8 generated control: -----
Test-Command: /usr/share/pkg-perl-autopkgtest/runner build-deps
Depends: @, @builddeps@, pkg-perl-autopkgtest, 
Restrictions: skippable, 
Features: test-name=autodep8-perl-build-deps


Test-Command: /usr/share/pkg-perl-autopkgtest/runner runtime-deps
Depends: @, pkg-perl-autopkgtest, 
Restrictions: skippable, superficial, 
Features: test-name=autodep8-perl


Test-Command: /usr/share/pkg-perl-autopkgtest/runner runtime-deps-and-recommends
Depends: @, pkg-perl-autopkgtest, 
Restrictions: needs-recommends, skippable, superficial, 
Features: test-name=autodep8-perl-recommends


-------
autopkgtest: DBG: processing dependency @
autopkgtest: DBG: synthesised dependency libdata-validate-domain-perl
autopkgtest: DBG: processing dependency @builddeps@
autopkgtest: DBG: synthesised dependency debhelper-compat (= 13)
autopkgtest: DBG: synthesised dependency perl
autopkgtest: DBG: synthesised dependency libnet-domain-tld-perl
autopkgtest: DBG: synthesised dependency build-essential
autopkgtest: DBG: processing dependency pkg-perl-autopkgtest
autopkgtest: DBG: Test defined: name autodep8-perl-build-deps path None command "/usr/share/pkg-perl-autopkgtest/runner build-deps" restrictions ['skippable'] features ['test-name=autodep8-perl-build-deps'] depends ['libdata-validate-domain-perl', 'debhelper-compat (= 13)', 'perl', 'libnet-domain-tld-perl', 'build-essential', 'pkg-perl-autopkgtest'] 
autopkgtest: DBG: processing dependency @
autopkgtest: DBG: synthesised dependency libdata-validate-domain-perl
autopkgtest: DBG: processing dependency pkg-perl-autopkgtest
autopkgtest: DBG: Test defined: name autodep8-perl path None command "/usr/share/pkg-perl-autopkgtest/runner runtime-deps" restrictions ['skippable', 'superficial'] features ['test-name=autodep8-perl'] depends ['libdata-validate-domain-perl', 'pkg-perl-autopkgtest'] 
autopkgtest: DBG: processing dependency @
autopkgtest: DBG: synthesised dependency libdata-validate-domain-perl
autopkgtest: DBG: processing dependency pkg-perl-autopkgtest
autopkgtest: DBG: processing dependency @recommends@
autopkgtest: DBG: Test defined: name autodep8-perl-recommends path None command "/usr/share/pkg-perl-autopkgtest/runner runtime-deps-and-recommends" restrictions ['needs-recommends', 'skippable', 'superficial'] features ['test-name=autodep8-perl-recommends'] depends ['libdata-validate-domain-perl', 'pkg-perl-autopkgtest'] 
autopkgtest [21:11:26]: test autodep8-perl-build-deps: preparing testbed
autopkgtest: DBG: testbed reset: modified=False, deps_installed=[], deps_new=['libdata-validate-domain-perl', 'debhelper-compat (= 13)', 'perl', 'libnet-domain-tld-perl', 'build-essential', 'pkg-perl-autopkgtest']
autopkgtest: DBG: Binaries: no registered binaries, not publishing anything
autopkgtest: DBG: install_deps: deps_new=['libdata-validate-domain-perl', 'debhelper-compat (= 13)', 'perl', 'libnet-domain-tld-perl', 'build-essential', 'pkg-perl-autopkgtest']
autopkgtest: DBG: install-deps: satisfying libdata-validate-domain-perl, debhelper-compat (= 13), perl, libnet-domain-tld-perl, build-essential, pkg-perl-autopkgtest
autopkgtest: DBG: install-deps: architecture resolved: libdata-validate-domain-perl, debhelper-compat (= 13), perl, libnet-domain-tld-perl, build-essential, pkg-perl-autopkgtest
autopkgtest: DBG: testbed command ['test', '-w', '/var/lib/dpkg/status'], kind short, sout raw, serr raw, env []
autopkgtest: DBG: testbed command exited with code 0
autopkgtest: DBG: can use apt-get on testbed: True
autopkgtest: DBG: testbed command ['mkdir', '-p', '/tmp/autopkgtest.5TVQe7'], kind short, sout raw, serr pipe, env []
autopkgtest: DBG: testbed command exited with code 0
autopkgtest: DBG: sending command to testbed: copydown /home/minami/Documents/openkylin-riscv/test/libdata-validate-domain-perl/1-autopkgtest-satdep.deb /tmp/autopkgtest.5TVQe7/1-autopkgtest-satdep.deb
autopkgtest-virt-qemu: DBG: executing copydown /home/minami/Documents/openkylin-riscv/test/libdata-validate-domain-perl/1-autopkgtest-satdep.deb /tmp/autopkgtest.5TVQe7/1-autopkgtest-satdep.deb
autopkgtest-virt-qemu: DBG: ['cmdls', "(['cat'], ['/tmp/autopkgtest-qemu.nnvsddwj/runcmd', 'sh', '-ec', 'cat >/tmp/autopkgtest.5TVQe7/1-autopkgtest-satdep.deb'])"]
autopkgtest-virt-qemu: DBG: ['srcstdin', "<_io.BufferedReader name='/home/minami/Documents/openkylin-riscv/test/libdata-validate-domain-perl/1-autopkgtest-satdep.deb'>", 'deststdout', "<_io.BufferedReader name='/dev/null'>", 'devnull_read', <_io.BufferedReader name='/dev/null'>]
autopkgtest-virt-qemu: DBG:  +< cat
autopkgtest-virt-qemu: DBG:  +> /tmp/autopkgtest-qemu.nnvsddwj/runcmd sh -ec cat >/tmp/autopkgtest.5TVQe7/1-autopkgtest-satdep.deb
autopkgtest-virt-qemu: DBG:  +>?
autopkgtest-virt-qemu: DBG:  +<?
autopkgtest: DBG: got reply from testbed: ok
autopkgtest: DBG: testbed command ['chown', '-R', 'openkylin', '--', '/tmp/autopkgtest.5TVQe7/1-autopkgtest-satdep.deb'], kind short, sout raw, serr pipe, env []
autopkgtest: DBG: testbed command exited with code 0
autopkgtest: DBG: testbed command ['dpkg', '--unpack', '/tmp/autopkgtest.5TVQe7/1-autopkgtest-satdep.deb'], kind short, sout pipe, serr pipe, env []
autopkgtest: DBG: testbed command exited with code 0
autopkgtest: DBG: testbed command ['/bin/sh', '-ec', ' apt-get install --assume-yes --fix-broken -o APT::Status-Fd=3 -o APT::Install-Recommends=false -o Dpkg::Options::=--force-confnew -o Debug::pkgProblemResolver=true 3>&2 2>&1'], kind install, sout raw, serr pipe, env ['DEBIAN_FRONTEND=noninteractive', 'APT_LISTBUGS_FRONTEND=none', 'APT_LISTCHANGES_FRONTEND=none']
Reading package lists...
Building dependency tree...
Reading state information...
Correcting dependencies...Starting pkgProblemResolver with broken count: 0
Starting 2 pkgProblemResolver with broken count: 0
Done
 Done
Starting pkgProblemResolver with broken count: 0
Starting 2 pkgProblemResolver with broken count: 0
Done
The following packages were automatically installed and are no longer required:
  libdjvulibre-text libdjvulibre21 libegl-dev libgl-dev libglu1-mesa-dev
  libglx-dev libmpdec2 libvulkan-dev libx11-dev libxau-dev libxcb1-dev
  libxdmcp-dev libxext-dev qt5-qmake qt5-qmake-bin x11proto-core-dev
  x11proto-dev xorg-sgml-doctools xtrans-dev
Use 'apt autoremove' to remove them.
The following additional packages will be installed:
  autoconf autodep8 automake autopoint autotools-dev build-essential
  dctrl-tools debhelper debugedit dh-autoreconf dh-strip-nondeterminism dwz
  g++ g++-9 gcc gcc-9 intltool-debian libarchive-zip-perl libcc1-0
  libdata-validate-domain-perl libdebhelper-perl
  libfile-stripnondeterminism-perl libnet-domain-tld-perl libsigsegv2
  libsub-override-perl libtool m4 pkg-perl-autopkgtest po-debconf
Suggested packages:
  autoconf-archive gnu-standards autoconf-doc debtags dh-make gcc-9-doc bison
  flex gcc-doc gcc-multilib gdb manpages-dev gcc-9-locales libtool-doc
  gfortran | fortran95-compiler gcj-jdk m4-doc libmail-box-perl
Recommended packages:
  libarchive-cpio-perl libltdl-dev libmail-sendmail-perl
The following NEW packages will be installed:
  autoconf autodep8 automake autopoint autotools-dev build-essential
  dctrl-tools debhelper debugedit dh-autoreconf dh-strip-nondeterminism dwz
  g++ g++-9 gcc gcc-9 intltool-debian libarchive-zip-perl libcc1-0
  libdata-validate-domain-perl libdebhelper-perl
  libfile-stripnondeterminism-perl libnet-domain-tld-perl libsigsegv2
  libsub-override-perl libtool m4 pkg-perl-autopkgtest po-debconf
0 upgraded, 29 newly installed, 0 to remove and 18 not upgraded.
1 not fully installed or removed.
Need to get 18.5 MB of archives.
After this operation, 45.7 MB of additional disk space will be used.
Get:1 http://archive.build.openkylin.top/openkylin yangtze/main riscv64 libnet-domain-tld-perl all 1.75-ok2 [36.0 kB]
Get:2 http://ppa.build.openkylin.top/kylinsoft/anything/openkylin yangtze/main riscv64 autodep8 all 0.22-ok1 [10.1 kB]
Get:3 http://ppa.build.openkylin.top/kylinsoft/anything/openkylin yangtze/main riscv64 pkg-perl-autopkgtest all 0.59-ok1 [8,208 B]
Get:4 http://archive.build.openkylin.top/openkylin yangtze/main riscv64 libdata-validate-domain-perl all 0.10-ok2 [16.5 kB]
Get:5 http://archive.build.openkylin.top/openkylin yangtze/main riscv64 autotools-dev all 20220506-ok1 [41.6 kB]
Get:6 http://archive.build.openkylin.top/openkylin yangtze/main riscv64 debugedit riscv64 1:5.0-ok1 [71.2 kB]
Get:7 http://archive.build.openkylin.top/openkylin yangtze/main riscv64 libsigsegv2 riscv64 2.12-ok1 [11.5 kB]
Get:8 http://archive.build.openkylin.top/openkylin yangtze/main riscv64 m4 riscv64 1.4.18-ok2 [191 kB]
Get:9 http://archive.build.openkylin.top/openkylin yangtze/main riscv64 autoconf all 2.71-ok2 [390 kB]
Get:10 http://archive.build.openkylin.top/openkylin yangtze/main riscv64 automake all 1:1.16.5-ok1 [557 kB]
Get:11 http://archive.build.openkylin.top/openkylin yangtze/main riscv64 autopoint all 0.19.8.1-ok1 [410 kB]
Get:12 http://archive.build.openkylin.top/openkylin yangtze/main riscv64 libdebhelper-perl all 13.6-ok1 [61.4 kB]
Get:13 http://archive.build.openkylin.top/openkylin yangtze/main riscv64 libcc1-0 riscv64 10-20200411-ok5 [42.3 kB]
Get:14 http://archive.build.openkylin.top/openkylin yangtze/main riscv64 gcc-9 riscv64 9.3.0-ok4 [7,417 kB]
Get:15 http://archive.build.openkylin.top/openkylin yangtze/main riscv64 gcc riscv64 4:9.3.0-ok7 [5,160 B]
Get:16 http://archive.build.openkylin.top/openkylin yangtze/main riscv64 libtool all 2.4.6-ok1 [159 kB]
Get:17 http://archive.build.openkylin.top/openkylin yangtze/main riscv64 dh-autoreconf all 20-ok1 [16.3 kB]
Get:18 http://archive.build.openkylin.top/openkylin yangtze/main riscv64 libarchive-zip-perl all 1.68-ok1 [90.7 kB]
Get:19 http://archive.build.openkylin.top/openkylin yangtze/main riscv64 libsub-override-perl all 0.09-ok2 [8,374 B]
Get:20 http://archive.build.openkylin.top/openkylin yangtze/main riscv64 libfile-stripnondeterminism-perl all 1.13.0-ok1 [16.8 kB]
Get:21 http://archive.build.openkylin.top/openkylin yangtze/main riscv64 dh-strip-nondeterminism all 1.13.0-ok1 [5,334 B]
Get:22 http://archive.build.openkylin.top/openkylin yangtze/main riscv64 dwz riscv64 0.14-ok1 [123 kB]
Get:23 http://archive.build.openkylin.top/openkylin yangtze/main riscv64 intltool-debian all 0.35.0+20060710.5-ok2 [23.2 kB]
Get:24 http://archive.build.openkylin.top/openkylin yangtze/main riscv64 po-debconf all 1.0.21+nmu1-ok1 [227 kB]
Get:25 http://archive.build.openkylin.top/openkylin yangtze/main riscv64 debhelper all 13.6-ok1 [931 kB]
Get:26 http://archive.build.openkylin.top/openkylin yangtze/main riscv64 g++-9 riscv64 9.3.0-ok4 [7,571 kB]
Get:27 http://archive.build.openkylin.top/openkylin yangtze/main riscv64 g++ riscv64 4:9.3.0-ok7 [1,470 B]
Get:28 http://archive.build.openkylin.top/openkylin yangtze/main riscv64 build-essential riscv64 12.8-ok1 [4,000 B]
Get:29 http://archive.build.openkylin.top/openkylin yangtze/main riscv64 dctrl-tools riscv64 2.24-ok1 [55.6 kB]
Fetched 18.5 MB in 7s (2,694 kB/s)
Selecting previously unselected package libnet-domain-tld-perl.
(Reading database ... (Reading database ... 5%(Reading database ... 10%(Reading database ... 15%(Reading database ... 20%(Reading database ... 25%(Reading database ... 30%(Reading database ... 35%(Reading database ... 40%(Reading database ... 45%(Reading database ... 50%(Reading database ... 55%(Reading database ... 60%(Reading database ... 65%(Reading database ... 70%(Reading database ... 75%(Reading database ... 80%(Reading database ... 85%(Reading database ... 90%(Reading database ... 95%(Reading database ... 100%(Reading database ... 161111 files and directories currently installed.)
Preparing to unpack .../00-libnet-domain-tld-perl_1.75-ok2_all.deb ...
Unpacking libnet-domain-tld-perl (1.75-ok2) ...
Selecting previously unselected package libdata-validate-domain-perl.
Preparing to unpack .../01-libdata-validate-domain-perl_0.10-ok2_all.deb ...
Unpacking libdata-validate-domain-perl (0.10-ok2) ...
Selecting previously unselected package autotools-dev.
Preparing to unpack .../02-autotools-dev_20220506-ok1_all.deb ...
Unpacking autotools-dev (20220506-ok1) ...
Selecting previously unselected package debugedit.
Preparing to unpack .../03-debugedit_1%3a5.0-ok1_riscv64.deb ...
Unpacking debugedit (1:5.0-ok1) ...
Selecting previously unselected package libsigsegv2:riscv64.
Preparing to unpack .../04-libsigsegv2_2.12-ok1_riscv64.deb ...
Unpacking libsigsegv2:riscv64 (2.12-ok1) ...
Selecting previously unselected package m4.
Preparing to unpack .../05-m4_1.4.18-ok2_riscv64.deb ...
Unpacking m4 (1.4.18-ok2) ...
Selecting previously unselected package autoconf.
Preparing to unpack .../06-autoconf_2.71-ok2_all.deb ...
Unpacking autoconf (2.71-ok2) ...
Selecting previously unselected package automake.
Preparing to unpack .../07-automake_1%3a1.16.5-ok1_all.deb ...
Unpacking automake (1:1.16.5-ok1) ...
Selecting previously unselected package autopoint.
Preparing to unpack .../08-autopoint_0.19.8.1-ok1_all.deb ...
Unpacking autopoint (0.19.8.1-ok1) ...
Selecting previously unselected package libdebhelper-perl.
Preparing to unpack .../09-libdebhelper-perl_13.6-ok1_all.deb ...
Unpacking libdebhelper-perl (13.6-ok1) ...
Selecting previously unselected package libcc1-0:riscv64.
Preparing to unpack .../10-libcc1-0_10-20200411-ok5_riscv64.deb ...
Unpacking libcc1-0:riscv64 (10-20200411-ok5) ...
Selecting previously unselected package gcc-9.
Preparing to unpack .../11-gcc-9_9.3.0-ok4_riscv64.deb ...
Unpacking gcc-9 (9.3.0-ok4) ...
Selecting previously unselected package gcc.
Preparing to unpack .../12-gcc_4%3a9.3.0-ok7_riscv64.deb ...
Unpacking gcc (4:9.3.0-ok7) ...
Selecting previously unselected package libtool.
Preparing to unpack .../13-libtool_2.4.6-ok1_all.deb ...
Unpacking libtool (2.4.6-ok1) ...
Selecting previously unselected package dh-autoreconf.
Preparing to unpack .../14-dh-autoreconf_20-ok1_all.deb ...
Unpacking dh-autoreconf (20-ok1) ...
Selecting previously unselected package libarchive-zip-perl.
Preparing to unpack .../15-libarchive-zip-perl_1.68-ok1_all.deb ...
Unpacking libarchive-zip-perl (1.68-ok1) ...
Selecting previously unselected package libsub-override-perl.
Preparing to unpack .../16-libsub-override-perl_0.09-ok2_all.deb ...
Unpacking libsub-override-perl (0.09-ok2) ...
Selecting previously unselected package libfile-stripnondeterminism-perl.
Preparing to unpack .../17-libfile-stripnondeterminism-perl_1.13.0-ok1_all.deb ...
Unpacking libfile-stripnondeterminism-perl (1.13.0-ok1) ...
Selecting previously unselected package dh-strip-nondeterminism.
Preparing to unpack .../18-dh-strip-nondeterminism_1.13.0-ok1_all.deb ...
Unpacking dh-strip-nondeterminism (1.13.0-ok1) ...
Selecting previously unselected package dwz.
Preparing to unpack .../19-dwz_0.14-ok1_riscv64.deb ...
Unpacking dwz (0.14-ok1) ...
Selecting previously unselected package intltool-debian.
Preparing to unpack .../20-intltool-debian_0.35.0+20060710.5-ok2_all.deb ...
Unpacking intltool-debian (0.35.0+20060710.5-ok2) ...
Selecting previously unselected package po-debconf.
Preparing to unpack .../21-po-debconf_1.0.21+nmu1-ok1_all.deb ...
Unpacking po-debconf (1.0.21+nmu1-ok1) ...
Selecting previously unselected package debhelper.
Preparing to unpack .../22-debhelper_13.6-ok1_all.deb ...
Unpacking debhelper (13.6-ok1) ...
Selecting previously unselected package g++-9.
Preparing to unpack .../23-g++-9_9.3.0-ok4_riscv64.deb ...
Unpacking g++-9 (9.3.0-ok4) ...
Selecting previously unselected package g++.
Preparing to unpack .../24-g++_4%3a9.3.0-ok7_riscv64.deb ...
Unpacking g++ (4:9.3.0-ok7) ...
Selecting previously unselected package build-essential.
Preparing to unpack .../25-build-essential_12.8-ok1_riscv64.deb ...
Unpacking build-essential (12.8-ok1) ...
Selecting previously unselected package dctrl-tools.
Preparing to unpack .../26-dctrl-tools_2.24-ok1_riscv64.deb ...
Unpacking dctrl-tools (2.24-ok1) ...
Selecting previously unselected package autodep8.
Preparing to unpack .../27-autodep8_0.22-ok1_all.deb ...
Unpacking autodep8 (0.22-ok1) ...
Selecting previously unselected package pkg-perl-autopkgtest.
Preparing to unpack .../28-pkg-perl-autopkgtest_0.59-ok1_all.deb ...
Unpacking pkg-perl-autopkgtest (0.59-ok1) ...
Setting up libarchive-zip-perl (1.68-ok1) ...
Setting up libdebhelper-perl (13.6-ok1) ...
Setting up intltool-debian (0.35.0+20060710.5-ok2) ...
Setting up autotools-dev (20220506-ok1) ...
Setting up libnet-domain-tld-perl (1.75-ok2) ...
Setting up libsigsegv2:riscv64 (2.12-ok1) ...
Setting up autopoint (0.19.8.1-ok1) ...
Setting up dwz (0.14-ok1) ...
Setting up libdata-validate-domain-perl (0.10-ok2) ...
Setting up debugedit (1:5.0-ok1) ...
Setting up libsub-override-perl (0.09-ok2) ...
Setting up libcc1-0:riscv64 (10-20200411-ok5) ...
Setting up dctrl-tools (2.24-ok1) ...
Setting up autodep8 (0.22-ok1) ...
Setting up libfile-stripnondeterminism-perl (1.13.0-ok1) ...
Setting up gcc-9 (9.3.0-ok4) ...
Setting up libtool (2.4.6-ok1) ...
Setting up po-debconf (1.0.21+nmu1-ok1) ...
Setting up m4 (1.4.18-ok2) ...
Setting up gcc (4:9.3.0-ok7) ...
Setting up g++-9 (9.3.0-ok4) ...
Setting up pkg-perl-autopkgtest (0.59-ok1) ...
Setting up autoconf (2.71-ok2) ...
Setting up dh-strip-nondeterminism (1.13.0-ok1) ...
Setting up g++ (4:9.3.0-ok7) ...
update-alternatives: using /usr/bin/g++ to provide /usr/bin/c++ (c++) in auto mode
Setting up build-essential (12.8-ok1) ...
Setting up automake (1:1.16.5-ok1) ...
update-alternatives: using /usr/bin/automake-1.16 to provide /usr/bin/automake (automake) in auto mode
Setting up dh-autoreconf (20-ok1) ...
Setting up debhelper (13.6-ok1) ...
Setting up autopkgtest-satdep (0) ...
Processing triggers for man-db (2.9.1-ok3) ...
Processing triggers for install-info (6.7.0.dfsg.2-ok1) ...
Processing triggers for libc-bin (2.36-ok2) ...
autopkgtest: DBG: testbed command exited with code 0
autopkgtest: DBG: testbed command ['dpkg-query', '--show', '-f', '${Status}', 'libdata-validate-domain-perl'], kind short, sout pipe, serr pipe, env []
autopkgtest: DBG: testbed command exited with code 0
autopkgtest: DBG: testbed command ['dpkg', '--status', 'autopkgtest-satdep'], kind short, sout pipe, serr pipe, env []
autopkgtest: DBG: testbed command exited with code 0
autopkgtest: DBG: testbed command ['apt-get', '--simulate', '--quiet', '-o', 'APT::Get::Show-User-Simulation-Note=False', '--auto-remove', 'purge', 'autopkgtest-satdep'], kind short, sout pipe, serr pipe, env []
autopkgtest: DBG: testbed command exited with code 0
autopkgtest: DBG: Marking test dependencies as manually installed: pkg-perl-autopkgtest autodep8 dctrl-tools dh-autoreconf debhelper dh-strip-nondeterminism debugedit dwz po-debconf intltool-debian libfile-stripnondeterminism-perl libarchive-zip-perl libdata-validate-domain-perl libdebhelper-perl libdjvulibre21 libdjvulibre-text libegl-dev libglu1-mesa-dev libgl-dev libglx-dev libmpdec2 libnet-domain-tld-perl libsub-override-perl libvulkan-dev libxext-dev libx11-dev libxcb1-dev libxau-dev libxdmcp-dev qt5-qmake qt5-qmake-bin x11proto-core-dev x11proto-dev xorg-sgml-doctools xtrans-dev
autopkgtest: DBG: testbed command ['apt-mark', 'manual', '-qq', 'pkg-perl-autopkgtest', 'autodep8', 'dctrl-tools', 'dh-autoreconf', 'debhelper', 'dh-strip-nondeterminism', 'debugedit', 'dwz', 'po-debconf', 'intltool-debian', 'libfile-stripnondeterminism-perl', 'libarchive-zip-perl', 'libdata-validate-domain-perl', 'libdebhelper-perl', 'libdjvulibre21', 'libdjvulibre-text', 'libegl-dev', 'libglu1-mesa-dev', 'libgl-dev', 'libglx-dev'], kind short, sout raw, serr pipe, env []
autopkgtest: DBG: testbed command exited with code 0
autopkgtest: DBG: testbed command ['apt-mark', 'manual', '-qq', 'libmpdec2', 'libnet-domain-tld-perl', 'libsub-override-perl', 'libvulkan-dev', 'libxext-dev', 'libx11-dev', 'libxcb1-dev', 'libxau-dev', 'libxdmcp-dev', 'qt5-qmake', 'qt5-qmake-bin', 'x11proto-core-dev', 'x11proto-dev', 'xorg-sgml-doctools', 'xtrans-dev'], kind short, sout raw, serr pipe, env []
autopkgtest: DBG: testbed command exited with code 0
autopkgtest: DBG: testbed command ['dpkg', '--purge', 'autopkgtest-satdep'], kind short, sout raw, serr raw, env []
(Reading database ... 162293 files and directories currently installed.)
Removing autopkgtest-satdep (0) ...
autopkgtest: DBG: testbed command exited with code 0
autopkgtest: DBG: testbed command ['sh', '-ec', 'command -v dpkg-query'], kind short, sout pipe, serr pipe, env []
autopkgtest: DBG: testbed command exited with code 0
autopkgtest: DBG: testbed command ['sh', '-ec', "dpkg-query --show -f '${Package}\\t${Version}\\n' > /tmp/autopkgtest.5TVQe7/autodep8-perl-build-deps-packages.all"], kind short, sout raw, serr pipe, env []
autopkgtest: DBG: testbed command exited with code 0
autopkgtest: DBG: sending command to testbed: copyup /tmp/autopkgtest.5TVQe7/autodep8-perl-build-deps-packages.all /home/minami/Documents/openkylin-riscv/test/libdata-validate-domain-perl/autodep8-perl-build-deps-packages.all
autopkgtest-virt-qemu: DBG: executing copyup /tmp/autopkgtest.5TVQe7/autodep8-perl-build-deps-packages.all /home/minami/Documents/openkylin-riscv/test/libdata-validate-domain-perl/autodep8-perl-build-deps-packages.all
autopkgtest-virt-qemu: DBG: ['cmdls', "(['/tmp/autopkgtest-qemu.nnvsddwj/runcmd', 'sh', '-ec', 'cat </tmp/autopkgtest.5TVQe7/autodep8-perl-build-deps-packages.all'], ['cat'])"]
autopkgtest-virt-qemu: DBG: ['srcstdin', "<_io.BufferedReader name='/dev/null'>", 'deststdout', "<_io.BufferedWriter name='/home/minami/Documents/openkylin-riscv/test/libdata-validate-domain-perl/autodep8-perl-build-deps-packages.all'>", 'devnull_read', <_io.BufferedReader name='/dev/null'>]
autopkgtest-virt-qemu: DBG:  +< /tmp/autopkgtest-qemu.nnvsddwj/runcmd sh -ec cat </tmp/autopkgtest.5TVQe7/autodep8-perl-build-deps-packages.all
autopkgtest-virt-qemu: DBG:  +> cat
autopkgtest-virt-qemu: DBG:  +>?
autopkgtest-virt-qemu: DBG:  +<?
autopkgtest: DBG: got reply from testbed: ok
autopkgtest: DBG: testbed command ['test', '-e', '/tmp/autopkgtest.5TVQe7/build.rY5/src'], kind short, sout raw, serr raw, env []
autopkgtest: DBG: testbed command exited with code 0
autopkgtest: DBG: copydown: tb path /tmp/autopkgtest.5TVQe7/build.rY5/src already exists
autopkgtest [21:13:11]: test autodep8-perl-build-deps: /usr/share/pkg-perl-autopkgtest/runner build-deps
autopkgtest [21:13:11]: test autodep8-perl-build-deps: [-----------------------
autopkgtest: DBG: testbed command ['su', '-s', '/bin/bash', 'openkylin', '-c', 'set -e; export USER=`id -nu`; . /etc/profile >/dev/null 2>&1 || true;  . ~/.profile >/dev/null 2>&1 || true; buildtree="/tmp/autopkgtest.5TVQe7/build.rY5/src"; mkdir -p -m 1777 -- "/tmp/autopkgtest.5TVQe7/autodep8-perl-build-deps-artifacts"; export AUTOPKGTEST_ARTIFACTS="/tmp/autopkgtest.5TVQe7/autodep8-perl-build-deps-artifacts"; export ADT_ARTIFACTS="$AUTOPKGTEST_ARTIFACTS"; mkdir -p -m 755 "/tmp/autopkgtest.5TVQe7/autopkgtest_tmp"; export AUTOPKGTEST_TMP="/tmp/autopkgtest.5TVQe7/autopkgtest_tmp"; export ADTTMP="$AUTOPKGTEST_TMP"; export DEBIAN_FRONTEND=noninteractive; export LANG=C.UTF-8; export DEB_BUILD_OPTIONS=parallel=8; unset LANGUAGE LC_CTYPE LC_NUMERIC LC_TIME LC_COLLATE   LC_MONETARY LC_MESSAGES LC_PAPER LC_NAME LC_ADDRESS   LC_TELEPHONE LC_MEASUREMENT LC_IDENTIFICATION LC_ALL;cd "$buildtree"; exec /tmp/autopkgtest.5TVQe7/wrapper.sh --script-pid-file=/tmp/autopkgtest_script_pid --stderr=/tmp/autopkgtest.5TVQe7/autodep8-perl-build-deps-stderr --stdout=/tmp/autopkgtest.5TVQe7/autodep8-perl-build-deps-stdout -- bash -ec \'/usr/share/pkg-perl-autopkgtest/runner build-deps\' ;'], kind test, sout raw, serr raw, env []
t/Data-Validate-Domain.t .. 
1..59
ok 1 - use Data::Validate::Domain;
ok 2 - is_domain_label www
ok 3 - is_domain_label w-w
ok 4 - is_domain_label neely
ok 5 - is_domain_label com
ok 6 - is_domain_label COM
ok 7 - is_domain_label 128
ok 8 - is_domain_label 
ok 9 - is_domain_label -bob
ok 10 - is_domain_label 1234567890123456789012345678901234567890123456789012345678901234567890
ok 11 - is_domain www.neely.cx
ok 12 - is_domain www.neely.cx.
ok 13 - is_domain www.neely.cx...
ok 14 - is_domain www.neely.lkj
ok 15 - is_domain neely.cx
ok 16 - is_domain test-neely.cx
ok 17 - is_domain aa.com
ok 18 - is_domain A-A.com
ok 19 - is_hostname aa.com
ok 20 - is_hostname aa.bb
ok 21 - is_hostname aa
ok 22 - is_domain 216.17.184.1
ok 23 - is_domain test_neely.cx
ok 24 - is_domain .neely.cx
ok 25 - is_domain -www.neely.cx
ok 26 - is_domain a
ok 27 - is_domain .
ok 28 - is_domain com.
ok 29 - is_domain com
ok 30 - is_domain net
ok 31 - is_domain uk
ok 32 - is_domain co.uk
ok 33 - is_domain 123456789012345678901234567890123456789012345678901234567890.1234567890123456789012345678901234567890.12345678901234567890123456789012345678901234567890.12345678901234567890123456789012345678901234567890.12345678901234567890123456789012345678901234567890.123456789012345678901234567890.com
ok 34 - is_domain myhost.neely w/domain_private_tld option
ok 35 - is_domain myhost.neely
ok 36 - is_domain com w/domain_allow_single_label option
ok 37 - is_domain neely w/domain_private_tld  and domain_allow_single_label option
ok 38 - is_domain neely
ok 39 - is_hostname("_spf"
ok 40 - is_hostname("_spf", {domain_allow_underscore = 1}
ok 41 - is_domain( "example\n.com")
ok 42 - is_domain_label( "example\n")
ok 43 - is_domain myhost.neely w/domain_private_tld option - precompiled regex
ok 44 - is_domain myhost.neely w/domain_private_tld option - precompiled regex looking for intra
ok 45 - $obj->is_domain co.uk
ok 46 - $private_tld_obj->is_domain myhost.neely
ok 47 - $private_tld_obj->is_domain myhost.neely72
ok 48 - $private_tld_obj->is_domain myhost.intra
ok 49 - $private_tld_obj->is_domain neely
ok 50 - $private_single_label_tld_obj->is_domain neely
ok 51 - $private_single_label_tld_obj->is_domain NEELY
ok 52 - $private_single_label_tld_obj->is_domain neely.cx
ok 53 - $private_tld_obj2->is_domain myhost.neely
ok 54 - $private_tld_obj2->is_domain myhost.neely72
ok 55 - $private_tld_obj2->is_domain myhost.intra
ok 56 - $private_tld_obj2->is_domain neely
ok 57 - $allow_underscore_obj->is_domain _spf.neely.cx
ok 58 - $allow_underscore_obj->is_domain _sip._tcp.neely.cx
ok 59 - $allow_underscore_obj->is_domain _spf
ok
t/Pod-Coverage.t .......... skipped: Test::Pod::Coverage 1.00 required for testing POD coverage
t/Pod.t ................... skipped: Test::Pod 1.00 required for testing POD
All tests successful.
Files=3, Tests=59,  4 wallclock secs ( 0.33 usr  0.18 sys +  2.68 cusr  0.87 csys =  4.06 CPU)
Result: PASS
autopkgtest: DBG: testbed command exited with code 0
autopkgtest [21:13:25]: test autodep8-perl-build-deps: -----------------------]
autopkgtest: DBG: testbed executing test finished with exit status 0
autopkgtest: DBG: sending command to testbed: copyup /tmp/autopkgtest.5TVQe7/autodep8-perl-build-deps-stdout /home/minami/Documents/openkylin-riscv/test/libdata-validate-domain-perl/autodep8-perl-build-deps-stdout
autopkgtest-virt-qemu: DBG: executing copyup /tmp/autopkgtest.5TVQe7/autodep8-perl-build-deps-stdout /home/minami/Documents/openkylin-riscv/test/libdata-validate-domain-perl/autodep8-perl-build-deps-stdout
autopkgtest-virt-qemu: DBG: ['cmdls', "(['/tmp/autopkgtest-qemu.nnvsddwj/runcmd', 'sh', '-ec', 'cat </tmp/autopkgtest.5TVQe7/autodep8-perl-build-deps-stdout'], ['cat'])"]
autopkgtest-virt-qemu: DBG: ['srcstdin', "<_io.BufferedReader name='/dev/null'>", 'deststdout', "<_io.BufferedWriter name='/home/minami/Documents/openkylin-riscv/test/libdata-validate-domain-perl/autodep8-perl-build-deps-stdout'>", 'devnull_read', <_io.BufferedReader name='/dev/null'>]
autopkgtest-virt-qemu: DBG:  +< /tmp/autopkgtest-qemu.nnvsddwj/runcmd sh -ec cat </tmp/autopkgtest.5TVQe7/autodep8-perl-build-deps-stdout
autopkgtest-virt-qemu: DBG:  +> cat
autopkgtest-virt-qemu: DBG:  +>?
autopkgtest-virt-qemu: DBG:  +<?
autopkgtest: DBG: got reply from testbed: ok
autopkgtest: DBG: sending command to testbed: copyup /tmp/autopkgtest.5TVQe7/autodep8-perl-build-deps-stderr /home/minami/Documents/openkylin-riscv/test/libdata-validate-domain-perl/autodep8-perl-build-deps-stderr
autopkgtest-virt-qemu: DBG: executing copyup /tmp/autopkgtest.5TVQe7/autodep8-perl-build-deps-stderr /home/minami/Documents/openkylin-riscv/test/libdata-validate-domain-perl/autodep8-perl-build-deps-stderr
autopkgtest-virt-qemu: DBG: ['cmdls', "(['/tmp/autopkgtest-qemu.nnvsddwj/runcmd', 'sh', '-ec', 'cat </tmp/autopkgtest.5TVQe7/autodep8-perl-build-deps-stderr'], ['cat'])"]
autopkgtest-virt-qemu: DBG: ['srcstdin', "<_io.BufferedReader name='/dev/null'>", 'deststdout', "<_io.BufferedWriter name='/home/minami/Documents/openkylin-riscv/test/libdata-validate-domain-perl/autodep8-perl-build-deps-stderr'>", 'devnull_read', <_io.BufferedReader name='/dev/null'>]
autopkgtest-virt-qemu: DBG:  +< /tmp/autopkgtest-qemu.nnvsddwj/runcmd sh -ec cat </tmp/autopkgtest.5TVQe7/autodep8-perl-build-deps-stderr
autopkgtest-virt-qemu: DBG:  +> cat
autopkgtest-virt-qemu: DBG:  +>?
autopkgtest-virt-qemu: DBG:  +<?
autopkgtest: DBG: got reply from testbed: ok
autopkgtest [21:13:26]: test autodep8-perl-build-deps:  - - - - - - - - - - results - - - - - - - - - -
autodep8-perl-build-deps PASS
autopkgtest: DBG: sending command to testbed: copyup /tmp/autopkgtest.5TVQe7/autodep8-perl-build-deps-artifacts/ /home/minami/Documents/openkylin-riscv/test/libdata-validate-domain-perl/artifacts/
autopkgtest-virt-qemu: DBG: executing copyup /tmp/autopkgtest.5TVQe7/autodep8-perl-build-deps-artifacts/ /home/minami/Documents/openkylin-riscv/test/libdata-validate-domain-perl/artifacts/
autopkgtest-virt-qemu: DBG: ['cmdls', "(['/tmp/autopkgtest-qemu.nnvsddwj/runcmd', 'sh', '-ec', 'cd /tmp/autopkgtest.5TVQe7/autodep8-perl-build-deps-artifacts/; tar --warning=none -c . -f -'], ['tar', '--directory', '/home/minami/Documents/openkylin-riscv/test/libdata-validate-domain-perl/artifacts/', '--warning=none', '--preserve-permissions', '--extract', '--no-same-owner', '-f', '-'])"]
autopkgtest-virt-qemu: DBG: ['srcstdin', "<_io.BufferedReader name='/dev/null'>", 'deststdout', "<_io.BufferedReader name='/dev/null'>", 'devnull_read', <_io.BufferedReader name='/dev/null'>]
autopkgtest-virt-qemu: DBG:  +< /tmp/autopkgtest-qemu.nnvsddwj/runcmd sh -ec cd /tmp/autopkgtest.5TVQe7/autodep8-perl-build-deps-artifacts/; tar --warning=none -c . -f -
autopkgtest-virt-qemu: DBG:  +> tar --directory /home/minami/Documents/openkylin-riscv/test/libdata-validate-domain-perl/artifacts/ --warning=none --preserve-permissions --extract --no-same-owner -f -
autopkgtest-virt-qemu: DBG:  +>?
autopkgtest-virt-qemu: DBG:  +<?
autopkgtest: DBG: got reply from testbed: ok
autopkgtest: DBG: testbed command ['rm', '-rf', '/tmp/autopkgtest.5TVQe7/autodep8-perl-build-deps-artifacts', '/tmp/autopkgtest.5TVQe7/autopkgtest_tmp'], kind short, sout raw, serr pipe, env []
autopkgtest: DBG: testbed command exited with code 0
autopkgtest [21:13:27]: test autodep8-perl: preparing testbed
autopkgtest: DBG: testbed reset: modified=False, deps_installed=['libdata-validate-domain-perl', 'debhelper-compat (= 13)', 'perl', 'libnet-domain-tld-perl', 'build-essential', 'pkg-perl-autopkgtest'], deps_new=['libdata-validate-domain-perl', 'pkg-perl-autopkgtest']
autopkgtest: DBG: testbed reset
autopkgtest: DBG: sending command to testbed: revert
autopkgtest-virt-qemu: DBG: executing revert
autopkgtest-virt-qemu: DBG: execute-timeout: /tmp/autopkgtest-qemu.nnvsddwj/runcmd rm -rf -- /tmp/autopkgtest.5TVQe7
qemu-system-riscv64: terminating on signal 15 from pid 3511069 (/usr/bin/python3)
autopkgtest-virt-qemu: DBG: find_free_port: trying 10022
autopkgtest-virt-qemu: DBG: find_free_port: 10022 is free
autopkgtest-virt-qemu: DBG: autopkgtest does not know how to boot this machine, hopefully nothing special needs to be done?
autopkgtest-virt-qemu: DBG: qemu architecture: riscv64
autopkgtest-virt-qemu: DBG: qemu command: qemu-system-riscv64
autopkgtest-virt-qemu: DBG: execute-timeout: qemu-img info --output=json /home/minami/Documents/openkylin-riscv/testing.qcow2
autopkgtest-virt-qemu: DBG: Creating temporary overlay image in /tmp/autopkgtest-qemu.em3sim37/overlay.img
autopkgtest-virt-qemu: DBG: execute-timeout: qemu-img create -f qcow2 -F qcow2 -b /home/minami/Documents/openkylin-riscv/testing.qcow2 /tmp/autopkgtest-qemu.em3sim37/overlay.img
autopkgtest-virt-qemu: DBG: Forwarding local port 10022 to VM ssh port 22
autopkgtest-virt-qemu: DBG: Assuming nothing special needs to be done to set up firmware to boot this machine (boot method: none)
autopkgtest-virt-qemu: DBG: full qemu command-line: ['qemu-system-riscv64', '-m', '8192', '-smp', '8', '-nographic', '-device', 'virtio-net-device,netdev=usernet', '-netdev', 'user,id=usernet,hostfwd=tcp:127.0.0.1:10022-:22', '-object', 'rng-random,filename=/dev/urandom,id=rng0', '-device', 'virtio-rng-pci,rng=rng0,id=rng-device0', '-monitor', 'unix:/tmp/autopkgtest-qemu.em3sim37/monitor,server=on,wait=off', '-virtfs', 'local,id=autopkgtest,path=/tmp/autopkgtest-qemu.em3sim37/shared,security_model=none,mount_tag=autopkgtest', '-device', 'virtio-serial', '-chardev', 'socket,path=/tmp/autopkgtest-qemu.em3sim37/hvc0,server=on,wait=off,id=hvc0', '-device', 'virtconsole,chardev=hvc0', '-chardev', 'socket,path=/tmp/autopkgtest-qemu.em3sim37/hvc1,server=on,wait=off,id=hvc1', '-device', 'virtconsole,chardev=hvc1', '-serial', 'unix:/tmp/autopkgtest-qemu.em3sim37/ttyS0,server=on,wait=off', '-drive', 'index=0,file=/tmp/autopkgtest-qemu.em3sim37/overlay.img,format=qcow2,cache=unsafe,if=virtio,discard=unmap', '-machine', 'virt', '-kernel', '/home/minami/Documents/ukylin/u-boot.bin']
autopkgtest-virt-qemu: DBG: expect: b' login: '
autopkgtest-virt-qemu: DBG: expect: found "'login prompt on serial console'"
autopkgtest-virt-qemu: DBG: expect: b'ok'
autopkgtest-virt-qemu: DBG: expect: found "b'ok'"
autopkgtest-virt-qemu: DBG: setup_shell(): there already is a shell on hvc1
qemu-system-riscv64: warning: 9p: degraded performance: a reasonable high msize should be chosen on client/guest side (chosen msize is <= 8192). See https://wiki.qemu.org/Documentation/9psetup#msize for details.
autopkgtest-virt-qemu: DBG: expect: b'9306bb41-c6b5-4cf8-8519-d833460bd8c6[1]'
autopkgtest-virt-qemu: DBG: expect: found "b'9306bb41-c6b5-4cf8-8519-d833460bd8c6[1]'"
autopkgtest-virt-qemu: DBG: expect: b'9306bb41-c6b5-4cf8-8519-d833460bd8c6[2]'
autopkgtest-virt-qemu: DBG: expect: found "b'9306bb41-c6b5-4cf8-8519-d833460bd8c6[2]'"
autopkgtest-virt-qemu: DBG: expect: b'9306bb41-c6b5-4cf8-8519-d833460bd8c6[3]'
autopkgtest-virt-qemu: DBG: expect: found "b'9306bb41-c6b5-4cf8-8519-d833460bd8c6[3]'"
autopkgtest-virt-qemu: DBG: expect: b'/python'
autopkgtest-virt-qemu: DBG: expect: found "b'/python'"
autopkgtest-virt-qemu: DBG: expect: b'# '
autopkgtest-virt-qemu: DBG: expect: found "b'# '"
autopkgtest-virt-qemu: DBG: expect: b'9306bb41-c6b5-4cf8-8519-d833460bd8c6[4]'
autopkgtest-virt-qemu: DBG: expect: found "b'9306bb41-c6b5-4cf8-8519-d833460bd8c6[4]'"
autopkgtest-virt-qemu: DBG: execute-timeout: /tmp/autopkgtest-qemu.em3sim37/runcmd true
autopkgtest-virt-qemu: DBG: can connect to autopkgtest sh in VM
autopkgtest-virt-qemu: DBG: expect: b'9306bb41-c6b5-4cf8-8519-d833460bd8c6[5]'
autopkgtest-virt-qemu: DBG: expect: found "b'9306bb41-c6b5-4cf8-8519-d833460bd8c6[5]'"
autopkgtest-virt-qemu: DBG: determine_normal_user: got user "openkylin"
autopkgtest-virt-qemu: DBG: execute-timeout: /tmp/autopkgtest-qemu.em3sim37/runcmd mkdir --mode=1777 --parents /tmp/autopkgtest.5TVQe7
autopkgtest-virt-qemu: DBG: auxverb = ['/tmp/autopkgtest-qemu.em3sim37/runcmd'], downtmp = /tmp/autopkgtest.5TVQe7
autopkgtest: DBG: got reply from testbed: ok /tmp/autopkgtest.5TVQe7
autopkgtest: DBG: sending command to testbed: print-execute-command
autopkgtest-virt-qemu: DBG: executing print-execute-command
autopkgtest: DBG: got reply from testbed: ok /tmp/autopkgtest-qemu.em3sim37/runcmd
autopkgtest: DBG: sending command to testbed: capabilities
autopkgtest-virt-qemu: DBG: executing capabilities
autopkgtest: DBG: got reply from testbed: ok isolation-machine reboot revert revert-full-system root-on-testbed suggested-normal-user=openkylin
autopkgtest: DBG: testbed capabilities: ['isolation-machine', 'reboot', 'revert', 'revert-full-system', 'root-on-testbed', 'suggested-normal-user=openkylin', 'has_internet']
autopkgtest: DBG: testbed command ['mkdir', '-p', '/tmp/autopkgtest.5TVQe7'], kind short, sout raw, serr pipe, env []
autopkgtest: DBG: testbed command exited with code 0
autopkgtest: DBG: sending command to testbed: copydown /usr/share/autopkgtest/lib/in-testbed/wrapper.sh /tmp/autopkgtest.5TVQe7/wrapper.sh
autopkgtest-virt-qemu: DBG: executing copydown /usr/share/autopkgtest/lib/in-testbed/wrapper.sh /tmp/autopkgtest.5TVQe7/wrapper.sh
autopkgtest-virt-qemu: DBG: ['cmdls', "(['cat'], ['/tmp/autopkgtest-qemu.em3sim37/runcmd', 'sh', '-ec', 'cat >/tmp/autopkgtest.5TVQe7/wrapper.sh; chmod +x -- /tmp/autopkgtest.5TVQe7/wrapper.sh'])"]
autopkgtest-virt-qemu: DBG: ['srcstdin', "<_io.BufferedReader name='/usr/share/autopkgtest/lib/in-testbed/wrapper.sh'>", 'deststdout', "<_io.BufferedReader name='/dev/null'>", 'devnull_read', <_io.BufferedReader name='/dev/null'>]
autopkgtest-virt-qemu: DBG:  +< cat
autopkgtest-virt-qemu: DBG:  +> /tmp/autopkgtest-qemu.em3sim37/runcmd sh -ec cat >/tmp/autopkgtest.5TVQe7/wrapper.sh; chmod +x -- /tmp/autopkgtest.5TVQe7/wrapper.sh
autopkgtest-virt-qemu: DBG:  +>?
autopkgtest-virt-qemu: DBG:  +<?
autopkgtest: DBG: got reply from testbed: ok
autopkgtest: DBG: testbed command ['chmod', '-R', '0755', '--', '/tmp/autopkgtest.5TVQe7/wrapper.sh'], kind short, sout raw, serr pipe, env []
autopkgtest: DBG: testbed command exited with code 0
autopkgtest: DBG: testbed command ['dpkg', '--print-architecture'], kind short, sout pipe, serr pipe, env []
autopkgtest: DBG: testbed command exited with code 0
autopkgtest [21:14:20]: testbed dpkg architecture: riscv64
autopkgtest: DBG: testbed command ['sh', '-ec', 'command -v eatmydata'], kind short, sout pipe, serr pipe, env []
autopkgtest: DBG: testbed command exited with code 127
autopkgtest: DBG: testbed command ['sh', '-ec', 'command -v dpkg-query'], kind short, sout pipe, serr pipe, env []
autopkgtest: DBG: testbed command exited with code 0
autopkgtest: DBG: testbed command ['sh', '-ec', "dpkg-query --show -f '${Package}\\t${Version}\\n' > /tmp/autopkgtest.5TVQe7/testbed-packages"], kind short, sout raw, serr pipe, env []
autopkgtest: DBG: testbed command exited with code 0
autopkgtest: DBG: sending command to testbed: copyup /tmp/autopkgtest.5TVQe7/testbed-packages /home/minami/Documents/openkylin-riscv/test/libdata-validate-domain-perl/testbed-packages
autopkgtest-virt-qemu: DBG: executing copyup /tmp/autopkgtest.5TVQe7/testbed-packages /home/minami/Documents/openkylin-riscv/test/libdata-validate-domain-perl/testbed-packages
autopkgtest-virt-qemu: DBG: ['cmdls', "(['/tmp/autopkgtest-qemu.em3sim37/runcmd', 'sh', '-ec', 'cat </tmp/autopkgtest.5TVQe7/testbed-packages'], ['cat'])"]
autopkgtest-virt-qemu: DBG: ['srcstdin', "<_io.BufferedReader name='/dev/null'>", 'deststdout', "<_io.BufferedWriter name='/home/minami/Documents/openkylin-riscv/test/libdata-validate-domain-perl/testbed-packages'>", 'devnull_read', <_io.BufferedReader name='/dev/null'>]
autopkgtest-virt-qemu: DBG:  +< /tmp/autopkgtest-qemu.em3sim37/runcmd sh -ec cat </tmp/autopkgtest.5TVQe7/testbed-packages
autopkgtest-virt-qemu: DBG:  +> cat
autopkgtest-virt-qemu: DBG:  +>?
autopkgtest-virt-qemu: DBG:  +<?
autopkgtest: DBG: got reply from testbed: ok
autopkgtest: DBG: testbed supports reboot, creating /tmp/autopkgtest-reboot
autopkgtest: DBG: testbed command ['mkdir', '-p', '/tmp/autopkgtest.5TVQe7'], kind short, sout raw, serr pipe, env []
autopkgtest: DBG: testbed command exited with code 0
autopkgtest: DBG: sending command to testbed: copydown /usr/share/autopkgtest/lib/in-testbed/reboot.sh /tmp/autopkgtest.5TVQe7/autopkgtest-reboot
autopkgtest-virt-qemu: DBG: executing copydown /usr/share/autopkgtest/lib/in-testbed/reboot.sh /tmp/autopkgtest.5TVQe7/autopkgtest-reboot
autopkgtest-virt-qemu: DBG: ['cmdls', "(['cat'], ['/tmp/autopkgtest-qemu.em3sim37/runcmd', 'sh', '-ec', 'cat >/tmp/autopkgtest.5TVQe7/autopkgtest-reboot; chmod +x -- /tmp/autopkgtest.5TVQe7/autopkgtest-reboot'])"]
autopkgtest-virt-qemu: DBG: ['srcstdin', "<_io.BufferedReader name='/usr/share/autopkgtest/lib/in-testbed/reboot.sh'>", 'deststdout', "<_io.BufferedReader name='/dev/null'>", 'devnull_read', <_io.BufferedReader name='/dev/null'>]
autopkgtest-virt-qemu: DBG:  +< cat
autopkgtest-virt-qemu: DBG:  +> /tmp/autopkgtest-qemu.em3sim37/runcmd sh -ec cat >/tmp/autopkgtest.5TVQe7/autopkgtest-reboot; chmod +x -- /tmp/autopkgtest.5TVQe7/autopkgtest-reboot
autopkgtest-virt-qemu: DBG:  +>?
autopkgtest-virt-qemu: DBG:  +<?
autopkgtest: DBG: got reply from testbed: ok
autopkgtest: DBG: testbed command ['chmod', '-R', '0755', '--', '/tmp/autopkgtest.5TVQe7/autopkgtest-reboot'], kind short, sout raw, serr pipe, env []
autopkgtest: DBG: testbed command exited with code 0
autopkgtest: DBG: testbed command ['ln', '-fns', '/tmp/autopkgtest.5TVQe7/autopkgtest-reboot', '/tmp/autopkgtest-reboot'], kind short, sout raw, serr pipe, env []
autopkgtest: DBG: testbed command exited with code 0
autopkgtest: DBG: testbed command ['ln', '-fns', '/tmp/autopkgtest.5TVQe7/autopkgtest-reboot', '/sbin/autopkgtest-reboot'], kind short, sout raw, serr pipe, env []
autopkgtest: DBG: testbed command exited with code 0
autopkgtest: DBG: testbed command ['mkdir', '-p', '/tmp/autopkgtest.5TVQe7'], kind short, sout raw, serr pipe, env []
autopkgtest: DBG: testbed command exited with code 0
autopkgtest: DBG: sending command to testbed: copydown /usr/share/autopkgtest/lib/in-testbed/reboot-prepare.sh /tmp/autopkgtest.5TVQe7/autopkgtest-reboot-prepare
autopkgtest-virt-qemu: DBG: executing copydown /usr/share/autopkgtest/lib/in-testbed/reboot-prepare.sh /tmp/autopkgtest.5TVQe7/autopkgtest-reboot-prepare
autopkgtest-virt-qemu: DBG: ['cmdls', "(['cat'], ['/tmp/autopkgtest-qemu.em3sim37/runcmd', 'sh', '-ec', 'cat >/tmp/autopkgtest.5TVQe7/autopkgtest-reboot-prepare; chmod +x -- /tmp/autopkgtest.5TVQe7/autopkgtest-reboot-prepare'])"]
autopkgtest-virt-qemu: DBG: ['srcstdin', "<_io.BufferedReader name='/usr/share/autopkgtest/lib/in-testbed/reboot-prepare.sh'>", 'deststdout', "<_io.BufferedReader name='/dev/null'>", 'devnull_read', <_io.BufferedReader name='/dev/null'>]
autopkgtest-virt-qemu: DBG:  +< cat
autopkgtest-virt-qemu: DBG:  +> /tmp/autopkgtest-qemu.em3sim37/runcmd sh -ec cat >/tmp/autopkgtest.5TVQe7/autopkgtest-reboot-prepare; chmod +x -- /tmp/autopkgtest.5TVQe7/autopkgtest-reboot-prepare
autopkgtest-virt-qemu: DBG:  +>?
autopkgtest-virt-qemu: DBG:  +<?
autopkgtest: DBG: got reply from testbed: ok
autopkgtest: DBG: testbed command ['chmod', '-R', '0755', '--', '/tmp/autopkgtest.5TVQe7/autopkgtest-reboot-prepare'], kind short, sout raw, serr pipe, env []
autopkgtest: DBG: testbed command exited with code 0
autopkgtest: DBG: testbed command ['ln', '-fns', '/tmp/autopkgtest.5TVQe7/autopkgtest-reboot-prepare', '/tmp/autopkgtest-reboot-prepare'], kind short, sout raw, serr pipe, env []
autopkgtest: DBG: testbed command exited with code 0
autopkgtest: DBG: testbed command ['uname', '-srv'], kind short, sout pipe, serr pipe, env []
autopkgtest: DBG: testbed command exited with code 0
autopkgtest: DBG: Binaries: no registered binaries, not publishing anything
autopkgtest: DBG: install_deps: deps_new=['libdata-validate-domain-perl', 'pkg-perl-autopkgtest']
autopkgtest: DBG: install-deps: satisfying libdata-validate-domain-perl, pkg-perl-autopkgtest
autopkgtest: DBG: install-deps: architecture resolved: libdata-validate-domain-perl, pkg-perl-autopkgtest
autopkgtest: DBG: testbed command ['test', '-w', '/var/lib/dpkg/status'], kind short, sout raw, serr raw, env []
autopkgtest: DBG: testbed command exited with code 0
autopkgtest: DBG: can use apt-get on testbed: True
autopkgtest: DBG: testbed command ['mkdir', '-p', '/tmp/autopkgtest.5TVQe7'], kind short, sout raw, serr pipe, env []
autopkgtest: DBG: testbed command exited with code 0
autopkgtest: DBG: sending command to testbed: copydown /home/minami/Documents/openkylin-riscv/test/libdata-validate-domain-perl/2-autopkgtest-satdep.deb /tmp/autopkgtest.5TVQe7/2-autopkgtest-satdep.deb
autopkgtest-virt-qemu: DBG: executing copydown /home/minami/Documents/openkylin-riscv/test/libdata-validate-domain-perl/2-autopkgtest-satdep.deb /tmp/autopkgtest.5TVQe7/2-autopkgtest-satdep.deb
autopkgtest-virt-qemu: DBG: ['cmdls', "(['cat'], ['/tmp/autopkgtest-qemu.em3sim37/runcmd', 'sh', '-ec', 'cat >/tmp/autopkgtest.5TVQe7/2-autopkgtest-satdep.deb'])"]
autopkgtest-virt-qemu: DBG: ['srcstdin', "<_io.BufferedReader name='/home/minami/Documents/openkylin-riscv/test/libdata-validate-domain-perl/2-autopkgtest-satdep.deb'>", 'deststdout', "<_io.BufferedReader name='/dev/null'>", 'devnull_read', <_io.BufferedReader name='/dev/null'>]
autopkgtest-virt-qemu: DBG:  +< cat
autopkgtest-virt-qemu: DBG:  +> /tmp/autopkgtest-qemu.em3sim37/runcmd sh -ec cat >/tmp/autopkgtest.5TVQe7/2-autopkgtest-satdep.deb
autopkgtest-virt-qemu: DBG:  +>?
autopkgtest-virt-qemu: DBG:  +<?
autopkgtest: DBG: got reply from testbed: ok
autopkgtest: DBG: testbed command ['chown', '-R', 'openkylin', '--', '/tmp/autopkgtest.5TVQe7/2-autopkgtest-satdep.deb'], kind short, sout raw, serr pipe, env []
autopkgtest: DBG: testbed command exited with code 0
autopkgtest: DBG: testbed command ['dpkg', '--unpack', '/tmp/autopkgtest.5TVQe7/2-autopkgtest-satdep.deb'], kind short, sout pipe, serr pipe, env []
autopkgtest: DBG: testbed command exited with code 0
autopkgtest: DBG: testbed command ['/bin/sh', '-ec', ' apt-get install --assume-yes --fix-broken -o APT::Status-Fd=3 -o APT::Install-Recommends=false -o Dpkg::Options::=--force-confnew -o Debug::pkgProblemResolver=true 3>&2 2>&1'], kind install, sout raw, serr pipe, env ['DEBIAN_FRONTEND=noninteractive', 'APT_LISTBUGS_FRONTEND=none', 'APT_LISTCHANGES_FRONTEND=none']
Reading package lists...
Building dependency tree...
Reading state information...
Correcting dependencies...Starting pkgProblemResolver with broken count: 0
Starting 2 pkgProblemResolver with broken count: 0
Done
 Done
Starting pkgProblemResolver with broken count: 0
Starting 2 pkgProblemResolver with broken count: 0
Done
The following packages were automatically installed and are no longer required:
  libdjvulibre-text libdjvulibre21 libegl-dev libgl-dev libglu1-mesa-dev
  libglx-dev libmpdec2 libvulkan-dev libx11-dev libxau-dev libxcb1-dev
  libxdmcp-dev libxext-dev qt5-qmake qt5-qmake-bin x11proto-core-dev
  x11proto-dev xorg-sgml-doctools xtrans-dev
Use 'apt autoremove' to remove them.
The following additional packages will be installed:
  autodep8 dctrl-tools libdata-validate-domain-perl libnet-domain-tld-perl
  pkg-perl-autopkgtest
Suggested packages:
  debtags
The following NEW packages will be installed:
  autodep8 dctrl-tools libdata-validate-domain-perl libnet-domain-tld-perl
  pkg-perl-autopkgtest
0 upgraded, 5 newly installed, 0 to remove and 18 not upgraded.
1 not fully installed or removed.
Need to get 126 kB of archives.
After this operation, 518 kB of additional disk space will be used.
Get:1 http://archive.build.openkylin.top/openkylin yangtze/main riscv64 libnet-domain-tld-perl all 1.75-ok2 [36.0 kB]
Get:2 http://ppa.build.openkylin.top/kylinsoft/anything/openkylin yangtze/main riscv64 autodep8 all 0.22-ok1 [10.1 kB]
Get:3 http://ppa.build.openkylin.top/kylinsoft/anything/openkylin yangtze/main riscv64 pkg-perl-autopkgtest all 0.59-ok1 [8,208 B]
Get:4 http://archive.build.openkylin.top/openkylin yangtze/main riscv64 libdata-validate-domain-perl all 0.10-ok2 [16.5 kB]
Get:5 http://archive.build.openkylin.top/openkylin yangtze/main riscv64 dctrl-tools riscv64 2.24-ok1 [55.6 kB]
Fetched 126 kB in 1s (250 kB/s)
Selecting previously unselected package libnet-domain-tld-perl.
(Reading database ... (Reading database ... 5%(Reading database ... 10%(Reading database ... 15%(Reading database ... 20%(Reading database ... 25%(Reading database ... 30%(Reading database ... 35%(Reading database ... 40%(Reading database ... 45%(Reading database ... 50%(Reading database ... 55%(Reading database ... 60%(Reading database ... 65%(Reading database ... 70%(Reading database ... 75%(Reading database ... 80%(Reading database ... 85%(Reading database ... 90%(Reading database ... 95%(Reading database ... 100%(Reading database ... 161111 files and directories currently installed.)
Preparing to unpack .../libnet-domain-tld-perl_1.75-ok2_all.deb ...
Unpacking libnet-domain-tld-perl (1.75-ok2) ...
Selecting previously unselected package libdata-validate-domain-perl.
Preparing to unpack .../libdata-validate-domain-perl_0.10-ok2_all.deb ...
Unpacking libdata-validate-domain-perl (0.10-ok2) ...
Selecting previously unselected package dctrl-tools.
Preparing to unpack .../dctrl-tools_2.24-ok1_riscv64.deb ...
Unpacking dctrl-tools (2.24-ok1) ...
Selecting previously unselected package autodep8.
Preparing to unpack .../autodep8_0.22-ok1_all.deb ...
Unpacking autodep8 (0.22-ok1) ...
Selecting previously unselected package pkg-perl-autopkgtest.
Preparing to unpack .../pkg-perl-autopkgtest_0.59-ok1_all.deb ...
Unpacking pkg-perl-autopkgtest (0.59-ok1) ...
Setting up libnet-domain-tld-perl (1.75-ok2) ...
Setting up libdata-validate-domain-perl (0.10-ok2) ...
Setting up dctrl-tools (2.24-ok1) ...
Setting up autodep8 (0.22-ok1) ...
Setting up pkg-perl-autopkgtest (0.59-ok1) ...
Setting up autopkgtest-satdep (0) ...
Processing triggers for man-db (2.9.1-ok3) ...
autopkgtest: DBG: testbed command exited with code 0
autopkgtest: DBG: testbed command ['dpkg-query', '--show', '-f', '${Status}', 'libdata-validate-domain-perl'], kind short, sout pipe, serr pipe, env []
autopkgtest: DBG: testbed command exited with code 0
autopkgtest: DBG: testbed command ['dpkg', '--status', 'autopkgtest-satdep'], kind short, sout pipe, serr pipe, env []
autopkgtest: DBG: testbed command exited with code 0
autopkgtest: DBG: testbed command ['apt-get', '--simulate', '--quiet', '-o', 'APT::Get::Show-User-Simulation-Note=False', '--auto-remove', 'purge', 'autopkgtest-satdep'], kind short, sout pipe, serr pipe, env []
autopkgtest: DBG: testbed command exited with code 0
autopkgtest: DBG: Marking test dependencies as manually installed: pkg-perl-autopkgtest autodep8 dctrl-tools libdata-validate-domain-perl libdjvulibre21 libdjvulibre-text libegl-dev libglu1-mesa-dev libgl-dev libglx-dev libmpdec2 libnet-domain-tld-perl libvulkan-dev libxext-dev libx11-dev libxcb1-dev libxau-dev libxdmcp-dev qt5-qmake qt5-qmake-bin x11proto-core-dev x11proto-dev xorg-sgml-doctools xtrans-dev
autopkgtest: DBG: testbed command ['apt-mark', 'manual', '-qq', 'pkg-perl-autopkgtest', 'autodep8', 'dctrl-tools', 'libdata-validate-domain-perl', 'libdjvulibre21', 'libdjvulibre-text', 'libegl-dev', 'libglu1-mesa-dev', 'libgl-dev', 'libglx-dev', 'libmpdec2', 'libnet-domain-tld-perl', 'libvulkan-dev', 'libxext-dev', 'libx11-dev', 'libxcb1-dev', 'libxau-dev', 'libxdmcp-dev', 'qt5-qmake', 'qt5-qmake-bin'], kind short, sout raw, serr pipe, env []
autopkgtest: DBG: testbed command exited with code 0
autopkgtest: DBG: testbed command ['apt-mark', 'manual', '-qq', 'x11proto-core-dev', 'x11proto-dev', 'xorg-sgml-doctools', 'xtrans-dev'], kind short, sout raw, serr pipe, env []
autopkgtest: DBG: testbed command exited with code 0
autopkgtest: DBG: testbed command ['dpkg', '--purge', 'autopkgtest-satdep'], kind short, sout raw, serr raw, env []
(Reading database ... 161203 files and directories currently installed.)
Removing autopkgtest-satdep (0) ...
autopkgtest: DBG: testbed command exited with code 0
autopkgtest: DBG: testbed command ['sh', '-ec', 'command -v dpkg-query'], kind short, sout pipe, serr pipe, env []
autopkgtest: DBG: testbed command exited with code 0
autopkgtest: DBG: testbed command ['sh', '-ec', "dpkg-query --show -f '${Package}\\t${Version}\\n' > /tmp/autopkgtest.5TVQe7/autodep8-perl-packages.all"], kind short, sout raw, serr pipe, env []
autopkgtest: DBG: testbed command exited with code 0
autopkgtest: DBG: sending command to testbed: copyup /tmp/autopkgtest.5TVQe7/autodep8-perl-packages.all /home/minami/Documents/openkylin-riscv/test/libdata-validate-domain-perl/autodep8-perl-packages.all
autopkgtest-virt-qemu: DBG: executing copyup /tmp/autopkgtest.5TVQe7/autodep8-perl-packages.all /home/minami/Documents/openkylin-riscv/test/libdata-validate-domain-perl/autodep8-perl-packages.all
autopkgtest-virt-qemu: DBG: ['cmdls', "(['/tmp/autopkgtest-qemu.em3sim37/runcmd', 'sh', '-ec', 'cat </tmp/autopkgtest.5TVQe7/autodep8-perl-packages.all'], ['cat'])"]
autopkgtest-virt-qemu: DBG: ['srcstdin', "<_io.BufferedReader name='/dev/null'>", 'deststdout', "<_io.BufferedWriter name='/home/minami/Documents/openkylin-riscv/test/libdata-validate-domain-perl/autodep8-perl-packages.all'>", 'devnull_read', <_io.BufferedReader name='/dev/null'>]
autopkgtest-virt-qemu: DBG:  +< /tmp/autopkgtest-qemu.em3sim37/runcmd sh -ec cat </tmp/autopkgtest.5TVQe7/autodep8-perl-packages.all
autopkgtest-virt-qemu: DBG:  +> cat
autopkgtest-virt-qemu: DBG:  +>?
autopkgtest-virt-qemu: DBG:  +<?
autopkgtest: DBG: got reply from testbed: ok
autopkgtest: DBG: testbed command ['test', '-e', '/tmp/autopkgtest.5TVQe7/build.rY5/src'], kind short, sout raw, serr raw, env []
autopkgtest: DBG: testbed command exited with code 1
autopkgtest: DBG: testbed command ['mkdir', '-p', '/tmp/autopkgtest.5TVQe7/build.rY5'], kind short, sout raw, serr pipe, env []
autopkgtest: DBG: testbed command exited with code 0
autopkgtest: DBG: sending command to testbed: copydown /home/minami/Documents/openkylin-riscv/test/libdata-validate-domain-perl/tests-tree/ /tmp/autopkgtest.5TVQe7/build.rY5/src/
autopkgtest-virt-qemu: DBG: executing copydown /home/minami/Documents/openkylin-riscv/test/libdata-validate-domain-perl/tests-tree/ /tmp/autopkgtest.5TVQe7/build.rY5/src/
autopkgtest-virt-qemu: DBG: ['cmdls', "(['tar', '--directory', '/home/minami/Documents/openkylin-riscv/test/libdata-validate-domain-perl/tests-tree/', '--warning=none', '-c', '.', '-f', '-'], ['/tmp/autopkgtest-qemu.em3sim37/runcmd', 'sh', '-ec', 'if ! test -d /tmp/autopkgtest.5TVQe7/build.rY5/src/; then mkdir -- /tmp/autopkgtest.5TVQe7/build.rY5/src/; fi; cd /tmp/autopkgtest.5TVQe7/build.rY5/src/; tar --warning=none --preserve-permissions --extract --no-same-owner -f -'])"]
autopkgtest-virt-qemu: DBG: ['srcstdin', "<_io.BufferedReader name='/dev/null'>", 'deststdout', "<_io.BufferedReader name='/dev/null'>", 'devnull_read', <_io.BufferedReader name='/dev/null'>]
autopkgtest-virt-qemu: DBG:  +< tar --directory /home/minami/Documents/openkylin-riscv/test/libdata-validate-domain-perl/tests-tree/ --warning=none -c . -f -
autopkgtest-virt-qemu: DBG:  +> /tmp/autopkgtest-qemu.em3sim37/runcmd sh -ec if ! test -d /tmp/autopkgtest.5TVQe7/build.rY5/src/; then mkdir -- /tmp/autopkgtest.5TVQe7/build.rY5/src/; fi; cd /tmp/autopkgtest.5TVQe7/build.rY5/src/; tar --warning=none --preserve-permissions --extract --no-same-owner -f -
autopkgtest-virt-qemu: DBG:  +>?
autopkgtest-virt-qemu: DBG:  +<?
autopkgtest: DBG: got reply from testbed: ok
autopkgtest: DBG: testbed command ['chown', '-R', 'openkylin', '--', '/tmp/autopkgtest.5TVQe7/build.rY5/src'], kind short, sout raw, serr pipe, env []
autopkgtest: DBG: testbed command exited with code 0
autopkgtest [21:15:17]: test autodep8-perl: /usr/share/pkg-perl-autopkgtest/runner runtime-deps
autopkgtest [21:15:17]: test autodep8-perl: [-----------------------
autopkgtest: DBG: testbed command ['su', '-s', '/bin/bash', 'openkylin', '-c', 'set -e; export USER=`id -nu`; . /etc/profile >/dev/null 2>&1 || true;  . ~/.profile >/dev/null 2>&1 || true; buildtree="/tmp/autopkgtest.5TVQe7/build.rY5/src"; mkdir -p -m 1777 -- "/tmp/autopkgtest.5TVQe7/autodep8-perl-artifacts"; export AUTOPKGTEST_ARTIFACTS="/tmp/autopkgtest.5TVQe7/autodep8-perl-artifacts"; export ADT_ARTIFACTS="$AUTOPKGTEST_ARTIFACTS"; mkdir -p -m 755 "/tmp/autopkgtest.5TVQe7/autopkgtest_tmp"; export AUTOPKGTEST_TMP="/tmp/autopkgtest.5TVQe7/autopkgtest_tmp"; export ADTTMP="$AUTOPKGTEST_TMP"; export DEBIAN_FRONTEND=noninteractive; export LANG=C.UTF-8; export DEB_BUILD_OPTIONS=parallel=8; unset LANGUAGE LC_CTYPE LC_NUMERIC LC_TIME LC_COLLATE   LC_MONETARY LC_MESSAGES LC_PAPER LC_NAME LC_ADDRESS   LC_TELEPHONE LC_MEASUREMENT LC_IDENTIFICATION LC_ALL;cd "$buildtree"; exec /tmp/autopkgtest.5TVQe7/wrapper.sh --script-pid-file=/tmp/autopkgtest_script_pid --stderr=/tmp/autopkgtest.5TVQe7/autodep8-perl-stderr --stdout=/tmp/autopkgtest.5TVQe7/autodep8-perl-stdout -- bash -ec \'/usr/share/pkg-perl-autopkgtest/runner runtime-deps\' ;'], kind test, sout raw, serr raw, env []
/usr/share/pkg-perl-autopkgtest/runtime-deps.d/use.t .. 
1..4
ok 1 -  /usr/bin/perl -w -M"Data::Validate::Domain" -e 1 2>&1 exited successfully
ok 2 -  /usr/bin/perl -w -M"Data::Validate::Domain" -e 1 2>&1 produced no (non-whitelisted) output
ok 3 - env PERL_DL_NONLAZY=1  /usr/bin/perl -w -M"Data::Validate::Domain" -e 1 2>&1 exited successfully
ok 4 - env PERL_DL_NONLAZY=1  /usr/bin/perl -w -M"Data::Validate::Domain" -e 1 2>&1 produced no (non-whitelisted) output
ok
All tests successful.
Files=1, Tests=4,  4 wallclock secs ( 0.30 usr  0.14 sys +  2.10 cusr  0.68 csys =  3.22 CPU)
Result: PASS
autopkgtest: DBG: testbed command exited with code 0
autopkgtest [21:15:25]: test autodep8-perl: -----------------------]
autopkgtest: DBG: testbed executing test finished with exit status 0
autopkgtest: DBG: sending command to testbed: copyup /tmp/autopkgtest.5TVQe7/autodep8-perl-stdout /home/minami/Documents/openkylin-riscv/test/libdata-validate-domain-perl/autodep8-perl-stdout
autopkgtest-virt-qemu: DBG: executing copyup /tmp/autopkgtest.5TVQe7/autodep8-perl-stdout /home/minami/Documents/openkylin-riscv/test/libdata-validate-domain-perl/autodep8-perl-stdout
autopkgtest-virt-qemu: DBG: ['cmdls', "(['/tmp/autopkgtest-qemu.em3sim37/runcmd', 'sh', '-ec', 'cat </tmp/autopkgtest.5TVQe7/autodep8-perl-stdout'], ['cat'])"]
autopkgtest-virt-qemu: DBG: ['srcstdin', "<_io.BufferedReader name='/dev/null'>", 'deststdout', "<_io.BufferedWriter name='/home/minami/Documents/openkylin-riscv/test/libdata-validate-domain-perl/autodep8-perl-stdout'>", 'devnull_read', <_io.BufferedReader name='/dev/null'>]
autopkgtest-virt-qemu: DBG:  +< /tmp/autopkgtest-qemu.em3sim37/runcmd sh -ec cat </tmp/autopkgtest.5TVQe7/autodep8-perl-stdout
autopkgtest-virt-qemu: DBG:  +> cat
autopkgtest-virt-qemu: DBG:  +>?
autopkgtest-virt-qemu: DBG:  +<?
autopkgtest: DBG: got reply from testbed: ok
autopkgtest: DBG: sending command to testbed: copyup /tmp/autopkgtest.5TVQe7/autodep8-perl-stderr /home/minami/Documents/openkylin-riscv/test/libdata-validate-domain-perl/autodep8-perl-stderr
autopkgtest-virt-qemu: DBG: executing copyup /tmp/autopkgtest.5TVQe7/autodep8-perl-stderr /home/minami/Documents/openkylin-riscv/test/libdata-validate-domain-perl/autodep8-perl-stderr
autopkgtest-virt-qemu: DBG: ['cmdls', "(['/tmp/autopkgtest-qemu.em3sim37/runcmd', 'sh', '-ec', 'cat </tmp/autopkgtest.5TVQe7/autodep8-perl-stderr'], ['cat'])"]
autopkgtest-virt-qemu: DBG: ['srcstdin', "<_io.BufferedReader name='/dev/null'>", 'deststdout', "<_io.BufferedWriter name='/home/minami/Documents/openkylin-riscv/test/libdata-validate-domain-perl/autodep8-perl-stderr'>", 'devnull_read', <_io.BufferedReader name='/dev/null'>]
autopkgtest-virt-qemu: DBG:  +< /tmp/autopkgtest-qemu.em3sim37/runcmd sh -ec cat </tmp/autopkgtest.5TVQe7/autodep8-perl-stderr
autopkgtest-virt-qemu: DBG:  +> cat
autopkgtest-virt-qemu: DBG:  +>?
autopkgtest-virt-qemu: DBG:  +<?
autopkgtest: DBG: got reply from testbed: ok
autopkgtest [21:15:27]: test autodep8-perl:  - - - - - - - - - - results - - - - - - - - - -
autodep8-perl        PASS (superficial)
autopkgtest: DBG: sending command to testbed: copyup /tmp/autopkgtest.5TVQe7/autodep8-perl-artifacts/ /home/minami/Documents/openkylin-riscv/test/libdata-validate-domain-perl/artifacts/
autopkgtest-virt-qemu: DBG: executing copyup /tmp/autopkgtest.5TVQe7/autodep8-perl-artifacts/ /home/minami/Documents/openkylin-riscv/test/libdata-validate-domain-perl/artifacts/
autopkgtest-virt-qemu: DBG: ['cmdls', "(['/tmp/autopkgtest-qemu.em3sim37/runcmd', 'sh', '-ec', 'cd /tmp/autopkgtest.5TVQe7/autodep8-perl-artifacts/; tar --warning=none -c . -f -'], ['tar', '--directory', '/home/minami/Documents/openkylin-riscv/test/libdata-validate-domain-perl/artifacts/', '--warning=none', '--preserve-permissions', '--extract', '--no-same-owner', '-f', '-'])"]
autopkgtest-virt-qemu: DBG: ['srcstdin', "<_io.BufferedReader name='/dev/null'>", 'deststdout', "<_io.BufferedReader name='/dev/null'>", 'devnull_read', <_io.BufferedReader name='/dev/null'>]
autopkgtest-virt-qemu: DBG:  +< /tmp/autopkgtest-qemu.em3sim37/runcmd sh -ec cd /tmp/autopkgtest.5TVQe7/autodep8-perl-artifacts/; tar --warning=none -c . -f -
autopkgtest-virt-qemu: DBG:  +> tar --directory /home/minami/Documents/openkylin-riscv/test/libdata-validate-domain-perl/artifacts/ --warning=none --preserve-permissions --extract --no-same-owner -f -
autopkgtest-virt-qemu: DBG:  +>?
autopkgtest-virt-qemu: DBG:  +<?
autopkgtest: DBG: got reply from testbed: ok
autopkgtest: DBG: testbed command ['rm', '-rf', '/tmp/autopkgtest.5TVQe7/autodep8-perl-artifacts', '/tmp/autopkgtest.5TVQe7/autopkgtest_tmp'], kind short, sout raw, serr pipe, env []
autopkgtest: DBG: testbed command exited with code 0
autopkgtest [21:15:28]: test autodep8-perl-recommends: preparing testbed
autopkgtest: DBG: testbed reset: modified=False, deps_installed=['libdata-validate-domain-perl', 'pkg-perl-autopkgtest'], deps_new=['libdata-validate-domain-perl', 'pkg-perl-autopkgtest']
autopkgtest: DBG: Binaries: no registered binaries, not publishing anything
autopkgtest: DBG: install_deps: deps_new=['libdata-validate-domain-perl', 'pkg-perl-autopkgtest']
autopkgtest: DBG: install-deps: satisfying libdata-validate-domain-perl, pkg-perl-autopkgtest
autopkgtest: DBG: install-deps: architecture resolved: libdata-validate-domain-perl, pkg-perl-autopkgtest
autopkgtest: DBG: testbed command ['test', '-w', '/var/lib/dpkg/status'], kind short, sout raw, serr raw, env []
autopkgtest: DBG: testbed command exited with code 0
autopkgtest: DBG: can use apt-get on testbed: True
autopkgtest: DBG: testbed command ['mkdir', '-p', '/tmp/autopkgtest.5TVQe7'], kind short, sout raw, serr pipe, env []
autopkgtest: DBG: testbed command exited with code 0
autopkgtest: DBG: sending command to testbed: copydown /home/minami/Documents/openkylin-riscv/test/libdata-validate-domain-perl/3-autopkgtest-satdep.deb /tmp/autopkgtest.5TVQe7/3-autopkgtest-satdep.deb
autopkgtest-virt-qemu: DBG: executing copydown /home/minami/Documents/openkylin-riscv/test/libdata-validate-domain-perl/3-autopkgtest-satdep.deb /tmp/autopkgtest.5TVQe7/3-autopkgtest-satdep.deb
autopkgtest-virt-qemu: DBG: ['cmdls', "(['cat'], ['/tmp/autopkgtest-qemu.em3sim37/runcmd', 'sh', '-ec', 'cat >/tmp/autopkgtest.5TVQe7/3-autopkgtest-satdep.deb'])"]
autopkgtest-virt-qemu: DBG: ['srcstdin', "<_io.BufferedReader name='/home/minami/Documents/openkylin-riscv/test/libdata-validate-domain-perl/3-autopkgtest-satdep.deb'>", 'deststdout', "<_io.BufferedReader name='/dev/null'>", 'devnull_read', <_io.BufferedReader name='/dev/null'>]
autopkgtest-virt-qemu: DBG:  +< cat
autopkgtest-virt-qemu: DBG:  +> /tmp/autopkgtest-qemu.em3sim37/runcmd sh -ec cat >/tmp/autopkgtest.5TVQe7/3-autopkgtest-satdep.deb
autopkgtest-virt-qemu: DBG:  +>?
autopkgtest-virt-qemu: DBG:  +<?
autopkgtest: DBG: got reply from testbed: ok
autopkgtest: DBG: testbed command ['chown', '-R', 'openkylin', '--', '/tmp/autopkgtest.5TVQe7/3-autopkgtest-satdep.deb'], kind short, sout raw, serr pipe, env []
autopkgtest: DBG: testbed command exited with code 0
autopkgtest: DBG: testbed command ['dpkg', '--unpack', '/tmp/autopkgtest.5TVQe7/3-autopkgtest-satdep.deb'], kind short, sout pipe, serr pipe, env []
autopkgtest: DBG: testbed command exited with code 0
autopkgtest: DBG: testbed command ['/bin/sh', '-ec', ' apt-get install --assume-yes --fix-broken -o APT::Status-Fd=3 -o APT::Install-Recommends=false -o Dpkg::Options::=--force-confnew -o Debug::pkgProblemResolver=true 3>&2 2>&1'], kind install, sout raw, serr pipe, env ['DEBIAN_FRONTEND=noninteractive', 'APT_LISTBUGS_FRONTEND=none', 'APT_LISTCHANGES_FRONTEND=none']
Reading package lists...
Building dependency tree...
Reading state information...
Starting pkgProblemResolver with broken count: 0
Starting 2 pkgProblemResolver with broken count: 0
Done
0 upgraded, 0 newly installed, 0 to remove and 18 not upgraded.
1 not fully installed or removed.
After this operation, 0 B of additional disk space will be used.
Setting up autopkgtest-satdep (0) ...
autopkgtest: DBG: testbed command exited with code 0
autopkgtest: DBG: testbed command ['dpkg-query', '--show', '-f', '${Status}', 'libdata-validate-domain-perl'], kind short, sout pipe, serr pipe, env []
autopkgtest: DBG: testbed command exited with code 0
autopkgtest: DBG: testbed command ['dpkg', '--status', 'autopkgtest-satdep'], kind short, sout pipe, serr pipe, env []
autopkgtest: DBG: testbed command exited with code 0
autopkgtest: DBG: testbed command ['apt-get', '--simulate', '--quiet', '-o', 'APT::Get::Show-User-Simulation-Note=False', '--auto-remove', 'purge', 'autopkgtest-satdep'], kind short, sout pipe, serr pipe, env []
autopkgtest: DBG: testbed command exited with code 0
autopkgtest: DBG: testbed command ['dpkg', '--purge', 'autopkgtest-satdep'], kind short, sout raw, serr raw, env []
(Reading database ... 161203 files and directories currently installed.)
Removing autopkgtest-satdep (0) ...
autopkgtest: DBG: testbed command exited with code 0
autopkgtest: DBG: testbed command ['sh', '-ec', 'command -v dpkg-query'], kind short, sout pipe, serr pipe, env []
autopkgtest: DBG: testbed command exited with code 0
autopkgtest: DBG: testbed command ['sh', '-ec', "dpkg-query --show -f '${Package}\\t${Version}\\n' > /tmp/autopkgtest.5TVQe7/autodep8-perl-recommends-packages.all"], kind short, sout raw, serr pipe, env []
autopkgtest: DBG: testbed command exited with code 0
autopkgtest: DBG: sending command to testbed: copyup /tmp/autopkgtest.5TVQe7/autodep8-perl-recommends-packages.all /home/minami/Documents/openkylin-riscv/test/libdata-validate-domain-perl/autodep8-perl-recommends-packages.all
autopkgtest-virt-qemu: DBG: executing copyup /tmp/autopkgtest.5TVQe7/autodep8-perl-recommends-packages.all /home/minami/Documents/openkylin-riscv/test/libdata-validate-domain-perl/autodep8-perl-recommends-packages.all
autopkgtest-virt-qemu: DBG: ['cmdls', "(['/tmp/autopkgtest-qemu.em3sim37/runcmd', 'sh', '-ec', 'cat </tmp/autopkgtest.5TVQe7/autodep8-perl-recommends-packages.all'], ['cat'])"]
autopkgtest-virt-qemu: DBG: ['srcstdin', "<_io.BufferedReader name='/dev/null'>", 'deststdout', "<_io.BufferedWriter name='/home/minami/Documents/openkylin-riscv/test/libdata-validate-domain-perl/autodep8-perl-recommends-packages.all'>", 'devnull_read', <_io.BufferedReader name='/dev/null'>]
autopkgtest-virt-qemu: DBG:  +< /tmp/autopkgtest-qemu.em3sim37/runcmd sh -ec cat </tmp/autopkgtest.5TVQe7/autodep8-perl-recommends-packages.all
autopkgtest-virt-qemu: DBG:  +> cat
autopkgtest-virt-qemu: DBG:  +>?
autopkgtest-virt-qemu: DBG:  +<?
autopkgtest: DBG: got reply from testbed: ok
autopkgtest: DBG: testbed command ['test', '-e', '/tmp/autopkgtest.5TVQe7/build.rY5/src'], kind short, sout raw, serr raw, env []
autopkgtest: DBG: testbed command exited with code 0
autopkgtest: DBG: copydown: tb path /tmp/autopkgtest.5TVQe7/build.rY5/src already exists
autopkgtest [21:15:53]: test autodep8-perl-recommends: /usr/share/pkg-perl-autopkgtest/runner runtime-deps-and-recommends
autopkgtest [21:15:53]: test autodep8-perl-recommends: [-----------------------
autopkgtest: DBG: testbed command ['su', '-s', '/bin/bash', 'openkylin', '-c', 'set -e; export USER=`id -nu`; . /etc/profile >/dev/null 2>&1 || true;  . ~/.profile >/dev/null 2>&1 || true; buildtree="/tmp/autopkgtest.5TVQe7/build.rY5/src"; mkdir -p -m 1777 -- "/tmp/autopkgtest.5TVQe7/autodep8-perl-recommends-artifacts"; export AUTOPKGTEST_ARTIFACTS="/tmp/autopkgtest.5TVQe7/autodep8-perl-recommends-artifacts"; export ADT_ARTIFACTS="$AUTOPKGTEST_ARTIFACTS"; mkdir -p -m 755 "/tmp/autopkgtest.5TVQe7/autopkgtest_tmp"; export AUTOPKGTEST_TMP="/tmp/autopkgtest.5TVQe7/autopkgtest_tmp"; export ADTTMP="$AUTOPKGTEST_TMP"; export DEBIAN_FRONTEND=noninteractive; export LANG=C.UTF-8; export DEB_BUILD_OPTIONS=parallel=8; unset LANGUAGE LC_CTYPE LC_NUMERIC LC_TIME LC_COLLATE   LC_MONETARY LC_MESSAGES LC_PAPER LC_NAME LC_ADDRESS   LC_TELEPHONE LC_MEASUREMENT LC_IDENTIFICATION LC_ALL;cd "$buildtree"; exec /tmp/autopkgtest.5TVQe7/wrapper.sh --script-pid-file=/tmp/autopkgtest_script_pid --stderr=/tmp/autopkgtest.5TVQe7/autodep8-perl-recommends-stderr --stdout=/tmp/autopkgtest.5TVQe7/autodep8-perl-recommends-stdout -- bash -ec \'/usr/share/pkg-perl-autopkgtest/runner runtime-deps-and-recommends\' ;'], kind test, sout raw, serr raw, env []
/usr/share/pkg-perl-autopkgtest/runtime-deps-and-recommends.d/syntax.t .. 
1..4
ok 1 - Package libdata-validate-domain-perl is known to dpkg
ok 2 - Got status information for package libdata-validate-domain-perl
ok 3 - Got file list for package libdata-validate-domain-perl
# Subtest: all modules in libdata-validate-domain-perl pass the syntax check
    1..1
    ok 1 - /usr/bin/perl -wc /usr/share/perl5/Data/Validate/Domain.pm exited successfully
ok 4 - all modules in libdata-validate-domain-perl pass the syntax check
ok
All tests successful.
Files=1, Tests=4,  2 wallclock secs ( 0.25 usr  0.09 sys +  1.65 cusr  0.66 csys =  2.65 CPU)
Result: PASS
autopkgtest: DBG: testbed command exited with code 0
autopkgtest [21:16:01]: test autodep8-perl-recommends: -----------------------]
autopkgtest: DBG: testbed executing test finished with exit status 0
autopkgtest: DBG: sending command to testbed: copyup /tmp/autopkgtest.5TVQe7/autodep8-perl-recommends-stdout /home/minami/Documents/openkylin-riscv/test/libdata-validate-domain-perl/autodep8-perl-recommends-stdout
autopkgtest-virt-qemu: DBG: executing copyup /tmp/autopkgtest.5TVQe7/autodep8-perl-recommends-stdout /home/minami/Documents/openkylin-riscv/test/libdata-validate-domain-perl/autodep8-perl-recommends-stdout
autopkgtest-virt-qemu: DBG: ['cmdls', "(['/tmp/autopkgtest-qemu.em3sim37/runcmd', 'sh', '-ec', 'cat </tmp/autopkgtest.5TVQe7/autodep8-perl-recommends-stdout'], ['cat'])"]
autopkgtest-virt-qemu: DBG: ['srcstdin', "<_io.BufferedReader name='/dev/null'>", 'deststdout', "<_io.BufferedWriter name='/home/minami/Documents/openkylin-riscv/test/libdata-validate-domain-perl/autodep8-perl-recommends-stdout'>", 'devnull_read', <_io.BufferedReader name='/dev/null'>]
autopkgtest-virt-qemu: DBG:  +< /tmp/autopkgtest-qemu.em3sim37/runcmd sh -ec cat </tmp/autopkgtest.5TVQe7/autodep8-perl-recommends-stdout
autopkgtest-virt-qemu: DBG:  +> cat
autopkgtest-virt-qemu: DBG:  +>?
autopkgtest-virt-qemu: DBG:  +<?
autopkgtest: DBG: got reply from testbed: ok
autopkgtest: DBG: sending command to testbed: copyup /tmp/autopkgtest.5TVQe7/autodep8-perl-recommends-stderr /home/minami/Documents/openkylin-riscv/test/libdata-validate-domain-perl/autodep8-perl-recommends-stderr
autopkgtest-virt-qemu: DBG: executing copyup /tmp/autopkgtest.5TVQe7/autodep8-perl-recommends-stderr /home/minami/Documents/openkylin-riscv/test/libdata-validate-domain-perl/autodep8-perl-recommends-stderr
autopkgtest-virt-qemu: DBG: ['cmdls', "(['/tmp/autopkgtest-qemu.em3sim37/runcmd', 'sh', '-ec', 'cat </tmp/autopkgtest.5TVQe7/autodep8-perl-recommends-stderr'], ['cat'])"]
autopkgtest-virt-qemu: DBG: ['srcstdin', "<_io.BufferedReader name='/dev/null'>", 'deststdout', "<_io.BufferedWriter name='/home/minami/Documents/openkylin-riscv/test/libdata-validate-domain-perl/autodep8-perl-recommends-stderr'>", 'devnull_read', <_io.BufferedReader name='/dev/null'>]
autopkgtest-virt-qemu: DBG:  +< /tmp/autopkgtest-qemu.em3sim37/runcmd sh -ec cat </tmp/autopkgtest.5TVQe7/autodep8-perl-recommends-stderr
autopkgtest-virt-qemu: DBG:  +> cat
autopkgtest-virt-qemu: DBG:  +>?
autopkgtest-virt-qemu: DBG:  +<?
autopkgtest: DBG: got reply from testbed: ok
autopkgtest [21:16:02]: test autodep8-perl-recommends:  - - - - - - - - - - results - - - - - - - - - -
autopkgtest: DBG: sending command to testbed: copyup /tmp/autopkgtest.5TVQe7/autodep8-perl-recommends-artifacts/ /home/minami/Documents/openkylin-riscv/test/libdata-validate-domain-perl/artifacts/
autodep8-perl-recommends PASS (superficial)
autopkgtest-virt-qemu: DBG: executing copyup /tmp/autopkgtest.5TVQe7/autodep8-perl-recommends-artifacts/ /home/minami/Documents/openkylin-riscv/test/libdata-validate-domain-perl/artifacts/
autopkgtest-virt-qemu: DBG: ['cmdls', "(['/tmp/autopkgtest-qemu.em3sim37/runcmd', 'sh', '-ec', 'cd /tmp/autopkgtest.5TVQe7/autodep8-perl-recommends-artifacts/; tar --warning=none -c . -f -'], ['tar', '--directory', '/home/minami/Documents/openkylin-riscv/test/libdata-validate-domain-perl/artifacts/', '--warning=none', '--preserve-permissions', '--extract', '--no-same-owner', '-f', '-'])"]
autopkgtest-virt-qemu: DBG: ['srcstdin', "<_io.BufferedReader name='/dev/null'>", 'deststdout', "<_io.BufferedReader name='/dev/null'>", 'devnull_read', <_io.BufferedReader name='/dev/null'>]
autopkgtest-virt-qemu: DBG:  +< /tmp/autopkgtest-qemu.em3sim37/runcmd sh -ec cd /tmp/autopkgtest.5TVQe7/autodep8-perl-recommends-artifacts/; tar --warning=none -c . -f -
autopkgtest-virt-qemu: DBG:  +> tar --directory /home/minami/Documents/openkylin-riscv/test/libdata-validate-domain-perl/artifacts/ --warning=none --preserve-permissions --extract --no-same-owner -f -
autopkgtest-virt-qemu: DBG:  +>?
autopkgtest-virt-qemu: DBG:  +<?
autopkgtest: DBG: got reply from testbed: ok
autopkgtest: DBG: testbed command ['rm', '-rf', '/tmp/autopkgtest.5TVQe7/autodep8-perl-recommends-artifacts', '/tmp/autopkgtest.5TVQe7/autopkgtest_tmp'], kind short, sout raw, serr pipe, env []
autopkgtest: DBG: testbed command exited with code 0
autopkgtest: DBG: needs_reset, previously=False, requested by run_tests() line 208
autopkgtest [21:16:03]: @@@@@@@@@@@@@@@@@@@@ summary
autodep8-perl-build-deps PASS
autodep8-perl        PASS (superficial)
autodep8-perl-recommends PASS (superficial)
autopkgtest: DBG: testbed stop
autopkgtest: DBG: testbed close, scratch=/tmp/autopkgtest.5TVQe7
autopkgtest: DBG: sending command to testbed: close
autopkgtest-virt-qemu: DBG: executing close
autopkgtest-virt-qemu: DBG: cleanup...
qemu-system-riscv64: terminating on signal 15 from pid 3511069 (/usr/bin/python3)
autopkgtest: DBG: got reply from testbed: ok
autopkgtest: DBG: sending command to testbed: quit
autopkgtest-virt-qemu: DBG: executing quit
autopkgtest-virt-qemu: DBG: cleanup...
