t/00-version.t .. 
1..1
# Running Crypt::OpenSSL::X509 test suite against OpenSSL 1.1.1f  31 Mar 2020
ok 1
ok
t/utf8.t ........ 
1..11
ok 1 - use Crypt::OpenSSL::X509;
ok 2 - new_from_file()
ok 3 - ascii subject should not be an utf8 string
ok 4 - new_from_file()
ok 5 - serial()
ok 6 - fingerprint_md5()
ok 7 - subject is really an utf8 string
ok 8 - utf8 subject as expected
ok 9 # skip OpenSSL v1.0.0 can't read broken certs.
ok 10 # skip OpenSSL v1.0.0 can't read broken certs.
ok 11 # skip OpenSSL v1.0.0 can't read broken certs.
ok
t/x509-ec.t ..... 
1..7
ok 1 - use Crypt::OpenSSL::X509;
ok 2 - An object of class 'Crypt::OpenSSL::X509' isa 'Crypt::OpenSSL::X509'
ok 3 - ec type
ok 4 - sig algo
ok 5 - key algo
ok 6 - bit length
ok 7 - curve
ok
t/x509.t ........ 
1..56
ok 1 - use Crypt::OpenSSL::X509;
ok 2 - new_from_file()
ok 3 - serial()
ok 4 - fingerprint_md5()
ok 5 - fingerprint_sha1()
ok 6 - fingerprint_sha224()
ok 7 - fingerprint_sha256()
ok 8 - fingerprint_sha384()
ok 9 - fingerprint_sha512()
ok 10 - exponent()
ok 11 - pub_exponent()
ok 12 - issuer()
ok 13 - subject()
ok 14 - is_selfsigned()
ok 15 - hash()
ok 16 - subject_hash()
ok 17 - issuer_hash()
ok 18 - new_from_file()
ok 19 - email()
ok 20 - version
ok 21 - signature algorithm
ok 22 - key algorithm
ok 23 - bit_length()
ok 24 - num_extensions()
ok 25 - extension_by_oid()
ok 26 - has_extension_oid(2.5.29.19)
ok 27 - Extension->object()->name()
ok 28 - basic constraints is critical
ok 29 - basicConstraints CA: TRUE 2.4.1
ok 30 - new_from_file()
ok 31 - extensions_by_name()
ok 32 - subjectKeyIdentifier not critical
ok 33 - Extension{subjectKeyID}->keyid_data()
ok 34 - keyUsage is critical
ok 35 - Extension->hash_bit_string()
ok 36 - 'subject_name()' isa 'Crypt::OpenSSL::X509::Name'
ok 37 - 'issuer_name()' isa 'Crypt::OpenSSL::X509::Name'
ok 38 - subject_name()->as_string()
ok 39 - issuer_name()->as_string()
ok 40 - subject_name()->entries()
ok 41 - Name_Entry->as_string()
ok 42 - Name_Entry->as_long_string()
ok 43 - Name_Entry->type
ok 44 - Name_Entry->long_type
ok 45 - Name_Entry->value
ok 46 - Name->has_entry
ok 47 - Name->has_entry
ok 48 - Name->has_oid_entry([CN])
ok 49 - not Name->has_oid_entry([DC])
ok 50 - Name->get_index_by_type
ok 51 - Name->get_index_by_long_type
ok 52 - 'Name->get_entry_by_type' isa 'Crypt::OpenSSL::X509::Name_Entry'
ok 53 - Name_Entry->is_printableString
ok 54 - Name_Entry->is_asn1_type
ok 55
ok 56 - serial()
ok
All tests successful.
Files=4, Tests=75,  5 wallclock secs ( 0.37 usr  0.16 sys +  3.38 cusr  1.20 csys =  5.11 CPU)
Result: PASS
