t/make_executable.t ... 
1..7
ok 1 - test_exec executed successfully
ok 2 - test_exec 42 return value ok
ok 3 - test_exec executed successfully
ok 4 - test_exec 51 return value ok
ok 5 - test_exec executed successfully
ok 6 - test_exec 0 return value ok
ok 7 # skip No batch file on non-windows
ok
t/man_pagename.t ...... 
1..4
ok 1 - man1_pagename
ok 2 - man3_pagename 1
ok 3 - man3_pagename 2
ok 4 - man3_pagename 3
ok
t/split_like_shell.t .. 
1..10
ok 1 - "one t'wo th'ree f"o\"ur " "five" " result all defined
ok 2
ok 3 - " foo bar " result all defined
ok 4
ok 5 - " D\'oh f{g\'h\"i\]\* " result all defined
ok 6
ok 7 - " D\$foo " result all defined
ok 8
ok 9 - "one\\ntwo" result all defined
ok 10
ok
t/tilde.t ............. 
1..9
ok 1
ok 2
ok 3
ok 4
ok 5
ok 6
ok 7
ok 8
ok 9
ok
All tests successful.
Files=4, Tests=30,  5 wallclock secs ( 0.32 usr  0.13 sys +  3.29 cusr  1.30 csys =  5.04 CPU)
Result: PASS
