t/cpanel.t .......... 
# Using Cpanel::JSON::XS 4.32
ok 1 - Correct JSON class
ok 2 - Correct encode_json function
ok 3 - Correct encode_json function
# true is: bless( do{\(my $o = 1)}, 'JSON::PP::Boolean' )
# false is: bless( do{\(my $o = 0)}, 'JSON::PP::Boolean' )
ok 4 - Cpanel::JSON::XS: true decodes to a bool
ok 5 - Cpanel::JSON::XS: false decodes to a bool
ok 6 - Cpanel::JSON::XS: int does not decode to a bool
ok 7 - Cpanel::JSON::XS: true sub encodes as correct boolean
ok 8 - Cpanel::JSON::XS: true method encodes as correct boolean
ok 9 - Cpanel::JSON::XS: false sub encodes as correct boolean
ok 10 - Cpanel::JSON::XS: false method encodes as correct boolean
1..10
ok
t/legacy.t .......... 
ok 1
ok 2
# using invocant: JSON::MaybeXS
ok 3 - blessed invocant detected in from_json
ok 4 - blessed invocant detected in to_json
1..4
ok
t/new.t ............. 
ok 1 - Object of correct class
ok 2 - Methods called
ok 3 - Object of correct class
ok 4 - Methods called
1..4
ok
t/none.t ............ 
ok 1 - Class failed to load
ok 2 - All errors reported
1..2
ok
t/pp.t .............. 
# Using JSON::PP 4.02
ok 1 - Correct JSON class
ok 2 - Correct encode_json function
ok 3 - Correct encode_json function
# true is: bless( do{\(my $o = 1)}, 'JSON::PP::Boolean' )
# false is: bless( do{\(my $o = 0)}, 'JSON::PP::Boolean' )
ok 4 - JSON::PP: true decodes to a bool
ok 5 - JSON::PP: false decodes to a bool
ok 6 - JSON::PP: int does not decode to a bool
ok 7 - JSON::PP: true sub encodes as correct boolean
ok 8 - JSON::PP: true method encodes as correct boolean
ok 9 - JSON::PP: false sub encodes as correct boolean
ok 10 - JSON::PP: false method encodes as correct boolean
1..10
ok
t/preload_cpanel.t .. 
# Using Cpanel::JSON::XS 4.32
ok 1 - Correct JSON class
ok 2 - Correct encode_json function
ok 3 - Correct encode_json function
# true is: bless( do{\(my $o = 1)}, 'JSON::PP::Boolean' )
# false is: bless( do{\(my $o = 0)}, 'JSON::PP::Boolean' )
ok 4 - Cpanel::JSON::XS: true decodes to a bool
ok 5 - Cpanel::JSON::XS: false decodes to a bool
ok 6 - Cpanel::JSON::XS: int does not decode to a bool
ok 7 - Cpanel::JSON::XS: true sub encodes as correct boolean
ok 8 - Cpanel::JSON::XS: true method encodes as correct boolean
ok 9 - Cpanel::JSON::XS: false sub encodes as correct boolean
ok 10 - Cpanel::JSON::XS: false method encodes as correct boolean
1..10
ok
t/preload_xs.t ...... 
# Using JSON::XS 4.02
ok 1 - Correct JSON class
ok 2 - Correct encode_json function
ok 3 - Correct encode_json function
# true is: bless( do{\(my $o = 1)}, 'JSON::PP::Boolean' )
# false is: bless( do{\(my $o = 0)}, 'JSON::PP::Boolean' )
ok 4 - JSON::XS: true decodes to a bool
ok 5 - JSON::XS: false decodes to a bool
ok 6 - JSON::XS: int does not decode to a bool
ok 7 - JSON::XS: true sub encodes as correct boolean
ok 8 - JSON::XS: true method encodes as correct boolean
ok 9 - JSON::XS: false sub encodes as correct boolean
ok 10 - JSON::XS: false method encodes as correct boolean
1..10
ok
t/xs.t .............. 
# Using JSON::XS 4.02
ok 1 - Correct JSON class
ok 2 - Correct encode_json function
ok 3 - Correct encode_json function
# true is: bless( do{\(my $o = 1)}, 'JSON::PP::Boolean' )
# false is: bless( do{\(my $o = 0)}, 'JSON::PP::Boolean' )
ok 4 - JSON::XS: true decodes to a bool
ok 5 - JSON::XS: false decodes to a bool
ok 6 - JSON::XS: int does not decode to a bool
ok 7 - JSON::XS: true sub encodes as correct boolean
ok 8 - JSON::XS: true method encodes as correct boolean
ok 9 - JSON::XS: false sub encodes as correct boolean
ok 10 - JSON::XS: false method encodes as correct boolean
1..10
ok
All tests successful.
Files=8, Tests=60, 12 wallclock secs ( 0.59 usr  0.22 sys +  8.82 cusr  2.22 csys = 11.85 CPU)
Result: PASS
