autopkgtest: DBG: testbed init
autopkgtest [16:24:15]: starting date and time: 2023-02-20 16:24:15+0800
autopkgtest [16:24:15]: version 5.28
autopkgtest [16:24:15]: host debian; command line: /usr/bin/autopkgtest /home/minami/Documents/openkylin-riscv/src/libipc-run-perl_20180523.0-ok2.dsc -o /home/minami/Documents/openkylin-riscv/test/libipc-run-perl -d -B -- qemu -u root -p openkylin --qemu-architecture=riscv64 -c 8 --ram-size=8192 -d '--qemu-options=-machine virt -kernel /home/minami/Documents/ukylin/u-boot.bin' /home/minami/Documents/openkylin-riscv/testing.qcow2
autopkgtest: DBG: got reply from testbed: ok
autopkgtest: DBG: testbed open, scratch=None
autopkgtest: DBG: sending command to testbed: open
autopkgtest-virt-qemu: DBG: executing open
autopkgtest-virt-qemu: DBG: find_free_port: trying 10022
autopkgtest-virt-qemu: DBG: find_free_port: 10022 is free
autopkgtest-virt-qemu: DBG: autopkgtest does not know how to boot this machine, hopefully nothing special needs to be done?
autopkgtest-virt-qemu: DBG: qemu architecture: riscv64
autopkgtest-virt-qemu: DBG: qemu command: qemu-system-riscv64
autopkgtest-virt-qemu: DBG: execute-timeout: qemu-img info --output=json /home/minami/Documents/openkylin-riscv/testing.qcow2
autopkgtest-virt-qemu: DBG: Creating temporary overlay image in /tmp/autopkgtest-qemu.qox48xjm/overlay.img
autopkgtest-virt-qemu: DBG: execute-timeout: qemu-img create -f qcow2 -F qcow2 -b /home/minami/Documents/openkylin-riscv/testing.qcow2 /tmp/autopkgtest-qemu.qox48xjm/overlay.img
autopkgtest-virt-qemu: DBG: Forwarding local port 10022 to VM ssh port 22
autopkgtest-virt-qemu: DBG: Assuming nothing special needs to be done to set up firmware to boot this machine (boot method: none)
autopkgtest-virt-qemu: DBG: full qemu command-line: ['qemu-system-riscv64', '-m', '8192', '-smp', '8', '-nographic', '-device', 'virtio-net-device,netdev=usernet', '-netdev', 'user,id=usernet,hostfwd=tcp:127.0.0.1:10022-:22', '-object', 'rng-random,filename=/dev/urandom,id=rng0', '-device', 'virtio-rng-pci,rng=rng0,id=rng-device0', '-monitor', 'unix:/tmp/autopkgtest-qemu.qox48xjm/monitor,server=on,wait=off', '-virtfs', 'local,id=autopkgtest,path=/tmp/autopkgtest-qemu.qox48xjm/shared,security_model=none,mount_tag=autopkgtest', '-device', 'virtio-serial', '-chardev', 'socket,path=/tmp/autopkgtest-qemu.qox48xjm/hvc0,server=on,wait=off,id=hvc0', '-device', 'virtconsole,chardev=hvc0', '-chardev', 'socket,path=/tmp/autopkgtest-qemu.qox48xjm/hvc1,server=on,wait=off,id=hvc1', '-device', 'virtconsole,chardev=hvc1', '-serial', 'unix:/tmp/autopkgtest-qemu.qox48xjm/ttyS0,server=on,wait=off', '-drive', 'index=0,file=/tmp/autopkgtest-qemu.qox48xjm/overlay.img,format=qcow2,cache=unsafe,if=virtio,discard=unmap', '-machine', 'virt', '-kernel', '/home/minami/Documents/ukylin/u-boot.bin']
autopkgtest-virt-qemu: DBG: expect: b' login: '
autopkgtest-virt-qemu: DBG: expect: found "'login prompt on serial console'"
autopkgtest-virt-qemu: DBG: expect: b'ok'
autopkgtest-virt-qemu: DBG: expect: found "b'ok'"
autopkgtest-virt-qemu: DBG: setup_shell(): there already is a shell on hvc1
qemu-system-riscv64: warning: 9p: degraded performance: a reasonable high msize should be chosen on client/guest side (chosen msize is <= 8192). See https://wiki.qemu.org/Documentation/9psetup#msize for details.
autopkgtest-virt-qemu: DBG: expect: b'4adbc4c2-91b0-4f38-8994-7df0b1d6e84c[1]'
autopkgtest-virt-qemu: DBG: expect: found "b'4adbc4c2-91b0-4f38-8994-7df0b1d6e84c[1]'"
autopkgtest-virt-qemu: DBG: expect: b'4adbc4c2-91b0-4f38-8994-7df0b1d6e84c[2]'
autopkgtest-virt-qemu: DBG: expect: found "b'4adbc4c2-91b0-4f38-8994-7df0b1d6e84c[2]'"
autopkgtest-virt-qemu: DBG: expect: b'4adbc4c2-91b0-4f38-8994-7df0b1d6e84c[3]'
autopkgtest-virt-qemu: DBG: expect: found "b'4adbc4c2-91b0-4f38-8994-7df0b1d6e84c[3]'"
autopkgtest-virt-qemu: DBG: expect: b'/python'
autopkgtest-virt-qemu: DBG: expect: found "b'/python'"
autopkgtest-virt-qemu: DBG: expect: b'# '
autopkgtest-virt-qemu: DBG: expect: found "b'# '"
autopkgtest-virt-qemu: DBG: expect: b'4adbc4c2-91b0-4f38-8994-7df0b1d6e84c[4]'
autopkgtest-virt-qemu: DBG: expect: found "b'4adbc4c2-91b0-4f38-8994-7df0b1d6e84c[4]'"
autopkgtest-virt-qemu: DBG: execute-timeout: /tmp/autopkgtest-qemu.qox48xjm/runcmd true
autopkgtest-virt-qemu: DBG: can connect to autopkgtest sh in VM
autopkgtest-virt-qemu: DBG: expect: b'4adbc4c2-91b0-4f38-8994-7df0b1d6e84c[5]'
autopkgtest-virt-qemu: DBG: expect: found "b'4adbc4c2-91b0-4f38-8994-7df0b1d6e84c[5]'"
autopkgtest-virt-qemu: DBG: determine_normal_user: got user "openkylin"
autopkgtest-virt-qemu: DBG: auxverb = ['/tmp/autopkgtest-qemu.qox48xjm/runcmd'], downtmp = None
autopkgtest-virt-qemu: DBG: execute-timeout: /tmp/autopkgtest-qemu.qox48xjm/runcmd mktemp --directory --tmpdir autopkgtest.XXXXXX
autopkgtest-virt-qemu: DBG: execute-timeout: /tmp/autopkgtest-qemu.qox48xjm/runcmd chmod 1777 /tmp/autopkgtest.Ihbfsq
autopkgtest: DBG: got reply from testbed: ok /tmp/autopkgtest.Ihbfsq
autopkgtest: DBG: sending command to testbed: print-execute-command
autopkgtest-virt-qemu: DBG: executing print-execute-command
autopkgtest: DBG: got reply from testbed: ok /tmp/autopkgtest-qemu.qox48xjm/runcmd
autopkgtest: DBG: sending command to testbed: capabilities
autopkgtest-virt-qemu: DBG: executing capabilities
autopkgtest: DBG: got reply from testbed: ok isolation-machine reboot revert revert-full-system root-on-testbed suggested-normal-user=openkylin
autopkgtest: DBG: testbed capabilities: ['isolation-machine', 'reboot', 'revert', 'revert-full-system', 'root-on-testbed', 'suggested-normal-user=openkylin', 'has_internet']
autopkgtest: DBG: testbed command ['mkdir', '-p', '/tmp/autopkgtest.Ihbfsq'], kind short, sout raw, serr pipe, env []
autopkgtest: DBG: testbed command exited with code 0
autopkgtest: DBG: sending command to testbed: copydown /usr/share/autopkgtest/lib/in-testbed/wrapper.sh /tmp/autopkgtest.Ihbfsq/wrapper.sh
autopkgtest-virt-qemu: DBG: executing copydown /usr/share/autopkgtest/lib/in-testbed/wrapper.sh /tmp/autopkgtest.Ihbfsq/wrapper.sh
autopkgtest-virt-qemu: DBG: ['cmdls', "(['cat'], ['/tmp/autopkgtest-qemu.qox48xjm/runcmd', 'sh', '-ec', 'cat >/tmp/autopkgtest.Ihbfsq/wrapper.sh; chmod +x -- /tmp/autopkgtest.Ihbfsq/wrapper.sh'])"]
autopkgtest-virt-qemu: DBG: ['srcstdin', "<_io.BufferedReader name='/usr/share/autopkgtest/lib/in-testbed/wrapper.sh'>", 'deststdout', "<_io.BufferedReader name='/dev/null'>", 'devnull_read', <_io.BufferedReader name='/dev/null'>]
autopkgtest-virt-qemu: DBG:  +< cat
autopkgtest-virt-qemu: DBG:  +> /tmp/autopkgtest-qemu.qox48xjm/runcmd sh -ec cat >/tmp/autopkgtest.Ihbfsq/wrapper.sh; chmod +x -- /tmp/autopkgtest.Ihbfsq/wrapper.sh
autopkgtest-virt-qemu: DBG:  +>?
autopkgtest-virt-qemu: DBG:  +<?
autopkgtest: DBG: got reply from testbed: ok
autopkgtest: DBG: testbed command ['chmod', '-R', '0755', '--', '/tmp/autopkgtest.Ihbfsq/wrapper.sh'], kind short, sout raw, serr pipe, env []
autopkgtest: DBG: testbed command exited with code 0
autopkgtest: DBG: testbed command ['dpkg', '--print-architecture'], kind short, sout pipe, serr pipe, env []
autopkgtest: DBG: testbed command exited with code 0
autopkgtest [16:25:09]: testbed dpkg architecture: riscv64
autopkgtest: DBG: testbed command ['sh', '-ec', 'command -v eatmydata'], kind short, sout pipe, serr pipe, env []
autopkgtest: DBG: testbed command exited with code 127
autopkgtest: DBG: testbed command ['sh', '-ec', 'command -v dpkg-query'], kind short, sout pipe, serr pipe, env []
autopkgtest: DBG: testbed command exited with code 0
autopkgtest: DBG: testbed command ['sh', '-ec', "dpkg-query --show -f '${Package}\\t${Version}\\n' > /tmp/autopkgtest.Ihbfsq/testbed-packages"], kind short, sout raw, serr pipe, env []
autopkgtest: DBG: testbed command exited with code 0
autopkgtest: DBG: sending command to testbed: copyup /tmp/autopkgtest.Ihbfsq/testbed-packages /home/minami/Documents/openkylin-riscv/test/libipc-run-perl/testbed-packages
autopkgtest-virt-qemu: DBG: executing copyup /tmp/autopkgtest.Ihbfsq/testbed-packages /home/minami/Documents/openkylin-riscv/test/libipc-run-perl/testbed-packages
autopkgtest-virt-qemu: DBG: ['cmdls', "(['/tmp/autopkgtest-qemu.qox48xjm/runcmd', 'sh', '-ec', 'cat </tmp/autopkgtest.Ihbfsq/testbed-packages'], ['cat'])"]
autopkgtest-virt-qemu: DBG: ['srcstdin', "<_io.BufferedReader name='/dev/null'>", 'deststdout', "<_io.BufferedWriter name='/home/minami/Documents/openkylin-riscv/test/libipc-run-perl/testbed-packages'>", 'devnull_read', <_io.BufferedReader name='/dev/null'>]
autopkgtest-virt-qemu: DBG:  +< /tmp/autopkgtest-qemu.qox48xjm/runcmd sh -ec cat </tmp/autopkgtest.Ihbfsq/testbed-packages
autopkgtest-virt-qemu: DBG:  +> cat
autopkgtest-virt-qemu: DBG:  +>?
autopkgtest-virt-qemu: DBG:  +<?
autopkgtest: DBG: got reply from testbed: ok
autopkgtest: DBG: testbed supports reboot, creating /tmp/autopkgtest-reboot
autopkgtest: DBG: testbed command ['mkdir', '-p', '/tmp/autopkgtest.Ihbfsq'], kind short, sout raw, serr pipe, env []
autopkgtest: DBG: testbed command exited with code 0
autopkgtest: DBG: sending command to testbed: copydown /usr/share/autopkgtest/lib/in-testbed/reboot.sh /tmp/autopkgtest.Ihbfsq/autopkgtest-reboot
autopkgtest-virt-qemu: DBG: executing copydown /usr/share/autopkgtest/lib/in-testbed/reboot.sh /tmp/autopkgtest.Ihbfsq/autopkgtest-reboot
autopkgtest-virt-qemu: DBG: ['cmdls', "(['cat'], ['/tmp/autopkgtest-qemu.qox48xjm/runcmd', 'sh', '-ec', 'cat >/tmp/autopkgtest.Ihbfsq/autopkgtest-reboot; chmod +x -- /tmp/autopkgtest.Ihbfsq/autopkgtest-reboot'])"]
autopkgtest-virt-qemu: DBG: ['srcstdin', "<_io.BufferedReader name='/usr/share/autopkgtest/lib/in-testbed/reboot.sh'>", 'deststdout', "<_io.BufferedReader name='/dev/null'>", 'devnull_read', <_io.BufferedReader name='/dev/null'>]
autopkgtest-virt-qemu: DBG:  +< cat
autopkgtest-virt-qemu: DBG:  +> /tmp/autopkgtest-qemu.qox48xjm/runcmd sh -ec cat >/tmp/autopkgtest.Ihbfsq/autopkgtest-reboot; chmod +x -- /tmp/autopkgtest.Ihbfsq/autopkgtest-reboot
autopkgtest-virt-qemu: DBG:  +>?
autopkgtest-virt-qemu: DBG:  +<?
autopkgtest: DBG: got reply from testbed: ok
autopkgtest: DBG: testbed command ['chmod', '-R', '0755', '--', '/tmp/autopkgtest.Ihbfsq/autopkgtest-reboot'], kind short, sout raw, serr pipe, env []
autopkgtest: DBG: testbed command exited with code 0
autopkgtest: DBG: testbed command ['ln', '-fns', '/tmp/autopkgtest.Ihbfsq/autopkgtest-reboot', '/tmp/autopkgtest-reboot'], kind short, sout raw, serr pipe, env []
autopkgtest: DBG: testbed command exited with code 0
autopkgtest: DBG: testbed command ['ln', '-fns', '/tmp/autopkgtest.Ihbfsq/autopkgtest-reboot', '/sbin/autopkgtest-reboot'], kind short, sout raw, serr pipe, env []
autopkgtest: DBG: testbed command exited with code 0
autopkgtest: DBG: testbed command ['mkdir', '-p', '/tmp/autopkgtest.Ihbfsq'], kind short, sout raw, serr pipe, env []
autopkgtest: DBG: testbed command exited with code 0
autopkgtest: DBG: sending command to testbed: copydown /usr/share/autopkgtest/lib/in-testbed/reboot-prepare.sh /tmp/autopkgtest.Ihbfsq/autopkgtest-reboot-prepare
autopkgtest-virt-qemu: DBG: executing copydown /usr/share/autopkgtest/lib/in-testbed/reboot-prepare.sh /tmp/autopkgtest.Ihbfsq/autopkgtest-reboot-prepare
autopkgtest-virt-qemu: DBG: ['cmdls', "(['cat'], ['/tmp/autopkgtest-qemu.qox48xjm/runcmd', 'sh', '-ec', 'cat >/tmp/autopkgtest.Ihbfsq/autopkgtest-reboot-prepare; chmod +x -- /tmp/autopkgtest.Ihbfsq/autopkgtest-reboot-prepare'])"]
autopkgtest-virt-qemu: DBG: ['srcstdin', "<_io.BufferedReader name='/usr/share/autopkgtest/lib/in-testbed/reboot-prepare.sh'>", 'deststdout', "<_io.BufferedReader name='/dev/null'>", 'devnull_read', <_io.BufferedReader name='/dev/null'>]
autopkgtest-virt-qemu: DBG:  +< cat
autopkgtest-virt-qemu: DBG:  +> /tmp/autopkgtest-qemu.qox48xjm/runcmd sh -ec cat >/tmp/autopkgtest.Ihbfsq/autopkgtest-reboot-prepare; chmod +x -- /tmp/autopkgtest.Ihbfsq/autopkgtest-reboot-prepare
autopkgtest-virt-qemu: DBG:  +>?
autopkgtest-virt-qemu: DBG:  +<?
autopkgtest: DBG: got reply from testbed: ok
autopkgtest: DBG: testbed command ['chmod', '-R', '0755', '--', '/tmp/autopkgtest.Ihbfsq/autopkgtest-reboot-prepare'], kind short, sout raw, serr pipe, env []
autopkgtest: DBG: testbed command exited with code 0
autopkgtest: DBG: testbed command ['ln', '-fns', '/tmp/autopkgtest.Ihbfsq/autopkgtest-reboot-prepare', '/tmp/autopkgtest-reboot-prepare'], kind short, sout raw, serr pipe, env []
autopkgtest: DBG: testbed command exited with code 0
autopkgtest: DBG: testbed command ['uname', '-srv'], kind short, sout pipe, serr pipe, env []
autopkgtest: DBG: testbed command exited with code 0
autopkgtest [16:25:19]: testbed running kernel: Linux 5.11.0-1030-generic #34 SMP Fri Mar 11 15:27:17 CST 2022
autopkgtest: DBG: testbed command ['sh', '-c', 'nproc; cat /proc/cpuinfo 2>/dev/null || true'], kind short, sout pipe, serr pipe, env []
autopkgtest: DBG: testbed command exited with code 0
autopkgtest: DBG: Binaries: initialising
autopkgtest [16:25:19]: @@@@@@@@@@@@@@@@@@@@ source /home/minami/Documents/openkylin-riscv/src/libipc-run-perl_20180523.0-ok2.dsc
autopkgtest: DBG: blame += /home/minami/Documents/openkylin-riscv/src/libipc-run-perl_20180523.0-ok2.dsc
autopkgtest: DBG: testbed reset: modified=False, deps_installed=[], deps_new=[]
autopkgtest: DBG: testbed command ['mkdir', '-p', '/tmp/autopkgtest.Ihbfsq'], kind short, sout raw, serr pipe, env []
autopkgtest: DBG: testbed command exited with code 0
autopkgtest: DBG: sending command to testbed: copydown /home/minami/Documents/openkylin-riscv/src/libipc-run-perl_20180523.0-ok2.dsc /tmp/autopkgtest.Ihbfsq/libipc-run-perl_20180523.0-ok2.dsc
autopkgtest-virt-qemu: DBG: executing copydown /home/minami/Documents/openkylin-riscv/src/libipc-run-perl_20180523.0-ok2.dsc /tmp/autopkgtest.Ihbfsq/libipc-run-perl_20180523.0-ok2.dsc
autopkgtest-virt-qemu: DBG: ['cmdls', "(['cat'], ['/tmp/autopkgtest-qemu.qox48xjm/runcmd', 'sh', '-ec', 'cat >/tmp/autopkgtest.Ihbfsq/libipc-run-perl_20180523.0-ok2.dsc'])"]
autopkgtest-virt-qemu: DBG: ['srcstdin', "<_io.BufferedReader name='/home/minami/Documents/openkylin-riscv/src/libipc-run-perl_20180523.0-ok2.dsc'>", 'deststdout', "<_io.BufferedReader name='/dev/null'>", 'devnull_read', <_io.BufferedReader name='/dev/null'>]
autopkgtest-virt-qemu: DBG:  +< cat
autopkgtest-virt-qemu: DBG:  +> /tmp/autopkgtest-qemu.qox48xjm/runcmd sh -ec cat >/tmp/autopkgtest.Ihbfsq/libipc-run-perl_20180523.0-ok2.dsc
autopkgtest-virt-qemu: DBG:  +>?
autopkgtest-virt-qemu: DBG:  +<?
autopkgtest: DBG: got reply from testbed: ok
autopkgtest: DBG: testbed command ['chown', '-R', 'openkylin', '--', '/tmp/autopkgtest.Ihbfsq/libipc-run-perl_20180523.0-ok2.dsc'], kind short, sout raw, serr pipe, env []
autopkgtest: DBG: testbed command exited with code 0
autopkgtest: DBG: testbed command ['mkdir', '-p', '/tmp/autopkgtest.Ihbfsq'], kind short, sout raw, serr pipe, env []
autopkgtest: DBG: testbed command exited with code 0
autopkgtest: DBG: sending command to testbed: copydown /home/minami/Documents/openkylin-riscv/src/libipc-run-perl_20180523.0.orig.tar.gz /tmp/autopkgtest.Ihbfsq/libipc-run-perl_20180523.0.orig.tar.gz
autopkgtest-virt-qemu: DBG: executing copydown /home/minami/Documents/openkylin-riscv/src/libipc-run-perl_20180523.0.orig.tar.gz /tmp/autopkgtest.Ihbfsq/libipc-run-perl_20180523.0.orig.tar.gz
autopkgtest-virt-qemu: DBG: ['cmdls', "(['cat'], ['/tmp/autopkgtest-qemu.qox48xjm/runcmd', 'sh', '-ec', 'cat >/tmp/autopkgtest.Ihbfsq/libipc-run-perl_20180523.0.orig.tar.gz'])"]
autopkgtest-virt-qemu: DBG: ['srcstdin', "<_io.BufferedReader name='/home/minami/Documents/openkylin-riscv/src/libipc-run-perl_20180523.0.orig.tar.gz'>", 'deststdout', "<_io.BufferedReader name='/dev/null'>", 'devnull_read', <_io.BufferedReader name='/dev/null'>]
autopkgtest-virt-qemu: DBG:  +< cat
autopkgtest-virt-qemu: DBG:  +> /tmp/autopkgtest-qemu.qox48xjm/runcmd sh -ec cat >/tmp/autopkgtest.Ihbfsq/libipc-run-perl_20180523.0.orig.tar.gz
autopkgtest-virt-qemu: DBG:  +>?
autopkgtest-virt-qemu: DBG:  +<?
autopkgtest: DBG: got reply from testbed: ok
autopkgtest: DBG: testbed command ['chown', '-R', 'openkylin', '--', '/tmp/autopkgtest.Ihbfsq/libipc-run-perl_20180523.0.orig.tar.gz'], kind short, sout raw, serr pipe, env []
autopkgtest: DBG: testbed command exited with code 0
autopkgtest: DBG: testbed command ['mkdir', '-p', '/tmp/autopkgtest.Ihbfsq'], kind short, sout raw, serr pipe, env []
autopkgtest: DBG: testbed command exited with code 0
autopkgtest: DBG: sending command to testbed: copydown /home/minami/Documents/openkylin-riscv/src/libipc-run-perl_20180523.0-ok2.debian.tar.xz /tmp/autopkgtest.Ihbfsq/libipc-run-perl_20180523.0-ok2.debian.tar.xz
autopkgtest-virt-qemu: DBG: executing copydown /home/minami/Documents/openkylin-riscv/src/libipc-run-perl_20180523.0-ok2.debian.tar.xz /tmp/autopkgtest.Ihbfsq/libipc-run-perl_20180523.0-ok2.debian.tar.xz
autopkgtest-virt-qemu: DBG: ['cmdls', "(['cat'], ['/tmp/autopkgtest-qemu.qox48xjm/runcmd', 'sh', '-ec', 'cat >/tmp/autopkgtest.Ihbfsq/libipc-run-perl_20180523.0-ok2.debian.tar.xz'])"]
autopkgtest-virt-qemu: DBG: ['srcstdin', "<_io.BufferedReader name='/home/minami/Documents/openkylin-riscv/src/libipc-run-perl_20180523.0-ok2.debian.tar.xz'>", 'deststdout', "<_io.BufferedReader name='/dev/null'>", 'devnull_read', <_io.BufferedReader name='/dev/null'>]
autopkgtest-virt-qemu: DBG:  +< cat
autopkgtest-virt-qemu: DBG:  +> /tmp/autopkgtest-qemu.qox48xjm/runcmd sh -ec cat >/tmp/autopkgtest.Ihbfsq/libipc-run-perl_20180523.0-ok2.debian.tar.xz
autopkgtest-virt-qemu: DBG:  +>?
autopkgtest-virt-qemu: DBG:  +<?
autopkgtest: DBG: got reply from testbed: ok
autopkgtest: DBG: testbed command ['chown', '-R', 'openkylin', '--', '/tmp/autopkgtest.Ihbfsq/libipc-run-perl_20180523.0-ok2.debian.tar.xz'], kind short, sout raw, serr pipe, env []
autopkgtest: DBG: testbed command exited with code 0
autopkgtest: DBG: install_deps: deps_new=[]
autopkgtest: DBG: testbed command ['sh', '-ec', 'command -v dpkg-source'], kind short, sout pipe, serr pipe, env []
autopkgtest: DBG: testbed command exited with code 0
autopkgtest: DBG: testbed command ['sh', '-ec', 'su --shell=/bin/sh openkylin -c \'set -e; exec 3>&1 >&2; set -x; cd /; builddir=$(mktemp -d /tmp/autopkgtest.Ihbfsq/build.XXX); cd $builddir; dpkg-source -x "/tmp/autopkgtest.Ihbfsq/libipc-run-perl_20180523.0-ok2.dsc" src; chmod -R a+rX .; cd [a-z0-9]*/.; pwd >&3; sed -n "1 {s/).*//; s/ (/\\n/; p}" debian/changelog >&3\''], kind build, sout pipe, serr raw, env []
+ cd /
+ mktemp -d /tmp/autopkgtest.Ihbfsq/build.XXX
+ builddir=/tmp/autopkgtest.Ihbfsq/build.31a
+ cd /tmp/autopkgtest.Ihbfsq/build.31a
+ dpkg-source -x /tmp/autopkgtest.Ihbfsq/libipc-run-perl_20180523.0-ok2.dsc src
gpgv: unknown type of key resource 'trustedkeys.kbx'
gpgv: keyblock resource '/tmp/dpkg-verify-sig.W2TqtbFB/trustedkeys.kbx': General error
gpgv: Signature made Tue 16 Aug 2022 01:33:50 AM UTC
gpgv:                using RSA key 64FBB79F5EAE64D792E94CFE0716F00F842CD274
gpgv: Can't check signature: No public key
dpkg-source: warning: cannot verify signature /tmp/autopkgtest.Ihbfsq/libipc-run-perl_20180523.0-ok2.dsc
dpkg-source: info: extracting libipc-run-perl in src
dpkg-source: info: unpacking libipc-run-perl_20180523.0.orig.tar.gz
dpkg-source: info: unpacking libipc-run-perl_20180523.0-ok2.debian.tar.xz
dpkg-source: info: using patch list from debian/patches/series
dpkg-source: info: applying hashbang.patch
+ chmod -R a+rX .
+ cd src/.
+ pwd
+ sed -n 1 {s/).*//; s/ (/\n/; p} debian/changelog
autopkgtest: DBG: testbed command exited with code 0
autopkgtest [16:25:31]: testing package libipc-run-perl version 20180523.0-ok2
autopkgtest: DBG: sending command to testbed: copyup /tmp/autopkgtest.Ihbfsq/build.31a/src/debian/ /home/minami/Documents/openkylin-riscv/test/libipc-run-perl/pkg/debian/
autopkgtest-virt-qemu: DBG: executing copyup /tmp/autopkgtest.Ihbfsq/build.31a/src/debian/ /home/minami/Documents/openkylin-riscv/test/libipc-run-perl/pkg/debian/
autopkgtest-virt-qemu: DBG: ['cmdls', "(['/tmp/autopkgtest-qemu.qox48xjm/runcmd', 'sh', '-ec', 'cd /tmp/autopkgtest.Ihbfsq/build.31a/src/debian/; tar --warning=none -c . -f -'], ['tar', '--directory', '/home/minami/Documents/openkylin-riscv/test/libipc-run-perl/pkg/debian/', '--warning=none', '--preserve-permissions', '--extract', '--no-same-owner', '-f', '-'])"]
autopkgtest-virt-qemu: DBG: ['srcstdin', "<_io.BufferedReader name='/dev/null'>", 'deststdout', "<_io.BufferedReader name='/dev/null'>", 'devnull_read', <_io.BufferedReader name='/dev/null'>]
autopkgtest-virt-qemu: DBG:  +< /tmp/autopkgtest-qemu.qox48xjm/runcmd sh -ec cd /tmp/autopkgtest.Ihbfsq/build.31a/src/debian/; tar --warning=none -c . -f -
autopkgtest-virt-qemu: DBG:  +> tar --directory /home/minami/Documents/openkylin-riscv/test/libipc-run-perl/pkg/debian/ --warning=none --preserve-permissions --extract --no-same-owner -f -
autopkgtest-virt-qemu: DBG:  +>?
autopkgtest-virt-qemu: DBG:  +<?
autopkgtest: DBG: got reply from testbed: ok
autopkgtest: DBG: autodep8 generated control: -----
Test-Command: /usr/share/pkg-perl-autopkgtest/runner build-deps
Depends: @, @builddeps@, pkg-perl-autopkgtest, 
Restrictions: skippable, 
Features: test-name=autodep8-perl-build-deps


Test-Command: /usr/share/pkg-perl-autopkgtest/runner runtime-deps
Depends: @, pkg-perl-autopkgtest, 
Restrictions: skippable, superficial, 
Features: test-name=autodep8-perl


Test-Command: /usr/share/pkg-perl-autopkgtest/runner runtime-deps-and-recommends
Depends: @, pkg-perl-autopkgtest, 
Restrictions: needs-recommends, skippable, superficial, 
Features: test-name=autodep8-perl-recommends


-------
autopkgtest: DBG: processing dependency @
autopkgtest: DBG: synthesised dependency libipc-run-perl
autopkgtest: DBG: processing dependency @builddeps@
autopkgtest: DBG: synthesised dependency debhelper-compat (= 12)
autopkgtest: DBG: synthesised dependency libio-pty-perl
autopkgtest: DBG: synthesised dependency libreadonly-perl
autopkgtest: DBG: synthesised dependency netbase
autopkgtest: DBG: synthesised dependency perl
autopkgtest: DBG: synthesised dependency build-essential
autopkgtest: DBG: processing dependency pkg-perl-autopkgtest
autopkgtest: DBG: Test defined: name autodep8-perl-build-deps path None command "/usr/share/pkg-perl-autopkgtest/runner build-deps" restrictions ['skippable'] features ['test-name=autodep8-perl-build-deps'] depends ['libipc-run-perl', 'debhelper-compat (= 12)', 'libio-pty-perl', 'libreadonly-perl', 'netbase', 'perl', 'build-essential', 'pkg-perl-autopkgtest'] 
autopkgtest: DBG: processing dependency @
autopkgtest: DBG: synthesised dependency libipc-run-perl
autopkgtest: DBG: processing dependency pkg-perl-autopkgtest
autopkgtest: DBG: Test defined: name autodep8-perl path None command "/usr/share/pkg-perl-autopkgtest/runner runtime-deps" restrictions ['skippable', 'superficial'] features ['test-name=autodep8-perl'] depends ['libipc-run-perl', 'pkg-perl-autopkgtest'] 
autopkgtest: DBG: processing dependency @
autopkgtest: DBG: synthesised dependency libipc-run-perl
autopkgtest: DBG: processing dependency pkg-perl-autopkgtest
autopkgtest: DBG: processing dependency @recommends@
autopkgtest: DBG: Test defined: name autodep8-perl-recommends path None command "/usr/share/pkg-perl-autopkgtest/runner runtime-deps-and-recommends" restrictions ['needs-recommends', 'skippable', 'superficial'] features ['test-name=autodep8-perl-recommends'] depends ['libipc-run-perl', 'pkg-perl-autopkgtest'] 
autopkgtest [16:25:32]: build not needed
autopkgtest: DBG: sending command to testbed: copyup /tmp/autopkgtest.Ihbfsq/build.31a/src/ /home/minami/Documents/openkylin-riscv/test/libipc-run-perl/tests-tree/
autopkgtest-virt-qemu: DBG: executing copyup /tmp/autopkgtest.Ihbfsq/build.31a/src/ /home/minami/Documents/openkylin-riscv/test/libipc-run-perl/tests-tree/
autopkgtest-virt-qemu: DBG: ['cmdls', "(['/tmp/autopkgtest-qemu.qox48xjm/runcmd', 'sh', '-ec', 'cd /tmp/autopkgtest.Ihbfsq/build.31a/src/; tar --warning=none -c . -f -'], ['tar', '--directory', '/home/minami/Documents/openkylin-riscv/test/libipc-run-perl/tests-tree/', '--warning=none', '--preserve-permissions', '--extract', '--no-same-owner', '-f', '-'])"]
autopkgtest-virt-qemu: DBG: ['srcstdin', "<_io.BufferedReader name='/dev/null'>", 'deststdout', "<_io.BufferedReader name='/dev/null'>", 'devnull_read', <_io.BufferedReader name='/dev/null'>]
autopkgtest-virt-qemu: DBG:  +< /tmp/autopkgtest-qemu.qox48xjm/runcmd sh -ec cd /tmp/autopkgtest.Ihbfsq/build.31a/src/; tar --warning=none -c . -f -
autopkgtest-virt-qemu: DBG:  +> tar --directory /home/minami/Documents/openkylin-riscv/test/libipc-run-perl/tests-tree/ --warning=none --preserve-permissions --extract --no-same-owner -f -
autopkgtest-virt-qemu: DBG:  +>?
autopkgtest-virt-qemu: DBG:  +<?
autopkgtest: DBG: got reply from testbed: ok
autopkgtest: DBG: autodep8 generated control: -----
Test-Command: /usr/share/pkg-perl-autopkgtest/runner build-deps
Depends: @, @builddeps@, pkg-perl-autopkgtest, 
Restrictions: skippable, 
Features: test-name=autodep8-perl-build-deps


Test-Command: /usr/share/pkg-perl-autopkgtest/runner runtime-deps
Depends: @, pkg-perl-autopkgtest, 
Restrictions: skippable, superficial, 
Features: test-name=autodep8-perl


Test-Command: /usr/share/pkg-perl-autopkgtest/runner runtime-deps-and-recommends
Depends: @, pkg-perl-autopkgtest, 
Restrictions: needs-recommends, skippable, superficial, 
Features: test-name=autodep8-perl-recommends


-------
autopkgtest: DBG: processing dependency @
autopkgtest: DBG: synthesised dependency libipc-run-perl
autopkgtest: DBG: processing dependency @builddeps@
autopkgtest: DBG: synthesised dependency debhelper-compat (= 12)
autopkgtest: DBG: synthesised dependency libio-pty-perl
autopkgtest: DBG: synthesised dependency libreadonly-perl
autopkgtest: DBG: synthesised dependency netbase
autopkgtest: DBG: synthesised dependency perl
autopkgtest: DBG: synthesised dependency build-essential
autopkgtest: DBG: processing dependency pkg-perl-autopkgtest
autopkgtest: DBG: Test defined: name autodep8-perl-build-deps path None command "/usr/share/pkg-perl-autopkgtest/runner build-deps" restrictions ['skippable'] features ['test-name=autodep8-perl-build-deps'] depends ['libipc-run-perl', 'debhelper-compat (= 12)', 'libio-pty-perl', 'libreadonly-perl', 'netbase', 'perl', 'build-essential', 'pkg-perl-autopkgtest'] 
autopkgtest: DBG: processing dependency @
autopkgtest: DBG: synthesised dependency libipc-run-perl
autopkgtest: DBG: processing dependency pkg-perl-autopkgtest
autopkgtest: DBG: Test defined: name autodep8-perl path None command "/usr/share/pkg-perl-autopkgtest/runner runtime-deps" restrictions ['skippable', 'superficial'] features ['test-name=autodep8-perl'] depends ['libipc-run-perl', 'pkg-perl-autopkgtest'] 
autopkgtest: DBG: processing dependency @
autopkgtest: DBG: synthesised dependency libipc-run-perl
autopkgtest: DBG: processing dependency pkg-perl-autopkgtest
autopkgtest: DBG: processing dependency @recommends@
autopkgtest: DBG: Test defined: name autodep8-perl-recommends path None command "/usr/share/pkg-perl-autopkgtest/runner runtime-deps-and-recommends" restrictions ['needs-recommends', 'skippable', 'superficial'] features ['test-name=autodep8-perl-recommends'] depends ['libipc-run-perl', 'pkg-perl-autopkgtest'] 
autopkgtest [16:25:32]: test autodep8-perl-build-deps: preparing testbed
autopkgtest: DBG: testbed reset: modified=False, deps_installed=[], deps_new=['libipc-run-perl', 'debhelper-compat (= 12)', 'libio-pty-perl', 'libreadonly-perl', 'netbase', 'perl', 'build-essential', 'pkg-perl-autopkgtest']
autopkgtest: DBG: Binaries: no registered binaries, not publishing anything
autopkgtest: DBG: install_deps: deps_new=['libipc-run-perl', 'debhelper-compat (= 12)', 'libio-pty-perl', 'libreadonly-perl', 'netbase', 'perl', 'build-essential', 'pkg-perl-autopkgtest']
autopkgtest: DBG: install-deps: satisfying libipc-run-perl, debhelper-compat (= 12), libio-pty-perl, libreadonly-perl, netbase, perl, build-essential, pkg-perl-autopkgtest
autopkgtest: DBG: install-deps: architecture resolved: libipc-run-perl, debhelper-compat (= 12), libio-pty-perl, libreadonly-perl, netbase, perl, build-essential, pkg-perl-autopkgtest
autopkgtest: DBG: testbed command ['test', '-w', '/var/lib/dpkg/status'], kind short, sout raw, serr raw, env []
autopkgtest: DBG: testbed command exited with code 0
autopkgtest: DBG: can use apt-get on testbed: True
autopkgtest: DBG: testbed command ['mkdir', '-p', '/tmp/autopkgtest.Ihbfsq'], kind short, sout raw, serr pipe, env []
autopkgtest: DBG: testbed command exited with code 0
autopkgtest: DBG: sending command to testbed: copydown /home/minami/Documents/openkylin-riscv/test/libipc-run-perl/1-autopkgtest-satdep.deb /tmp/autopkgtest.Ihbfsq/1-autopkgtest-satdep.deb
autopkgtest-virt-qemu: DBG: executing copydown /home/minami/Documents/openkylin-riscv/test/libipc-run-perl/1-autopkgtest-satdep.deb /tmp/autopkgtest.Ihbfsq/1-autopkgtest-satdep.deb
autopkgtest-virt-qemu: DBG: ['cmdls', "(['cat'], ['/tmp/autopkgtest-qemu.qox48xjm/runcmd', 'sh', '-ec', 'cat >/tmp/autopkgtest.Ihbfsq/1-autopkgtest-satdep.deb'])"]
autopkgtest-virt-qemu: DBG: ['srcstdin', "<_io.BufferedReader name='/home/minami/Documents/openkylin-riscv/test/libipc-run-perl/1-autopkgtest-satdep.deb'>", 'deststdout', "<_io.BufferedReader name='/dev/null'>", 'devnull_read', <_io.BufferedReader name='/dev/null'>]
autopkgtest-virt-qemu: DBG:  +< cat
autopkgtest-virt-qemu: DBG:  +> /tmp/autopkgtest-qemu.qox48xjm/runcmd sh -ec cat >/tmp/autopkgtest.Ihbfsq/1-autopkgtest-satdep.deb
autopkgtest-virt-qemu: DBG:  +>?
autopkgtest-virt-qemu: DBG:  +<?
autopkgtest: DBG: got reply from testbed: ok
autopkgtest: DBG: testbed command ['chown', '-R', 'openkylin', '--', '/tmp/autopkgtest.Ihbfsq/1-autopkgtest-satdep.deb'], kind short, sout raw, serr pipe, env []
autopkgtest: DBG: testbed command exited with code 0
autopkgtest: DBG: testbed command ['dpkg', '--unpack', '/tmp/autopkgtest.Ihbfsq/1-autopkgtest-satdep.deb'], kind short, sout pipe, serr pipe, env []
autopkgtest: DBG: testbed command exited with code 0
autopkgtest: DBG: testbed command ['/bin/sh', '-ec', ' apt-get install --assume-yes --fix-broken -o APT::Status-Fd=3 -o APT::Install-Recommends=false -o Dpkg::Options::=--force-confnew -o Debug::pkgProblemResolver=true 3>&2 2>&1'], kind install, sout raw, serr pipe, env ['DEBIAN_FRONTEND=noninteractive', 'APT_LISTBUGS_FRONTEND=none', 'APT_LISTCHANGES_FRONTEND=none']
Reading package lists...
Building dependency tree...
Reading state information...
Correcting dependencies...Starting pkgProblemResolver with broken count: 0
Starting 2 pkgProblemResolver with broken count: 0
Done
 Done
Starting pkgProblemResolver with broken count: 0
Starting 2 pkgProblemResolver with broken count: 0
Done
The following packages were automatically installed and are no longer required:
  libdjvulibre-text libdjvulibre21 libegl-dev libgl-dev libglu1-mesa-dev
  libglx-dev libmpdec2 libvulkan-dev libx11-dev libxau-dev libxcb1-dev
  libxdmcp-dev libxext-dev qt5-qmake qt5-qmake-bin x11proto-core-dev
  x11proto-dev xorg-sgml-doctools xtrans-dev
Use 'apt autoremove' to remove them.
The following additional packages will be installed:
  autoconf autodep8 automake autopoint autotools-dev build-essential
  dctrl-tools debhelper debugedit dh-autoreconf dh-strip-nondeterminism dwz
  g++ g++-9 gcc gcc-9 intltool-debian libarchive-zip-perl libcc1-0
  libdebhelper-perl libfile-stripnondeterminism-perl libio-pty-perl
  libipc-run-perl libreadonly-perl libsigsegv2 libsub-override-perl libtool m4
  pkg-perl-autopkgtest po-debconf
Suggested packages:
  autoconf-archive gnu-standards autoconf-doc debtags dh-make gcc-9-doc bison
  flex gcc-doc gcc-multilib gdb manpages-dev gcc-9-locales libtool-doc
  gfortran | fortran95-compiler gcj-jdk m4-doc libmail-box-perl
Recommended packages:
  libarchive-cpio-perl libltdl-dev libmail-sendmail-perl
The following NEW packages will be installed:
  autoconf autodep8 automake autopoint autotools-dev build-essential
  dctrl-tools debhelper debugedit dh-autoreconf dh-strip-nondeterminism dwz
  g++ g++-9 gcc gcc-9 intltool-debian libarchive-zip-perl libcc1-0
  libdebhelper-perl libfile-stripnondeterminism-perl libio-pty-perl
  libipc-run-perl libreadonly-perl libsigsegv2 libsub-override-perl libtool m4
  pkg-perl-autopkgtest po-debconf
0 upgraded, 30 newly installed, 0 to remove and 18 not upgraded.
1 not fully installed or removed.
Need to get 18.6 MB of archives.
After this operation, 45.9 MB of additional disk space will be used.
Get:1 http://archive.build.openkylin.top/openkylin yangtze/main riscv64 libipc-run-perl all 20180523.0-ok2 [89.6 kB]
Get:2 http://ppa.build.openkylin.top/kylinsoft/anything/openkylin yangtze/main riscv64 libio-pty-perl riscv64 1:1.12-ok1 [32.5 kB]
Get:3 http://ppa.build.openkylin.top/kylinsoft/anything/openkylin yangtze/main riscv64 libreadonly-perl all 2.050-ok1 [18.8 kB]
Get:4 http://ppa.build.openkylin.top/kylinsoft/anything/openkylin yangtze/main riscv64 autodep8 all 0.22-ok1 [10.1 kB]
Get:5 http://archive.build.openkylin.top/openkylin yangtze/main riscv64 autotools-dev all 20220506-ok1 [41.6 kB]
Get:6 http://ppa.build.openkylin.top/kylinsoft/anything/openkylin yangtze/main riscv64 pkg-perl-autopkgtest all 0.59-ok1 [8,208 B]
Get:7 http://archive.build.openkylin.top/openkylin yangtze/main riscv64 debugedit riscv64 1:5.0-ok1 [71.2 kB]
Get:8 http://archive.build.openkylin.top/openkylin yangtze/main riscv64 libsigsegv2 riscv64 2.12-ok1 [11.5 kB]
Get:9 http://archive.build.openkylin.top/openkylin yangtze/main riscv64 m4 riscv64 1.4.18-ok2 [191 kB]
Get:10 http://archive.build.openkylin.top/openkylin yangtze/main riscv64 autoconf all 2.71-ok2 [390 kB]
Get:11 http://archive.build.openkylin.top/openkylin yangtze/main riscv64 automake all 1:1.16.5-ok1 [557 kB]
Get:12 http://archive.build.openkylin.top/openkylin yangtze/main riscv64 autopoint all 0.19.8.1-ok1 [410 kB]
Get:13 http://archive.build.openkylin.top/openkylin yangtze/main riscv64 libdebhelper-perl all 13.6-ok1 [61.4 kB]
Get:14 http://archive.build.openkylin.top/openkylin yangtze/main riscv64 libcc1-0 riscv64 10-20200411-ok5 [42.3 kB]
Get:15 http://archive.build.openkylin.top/openkylin yangtze/main riscv64 gcc-9 riscv64 9.3.0-ok4 [7,417 kB]
Get:16 http://archive.build.openkylin.top/openkylin yangtze/main riscv64 gcc riscv64 4:9.3.0-ok7 [5,160 B]
Get:17 http://archive.build.openkylin.top/openkylin yangtze/main riscv64 libtool all 2.4.6-ok1 [159 kB]
Get:18 http://archive.build.openkylin.top/openkylin yangtze/main riscv64 dh-autoreconf all 20-ok1 [16.3 kB]
Get:19 http://archive.build.openkylin.top/openkylin yangtze/main riscv64 libarchive-zip-perl all 1.68-ok1 [90.7 kB]
Get:20 http://archive.build.openkylin.top/openkylin yangtze/main riscv64 libsub-override-perl all 0.09-ok2 [8,374 B]
Get:21 http://archive.build.openkylin.top/openkylin yangtze/main riscv64 libfile-stripnondeterminism-perl all 1.13.0-ok1 [16.8 kB]
Get:22 http://archive.build.openkylin.top/openkylin yangtze/main riscv64 dh-strip-nondeterminism all 1.13.0-ok1 [5,334 B]
Get:23 http://archive.build.openkylin.top/openkylin yangtze/main riscv64 dwz riscv64 0.14-ok1 [123 kB]
Get:24 http://archive.build.openkylin.top/openkylin yangtze/main riscv64 intltool-debian all 0.35.0+20060710.5-ok2 [23.2 kB]
Get:25 http://archive.build.openkylin.top/openkylin yangtze/main riscv64 po-debconf all 1.0.21+nmu1-ok1 [227 kB]
Get:26 http://archive.build.openkylin.top/openkylin yangtze/main riscv64 debhelper all 13.6-ok1 [931 kB]
Get:27 http://archive.build.openkylin.top/openkylin yangtze/main riscv64 g++-9 riscv64 9.3.0-ok4 [7,571 kB]
Get:28 http://archive.build.openkylin.top/openkylin yangtze/main riscv64 g++ riscv64 4:9.3.0-ok7 [1,470 B]
Get:29 http://archive.build.openkylin.top/openkylin yangtze/main riscv64 build-essential riscv64 12.8-ok1 [4,000 B]
Get:30 http://archive.build.openkylin.top/openkylin yangtze/main riscv64 dctrl-tools riscv64 2.24-ok1 [55.6 kB]
Fetched 18.6 MB in 4s (4,765 kB/s)
Selecting previously unselected package libio-pty-perl.
(Reading database ... (Reading database ... 5%(Reading database ... 10%(Reading database ... 15%(Reading database ... 20%(Reading database ... 25%(Reading database ... 30%(Reading database ... 35%(Reading database ... 40%(Reading database ... 45%(Reading database ... 50%(Reading database ... 55%(Reading database ... 60%(Reading database ... 65%(Reading database ... 70%(Reading database ... 75%(Reading database ... 80%(Reading database ... 85%(Reading database ... 90%(Reading database ... 95%(Reading database ... 100%(Reading database ... 161111 files and directories currently installed.)
Preparing to unpack .../00-libio-pty-perl_1%3a1.12-ok1_riscv64.deb ...
Unpacking libio-pty-perl (1:1.12-ok1) ...
Selecting previously unselected package libipc-run-perl.
Preparing to unpack .../01-libipc-run-perl_20180523.0-ok2_all.deb ...
Unpacking libipc-run-perl (20180523.0-ok2) ...
Selecting previously unselected package autotools-dev.
Preparing to unpack .../02-autotools-dev_20220506-ok1_all.deb ...
Unpacking autotools-dev (20220506-ok1) ...
Selecting previously unselected package debugedit.
Preparing to unpack .../03-debugedit_1%3a5.0-ok1_riscv64.deb ...
Unpacking debugedit (1:5.0-ok1) ...
Selecting previously unselected package libsigsegv2:riscv64.
Preparing to unpack .../04-libsigsegv2_2.12-ok1_riscv64.deb ...
Unpacking libsigsegv2:riscv64 (2.12-ok1) ...
Selecting previously unselected package m4.
Preparing to unpack .../05-m4_1.4.18-ok2_riscv64.deb ...
Unpacking m4 (1.4.18-ok2) ...
Selecting previously unselected package autoconf.
Preparing to unpack .../06-autoconf_2.71-ok2_all.deb ...
Unpacking autoconf (2.71-ok2) ...
Selecting previously unselected package automake.
Preparing to unpack .../07-automake_1%3a1.16.5-ok1_all.deb ...
Unpacking automake (1:1.16.5-ok1) ...
Selecting previously unselected package autopoint.
Preparing to unpack .../08-autopoint_0.19.8.1-ok1_all.deb ...
Unpacking autopoint (0.19.8.1-ok1) ...
Selecting previously unselected package libdebhelper-perl.
Preparing to unpack .../09-libdebhelper-perl_13.6-ok1_all.deb ...
Unpacking libdebhelper-perl (13.6-ok1) ...
Selecting previously unselected package libcc1-0:riscv64.
Preparing to unpack .../10-libcc1-0_10-20200411-ok5_riscv64.deb ...
Unpacking libcc1-0:riscv64 (10-20200411-ok5) ...
Selecting previously unselected package gcc-9.
Preparing to unpack .../11-gcc-9_9.3.0-ok4_riscv64.deb ...
Unpacking gcc-9 (9.3.0-ok4) ...
Selecting previously unselected package gcc.
Preparing to unpack .../12-gcc_4%3a9.3.0-ok7_riscv64.deb ...
Unpacking gcc (4:9.3.0-ok7) ...
Selecting previously unselected package libtool.
Preparing to unpack .../13-libtool_2.4.6-ok1_all.deb ...
Unpacking libtool (2.4.6-ok1) ...
Selecting previously unselected package dh-autoreconf.
Preparing to unpack .../14-dh-autoreconf_20-ok1_all.deb ...
Unpacking dh-autoreconf (20-ok1) ...
Selecting previously unselected package libarchive-zip-perl.
Preparing to unpack .../15-libarchive-zip-perl_1.68-ok1_all.deb ...
Unpacking libarchive-zip-perl (1.68-ok1) ...
Selecting previously unselected package libsub-override-perl.
Preparing to unpack .../16-libsub-override-perl_0.09-ok2_all.deb ...
Unpacking libsub-override-perl (0.09-ok2) ...
Selecting previously unselected package libfile-stripnondeterminism-perl.
Preparing to unpack .../17-libfile-stripnondeterminism-perl_1.13.0-ok1_all.deb ...
Unpacking libfile-stripnondeterminism-perl (1.13.0-ok1) ...
Selecting previously unselected package dh-strip-nondeterminism.
Preparing to unpack .../18-dh-strip-nondeterminism_1.13.0-ok1_all.deb ...
Unpacking dh-strip-nondeterminism (1.13.0-ok1) ...
Selecting previously unselected package dwz.
Preparing to unpack .../19-dwz_0.14-ok1_riscv64.deb ...
Unpacking dwz (0.14-ok1) ...
Selecting previously unselected package intltool-debian.
Preparing to unpack .../20-intltool-debian_0.35.0+20060710.5-ok2_all.deb ...
Unpacking intltool-debian (0.35.0+20060710.5-ok2) ...
Selecting previously unselected package po-debconf.
Preparing to unpack .../21-po-debconf_1.0.21+nmu1-ok1_all.deb ...
Unpacking po-debconf (1.0.21+nmu1-ok1) ...
Selecting previously unselected package debhelper.
Preparing to unpack .../22-debhelper_13.6-ok1_all.deb ...
Unpacking debhelper (13.6-ok1) ...
Selecting previously unselected package libreadonly-perl.
Preparing to unpack .../23-libreadonly-perl_2.050-ok1_all.deb ...
Unpacking libreadonly-perl (2.050-ok1) ...
Selecting previously unselected package g++-9.
Preparing to unpack .../24-g++-9_9.3.0-ok4_riscv64.deb ...
Unpacking g++-9 (9.3.0-ok4) ...
Selecting previously unselected package g++.
Preparing to unpack .../25-g++_4%3a9.3.0-ok7_riscv64.deb ...
Unpacking g++ (4:9.3.0-ok7) ...
Selecting previously unselected package build-essential.
Preparing to unpack .../26-build-essential_12.8-ok1_riscv64.deb ...
Unpacking build-essential (12.8-ok1) ...
Selecting previously unselected package dctrl-tools.
Preparing to unpack .../27-dctrl-tools_2.24-ok1_riscv64.deb ...
Unpacking dctrl-tools (2.24-ok1) ...
Selecting previously unselected package autodep8.
Preparing to unpack .../28-autodep8_0.22-ok1_all.deb ...
Unpacking autodep8 (0.22-ok1) ...
Selecting previously unselected package pkg-perl-autopkgtest.
Preparing to unpack .../29-pkg-perl-autopkgtest_0.59-ok1_all.deb ...
Unpacking pkg-perl-autopkgtest (0.59-ok1) ...
Setting up libio-pty-perl (1:1.12-ok1) ...
Setting up libarchive-zip-perl (1.68-ok1) ...
Setting up libdebhelper-perl (13.6-ok1) ...
Setting up intltool-debian (0.35.0+20060710.5-ok2) ...
Setting up libreadonly-perl (2.050-ok1) ...
Setting up autotools-dev (20220506-ok1) ...
Setting up libsigsegv2:riscv64 (2.12-ok1) ...
Setting up autopoint (0.19.8.1-ok1) ...
Setting up libipc-run-perl (20180523.0-ok2) ...
Setting up dwz (0.14-ok1) ...
Setting up debugedit (1:5.0-ok1) ...
Setting up libsub-override-perl (0.09-ok2) ...
Setting up libcc1-0:riscv64 (10-20200411-ok5) ...
Setting up dctrl-tools (2.24-ok1) ...
Setting up autodep8 (0.22-ok1) ...
Setting up libfile-stripnondeterminism-perl (1.13.0-ok1) ...
Setting up gcc-9 (9.3.0-ok4) ...
Setting up libtool (2.4.6-ok1) ...
Setting up po-debconf (1.0.21+nmu1-ok1) ...
Setting up m4 (1.4.18-ok2) ...
Setting up gcc (4:9.3.0-ok7) ...
Setting up g++-9 (9.3.0-ok4) ...
Setting up pkg-perl-autopkgtest (0.59-ok1) ...
Setting up autoconf (2.71-ok2) ...
Setting up dh-strip-nondeterminism (1.13.0-ok1) ...
Setting up g++ (4:9.3.0-ok7) ...
update-alternatives: using /usr/bin/g++ to provide /usr/bin/c++ (c++) in auto mode
Setting up build-essential (12.8-ok1) ...
Setting up automake (1:1.16.5-ok1) ...
update-alternatives: using /usr/bin/automake-1.16 to provide /usr/bin/automake (automake) in auto mode
Setting up dh-autoreconf (20-ok1) ...
Setting up debhelper (13.6-ok1) ...
Setting up autopkgtest-satdep (0) ...
Processing triggers for man-db (2.9.1-ok3) ...
Processing triggers for install-info (6.7.0.dfsg.2-ok1) ...
Processing triggers for libc-bin (2.36-ok2) ...
autopkgtest: DBG: testbed command exited with code 0
autopkgtest: DBG: testbed command ['dpkg-query', '--show', '-f', '${Status}', 'libipc-run-perl'], kind short, sout pipe, serr pipe, env []
autopkgtest: DBG: testbed command exited with code 0
autopkgtest: DBG: testbed command ['dpkg', '--status', 'autopkgtest-satdep'], kind short, sout pipe, serr pipe, env []
autopkgtest: DBG: testbed command exited with code 0
autopkgtest: DBG: testbed command ['apt-get', '--simulate', '--quiet', '-o', 'APT::Get::Show-User-Simulation-Note=False', '--auto-remove', 'purge', 'autopkgtest-satdep'], kind short, sout pipe, serr pipe, env []
autopkgtest: DBG: testbed command exited with code 0
autopkgtest: DBG: Marking test dependencies as manually installed: pkg-perl-autopkgtest autodep8 dctrl-tools dh-autoreconf debhelper dh-strip-nondeterminism debugedit dwz po-debconf intltool-debian libfile-stripnondeterminism-perl libarchive-zip-perl libdebhelper-perl libdjvulibre21 libdjvulibre-text libegl-dev libglu1-mesa-dev libgl-dev libglx-dev libipc-run-perl libio-pty-perl libmpdec2 libreadonly-perl libsub-override-perl libvulkan-dev libxext-dev libx11-dev libxcb1-dev libxau-dev libxdmcp-dev qt5-qmake qt5-qmake-bin x11proto-core-dev x11proto-dev xorg-sgml-doctools xtrans-dev
autopkgtest: DBG: testbed command ['apt-mark', 'manual', '-qq', 'pkg-perl-autopkgtest', 'autodep8', 'dctrl-tools', 'dh-autoreconf', 'debhelper', 'dh-strip-nondeterminism', 'debugedit', 'dwz', 'po-debconf', 'intltool-debian', 'libfile-stripnondeterminism-perl', 'libarchive-zip-perl', 'libdebhelper-perl', 'libdjvulibre21', 'libdjvulibre-text', 'libegl-dev', 'libglu1-mesa-dev', 'libgl-dev', 'libglx-dev', 'libipc-run-perl'], kind short, sout raw, serr pipe, env []
autopkgtest: DBG: testbed command exited with code 0
autopkgtest: DBG: testbed command ['apt-mark', 'manual', '-qq', 'libio-pty-perl', 'libmpdec2', 'libreadonly-perl', 'libsub-override-perl', 'libvulkan-dev', 'libxext-dev', 'libx11-dev', 'libxcb1-dev', 'libxau-dev', 'libxdmcp-dev', 'qt5-qmake', 'qt5-qmake-bin', 'x11proto-core-dev', 'x11proto-dev', 'xorg-sgml-doctools', 'xtrans-dev'], kind short, sout raw, serr pipe, env []
autopkgtest: DBG: testbed command exited with code 0
autopkgtest: DBG: testbed command ['dpkg', '--purge', 'autopkgtest-satdep'], kind short, sout raw, serr raw, env []
(Reading database ... 162325 files and directories currently installed.)
Removing autopkgtest-satdep (0) ...
autopkgtest: DBG: testbed command exited with code 0
autopkgtest: DBG: testbed command ['sh', '-ec', 'command -v dpkg-query'], kind short, sout pipe, serr pipe, env []
autopkgtest: DBG: testbed command exited with code 0
autopkgtest: DBG: testbed command ['sh', '-ec', "dpkg-query --show -f '${Package}\\t${Version}\\n' > /tmp/autopkgtest.Ihbfsq/autodep8-perl-build-deps-packages.all"], kind short, sout raw, serr pipe, env []
autopkgtest: DBG: testbed command exited with code 0
autopkgtest: DBG: sending command to testbed: copyup /tmp/autopkgtest.Ihbfsq/autodep8-perl-build-deps-packages.all /home/minami/Documents/openkylin-riscv/test/libipc-run-perl/autodep8-perl-build-deps-packages.all
autopkgtest-virt-qemu: DBG: executing copyup /tmp/autopkgtest.Ihbfsq/autodep8-perl-build-deps-packages.all /home/minami/Documents/openkylin-riscv/test/libipc-run-perl/autodep8-perl-build-deps-packages.all
autopkgtest-virt-qemu: DBG: ['cmdls', "(['/tmp/autopkgtest-qemu.qox48xjm/runcmd', 'sh', '-ec', 'cat </tmp/autopkgtest.Ihbfsq/autodep8-perl-build-deps-packages.all'], ['cat'])"]
autopkgtest-virt-qemu: DBG: ['srcstdin', "<_io.BufferedReader name='/dev/null'>", 'deststdout', "<_io.BufferedWriter name='/home/minami/Documents/openkylin-riscv/test/libipc-run-perl/autodep8-perl-build-deps-packages.all'>", 'devnull_read', <_io.BufferedReader name='/dev/null'>]
autopkgtest-virt-qemu: DBG:  +< /tmp/autopkgtest-qemu.qox48xjm/runcmd sh -ec cat </tmp/autopkgtest.Ihbfsq/autodep8-perl-build-deps-packages.all
autopkgtest-virt-qemu: DBG:  +> cat
autopkgtest-virt-qemu: DBG:  +>?
autopkgtest-virt-qemu: DBG:  +<?
autopkgtest: DBG: got reply from testbed: ok
autopkgtest: DBG: testbed command ['test', '-e', '/tmp/autopkgtest.Ihbfsq/build.31a/src'], kind short, sout raw, serr raw, env []
autopkgtest: DBG: testbed command exited with code 0
autopkgtest: DBG: copydown: tb path /tmp/autopkgtest.Ihbfsq/build.31a/src already exists
autopkgtest [16:27:10]: test autodep8-perl-build-deps: /usr/share/pkg-perl-autopkgtest/runner build-deps
autopkgtest [16:27:10]: test autodep8-perl-build-deps: [-----------------------
autopkgtest: DBG: testbed command ['su', '-s', '/bin/bash', 'openkylin', '-c', 'set -e; export USER=`id -nu`; . /etc/profile >/dev/null 2>&1 || true;  . ~/.profile >/dev/null 2>&1 || true; buildtree="/tmp/autopkgtest.Ihbfsq/build.31a/src"; mkdir -p -m 1777 -- "/tmp/autopkgtest.Ihbfsq/autodep8-perl-build-deps-artifacts"; export AUTOPKGTEST_ARTIFACTS="/tmp/autopkgtest.Ihbfsq/autodep8-perl-build-deps-artifacts"; export ADT_ARTIFACTS="$AUTOPKGTEST_ARTIFACTS"; mkdir -p -m 755 "/tmp/autopkgtest.Ihbfsq/autopkgtest_tmp"; export AUTOPKGTEST_TMP="/tmp/autopkgtest.Ihbfsq/autopkgtest_tmp"; export ADTTMP="$AUTOPKGTEST_TMP"; export DEBIAN_FRONTEND=noninteractive; export LANG=C.UTF-8; export DEB_BUILD_OPTIONS=parallel=8; unset LANGUAGE LC_CTYPE LC_NUMERIC LC_TIME LC_COLLATE   LC_MONETARY LC_MESSAGES LC_PAPER LC_NAME LC_ADDRESS   LC_TELEPHONE LC_MEASUREMENT LC_IDENTIFICATION LC_ALL;cd "$buildtree"; exec /tmp/autopkgtest.Ihbfsq/wrapper.sh --script-pid-file=/tmp/autopkgtest_script_pid --stderr=/tmp/autopkgtest.Ihbfsq/autodep8-perl-build-deps-stderr --stdout=/tmp/autopkgtest.Ihbfsq/autodep8-perl-build-deps-stdout -- bash -ec \'/usr/share/pkg-perl-autopkgtest/runner build-deps\' ;'], kind test, sout raw, serr raw, env []
t/97_meta.t .......................... skipped: Test::CPAN::Meta 0.12 not available for testing
t/98_pod.t ........................... skipped: Test::Pod 1.26 not available for testing
t/98_pod_coverage.t .................. skipped: Test::Pod::Coverage 1.04 not available for testing
t/99_perl_minimum_version.t .......... skipped: Perl::MinimumVersion 1.20 not available for testing
t/adopt.t ............................ skipped: adopt not implemented yet
t/autoflush.t ........................ 
1..4
ok 1 - Autoflush set
ok 2 - Autoflush still set
ok 3 - Autoflush unset
ok 4 - Autoflush still unset
ok
t/binmode.t .......................... 
1..24
ok 1
ok 2
ok 3
ok 4
ok 5
ok 6 - no binary
ok 7
ok 8 - out binary
ok 9
ok 10 - out binary 0
ok 11
ok 12 - out binary 1
ok 13
ok 14 - reporter < \n
ok 15
ok 16 - reporter < binary \n
ok 17
ok 18 - reporter < binary \r\n
ok 19
ok 20 - reporter < binary(0) \n
ok 21
ok 22 - reporter < binary(1) \n
ok 23
ok 24 - reporter < binary(1) \r\n
ok
t/bogus.t ............................ 
1..2
ok 1 - starting ./bogus_really_bogus
ok 2 - starting /usr/bin/perl with simulated_exec_failure => 1
ok
t/eintr.t ............................ 
1..3
ok 1 - got stdout on the first pump
ok 2 - first pump didn't wait for kid exit
ok 3 - got USR1 from the kid
ok
t/filter.t ........................... 
1..80
ok 1 - filter_tests didn't pass undef (EOF) through
ok 2 - filter_tests didn't return 0 (please try again) when given a 0
ok 3 - filter_tests didn't return 0 (please try again) when given a second 0
ok 4 - filter_tests didn't return undef (EOF) after two 0s and an undef
ok 5 - filter_tests didn't consume it's input
ok 6 - filter_tests didn't return undef (EOF), tried  100 times
ok 7 - filter_tests
ok 8
ok 9 - filter_tests [] didn't pass undef (EOF) through
ok 10 - filter_tests [] didn't return 0 (please try again) when given a 0
ok 11 - filter_tests [] didn't return 0 (please try again) when given a second 0
ok 12 - filter_tests [] didn't return undef (EOF) after two 0s and an undef
ok 13 - filter_tests [] didn't consume it's input
ok 14 - filter_tests [] didn't return undef (EOF), tried  100 times
ok 15 - filter_tests []
ok 16
ok 17 - filter_tests [] 2 didn't pass undef (EOF) through
ok 18 - filter_tests [] 2 didn't return 0 (please try again) when given a 0
ok 19 - filter_tests [] 2 didn't return 0 (please try again) when given a second 0
ok 20 - filter_tests [] 2 didn't return undef (EOF) after two 0s and an undef
ok 21 - filter_tests [] 2 didn't consume it's input
ok 22 - filter_tests [] 2 didn't return undef (EOF), tried  100 times
ok 23 - filter_tests [] 2
ok 24
ok 25 - uc_filter didn't pass undef (EOF) through
ok 26 - uc_filter didn't return 0 (please try again) when given a 0
ok 27 - uc_filter didn't return 0 (please try again) when given a second 0
ok 28 - uc_filter didn't return undef (EOF) after two 0s and an undef
ok 29 - uc_filter didn't consume it's input
ok 30 - uc_filter didn't return undef (EOF), tried  100 times
ok 31 - uc_filter
ok 32
ok 33 - chunking_filter by lines 1 didn't pass undef (EOF) through
ok 34 - chunking_filter by lines 1 didn't return 0 (please try again) when given a 0
ok 35 - chunking_filter by lines 1 didn't return 0 (please try again) when given a second 0
ok 36 - chunking_filter by lines 1 didn't return undef (EOF) after two 0s and an undef
ok 37 - chunking_filter by lines 1 didn't consume it's input
ok 38 - chunking_filter by lines 1 didn't return undef (EOF), tried  100 times
ok 39 - chunking_filter by lines 1
ok 40
ok 41 - chunking_filter by lines 2 didn't pass undef (EOF) through
ok 42 - chunking_filter by lines 2 didn't return 0 (please try again) when given a 0
ok 43 - chunking_filter by lines 2 didn't return 0 (please try again) when given a second 0
ok 44 - chunking_filter by lines 2 didn't return undef (EOF) after two 0s and an undef
ok 45 - chunking_filter by lines 2 didn't consume it's input
ok 46 - chunking_filter by lines 2 didn't return undef (EOF), tried  100 times
ok 47 - chunking_filter by lines 2
ok 48
ok 49 - chunking_filter by lines 2 didn't pass undef (EOF) through
ok 50 - chunking_filter by lines 2 didn't return 0 (please try again) when given a 0
ok 51 - chunking_filter by lines 2 didn't return 0 (please try again) when given a second 0
ok 52 - chunking_filter by lines 2 didn't return undef (EOF) after two 0s and an undef
ok 53 - chunking_filter by lines 2 didn't consume it's input
ok 54 - chunking_filter by lines 2 didn't return undef (EOF), tried  100 times
ok 55 - chunking_filter by lines 2
ok 56
ok 57 - chunking_filter by an odd separator didn't pass undef (EOF) through
ok 58 - chunking_filter by an odd separator didn't return 0 (please try again) when given a 0
ok 59 - chunking_filter by an odd separator didn't return 0 (please try again) when given a second 0
ok 60 - chunking_filter by an odd separator didn't return undef (EOF) after two 0s and an undef
ok 61 - chunking_filter by an odd separator didn't consume it's input
ok 62 - chunking_filter by an odd separator didn't return undef (EOF), tried  100 times
ok 63 - chunking_filter by an odd separator
ok 64
ok 65 - chunking_filter 2 didn't pass undef (EOF) through
ok 66 - chunking_filter 2 didn't return 0 (please try again) when given a 0
ok 67 - chunking_filter 2 didn't return 0 (please try again) when given a second 0
ok 68 - chunking_filter 2 didn't return undef (EOF) after two 0s and an undef
ok 69 - chunking_filter 2 didn't consume it's input
ok 70 - chunking_filter 2 didn't return undef (EOF), tried  100 times
ok 71 - chunking_filter 2
ok 72
ok 73 - appending_filter didn't pass undef (EOF) through
ok 74 - appending_filter didn't return 0 (please try again) when given a 0
ok 75 - appending_filter didn't return 0 (please try again) when given a second 0
ok 76 - appending_filter didn't return undef (EOF) after two 0s and an undef
ok 77 - appending_filter didn't consume it's input
ok 78 - appending_filter didn't return undef (EOF), tried  100 times
ok 79 - appending_filter
ok 80
ok
t/harness.t .......................... 
1..120
ok 1 - ARRAY(0x2aad772100) <b < c 0<d 0< e 1<f 1< g
ok 2 - ARRAY(0x2aad772100) <b < c 0<d 0< e 1<f 1< g: 0, KFD
ok 3 - ARRAY(0x2aad772100) <b < c 0<d 0< e 1<f 1< g: 0, SOURCE
ok 4 - ARRAY(0x2aad772100) <b < c 0<d 0< e 1<f 1< g: 0, TYPE
ok 5 - ARRAY(0x2aad772100) <b < c 0<d 0< e 1<f 1< g: 1, KFD
ok 6 - ARRAY(0x2aad772100) <b < c 0<d 0< e 1<f 1< g: 1, SOURCE
ok 7 - ARRAY(0x2aad772100) <b < c 0<d 0< e 1<f 1< g: 1, TYPE
ok 8 - ARRAY(0x2aad772100) <b < c 0<d 0< e 1<f 1< g: 2, KFD
ok 9 - ARRAY(0x2aad772100) <b < c 0<d 0< e 1<f 1< g: 2, SOURCE
ok 10 - ARRAY(0x2aad772100) <b < c 0<d 0< e 1<f 1< g: 2, TYPE
ok 11 - ARRAY(0x2aad772100) <b < c 0<d 0< e 1<f 1< g: 3, KFD
ok 12 - ARRAY(0x2aad772100) <b < c 0<d 0< e 1<f 1< g: 3, SOURCE
ok 13 - ARRAY(0x2aad772100) <b < c 0<d 0< e 1<f 1< g: 3, TYPE
ok 14 - ARRAY(0x2aad772100) <b < c 0<d 0< e 1<f 1< g: 4, KFD
ok 15 - ARRAY(0x2aad772100) <b < c 0<d 0< e 1<f 1< g: 4, SOURCE
ok 16 - ARRAY(0x2aad772100) <b < c 0<d 0< e 1<f 1< g: 4, TYPE
ok 17 - ARRAY(0x2aad772100) <b < c 0<d 0< e 1<f 1< g: 5, KFD
ok 18 - ARRAY(0x2aad772100) <b < c 0<d 0< e 1<f 1< g: 5, SOURCE
ok 19 - ARRAY(0x2aad772100) <b < c 0<d 0< e 1<f 1< g: 5, TYPE
ok 20 - ARRAY(0x2aad772040) >b > c 2>d 2> e >>f >> g 2>>h 2>> i
ok 21 - ARRAY(0x2aad772040) >b > c 2>d 2> e >>f >> g 2>>h 2>> i: 0, DEST
ok 22 - ARRAY(0x2aad772040) >b > c 2>d 2> e >>f >> g 2>>h 2>> i: 0, KFD
ok 23 - ARRAY(0x2aad772040) >b > c 2>d 2> e >>f >> g 2>>h 2>> i: 0, TRUNC
ok 24 - ARRAY(0x2aad772040) >b > c 2>d 2> e >>f >> g 2>>h 2>> i: 0, TYPE
ok 25 - ARRAY(0x2aad772040) >b > c 2>d 2> e >>f >> g 2>>h 2>> i: 1, DEST
ok 26 - ARRAY(0x2aad772040) >b > c 2>d 2> e >>f >> g 2>>h 2>> i: 1, KFD
ok 27 - ARRAY(0x2aad772040) >b > c 2>d 2> e >>f >> g 2>>h 2>> i: 1, TRUNC
ok 28 - ARRAY(0x2aad772040) >b > c 2>d 2> e >>f >> g 2>>h 2>> i: 1, TYPE
ok 29 - ARRAY(0x2aad772040) >b > c 2>d 2> e >>f >> g 2>>h 2>> i: 2, DEST
ok 30 - ARRAY(0x2aad772040) >b > c 2>d 2> e >>f >> g 2>>h 2>> i: 2, KFD
ok 31 - ARRAY(0x2aad772040) >b > c 2>d 2> e >>f >> g 2>>h 2>> i: 2, TRUNC
ok 32 - ARRAY(0x2aad772040) >b > c 2>d 2> e >>f >> g 2>>h 2>> i: 2, TYPE
ok 33 - ARRAY(0x2aad772040) >b > c 2>d 2> e >>f >> g 2>>h 2>> i: 3, DEST
ok 34 - ARRAY(0x2aad772040) >b > c 2>d 2> e >>f >> g 2>>h 2>> i: 3, KFD
ok 35 - ARRAY(0x2aad772040) >b > c 2>d 2> e >>f >> g 2>>h 2>> i: 3, TRUNC
ok 36 - ARRAY(0x2aad772040) >b > c 2>d 2> e >>f >> g 2>>h 2>> i: 3, TYPE
ok 37 - ARRAY(0x2aad772040) >b > c 2>d 2> e >>f >> g 2>>h 2>> i: 4, DEST
ok 38 - ARRAY(0x2aad772040) >b > c 2>d 2> e >>f >> g 2>>h 2>> i: 4, KFD
ok 39 - ARRAY(0x2aad772040) >b > c 2>d 2> e >>f >> g 2>>h 2>> i: 4, TRUNC
ok 40 - ARRAY(0x2aad772040) >b > c 2>d 2> e >>f >> g 2>>h 2>> i: 4, TYPE
ok 41 - ARRAY(0x2aad772040) >b > c 2>d 2> e >>f >> g 2>>h 2>> i: 5, DEST
ok 42 - ARRAY(0x2aad772040) >b > c 2>d 2> e >>f >> g 2>>h 2>> i: 5, KFD
ok 43 - ARRAY(0x2aad772040) >b > c 2>d 2> e >>f >> g 2>>h 2>> i: 5, TRUNC
ok 44 - ARRAY(0x2aad772040) >b > c 2>d 2> e >>f >> g 2>>h 2>> i: 5, TYPE
ok 45 - ARRAY(0x2aad772040) >b > c 2>d 2> e >>f >> g 2>>h 2>> i: 6, DEST
ok 46 - ARRAY(0x2aad772040) >b > c 2>d 2> e >>f >> g 2>>h 2>> i: 6, KFD
ok 47 - ARRAY(0x2aad772040) >b > c 2>d 2> e >>f >> g 2>>h 2>> i: 6, TRUNC
ok 48 - ARRAY(0x2aad772040) >b > c 2>d 2> e >>f >> g 2>>h 2>> i: 6, TYPE
ok 49 - ARRAY(0x2aad772040) >b > c 2>d 2> e >>f >> g 2>>h 2>> i: 7, DEST
ok 50 - ARRAY(0x2aad772040) >b > c 2>d 2> e >>f >> g 2>>h 2>> i: 7, KFD
ok 51 - ARRAY(0x2aad772040) >b > c 2>d 2> e >>f >> g 2>>h 2>> i: 7, TRUNC
ok 52 - ARRAY(0x2aad772040) >b > c 2>d 2> e >>f >> g 2>>h 2>> i: 7, TYPE
ok 53 - ARRAY(0x2aad74d4f0) >&b >& c &>d &> e
ok 54 - ARRAY(0x2aad74d4f0) >&b >& c &>d &> e: 0, DEST
ok 55 - ARRAY(0x2aad74d4f0) >&b >& c &>d &> e: 0, KFD
ok 56 - ARRAY(0x2aad74d4f0) >&b >& c &>d &> e: 0, TRUNC
ok 57 - ARRAY(0x2aad74d4f0) >&b >& c &>d &> e: 0, TYPE
ok 58 - ARRAY(0x2aad74d4f0) >&b >& c &>d &> e: 1, KFD1
ok 59 - ARRAY(0x2aad74d4f0) >&b >& c &>d &> e: 1, KFD2
ok 60 - ARRAY(0x2aad74d4f0) >&b >& c &>d &> e: 1, TYPE
ok 61 - ARRAY(0x2aad74d4f0) >&b >& c &>d &> e: 2, DEST
ok 62 - ARRAY(0x2aad74d4f0) >&b >& c &>d &> e: 2, KFD
ok 63 - ARRAY(0x2aad74d4f0) >&b >& c &>d &> e: 2, TRUNC
ok 64 - ARRAY(0x2aad74d4f0) >&b >& c &>d &> e: 2, TYPE
ok 65 - ARRAY(0x2aad74d4f0) >&b >& c &>d &> e: 3, KFD1
ok 66 - ARRAY(0x2aad74d4f0) >&b >& c &>d &> e: 3, KFD2
ok 67 - ARRAY(0x2aad74d4f0) >&b >& c &>d &> e: 3, TYPE
ok 68 - ARRAY(0x2aad74d4f0) >&b >& c &>d &> e: 4, DEST
ok 69 - ARRAY(0x2aad74d4f0) >&b >& c &>d &> e: 4, KFD
ok 70 - ARRAY(0x2aad74d4f0) >&b >& c &>d &> e: 4, TRUNC
ok 71 - ARRAY(0x2aad74d4f0) >&b >& c &>d &> e: 4, TYPE
ok 72 - ARRAY(0x2aad74d4f0) >&b >& c &>d &> e: 5, KFD1
ok 73 - ARRAY(0x2aad74d4f0) >&b >& c &>d &> e: 5, KFD2
ok 74 - ARRAY(0x2aad74d4f0) >&b >& c &>d &> e: 5, TYPE
ok 75 - ARRAY(0x2aad74d4f0) >&b >& c &>d &> e: 6, DEST
ok 76 - ARRAY(0x2aad74d4f0) >&b >& c &>d &> e: 6, KFD
ok 77 - ARRAY(0x2aad74d4f0) >&b >& c &>d &> e: 6, TRUNC
ok 78 - ARRAY(0x2aad74d4f0) >&b >& c &>d &> e: 6, TYPE
ok 79 - ARRAY(0x2aad74d4f0) >&b >& c &>d &> e: 7, KFD1
ok 80 - ARRAY(0x2aad74d4f0) >&b >& c &>d &> e: 7, KFD2
ok 81 - ARRAY(0x2aad74d4f0) >&b >& c &>d &> e: 7, TYPE
ok 82 - ARRAY(0x2aad772100) >& CODE(0x2aae14a610) CODE(0x2aae14a670) SCALAR(0x2aad77bdc0) > CODE(0x2aae14a6d0) CODE(0x2aae14a718) SCALAR(0x2aad77bdc0) < CODE(0x2aae153480) CODE(0x2aae1534c8) SCALAR(0x2aad77bdc0)
ok 83 - ARRAY(0x2aad772100) >& CODE(0x2aae14a610) CODE(0x2aae14a670) SCALAR(0x2aad77bdc0) > CODE(0x2aae14a6d0) CODE(0x2aae14a718) SCALAR(0x2aad77bdc0) < CODE(0x2aae153480) CODE(0x2aae1534c8) SCALAR(0x2aad77bdc0): 0, DEST
ok 84 - ARRAY(0x2aad772100) >& CODE(0x2aae14a610) CODE(0x2aae14a670) SCALAR(0x2aad77bdc0) > CODE(0x2aae14a6d0) CODE(0x2aae14a718) SCALAR(0x2aad77bdc0) < CODE(0x2aae153480) CODE(0x2aae1534c8) SCALAR(0x2aad77bdc0): 0, FILTERS
ok 85 - ARRAY(0x2aad772100) >& CODE(0x2aae14a610) CODE(0x2aae14a670) SCALAR(0x2aad77bdc0) > CODE(0x2aae14a6d0) CODE(0x2aae14a718) SCALAR(0x2aad77bdc0) < CODE(0x2aae153480) CODE(0x2aae1534c8) SCALAR(0x2aad77bdc0): 0, KFD
ok 86 - ARRAY(0x2aad772100) >& CODE(0x2aae14a610) CODE(0x2aae14a670) SCALAR(0x2aad77bdc0) > CODE(0x2aae14a6d0) CODE(0x2aae14a718) SCALAR(0x2aad77bdc0) < CODE(0x2aae153480) CODE(0x2aae1534c8) SCALAR(0x2aad77bdc0): 0, TRUNC
ok 87 - ARRAY(0x2aad772100) >& CODE(0x2aae14a610) CODE(0x2aae14a670) SCALAR(0x2aad77bdc0) > CODE(0x2aae14a6d0) CODE(0x2aae14a718) SCALAR(0x2aad77bdc0) < CODE(0x2aae153480) CODE(0x2aae1534c8) SCALAR(0x2aad77bdc0): 0, TYPE
ok 88 - ARRAY(0x2aad772100) >& CODE(0x2aae14a610) CODE(0x2aae14a670) SCALAR(0x2aad77bdc0) > CODE(0x2aae14a6d0) CODE(0x2aae14a718) SCALAR(0x2aad77bdc0) < CODE(0x2aae153480) CODE(0x2aae1534c8) SCALAR(0x2aad77bdc0): 1, KFD1
ok 89 - ARRAY(0x2aad772100) >& CODE(0x2aae14a610) CODE(0x2aae14a670) SCALAR(0x2aad77bdc0) > CODE(0x2aae14a6d0) CODE(0x2aae14a718) SCALAR(0x2aad77bdc0) < CODE(0x2aae153480) CODE(0x2aae1534c8) SCALAR(0x2aad77bdc0): 1, KFD2
ok 90 - ARRAY(0x2aad772100) >& CODE(0x2aae14a610) CODE(0x2aae14a670) SCALAR(0x2aad77bdc0) > CODE(0x2aae14a6d0) CODE(0x2aae14a718) SCALAR(0x2aad77bdc0) < CODE(0x2aae153480) CODE(0x2aae1534c8) SCALAR(0x2aad77bdc0): 1, TYPE
ok 91 - ARRAY(0x2aad772100) >& CODE(0x2aae14a610) CODE(0x2aae14a670) SCALAR(0x2aad77bdc0) > CODE(0x2aae14a6d0) CODE(0x2aae14a718) SCALAR(0x2aad77bdc0) < CODE(0x2aae153480) CODE(0x2aae1534c8) SCALAR(0x2aad77bdc0): 2, DEST
ok 92 - ARRAY(0x2aad772100) >& CODE(0x2aae14a610) CODE(0x2aae14a670) SCALAR(0x2aad77bdc0) > CODE(0x2aae14a6d0) CODE(0x2aae14a718) SCALAR(0x2aad77bdc0) < CODE(0x2aae153480) CODE(0x2aae1534c8) SCALAR(0x2aad77bdc0): 2, FILTERS
ok 93 - ARRAY(0x2aad772100) >& CODE(0x2aae14a610) CODE(0x2aae14a670) SCALAR(0x2aad77bdc0) > CODE(0x2aae14a6d0) CODE(0x2aae14a718) SCALAR(0x2aad77bdc0) < CODE(0x2aae153480) CODE(0x2aae1534c8) SCALAR(0x2aad77bdc0): 2, KFD
ok 94 - ARRAY(0x2aad772100) >& CODE(0x2aae14a610) CODE(0x2aae14a670) SCALAR(0x2aad77bdc0) > CODE(0x2aae14a6d0) CODE(0x2aae14a718) SCALAR(0x2aad77bdc0) < CODE(0x2aae153480) CODE(0x2aae1534c8) SCALAR(0x2aad77bdc0): 2, TRUNC
ok 95 - ARRAY(0x2aad772100) >& CODE(0x2aae14a610) CODE(0x2aae14a670) SCALAR(0x2aad77bdc0) > CODE(0x2aae14a6d0) CODE(0x2aae14a718) SCALAR(0x2aad77bdc0) < CODE(0x2aae153480) CODE(0x2aae1534c8) SCALAR(0x2aad77bdc0): 2, TYPE
ok 96 - ARRAY(0x2aad772100) >& CODE(0x2aae14a610) CODE(0x2aae14a670) SCALAR(0x2aad77bdc0) > CODE(0x2aae14a6d0) CODE(0x2aae14a718) SCALAR(0x2aad77bdc0) < CODE(0x2aae153480) CODE(0x2aae1534c8) SCALAR(0x2aad77bdc0): 3, FILTERS
ok 97 - ARRAY(0x2aad772100) >& CODE(0x2aae14a610) CODE(0x2aae14a670) SCALAR(0x2aad77bdc0) > CODE(0x2aae14a6d0) CODE(0x2aae14a718) SCALAR(0x2aad77bdc0) < CODE(0x2aae153480) CODE(0x2aae1534c8) SCALAR(0x2aad77bdc0): 3, KFD
ok 98 - ARRAY(0x2aad772100) >& CODE(0x2aae14a610) CODE(0x2aae14a670) SCALAR(0x2aad77bdc0) > CODE(0x2aae14a6d0) CODE(0x2aae14a718) SCALAR(0x2aad77bdc0) < CODE(0x2aae153480) CODE(0x2aae1534c8) SCALAR(0x2aad77bdc0): 3, SOURCE
ok 99 - ARRAY(0x2aad772100) >& CODE(0x2aae14a610) CODE(0x2aae14a670) SCALAR(0x2aad77bdc0) > CODE(0x2aae14a6d0) CODE(0x2aae14a718) SCALAR(0x2aad77bdc0) < CODE(0x2aae153480) CODE(0x2aae1534c8) SCALAR(0x2aad77bdc0): 3, TYPE
ok 100 - ARRAY(0x2aad772040) < SCALAR(0x2aad77bdc0) > SCALAR(0x2aad77bdc0)
ok 101 - ARRAY(0x2aad772040) < SCALAR(0x2aad77bdc0) > SCALAR(0x2aad77bdc0): 0, KFD
ok 102 - ARRAY(0x2aad772040) < SCALAR(0x2aad77bdc0) > SCALAR(0x2aad77bdc0): 0, SOURCE
ok 103 - ARRAY(0x2aad772040) < SCALAR(0x2aad77bdc0) > SCALAR(0x2aad77bdc0): 0, TYPE
ok 104 - ARRAY(0x2aad772040) < SCALAR(0x2aad77bdc0) > SCALAR(0x2aad77bdc0): 1, DEST
ok 105 - ARRAY(0x2aad772040) < SCALAR(0x2aad77bdc0) > SCALAR(0x2aad77bdc0): 1, KFD
ok 106 - ARRAY(0x2aad772040) < SCALAR(0x2aad77bdc0) > SCALAR(0x2aad77bdc0): 1, TYPE
ok 107 - ARRAY(0x2aad74d4f0) <pipe SCALAR(0x2aad77bdc0) >pipe SCALAR(0x2aad77bdc0)
ok 108 - ARRAY(0x2aad74d4f0) <pipe SCALAR(0x2aad77bdc0) >pipe SCALAR(0x2aad77bdc0): 0, KFD
ok 109 - ARRAY(0x2aad74d4f0) <pipe SCALAR(0x2aad77bdc0) >pipe SCALAR(0x2aad77bdc0): 0, SOURCE
ok 110 - ARRAY(0x2aad74d4f0) <pipe SCALAR(0x2aad77bdc0) >pipe SCALAR(0x2aad77bdc0): 0, TYPE
ok 111 - ARRAY(0x2aad74d4f0) <pipe SCALAR(0x2aad77bdc0) >pipe SCALAR(0x2aad77bdc0): 1, DEST
ok 112 - ARRAY(0x2aad74d4f0) <pipe SCALAR(0x2aad77bdc0) >pipe SCALAR(0x2aad77bdc0): 1, KFD
ok 113 - ARRAY(0x2aad74d4f0) <pipe SCALAR(0x2aad77bdc0) >pipe SCALAR(0x2aad77bdc0): 1, TYPE
ok 114 - ARRAY(0x2aad772100) <pipe SCALAR(0x2aad77bdc0) > SCALAR(0x2aad77bdc0)
ok 115 - ARRAY(0x2aad772100) <pipe SCALAR(0x2aad77bdc0) > SCALAR(0x2aad77bdc0): 0, KFD
ok 116 - ARRAY(0x2aad772100) <pipe SCALAR(0x2aad77bdc0) > SCALAR(0x2aad77bdc0): 0, SOURCE
ok 117 - ARRAY(0x2aad772100) <pipe SCALAR(0x2aad77bdc0) > SCALAR(0x2aad77bdc0): 0, TYPE
ok 118 - ARRAY(0x2aad772100) <pipe SCALAR(0x2aad77bdc0) > SCALAR(0x2aad77bdc0): 1, DEST
ok 119 - ARRAY(0x2aad772100) <pipe SCALAR(0x2aad77bdc0) > SCALAR(0x2aad77bdc0): 1, KFD
ok 120 - ARRAY(0x2aad772100) <pipe SCALAR(0x2aad77bdc0) > SCALAR(0x2aad77bdc0): 1, TYPE
ok
t/io.t ............................... 
1..14
ok 1
ok 2
ok 3
ok 4
ok 5
ok 6
ok 7
ok 8
ok 9
ok 10
ok 11
ok 12
ok 13
ok 14
ok
t/kill_kill.t ........................ 
1..2
ok 1 - Did not need kill_kill
ok 2 - Did not need kill_kill
ok
t/parallel.t ......................... 
1..6
ok 1
ok 2
ok 3
ok 4
ok 5
ok 6
ok
t/pty.t .............................. 
1..32
# IO::Tty 1.12, IO::Pty 1.12
ok 1
ok 2
ok 3
ok 4
ok 5
ok 6
ok 7
ok 8
ok 9
ok 10
ok 11
ok 12
ok 13
ok 14
ok 15
ok 16
ok 17
ok 18
ok 19
ok 20
ok 21
ok 22
ok 23
ok 24
ok 25
ok 26
ok 27
ok 28
ok 29
ok 30
ok 31
ok 32
ok
t/pump.t ............................. 
1..27
ok 1
ok 2
ok 3
ok 4
ok 5
ok 6
ok 7
ok 8
ok 9
ok 10
ok 11
ok 12
ok 13
ok 14
ok 15
ok 16
ok 17
ok 18
ok 19
ok 20
ok 21 - pos$out
ok 22
ok 23
ok 24
ok 25
ok 26
ok 27
ok
t/readonly.t ......................... 
# Running test case 'a': '/bin/echo hello'
ok 1 - Ran test case 'a': '/bin/echo hello': OK
# hello
# Running test case 'b': '/bin/echo hello'
ok 2 - Ran test case 'b': '/bin/echo hello': OK
# hello
# Running test case 'c': '/bin/echo hello'
ok 3 - Ran test case 'c': '/bin/echo hello': OK
# hello
# Running test case 'A': '/bin/echo hello'
ok 4 - Ran test case 'A': '/bin/echo hello': OK
# hello
# Running test case 'B': '/bin/echo hello'
ok 5 - Ran test case 'B': '/bin/echo hello': OK
# hello
# Running test case 'C': '/bin/echo hello'
ok 6 - Ran test case 'C': '/bin/echo hello': OK
# hello
# Running test case 'X': '/bin/echo hello'
ok 7 - Ran test case 'X': '/bin/echo hello': OK
# hello
# Running test case 'y': '/bin/echo hello'
ok 8 - Ran test case 'y': '/bin/echo hello': OK
# hello
# Running test case 'Z': '/bin/echo hello'
ok 9 - Ran test case 'Z': '/bin/echo hello': OK
# hello
1..9
ok
t/run.t .............................. 
1..268
ok 1
ok 2 - alt_casing_filter didn't pass undef (EOF) through
ok 3 - alt_casing_filter didn't return 0 (please try again) when given a 0
ok 4 - alt_casing_filter didn't return 0 (please try again) when given a second 0
ok 5 - alt_casing_filter didn't return undef (EOF) after two 0s and an undef
ok 6 - alt_casing_filter didn't consume it's input
ok 7 - alt_casing_filter didn't return undef (EOF), tried  100 times
ok 8 - alt_casing_filter
ok 9
ok 10
ok 11 - case_inverting_filter didn't pass undef (EOF) through
ok 12 - case_inverting_filter didn't return 0 (please try again) when given a 0
ok 13 - case_inverting_filter didn't return 0 (please try again) when given a second 0
ok 14 - case_inverting_filter didn't return undef (EOF) after two 0s and an undef
ok 15 - case_inverting_filter didn't consume it's input
ok 16 - case_inverting_filter didn't return undef (EOF), tried  100 times
ok 17 - case_inverting_filter
ok 18
ok 19
ok 20
ok 21
ok 22
ok 23
ok 24
ok 25
ok 26
ok 27
ok 28
ok 29
ok 30
ok 31
ok 32
ok 33
ok 34
ok 35
ok 36
ok 37
ok 38
ok 39
ok 40
ok 41
ok 42
ok 43
ok 44
ok 45
ok 46 - eok at t/run.t line 259
ok 47
ok 48
ok 49
ok 50 - eok at t/run.t line 268
ok 51
ok 52
ok 53
ok 54 - eok at t/run.t line 280
ok 55 - eok at t/run.t line 281
ok 56 - eok at t/run.t line 282
ok 57
ok 58
ok 59
ok 60 - eok at t/run.t line 297
ok 61 - eok at t/run.t line 298
ok 62 - eok at t/run.t line 299
ok 63
ok 64
ok 65
ok 66
ok 67
ok 68
ok 69
ok 70
ok 71
ok 72
ok 73 - eok at t/run.t line 378
ok 74 - eok at t/run.t line 379
ok 75 - eok at t/run.t line 380
ok 76
ok 77
ok 78
ok 79 - eok at t/run.t line 397
ok 80 - eok at t/run.t line 398
ok 81
ok 82
ok 83
ok 84 - eok at t/run.t line 412
ok 85 - eok at t/run.t line 413
ok 86
ok 87
ok 88
ok 89 - eok at t/run.t line 431
ok 90 - eok at t/run.t line 432
ok 91
ok 92
ok 93
ok 94 - eok at t/run.t line 450
ok 95 - eok at t/run.t line 451
ok 96
ok 97
ok 98
ok 99 - eok at t/run.t line 469
ok 100 - eok at t/run.t line 470
ok 101
ok 102
ok 103
ok 104 - eok at t/run.t line 494
ok 105 - eok at t/run.t line 495
ok 106
ok 107
ok 108
ok 109 - eok at t/run.t line 513
ok 110 - eok at t/run.t line 514
ok 111
ok 112
ok 113
ok 114 - eok at t/run.t line 533
ok 115 - eok at t/run.t line 534
ok 116
ok 117
ok 118
ok 119 - eok at t/run.t line 553
ok 120 - eok at t/run.t line 554
ok 121
ok 122
ok 123
ok 124 - eok at t/run.t line 578
ok 125 - eok at t/run.t line 579
ok 126
ok 127
ok 128
ok 129 - eok at t/run.t line 598
ok 130 - eok at t/run.t line 599
ok 131 - eok at t/run.t line 600
ok 132
ok 133
ok 134
ok 135 - eok at t/run.t line 621
ok 136
ok 137
ok 138
ok 139
ok 140
ok 141
ok 142 - eok at t/run.t line 656
ok 143 - eok at t/run.t line 657
ok 144
ok 145
ok 146
ok 147 - eok at t/run.t line 678
ok 148 - eok at t/run.t line 679
ok 149
ok 150
ok 151
ok 152 - eok at t/run.t line 700
ok 153 - eok at t/run.t line 701
ok 154
ok 155
ok 156
ok 157
ok 158 - eok at t/run.t line 713
ok 159
ok 160
ok 161
ok 162
ok 163
ok 164
ok 165
ok 166
ok 167
ok 168
ok 169
ok 170
ok 171
ok 172 - eok at t/run.t line 773
ok 173 - eok at t/run.t line 774
ok 174
ok 175
ok 176
ok 177 - eok at t/run.t line 793
ok 178 - eok at t/run.t line 794
ok 179
ok 180
ok 181
ok 182
ok 183
ok 184
ok 185
ok 186
ok 187
ok 188
ok 189
ok 190
ok 191
ok 192
ok 193
ok 194
ok 195
ok 196
ok 197
ok 198
ok 199
ok 200 - eok at t/run.t line 840
ok 201 - eok at t/run.t line 841
ok 202
ok 203
ok 204
ok 205
ok 206
ok 207
ok 208 - An object of class 'IPC::Run' isa 'IPC::Run'
ok 209
ok 210 - eok at t/run.t line 870
ok 211 - eok at t/run.t line 871
ok 212 - eok at t/run.t line 872
ok 213
ok 214 - after pump_nb
ok 215 - eok at t/run.t line 879
ok 216 - eok at t/run.t line 880
ok 217 - eok at t/run.t line 881
ok 218
ok 219 - after pump
ok 220
ok 221 - eok at t/run.t line 889
ok 222 - eok at t/run.t line 890
ok 223
ok 224
ok 225
ok 226
ok 227 - eok at t/run.t line 896
ok 228 - eok at t/run.t line 897
ok 229
ok 230
ok 231 - eok at t/run.t line 913
ok 232 - eok at t/run.t line 914
ok 233 - eok at t/run.t line 915
ok 234
ok 235
ok 236
ok 237
ok 238 - eok at t/run.t line 922
ok 239 - eok at t/run.t line 923
ok 240 - eok at t/run.t line 924
ok 241
ok 242
ok 243
ok 244
ok 245 - eok at t/run.t line 933
ok 246 - eok at t/run.t line 934
ok 247 - eok at t/run.t line 935
ok 248
ok 249
ok 250
ok 251
ok 252 - eok at t/run.t line 944
ok 253 - eok at t/run.t line 945
ok 254 - eok at t/run.t line 946
ok 255
ok 256
ok 257
ok 258
ok 259 - eok at t/run.t line 967
ok 260 - eok at t/run.t line 968
ok 261
ok 262
ok 263
ok 264 - eok at t/run.t line 990
ok 265 - eok at t/run.t line 991
ok 266 - eok at t/run.t line 992
ok 267 - Error running bogus program when path is empty
ok 268 - No warnings found during program call with empty path
ok
t/run_stdin-callback-return-array.t .. 
1..9
ok 1 - no callback
ok 2 - undef
ok 3 - empty string
ok 4 - empty array
ok 5 - package scalar
ok 6 - lexical scalar
ok 7 - block lexical array
ok 8 - package array
ok 9 - lexical array
ok
t/signal.t ........................... 
1..3
ok 1
ok 2 - USR2
# USR1
# USR2
# USR1
# 
ok 3
ok
t/timeout.t .......................... 
1..26
ok 1
ok 2
ok 3
ok 4
ok 5
ok 6
ok 7
ok 8
ok 9
ok 10
ok 11
ok 12
ok 13
ok 14
ok 15
ok 16
ok 17
ok 18
ok 19
ok 20
ok 21
ok 22
ok 23
ok 24
ok 25
ok 26 - not too slow to reap
ok
t/timer.t ............................ 
1..77
ok 1
ok 2
ok 3
ok 4
ok 5
ok 6
ok 7
ok 8
ok 9 - Infinity timer.
ok 10
ok 11
ok 12
ok 13
ok 14
ok 15
ok 16
ok 17
ok 18
ok 19
ok 20
ok 21
ok 22
ok 23
ok 24
ok 25
ok 26
ok 27
ok 28
ok 29
ok 30
ok 31
ok 32
ok 33
ok 34
ok 35
ok 36
ok 37
ok 38
ok 39
ok 40
ok 41
ok 42
ok 43
ok 44
ok 45
ok 46
ok 47
ok 48
ok 49
ok 50
ok 51
ok 52
ok 53
ok 54
ok 55
ok 56
ok 57
ok 58
ok 59
ok 60
ok 61
ok 62
ok 63
ok 64
ok 65
ok 66
ok 67
ok 68
ok 69
ok 70
ok 71
ok 72
ok 73
ok 74
ok 75
ok 76
ok 77 - timer firing in run()
ok
t/utf8.t ............................. 
1..4
ok 1 - Encode::decode_utf8() does not lvalue our bytes string var
ok 2 - byte string and unicode string same string as far as humans are concerned
ok 3 - run() w/ byte string
ok 4 - run() w/ unicode string
ok
t/windows_search_path.t .............. 
1..11
ok 1 - We're win32 mode?
ok 2 - No error calling _search_path for './temp'
ok 3 - Executable ./temp.EXE found
ok 4 - No error calling _search_path for '.\temp'
ok 5 - Executable .\temp.EXE found
ok 6 - No error calling _search_path for './5.11.5/temp'
ok 7 - Executable ./5.11.5/temp.EXE found
ok 8 - No error calling _search_path for './5.11.5/temp'
ok 9 - Executable ./5.11.5/temp.BAT found
ok 10 - No error calling _search_path for './5.11.5/temp'
ok 11 - Executable ./5.11.5/temp.COM found
ok
All tests successful.
Files=24, Tests=721, 61 wallclock secs ( 1.64 usr  0.68 sys + 36.90 cusr 12.53 csys = 51.75 CPU)
Result: PASS
autopkgtest: DBG: testbed command exited with code 0
autopkgtest [16:28:20]: test autodep8-perl-build-deps: -----------------------]
autopkgtest: DBG: testbed executing test finished with exit status 0
autopkgtest: DBG: sending command to testbed: copyup /tmp/autopkgtest.Ihbfsq/autodep8-perl-build-deps-stdout /home/minami/Documents/openkylin-riscv/test/libipc-run-perl/autodep8-perl-build-deps-stdout
autopkgtest-virt-qemu: DBG: executing copyup /tmp/autopkgtest.Ihbfsq/autodep8-perl-build-deps-stdout /home/minami/Documents/openkylin-riscv/test/libipc-run-perl/autodep8-perl-build-deps-stdout
autopkgtest-virt-qemu: DBG: ['cmdls', "(['/tmp/autopkgtest-qemu.qox48xjm/runcmd', 'sh', '-ec', 'cat </tmp/autopkgtest.Ihbfsq/autodep8-perl-build-deps-stdout'], ['cat'])"]
autopkgtest-virt-qemu: DBG: ['srcstdin', "<_io.BufferedReader name='/dev/null'>", 'deststdout', "<_io.BufferedWriter name='/home/minami/Documents/openkylin-riscv/test/libipc-run-perl/autodep8-perl-build-deps-stdout'>", 'devnull_read', <_io.BufferedReader name='/dev/null'>]
autopkgtest-virt-qemu: DBG:  +< /tmp/autopkgtest-qemu.qox48xjm/runcmd sh -ec cat </tmp/autopkgtest.Ihbfsq/autodep8-perl-build-deps-stdout
autopkgtest-virt-qemu: DBG:  +> cat
autopkgtest-virt-qemu: DBG:  +>?
autopkgtest-virt-qemu: DBG:  +<?
autopkgtest: DBG: got reply from testbed: ok
autopkgtest: DBG: sending command to testbed: copyup /tmp/autopkgtest.Ihbfsq/autodep8-perl-build-deps-stderr /home/minami/Documents/openkylin-riscv/test/libipc-run-perl/autodep8-perl-build-deps-stderr
autopkgtest-virt-qemu: DBG: executing copyup /tmp/autopkgtest.Ihbfsq/autodep8-perl-build-deps-stderr /home/minami/Documents/openkylin-riscv/test/libipc-run-perl/autodep8-perl-build-deps-stderr
autopkgtest-virt-qemu: DBG: ['cmdls', "(['/tmp/autopkgtest-qemu.qox48xjm/runcmd', 'sh', '-ec', 'cat </tmp/autopkgtest.Ihbfsq/autodep8-perl-build-deps-stderr'], ['cat'])"]
autopkgtest-virt-qemu: DBG: ['srcstdin', "<_io.BufferedReader name='/dev/null'>", 'deststdout', "<_io.BufferedWriter name='/home/minami/Documents/openkylin-riscv/test/libipc-run-perl/autodep8-perl-build-deps-stderr'>", 'devnull_read', <_io.BufferedReader name='/dev/null'>]
autopkgtest-virt-qemu: DBG:  +< /tmp/autopkgtest-qemu.qox48xjm/runcmd sh -ec cat </tmp/autopkgtest.Ihbfsq/autodep8-perl-build-deps-stderr
autopkgtest-virt-qemu: DBG:  +> cat
autopkgtest-virt-qemu: DBG:  +>?
autopkgtest-virt-qemu: DBG:  +<?
autopkgtest: DBG: got reply from testbed: ok
autopkgtest [16:28:22]: test autodep8-perl-build-deps:  - - - - - - - - - - results - - - - - - - - - -
autodep8-perl-build-deps PASS
autopkgtest: DBG: sending command to testbed: copyup /tmp/autopkgtest.Ihbfsq/autodep8-perl-build-deps-artifacts/ /home/minami/Documents/openkylin-riscv/test/libipc-run-perl/artifacts/
autopkgtest-virt-qemu: DBG: executing copyup /tmp/autopkgtest.Ihbfsq/autodep8-perl-build-deps-artifacts/ /home/minami/Documents/openkylin-riscv/test/libipc-run-perl/artifacts/
autopkgtest-virt-qemu: DBG: ['cmdls', "(['/tmp/autopkgtest-qemu.qox48xjm/runcmd', 'sh', '-ec', 'cd /tmp/autopkgtest.Ihbfsq/autodep8-perl-build-deps-artifacts/; tar --warning=none -c . -f -'], ['tar', '--directory', '/home/minami/Documents/openkylin-riscv/test/libipc-run-perl/artifacts/', '--warning=none', '--preserve-permissions', '--extract', '--no-same-owner', '-f', '-'])"]
autopkgtest-virt-qemu: DBG: ['srcstdin', "<_io.BufferedReader name='/dev/null'>", 'deststdout', "<_io.BufferedReader name='/dev/null'>", 'devnull_read', <_io.BufferedReader name='/dev/null'>]
autopkgtest-virt-qemu: DBG:  +< /tmp/autopkgtest-qemu.qox48xjm/runcmd sh -ec cd /tmp/autopkgtest.Ihbfsq/autodep8-perl-build-deps-artifacts/; tar --warning=none -c . -f -
autopkgtest-virt-qemu: DBG:  +> tar --directory /home/minami/Documents/openkylin-riscv/test/libipc-run-perl/artifacts/ --warning=none --preserve-permissions --extract --no-same-owner -f -
autopkgtest-virt-qemu: DBG:  +>?
autopkgtest-virt-qemu: DBG:  +<?
autopkgtest: DBG: got reply from testbed: ok
autopkgtest: DBG: testbed command ['rm', '-rf', '/tmp/autopkgtest.Ihbfsq/autodep8-perl-build-deps-artifacts', '/tmp/autopkgtest.Ihbfsq/autopkgtest_tmp'], kind short, sout raw, serr pipe, env []
autopkgtest: DBG: testbed command exited with code 0
autopkgtest [16:28:23]: test autodep8-perl: preparing testbed
autopkgtest: DBG: testbed reset: modified=False, deps_installed=['libipc-run-perl', 'debhelper-compat (= 12)', 'libio-pty-perl', 'libreadonly-perl', 'netbase', 'perl', 'build-essential', 'pkg-perl-autopkgtest'], deps_new=['libipc-run-perl', 'pkg-perl-autopkgtest']
autopkgtest: DBG: testbed reset
autopkgtest: DBG: sending command to testbed: revert
autopkgtest-virt-qemu: DBG: executing revert
autopkgtest-virt-qemu: DBG: execute-timeout: /tmp/autopkgtest-qemu.qox48xjm/runcmd rm -rf -- /tmp/autopkgtest.Ihbfsq
qemu-system-riscv64: terminating on signal 15 from pid 4046750 (/usr/bin/python3)
autopkgtest-virt-qemu: DBG: find_free_port: trying 10022
autopkgtest-virt-qemu: DBG: find_free_port: 10022 is free
autopkgtest-virt-qemu: DBG: autopkgtest does not know how to boot this machine, hopefully nothing special needs to be done?
autopkgtest-virt-qemu: DBG: qemu architecture: riscv64
autopkgtest-virt-qemu: DBG: qemu command: qemu-system-riscv64
autopkgtest-virt-qemu: DBG: execute-timeout: qemu-img info --output=json /home/minami/Documents/openkylin-riscv/testing.qcow2
autopkgtest-virt-qemu: DBG: Creating temporary overlay image in /tmp/autopkgtest-qemu.3hadur5u/overlay.img
autopkgtest-virt-qemu: DBG: execute-timeout: qemu-img create -f qcow2 -F qcow2 -b /home/minami/Documents/openkylin-riscv/testing.qcow2 /tmp/autopkgtest-qemu.3hadur5u/overlay.img
autopkgtest-virt-qemu: DBG: Forwarding local port 10022 to VM ssh port 22
autopkgtest-virt-qemu: DBG: Assuming nothing special needs to be done to set up firmware to boot this machine (boot method: none)
autopkgtest-virt-qemu: DBG: full qemu command-line: ['qemu-system-riscv64', '-m', '8192', '-smp', '8', '-nographic', '-device', 'virtio-net-device,netdev=usernet', '-netdev', 'user,id=usernet,hostfwd=tcp:127.0.0.1:10022-:22', '-object', 'rng-random,filename=/dev/urandom,id=rng0', '-device', 'virtio-rng-pci,rng=rng0,id=rng-device0', '-monitor', 'unix:/tmp/autopkgtest-qemu.3hadur5u/monitor,server=on,wait=off', '-virtfs', 'local,id=autopkgtest,path=/tmp/autopkgtest-qemu.3hadur5u/shared,security_model=none,mount_tag=autopkgtest', '-device', 'virtio-serial', '-chardev', 'socket,path=/tmp/autopkgtest-qemu.3hadur5u/hvc0,server=on,wait=off,id=hvc0', '-device', 'virtconsole,chardev=hvc0', '-chardev', 'socket,path=/tmp/autopkgtest-qemu.3hadur5u/hvc1,server=on,wait=off,id=hvc1', '-device', 'virtconsole,chardev=hvc1', '-serial', 'unix:/tmp/autopkgtest-qemu.3hadur5u/ttyS0,server=on,wait=off', '-drive', 'index=0,file=/tmp/autopkgtest-qemu.3hadur5u/overlay.img,format=qcow2,cache=unsafe,if=virtio,discard=unmap', '-machine', 'virt', '-kernel', '/home/minami/Documents/ukylin/u-boot.bin']
autopkgtest-virt-qemu: DBG: expect: b' login: '
autopkgtest-virt-qemu: DBG: expect: found "'login prompt on serial console'"
autopkgtest-virt-qemu: DBG: expect: b'ok'
autopkgtest-virt-qemu: DBG: expect: found "b'ok'"
autopkgtest-virt-qemu: DBG: setup_shell(): there already is a shell on hvc1
qemu-system-riscv64: warning: 9p: degraded performance: a reasonable high msize should be chosen on client/guest side (chosen msize is <= 8192). See https://wiki.qemu.org/Documentation/9psetup#msize for details.
autopkgtest-virt-qemu: DBG: expect: b'7a499a23-a22a-4247-a2e6-0978f68fe8e0[1]'
autopkgtest-virt-qemu: DBG: expect: found "b'7a499a23-a22a-4247-a2e6-0978f68fe8e0[1]'"
autopkgtest-virt-qemu: DBG: expect: b'7a499a23-a22a-4247-a2e6-0978f68fe8e0[2]'
autopkgtest-virt-qemu: DBG: expect: found "b'7a499a23-a22a-4247-a2e6-0978f68fe8e0[2]'"
autopkgtest-virt-qemu: DBG: expect: b'7a499a23-a22a-4247-a2e6-0978f68fe8e0[3]'
autopkgtest-virt-qemu: DBG: expect: found "b'7a499a23-a22a-4247-a2e6-0978f68fe8e0[3]'"
autopkgtest-virt-qemu: DBG: expect: b'/python'
autopkgtest-virt-qemu: DBG: expect: found "b'/python'"
autopkgtest-virt-qemu: DBG: expect: b'# '
autopkgtest-virt-qemu: DBG: expect: found "b'# '"
autopkgtest-virt-qemu: DBG: expect: b'7a499a23-a22a-4247-a2e6-0978f68fe8e0[4]'
autopkgtest-virt-qemu: DBG: expect: found "b'7a499a23-a22a-4247-a2e6-0978f68fe8e0[4]'"
autopkgtest-virt-qemu: DBG: execute-timeout: /tmp/autopkgtest-qemu.3hadur5u/runcmd true
autopkgtest-virt-qemu: DBG: can connect to autopkgtest sh in VM
autopkgtest-virt-qemu: DBG: expect: b'7a499a23-a22a-4247-a2e6-0978f68fe8e0[5]'
autopkgtest-virt-qemu: DBG: expect: found "b'7a499a23-a22a-4247-a2e6-0978f68fe8e0[5]'"
autopkgtest-virt-qemu: DBG: determine_normal_user: got user "openkylin"
autopkgtest-virt-qemu: DBG: execute-timeout: /tmp/autopkgtest-qemu.3hadur5u/runcmd mkdir --mode=1777 --parents /tmp/autopkgtest.Ihbfsq
autopkgtest-virt-qemu: DBG: auxverb = ['/tmp/autopkgtest-qemu.3hadur5u/runcmd'], downtmp = /tmp/autopkgtest.Ihbfsq
autopkgtest: DBG: got reply from testbed: ok /tmp/autopkgtest.Ihbfsq
autopkgtest: DBG: sending command to testbed: print-execute-command
autopkgtest-virt-qemu: DBG: executing print-execute-command
autopkgtest: DBG: got reply from testbed: ok /tmp/autopkgtest-qemu.3hadur5u/runcmd
autopkgtest: DBG: sending command to testbed: capabilities
autopkgtest-virt-qemu: DBG: executing capabilities
autopkgtest: DBG: got reply from testbed: ok isolation-machine reboot revert revert-full-system root-on-testbed suggested-normal-user=openkylin
autopkgtest: DBG: testbed capabilities: ['isolation-machine', 'reboot', 'revert', 'revert-full-system', 'root-on-testbed', 'suggested-normal-user=openkylin', 'has_internet']
autopkgtest: DBG: testbed command ['mkdir', '-p', '/tmp/autopkgtest.Ihbfsq'], kind short, sout raw, serr pipe, env []
autopkgtest: DBG: testbed command exited with code 0
autopkgtest: DBG: sending command to testbed: copydown /usr/share/autopkgtest/lib/in-testbed/wrapper.sh /tmp/autopkgtest.Ihbfsq/wrapper.sh
autopkgtest-virt-qemu: DBG: executing copydown /usr/share/autopkgtest/lib/in-testbed/wrapper.sh /tmp/autopkgtest.Ihbfsq/wrapper.sh
autopkgtest-virt-qemu: DBG: ['cmdls', "(['cat'], ['/tmp/autopkgtest-qemu.3hadur5u/runcmd', 'sh', '-ec', 'cat >/tmp/autopkgtest.Ihbfsq/wrapper.sh; chmod +x -- /tmp/autopkgtest.Ihbfsq/wrapper.sh'])"]
autopkgtest-virt-qemu: DBG: ['srcstdin', "<_io.BufferedReader name='/usr/share/autopkgtest/lib/in-testbed/wrapper.sh'>", 'deststdout', "<_io.BufferedReader name='/dev/null'>", 'devnull_read', <_io.BufferedReader name='/dev/null'>]
autopkgtest-virt-qemu: DBG:  +< cat
autopkgtest-virt-qemu: DBG:  +> /tmp/autopkgtest-qemu.3hadur5u/runcmd sh -ec cat >/tmp/autopkgtest.Ihbfsq/wrapper.sh; chmod +x -- /tmp/autopkgtest.Ihbfsq/wrapper.sh
autopkgtest-virt-qemu: DBG:  +>?
autopkgtest-virt-qemu: DBG:  +<?
autopkgtest: DBG: got reply from testbed: ok
autopkgtest: DBG: testbed command ['chmod', '-R', '0755', '--', '/tmp/autopkgtest.Ihbfsq/wrapper.sh'], kind short, sout raw, serr pipe, env []
autopkgtest: DBG: testbed command exited with code 0
autopkgtest: DBG: testbed command ['dpkg', '--print-architecture'], kind short, sout pipe, serr pipe, env []
autopkgtest: DBG: testbed command exited with code 0
autopkgtest [16:29:17]: testbed dpkg architecture: riscv64
autopkgtest: DBG: testbed command ['sh', '-ec', 'command -v eatmydata'], kind short, sout pipe, serr pipe, env []
autopkgtest: DBG: testbed command exited with code 127
autopkgtest: DBG: testbed command ['sh', '-ec', 'command -v dpkg-query'], kind short, sout pipe, serr pipe, env []
autopkgtest: DBG: testbed command exited with code 0
autopkgtest: DBG: testbed command ['sh', '-ec', "dpkg-query --show -f '${Package}\\t${Version}\\n' > /tmp/autopkgtest.Ihbfsq/testbed-packages"], kind short, sout raw, serr pipe, env []
autopkgtest: DBG: testbed command exited with code 0
autopkgtest: DBG: sending command to testbed: copyup /tmp/autopkgtest.Ihbfsq/testbed-packages /home/minami/Documents/openkylin-riscv/test/libipc-run-perl/testbed-packages
autopkgtest-virt-qemu: DBG: executing copyup /tmp/autopkgtest.Ihbfsq/testbed-packages /home/minami/Documents/openkylin-riscv/test/libipc-run-perl/testbed-packages
autopkgtest-virt-qemu: DBG: ['cmdls', "(['/tmp/autopkgtest-qemu.3hadur5u/runcmd', 'sh', '-ec', 'cat </tmp/autopkgtest.Ihbfsq/testbed-packages'], ['cat'])"]
autopkgtest-virt-qemu: DBG: ['srcstdin', "<_io.BufferedReader name='/dev/null'>", 'deststdout', "<_io.BufferedWriter name='/home/minami/Documents/openkylin-riscv/test/libipc-run-perl/testbed-packages'>", 'devnull_read', <_io.BufferedReader name='/dev/null'>]
autopkgtest-virt-qemu: DBG:  +< /tmp/autopkgtest-qemu.3hadur5u/runcmd sh -ec cat </tmp/autopkgtest.Ihbfsq/testbed-packages
autopkgtest-virt-qemu: DBG:  +> cat
autopkgtest-virt-qemu: DBG:  +>?
autopkgtest-virt-qemu: DBG:  +<?
autopkgtest: DBG: got reply from testbed: ok
autopkgtest: DBG: testbed supports reboot, creating /tmp/autopkgtest-reboot
autopkgtest: DBG: testbed command ['mkdir', '-p', '/tmp/autopkgtest.Ihbfsq'], kind short, sout raw, serr pipe, env []
autopkgtest: DBG: testbed command exited with code 0
autopkgtest: DBG: sending command to testbed: copydown /usr/share/autopkgtest/lib/in-testbed/reboot.sh /tmp/autopkgtest.Ihbfsq/autopkgtest-reboot
autopkgtest-virt-qemu: DBG: executing copydown /usr/share/autopkgtest/lib/in-testbed/reboot.sh /tmp/autopkgtest.Ihbfsq/autopkgtest-reboot
autopkgtest-virt-qemu: DBG: ['cmdls', "(['cat'], ['/tmp/autopkgtest-qemu.3hadur5u/runcmd', 'sh', '-ec', 'cat >/tmp/autopkgtest.Ihbfsq/autopkgtest-reboot; chmod +x -- /tmp/autopkgtest.Ihbfsq/autopkgtest-reboot'])"]
autopkgtest-virt-qemu: DBG: ['srcstdin', "<_io.BufferedReader name='/usr/share/autopkgtest/lib/in-testbed/reboot.sh'>", 'deststdout', "<_io.BufferedReader name='/dev/null'>", 'devnull_read', <_io.BufferedReader name='/dev/null'>]
autopkgtest-virt-qemu: DBG:  +< cat
autopkgtest-virt-qemu: DBG:  +> /tmp/autopkgtest-qemu.3hadur5u/runcmd sh -ec cat >/tmp/autopkgtest.Ihbfsq/autopkgtest-reboot; chmod +x -- /tmp/autopkgtest.Ihbfsq/autopkgtest-reboot
autopkgtest-virt-qemu: DBG:  +>?
autopkgtest-virt-qemu: DBG:  +<?
autopkgtest: DBG: got reply from testbed: ok
autopkgtest: DBG: testbed command ['chmod', '-R', '0755', '--', '/tmp/autopkgtest.Ihbfsq/autopkgtest-reboot'], kind short, sout raw, serr pipe, env []
autopkgtest: DBG: testbed command exited with code 0
autopkgtest: DBG: testbed command ['ln', '-fns', '/tmp/autopkgtest.Ihbfsq/autopkgtest-reboot', '/tmp/autopkgtest-reboot'], kind short, sout raw, serr pipe, env []
autopkgtest: DBG: testbed command exited with code 0
autopkgtest: DBG: testbed command ['ln', '-fns', '/tmp/autopkgtest.Ihbfsq/autopkgtest-reboot', '/sbin/autopkgtest-reboot'], kind short, sout raw, serr pipe, env []
autopkgtest: DBG: testbed command exited with code 0
autopkgtest: DBG: testbed command ['mkdir', '-p', '/tmp/autopkgtest.Ihbfsq'], kind short, sout raw, serr pipe, env []
autopkgtest: DBG: testbed command exited with code 0
autopkgtest: DBG: sending command to testbed: copydown /usr/share/autopkgtest/lib/in-testbed/reboot-prepare.sh /tmp/autopkgtest.Ihbfsq/autopkgtest-reboot-prepare
autopkgtest-virt-qemu: DBG: executing copydown /usr/share/autopkgtest/lib/in-testbed/reboot-prepare.sh /tmp/autopkgtest.Ihbfsq/autopkgtest-reboot-prepare
autopkgtest-virt-qemu: DBG: ['cmdls', "(['cat'], ['/tmp/autopkgtest-qemu.3hadur5u/runcmd', 'sh', '-ec', 'cat >/tmp/autopkgtest.Ihbfsq/autopkgtest-reboot-prepare; chmod +x -- /tmp/autopkgtest.Ihbfsq/autopkgtest-reboot-prepare'])"]
autopkgtest-virt-qemu: DBG: ['srcstdin', "<_io.BufferedReader name='/usr/share/autopkgtest/lib/in-testbed/reboot-prepare.sh'>", 'deststdout', "<_io.BufferedReader name='/dev/null'>", 'devnull_read', <_io.BufferedReader name='/dev/null'>]
autopkgtest-virt-qemu: DBG:  +< cat
autopkgtest-virt-qemu: DBG:  +> /tmp/autopkgtest-qemu.3hadur5u/runcmd sh -ec cat >/tmp/autopkgtest.Ihbfsq/autopkgtest-reboot-prepare; chmod +x -- /tmp/autopkgtest.Ihbfsq/autopkgtest-reboot-prepare
autopkgtest-virt-qemu: DBG:  +>?
autopkgtest-virt-qemu: DBG:  +<?
autopkgtest: DBG: got reply from testbed: ok
autopkgtest: DBG: testbed command ['chmod', '-R', '0755', '--', '/tmp/autopkgtest.Ihbfsq/autopkgtest-reboot-prepare'], kind short, sout raw, serr pipe, env []
autopkgtest: DBG: testbed command exited with code 0
autopkgtest: DBG: testbed command ['ln', '-fns', '/tmp/autopkgtest.Ihbfsq/autopkgtest-reboot-prepare', '/tmp/autopkgtest-reboot-prepare'], kind short, sout raw, serr pipe, env []
autopkgtest: DBG: testbed command exited with code 0
autopkgtest: DBG: testbed command ['uname', '-srv'], kind short, sout pipe, serr pipe, env []
autopkgtest: DBG: testbed command exited with code 0
autopkgtest: DBG: Binaries: no registered binaries, not publishing anything
autopkgtest: DBG: install_deps: deps_new=['libipc-run-perl', 'pkg-perl-autopkgtest']
autopkgtest: DBG: install-deps: satisfying libipc-run-perl, pkg-perl-autopkgtest
autopkgtest: DBG: install-deps: architecture resolved: libipc-run-perl, pkg-perl-autopkgtest
autopkgtest: DBG: testbed command ['test', '-w', '/var/lib/dpkg/status'], kind short, sout raw, serr raw, env []
autopkgtest: DBG: testbed command exited with code 0
autopkgtest: DBG: can use apt-get on testbed: True
autopkgtest: DBG: testbed command ['mkdir', '-p', '/tmp/autopkgtest.Ihbfsq'], kind short, sout raw, serr pipe, env []
autopkgtest: DBG: testbed command exited with code 0
autopkgtest: DBG: sending command to testbed: copydown /home/minami/Documents/openkylin-riscv/test/libipc-run-perl/2-autopkgtest-satdep.deb /tmp/autopkgtest.Ihbfsq/2-autopkgtest-satdep.deb
autopkgtest-virt-qemu: DBG: executing copydown /home/minami/Documents/openkylin-riscv/test/libipc-run-perl/2-autopkgtest-satdep.deb /tmp/autopkgtest.Ihbfsq/2-autopkgtest-satdep.deb
autopkgtest-virt-qemu: DBG: ['cmdls', "(['cat'], ['/tmp/autopkgtest-qemu.3hadur5u/runcmd', 'sh', '-ec', 'cat >/tmp/autopkgtest.Ihbfsq/2-autopkgtest-satdep.deb'])"]
autopkgtest-virt-qemu: DBG: ['srcstdin', "<_io.BufferedReader name='/home/minami/Documents/openkylin-riscv/test/libipc-run-perl/2-autopkgtest-satdep.deb'>", 'deststdout', "<_io.BufferedReader name='/dev/null'>", 'devnull_read', <_io.BufferedReader name='/dev/null'>]
autopkgtest-virt-qemu: DBG:  +< cat
autopkgtest-virt-qemu: DBG:  +> /tmp/autopkgtest-qemu.3hadur5u/runcmd sh -ec cat >/tmp/autopkgtest.Ihbfsq/2-autopkgtest-satdep.deb
autopkgtest-virt-qemu: DBG:  +>?
autopkgtest-virt-qemu: DBG:  +<?
autopkgtest: DBG: got reply from testbed: ok
autopkgtest: DBG: testbed command ['chown', '-R', 'openkylin', '--', '/tmp/autopkgtest.Ihbfsq/2-autopkgtest-satdep.deb'], kind short, sout raw, serr pipe, env []
autopkgtest: DBG: testbed command exited with code 0
autopkgtest: DBG: testbed command ['dpkg', '--unpack', '/tmp/autopkgtest.Ihbfsq/2-autopkgtest-satdep.deb'], kind short, sout pipe, serr pipe, env []
autopkgtest: DBG: testbed command exited with code 0
autopkgtest: DBG: testbed command ['/bin/sh', '-ec', ' apt-get install --assume-yes --fix-broken -o APT::Status-Fd=3 -o APT::Install-Recommends=false -o Dpkg::Options::=--force-confnew -o Debug::pkgProblemResolver=true 3>&2 2>&1'], kind install, sout raw, serr pipe, env ['DEBIAN_FRONTEND=noninteractive', 'APT_LISTBUGS_FRONTEND=none', 'APT_LISTCHANGES_FRONTEND=none']
Reading package lists...
Building dependency tree...
Reading state information...
Correcting dependencies...Starting pkgProblemResolver with broken count: 0
Starting 2 pkgProblemResolver with broken count: 0
Done
 Done
Starting pkgProblemResolver with broken count: 0
Starting 2 pkgProblemResolver with broken count: 0
Done
The following packages were automatically installed and are no longer required:
  libdjvulibre-text libdjvulibre21 libegl-dev libgl-dev libglu1-mesa-dev
  libglx-dev libmpdec2 libvulkan-dev libx11-dev libxau-dev libxcb1-dev
  libxdmcp-dev libxext-dev qt5-qmake qt5-qmake-bin x11proto-core-dev
  x11proto-dev xorg-sgml-doctools xtrans-dev
Use 'apt autoremove' to remove them.
The following additional packages will be installed:
  autodep8 dctrl-tools libio-pty-perl libipc-run-perl pkg-perl-autopkgtest
Suggested packages:
  debtags
The following NEW packages will be installed:
  autodep8 dctrl-tools libio-pty-perl libipc-run-perl pkg-perl-autopkgtest
0 upgraded, 5 newly installed, 0 to remove and 18 not upgraded.
1 not fully installed or removed.
Need to get 196 kB of archives.
After this operation, 688 kB of additional disk space will be used.
Get:1 http://ppa.build.openkylin.top/kylinsoft/anything/openkylin yangtze/main riscv64 libio-pty-perl riscv64 1:1.12-ok1 [32.5 kB]
Get:2 http://archive.build.openkylin.top/openkylin yangtze/main riscv64 libipc-run-perl all 20180523.0-ok2 [89.6 kB]
Get:3 http://ppa.build.openkylin.top/kylinsoft/anything/openkylin yangtze/main riscv64 autodep8 all 0.22-ok1 [10.1 kB]
Get:4 http://ppa.build.openkylin.top/kylinsoft/anything/openkylin yangtze/main riscv64 pkg-perl-autopkgtest all 0.59-ok1 [8,208 B]
Get:5 http://archive.build.openkylin.top/openkylin yangtze/main riscv64 dctrl-tools riscv64 2.24-ok1 [55.6 kB]
Fetched 196 kB in 1s (312 kB/s)
Selecting previously unselected package libio-pty-perl.
(Reading database ... (Reading database ... 5%(Reading database ... 10%(Reading database ... 15%(Reading database ... 20%(Reading database ... 25%(Reading database ... 30%(Reading database ... 35%(Reading database ... 40%(Reading database ... 45%(Reading database ... 50%(Reading database ... 55%(Reading database ... 60%(Reading database ... 65%(Reading database ... 70%(Reading database ... 75%(Reading database ... 80%(Reading database ... 85%(Reading database ... 90%(Reading database ... 95%(Reading database ... 100%(Reading database ... 161111 files and directories currently installed.)
Preparing to unpack .../libio-pty-perl_1%3a1.12-ok1_riscv64.deb ...
Unpacking libio-pty-perl (1:1.12-ok1) ...
Selecting previously unselected package libipc-run-perl.
Preparing to unpack .../libipc-run-perl_20180523.0-ok2_all.deb ...
Unpacking libipc-run-perl (20180523.0-ok2) ...
Selecting previously unselected package dctrl-tools.
Preparing to unpack .../dctrl-tools_2.24-ok1_riscv64.deb ...
Unpacking dctrl-tools (2.24-ok1) ...
Selecting previously unselected package autodep8.
Preparing to unpack .../autodep8_0.22-ok1_all.deb ...
Unpacking autodep8 (0.22-ok1) ...
Selecting previously unselected package pkg-perl-autopkgtest.
Preparing to unpack .../pkg-perl-autopkgtest_0.59-ok1_all.deb ...
Unpacking pkg-perl-autopkgtest (0.59-ok1) ...
Setting up libio-pty-perl (1:1.12-ok1) ...
Setting up libipc-run-perl (20180523.0-ok2) ...
Setting up dctrl-tools (2.24-ok1) ...
Setting up autodep8 (0.22-ok1) ...
Setting up pkg-perl-autopkgtest (0.59-ok1) ...
Setting up autopkgtest-satdep (0) ...
Processing triggers for man-db (2.9.1-ok3) ...
autopkgtest: DBG: testbed command exited with code 0
autopkgtest: DBG: testbed command ['dpkg-query', '--show', '-f', '${Status}', 'libipc-run-perl'], kind short, sout pipe, serr pipe, env []
autopkgtest: DBG: testbed command exited with code 0
autopkgtest: DBG: testbed command ['dpkg', '--status', 'autopkgtest-satdep'], kind short, sout pipe, serr pipe, env []
autopkgtest: DBG: testbed command exited with code 0
autopkgtest: DBG: testbed command ['apt-get', '--simulate', '--quiet', '-o', 'APT::Get::Show-User-Simulation-Note=False', '--auto-remove', 'purge', 'autopkgtest-satdep'], kind short, sout pipe, serr pipe, env []
autopkgtest: DBG: testbed command exited with code 0
autopkgtest: DBG: Marking test dependencies as manually installed: pkg-perl-autopkgtest autodep8 dctrl-tools libdjvulibre21 libdjvulibre-text libegl-dev libglu1-mesa-dev libgl-dev libglx-dev libipc-run-perl libio-pty-perl libmpdec2 libvulkan-dev libxext-dev libx11-dev libxcb1-dev libxau-dev libxdmcp-dev qt5-qmake qt5-qmake-bin x11proto-core-dev x11proto-dev xorg-sgml-doctools xtrans-dev
autopkgtest: DBG: testbed command ['apt-mark', 'manual', '-qq', 'pkg-perl-autopkgtest', 'autodep8', 'dctrl-tools', 'libdjvulibre21', 'libdjvulibre-text', 'libegl-dev', 'libglu1-mesa-dev', 'libgl-dev', 'libglx-dev', 'libipc-run-perl', 'libio-pty-perl', 'libmpdec2', 'libvulkan-dev', 'libxext-dev', 'libx11-dev', 'libxcb1-dev', 'libxau-dev', 'libxdmcp-dev', 'qt5-qmake', 'qt5-qmake-bin'], kind short, sout raw, serr pipe, env []
autopkgtest: DBG: testbed command exited with code 0
autopkgtest: DBG: testbed command ['apt-mark', 'manual', '-qq', 'x11proto-core-dev', 'x11proto-dev', 'xorg-sgml-doctools', 'xtrans-dev'], kind short, sout raw, serr pipe, env []
autopkgtest: DBG: testbed command exited with code 0
autopkgtest: DBG: testbed command ['dpkg', '--purge', 'autopkgtest-satdep'], kind short, sout raw, serr raw, env []
(Reading database ... 161228 files and directories currently installed.)
Removing autopkgtest-satdep (0) ...
autopkgtest: DBG: testbed command exited with code 0
autopkgtest: DBG: testbed command ['sh', '-ec', 'command -v dpkg-query'], kind short, sout pipe, serr pipe, env []
autopkgtest: DBG: testbed command exited with code 0
autopkgtest: DBG: testbed command ['sh', '-ec', "dpkg-query --show -f '${Package}\\t${Version}\\n' > /tmp/autopkgtest.Ihbfsq/autodep8-perl-packages.all"], kind short, sout raw, serr pipe, env []
autopkgtest: DBG: testbed command exited with code 0
autopkgtest: DBG: sending command to testbed: copyup /tmp/autopkgtest.Ihbfsq/autodep8-perl-packages.all /home/minami/Documents/openkylin-riscv/test/libipc-run-perl/autodep8-perl-packages.all
autopkgtest-virt-qemu: DBG: executing copyup /tmp/autopkgtest.Ihbfsq/autodep8-perl-packages.all /home/minami/Documents/openkylin-riscv/test/libipc-run-perl/autodep8-perl-packages.all
autopkgtest-virt-qemu: DBG: ['cmdls', "(['/tmp/autopkgtest-qemu.3hadur5u/runcmd', 'sh', '-ec', 'cat </tmp/autopkgtest.Ihbfsq/autodep8-perl-packages.all'], ['cat'])"]
autopkgtest-virt-qemu: DBG: ['srcstdin', "<_io.BufferedReader name='/dev/null'>", 'deststdout', "<_io.BufferedWriter name='/home/minami/Documents/openkylin-riscv/test/libipc-run-perl/autodep8-perl-packages.all'>", 'devnull_read', <_io.BufferedReader name='/dev/null'>]
autopkgtest-virt-qemu: DBG:  +< /tmp/autopkgtest-qemu.3hadur5u/runcmd sh -ec cat </tmp/autopkgtest.Ihbfsq/autodep8-perl-packages.all
autopkgtest-virt-qemu: DBG:  +> cat
autopkgtest-virt-qemu: DBG:  +>?
autopkgtest-virt-qemu: DBG:  +<?
autopkgtest: DBG: got reply from testbed: ok
autopkgtest: DBG: testbed command ['test', '-e', '/tmp/autopkgtest.Ihbfsq/build.31a/src'], kind short, sout raw, serr raw, env []
autopkgtest: DBG: testbed command exited with code 1
autopkgtest: DBG: testbed command ['mkdir', '-p', '/tmp/autopkgtest.Ihbfsq/build.31a'], kind short, sout raw, serr pipe, env []
autopkgtest: DBG: testbed command exited with code 0
autopkgtest: DBG: sending command to testbed: copydown /home/minami/Documents/openkylin-riscv/test/libipc-run-perl/tests-tree/ /tmp/autopkgtest.Ihbfsq/build.31a/src/
autopkgtest-virt-qemu: DBG: executing copydown /home/minami/Documents/openkylin-riscv/test/libipc-run-perl/tests-tree/ /tmp/autopkgtest.Ihbfsq/build.31a/src/
autopkgtest-virt-qemu: DBG: ['cmdls', "(['tar', '--directory', '/home/minami/Documents/openkylin-riscv/test/libipc-run-perl/tests-tree/', '--warning=none', '-c', '.', '-f', '-'], ['/tmp/autopkgtest-qemu.3hadur5u/runcmd', 'sh', '-ec', 'if ! test -d /tmp/autopkgtest.Ihbfsq/build.31a/src/; then mkdir -- /tmp/autopkgtest.Ihbfsq/build.31a/src/; fi; cd /tmp/autopkgtest.Ihbfsq/build.31a/src/; tar --warning=none --preserve-permissions --extract --no-same-owner -f -'])"]
autopkgtest-virt-qemu: DBG: ['srcstdin', "<_io.BufferedReader name='/dev/null'>", 'deststdout', "<_io.BufferedReader name='/dev/null'>", 'devnull_read', <_io.BufferedReader name='/dev/null'>]
autopkgtest-virt-qemu: DBG:  +< tar --directory /home/minami/Documents/openkylin-riscv/test/libipc-run-perl/tests-tree/ --warning=none -c . -f -
autopkgtest-virt-qemu: DBG:  +> /tmp/autopkgtest-qemu.3hadur5u/runcmd sh -ec if ! test -d /tmp/autopkgtest.Ihbfsq/build.31a/src/; then mkdir -- /tmp/autopkgtest.Ihbfsq/build.31a/src/; fi; cd /tmp/autopkgtest.Ihbfsq/build.31a/src/; tar --warning=none --preserve-permissions --extract --no-same-owner -f -
autopkgtest-virt-qemu: DBG:  +>?
autopkgtest-virt-qemu: DBG:  +<?
autopkgtest: DBG: got reply from testbed: ok
autopkgtest: DBG: testbed command ['chown', '-R', 'openkylin', '--', '/tmp/autopkgtest.Ihbfsq/build.31a/src'], kind short, sout raw, serr pipe, env []
autopkgtest: DBG: testbed command exited with code 0
autopkgtest [16:30:19]: test autodep8-perl: /usr/share/pkg-perl-autopkgtest/runner runtime-deps
autopkgtest [16:30:19]: test autodep8-perl: [-----------------------
autopkgtest: DBG: testbed command ['su', '-s', '/bin/bash', 'openkylin', '-c', 'set -e; export USER=`id -nu`; . /etc/profile >/dev/null 2>&1 || true;  . ~/.profile >/dev/null 2>&1 || true; buildtree="/tmp/autopkgtest.Ihbfsq/build.31a/src"; mkdir -p -m 1777 -- "/tmp/autopkgtest.Ihbfsq/autodep8-perl-artifacts"; export AUTOPKGTEST_ARTIFACTS="/tmp/autopkgtest.Ihbfsq/autodep8-perl-artifacts"; export ADT_ARTIFACTS="$AUTOPKGTEST_ARTIFACTS"; mkdir -p -m 755 "/tmp/autopkgtest.Ihbfsq/autopkgtest_tmp"; export AUTOPKGTEST_TMP="/tmp/autopkgtest.Ihbfsq/autopkgtest_tmp"; export ADTTMP="$AUTOPKGTEST_TMP"; export DEBIAN_FRONTEND=noninteractive; export LANG=C.UTF-8; export DEB_BUILD_OPTIONS=parallel=8; unset LANGUAGE LC_CTYPE LC_NUMERIC LC_TIME LC_COLLATE   LC_MONETARY LC_MESSAGES LC_PAPER LC_NAME LC_ADDRESS   LC_TELEPHONE LC_MEASUREMENT LC_IDENTIFICATION LC_ALL;cd "$buildtree"; exec /tmp/autopkgtest.Ihbfsq/wrapper.sh --script-pid-file=/tmp/autopkgtest_script_pid --stderr=/tmp/autopkgtest.Ihbfsq/autodep8-perl-stderr --stdout=/tmp/autopkgtest.Ihbfsq/autodep8-perl-stdout -- bash -ec \'/usr/share/pkg-perl-autopkgtest/runner runtime-deps\' ;'], kind test, sout raw, serr raw, env []
/usr/share/pkg-perl-autopkgtest/runtime-deps.d/use.t .. 
1..4
ok 1 -  /usr/bin/perl -w -M"IPC::Run" -e 1 2>&1 exited successfully
ok 2 -  /usr/bin/perl -w -M"IPC::Run" -e 1 2>&1 produced no (non-whitelisted) output
ok 3 - env PERL_DL_NONLAZY=1  /usr/bin/perl -w -M"IPC::Run" -e 1 2>&1 exited successfully
ok 4 - env PERL_DL_NONLAZY=1  /usr/bin/perl -w -M"IPC::Run" -e 1 2>&1 produced no (non-whitelisted) output
ok
All tests successful.
Files=1, Tests=4,  5 wallclock secs ( 0.37 usr  0.12 sys +  3.41 cusr  0.79 csys =  4.69 CPU)
Result: PASS
autopkgtest: DBG: testbed command exited with code 0
autopkgtest [16:30:30]: test autodep8-perl: -----------------------]
autopkgtest: DBG: testbed executing test finished with exit status 0
autopkgtest: DBG: sending command to testbed: copyup /tmp/autopkgtest.Ihbfsq/autodep8-perl-stdout /home/minami/Documents/openkylin-riscv/test/libipc-run-perl/autodep8-perl-stdout
autopkgtest-virt-qemu: DBG: executing copyup /tmp/autopkgtest.Ihbfsq/autodep8-perl-stdout /home/minami/Documents/openkylin-riscv/test/libipc-run-perl/autodep8-perl-stdout
autopkgtest-virt-qemu: DBG: ['cmdls', "(['/tmp/autopkgtest-qemu.3hadur5u/runcmd', 'sh', '-ec', 'cat </tmp/autopkgtest.Ihbfsq/autodep8-perl-stdout'], ['cat'])"]
autopkgtest-virt-qemu: DBG: ['srcstdin', "<_io.BufferedReader name='/dev/null'>", 'deststdout', "<_io.BufferedWriter name='/home/minami/Documents/openkylin-riscv/test/libipc-run-perl/autodep8-perl-stdout'>", 'devnull_read', <_io.BufferedReader name='/dev/null'>]
autopkgtest-virt-qemu: DBG:  +< /tmp/autopkgtest-qemu.3hadur5u/runcmd sh -ec cat </tmp/autopkgtest.Ihbfsq/autodep8-perl-stdout
autopkgtest-virt-qemu: DBG:  +> cat
autopkgtest-virt-qemu: DBG:  +>?
autopkgtest-virt-qemu: DBG:  +<?
autopkgtest: DBG: got reply from testbed: ok
autopkgtest: DBG: sending command to testbed: copyup /tmp/autopkgtest.Ihbfsq/autodep8-perl-stderr /home/minami/Documents/openkylin-riscv/test/libipc-run-perl/autodep8-perl-stderr
autopkgtest-virt-qemu: DBG: executing copyup /tmp/autopkgtest.Ihbfsq/autodep8-perl-stderr /home/minami/Documents/openkylin-riscv/test/libipc-run-perl/autodep8-perl-stderr
autopkgtest-virt-qemu: DBG: ['cmdls', "(['/tmp/autopkgtest-qemu.3hadur5u/runcmd', 'sh', '-ec', 'cat </tmp/autopkgtest.Ihbfsq/autodep8-perl-stderr'], ['cat'])"]
autopkgtest-virt-qemu: DBG: ['srcstdin', "<_io.BufferedReader name='/dev/null'>", 'deststdout', "<_io.BufferedWriter name='/home/minami/Documents/openkylin-riscv/test/libipc-run-perl/autodep8-perl-stderr'>", 'devnull_read', <_io.BufferedReader name='/dev/null'>]
autopkgtest-virt-qemu: DBG:  +< /tmp/autopkgtest-qemu.3hadur5u/runcmd sh -ec cat </tmp/autopkgtest.Ihbfsq/autodep8-perl-stderr
autopkgtest-virt-qemu: DBG:  +> cat
autopkgtest-virt-qemu: DBG:  +>?
autopkgtest-virt-qemu: DBG:  +<?
autopkgtest: DBG: got reply from testbed: ok
autopkgtest [16:30:31]: test autodep8-perl:  - - - - - - - - - - results - - - - - - - - - -
autodep8-perl        PASS (superficial)
autopkgtest: DBG: sending command to testbed: copyup /tmp/autopkgtest.Ihbfsq/autodep8-perl-artifacts/ /home/minami/Documents/openkylin-riscv/test/libipc-run-perl/artifacts/
autopkgtest-virt-qemu: DBG: executing copyup /tmp/autopkgtest.Ihbfsq/autodep8-perl-artifacts/ /home/minami/Documents/openkylin-riscv/test/libipc-run-perl/artifacts/
autopkgtest-virt-qemu: DBG: ['cmdls', "(['/tmp/autopkgtest-qemu.3hadur5u/runcmd', 'sh', '-ec', 'cd /tmp/autopkgtest.Ihbfsq/autodep8-perl-artifacts/; tar --warning=none -c . -f -'], ['tar', '--directory', '/home/minami/Documents/openkylin-riscv/test/libipc-run-perl/artifacts/', '--warning=none', '--preserve-permissions', '--extract', '--no-same-owner', '-f', '-'])"]
autopkgtest-virt-qemu: DBG: ['srcstdin', "<_io.BufferedReader name='/dev/null'>", 'deststdout', "<_io.BufferedReader name='/dev/null'>", 'devnull_read', <_io.BufferedReader name='/dev/null'>]
autopkgtest-virt-qemu: DBG:  +< /tmp/autopkgtest-qemu.3hadur5u/runcmd sh -ec cd /tmp/autopkgtest.Ihbfsq/autodep8-perl-artifacts/; tar --warning=none -c . -f -
autopkgtest-virt-qemu: DBG:  +> tar --directory /home/minami/Documents/openkylin-riscv/test/libipc-run-perl/artifacts/ --warning=none --preserve-permissions --extract --no-same-owner -f -
autopkgtest-virt-qemu: DBG:  +>?
autopkgtest-virt-qemu: DBG:  +<?
autopkgtest: DBG: got reply from testbed: ok
autopkgtest: DBG: testbed command ['rm', '-rf', '/tmp/autopkgtest.Ihbfsq/autodep8-perl-artifacts', '/tmp/autopkgtest.Ihbfsq/autopkgtest_tmp'], kind short, sout raw, serr pipe, env []
autopkgtest: DBG: testbed command exited with code 0
autopkgtest [16:30:32]: test autodep8-perl-recommends: preparing testbed
autopkgtest: DBG: testbed reset: modified=False, deps_installed=['libipc-run-perl', 'pkg-perl-autopkgtest'], deps_new=['libipc-run-perl', 'pkg-perl-autopkgtest']
autopkgtest: DBG: Binaries: no registered binaries, not publishing anything
autopkgtest: DBG: install_deps: deps_new=['libipc-run-perl', 'pkg-perl-autopkgtest']
autopkgtest: DBG: install-deps: satisfying libipc-run-perl, pkg-perl-autopkgtest
autopkgtest: DBG: install-deps: architecture resolved: libipc-run-perl, pkg-perl-autopkgtest
autopkgtest: DBG: testbed command ['test', '-w', '/var/lib/dpkg/status'], kind short, sout raw, serr raw, env []
autopkgtest: DBG: testbed command exited with code 0
autopkgtest: DBG: can use apt-get on testbed: True
autopkgtest: DBG: testbed command ['mkdir', '-p', '/tmp/autopkgtest.Ihbfsq'], kind short, sout raw, serr pipe, env []
autopkgtest: DBG: testbed command exited with code 0
autopkgtest: DBG: sending command to testbed: copydown /home/minami/Documents/openkylin-riscv/test/libipc-run-perl/3-autopkgtest-satdep.deb /tmp/autopkgtest.Ihbfsq/3-autopkgtest-satdep.deb
autopkgtest-virt-qemu: DBG: executing copydown /home/minami/Documents/openkylin-riscv/test/libipc-run-perl/3-autopkgtest-satdep.deb /tmp/autopkgtest.Ihbfsq/3-autopkgtest-satdep.deb
autopkgtest-virt-qemu: DBG: ['cmdls', "(['cat'], ['/tmp/autopkgtest-qemu.3hadur5u/runcmd', 'sh', '-ec', 'cat >/tmp/autopkgtest.Ihbfsq/3-autopkgtest-satdep.deb'])"]
autopkgtest-virt-qemu: DBG: ['srcstdin', "<_io.BufferedReader name='/home/minami/Documents/openkylin-riscv/test/libipc-run-perl/3-autopkgtest-satdep.deb'>", 'deststdout', "<_io.BufferedReader name='/dev/null'>", 'devnull_read', <_io.BufferedReader name='/dev/null'>]
autopkgtest-virt-qemu: DBG:  +< cat
autopkgtest-virt-qemu: DBG:  +> /tmp/autopkgtest-qemu.3hadur5u/runcmd sh -ec cat >/tmp/autopkgtest.Ihbfsq/3-autopkgtest-satdep.deb
autopkgtest-virt-qemu: DBG:  +>?
autopkgtest-virt-qemu: DBG:  +<?
autopkgtest: DBG: got reply from testbed: ok
autopkgtest: DBG: testbed command ['chown', '-R', 'openkylin', '--', '/tmp/autopkgtest.Ihbfsq/3-autopkgtest-satdep.deb'], kind short, sout raw, serr pipe, env []
autopkgtest: DBG: testbed command exited with code 0
autopkgtest: DBG: testbed command ['dpkg', '--unpack', '/tmp/autopkgtest.Ihbfsq/3-autopkgtest-satdep.deb'], kind short, sout pipe, serr pipe, env []
autopkgtest: DBG: testbed command exited with code 0
autopkgtest: DBG: testbed command ['/bin/sh', '-ec', ' apt-get install --assume-yes --fix-broken -o APT::Status-Fd=3 -o APT::Install-Recommends=false -o Dpkg::Options::=--force-confnew -o Debug::pkgProblemResolver=true 3>&2 2>&1'], kind install, sout raw, serr pipe, env ['DEBIAN_FRONTEND=noninteractive', 'APT_LISTBUGS_FRONTEND=none', 'APT_LISTCHANGES_FRONTEND=none']
Reading package lists...
Building dependency tree...
Reading state information...
Starting pkgProblemResolver with broken count: 0
Starting 2 pkgProblemResolver with broken count: 0
Done
0 upgraded, 0 newly installed, 0 to remove and 18 not upgraded.
1 not fully installed or removed.
After this operation, 0 B of additional disk space will be used.
Setting up autopkgtest-satdep (0) ...
autopkgtest: DBG: testbed command exited with code 0
autopkgtest: DBG: testbed command ['dpkg-query', '--show', '-f', '${Status}', 'libipc-run-perl'], kind short, sout pipe, serr pipe, env []
autopkgtest: DBG: testbed command exited with code 0
autopkgtest: DBG: testbed command ['dpkg', '--status', 'autopkgtest-satdep'], kind short, sout pipe, serr pipe, env []
autopkgtest: DBG: testbed command exited with code 0
autopkgtest: DBG: testbed command ['apt-get', '--simulate', '--quiet', '-o', 'APT::Get::Show-User-Simulation-Note=False', '--auto-remove', 'purge', 'autopkgtest-satdep'], kind short, sout pipe, serr pipe, env []
autopkgtest: DBG: testbed command exited with code 0
autopkgtest: DBG: testbed command ['dpkg', '--purge', 'autopkgtest-satdep'], kind short, sout raw, serr raw, env []
(Reading database ... 161228 files and directories currently installed.)
Removing autopkgtest-satdep (0) ...
autopkgtest: DBG: testbed command exited with code 0
autopkgtest: DBG: testbed command ['sh', '-ec', 'command -v dpkg-query'], kind short, sout pipe, serr pipe, env []
autopkgtest: DBG: testbed command exited with code 0
autopkgtest: DBG: testbed command ['sh', '-ec', "dpkg-query --show -f '${Package}\\t${Version}\\n' > /tmp/autopkgtest.Ihbfsq/autodep8-perl-recommends-packages.all"], kind short, sout raw, serr pipe, env []
autopkgtest: DBG: testbed command exited with code 0
autopkgtest: DBG: sending command to testbed: copyup /tmp/autopkgtest.Ihbfsq/autodep8-perl-recommends-packages.all /home/minami/Documents/openkylin-riscv/test/libipc-run-perl/autodep8-perl-recommends-packages.all
autopkgtest-virt-qemu: DBG: executing copyup /tmp/autopkgtest.Ihbfsq/autodep8-perl-recommends-packages.all /home/minami/Documents/openkylin-riscv/test/libipc-run-perl/autodep8-perl-recommends-packages.all
autopkgtest-virt-qemu: DBG: ['cmdls', "(['/tmp/autopkgtest-qemu.3hadur5u/runcmd', 'sh', '-ec', 'cat </tmp/autopkgtest.Ihbfsq/autodep8-perl-recommends-packages.all'], ['cat'])"]
autopkgtest-virt-qemu: DBG: ['srcstdin', "<_io.BufferedReader name='/dev/null'>", 'deststdout', "<_io.BufferedWriter name='/home/minami/Documents/openkylin-riscv/test/libipc-run-perl/autodep8-perl-recommends-packages.all'>", 'devnull_read', <_io.BufferedReader name='/dev/null'>]
autopkgtest-virt-qemu: DBG:  +< /tmp/autopkgtest-qemu.3hadur5u/runcmd sh -ec cat </tmp/autopkgtest.Ihbfsq/autodep8-perl-recommends-packages.all
autopkgtest-virt-qemu: DBG:  +> cat
autopkgtest-virt-qemu: DBG:  +>?
autopkgtest-virt-qemu: DBG:  +<?
autopkgtest: DBG: got reply from testbed: ok
autopkgtest: DBG: testbed command ['test', '-e', '/tmp/autopkgtest.Ihbfsq/build.31a/src'], kind short, sout raw, serr raw, env []
autopkgtest: DBG: testbed command exited with code 0
autopkgtest: DBG: copydown: tb path /tmp/autopkgtest.Ihbfsq/build.31a/src already exists
autopkgtest [16:31:01]: test autodep8-perl-recommends: /usr/share/pkg-perl-autopkgtest/runner runtime-deps-and-recommends
autopkgtest [16:31:01]: test autodep8-perl-recommends: [-----------------------
autopkgtest: DBG: testbed command ['su', '-s', '/bin/bash', 'openkylin', '-c', 'set -e; export USER=`id -nu`; . /etc/profile >/dev/null 2>&1 || true;  . ~/.profile >/dev/null 2>&1 || true; buildtree="/tmp/autopkgtest.Ihbfsq/build.31a/src"; mkdir -p -m 1777 -- "/tmp/autopkgtest.Ihbfsq/autodep8-perl-recommends-artifacts"; export AUTOPKGTEST_ARTIFACTS="/tmp/autopkgtest.Ihbfsq/autodep8-perl-recommends-artifacts"; export ADT_ARTIFACTS="$AUTOPKGTEST_ARTIFACTS"; mkdir -p -m 755 "/tmp/autopkgtest.Ihbfsq/autopkgtest_tmp"; export AUTOPKGTEST_TMP="/tmp/autopkgtest.Ihbfsq/autopkgtest_tmp"; export ADTTMP="$AUTOPKGTEST_TMP"; export DEBIAN_FRONTEND=noninteractive; export LANG=C.UTF-8; export DEB_BUILD_OPTIONS=parallel=8; unset LANGUAGE LC_CTYPE LC_NUMERIC LC_TIME LC_COLLATE   LC_MONETARY LC_MESSAGES LC_PAPER LC_NAME LC_ADDRESS   LC_TELEPHONE LC_MEASUREMENT LC_IDENTIFICATION LC_ALL;cd "$buildtree"; exec /tmp/autopkgtest.Ihbfsq/wrapper.sh --script-pid-file=/tmp/autopkgtest_script_pid --stderr=/tmp/autopkgtest.Ihbfsq/autodep8-perl-recommends-stderr --stdout=/tmp/autopkgtest.Ihbfsq/autodep8-perl-recommends-stdout -- bash -ec \'/usr/share/pkg-perl-autopkgtest/runner runtime-deps-and-recommends\' ;'], kind test, sout raw, serr raw, env []
/usr/share/pkg-perl-autopkgtest/runtime-deps-and-recommends.d/syntax.t .. 
1..4
ok 1 - Package libipc-run-perl is known to dpkg
ok 2 - Got status information for package libipc-run-perl
ok 3 - Got file list for package libipc-run-perl
# Subtest: all modules in libipc-run-perl pass the syntax check
    1..4
    ok 1 - /usr/bin/perl -wc /usr/share/perl5/IPC/Run/Debug.pm exited successfully
    # Subroutine new redefined at /usr/share/perl5/IPC/Run/IO.pm line 99.
    # Subroutine _new_internal redefined at /usr/share/perl5/IPC/Run/IO.pm line 126.
    # Subroutine filename redefined at /usr/share/perl5/IPC/Run/IO.pm line 230.
    # Subroutine init redefined at /usr/share/perl5/IPC/Run/IO.pm line 243.
    # Subroutine open redefined at /usr/share/perl5/IPC/Run/IO.pm line 284.
    # Subroutine _do_open redefined at /usr/share/perl5/IPC/Run/IO.pm line 309.
    # Subroutine open_pipe redefined at /usr/share/perl5/IPC/Run/IO.pm line 329.
    # Subroutine _cleanup redefined at /usr/share/perl5/IPC/Run/IO.pm line 344.
    # Ambiguous call resolved as CORE::close(), qualify as such or use & at /usr/share/perl5/IPC/Run/IO.pm line 360.
    # Subroutine close redefined at /usr/share/perl5/IPC/Run/IO.pm line 356.
    # Ambiguous call resolved as CORE::fileno(), qualify as such or use & at /usr/share/perl5/IPC/Run/IO.pm line 389.
    # Subroutine fileno redefined at /usr/share/perl5/IPC/Run/IO.pm line 386.
    # Subroutine mode redefined at /usr/share/perl5/IPC/Run/IO.pm line 422.
    # Subroutine op redefined at /usr/share/perl5/IPC/Run/IO.pm line 438.
    # Subroutine binmode redefined at /usr/share/perl5/IPC/Run/IO.pm line 453.
    # Subroutine dir redefined at /usr/share/perl5/IPC/Run/IO.pm line 467.
    # Subroutine _init_filters redefined at /usr/share/perl5/IPC/Run/IO.pm line 486.
    # Subroutine poll redefined at /usr/share/perl5/IPC/Run/IO.pm line 513.
    # Subroutine _do_filters redefined at /usr/share/perl5/IPC/Run/IO.pm line 537.
    ok 2 - /usr/bin/perl -wc /usr/share/perl5/IPC/Run/IO.pm exited successfully
    ok 3 - /usr/bin/perl -wc /usr/share/perl5/IPC/Run/Timer.pm exited successfully
    ok 4 - /usr/bin/perl -wc /usr/share/perl5/IPC/Run.pm exited successfully
ok 4 - all modules in libipc-run-perl pass the syntax check
ok
All tests successful.
Files=1, Tests=4,  5 wallclock secs ( 0.29 usr  0.13 sys +  3.59 cusr  1.02 csys =  5.03 CPU)
Result: PASS
autopkgtest: DBG: testbed command exited with code 0
autopkgtest [16:31:12]: test autodep8-perl-recommends: -----------------------]
autopkgtest: DBG: testbed executing test finished with exit status 0
autopkgtest: DBG: sending command to testbed: copyup /tmp/autopkgtest.Ihbfsq/autodep8-perl-recommends-stdout /home/minami/Documents/openkylin-riscv/test/libipc-run-perl/autodep8-perl-recommends-stdout
autopkgtest-virt-qemu: DBG: executing copyup /tmp/autopkgtest.Ihbfsq/autodep8-perl-recommends-stdout /home/minami/Documents/openkylin-riscv/test/libipc-run-perl/autodep8-perl-recommends-stdout
autopkgtest-virt-qemu: DBG: ['cmdls', "(['/tmp/autopkgtest-qemu.3hadur5u/runcmd', 'sh', '-ec', 'cat </tmp/autopkgtest.Ihbfsq/autodep8-perl-recommends-stdout'], ['cat'])"]
autopkgtest-virt-qemu: DBG: ['srcstdin', "<_io.BufferedReader name='/dev/null'>", 'deststdout', "<_io.BufferedWriter name='/home/minami/Documents/openkylin-riscv/test/libipc-run-perl/autodep8-perl-recommends-stdout'>", 'devnull_read', <_io.BufferedReader name='/dev/null'>]
autopkgtest-virt-qemu: DBG:  +< /tmp/autopkgtest-qemu.3hadur5u/runcmd sh -ec cat </tmp/autopkgtest.Ihbfsq/autodep8-perl-recommends-stdout
autopkgtest-virt-qemu: DBG:  +> cat
autopkgtest-virt-qemu: DBG:  +>?
autopkgtest-virt-qemu: DBG:  +<?
autopkgtest: DBG: got reply from testbed: ok
autopkgtest: DBG: sending command to testbed: copyup /tmp/autopkgtest.Ihbfsq/autodep8-perl-recommends-stderr /home/minami/Documents/openkylin-riscv/test/libipc-run-perl/autodep8-perl-recommends-stderr
autopkgtest-virt-qemu: DBG: executing copyup /tmp/autopkgtest.Ihbfsq/autodep8-perl-recommends-stderr /home/minami/Documents/openkylin-riscv/test/libipc-run-perl/autodep8-perl-recommends-stderr
autopkgtest-virt-qemu: DBG: ['cmdls', "(['/tmp/autopkgtest-qemu.3hadur5u/runcmd', 'sh', '-ec', 'cat </tmp/autopkgtest.Ihbfsq/autodep8-perl-recommends-stderr'], ['cat'])"]
autopkgtest-virt-qemu: DBG: ['srcstdin', "<_io.BufferedReader name='/dev/null'>", 'deststdout', "<_io.BufferedWriter name='/home/minami/Documents/openkylin-riscv/test/libipc-run-perl/autodep8-perl-recommends-stderr'>", 'devnull_read', <_io.BufferedReader name='/dev/null'>]
autopkgtest-virt-qemu: DBG:  +< /tmp/autopkgtest-qemu.3hadur5u/runcmd sh -ec cat </tmp/autopkgtest.Ihbfsq/autodep8-perl-recommends-stderr
autopkgtest-virt-qemu: DBG:  +> cat
autopkgtest-virt-qemu: DBG:  +>?
autopkgtest-virt-qemu: DBG:  +<?
autopkgtest: DBG: got reply from testbed: ok
autopkgtest [16:31:13]: test autodep8-perl-recommends:  - - - - - - - - - - results - - - - - - - - - -
autodep8-perl-recommends PASS (superficial)
autopkgtest: DBG: sending command to testbed: copyup /tmp/autopkgtest.Ihbfsq/autodep8-perl-recommends-artifacts/ /home/minami/Documents/openkylin-riscv/test/libipc-run-perl/artifacts/
autopkgtest-virt-qemu: DBG: executing copyup /tmp/autopkgtest.Ihbfsq/autodep8-perl-recommends-artifacts/ /home/minami/Documents/openkylin-riscv/test/libipc-run-perl/artifacts/
autopkgtest-virt-qemu: DBG: ['cmdls', "(['/tmp/autopkgtest-qemu.3hadur5u/runcmd', 'sh', '-ec', 'cd /tmp/autopkgtest.Ihbfsq/autodep8-perl-recommends-artifacts/; tar --warning=none -c . -f -'], ['tar', '--directory', '/home/minami/Documents/openkylin-riscv/test/libipc-run-perl/artifacts/', '--warning=none', '--preserve-permissions', '--extract', '--no-same-owner', '-f', '-'])"]
autopkgtest-virt-qemu: DBG: ['srcstdin', "<_io.BufferedReader name='/dev/null'>", 'deststdout', "<_io.BufferedReader name='/dev/null'>", 'devnull_read', <_io.BufferedReader name='/dev/null'>]
autopkgtest-virt-qemu: DBG:  +< /tmp/autopkgtest-qemu.3hadur5u/runcmd sh -ec cd /tmp/autopkgtest.Ihbfsq/autodep8-perl-recommends-artifacts/; tar --warning=none -c . -f -
autopkgtest-virt-qemu: DBG:  +> tar --directory /home/minami/Documents/openkylin-riscv/test/libipc-run-perl/artifacts/ --warning=none --preserve-permissions --extract --no-same-owner -f -
autopkgtest-virt-qemu: DBG:  +>?
autopkgtest-virt-qemu: DBG:  +<?
autopkgtest: DBG: got reply from testbed: ok
autopkgtest: DBG: testbed command ['rm', '-rf', '/tmp/autopkgtest.Ihbfsq/autodep8-perl-recommends-artifacts', '/tmp/autopkgtest.Ihbfsq/autopkgtest_tmp'], kind short, sout raw, serr pipe, env []
autopkgtest: DBG: testbed command exited with code 0
autopkgtest: DBG: needs_reset, previously=False, requested by run_tests() line 208
autopkgtest [16:31:14]: @@@@@@@@@@@@@@@@@@@@ summary
autodep8-perl-build-deps PASS
autodep8-perl        PASS (superficial)
autodep8-perl-recommends PASS (superficial)
autopkgtest: DBG: testbed stop
autopkgtest: DBG: testbed close, scratch=/tmp/autopkgtest.Ihbfsq
autopkgtest: DBG: sending command to testbed: close
autopkgtest-virt-qemu: DBG: executing close
autopkgtest-virt-qemu: DBG: cleanup...
qemu-system-riscv64: terminating on signal 15 from pid 4046750 (/usr/bin/python3)
autopkgtest: DBG: got reply from testbed: ok
autopkgtest: DBG: sending command to testbed: quit
autopkgtest-virt-qemu: DBG: executing quit
autopkgtest-virt-qemu: DBG: cleanup...
