t/IPC-Run3-ProfArrayBuffer.t .. 
1..2
# Running under perl version 5.030000 for linux
# Current time local: Mon Feb 20 08:34:58 2023
# Current time GMT:   Mon Feb 20 08:34:58 2023
# Using Test.pm version 1.31
ok 1
ok 2
ok
t/IPC-Run3-ProfLogReader.t .... 
1..4
# Running under perl version 5.030000 for linux
# Current time local: Mon Feb 20 08:34:59 2023
# Current time GMT:   Mon Feb 20 08:34:59 2023
# Using Test.pm version 1.31
ok 1
Use of uninitialized value $fh in split at /usr/share/perl5/IPC/Run3/ProfLogReader.pm line 79, <DATA> line 4.
ok 2
ok 3
ok 4
ok
t/IPC-Run3-ProfLogger.t ....... 
1..1
# Running under perl version 5.030000 for linux
# Current time local: Mon Feb 20 08:34:59 2023
# Current time GMT:   Mon Feb 20 08:34:59 2023
# Using Test.pm version 1.31
ok 1
ok
t/IPC-Run3-ProfPP.t ........... 
1..1
# Running under perl version 5.030000 for linux
# Current time local: Mon Feb 20 08:35:00 2023
# Current time GMT:   Mon Feb 20 08:35:00 2023
# Using Test.pm version 1.31
ok 1
ok
t/IPC-Run3-ProfReporter.t ..... 
1..7
# Running under perl version 5.030000 for linux
# Current time local: Mon Feb 20 08:35:00 2023
# Current time GMT:   Mon Feb 20 08:35:00 2023
# Using Test.pm version 1.31
ok 1
ok 2
ok 3
ok 4
ok 5
ok 6
ok 7
ok
t/IPC-Run3-profiling.t ........ 
1..1
# Running under perl version 5.030000 for linux
# Current time local: Mon Feb 20 08:35:01 2023
# Current time GMT:   Mon Feb 20 08:35:01 2023
# Using Test.pm version 1.31
ok 1
ok
t/IPC-Run3.t .................. 
1..28
# Running under perl version 5.030000 for linux
# Current time local: Mon Feb 20 08:35:02 2023
# Current time GMT:   Mon Feb 20 08:35:02 2023
# Using Test.pm version 1.31
ok 1
ok 2
ok 3
ok 4
ok 5
ok 6
ok 7
ok 8
ok 9
ok 10
ok 11
ok 12
ok 13
ok 14
ok 15
ok 16
ok 17
ok 18
ok 19
ok 20
ok 21
ok 22
ok 23
ok 24
ok 25
ok 26
ok 27
ok 28
ok
t/die_handler.t ............... 
1..1
ok 1
ok
t/fd_leak.t ................... 
1..11
ok 1 - open some temp files
ok 2 - run3 [...],
ok 3 - run3 [...],\undef
ok 4 - run3 [...],SCALAR
ok 5 - run3 [...],'t/fd_leak.t'
ok 6 - run3 [...],undef,SCALAR
ok 7 - run3 [...],undef,undef,SCALAR
ok 8 - run3 [...],undef,SCALAR,SCALAR
ok 9 - run3 [...],\undef,SCALAR,SCALAR
ok 10 - run3 [...],SCALAR,SCALAR,SCALAR
ok 11 - run3 [...],'t/fd_leak.t',SCALAR,SCALAR
ok
t/fork.t ...................... 
1..5
ok 1 - parent before fork
ok 2 - single child
ok 3 - parent after fork
ok 4 - 5 parallel child processes, each run 10 times
ok 5 - parent after parallel forks
ok
t/utf8.t ...................... 
1..3
ok 1 - read Unicode string of 3 characters
ok 2 - compare raw bytes read from command
ok 3 - compare raw bytes written to command
ok
All tests successful.
Files=11, Tests=64, 20 wallclock secs ( 0.79 usr  0.31 sys + 17.56 cusr  7.66 csys = 26.32 CPU)
Result: PASS
