t/close.t ..... 
1..1
DESTROY MyStr=GLOB(0x2ad07e91a8)
-
DESTROY MyStr=GLOB(0x2ad07e91a8)
-
DESTROY MyStr=GLOB(0x2ad07e91c0)
-
DESTROY MyStr=GLOB(0x2ad0812e48)
-
DESTROY MyStr=GLOB(0x2ad07f3168)
-
XXX 5
ok 1
ok
t/para.t ...... 
1..8
# Running under perl version 5.030000 for linux
# Current time local: Mon Feb 20 08:14:28 2023
# Current time GMT:   Mon Feb 20 08:14:28 2023
# Using Test.pm version 1.31
ok 1
ok 2
ok 3
ok 4
ok 5
ok 6
ok 7
ok 8
ok
t/read.t ...... 
1..17
ok 1
ok 2
ok 3
ok 4
ok 5
ok 6
ok 7
ok 8
ok 9
ok 10
ok 11
ok 12
ok 13
ok 14
ok 15
ok 16
ok 17
ok
t/seek.t ...... 
1..10
ok 1
ok 2
ok 3
ok 4
ok 5
ok 6
ok 7
ok 8
ok 9
ok 10
ok
t/truncate.t .. 
1..6
ok 1
ok 2
ok 3
ok 4
ok 5
ok 6
ok
t/write.t ..... 
1..1
heisan
abcde
f,g,h
12345678901234567890123456789067890
i(1)[1]
i(2)[2]
i(3)[3]

ok 1
ok
All tests successful.
Files=6, Tests=43,  2 wallclock secs ( 0.45 usr  0.22 sys +  1.39 cusr  0.45 csys =  2.51 CPU)
Result: PASS
