t/00-init.t .................... 
1..16
ok 1
ok 2
ok 3
# Testing Gtk3 0.037
#    Running against gtk+ 3.24.18
#   Compiled against gtk+ 3.24.18
ok 4 - version info is three items long
ok 5 - check_version fail 1
ok 6 - check_version pass
ok 7 - check_version fail 2
ok 8 - major_version
ok 9 - minor_version
ok 10 - micro_version
ok 11 - version info is three items long
ok 12 - CHECK_VERSION pass
ok 13 - CHECK_VERSION fail
ok 14 - MAJOR_VERSION
ok 15 - MINOR_VERSION
ok 16 - MICRO_VERSION
ok
t/floating-refs.t .............. 
1..2
ok 1
ok 2 # skip Window ref counting test
ok
t/overrides.t .................. 
1..233
# Gtk3::CHECK_VERSION and check_version
ok 1
ok 2
ok 3
ok 4
ok 5
ok 6
ok 7
ok 8
# Gtk3::Window::new and list_toplevels.
# This is at the top to avoid testing against a polluted list of toplevels.
ok 9
ok 10
# Gtk3::show_about_dialog
ok 11
# Gtk3::[HV]Box
ok 12
ok 13
ok 14
ok 15
# Gtk3::Button::new
ok 16
ok 17
# Gtk3::CellLayout::get_cells
ok 18
ok 19
# Gtk3::CheckButton::new
ok 20
ok 21
# Gtk3::Clipboard::set_text
ok 22
ok 23
# Gtk3::ColorButton::new
ok 24
ok 25
# Gtk3::CssProvider
ok 26
ok 27
# Gtk3::Editable::insert_text
ok 28
ok 29
ok 30
# Gtk3::Editable::insert_text and length issues
ok 31
ok 32
# GtkEditable.insert-text signal
ok 33
ok 34
ok 35
ok 36
ok 37
# Gtk3::FileChooserDialog
ok 38
ok 39
ok 40
# Gtk3::FontButton::new
ok 41
# Gtk3::LinkButton::new
ok 42
ok 43
# Gtk3::ListStore::new, set and get, insert_with_values
ok 44
ok 45
ok 46
ok 47
ok 48
ok 49
ok 50
ok 51
ok 52
ok 53
# Gtk3::Menu::popup and popup_for_device
ok 54 - An object of class 'Gtk3::Menu' isa 'Gtk3::Menu'
ok 55 - An object of class 'Gtk3::Menu' isa 'Gtk3::Menu'
# Gtk2::MenuItem::new, Gtk2::CheckMenuItem::new, Gtk2::ImageMenuItem::new
ok 56 - An object of class 'Gtk3::MenuItem' isa 'Gtk3::MenuItem'
ok 57
ok 58 - An object of class 'Gtk3::MenuItem' isa 'Gtk3::MenuItem'
ok 59
ok 60 - An object of class 'Gtk3::MenuItem' isa 'Gtk3::MenuItem'
ok 61
ok 62 - An object of class 'Gtk3::CheckMenuItem' isa 'Gtk3::CheckMenuItem'
ok 63
ok 64 - An object of class 'Gtk3::CheckMenuItem' isa 'Gtk3::CheckMenuItem'
ok 65
ok 66 - An object of class 'Gtk3::CheckMenuItem' isa 'Gtk3::CheckMenuItem'
ok 67
ok 68 - An object of class 'Gtk3::ImageMenuItem' isa 'Gtk3::ImageMenuItem'
ok 69
ok 70 - An object of class 'Gtk3::ImageMenuItem' isa 'Gtk3::ImageMenuItem'
ok 71
ok 72 - An object of class 'Gtk3::ImageMenuItem' isa 'Gtk3::ImageMenuItem'
ok 73
# Gtk3::SizeGroup
ok 74
ok 75
# Gtk3::Stock
ok 76
ok 77
# Gtk3::Stock::add and add_static do not work yet
# Gtk3::StyleContext::get
ok 78 - two items returned
# Gtk3::TargetEntry
ok 79 - convert_sv_to_flags
ok 80 - Gtk3::TargetFlags->new
ok 81 - override
# Gtk3::ToggleButton::new
ok 82
ok 83
# Gtk3::TreeStore::new, set and get, insert_with_values
ok 84
ok 85
ok 86
ok 87
ok 88
ok 89
ok 90
ok 91
ok 92
ok 93
# Gtk3::TreePath::new, new_from_string, new_from_indices, get_indices
ok 94 - An object of class 'Gtk3::TreePath' isa 'Gtk3::TreePath'
ok 95
ok 96
ok 97
# Gtk3::TreeModel::get_iter, get_iter_first, get_iter_from_string
ok 98
ok 99
ok 100
ok 101 - An object of class 'Gtk3::TreeIter' isa 'Gtk3::TreeIter'
ok 102 - An object of class 'Gtk3::TreeIter' isa 'Gtk3::TreeIter'
ok 103 - An object of class 'Gtk3::TreeIter' isa 'Gtk3::TreeIter'
# Gtk3::TreeModel::iter_children, iter_nth_child, iter_parent
ok 104
ok 105
ok 106
ok 107 - An object of class 'Gtk3::TreeIter' isa 'Gtk3::TreeIter'
ok 108 - An object of class 'Gtk3::TreeIter' isa 'Gtk3::TreeIter'
ok 109 - An object of class 'Gtk3::TreeIter' isa 'Gtk3::TreeIter'
# Gtk3::TreeModelFilter
ok 110 - An object of class 'Gtk3::TreeModelFilter' isa 'Gtk3::TreeModelFilter'
ok 111 - An object of class 'Gtk3::TreeIter' isa 'Gtk3::TreeIter'
ok 112
# Gtk3::TreeModelSort
ok 113 - An object of class 'Gtk3::TreeModelSort' isa 'Gtk3::TreeModelSort'
ok 114 - An object of class 'Gtk3::TreeIter' isa 'Gtk3::TreeIter'
ok 115
# Gtk3::TreeSelection::get_selected
ok 116
ok 117 - An object of class 'Gtk3::TreeIter' isa 'Gtk3::TreeIter'
ok 118 - An object of class 'Gtk3::TreeIter' isa 'Gtk3::TreeIter'
# Gtk3::TreeView::insert_column_with_attributes, get_dest_row_at_pos,
# get_path_at_pos, get_tooltip_context, get_visible_range
ok 119
ok 120
ok 121
ok 122
ok 123
# Gtk3::TreeViewColumn::new_with_attributes, set_attributes
# cell_get_position
ok 124
ok 125
# Gtk3::UIManager
ok 126
ok 127
ok 128
ok 129 - An object of class 'Gtk3::MenuBar' isa 'Gtk3::MenuBar'
ok 130 - An object of class 'Gtk3::MenuBar' isa 'Gtk3::MenuBar'
# Gtk3::Widget
ok 131 - An object of class 'Gtk3::Gdk::Pixbuf' isa 'Gtk3::Gdk::Pixbuf'
ok 132
ok 133
ok 134 - An object of class 'Glib::Param::Float' isa 'Glib::ParamSpec'
ok 135
ok 136 - An object of class 'Glib::Param::Float' isa 'Glib::ParamSpec'
ok 137 - find_style_property() no such name, on object
ok 138 - find_style_property() no such name, on class
ok 139 - An object of class 'Glib::Param::Boolean' isa 'Glib::ParamSpec'
ok 140 - An object of class 'Glib::Param::Boolean' isa 'Glib::ParamSpec'
ok 141 - $widget->set_events|get_events
ok 142 - $widget->add_events|get_events
ok 143 - $widget->set_events|get_events with numeric 0
ok 144 - $widget->set_events|get_events with numeric 0
ok 145 - $widget->add_events|get_events with numeric 24
ok 146 - $widget->add_events|get_events with numeric 24
# Gtk3::Gdk::Atom
ok 147
ok 148
# Gtk3::Gdk::RGBA
ok 149 - An object of class 'Gtk3::Gdk::RGBA' isa 'Gtk3::Gdk::RGBA'
ok 150
ok 151 - An object of class 'Gtk3::Gdk::RGBA' isa 'Gtk3::Gdk::RGBA'
ok 152
ok 153 - An object of class 'Gtk3::Gdk::RGBA' isa 'Gtk3::Gdk::RGBA'
ok 154
ok 155 - An object of class 'Gtk3::Gdk::RGBA' isa 'Gtk3::Gdk::RGBA'
ok 156
ok 157
ok 158
# Gtk3::Gdk::Window::new
ok 159 - An object of class 'Glib::Object::_Unregistered::GdkX11Window' isa 'Gtk3::Gdk::Window'
ok 160 - An object of class 'Glib::Object::_Unregistered::GdkX11Window' isa 'Gtk3::Gdk::Window'
ok 161 - An object of class 'Glib::Object::_Unregistered::GdkX11Window' isa 'Gtk3::Gdk::Window'
# Gtk3::Gdk::Pixbuf::get_formats
ok 162 - An object of class 'Gtk3::Gdk::PixbufFormat' isa 'Gtk3::Gdk::PixbufFormat'
# Gtk3::Gdk::Pixbuf::new_from_data
ok 163 - An object of class 'Gtk3::Gdk::Pixbuf' isa 'Gtk3::Gdk::Pixbuf'
ok 164
ok 165
ok 166
ok 167
ok 168
ok 169
ok 170
ok 171 - An object of class 'Gtk3::Gdk::Pixbuf' isa 'Gtk3::Gdk::Pixbuf'
ok 172
ok 173
ok 174
ok 175
ok 176
ok 177
ok 178
# Gtk3::Gdk::Pixbuf::new_from_xpm_data
ok 179 - An object of class 'Gtk3::Gdk::Pixbuf' isa 'Gtk3::Gdk::Pixbuf'
ok 180
ok 181
ok 182
ok 183
ok 184
ok 185
ok 186
ok 187 - An object of class 'Gtk3::Gdk::Pixbuf' isa 'Gtk3::Gdk::Pixbuf'
ok 188
ok 189
ok 190
ok 191
ok 192
ok 193
ok 194
# Gtk3::Gdk::Pixbuf::new_from_inline
ok 195 - An object of class 'Gtk3::Gdk::Pixbuf' isa 'Gtk3::Gdk::Pixbuf'
ok 196
ok 197
ok 198
ok 199
ok 200
ok 201
ok 202
ok 203 - An object of class 'Gtk3::Gdk::Pixbuf' isa 'Gtk3::Gdk::Pixbuf'
ok 204
ok 205
ok 206
ok 207
ok 208
ok 209
ok 210
# Gtk3::Gdk::Pixbuf::save, save_to_buffer, save_to_callback
ok 211
ok 212 - 'new_from_file' isa 'Gtk3::Gdk::Pixbuf'
ok 213
ok 214
ok 215
ok 216
ok 217
ok 218 - save_to_buffer
ok 219
ok 220
ok 221
ok 222
ok 223
ok 224
ok 225
ok 226
ok 227
ok 228 - An object of class 'Gtk3::Gdk::PixbufError' isa 'Glib::Error'
ok 229
# Pango::Layout
ok 230
ok 231
ok 232
ok 233
ok
t/signals.t .................... 
1..3
ok 1
ok 2
ok 3
ok
t/vfuncs-destroy.t ............. 
1..2
ok 1
ok 2
ok
t/vfuncs-double-setup.t ........ 
1..1
ok 1
ok
t/zz-GdkEvent.t ................ 
1..146
ok 1 - 'Gtk3::Gdk::Event->new any' isa 'Gtk3::Gdk::Event'
ok 2 - An object of class 'Gtk3::Gdk::EventCrossing' isa 'Gtk3::Gdk::Event'
ok 3
ok 4
ok 5
ok 6
ok 7 - $event->get_screen
ok 8 - $event->get_device
ok 9 - $event->get_source_device
ok 10 - 'Gtk3::Gdk::Event->new expose' isa 'Gtk3::Gdk::EventExpose'
ok 11
ok 12 - $expose_event->area
ok 13 - '$expose_event->region' isa 'Cairo::Region'
ok 14
ok 15 - $expose_event->region undef
ok 16 - 'Gtk3::Gdk::Event->new visibility' isa 'Gtk3::Gdk::EventVisibility'
ok 17
ok 18 - 'Gtk3::Gdk::Event->new motion' isa 'Gtk3::Gdk::EventMotion'
ok 19
ok 20
ok 21
ok 22
ok 23
ok 24
ok 25
ok 26
ok 27
ok 28 - $event->get_time
ok 29 - $event->get_state
ok 30 - $event->get_coords
ok 31 - $event->get_root_coords
ok 32
ok 33 - 'Gtk3::Gdk::Event->new 3button-press' isa 'Gtk3::Gdk::EventButton'
ok 34 - 'Gtk3::Gdk::Event->new 2button-press' isa 'Gtk3::Gdk::EventButton'
ok 35 - 'Gtk3::Gdk::Event->new button-press' isa 'Gtk3::Gdk::EventButton'
ok 36 - 'Gtk3::Gdk::Event->new triple-button-press' isa 'Gtk3::Gdk::EventButton'
ok 37 - 'Gtk3::Gdk::Event->new double-button-press' isa 'Gtk3::Gdk::EventButton'
ok 38
ok 39
ok 40
ok 41
ok 42
ok 43
ok 44
ok 45
ok 46
ok 47
ok 48
ok 49 - 'Gtk3::Gdk::Event->new scroll' isa 'Gtk3::Gdk::EventScroll'
ok 50
ok 51
ok 52
ok 53
ok 54
ok 55
ok 56
ok 57
ok 58
ok 59
ok 60
ok 61 - 'Gtk3::Gdk::Event->new key' isa 'Gtk3::Gdk::EventKey'
ok 62
ok 63
ok 64
ok 65
ok 66
ok 67
ok 68
ok 69
ok 70 - 'Gtk3::Gdk::Event->new crossing' isa 'Gtk3::Gdk::EventCrossing'
ok 71
ok 72
ok 73
ok 74
ok 75
ok 76
ok 77
ok 78
ok 79
ok 80
ok 81
ok 82 - 'Gtk3::Gdk::Event->new focus' isa 'Gtk3::Gdk::EventFocus'
ok 83
ok 84 - 'Gtk3::Gdk::Event->new configure' isa 'Gtk3::Gdk::EventConfigure'
ok 85
ok 86
ok 87
ok 88
ok 89 - 'Gtk3::Gdk::Event->new property' isa 'Gtk3::Gdk::EventProperty'
ok 90
ok 91 - '$property_event->atom' isa 'Gtk3::Gdk::Atom'
ok 92 - $property_event->atom
ok 93
ok 94
ok 95 - 'Gtk3::Gdk::Event->new proximity' isa 'Gtk3::Gdk::EventProximity'
ok 96
ok 97
ok 98
ok 99 - 'Gtk3::Gdk::Event->new setting' isa 'Gtk3::Gdk::EventSetting'
ok 100
ok 101 - 'Gtk3::Gdk::Event->new windowstate' isa 'Gtk3::Gdk::EventWindowState'
ok 102
ok 103
ok 104 - 'Gtk3::Gdk::Event->new dnd' isa 'Gtk3::Gdk::EventDND'
ok 105
ok 106
ok 107
ok 108
ok 109
ok 110 - 'Gtk3::Gdk::Event->new selection' isa 'Gtk3::Gdk::EventSelection'
ok 111
ok 112
ok 113
ok 114
ok 115
ok 116
ok 117 - An object of class 'Gtk3::Gdk::EventOwnerChange' isa 'Gtk3::Gdk::EventOwnerChange'
ok 118
ok 119
ok 120
ok 121
ok 122
ok 123
ok 124 - An object of class 'Gtk3::Gdk::EventGrabBroken' isa 'Gtk3::Gdk::EventGrabBroken'
ok 125
ok 126
ok 127
ok 128
ok 129 - An object of class 'Gtk3::Gdk::EventTouch' isa 'Gtk3::Gdk::EventTouch'
ok 130
ok 131
ok 132
ok 133
ok 134
ok 135
ok 136
ok 137
ok 138
ok 139
ok 140 - An object of class 'Gtk3::Gdk::EventButton' isa 'Gtk3::Gdk::EventButton'
ok 141 - An object of class 'Gtk3::Gdk::EventButton' isa 'Gtk3::Gdk::EventButton'
ok 142
ok 143
ok 144 - An object of class 'Gtk3::Gdk::EventKey' isa 'Gtk3::Gdk::EventKey'
ok 145
ok 146
ok
t/zz-GtkActionGroup.t .......... 
1..28
ok 1 - An object of class 'Gtk3::ActionGroup' isa 'Gtk3::ActionGroup'
ok 2
ok 3
ok 4
ok 5
ok 6
ok 7
ok 8
ok 9
ok 10
ok 11
ok 12
ok 13
ok 14
ok 15 - xlate
ok 16 - xlate
ok 17 - xlate
ok 18 - xlate
ok 19 - xlate
ok 20 - xlate
ok 21 - xlate
ok 22 - xlate
ok 23 - xlate
ok 24 - xlate
ok 25 - xlate
ok 26 - xlate
ok 27 - xlate
ok 28 - xlate
ok
t/zz-GtkBuilder.t .............. 
1..45
ok 1 - An object of class 'Gtk3::Builder' isa 'Gtk3::Builder'
ok 2
ok 3
ok 4
ok 5 - An object of class 'Gtk3::Adjustment' isa 'Gtk3::Adjustment'
ok 6
ok 7
ok 8
ok 9
ok 10
ok 11
ok 12
ok 13
ok 14
ok 15
ok 16
ok 17
ok 18
ok 19 - An object of class 'Gtk3::Adjustment' isa 'Gtk3::Adjustment'
ok 20 - An object of class 'Gtk3::SpinButton' isa 'Gtk3::SpinButton'
ok 21 - An object of class 'Gtk3::Builder' isa 'Gtk3::Builder'
ok 22 - An object of class 'Gtk3::SpinButton' isa 'Gtk3::SpinButton'
ok 23
ok 24
ok 25 - An object of class 'Gtk3::Adjustment' isa 'Gtk3::Adjustment'
ok 26
ok 27
ok 28 - An object of class 'Gtk3::SpinButton' isa 'Gtk3::SpinButton'
ok 29 - An object of class 'Gtk3::Adjustment' isa 'Gtk3::Adjustment'
ok 30 - An object of class 'Gtk3::SpinButton' isa 'Gtk3::SpinButton'
ok 31
ok 32 - An object of class 'Gtk3::SpinButton' isa 'Gtk3::SpinButton'
ok 33 - An object of class 'Gtk3::Adjustment' isa 'Gtk3::Adjustment'
ok 34 - An object of class 'Gtk3::SpinButton' isa 'Gtk3::SpinButton'
ok 35
ok 36
ok 37 - An object of class 'Gtk3::SpinButton' isa 'Gtk3::SpinButton'
ok 38 - An object of class 'Gtk3::Adjustment' isa 'Gtk3::Adjustment'
ok 39
ok 40 - An object of class 'Gtk3::SpinButton' isa 'Gtk3::SpinButton'
ok 41
ok 42 - An object of class 'Gtk3::SpinButton' isa 'Gtk3::SpinButton'
ok 43 - An object of class 'Gtk3::Adjustment' isa 'Gtk3::Adjustment'
ok 44 - An object of class 'Gtk3::SpinButton' isa 'Gtk3::SpinButton'
ok 45
ok
t/zz-GtkCellLayoutIface.t ...... 
1..35
ok 1 - An object of class 'CustomCellLayout' isa 'CustomCellLayout'
ok 2 - An object of class 'Gtk3::CellRendererText' isa 'Gtk3::CellRenderer'
ok 3
ok 4 - An object of class 'CustomCellLayout' isa 'CustomCellLayout'
ok 5 - An object of class 'Gtk3::CellRendererText' isa 'Gtk3::CellRenderer'
ok 6
ok 7 - An object of class 'CustomCellLayout' isa 'CustomCellLayout'
ok 8 - An object of class 'CustomCellLayout' isa 'CustomCellLayout'
ok 9 - An object of class 'Gtk3::CellRendererText' isa 'Gtk3::CellRenderer'
ok 10
ok 11
ok 12 - An object of class 'CustomCellLayout' isa 'CustomCellLayout'
ok 13 - An object of class 'Gtk3::CellRendererText' isa 'Gtk3::CellRenderer'
ok 14 - An object of class 'CustomCellLayout' isa 'CustomCellLayout'
ok 15 - An object of class 'Gtk3::CellRendererText' isa 'Gtk3::CellRenderer'
ok 16 - An object of class 'CustomCellLayout' isa 'CustomCellLayout'
ok 17 - An object of class 'Gtk3::CellRendererText' isa 'Gtk3::CellRenderer'
ok 18
ok 19
ok 20 - An object of class 'CustomCellLayout' isa 'CustomCellLayout'
ok 21 - An object of class 'Gtk3::CellRendererText' isa 'Gtk3::CellRenderer'
ok 22
ok 23 - An object of class 'CustomCellLayout' isa 'CustomCellLayout'
ok 24
ok 25 - An object of class 'Gtk3::CellRendererText' isa 'Gtk3::CellRendererText'
ok 26 - An object of class 'Gtk3::CellRendererToggle' isa 'Gtk3::CellRendererToggle'
ok 27 - An object of class 'CustomCellLayout' isa 'CustomCellLayout'
ok 28 - An object of class 'Gtk3::CellRendererText' isa 'Gtk3::CellRenderer'
ok 29
ok 30
ok 31 - An object of class 'Gtk3::ListStore' isa 'Gtk3::ListStore'
ok 32 - An object of class 'Gtk3::TreeIter' isa 'Gtk3::TreeIter'
ok 33
ok 34 - An object of class 'CustomCellLayout' isa 'CustomCellLayout'
ok 35 - An object of class 'Gtk3::CellRendererText' isa 'Gtk3::CellRenderer'
ok
t/zz-GtkCellRendererIface.t .... 
1..15
ok 1
ok 2
ok 3
ok 4 - An object of class 'Gtk3::Entry' isa 'Gtk3::Entry'
not ok 5 - editable was destroyed # TODO ref-counting not quite right yet
#   Failed (TODO) test 'editable was destroyed'
#   at t/zz-GtkCellRendererIface.t line 36.
ok 6
ok 7
ok 8
ok 9 - An object of class 'Gtk3::Entry' isa 'Gtk3::Entry'
not ok 10 - editable was destroyed # TODO ref-counting not quite right yet
#   Failed (TODO) test 'editable was destroyed'
#   at t/zz-GtkCellRendererIface.t line 36.
ok 11
ok 12
ok 13
ok 14 - An object of class 'Gtk3::Entry' isa 'Gtk3::Entry'
not ok 15 - editable was destroyed # TODO ref-counting not quite right yet
#   Failed (TODO) test 'editable was destroyed'
#   at t/zz-GtkCellRendererIface.t line 36.
ok
t/zz-GtkContainer.t ............ 
1..42
ok 1 - a window wants a widget
ok 2 - added a widget to the window
ok 3
ok 4
ok 5
ok 6
ok 7
ok 8
ok 9
ok 10 - child_type returns undef when the container is full
ok 11 - the window's child is set
ok 12 - a box wants a widget
ok 13 - a box is always hungry
ok 14 - we packed five children
ok 15 - we have not set a focus chain
ok 16 - focus chain took
ok 17
ok 18 - removed one toggle
ok 19 - four children remain
ok 20 - An object of class 'Gtk3::Label' isa 'Gtk3::Widget'
ok 21 - An object of class 'Gtk3::Button' isa 'Gtk3::Widget'
ok 22 - An object of class 'Gtk3::CheckButton' isa 'Gtk3::Widget'
ok 23 - An object of class 'Gtk3::Entry' isa 'Gtk3::Widget'
ok 24 - forall walks all children
ok 25
ok 26
ok 27
ok 28
ok 29
ok 30
ok 31
ok 32 - find_child_property() no such child property
ok 33 - find_child_property() Not::A::Container::Class croaks
ok 34 - 'find_child_property() "expand" is a boolean' isa 'Glib::Param::Boolean'
ok 35 - find_child_property() destroyed when weakened
ok 36 - 'find_child_property() object method "expand" is a boolean' isa 'Glib::Param::Boolean'
ok 37 - list_child_properties() Not::A::Container::Class croaks
ok 38 - list_child_properties() at least "expand" and "pack"
ok 39 - list_child_properties() pspecs destroyed when weakened
ok 40 - list_child_properties() object method at least "expand" and "pack"
ok 41 - An object of class 'Glib::Param::Boolean' isa 'Glib::ParamSpec'
ok 42 - An object of class 'Glib::Param::Boolean' isa 'Glib::ParamSpec'
ok
t/zz-GtkDialog.t ............... 
1..17
ok 1
ok 2
ok 3
ok 4
ok 5
ok 6
ok 7
ok 8
ok 9 - user data are passed to the callback function
ok 10
ok 11 - Gtk3::Dialog response
ok 12 - Gtk3::Dialog run
ok 13 - Gtk3::AboutDialog response
ok 14 - Gtk3::AboutDialog run
ok 15
ok 16
ok 17
ok
t/zz-GtkImage.t ................ 
1..36
ok 1 - Gtk3::Image->new
ok 2
ok 3
ok 4
ok 5 - get_pixbuf empty
ok 6
ok 7
ok 8
ok 9 - get_animation empty
ok 10 - get_storage_type empty
ok 11 - Gtk3::Image->new_from_stock
ok 12 - new_from_stock get_storage_type
ok 13 - new_from_stock get_stock
ok 14 - Gtk3::Image->new_from_icon_set
ok 15 - new_from_icon_set get_icon_set num rets
ok 16 - 'new_from_icon_set get_icon_set icon_set' isa 'Gtk3::IconSet'
ok 17 - new_from_icon_set get_icon_set size
ok 18 - Gtk3::Image->new_from_pixbuf
ok 19 - 'new_from_pixbuf get_pixbuf' isa 'Gtk3::Gdk::Pixbuf'
ok 20 - set_from_stock get_storage_type
ok 21 - set_from_stock get_stock
ok 22 - set_from_icon_set get_icon_set num rets
ok 23 - 'set_from_icon_set get_icon_set icon_set' isa 'Gtk3::IconSet'
ok 24 - set_from_icon_set get_icon_set size
ok 25 - 'set_from_pixbuf get_pixbuf' isa 'Gtk3::Gdk::Pixbuf'
ok 26 # skip unable to find test file, ./gtk-demo/gnome-foot.png
ok 27 # skip unable to find test file, ./gtk-demo/gnome-foot.png
ok 28 # skip unable to find test file, ./gtk-demo/gnome-foot.png
ok 29 # skip unable to find test file, ./gtk-demo/gnome-foot.png
ok 30 # skip unable to find test file, ./gtk-demo/gnome-foot.png
ok 31 # skip unable to find test file, ./gtk-demo/gnome-foot.png
ok 32 # skip unable to find test file, ./gtk-demo/gnome-foot.png
ok 33 - 'new_from_icon_name isa Gtk3::Image' isa 'Gtk3::Image'
ok 34 - deep get_icon_name
ok 35 - get_icon_name from Gtk3::Image set_from_icon_name
ok 36 - Gtk3::Image get_pixel_size
ok
t/zz-GtkInfoBar.t .............. 
1..16
ok 1
ok 2 - 'new' isa 'Gtk3::InfoBar'
ok 3 - 'get_action_area' isa 'Gtk3::Widget'
ok 4 - 'get_content_area' isa 'Gtk3::Widget'
ok 5 - 'add_button' isa 'Gtk3::Widget'
ok 6 - add_button count
ok 7 - add_buttons
ok 8 - add_action_widget
ok 9 - 'new_with_buttons' isa 'Gtk3::InfoBar'
ok 10 - new_with_buttons buttons count
ok 11 - set_response_sensitive
ok 12 - [gs]et_message_type
ok 13 - set_default_response
ok 14 - user data made it through
ok 15 - response '5'
ok 16 - response 'ok'
ok
t/zz-GtkRadioAction.t .......... 
1..14
ok 1 - An object of class 'Gtk3::RadioAction' isa 'Gtk3::RadioAction'
ok 2 - An object of class 'Gtk3::RadioAction' isa 'Gtk3::RadioAction'
ok 3 - An object of class 'Gtk3::RadioAction' isa 'Gtk3::RadioAction'
ok 4 - An object of class 'Gtk3::RadioAction' isa 'Gtk3::RadioAction'
ok 5 - An object of class 'Gtk3::RadioAction' isa 'Gtk3::RadioAction'
ok 6 - An object of class 'Gtk3::RadioAction' isa 'Gtk3::RadioAction'
ok 7
ok 8 - get_group() array destroyed by weakening
ok 9 - get_group() item x destroyed by weakening
ok 10 - get_group() item y destroyed by weakening
ok 11
ok 12
ok 13
ok 14
ok
t/zz-GtkRadioButton.t .......... 
1..11
ok 1 - An object of class 'Gtk3::RadioButton' isa 'Gtk3::RadioButton'
ok 2 - An object of class 'Gtk3::RadioButton' isa 'Gtk3::RadioButton'
ok 3 - An object of class 'Gtk3::RadioButton' isa 'Gtk3::RadioButton'
ok 4 - An object of class 'Gtk3::RadioButton' isa 'Gtk3::RadioButton'
ok 5
ok 6 - An object of class 'Gtk3::RadioButton' isa 'Gtk3::RadioButton'
ok 7 - An object of class 'Gtk3::RadioButton' isa 'Gtk3::RadioButton'
ok 8 - An object of class 'Gtk3::RadioButton' isa 'Gtk3::RadioButton'
ok 9
ok 10
ok 11
ok
t/zz-GtkRadioMenuItem.t ........ 
1..12
ok 1 - An object of class 'Gtk3::RadioMenuItem' isa 'Gtk3::RadioMenuItem'
ok 2 - An object of class 'Gtk3::RadioMenuItem' isa 'Gtk3::RadioMenuItem'
ok 3 - An object of class 'Gtk3::RadioMenuItem' isa 'Gtk3::RadioMenuItem'
ok 4 - An object of class 'Gtk3::RadioMenuItem' isa 'Gtk3::RadioMenuItem'
ok 5
ok 6
ok 7 - An object of class 'Gtk3::RadioMenuItem' isa 'Gtk3::RadioMenuItem'
ok 8 - An object of class 'Gtk3::RadioMenuItem' isa 'Gtk3::RadioMenuItem'
ok 9 - An object of class 'Gtk3::RadioMenuItem' isa 'Gtk3::RadioMenuItem'
ok 10
ok 11
ok 12
ok
t/zz-GtkRadioToolButton.t ...... 
1..12
ok 1 - An object of class 'Gtk3::RadioToolButton' isa 'Gtk3::RadioToolButton'
ok 2 - An object of class 'Gtk3::RadioToolButton' isa 'Gtk3::RadioToolButton'
ok 3 - An object of class 'Gtk3::RadioToolButton' isa 'Gtk3::RadioToolButton'
ok 4 - An object of class 'Gtk3::RadioToolButton' isa 'Gtk3::RadioToolButton'
ok 5 - An object of class 'Gtk3::RadioToolButton' isa 'Gtk3::RadioToolButton'
ok 6 - An object of class 'Gtk3::RadioToolButton' isa 'Gtk3::RadioToolButton'
ok 7 - An object of class 'Gtk3::RadioToolButton' isa 'Gtk3::RadioToolButton'
ok 8
ok 9
ok 10 - get_group() array destroyed by weakening
ok 11 - get_group() item x destroyed by weakening
ok 12 - get_group() item y destroyed by weakening
ok
t/zz-GtkRecentChooserDialog.t .. 
1..12
ok 1 - An object of class 'Gtk3::RecentChooserDialog' isa 'Gtk3::RecentChooser'
ok 2 - An object of class 'Gtk3::RecentChooserDialog' isa 'Gtk3::RecentChooserDialog'
ok 3 - An object of class 'Gtk3::RecentChooserDialog' isa 'Gtk3::RecentChooser'
ok 4 - An object of class 'Gtk3::RecentChooserDialog' isa 'Gtk3::RecentChooserDialog'
ok 5 - An object of class 'Gtk3::RecentChooserDialog' isa 'Gtk3::RecentChooser'
ok 6 - An object of class 'Gtk3::RecentChooserDialog' isa 'Gtk3::RecentChooserDialog'
ok 7 - An object of class 'Gtk3::RecentChooserDialog' isa 'Gtk3::RecentChooser'
ok 8 - An object of class 'Gtk3::RecentChooserDialog' isa 'Gtk3::RecentChooserDialog'
ok 9 - An object of class 'Gtk3::RecentChooserDialog' isa 'Gtk3::RecentChooser'
ok 10 - An object of class 'Gtk3::RecentChooserDialog' isa 'Gtk3::RecentChooserDialog'
ok 11 - An object of class 'Gtk3::RecentChooserDialog' isa 'Gtk3::RecentChooser'
ok 12 - An object of class 'Gtk3::RecentChooserDialog' isa 'Gtk3::RecentChooserDialog'
ok
t/zz-GtkTextBuffer.t ........... 
1..45
ok 1 - An object of class 'Gtk3::TextBuffer' isa 'Gtk3::TextBuffer'
ok 2
ok 3 - An object of class 'Gtk3::TextBuffer' isa 'Gtk3::TextBuffer'
ok 4 - An object of class 'Gtk3::TextIter' isa 'Gtk3::TextIter'
ok 5 - An object of class 'Gtk3::TextIter' isa 'Gtk3::TextIter'
ok 6
ok 7
ok 8
ok 9
ok 10
ok 11
ok 12
ok 13 - An object of class 'Gtk3::TextIter' isa 'Gtk3::TextIter'
ok 14 - An object of class 'Gtk3::TextIter' isa 'Gtk3::TextIter'
ok 15 - An object of class 'Gtk3::TextIter' isa 'Gtk3::TextIter'
ok 16 - An object of class 'Gtk3::TextIter' isa 'Gtk3::TextIter'
ok 17 - An object of class 'Gtk3::TextIter' isa 'Gtk3::TextIter'
ok 18 - An object of class 'Gtk3::TextIter' isa 'Gtk3::TextIter'
ok 19
ok 20
ok 21
ok 22 - An object of class 'Gtk3::TextIter' isa 'Gtk3::TextIter'
ok 23 - An object of class 'Gtk3::TextChildAnchor' isa 'Gtk3::TextChildAnchor'
ok 24 - An object of class 'Gtk3::TextMark' isa 'Gtk3::TextMark'
ok 25
ok 26 - An object of class 'Gtk3::TextIter' isa 'Gtk3::TextIter'
ok 27 - An object of class 'Gtk3::TextMark' isa 'Gtk3::TextMark'
ok 28 - An object of class 'Gtk3::TextMark' isa 'Gtk3::TextMark'
ok 29
ok 30
ok 31 - An object of class 'Gtk3::TextTag' isa 'Gtk3::TextTag'
ok 32
ok 33
ok 34 - An object of class 'Gtk3::TextTag' isa 'Gtk3::TextTag'
ok 35 - An object of class 'Gtk3::TextTag' isa 'Gtk3::TextTag'
ok 36
ok 37 - An object of class 'Gtk3::TargetList' isa 'Gtk3::TargetList'
ok 38 - An object of class 'Gtk3::TargetList' isa 'Gtk3::TargetList'
ok 39 - An object of class 'Gtk3::TargetList' isa 'Gtk3::TargetList'
ok 40 - An object of class 'Gtk3::TargetList' isa 'Gtk3::TargetList'
ok 41
ok 42
ok 43
ok 44
ok 45
ok
t/zz-GtkTreeModelIface.t ....... 
1..171
ok 1 - 'INIT_INSTANCE: list' isa 'CustomList'
ok 2 - 'GET_FLAGS: list' isa 'CustomList'
ok 3
ok 4 - 'GET_N_COLUMNS: list' isa 'CustomList'
ok 5 - get_n_columns reports the number correctly
ok 6 - 'GET_COLUMN_TYPE: list' isa 'CustomList'
ok 7 - GET_COLUMN_TYPE: column correct
ok 8
ok 9 - 'GET_ITER: list' isa 'CustomList'
ok 10 - 'GET_ITER: path' isa 'Gtk3::TreePath'
ok 11 - GET_ITER: depth OK
ok 12 - GET_ITER: first path index OK
ok 13 - GET_ITER: first path index OK
ok 14 - GET_ITER: record defined
ok 15 - GET_ITER: record has the correct index
ok 16 - An object of class 'Gtk3::TreeIter' isa 'Gtk3::TreeIter'
ok 17 - 'GET_PATH: list' isa 'CustomList'
ok 18 - GET_PATH: stamps agree
ok 19 - An object of class 'Gtk3::TreePath' isa 'Gtk3::TreePath'
ok 20
ok 21 - An object of class 'CustomList' isa 'CustomList'
ok 22 - GET_VALUE: stamps agree
ok 23 - GET_VALUE: column correct
ok 24 - GET_VALUE: record defined
ok 25 - GET_VALUE: record within bounds
ok 26
ok 27 - An object of class 'CustomList' isa 'CustomList'
ok 28 - GET_VALUE: stamps agree
ok 29 - GET_VALUE: column correct
ok 30 - GET_VALUE: record defined
ok 31 - GET_VALUE: record within bounds
ok 32
ok 33 - 'ITER_NEXT: list' isa 'CustomList'
ok 34 - ITER_NEXT: stamps agree
ok 35 - ITER_NEXT: record defined
ok 36 - ITER_NEXT: next record defined
ok 37 - ITER_NEXT: next record's pos OK
ok 38 - 'GET_PATH: list' isa 'CustomList'
ok 39 - GET_PATH: stamps agree
ok 40 - An object of class 'Gtk3::TreePath' isa 'Gtk3::TreePath'
ok 41
ok 42 - 'ITER_CHILDREN: list' isa 'CustomList'
ok 43 - An object of class 'Gtk3::TreeIter' isa 'Gtk3::TreeIter'
ok 44 - 'GET_PATH: list' isa 'CustomList'
ok 45 - GET_PATH: stamps agree
ok 46 - An object of class 'Gtk3::TreePath' isa 'Gtk3::TreePath'
ok 47
ok 48 - 'ITER_HAS_CHILD: list' isa 'CustomList'
ok 49 - ITER_HAS_CHILD: stamps agree
ok 50
ok 51 - 'ITER_N_CHILDREN: list' isa 'CustomList'
ok 52
ok 53 - 'ITER_NTH_CHILD: list' isa 'CustomList'
ok 54 - ITER_NTH_CHILD: n bounded correctly
ok 55 - ITER_NTH_CHILD: record defined
ok 56 - ITER_NTH_CHILD: record's pos correct
ok 57 - An object of class 'Gtk3::TreeIter' isa 'Gtk3::TreeIter'
ok 58 - 'GET_PATH: list' isa 'CustomList'
ok 59 - GET_PATH: stamps agree
ok 60 - An object of class 'Gtk3::TreePath' isa 'Gtk3::TreePath'
ok 61
ok 62 - 'ITER_PARENT: list' isa 'CustomList'
ok 63
ok 64 - 'get_iter_from_ordinal: list' isa 'CustomList'
ok 65 - get_iter_from_ordinal: record is valid
ok 66 - 'get_iter_from_ordinal: iter' isa 'Gtk3::TreeIter'
ok 67 - An object of class 'Gtk3::TreeIter' isa 'Gtk3::TreeIter'
ok 68 - 'GET_PATH: list' isa 'CustomList'
ok 69 - GET_PATH: stamps agree
ok 70 - An object of class 'Gtk3::TreePath' isa 'Gtk3::TreePath'
ok 71
ok 72 - 'set: list' isa 'CustomList'
ok 73 - 'set: iter' isa 'Gtk3::TreeIter'
ok 74 - set: col OK
ok 75 - An object of class 'CustomList' isa 'CustomList'
ok 76 - GET_VALUE: stamps agree
ok 77 - GET_VALUE: column correct
ok 78 - GET_VALUE: record defined
ok 79 - GET_VALUE: record within bounds
ok 80
ok 81 - 'REF_NODE: list' isa 'CustomList'
ok 82 - REF_NODE: stamps agree
ok 83 - 'UNREF_NODE: list' isa 'CustomList'
ok 84 - UNREF_NODE: stamps agree
ok 85 # skip rows_reordered is not usable currently
ok 86 # skip rows_reordered is not usable currently
ok 87 # skip rows_reordered is not usable currently
ok 88 # skip rows_reordered is not usable currently
ok 89 # skip rows_reordered is not usable currently
ok 90 # skip rows_reordered is not usable currently
ok 91 # skip rows_reordered is not usable currently
ok 92 # skip rows_reordered is not usable currently
ok 93 - 'SET_SORT_COLUMN_ID: list' isa 'CustomList'
ok 94 - SET_SORT_COLUMN_ID: id OK
ok 95 - SET_SORT_COLUMN_ID: order OK
ok 96 - 'GET_SORT_COLUMN_ID: list' isa 'CustomList'
ok 97
ok 98 - 'SET_SORT_FUNC: list' isa 'CustomList'
ok 99 - SET_SORT_FUNC: id OK
ok 100 - SET_SORT_FUNC: func OK
ok 101 - SET_SORT_FUNC: data OK
ok 102 - 'SET_SORT_FUNC: list' isa 'CustomList'
ok 103 - SET_SORT_FUNC: id OK
ok 104 - SET_SORT_FUNC: func OK
ok 105 - SET_SORT_FUNC: data OK
ok 106 - 'SET_DEFAULT_SORT_FUNC: list' isa 'CustomList'
ok 107 - SET_SORT_FUNC: func OK
ok 108 - SET_DEFAULT_SORT_FUNC: data OK
ok 109 - 'HAS_DEFAULT_SORT_FUNC: list' isa 'CustomList'
ok 110
ok 111 - 'GET_ITER: list' isa 'CustomList'
ok 112 - 'GET_ITER: path' isa 'Gtk3::TreePath'
ok 113 - GET_ITER: depth OK
ok 114 - GET_ITER: first path index OK
ok 115 - GET_ITER: first path index OK
ok 116 - GET_ITER: record defined
ok 117 - GET_ITER: record has the correct index
ok 118 - 'GET_ITER: list' isa 'CustomList'
ok 119 - 'GET_ITER: path' isa 'Gtk3::TreePath'
ok 120 - GET_ITER: depth OK
ok 121 - GET_ITER: first path index OK
ok 122 - GET_ITER: first path index OK
ok 123 - GET_ITER: record defined
ok 124 - GET_ITER: record has the correct index
ok 125 - An object of class 'CustomList' isa 'CustomList'
ok 126 - An object of class 'Gtk3::TreeIter' isa 'Gtk3::TreeIter'
ok 127 - An object of class 'Gtk3::TreeIter' isa 'Gtk3::TreeIter'
ok 128
ok 129
ok 130 - 'GET_ITER: list' isa 'CustomList'
ok 131 - 'GET_ITER: path' isa 'Gtk3::TreePath'
ok 132 - GET_ITER: depth OK
ok 133 - GET_ITER: first path index OK
ok 134 - GET_ITER: first path index OK
ok 135 - GET_ITER: record defined
ok 136 - GET_ITER: record has the correct index
ok 137 - 'GET_ITER: list' isa 'CustomList'
ok 138 - 'GET_ITER: path' isa 'Gtk3::TreePath'
ok 139 - GET_ITER: depth OK
ok 140 - GET_ITER: first path index OK
ok 141 - GET_ITER: first path index OK
ok 142 - GET_ITER: record defined
ok 143 - GET_ITER: record has the correct index
ok 144 - An object of class 'CustomList' isa 'CustomList'
ok 145 - An object of class 'Gtk3::TreeIter' isa 'Gtk3::TreeIter'
ok 146 - An object of class 'Gtk3::TreeIter' isa 'Gtk3::TreeIter'
ok 147
ok 148
ok 149 - 'GET_ITER: list' isa 'CustomList'
ok 150 - 'GET_ITER: path' isa 'Gtk3::TreePath'
ok 151 - GET_ITER: depth OK
ok 152 - GET_ITER: first path index OK
ok 153 - GET_ITER: first path index OK
ok 154 - GET_ITER: record defined
ok 155 - GET_ITER: record has the correct index
ok 156 - 'GET_ITER: list' isa 'CustomList'
ok 157 - 'GET_ITER: path' isa 'Gtk3::TreePath'
ok 158 - GET_ITER: depth OK
ok 159 - GET_ITER: first path index OK
ok 160 - GET_ITER: first path index OK
ok 161 - GET_ITER: record defined
ok 162 - GET_ITER: record has the correct index
ok 163 - An object of class 'CustomList' isa 'CustomList'
ok 164 - An object of class 'Gtk3::TreeIter' isa 'Gtk3::TreeIter'
ok 165 - An object of class 'Gtk3::TreeIter' isa 'Gtk3::TreeIter'
ok 166
ok 167
ok 168 - 'FINALIZE_INSTANCE: list' isa 'CustomList'
ok 169 - $model->get ($iter) does not result in stack corruption
ok 170 - $model->get ($iter, @columns) does not result in stack corruption
ok 171 - $model->get_sort_column_id does not result in stack corruption
ok
All tests successful.
Files=22, Tests=914, 95 wallclock secs ( 1.44 usr  0.49 sys + 69.71 cusr 19.94 csys = 91.58 CPU)
Result: PASS
