autopkgtest: DBG: testbed init
autopkgtest [11:37:19]: starting date and time: 2023-02-20 11:37:19+0800
autopkgtest [11:37:19]: version 5.28
autopkgtest [11:37:19]: host debian; command line: /usr/bin/autopkgtest /home/minami/Documents/openkylin-riscv/src/libgtk3-perl_0.037-ok1.dsc -o /home/minami/Documents/openkylin-riscv/test/libgtk3-perl -d -B -- qemu -u root -p openkylin --qemu-architecture=riscv64 -c 8 --ram-size=8192 -d '--qemu-options=-machine virt -kernel /home/minami/Documents/ukylin/u-boot.bin' /home/minami/Documents/openkylin-riscv/testing.qcow2
autopkgtest: DBG: got reply from testbed: ok
autopkgtest: DBG: testbed open, scratch=None
autopkgtest: DBG: sending command to testbed: open
autopkgtest-virt-qemu: DBG: executing open
autopkgtest-virt-qemu: DBG: find_free_port: trying 10022
autopkgtest-virt-qemu: DBG: find_free_port: 10022 is free
autopkgtest-virt-qemu: DBG: autopkgtest does not know how to boot this machine, hopefully nothing special needs to be done?
autopkgtest-virt-qemu: DBG: qemu architecture: riscv64
autopkgtest-virt-qemu: DBG: qemu command: qemu-system-riscv64
autopkgtest-virt-qemu: DBG: execute-timeout: qemu-img info --output=json /home/minami/Documents/openkylin-riscv/testing.qcow2
autopkgtest-virt-qemu: DBG: Creating temporary overlay image in /tmp/autopkgtest-qemu.q6hlqtm1/overlay.img
autopkgtest-virt-qemu: DBG: execute-timeout: qemu-img create -f qcow2 -F qcow2 -b /home/minami/Documents/openkylin-riscv/testing.qcow2 /tmp/autopkgtest-qemu.q6hlqtm1/overlay.img
autopkgtest-virt-qemu: DBG: Forwarding local port 10022 to VM ssh port 22
autopkgtest-virt-qemu: DBG: Assuming nothing special needs to be done to set up firmware to boot this machine (boot method: none)
autopkgtest-virt-qemu: DBG: full qemu command-line: ['qemu-system-riscv64', '-m', '8192', '-smp', '8', '-nographic', '-device', 'virtio-net-device,netdev=usernet', '-netdev', 'user,id=usernet,hostfwd=tcp:127.0.0.1:10022-:22', '-object', 'rng-random,filename=/dev/urandom,id=rng0', '-device', 'virtio-rng-pci,rng=rng0,id=rng-device0', '-monitor', 'unix:/tmp/autopkgtest-qemu.q6hlqtm1/monitor,server=on,wait=off', '-virtfs', 'local,id=autopkgtest,path=/tmp/autopkgtest-qemu.q6hlqtm1/shared,security_model=none,mount_tag=autopkgtest', '-device', 'virtio-serial', '-chardev', 'socket,path=/tmp/autopkgtest-qemu.q6hlqtm1/hvc0,server=on,wait=off,id=hvc0', '-device', 'virtconsole,chardev=hvc0', '-chardev', 'socket,path=/tmp/autopkgtest-qemu.q6hlqtm1/hvc1,server=on,wait=off,id=hvc1', '-device', 'virtconsole,chardev=hvc1', '-serial', 'unix:/tmp/autopkgtest-qemu.q6hlqtm1/ttyS0,server=on,wait=off', '-drive', 'index=0,file=/tmp/autopkgtest-qemu.q6hlqtm1/overlay.img,format=qcow2,cache=unsafe,if=virtio,discard=unmap', '-machine', 'virt', '-kernel', '/home/minami/Documents/ukylin/u-boot.bin']
autopkgtest-virt-qemu: DBG: expect: b' login: '
autopkgtest-virt-qemu: DBG: expect: found "'login prompt on serial console'"
autopkgtest-virt-qemu: DBG: expect: b'ok'
autopkgtest-virt-qemu: DBG: expect: found "b'ok'"
autopkgtest-virt-qemu: DBG: setup_shell(): there already is a shell on hvc1
qemu-system-riscv64: warning: 9p: degraded performance: a reasonable high msize should be chosen on client/guest side (chosen msize is <= 8192). See https://wiki.qemu.org/Documentation/9psetup#msize for details.
autopkgtest-virt-qemu: DBG: expect: b'4a7b508e-f494-4d9e-a715-a2edea649369[1]'
autopkgtest-virt-qemu: DBG: expect: found "b'4a7b508e-f494-4d9e-a715-a2edea649369[1]'"
autopkgtest-virt-qemu: DBG: expect: b'4a7b508e-f494-4d9e-a715-a2edea649369[2]'
autopkgtest-virt-qemu: DBG: expect: found "b'4a7b508e-f494-4d9e-a715-a2edea649369[2]'"
autopkgtest-virt-qemu: DBG: expect: b'4a7b508e-f494-4d9e-a715-a2edea649369[3]'
autopkgtest-virt-qemu: DBG: expect: found "b'4a7b508e-f494-4d9e-a715-a2edea649369[3]'"
autopkgtest-virt-qemu: DBG: expect: b'/python'
autopkgtest-virt-qemu: DBG: expect: found "b'/python'"
autopkgtest-virt-qemu: DBG: expect: b'# '
autopkgtest-virt-qemu: DBG: expect: found "b'# '"
autopkgtest-virt-qemu: DBG: expect: b'4a7b508e-f494-4d9e-a715-a2edea649369[4]'
autopkgtest-virt-qemu: DBG: expect: found "b'4a7b508e-f494-4d9e-a715-a2edea649369[4]'"
autopkgtest-virt-qemu: DBG: execute-timeout: /tmp/autopkgtest-qemu.q6hlqtm1/runcmd true
autopkgtest-virt-qemu: DBG: can connect to autopkgtest sh in VM
autopkgtest-virt-qemu: DBG: expect: b'4a7b508e-f494-4d9e-a715-a2edea649369[5]'
autopkgtest-virt-qemu: DBG: expect: found "b'4a7b508e-f494-4d9e-a715-a2edea649369[5]'"
autopkgtest-virt-qemu: DBG: determine_normal_user: got user "openkylin"
autopkgtest-virt-qemu: DBG: auxverb = ['/tmp/autopkgtest-qemu.q6hlqtm1/runcmd'], downtmp = None
autopkgtest-virt-qemu: DBG: execute-timeout: /tmp/autopkgtest-qemu.q6hlqtm1/runcmd mktemp --directory --tmpdir autopkgtest.XXXXXX
autopkgtest-virt-qemu: DBG: execute-timeout: /tmp/autopkgtest-qemu.q6hlqtm1/runcmd chmod 1777 /tmp/autopkgtest.N5x67N
autopkgtest: DBG: got reply from testbed: ok /tmp/autopkgtest.N5x67N
autopkgtest: DBG: sending command to testbed: print-execute-command
autopkgtest-virt-qemu: DBG: executing print-execute-command
autopkgtest: DBG: got reply from testbed: ok /tmp/autopkgtest-qemu.q6hlqtm1/runcmd
autopkgtest: DBG: sending command to testbed: capabilities
autopkgtest-virt-qemu: DBG: executing capabilities
autopkgtest: DBG: got reply from testbed: ok isolation-machine reboot revert revert-full-system root-on-testbed suggested-normal-user=openkylin
autopkgtest: DBG: testbed capabilities: ['isolation-machine', 'reboot', 'revert', 'revert-full-system', 'root-on-testbed', 'suggested-normal-user=openkylin', 'has_internet']
autopkgtest: DBG: testbed command ['mkdir', '-p', '/tmp/autopkgtest.N5x67N'], kind short, sout raw, serr pipe, env []
autopkgtest: DBG: testbed command exited with code 0
autopkgtest: DBG: sending command to testbed: copydown /usr/share/autopkgtest/lib/in-testbed/wrapper.sh /tmp/autopkgtest.N5x67N/wrapper.sh
autopkgtest-virt-qemu: DBG: executing copydown /usr/share/autopkgtest/lib/in-testbed/wrapper.sh /tmp/autopkgtest.N5x67N/wrapper.sh
autopkgtest-virt-qemu: DBG: ['cmdls', "(['cat'], ['/tmp/autopkgtest-qemu.q6hlqtm1/runcmd', 'sh', '-ec', 'cat >/tmp/autopkgtest.N5x67N/wrapper.sh; chmod +x -- /tmp/autopkgtest.N5x67N/wrapper.sh'])"]
autopkgtest-virt-qemu: DBG: ['srcstdin', "<_io.BufferedReader name='/usr/share/autopkgtest/lib/in-testbed/wrapper.sh'>", 'deststdout', "<_io.BufferedReader name='/dev/null'>", 'devnull_read', <_io.BufferedReader name='/dev/null'>]
autopkgtest-virt-qemu: DBG:  +< cat
autopkgtest-virt-qemu: DBG:  +> /tmp/autopkgtest-qemu.q6hlqtm1/runcmd sh -ec cat >/tmp/autopkgtest.N5x67N/wrapper.sh; chmod +x -- /tmp/autopkgtest.N5x67N/wrapper.sh
autopkgtest-virt-qemu: DBG:  +>?
autopkgtest-virt-qemu: DBG:  +<?
autopkgtest: DBG: got reply from testbed: ok
autopkgtest: DBG: testbed command ['chmod', '-R', '0755', '--', '/tmp/autopkgtest.N5x67N/wrapper.sh'], kind short, sout raw, serr pipe, env []
autopkgtest: DBG: testbed command exited with code 0
autopkgtest: DBG: testbed command ['dpkg', '--print-architecture'], kind short, sout pipe, serr pipe, env []
autopkgtest: DBG: testbed command exited with code 0
autopkgtest [11:38:07]: testbed dpkg architecture: riscv64
autopkgtest: DBG: testbed command ['sh', '-ec', 'command -v eatmydata'], kind short, sout pipe, serr pipe, env []
autopkgtest: DBG: testbed command exited with code 127
autopkgtest: DBG: testbed command ['sh', '-ec', 'command -v dpkg-query'], kind short, sout pipe, serr pipe, env []
autopkgtest: DBG: testbed command exited with code 0
autopkgtest: DBG: testbed command ['sh', '-ec', "dpkg-query --show -f '${Package}\\t${Version}\\n' > /tmp/autopkgtest.N5x67N/testbed-packages"], kind short, sout raw, serr pipe, env []
autopkgtest: DBG: testbed command exited with code 0
autopkgtest: DBG: sending command to testbed: copyup /tmp/autopkgtest.N5x67N/testbed-packages /home/minami/Documents/openkylin-riscv/test/libgtk3-perl/testbed-packages
autopkgtest-virt-qemu: DBG: executing copyup /tmp/autopkgtest.N5x67N/testbed-packages /home/minami/Documents/openkylin-riscv/test/libgtk3-perl/testbed-packages
autopkgtest-virt-qemu: DBG: ['cmdls', "(['/tmp/autopkgtest-qemu.q6hlqtm1/runcmd', 'sh', '-ec', 'cat </tmp/autopkgtest.N5x67N/testbed-packages'], ['cat'])"]
autopkgtest-virt-qemu: DBG: ['srcstdin', "<_io.BufferedReader name='/dev/null'>", 'deststdout', "<_io.BufferedWriter name='/home/minami/Documents/openkylin-riscv/test/libgtk3-perl/testbed-packages'>", 'devnull_read', <_io.BufferedReader name='/dev/null'>]
autopkgtest-virt-qemu: DBG:  +< /tmp/autopkgtest-qemu.q6hlqtm1/runcmd sh -ec cat </tmp/autopkgtest.N5x67N/testbed-packages
autopkgtest-virt-qemu: DBG:  +> cat
autopkgtest-virt-qemu: DBG:  +>?
autopkgtest-virt-qemu: DBG:  +<?
autopkgtest: DBG: got reply from testbed: ok
autopkgtest: DBG: testbed supports reboot, creating /tmp/autopkgtest-reboot
autopkgtest: DBG: testbed command ['mkdir', '-p', '/tmp/autopkgtest.N5x67N'], kind short, sout raw, serr pipe, env []
autopkgtest: DBG: testbed command exited with code 0
autopkgtest: DBG: sending command to testbed: copydown /usr/share/autopkgtest/lib/in-testbed/reboot.sh /tmp/autopkgtest.N5x67N/autopkgtest-reboot
autopkgtest-virt-qemu: DBG: executing copydown /usr/share/autopkgtest/lib/in-testbed/reboot.sh /tmp/autopkgtest.N5x67N/autopkgtest-reboot
autopkgtest-virt-qemu: DBG: ['cmdls', "(['cat'], ['/tmp/autopkgtest-qemu.q6hlqtm1/runcmd', 'sh', '-ec', 'cat >/tmp/autopkgtest.N5x67N/autopkgtest-reboot; chmod +x -- /tmp/autopkgtest.N5x67N/autopkgtest-reboot'])"]
autopkgtest-virt-qemu: DBG: ['srcstdin', "<_io.BufferedReader name='/usr/share/autopkgtest/lib/in-testbed/reboot.sh'>", 'deststdout', "<_io.BufferedReader name='/dev/null'>", 'devnull_read', <_io.BufferedReader name='/dev/null'>]
autopkgtest-virt-qemu: DBG:  +< cat
autopkgtest-virt-qemu: DBG:  +> /tmp/autopkgtest-qemu.q6hlqtm1/runcmd sh -ec cat >/tmp/autopkgtest.N5x67N/autopkgtest-reboot; chmod +x -- /tmp/autopkgtest.N5x67N/autopkgtest-reboot
autopkgtest-virt-qemu: DBG:  +>?
autopkgtest-virt-qemu: DBG:  +<?
autopkgtest: DBG: got reply from testbed: ok
autopkgtest: DBG: testbed command ['chmod', '-R', '0755', '--', '/tmp/autopkgtest.N5x67N/autopkgtest-reboot'], kind short, sout raw, serr pipe, env []
autopkgtest: DBG: testbed command exited with code 0
autopkgtest: DBG: testbed command ['ln', '-fns', '/tmp/autopkgtest.N5x67N/autopkgtest-reboot', '/tmp/autopkgtest-reboot'], kind short, sout raw, serr pipe, env []
autopkgtest: DBG: testbed command exited with code 0
autopkgtest: DBG: testbed command ['ln', '-fns', '/tmp/autopkgtest.N5x67N/autopkgtest-reboot', '/sbin/autopkgtest-reboot'], kind short, sout raw, serr pipe, env []
autopkgtest: DBG: testbed command exited with code 0
autopkgtest: DBG: testbed command ['mkdir', '-p', '/tmp/autopkgtest.N5x67N'], kind short, sout raw, serr pipe, env []
autopkgtest: DBG: testbed command exited with code 0
autopkgtest: DBG: sending command to testbed: copydown /usr/share/autopkgtest/lib/in-testbed/reboot-prepare.sh /tmp/autopkgtest.N5x67N/autopkgtest-reboot-prepare
autopkgtest-virt-qemu: DBG: executing copydown /usr/share/autopkgtest/lib/in-testbed/reboot-prepare.sh /tmp/autopkgtest.N5x67N/autopkgtest-reboot-prepare
autopkgtest-virt-qemu: DBG: ['cmdls', "(['cat'], ['/tmp/autopkgtest-qemu.q6hlqtm1/runcmd', 'sh', '-ec', 'cat >/tmp/autopkgtest.N5x67N/autopkgtest-reboot-prepare; chmod +x -- /tmp/autopkgtest.N5x67N/autopkgtest-reboot-prepare'])"]
autopkgtest-virt-qemu: DBG: ['srcstdin', "<_io.BufferedReader name='/usr/share/autopkgtest/lib/in-testbed/reboot-prepare.sh'>", 'deststdout', "<_io.BufferedReader name='/dev/null'>", 'devnull_read', <_io.BufferedReader name='/dev/null'>]
autopkgtest-virt-qemu: DBG:  +< cat
autopkgtest-virt-qemu: DBG:  +> /tmp/autopkgtest-qemu.q6hlqtm1/runcmd sh -ec cat >/tmp/autopkgtest.N5x67N/autopkgtest-reboot-prepare; chmod +x -- /tmp/autopkgtest.N5x67N/autopkgtest-reboot-prepare
autopkgtest-virt-qemu: DBG:  +>?
autopkgtest-virt-qemu: DBG:  +<?
autopkgtest: DBG: got reply from testbed: ok
autopkgtest: DBG: testbed command ['chmod', '-R', '0755', '--', '/tmp/autopkgtest.N5x67N/autopkgtest-reboot-prepare'], kind short, sout raw, serr pipe, env []
autopkgtest: DBG: testbed command exited with code 0
autopkgtest: DBG: testbed command ['ln', '-fns', '/tmp/autopkgtest.N5x67N/autopkgtest-reboot-prepare', '/tmp/autopkgtest-reboot-prepare'], kind short, sout raw, serr pipe, env []
autopkgtest: DBG: testbed command exited with code 0
autopkgtest: DBG: testbed command ['uname', '-srv'], kind short, sout pipe, serr pipe, env []
autopkgtest: DBG: testbed command exited with code 0
autopkgtest [11:38:15]: testbed running kernel: Linux 5.11.0-1030-generic #34 SMP Fri Mar 11 15:27:17 CST 2022
autopkgtest: DBG: testbed command ['sh', '-c', 'nproc; cat /proc/cpuinfo 2>/dev/null || true'], kind short, sout pipe, serr pipe, env []
autopkgtest: DBG: testbed command exited with code 0
autopkgtest: DBG: Binaries: initialising
autopkgtest [11:38:15]: @@@@@@@@@@@@@@@@@@@@ source /home/minami/Documents/openkylin-riscv/src/libgtk3-perl_0.037-ok1.dsc
autopkgtest: DBG: blame += /home/minami/Documents/openkylin-riscv/src/libgtk3-perl_0.037-ok1.dsc
autopkgtest: DBG: testbed reset: modified=False, deps_installed=[], deps_new=[]
autopkgtest: DBG: testbed command ['mkdir', '-p', '/tmp/autopkgtest.N5x67N'], kind short, sout raw, serr pipe, env []
autopkgtest: DBG: testbed command exited with code 0
autopkgtest: DBG: sending command to testbed: copydown /home/minami/Documents/openkylin-riscv/src/libgtk3-perl_0.037-ok1.dsc /tmp/autopkgtest.N5x67N/libgtk3-perl_0.037-ok1.dsc
autopkgtest-virt-qemu: DBG: executing copydown /home/minami/Documents/openkylin-riscv/src/libgtk3-perl_0.037-ok1.dsc /tmp/autopkgtest.N5x67N/libgtk3-perl_0.037-ok1.dsc
autopkgtest-virt-qemu: DBG: ['cmdls', "(['cat'], ['/tmp/autopkgtest-qemu.q6hlqtm1/runcmd', 'sh', '-ec', 'cat >/tmp/autopkgtest.N5x67N/libgtk3-perl_0.037-ok1.dsc'])"]
autopkgtest-virt-qemu: DBG: ['srcstdin', "<_io.BufferedReader name='/home/minami/Documents/openkylin-riscv/src/libgtk3-perl_0.037-ok1.dsc'>", 'deststdout', "<_io.BufferedReader name='/dev/null'>", 'devnull_read', <_io.BufferedReader name='/dev/null'>]
autopkgtest-virt-qemu: DBG:  +< cat
autopkgtest-virt-qemu: DBG:  +> /tmp/autopkgtest-qemu.q6hlqtm1/runcmd sh -ec cat >/tmp/autopkgtest.N5x67N/libgtk3-perl_0.037-ok1.dsc
autopkgtest-virt-qemu: DBG:  +>?
autopkgtest-virt-qemu: DBG:  +<?
autopkgtest: DBG: got reply from testbed: ok
autopkgtest: DBG: testbed command ['chown', '-R', 'openkylin', '--', '/tmp/autopkgtest.N5x67N/libgtk3-perl_0.037-ok1.dsc'], kind short, sout raw, serr pipe, env []
autopkgtest: DBG: testbed command exited with code 0
autopkgtest: DBG: testbed command ['mkdir', '-p', '/tmp/autopkgtest.N5x67N'], kind short, sout raw, serr pipe, env []
autopkgtest: DBG: testbed command exited with code 0
autopkgtest: DBG: sending command to testbed: copydown /home/minami/Documents/openkylin-riscv/src/libgtk3-perl_0.037.orig.tar.gz /tmp/autopkgtest.N5x67N/libgtk3-perl_0.037.orig.tar.gz
autopkgtest-virt-qemu: DBG: executing copydown /home/minami/Documents/openkylin-riscv/src/libgtk3-perl_0.037.orig.tar.gz /tmp/autopkgtest.N5x67N/libgtk3-perl_0.037.orig.tar.gz
autopkgtest-virt-qemu: DBG: ['cmdls', "(['cat'], ['/tmp/autopkgtest-qemu.q6hlqtm1/runcmd', 'sh', '-ec', 'cat >/tmp/autopkgtest.N5x67N/libgtk3-perl_0.037.orig.tar.gz'])"]
autopkgtest-virt-qemu: DBG: ['srcstdin', "<_io.BufferedReader name='/home/minami/Documents/openkylin-riscv/src/libgtk3-perl_0.037.orig.tar.gz'>", 'deststdout', "<_io.BufferedReader name='/dev/null'>", 'devnull_read', <_io.BufferedReader name='/dev/null'>]
autopkgtest-virt-qemu: DBG:  +< cat
autopkgtest-virt-qemu: DBG:  +> /tmp/autopkgtest-qemu.q6hlqtm1/runcmd sh -ec cat >/tmp/autopkgtest.N5x67N/libgtk3-perl_0.037.orig.tar.gz
autopkgtest-virt-qemu: DBG:  +>?
autopkgtest-virt-qemu: DBG:  +<?
autopkgtest: DBG: got reply from testbed: ok
autopkgtest: DBG: testbed command ['chown', '-R', 'openkylin', '--', '/tmp/autopkgtest.N5x67N/libgtk3-perl_0.037.orig.tar.gz'], kind short, sout raw, serr pipe, env []
autopkgtest: DBG: testbed command exited with code 0
autopkgtest: DBG: testbed command ['mkdir', '-p', '/tmp/autopkgtest.N5x67N'], kind short, sout raw, serr pipe, env []
autopkgtest: DBG: testbed command exited with code 0
autopkgtest: DBG: sending command to testbed: copydown /home/minami/Documents/openkylin-riscv/src/libgtk3-perl_0.037-ok1.debian.tar.xz /tmp/autopkgtest.N5x67N/libgtk3-perl_0.037-ok1.debian.tar.xz
autopkgtest-virt-qemu: DBG: executing copydown /home/minami/Documents/openkylin-riscv/src/libgtk3-perl_0.037-ok1.debian.tar.xz /tmp/autopkgtest.N5x67N/libgtk3-perl_0.037-ok1.debian.tar.xz
autopkgtest-virt-qemu: DBG: ['cmdls', "(['cat'], ['/tmp/autopkgtest-qemu.q6hlqtm1/runcmd', 'sh', '-ec', 'cat >/tmp/autopkgtest.N5x67N/libgtk3-perl_0.037-ok1.debian.tar.xz'])"]
autopkgtest-virt-qemu: DBG: ['srcstdin', "<_io.BufferedReader name='/home/minami/Documents/openkylin-riscv/src/libgtk3-perl_0.037-ok1.debian.tar.xz'>", 'deststdout', "<_io.BufferedReader name='/dev/null'>", 'devnull_read', <_io.BufferedReader name='/dev/null'>]
autopkgtest-virt-qemu: DBG:  +< cat
autopkgtest-virt-qemu: DBG:  +> /tmp/autopkgtest-qemu.q6hlqtm1/runcmd sh -ec cat >/tmp/autopkgtest.N5x67N/libgtk3-perl_0.037-ok1.debian.tar.xz
autopkgtest-virt-qemu: DBG:  +>?
autopkgtest-virt-qemu: DBG:  +<?
autopkgtest: DBG: got reply from testbed: ok
autopkgtest: DBG: testbed command ['chown', '-R', 'openkylin', '--', '/tmp/autopkgtest.N5x67N/libgtk3-perl_0.037-ok1.debian.tar.xz'], kind short, sout raw, serr pipe, env []
autopkgtest: DBG: testbed command exited with code 0
autopkgtest: DBG: install_deps: deps_new=[]
autopkgtest: DBG: testbed command ['sh', '-ec', 'command -v dpkg-source'], kind short, sout pipe, serr pipe, env []
autopkgtest: DBG: testbed command exited with code 0
autopkgtest: DBG: testbed command ['sh', '-ec', 'su --shell=/bin/sh openkylin -c \'set -e; exec 3>&1 >&2; set -x; cd /; builddir=$(mktemp -d /tmp/autopkgtest.N5x67N/build.XXX); cd $builddir; dpkg-source -x "/tmp/autopkgtest.N5x67N/libgtk3-perl_0.037-ok1.dsc" src; chmod -R a+rX .; cd [a-z0-9]*/.; pwd >&3; sed -n "1 {s/).*//; s/ (/\\n/; p}" debian/changelog >&3\''], kind build, sout pipe, serr raw, env []
+ cd /
+ mktemp -d /tmp/autopkgtest.N5x67N/build.XXX
+ builddir=/tmp/autopkgtest.N5x67N/build.ivL
+ cd /tmp/autopkgtest.N5x67N/build.ivL
+ dpkg-source -x /tmp/autopkgtest.N5x67N/libgtk3-perl_0.037-ok1.dsc src
gpgv: unknown type of key resource 'trustedkeys.kbx'
gpgv: keyblock resource '/tmp/dpkg-verify-sig.2_oCRp7S/trustedkeys.kbx': General error
gpgv: Signature made Tue 12 Jul 2022 06:33:03 AM UTC
gpgv:                using RSA key 64FBB79F5EAE64D792E94CFE0716F00F842CD274
gpgv: Can't check signature: No public key
dpkg-source: warning: cannot verify signature /tmp/autopkgtest.N5x67N/libgtk3-perl_0.037-ok1.dsc
dpkg-source: info: extracting libgtk3-perl in src
dpkg-source: info: unpacking libgtk3-perl_0.037.orig.tar.gz
dpkg-source: info: unpacking libgtk3-perl_0.037-ok1.debian.tar.xz
+ chmod -R a+rX .
+ cd src/.
+ pwd
+ sed -n 1 {s/).*//; s/ (/\n/; p} debian/changelog
autopkgtest: DBG: testbed command exited with code 0
autopkgtest [11:38:25]: testing package libgtk3-perl version 0.037-ok1
autopkgtest: DBG: sending command to testbed: copyup /tmp/autopkgtest.N5x67N/build.ivL/src/debian/ /home/minami/Documents/openkylin-riscv/test/libgtk3-perl/pkg/debian/
autopkgtest-virt-qemu: DBG: executing copyup /tmp/autopkgtest.N5x67N/build.ivL/src/debian/ /home/minami/Documents/openkylin-riscv/test/libgtk3-perl/pkg/debian/
autopkgtest-virt-qemu: DBG: ['cmdls', "(['/tmp/autopkgtest-qemu.q6hlqtm1/runcmd', 'sh', '-ec', 'cd /tmp/autopkgtest.N5x67N/build.ivL/src/debian/; tar --warning=none -c . -f -'], ['tar', '--directory', '/home/minami/Documents/openkylin-riscv/test/libgtk3-perl/pkg/debian/', '--warning=none', '--preserve-permissions', '--extract', '--no-same-owner', '-f', '-'])"]
autopkgtest-virt-qemu: DBG: ['srcstdin', "<_io.BufferedReader name='/dev/null'>", 'deststdout', "<_io.BufferedReader name='/dev/null'>", 'devnull_read', <_io.BufferedReader name='/dev/null'>]
autopkgtest-virt-qemu: DBG:  +< /tmp/autopkgtest-qemu.q6hlqtm1/runcmd sh -ec cd /tmp/autopkgtest.N5x67N/build.ivL/src/debian/; tar --warning=none -c . -f -
autopkgtest-virt-qemu: DBG:  +> tar --directory /home/minami/Documents/openkylin-riscv/test/libgtk3-perl/pkg/debian/ --warning=none --preserve-permissions --extract --no-same-owner -f -
autopkgtest-virt-qemu: DBG:  +>?
autopkgtest-virt-qemu: DBG:  +<?
autopkgtest: DBG: got reply from testbed: ok
autopkgtest: DBG: autodep8 generated control: -----
Test-Command: /usr/share/pkg-perl-autopkgtest/runner build-deps
Depends: @, @builddeps@, pkg-perl-autopkgtest, 
Restrictions: skippable, 
Features: test-name=autodep8-perl-build-deps


Test-Command: /usr/share/pkg-perl-autopkgtest/runner runtime-deps
Depends: @, pkg-perl-autopkgtest, 
Restrictions: skippable, superficial, 
Features: test-name=autodep8-perl


Test-Command: /usr/share/pkg-perl-autopkgtest/runner runtime-deps-and-recommends
Depends: @, pkg-perl-autopkgtest, 
Restrictions: needs-recommends, skippable, superficial, 
Features: test-name=autodep8-perl-recommends


-------
autopkgtest: DBG: processing dependency @
autopkgtest: DBG: synthesised dependency libgtk3-perl
autopkgtest: DBG: processing dependency @builddeps@
autopkgtest: DBG: synthesised dependency debhelper-compat (= 12)
autopkgtest: DBG: synthesised dependency gir1.2-gdkpixbuf-2.0 (>= 2.38.0+dfsg-0)
autopkgtest: DBG: synthesised dependency gir1.2-gtk-3.0
autopkgtest: DBG: synthesised dependency gir1.2-pango-1.0
autopkgtest: DBG: synthesised dependency libcairo-gobject-perl
autopkgtest: DBG: synthesised dependency libextutils-depends-perl
autopkgtest: DBG: synthesised dependency libextutils-pkgconfig-perl
autopkgtest: DBG: synthesised dependency libglib-object-introspection-perl (>= 0.043)
autopkgtest: DBG: synthesised dependency libglib-perl
autopkgtest: DBG: synthesised dependency perl
autopkgtest: DBG: synthesised dependency xauth
autopkgtest: DBG: synthesised dependency xvfb
autopkgtest: DBG: synthesised dependency build-essential
autopkgtest: DBG: processing dependency pkg-perl-autopkgtest
autopkgtest: DBG: Test defined: name autodep8-perl-build-deps path None command "/usr/share/pkg-perl-autopkgtest/runner build-deps" restrictions ['skippable'] features ['test-name=autodep8-perl-build-deps'] depends ['libgtk3-perl', 'debhelper-compat (= 12)', 'gir1.2-gdkpixbuf-2.0 (>= 2.38.0+dfsg-0)', 'gir1.2-gtk-3.0', 'gir1.2-pango-1.0', 'libcairo-gobject-perl', 'libextutils-depends-perl', 'libextutils-pkgconfig-perl', 'libglib-object-introspection-perl (>= 0.043)', 'libglib-perl', 'perl', 'xauth', 'xvfb', 'build-essential', 'pkg-perl-autopkgtest'] 
autopkgtest: DBG: processing dependency @
autopkgtest: DBG: synthesised dependency libgtk3-perl
autopkgtest: DBG: processing dependency pkg-perl-autopkgtest
autopkgtest: DBG: Test defined: name autodep8-perl path None command "/usr/share/pkg-perl-autopkgtest/runner runtime-deps" restrictions ['skippable', 'superficial'] features ['test-name=autodep8-perl'] depends ['libgtk3-perl', 'pkg-perl-autopkgtest'] 
autopkgtest: DBG: processing dependency @
autopkgtest: DBG: synthesised dependency libgtk3-perl
autopkgtest: DBG: processing dependency pkg-perl-autopkgtest
autopkgtest: DBG: processing dependency @recommends@
autopkgtest: DBG: Test defined: name autodep8-perl-recommends path None command "/usr/share/pkg-perl-autopkgtest/runner runtime-deps-and-recommends" restrictions ['needs-recommends', 'skippable', 'superficial'] features ['test-name=autodep8-perl-recommends'] depends ['libgtk3-perl', 'pkg-perl-autopkgtest'] 
autopkgtest [11:38:26]: build not needed
autopkgtest: DBG: sending command to testbed: copyup /tmp/autopkgtest.N5x67N/build.ivL/src/ /home/minami/Documents/openkylin-riscv/test/libgtk3-perl/tests-tree/
autopkgtest-virt-qemu: DBG: executing copyup /tmp/autopkgtest.N5x67N/build.ivL/src/ /home/minami/Documents/openkylin-riscv/test/libgtk3-perl/tests-tree/
autopkgtest-virt-qemu: DBG: ['cmdls', "(['/tmp/autopkgtest-qemu.q6hlqtm1/runcmd', 'sh', '-ec', 'cd /tmp/autopkgtest.N5x67N/build.ivL/src/; tar --warning=none -c . -f -'], ['tar', '--directory', '/home/minami/Documents/openkylin-riscv/test/libgtk3-perl/tests-tree/', '--warning=none', '--preserve-permissions', '--extract', '--no-same-owner', '-f', '-'])"]
autopkgtest-virt-qemu: DBG: ['srcstdin', "<_io.BufferedReader name='/dev/null'>", 'deststdout', "<_io.BufferedReader name='/dev/null'>", 'devnull_read', <_io.BufferedReader name='/dev/null'>]
autopkgtest-virt-qemu: DBG:  +< /tmp/autopkgtest-qemu.q6hlqtm1/runcmd sh -ec cd /tmp/autopkgtest.N5x67N/build.ivL/src/; tar --warning=none -c . -f -
autopkgtest-virt-qemu: DBG:  +> tar --directory /home/minami/Documents/openkylin-riscv/test/libgtk3-perl/tests-tree/ --warning=none --preserve-permissions --extract --no-same-owner -f -
autopkgtest-virt-qemu: DBG:  +>?
autopkgtest-virt-qemu: DBG:  +<?
autopkgtest: DBG: got reply from testbed: ok
autopkgtest: DBG: autodep8 generated control: -----
Test-Command: /usr/share/pkg-perl-autopkgtest/runner build-deps
Depends: @, @builddeps@, pkg-perl-autopkgtest, 
Restrictions: skippable, 
Features: test-name=autodep8-perl-build-deps


Test-Command: /usr/share/pkg-perl-autopkgtest/runner runtime-deps
Depends: @, pkg-perl-autopkgtest, 
Restrictions: skippable, superficial, 
Features: test-name=autodep8-perl


Test-Command: /usr/share/pkg-perl-autopkgtest/runner runtime-deps-and-recommends
Depends: @, pkg-perl-autopkgtest, 
Restrictions: needs-recommends, skippable, superficial, 
Features: test-name=autodep8-perl-recommends


-------
autopkgtest: DBG: processing dependency @
autopkgtest: DBG: synthesised dependency libgtk3-perl
autopkgtest: DBG: processing dependency @builddeps@
autopkgtest: DBG: synthesised dependency debhelper-compat (= 12)
autopkgtest: DBG: synthesised dependency gir1.2-gdkpixbuf-2.0 (>= 2.38.0+dfsg-0)
autopkgtest: DBG: synthesised dependency gir1.2-gtk-3.0
autopkgtest: DBG: synthesised dependency gir1.2-pango-1.0
autopkgtest: DBG: synthesised dependency libcairo-gobject-perl
autopkgtest: DBG: synthesised dependency libextutils-depends-perl
autopkgtest: DBG: synthesised dependency libextutils-pkgconfig-perl
autopkgtest: DBG: synthesised dependency libglib-object-introspection-perl (>= 0.043)
autopkgtest: DBG: synthesised dependency libglib-perl
autopkgtest: DBG: synthesised dependency perl
autopkgtest: DBG: synthesised dependency xauth
autopkgtest: DBG: synthesised dependency xvfb
autopkgtest: DBG: synthesised dependency build-essential
autopkgtest: DBG: processing dependency pkg-perl-autopkgtest
autopkgtest: DBG: Test defined: name autodep8-perl-build-deps path None command "/usr/share/pkg-perl-autopkgtest/runner build-deps" restrictions ['skippable'] features ['test-name=autodep8-perl-build-deps'] depends ['libgtk3-perl', 'debhelper-compat (= 12)', 'gir1.2-gdkpixbuf-2.0 (>= 2.38.0+dfsg-0)', 'gir1.2-gtk-3.0', 'gir1.2-pango-1.0', 'libcairo-gobject-perl', 'libextutils-depends-perl', 'libextutils-pkgconfig-perl', 'libglib-object-introspection-perl (>= 0.043)', 'libglib-perl', 'perl', 'xauth', 'xvfb', 'build-essential', 'pkg-perl-autopkgtest'] 
autopkgtest: DBG: processing dependency @
autopkgtest: DBG: synthesised dependency libgtk3-perl
autopkgtest: DBG: processing dependency pkg-perl-autopkgtest
autopkgtest: DBG: Test defined: name autodep8-perl path None command "/usr/share/pkg-perl-autopkgtest/runner runtime-deps" restrictions ['skippable', 'superficial'] features ['test-name=autodep8-perl'] depends ['libgtk3-perl', 'pkg-perl-autopkgtest'] 
autopkgtest: DBG: processing dependency @
autopkgtest: DBG: synthesised dependency libgtk3-perl
autopkgtest: DBG: processing dependency pkg-perl-autopkgtest
autopkgtest: DBG: processing dependency @recommends@
autopkgtest: DBG: Test defined: name autodep8-perl-recommends path None command "/usr/share/pkg-perl-autopkgtest/runner runtime-deps-and-recommends" restrictions ['needs-recommends', 'skippable', 'superficial'] features ['test-name=autodep8-perl-recommends'] depends ['libgtk3-perl', 'pkg-perl-autopkgtest'] 
autopkgtest [11:38:26]: test autodep8-perl-build-deps: preparing testbed
autopkgtest: DBG: testbed reset: modified=False, deps_installed=[], deps_new=['libgtk3-perl', 'debhelper-compat (= 12)', 'gir1.2-gdkpixbuf-2.0 (>= 2.38.0+dfsg-0)', 'gir1.2-gtk-3.0', 'gir1.2-pango-1.0', 'libcairo-gobject-perl', 'libextutils-depends-perl', 'libextutils-pkgconfig-perl', 'libglib-object-introspection-perl (>= 0.043)', 'libglib-perl', 'perl', 'xauth', 'xvfb', 'build-essential', 'pkg-perl-autopkgtest']
autopkgtest: DBG: Binaries: no registered binaries, not publishing anything
autopkgtest: DBG: install_deps: deps_new=['libgtk3-perl', 'debhelper-compat (= 12)', 'gir1.2-gdkpixbuf-2.0 (>= 2.38.0+dfsg-0)', 'gir1.2-gtk-3.0', 'gir1.2-pango-1.0', 'libcairo-gobject-perl', 'libextutils-depends-perl', 'libextutils-pkgconfig-perl', 'libglib-object-introspection-perl (>= 0.043)', 'libglib-perl', 'perl', 'xauth', 'xvfb', 'build-essential', 'pkg-perl-autopkgtest']
autopkgtest: DBG: install-deps: satisfying libgtk3-perl, debhelper-compat (= 12), gir1.2-gdkpixbuf-2.0 (>= 2.38.0+dfsg-0), gir1.2-gtk-3.0, gir1.2-pango-1.0, libcairo-gobject-perl, libextutils-depends-perl, libextutils-pkgconfig-perl, libglib-object-introspection-perl (>= 0.043), libglib-perl, perl, xauth, xvfb, build-essential, pkg-perl-autopkgtest
autopkgtest: DBG: install-deps: architecture resolved: libgtk3-perl, debhelper-compat (= 12), gir1.2-gdkpixbuf-2.0 (>= 2.38.0+dfsg-0), gir1.2-gtk-3.0, gir1.2-pango-1.0, libcairo-gobject-perl, libextutils-depends-perl, libextutils-pkgconfig-perl, libglib-object-introspection-perl (>= 0.043), libglib-perl, perl, xauth, xvfb, build-essential, pkg-perl-autopkgtest
autopkgtest: DBG: testbed command ['test', '-w', '/var/lib/dpkg/status'], kind short, sout raw, serr raw, env []
autopkgtest: DBG: testbed command exited with code 0
autopkgtest: DBG: can use apt-get on testbed: True
autopkgtest: DBG: testbed command ['mkdir', '-p', '/tmp/autopkgtest.N5x67N'], kind short, sout raw, serr pipe, env []
autopkgtest: DBG: testbed command exited with code 0
autopkgtest: DBG: sending command to testbed: copydown /home/minami/Documents/openkylin-riscv/test/libgtk3-perl/1-autopkgtest-satdep.deb /tmp/autopkgtest.N5x67N/1-autopkgtest-satdep.deb
autopkgtest-virt-qemu: DBG: executing copydown /home/minami/Documents/openkylin-riscv/test/libgtk3-perl/1-autopkgtest-satdep.deb /tmp/autopkgtest.N5x67N/1-autopkgtest-satdep.deb
autopkgtest-virt-qemu: DBG: ['cmdls', "(['cat'], ['/tmp/autopkgtest-qemu.q6hlqtm1/runcmd', 'sh', '-ec', 'cat >/tmp/autopkgtest.N5x67N/1-autopkgtest-satdep.deb'])"]
autopkgtest-virt-qemu: DBG: ['srcstdin', "<_io.BufferedReader name='/home/minami/Documents/openkylin-riscv/test/libgtk3-perl/1-autopkgtest-satdep.deb'>", 'deststdout', "<_io.BufferedReader name='/dev/null'>", 'devnull_read', <_io.BufferedReader name='/dev/null'>]
autopkgtest-virt-qemu: DBG:  +< cat
autopkgtest-virt-qemu: DBG:  +> /tmp/autopkgtest-qemu.q6hlqtm1/runcmd sh -ec cat >/tmp/autopkgtest.N5x67N/1-autopkgtest-satdep.deb
autopkgtest-virt-qemu: DBG:  +>?
autopkgtest-virt-qemu: DBG:  +<?
autopkgtest: DBG: got reply from testbed: ok
autopkgtest: DBG: testbed command ['chown', '-R', 'openkylin', '--', '/tmp/autopkgtest.N5x67N/1-autopkgtest-satdep.deb'], kind short, sout raw, serr pipe, env []
autopkgtest: DBG: testbed command exited with code 0
autopkgtest: DBG: testbed command ['dpkg', '--unpack', '/tmp/autopkgtest.N5x67N/1-autopkgtest-satdep.deb'], kind short, sout pipe, serr pipe, env []
autopkgtest: DBG: testbed command exited with code 0
autopkgtest: DBG: testbed command ['/bin/sh', '-ec', ' apt-get install --assume-yes --fix-broken -o APT::Status-Fd=3 -o APT::Install-Recommends=false -o Dpkg::Options::=--force-confnew -o Debug::pkgProblemResolver=true 3>&2 2>&1'], kind install, sout raw, serr pipe, env ['DEBIAN_FRONTEND=noninteractive', 'APT_LISTBUGS_FRONTEND=none', 'APT_LISTCHANGES_FRONTEND=none']
Reading package lists...
Building dependency tree...
Reading state information...
Correcting dependencies...Starting pkgProblemResolver with broken count: 0
Starting 2 pkgProblemResolver with broken count: 0
Done
 Done
Starting pkgProblemResolver with broken count: 0
Starting 2 pkgProblemResolver with broken count: 0
Done
The following packages were automatically installed and are no longer required:
  libdjvulibre-text libdjvulibre21 libegl-dev libgl-dev libglu1-mesa-dev
  libglx-dev libmpdec2 libvulkan-dev libx11-dev libxau-dev libxcb1-dev
  libxdmcp-dev libxext-dev qt5-qmake qt5-qmake-bin x11proto-core-dev
  x11proto-dev xorg-sgml-doctools xtrans-dev
Use 'apt autoremove' to remove them.
The following additional packages will be installed:
  autoconf autodep8 automake autopoint autotools-dev build-essential
  dctrl-tools debhelper debugedit dh-autoreconf dh-strip-nondeterminism dwz
  g++ g++-9 gcc gcc-9 intltool-debian libarchive-zip-perl
  libcairo-gobject-perl libcairo-perl libcc1-0 libdebhelper-perl
  libextutils-depends-perl libextutils-pkgconfig-perl
  libfile-stripnondeterminism-perl libglib-object-introspection-perl
  libglib-perl libgtk3-perl libsigsegv2 libsub-override-perl libtool m4
  pkg-perl-autopkgtest po-debconf
Suggested packages:
  autoconf-archive gnu-standards autoconf-doc debtags dh-make gcc-9-doc bison
  flex gcc-doc gcc-multilib gdb manpages-dev gcc-9-locales
  libfont-freetype-perl libxml-libxml-perl libtool-doc gfortran
  | fortran95-compiler gcj-jdk m4-doc libmail-box-perl
Recommended packages:
  libarchive-cpio-perl libltdl-dev libmail-sendmail-perl
The following NEW packages will be installed:
  autoconf autodep8 automake autopoint autotools-dev build-essential
  dctrl-tools debhelper debugedit dh-autoreconf dh-strip-nondeterminism dwz
  g++ g++-9 gcc gcc-9 intltool-debian libarchive-zip-perl
  libcairo-gobject-perl libcairo-perl libcc1-0 libdebhelper-perl
  libextutils-depends-perl libextutils-pkgconfig-perl
  libfile-stripnondeterminism-perl libglib-object-introspection-perl
  libglib-perl libgtk3-perl libsigsegv2 libsub-override-perl libtool m4
  pkg-perl-autopkgtest po-debconf
0 upgraded, 34 newly installed, 0 to remove and 18 not upgraded.
1 not fully installed or removed.
Need to get 19.0 MB of archives.
After this operation, 47.1 MB of additional disk space will be used.
Get:1 http://archive.build.openkylin.top/openkylin yangtze/main riscv64 libgtk3-perl all 0.037-ok1 [28.5 kB]
Get:2 http://ppa.build.openkylin.top/kylinsoft/anything/openkylin yangtze/main riscv64 libextutils-depends-perl all 0.8000-ok1 [14.2 kB]
Get:3 http://archive.build.openkylin.top/openkylin yangtze/main riscv64 autotools-dev all 20220506-ok1 [41.6 kB]
Get:4 http://ppa.build.openkylin.top/kylinsoft/anything/openkylin yangtze/main riscv64 libextutils-pkgconfig-perl all 1.16-ok1 [7,954 B]
Get:5 http://ppa.build.openkylin.top/kylinsoft/anything/openkylin yangtze/main riscv64 libcairo-perl riscv64 1.107-ok1 [90.0 kB]
Get:6 http://archive.build.openkylin.top/openkylin yangtze/main riscv64 debugedit riscv64 1:5.0-ok1 [71.2 kB]
Get:7 http://archive.build.openkylin.top/openkylin yangtze/main riscv64 libsigsegv2 riscv64 2.12-ok1 [11.5 kB]
Get:8 http://archive.build.openkylin.top/openkylin yangtze/main riscv64 m4 riscv64 1.4.18-ok2 [191 kB]
Get:9 http://ppa.build.openkylin.top/kylinsoft/anything/openkylin yangtze/main riscv64 libglib-perl riscv64 3:1.329.2-ok1 [330 kB]
Get:10 http://archive.build.openkylin.top/openkylin yangtze/main riscv64 autoconf all 2.71-ok2 [390 kB]
Get:11 http://ppa.build.openkylin.top/kylinsoft/anything/openkylin yangtze/main riscv64 libcairo-gobject-perl riscv64 1.005-ok1 [10.2 kB]
Get:12 http://ppa.build.openkylin.top/kylinsoft/anything/openkylin yangtze/main riscv64 libglib-object-introspection-perl riscv64 0.048-ok1 [61.8 kB]
Get:13 http://ppa.build.openkylin.top/kylinsoft/anything/openkylin yangtze/main riscv64 autodep8 all 0.22-ok1 [10.1 kB]
Get:14 http://archive.build.openkylin.top/openkylin yangtze/main riscv64 automake all 1:1.16.5-ok1 [557 kB]
Get:15 http://ppa.build.openkylin.top/kylinsoft/anything/openkylin yangtze/main riscv64 pkg-perl-autopkgtest all 0.59-ok1 [8,208 B]
Get:16 http://archive.build.openkylin.top/openkylin yangtze/main riscv64 autopoint all 0.19.8.1-ok1 [410 kB]
Get:17 http://archive.build.openkylin.top/openkylin yangtze/main riscv64 libdebhelper-perl all 13.6-ok1 [61.4 kB]
Get:18 http://archive.build.openkylin.top/openkylin yangtze/main riscv64 libcc1-0 riscv64 10-20200411-ok5 [42.3 kB]
Get:19 http://archive.build.openkylin.top/openkylin yangtze/main riscv64 gcc-9 riscv64 9.3.0-ok4 [7,417 kB]
Get:20 http://archive.build.openkylin.top/openkylin yangtze/main riscv64 gcc riscv64 4:9.3.0-ok7 [5,160 B]
Get:21 http://archive.build.openkylin.top/openkylin yangtze/main riscv64 libtool all 2.4.6-ok1 [159 kB]
Get:22 http://archive.build.openkylin.top/openkylin yangtze/main riscv64 dh-autoreconf all 20-ok1 [16.3 kB]
Get:23 http://archive.build.openkylin.top/openkylin yangtze/main riscv64 libarchive-zip-perl all 1.68-ok1 [90.7 kB]
Get:24 http://archive.build.openkylin.top/openkylin yangtze/main riscv64 libsub-override-perl all 0.09-ok2 [8,374 B]
Get:25 http://archive.build.openkylin.top/openkylin yangtze/main riscv64 libfile-stripnondeterminism-perl all 1.13.0-ok1 [16.8 kB]
Get:26 http://archive.build.openkylin.top/openkylin yangtze/main riscv64 dh-strip-nondeterminism all 1.13.0-ok1 [5,334 B]
Get:27 http://archive.build.openkylin.top/openkylin yangtze/main riscv64 dwz riscv64 0.14-ok1 [123 kB]
Get:28 http://archive.build.openkylin.top/openkylin yangtze/main riscv64 intltool-debian all 0.35.0+20060710.5-ok2 [23.2 kB]
Get:29 http://archive.build.openkylin.top/openkylin yangtze/main riscv64 po-debconf all 1.0.21+nmu1-ok1 [227 kB]
Get:30 http://archive.build.openkylin.top/openkylin yangtze/main riscv64 debhelper all 13.6-ok1 [931 kB]
Get:31 http://archive.build.openkylin.top/openkylin yangtze/main riscv64 g++-9 riscv64 9.3.0-ok4 [7,571 kB]
Get:32 http://archive.build.openkylin.top/openkylin yangtze/main riscv64 g++ riscv64 4:9.3.0-ok7 [1,470 B]
Get:33 http://archive.build.openkylin.top/openkylin yangtze/main riscv64 build-essential riscv64 12.8-ok1 [4,000 B]
Get:34 http://archive.build.openkylin.top/openkylin yangtze/main riscv64 dctrl-tools riscv64 2.24-ok1 [55.6 kB]
Fetched 19.0 MB in 3s (6,223 kB/s)
Selecting previously unselected package libextutils-depends-perl.
(Reading database ... (Reading database ... 5%(Reading database ... 10%(Reading database ... 15%(Reading database ... 20%(Reading database ... 25%(Reading database ... 30%(Reading database ... 35%(Reading database ... 40%(Reading database ... 45%(Reading database ... 50%(Reading database ... 55%(Reading database ... 60%(Reading database ... 65%(Reading database ... 70%(Reading database ... 75%(Reading database ... 80%(Reading database ... 85%(Reading database ... 90%(Reading database ... 95%(Reading database ... 100%(Reading database ... 161111 files and directories currently installed.)
Preparing to unpack .../00-libextutils-depends-perl_0.8000-ok1_all.deb ...
Unpacking libextutils-depends-perl (0.8000-ok1) ...
Selecting previously unselected package libextutils-pkgconfig-perl.
Preparing to unpack .../01-libextutils-pkgconfig-perl_1.16-ok1_all.deb ...
Unpacking libextutils-pkgconfig-perl (1.16-ok1) ...
Selecting previously unselected package libcairo-perl.
Preparing to unpack .../02-libcairo-perl_1.107-ok1_riscv64.deb ...
Unpacking libcairo-perl (1.107-ok1) ...
Selecting previously unselected package libglib-perl:riscv64.
Preparing to unpack .../03-libglib-perl_3%3a1.329.2-ok1_riscv64.deb ...
Unpacking libglib-perl:riscv64 (3:1.329.2-ok1) ...
Selecting previously unselected package libcairo-gobject-perl.
Preparing to unpack .../04-libcairo-gobject-perl_1.005-ok1_riscv64.deb ...
Unpacking libcairo-gobject-perl (1.005-ok1) ...
Selecting previously unselected package libglib-object-introspection-perl.
Preparing to unpack .../05-libglib-object-introspection-perl_0.048-ok1_riscv64.deb ...
Unpacking libglib-object-introspection-perl (0.048-ok1) ...
Selecting previously unselected package libgtk3-perl.
Preparing to unpack .../06-libgtk3-perl_0.037-ok1_all.deb ...
Unpacking libgtk3-perl (0.037-ok1) ...
Selecting previously unselected package autotools-dev.
Preparing to unpack .../07-autotools-dev_20220506-ok1_all.deb ...
Unpacking autotools-dev (20220506-ok1) ...
Selecting previously unselected package debugedit.
Preparing to unpack .../08-debugedit_1%3a5.0-ok1_riscv64.deb ...
Unpacking debugedit (1:5.0-ok1) ...
Selecting previously unselected package libsigsegv2:riscv64.
Preparing to unpack .../09-libsigsegv2_2.12-ok1_riscv64.deb ...
Unpacking libsigsegv2:riscv64 (2.12-ok1) ...
Selecting previously unselected package m4.
Preparing to unpack .../10-m4_1.4.18-ok2_riscv64.deb ...
Unpacking m4 (1.4.18-ok2) ...
Selecting previously unselected package autoconf.
Preparing to unpack .../11-autoconf_2.71-ok2_all.deb ...
Unpacking autoconf (2.71-ok2) ...
Selecting previously unselected package automake.
Preparing to unpack .../12-automake_1%3a1.16.5-ok1_all.deb ...
Unpacking automake (1:1.16.5-ok1) ...
Selecting previously unselected package autopoint.
Preparing to unpack .../13-autopoint_0.19.8.1-ok1_all.deb ...
Unpacking autopoint (0.19.8.1-ok1) ...
Selecting previously unselected package libdebhelper-perl.
Preparing to unpack .../14-libdebhelper-perl_13.6-ok1_all.deb ...
Unpacking libdebhelper-perl (13.6-ok1) ...
Selecting previously unselected package libcc1-0:riscv64.
Preparing to unpack .../15-libcc1-0_10-20200411-ok5_riscv64.deb ...
Unpacking libcc1-0:riscv64 (10-20200411-ok5) ...
Selecting previously unselected package gcc-9.
Preparing to unpack .../16-gcc-9_9.3.0-ok4_riscv64.deb ...
Unpacking gcc-9 (9.3.0-ok4) ...
Selecting previously unselected package gcc.
Preparing to unpack .../17-gcc_4%3a9.3.0-ok7_riscv64.deb ...
Unpacking gcc (4:9.3.0-ok7) ...
Selecting previously unselected package libtool.
Preparing to unpack .../18-libtool_2.4.6-ok1_all.deb ...
Unpacking libtool (2.4.6-ok1) ...
Selecting previously unselected package dh-autoreconf.
Preparing to unpack .../19-dh-autoreconf_20-ok1_all.deb ...
Unpacking dh-autoreconf (20-ok1) ...
Selecting previously unselected package libarchive-zip-perl.
Preparing to unpack .../20-libarchive-zip-perl_1.68-ok1_all.deb ...
Unpacking libarchive-zip-perl (1.68-ok1) ...
Selecting previously unselected package libsub-override-perl.
Preparing to unpack .../21-libsub-override-perl_0.09-ok2_all.deb ...
Unpacking libsub-override-perl (0.09-ok2) ...
Selecting previously unselected package libfile-stripnondeterminism-perl.
Preparing to unpack .../22-libfile-stripnondeterminism-perl_1.13.0-ok1_all.deb ...
Unpacking libfile-stripnondeterminism-perl (1.13.0-ok1) ...
Selecting previously unselected package dh-strip-nondeterminism.
Preparing to unpack .../23-dh-strip-nondeterminism_1.13.0-ok1_all.deb ...
Unpacking dh-strip-nondeterminism (1.13.0-ok1) ...
Selecting previously unselected package dwz.
Preparing to unpack .../24-dwz_0.14-ok1_riscv64.deb ...
Unpacking dwz (0.14-ok1) ...
Selecting previously unselected package intltool-debian.
Preparing to unpack .../25-intltool-debian_0.35.0+20060710.5-ok2_all.deb ...
Unpacking intltool-debian (0.35.0+20060710.5-ok2) ...
Selecting previously unselected package po-debconf.
Preparing to unpack .../26-po-debconf_1.0.21+nmu1-ok1_all.deb ...
Unpacking po-debconf (1.0.21+nmu1-ok1) ...
Selecting previously unselected package debhelper.
Preparing to unpack .../27-debhelper_13.6-ok1_all.deb ...
Unpacking debhelper (13.6-ok1) ...
Selecting previously unselected package g++-9.
Preparing to unpack .../28-g++-9_9.3.0-ok4_riscv64.deb ...
Unpacking g++-9 (9.3.0-ok4) ...
Selecting previously unselected package g++.
Preparing to unpack .../29-g++_4%3a9.3.0-ok7_riscv64.deb ...
Unpacking g++ (4:9.3.0-ok7) ...
Selecting previously unselected package build-essential.
Preparing to unpack .../30-build-essential_12.8-ok1_riscv64.deb ...
Unpacking build-essential (12.8-ok1) ...
Selecting previously unselected package dctrl-tools.
Preparing to unpack .../31-dctrl-tools_2.24-ok1_riscv64.deb ...
Unpacking dctrl-tools (2.24-ok1) ...
Selecting previously unselected package autodep8.
Preparing to unpack .../32-autodep8_0.22-ok1_all.deb ...
Unpacking autodep8 (0.22-ok1) ...
Selecting previously unselected package pkg-perl-autopkgtest.
Preparing to unpack .../33-pkg-perl-autopkgtest_0.59-ok1_all.deb ...
Unpacking pkg-perl-autopkgtest (0.59-ok1) ...
Setting up libextutils-pkgconfig-perl (1.16-ok1) ...
Setting up libarchive-zip-perl (1.68-ok1) ...
Setting up libdebhelper-perl (13.6-ok1) ...
Setting up libextutils-depends-perl (0.8000-ok1) ...
Setting up intltool-debian (0.35.0+20060710.5-ok2) ...
Setting up autotools-dev (20220506-ok1) ...
Setting up libsigsegv2:riscv64 (2.12-ok1) ...
Setting up autopoint (0.19.8.1-ok1) ...
Setting up dwz (0.14-ok1) ...
Setting up debugedit (1:5.0-ok1) ...
Setting up libsub-override-perl (0.09-ok2) ...
Setting up libcairo-perl (1.107-ok1) ...
Setting up libcc1-0:riscv64 (10-20200411-ok5) ...
Setting up dctrl-tools (2.24-ok1) ...
Setting up autodep8 (0.22-ok1) ...
Setting up libfile-stripnondeterminism-perl (1.13.0-ok1) ...
Setting up gcc-9 (9.3.0-ok4) ...
Setting up libglib-perl:riscv64 (3:1.329.2-ok1) ...
Setting up libtool (2.4.6-ok1) ...
Setting up po-debconf (1.0.21+nmu1-ok1) ...
Setting up m4 (1.4.18-ok2) ...
Setting up gcc (4:9.3.0-ok7) ...
Setting up g++-9 (9.3.0-ok4) ...
Setting up pkg-perl-autopkgtest (0.59-ok1) ...
Setting up autoconf (2.71-ok2) ...
Setting up dh-strip-nondeterminism (1.13.0-ok1) ...
Setting up g++ (4:9.3.0-ok7) ...
update-alternatives: using /usr/bin/g++ to provide /usr/bin/c++ (c++) in auto mode
Setting up build-essential (12.8-ok1) ...
Setting up libcairo-gobject-perl (1.005-ok1) ...
Setting up automake (1:1.16.5-ok1) ...
update-alternatives: using /usr/bin/automake-1.16 to provide /usr/bin/automake (automake) in auto mode
Setting up libglib-object-introspection-perl (0.048-ok1) ...
Setting up dh-autoreconf (20-ok1) ...
Setting up libgtk3-perl (0.037-ok1) ...
Setting up debhelper (13.6-ok1) ...
Setting up autopkgtest-satdep (0) ...
Processing triggers for man-db (2.9.1-ok3) ...
Processing triggers for install-info (6.7.0.dfsg.2-ok1) ...
Processing triggers for libc-bin (2.36-ok2) ...
autopkgtest: DBG: testbed command exited with code 0
autopkgtest: DBG: testbed command ['dpkg-query', '--show', '-f', '${Status}', 'libgtk3-perl'], kind short, sout pipe, serr pipe, env []
autopkgtest: DBG: testbed command exited with code 0
autopkgtest: DBG: testbed command ['dpkg', '--status', 'autopkgtest-satdep'], kind short, sout pipe, serr pipe, env []
autopkgtest: DBG: testbed command exited with code 0
autopkgtest: DBG: testbed command ['apt-get', '--simulate', '--quiet', '-o', 'APT::Get::Show-User-Simulation-Note=False', '--auto-remove', 'purge', 'autopkgtest-satdep'], kind short, sout pipe, serr pipe, env []
autopkgtest: DBG: testbed command exited with code 0
autopkgtest: DBG: Marking test dependencies as manually installed: pkg-perl-autopkgtest autodep8 dctrl-tools dh-autoreconf debhelper dh-strip-nondeterminism debugedit dwz po-debconf intltool-debian libfile-stripnondeterminism-perl libarchive-zip-perl libdebhelper-perl libdjvulibre21 libdjvulibre-text libegl-dev libglu1-mesa-dev libgl-dev libglx-dev libmpdec2 libsub-override-perl libvulkan-dev libxext-dev libx11-dev libxcb1-dev libxau-dev libxdmcp-dev qt5-qmake qt5-qmake-bin x11proto-core-dev x11proto-dev xorg-sgml-doctools xtrans-dev
autopkgtest: DBG: testbed command ['apt-mark', 'manual', '-qq', 'pkg-perl-autopkgtest', 'autodep8', 'dctrl-tools', 'dh-autoreconf', 'debhelper', 'dh-strip-nondeterminism', 'debugedit', 'dwz', 'po-debconf', 'intltool-debian', 'libfile-stripnondeterminism-perl', 'libarchive-zip-perl', 'libdebhelper-perl', 'libdjvulibre21', 'libdjvulibre-text', 'libegl-dev', 'libglu1-mesa-dev', 'libgl-dev', 'libglx-dev', 'libmpdec2'], kind short, sout raw, serr pipe, env []
autopkgtest: DBG: testbed command exited with code 0
autopkgtest: DBG: testbed command ['apt-mark', 'manual', '-qq', 'libsub-override-perl', 'libvulkan-dev', 'libxext-dev', 'libx11-dev', 'libxcb1-dev', 'libxau-dev', 'libxdmcp-dev', 'qt5-qmake', 'qt5-qmake-bin', 'x11proto-core-dev', 'x11proto-dev', 'xorg-sgml-doctools', 'xtrans-dev'], kind short, sout raw, serr pipe, env []
autopkgtest: DBG: testbed command exited with code 0
autopkgtest: DBG: testbed command ['dpkg', '--purge', 'autopkgtest-satdep'], kind short, sout raw, serr raw, env []
(Reading database ... 162456 files and directories currently installed.)
Removing autopkgtest-satdep (0) ...
autopkgtest: DBG: testbed command exited with code 0
autopkgtest: DBG: testbed command ['sh', '-ec', 'command -v dpkg-query'], kind short, sout pipe, serr pipe, env []
autopkgtest: DBG: testbed command exited with code 0
autopkgtest: DBG: testbed command ['sh', '-ec', "dpkg-query --show -f '${Package}\\t${Version}\\n' > /tmp/autopkgtest.N5x67N/autodep8-perl-build-deps-packages.all"], kind short, sout raw, serr pipe, env []
autopkgtest: DBG: testbed command exited with code 0
autopkgtest: DBG: sending command to testbed: copyup /tmp/autopkgtest.N5x67N/autodep8-perl-build-deps-packages.all /home/minami/Documents/openkylin-riscv/test/libgtk3-perl/autodep8-perl-build-deps-packages.all
autopkgtest-virt-qemu: DBG: executing copyup /tmp/autopkgtest.N5x67N/autodep8-perl-build-deps-packages.all /home/minami/Documents/openkylin-riscv/test/libgtk3-perl/autodep8-perl-build-deps-packages.all
autopkgtest-virt-qemu: DBG: ['cmdls', "(['/tmp/autopkgtest-qemu.q6hlqtm1/runcmd', 'sh', '-ec', 'cat </tmp/autopkgtest.N5x67N/autodep8-perl-build-deps-packages.all'], ['cat'])"]
autopkgtest-virt-qemu: DBG: ['srcstdin', "<_io.BufferedReader name='/dev/null'>", 'deststdout', "<_io.BufferedWriter name='/home/minami/Documents/openkylin-riscv/test/libgtk3-perl/autodep8-perl-build-deps-packages.all'>", 'devnull_read', <_io.BufferedReader name='/dev/null'>]
autopkgtest-virt-qemu: DBG:  +< /tmp/autopkgtest-qemu.q6hlqtm1/runcmd sh -ec cat </tmp/autopkgtest.N5x67N/autodep8-perl-build-deps-packages.all
autopkgtest-virt-qemu: DBG:  +> cat
autopkgtest-virt-qemu: DBG:  +>?
autopkgtest-virt-qemu: DBG:  +<?
autopkgtest: DBG: got reply from testbed: ok
autopkgtest: DBG: testbed command ['test', '-e', '/tmp/autopkgtest.N5x67N/build.ivL/src'], kind short, sout raw, serr raw, env []
autopkgtest: DBG: testbed command exited with code 0
autopkgtest: DBG: copydown: tb path /tmp/autopkgtest.N5x67N/build.ivL/src already exists
autopkgtest [11:40:02]: test autodep8-perl-build-deps: /usr/share/pkg-perl-autopkgtest/runner build-deps
autopkgtest [11:40:02]: test autodep8-perl-build-deps: [-----------------------
autopkgtest: DBG: testbed command ['su', '-s', '/bin/bash', 'openkylin', '-c', 'set -e; export USER=`id -nu`; . /etc/profile >/dev/null 2>&1 || true;  . ~/.profile >/dev/null 2>&1 || true; buildtree="/tmp/autopkgtest.N5x67N/build.ivL/src"; mkdir -p -m 1777 -- "/tmp/autopkgtest.N5x67N/autodep8-perl-build-deps-artifacts"; export AUTOPKGTEST_ARTIFACTS="/tmp/autopkgtest.N5x67N/autodep8-perl-build-deps-artifacts"; export ADT_ARTIFACTS="$AUTOPKGTEST_ARTIFACTS"; mkdir -p -m 755 "/tmp/autopkgtest.N5x67N/autopkgtest_tmp"; export AUTOPKGTEST_TMP="/tmp/autopkgtest.N5x67N/autopkgtest_tmp"; export ADTTMP="$AUTOPKGTEST_TMP"; export DEBIAN_FRONTEND=noninteractive; export LANG=C.UTF-8; export DEB_BUILD_OPTIONS=parallel=8; unset LANGUAGE LC_CTYPE LC_NUMERIC LC_TIME LC_COLLATE   LC_MONETARY LC_MESSAGES LC_PAPER LC_NAME LC_ADDRESS   LC_TELEPHONE LC_MEASUREMENT LC_IDENTIFICATION LC_ALL;cd "$buildtree"; exec /tmp/autopkgtest.N5x67N/wrapper.sh --script-pid-file=/tmp/autopkgtest_script_pid --stderr=/tmp/autopkgtest.N5x67N/autodep8-perl-build-deps-stderr --stdout=/tmp/autopkgtest.N5x67N/autodep8-perl-build-deps-stdout -- bash -ec \'/usr/share/pkg-perl-autopkgtest/runner build-deps\' ;'], kind test, sout raw, serr raw, env []
t/00-init.t .................... 
1..16
ok 1
ok 2
ok 3
# Testing Gtk3 0.037
#    Running against gtk+ 3.24.18
#   Compiled against gtk+ 3.24.18
ok 4 - version info is three items long
ok 5 - check_version fail 1
ok 6 - check_version pass
ok 7 - check_version fail 2
ok 8 - major_version
ok 9 - minor_version
ok 10 - micro_version
ok 11 - version info is three items long
ok 12 - CHECK_VERSION pass
ok 13 - CHECK_VERSION fail
ok 14 - MAJOR_VERSION
ok 15 - MINOR_VERSION
ok 16 - MICRO_VERSION
ok
t/floating-refs.t .............. 
1..2
ok 1
ok 2 # skip Window ref counting test
ok
t/overrides.t .................. 
1..233
# Gtk3::CHECK_VERSION and check_version
ok 1
ok 2
ok 3
ok 4
ok 5
ok 6
ok 7
ok 8
# Gtk3::Window::new and list_toplevels.
# This is at the top to avoid testing against a polluted list of toplevels.
ok 9
ok 10
# Gtk3::show_about_dialog
ok 11
# Gtk3::[HV]Box
ok 12
ok 13
ok 14
ok 15
# Gtk3::Button::new
ok 16
ok 17
# Gtk3::CellLayout::get_cells
ok 18
ok 19
# Gtk3::CheckButton::new
ok 20
ok 21
# Gtk3::Clipboard::set_text
ok 22
ok 23
# Gtk3::ColorButton::new
ok 24
ok 25
# Gtk3::CssProvider
ok 26
ok 27
# Gtk3::Editable::insert_text
ok 28
ok 29
ok 30
# Gtk3::Editable::insert_text and length issues
ok 31
ok 32
# GtkEditable.insert-text signal
ok 33
ok 34
ok 35
ok 36
ok 37
# Gtk3::FileChooserDialog
ok 38
ok 39
ok 40
# Gtk3::FontButton::new
ok 41
# Gtk3::LinkButton::new
ok 42
ok 43
# Gtk3::ListStore::new, set and get, insert_with_values
ok 44
ok 45
ok 46
ok 47
ok 48
ok 49
ok 50
ok 51
ok 52
ok 53
# Gtk3::Menu::popup and popup_for_device
ok 54 - An object of class 'Gtk3::Menu' isa 'Gtk3::Menu'
ok 55 - An object of class 'Gtk3::Menu' isa 'Gtk3::Menu'
# Gtk2::MenuItem::new, Gtk2::CheckMenuItem::new, Gtk2::ImageMenuItem::new
ok 56 - An object of class 'Gtk3::MenuItem' isa 'Gtk3::MenuItem'
ok 57
ok 58 - An object of class 'Gtk3::MenuItem' isa 'Gtk3::MenuItem'
ok 59
ok 60 - An object of class 'Gtk3::MenuItem' isa 'Gtk3::MenuItem'
ok 61
ok 62 - An object of class 'Gtk3::CheckMenuItem' isa 'Gtk3::CheckMenuItem'
ok 63
ok 64 - An object of class 'Gtk3::CheckMenuItem' isa 'Gtk3::CheckMenuItem'
ok 65
ok 66 - An object of class 'Gtk3::CheckMenuItem' isa 'Gtk3::CheckMenuItem'
ok 67
ok 68 - An object of class 'Gtk3::ImageMenuItem' isa 'Gtk3::ImageMenuItem'
ok 69
ok 70 - An object of class 'Gtk3::ImageMenuItem' isa 'Gtk3::ImageMenuItem'
ok 71
ok 72 - An object of class 'Gtk3::ImageMenuItem' isa 'Gtk3::ImageMenuItem'
ok 73
# Gtk3::SizeGroup
ok 74
ok 75
# Gtk3::Stock
ok 76
ok 77
# Gtk3::Stock::add and add_static do not work yet
# Gtk3::StyleContext::get
ok 78 - two items returned
# Gtk3::TargetEntry
ok 79 - convert_sv_to_flags
ok 80 - Gtk3::TargetFlags->new
ok 81 - override
# Gtk3::ToggleButton::new
ok 82
ok 83
# Gtk3::TreeStore::new, set and get, insert_with_values
ok 84
ok 85
ok 86
ok 87
ok 88
ok 89
ok 90
ok 91
ok 92
ok 93
# Gtk3::TreePath::new, new_from_string, new_from_indices, get_indices
ok 94 - An object of class 'Gtk3::TreePath' isa 'Gtk3::TreePath'
ok 95
ok 96
ok 97
# Gtk3::TreeModel::get_iter, get_iter_first, get_iter_from_string
ok 98
ok 99
ok 100
ok 101 - An object of class 'Gtk3::TreeIter' isa 'Gtk3::TreeIter'
ok 102 - An object of class 'Gtk3::TreeIter' isa 'Gtk3::TreeIter'
ok 103 - An object of class 'Gtk3::TreeIter' isa 'Gtk3::TreeIter'
# Gtk3::TreeModel::iter_children, iter_nth_child, iter_parent
ok 104
ok 105
ok 106
ok 107 - An object of class 'Gtk3::TreeIter' isa 'Gtk3::TreeIter'
ok 108 - An object of class 'Gtk3::TreeIter' isa 'Gtk3::TreeIter'
ok 109 - An object of class 'Gtk3::TreeIter' isa 'Gtk3::TreeIter'
# Gtk3::TreeModelFilter
ok 110 - An object of class 'Gtk3::TreeModelFilter' isa 'Gtk3::TreeModelFilter'
ok 111 - An object of class 'Gtk3::TreeIter' isa 'Gtk3::TreeIter'
ok 112
# Gtk3::TreeModelSort
ok 113 - An object of class 'Gtk3::TreeModelSort' isa 'Gtk3::TreeModelSort'
ok 114 - An object of class 'Gtk3::TreeIter' isa 'Gtk3::TreeIter'
ok 115
# Gtk3::TreeSelection::get_selected
ok 116
ok 117 - An object of class 'Gtk3::TreeIter' isa 'Gtk3::TreeIter'
ok 118 - An object of class 'Gtk3::TreeIter' isa 'Gtk3::TreeIter'
# Gtk3::TreeView::insert_column_with_attributes, get_dest_row_at_pos,
# get_path_at_pos, get_tooltip_context, get_visible_range
ok 119
ok 120
ok 121
ok 122
ok 123
# Gtk3::TreeViewColumn::new_with_attributes, set_attributes
# cell_get_position
ok 124
ok 125
# Gtk3::UIManager
ok 126
ok 127
ok 128
ok 129 - An object of class 'Gtk3::MenuBar' isa 'Gtk3::MenuBar'
ok 130 - An object of class 'Gtk3::MenuBar' isa 'Gtk3::MenuBar'
# Gtk3::Widget
ok 131 - An object of class 'Gtk3::Gdk::Pixbuf' isa 'Gtk3::Gdk::Pixbuf'
ok 132
ok 133
ok 134 - An object of class 'Glib::Param::Float' isa 'Glib::ParamSpec'
ok 135
ok 136 - An object of class 'Glib::Param::Float' isa 'Glib::ParamSpec'
ok 137 - find_style_property() no such name, on object
ok 138 - find_style_property() no such name, on class
ok 139 - An object of class 'Glib::Param::Boolean' isa 'Glib::ParamSpec'
ok 140 - An object of class 'Glib::Param::Boolean' isa 'Glib::ParamSpec'
ok 141 - $widget->set_events|get_events
ok 142 - $widget->add_events|get_events
ok 143 - $widget->set_events|get_events with numeric 0
ok 144 - $widget->set_events|get_events with numeric 0
ok 145 - $widget->add_events|get_events with numeric 24
ok 146 - $widget->add_events|get_events with numeric 24
# Gtk3::Gdk::Atom
ok 147
ok 148
# Gtk3::Gdk::RGBA
ok 149 - An object of class 'Gtk3::Gdk::RGBA' isa 'Gtk3::Gdk::RGBA'
ok 150
ok 151 - An object of class 'Gtk3::Gdk::RGBA' isa 'Gtk3::Gdk::RGBA'
ok 152
ok 153 - An object of class 'Gtk3::Gdk::RGBA' isa 'Gtk3::Gdk::RGBA'
ok 154
ok 155 - An object of class 'Gtk3::Gdk::RGBA' isa 'Gtk3::Gdk::RGBA'
ok 156
ok 157
ok 158
# Gtk3::Gdk::Window::new
ok 159 - An object of class 'Glib::Object::_Unregistered::GdkX11Window' isa 'Gtk3::Gdk::Window'
ok 160 - An object of class 'Glib::Object::_Unregistered::GdkX11Window' isa 'Gtk3::Gdk::Window'
ok 161 - An object of class 'Glib::Object::_Unregistered::GdkX11Window' isa 'Gtk3::Gdk::Window'
# Gtk3::Gdk::Pixbuf::get_formats
ok 162 - An object of class 'Gtk3::Gdk::PixbufFormat' isa 'Gtk3::Gdk::PixbufFormat'
# Gtk3::Gdk::Pixbuf::new_from_data
ok 163 - An object of class 'Gtk3::Gdk::Pixbuf' isa 'Gtk3::Gdk::Pixbuf'
ok 164
ok 165
ok 166
ok 167
ok 168
ok 169
ok 170
ok 171 - An object of class 'Gtk3::Gdk::Pixbuf' isa 'Gtk3::Gdk::Pixbuf'
ok 172
ok 173
ok 174
ok 175
ok 176
ok 177
ok 178
# Gtk3::Gdk::Pixbuf::new_from_xpm_data
ok 179 - An object of class 'Gtk3::Gdk::Pixbuf' isa 'Gtk3::Gdk::Pixbuf'
ok 180
ok 181
ok 182
ok 183
ok 184
ok 185
ok 186
ok 187 - An object of class 'Gtk3::Gdk::Pixbuf' isa 'Gtk3::Gdk::Pixbuf'
ok 188
ok 189
ok 190
ok 191
ok 192
ok 193
ok 194
# Gtk3::Gdk::Pixbuf::new_from_inline
ok 195 - An object of class 'Gtk3::Gdk::Pixbuf' isa 'Gtk3::Gdk::Pixbuf'
ok 196
ok 197
ok 198
ok 199
ok 200
ok 201
ok 202
ok 203 - An object of class 'Gtk3::Gdk::Pixbuf' isa 'Gtk3::Gdk::Pixbuf'
ok 204
ok 205
ok 206
ok 207
ok 208
ok 209
ok 210
# Gtk3::Gdk::Pixbuf::save, save_to_buffer, save_to_callback
ok 211
ok 212 - 'new_from_file' isa 'Gtk3::Gdk::Pixbuf'
ok 213
ok 214
ok 215
ok 216
ok 217
ok 218 - save_to_buffer
ok 219
ok 220
ok 221
ok 222
ok 223
ok 224
ok 225
ok 226
ok 227
ok 228 - An object of class 'Gtk3::Gdk::PixbufError' isa 'Glib::Error'
ok 229
# Pango::Layout
ok 230
ok 231
ok 232
ok 233
ok
t/signals.t .................... 
1..3
ok 1
ok 2
ok 3
ok
t/vfuncs-destroy.t ............. 
1..2
ok 1
ok 2
ok
t/vfuncs-double-setup.t ........ 
1..1
ok 1
ok
t/zz-GdkEvent.t ................ 
1..146
ok 1 - 'Gtk3::Gdk::Event->new any' isa 'Gtk3::Gdk::Event'
ok 2 - An object of class 'Gtk3::Gdk::EventCrossing' isa 'Gtk3::Gdk::Event'
ok 3
ok 4
ok 5
ok 6
ok 7 - $event->get_screen
ok 8 - $event->get_device
ok 9 - $event->get_source_device
ok 10 - 'Gtk3::Gdk::Event->new expose' isa 'Gtk3::Gdk::EventExpose'
ok 11
ok 12 - $expose_event->area
ok 13 - '$expose_event->region' isa 'Cairo::Region'
ok 14
ok 15 - $expose_event->region undef
ok 16 - 'Gtk3::Gdk::Event->new visibility' isa 'Gtk3::Gdk::EventVisibility'
ok 17
ok 18 - 'Gtk3::Gdk::Event->new motion' isa 'Gtk3::Gdk::EventMotion'
ok 19
ok 20
ok 21
ok 22
ok 23
ok 24
ok 25
ok 26
ok 27
ok 28 - $event->get_time
ok 29 - $event->get_state
ok 30 - $event->get_coords
ok 31 - $event->get_root_coords
ok 32
ok 33 - 'Gtk3::Gdk::Event->new 3button-press' isa 'Gtk3::Gdk::EventButton'
ok 34 - 'Gtk3::Gdk::Event->new 2button-press' isa 'Gtk3::Gdk::EventButton'
ok 35 - 'Gtk3::Gdk::Event->new button-press' isa 'Gtk3::Gdk::EventButton'
ok 36 - 'Gtk3::Gdk::Event->new triple-button-press' isa 'Gtk3::Gdk::EventButton'
ok 37 - 'Gtk3::Gdk::Event->new double-button-press' isa 'Gtk3::Gdk::EventButton'
ok 38
ok 39
ok 40
ok 41
ok 42
ok 43
ok 44
ok 45
ok 46
ok 47
ok 48
ok 49 - 'Gtk3::Gdk::Event->new scroll' isa 'Gtk3::Gdk::EventScroll'
ok 50
ok 51
ok 52
ok 53
ok 54
ok 55
ok 56
ok 57
ok 58
ok 59
ok 60
ok 61 - 'Gtk3::Gdk::Event->new key' isa 'Gtk3::Gdk::EventKey'
ok 62
ok 63
ok 64
ok 65
ok 66
ok 67
ok 68
ok 69
ok 70 - 'Gtk3::Gdk::Event->new crossing' isa 'Gtk3::Gdk::EventCrossing'
ok 71
ok 72
ok 73
ok 74
ok 75
ok 76
ok 77
ok 78
ok 79
ok 80
ok 81
ok 82 - 'Gtk3::Gdk::Event->new focus' isa 'Gtk3::Gdk::EventFocus'
ok 83
ok 84 - 'Gtk3::Gdk::Event->new configure' isa 'Gtk3::Gdk::EventConfigure'
ok 85
ok 86
ok 87
ok 88
ok 89 - 'Gtk3::Gdk::Event->new property' isa 'Gtk3::Gdk::EventProperty'
ok 90
ok 91 - '$property_event->atom' isa 'Gtk3::Gdk::Atom'
ok 92 - $property_event->atom
ok 93
ok 94
ok 95 - 'Gtk3::Gdk::Event->new proximity' isa 'Gtk3::Gdk::EventProximity'
ok 96
ok 97
ok 98
ok 99 - 'Gtk3::Gdk::Event->new setting' isa 'Gtk3::Gdk::EventSetting'
ok 100
ok 101 - 'Gtk3::Gdk::Event->new windowstate' isa 'Gtk3::Gdk::EventWindowState'
ok 102
ok 103
ok 104 - 'Gtk3::Gdk::Event->new dnd' isa 'Gtk3::Gdk::EventDND'
ok 105
ok 106
ok 107
ok 108
ok 109
ok 110 - 'Gtk3::Gdk::Event->new selection' isa 'Gtk3::Gdk::EventSelection'
ok 111
ok 112
ok 113
ok 114
ok 115
ok 116
ok 117 - An object of class 'Gtk3::Gdk::EventOwnerChange' isa 'Gtk3::Gdk::EventOwnerChange'
ok 118
ok 119
ok 120
ok 121
ok 122
ok 123
ok 124 - An object of class 'Gtk3::Gdk::EventGrabBroken' isa 'Gtk3::Gdk::EventGrabBroken'
ok 125
ok 126
ok 127
ok 128
ok 129 - An object of class 'Gtk3::Gdk::EventTouch' isa 'Gtk3::Gdk::EventTouch'
ok 130
ok 131
ok 132
ok 133
ok 134
ok 135
ok 136
ok 137
ok 138
ok 139
ok 140 - An object of class 'Gtk3::Gdk::EventButton' isa 'Gtk3::Gdk::EventButton'
ok 141 - An object of class 'Gtk3::Gdk::EventButton' isa 'Gtk3::Gdk::EventButton'
ok 142
ok 143
ok 144 - An object of class 'Gtk3::Gdk::EventKey' isa 'Gtk3::Gdk::EventKey'
ok 145
ok 146
ok
t/zz-GtkActionGroup.t .......... 
1..28
ok 1 - An object of class 'Gtk3::ActionGroup' isa 'Gtk3::ActionGroup'
ok 2
ok 3
ok 4
ok 5
ok 6
ok 7
ok 8
ok 9
ok 10
ok 11
ok 12
ok 13
ok 14
ok 15 - xlate
ok 16 - xlate
ok 17 - xlate
ok 18 - xlate
ok 19 - xlate
ok 20 - xlate
ok 21 - xlate
ok 22 - xlate
ok 23 - xlate
ok 24 - xlate
ok 25 - xlate
ok 26 - xlate
ok 27 - xlate
ok 28 - xlate
ok
t/zz-GtkBuilder.t .............. 
1..45
ok 1 - An object of class 'Gtk3::Builder' isa 'Gtk3::Builder'
ok 2
ok 3
ok 4
ok 5 - An object of class 'Gtk3::Adjustment' isa 'Gtk3::Adjustment'
ok 6
ok 7
ok 8
ok 9
ok 10
ok 11
ok 12
ok 13
ok 14
ok 15
ok 16
ok 17
ok 18
ok 19 - An object of class 'Gtk3::Adjustment' isa 'Gtk3::Adjustment'
ok 20 - An object of class 'Gtk3::SpinButton' isa 'Gtk3::SpinButton'
ok 21 - An object of class 'Gtk3::Builder' isa 'Gtk3::Builder'
ok 22 - An object of class 'Gtk3::SpinButton' isa 'Gtk3::SpinButton'
ok 23
ok 24
ok 25 - An object of class 'Gtk3::Adjustment' isa 'Gtk3::Adjustment'
ok 26
ok 27
ok 28 - An object of class 'Gtk3::SpinButton' isa 'Gtk3::SpinButton'
ok 29 - An object of class 'Gtk3::Adjustment' isa 'Gtk3::Adjustment'
ok 30 - An object of class 'Gtk3::SpinButton' isa 'Gtk3::SpinButton'
ok 31
ok 32 - An object of class 'Gtk3::SpinButton' isa 'Gtk3::SpinButton'
ok 33 - An object of class 'Gtk3::Adjustment' isa 'Gtk3::Adjustment'
ok 34 - An object of class 'Gtk3::SpinButton' isa 'Gtk3::SpinButton'
ok 35
ok 36
ok 37 - An object of class 'Gtk3::SpinButton' isa 'Gtk3::SpinButton'
ok 38 - An object of class 'Gtk3::Adjustment' isa 'Gtk3::Adjustment'
ok 39
ok 40 - An object of class 'Gtk3::SpinButton' isa 'Gtk3::SpinButton'
ok 41
ok 42 - An object of class 'Gtk3::SpinButton' isa 'Gtk3::SpinButton'
ok 43 - An object of class 'Gtk3::Adjustment' isa 'Gtk3::Adjustment'
ok 44 - An object of class 'Gtk3::SpinButton' isa 'Gtk3::SpinButton'
ok 45
ok
t/zz-GtkCellLayoutIface.t ...... 
1..35
ok 1 - An object of class 'CustomCellLayout' isa 'CustomCellLayout'
ok 2 - An object of class 'Gtk3::CellRendererText' isa 'Gtk3::CellRenderer'
ok 3
ok 4 - An object of class 'CustomCellLayout' isa 'CustomCellLayout'
ok 5 - An object of class 'Gtk3::CellRendererText' isa 'Gtk3::CellRenderer'
ok 6
ok 7 - An object of class 'CustomCellLayout' isa 'CustomCellLayout'
ok 8 - An object of class 'CustomCellLayout' isa 'CustomCellLayout'
ok 9 - An object of class 'Gtk3::CellRendererText' isa 'Gtk3::CellRenderer'
ok 10
ok 11
ok 12 - An object of class 'CustomCellLayout' isa 'CustomCellLayout'
ok 13 - An object of class 'Gtk3::CellRendererText' isa 'Gtk3::CellRenderer'
ok 14 - An object of class 'CustomCellLayout' isa 'CustomCellLayout'
ok 15 - An object of class 'Gtk3::CellRendererText' isa 'Gtk3::CellRenderer'
ok 16 - An object of class 'CustomCellLayout' isa 'CustomCellLayout'
ok 17 - An object of class 'Gtk3::CellRendererText' isa 'Gtk3::CellRenderer'
ok 18
ok 19
ok 20 - An object of class 'CustomCellLayout' isa 'CustomCellLayout'
ok 21 - An object of class 'Gtk3::CellRendererText' isa 'Gtk3::CellRenderer'
ok 22
ok 23 - An object of class 'CustomCellLayout' isa 'CustomCellLayout'
ok 24
ok 25 - An object of class 'Gtk3::CellRendererText' isa 'Gtk3::CellRendererText'
ok 26 - An object of class 'Gtk3::CellRendererToggle' isa 'Gtk3::CellRendererToggle'
ok 27 - An object of class 'CustomCellLayout' isa 'CustomCellLayout'
ok 28 - An object of class 'Gtk3::CellRendererText' isa 'Gtk3::CellRenderer'
ok 29
ok 30
ok 31 - An object of class 'Gtk3::ListStore' isa 'Gtk3::ListStore'
ok 32 - An object of class 'Gtk3::TreeIter' isa 'Gtk3::TreeIter'
ok 33
ok 34 - An object of class 'CustomCellLayout' isa 'CustomCellLayout'
ok 35 - An object of class 'Gtk3::CellRendererText' isa 'Gtk3::CellRenderer'
ok
t/zz-GtkCellRendererIface.t .... 
1..15
ok 1
ok 2
ok 3
ok 4 - An object of class 'Gtk3::Entry' isa 'Gtk3::Entry'
not ok 5 - editable was destroyed # TODO ref-counting not quite right yet
#   Failed (TODO) test 'editable was destroyed'
#   at t/zz-GtkCellRendererIface.t line 36.
ok 6
ok 7
ok 8
ok 9 - An object of class 'Gtk3::Entry' isa 'Gtk3::Entry'
not ok 10 - editable was destroyed # TODO ref-counting not quite right yet
#   Failed (TODO) test 'editable was destroyed'
#   at t/zz-GtkCellRendererIface.t line 36.
ok 11
ok 12
ok 13
ok 14 - An object of class 'Gtk3::Entry' isa 'Gtk3::Entry'
not ok 15 - editable was destroyed # TODO ref-counting not quite right yet
#   Failed (TODO) test 'editable was destroyed'
#   at t/zz-GtkCellRendererIface.t line 36.
ok
t/zz-GtkContainer.t ............ 
1..42
ok 1 - a window wants a widget
ok 2 - added a widget to the window
ok 3
ok 4
ok 5
ok 6
ok 7
ok 8
ok 9
ok 10 - child_type returns undef when the container is full
ok 11 - the window's child is set
ok 12 - a box wants a widget
ok 13 - a box is always hungry
ok 14 - we packed five children
ok 15 - we have not set a focus chain
ok 16 - focus chain took
ok 17
ok 18 - removed one toggle
ok 19 - four children remain
ok 20 - An object of class 'Gtk3::Label' isa 'Gtk3::Widget'
ok 21 - An object of class 'Gtk3::Button' isa 'Gtk3::Widget'
ok 22 - An object of class 'Gtk3::CheckButton' isa 'Gtk3::Widget'
ok 23 - An object of class 'Gtk3::Entry' isa 'Gtk3::Widget'
ok 24 - forall walks all children
ok 25
ok 26
ok 27
ok 28
ok 29
ok 30
ok 31
ok 32 - find_child_property() no such child property
ok 33 - find_child_property() Not::A::Container::Class croaks
ok 34 - 'find_child_property() "expand" is a boolean' isa 'Glib::Param::Boolean'
ok 35 - find_child_property() destroyed when weakened
ok 36 - 'find_child_property() object method "expand" is a boolean' isa 'Glib::Param::Boolean'
ok 37 - list_child_properties() Not::A::Container::Class croaks
ok 38 - list_child_properties() at least "expand" and "pack"
ok 39 - list_child_properties() pspecs destroyed when weakened
ok 40 - list_child_properties() object method at least "expand" and "pack"
ok 41 - An object of class 'Glib::Param::Boolean' isa 'Glib::ParamSpec'
ok 42 - An object of class 'Glib::Param::Boolean' isa 'Glib::ParamSpec'
ok
t/zz-GtkDialog.t ............... 
1..17
ok 1
ok 2
ok 3
ok 4
ok 5
ok 6
ok 7
ok 8
ok 9 - user data are passed to the callback function
ok 10
ok 11 - Gtk3::Dialog response
ok 12 - Gtk3::Dialog run
ok 13 - Gtk3::AboutDialog response
ok 14 - Gtk3::AboutDialog run
ok 15
ok 16
ok 17
ok
t/zz-GtkImage.t ................ 
1..36
ok 1 - Gtk3::Image->new
ok 2
ok 3
ok 4
ok 5 - get_pixbuf empty
ok 6
ok 7
ok 8
ok 9 - get_animation empty
ok 10 - get_storage_type empty
ok 11 - Gtk3::Image->new_from_stock
ok 12 - new_from_stock get_storage_type
ok 13 - new_from_stock get_stock
ok 14 - Gtk3::Image->new_from_icon_set
ok 15 - new_from_icon_set get_icon_set num rets
ok 16 - 'new_from_icon_set get_icon_set icon_set' isa 'Gtk3::IconSet'
ok 17 - new_from_icon_set get_icon_set size
ok 18 - Gtk3::Image->new_from_pixbuf
ok 19 - 'new_from_pixbuf get_pixbuf' isa 'Gtk3::Gdk::Pixbuf'
ok 20 - set_from_stock get_storage_type
ok 21 - set_from_stock get_stock
ok 22 - set_from_icon_set get_icon_set num rets
ok 23 - 'set_from_icon_set get_icon_set icon_set' isa 'Gtk3::IconSet'
ok 24 - set_from_icon_set get_icon_set size
ok 25 - 'set_from_pixbuf get_pixbuf' isa 'Gtk3::Gdk::Pixbuf'
ok 26 # skip unable to find test file, ./gtk-demo/gnome-foot.png
ok 27 # skip unable to find test file, ./gtk-demo/gnome-foot.png
ok 28 # skip unable to find test file, ./gtk-demo/gnome-foot.png
ok 29 # skip unable to find test file, ./gtk-demo/gnome-foot.png
ok 30 # skip unable to find test file, ./gtk-demo/gnome-foot.png
ok 31 # skip unable to find test file, ./gtk-demo/gnome-foot.png
ok 32 # skip unable to find test file, ./gtk-demo/gnome-foot.png
ok 33 - 'new_from_icon_name isa Gtk3::Image' isa 'Gtk3::Image'
ok 34 - deep get_icon_name
ok 35 - get_icon_name from Gtk3::Image set_from_icon_name
ok 36 - Gtk3::Image get_pixel_size
ok
t/zz-GtkInfoBar.t .............. 
1..16
ok 1
ok 2 - 'new' isa 'Gtk3::InfoBar'
ok 3 - 'get_action_area' isa 'Gtk3::Widget'
ok 4 - 'get_content_area' isa 'Gtk3::Widget'
ok 5 - 'add_button' isa 'Gtk3::Widget'
ok 6 - add_button count
ok 7 - add_buttons
ok 8 - add_action_widget
ok 9 - 'new_with_buttons' isa 'Gtk3::InfoBar'
ok 10 - new_with_buttons buttons count
ok 11 - set_response_sensitive
ok 12 - [gs]et_message_type
ok 13 - set_default_response
ok 14 - user data made it through
ok 15 - response '5'
ok 16 - response 'ok'
ok
t/zz-GtkRadioAction.t .......... 
1..14
ok 1 - An object of class 'Gtk3::RadioAction' isa 'Gtk3::RadioAction'
ok 2 - An object of class 'Gtk3::RadioAction' isa 'Gtk3::RadioAction'
ok 3 - An object of class 'Gtk3::RadioAction' isa 'Gtk3::RadioAction'
ok 4 - An object of class 'Gtk3::RadioAction' isa 'Gtk3::RadioAction'
ok 5 - An object of class 'Gtk3::RadioAction' isa 'Gtk3::RadioAction'
ok 6 - An object of class 'Gtk3::RadioAction' isa 'Gtk3::RadioAction'
ok 7
ok 8 - get_group() array destroyed by weakening
ok 9 - get_group() item x destroyed by weakening
ok 10 - get_group() item y destroyed by weakening
ok 11
ok 12
ok 13
ok 14
ok
t/zz-GtkRadioButton.t .......... 
1..11
ok 1 - An object of class 'Gtk3::RadioButton' isa 'Gtk3::RadioButton'
ok 2 - An object of class 'Gtk3::RadioButton' isa 'Gtk3::RadioButton'
ok 3 - An object of class 'Gtk3::RadioButton' isa 'Gtk3::RadioButton'
ok 4 - An object of class 'Gtk3::RadioButton' isa 'Gtk3::RadioButton'
ok 5
ok 6 - An object of class 'Gtk3::RadioButton' isa 'Gtk3::RadioButton'
ok 7 - An object of class 'Gtk3::RadioButton' isa 'Gtk3::RadioButton'
ok 8 - An object of class 'Gtk3::RadioButton' isa 'Gtk3::RadioButton'
ok 9
ok 10
ok 11
ok
t/zz-GtkRadioMenuItem.t ........ 
1..12
ok 1 - An object of class 'Gtk3::RadioMenuItem' isa 'Gtk3::RadioMenuItem'
ok 2 - An object of class 'Gtk3::RadioMenuItem' isa 'Gtk3::RadioMenuItem'
ok 3 - An object of class 'Gtk3::RadioMenuItem' isa 'Gtk3::RadioMenuItem'
ok 4 - An object of class 'Gtk3::RadioMenuItem' isa 'Gtk3::RadioMenuItem'
ok 5
ok 6
ok 7 - An object of class 'Gtk3::RadioMenuItem' isa 'Gtk3::RadioMenuItem'
ok 8 - An object of class 'Gtk3::RadioMenuItem' isa 'Gtk3::RadioMenuItem'
ok 9 - An object of class 'Gtk3::RadioMenuItem' isa 'Gtk3::RadioMenuItem'
ok 10
ok 11
ok 12
ok
t/zz-GtkRadioToolButton.t ...... 
1..12
ok 1 - An object of class 'Gtk3::RadioToolButton' isa 'Gtk3::RadioToolButton'
ok 2 - An object of class 'Gtk3::RadioToolButton' isa 'Gtk3::RadioToolButton'
ok 3 - An object of class 'Gtk3::RadioToolButton' isa 'Gtk3::RadioToolButton'
ok 4 - An object of class 'Gtk3::RadioToolButton' isa 'Gtk3::RadioToolButton'
ok 5 - An object of class 'Gtk3::RadioToolButton' isa 'Gtk3::RadioToolButton'
ok 6 - An object of class 'Gtk3::RadioToolButton' isa 'Gtk3::RadioToolButton'
ok 7 - An object of class 'Gtk3::RadioToolButton' isa 'Gtk3::RadioToolButton'
ok 8
ok 9
ok 10 - get_group() array destroyed by weakening
ok 11 - get_group() item x destroyed by weakening
ok 12 - get_group() item y destroyed by weakening
ok
t/zz-GtkRecentChooserDialog.t .. 
1..12
ok 1 - An object of class 'Gtk3::RecentChooserDialog' isa 'Gtk3::RecentChooser'
ok 2 - An object of class 'Gtk3::RecentChooserDialog' isa 'Gtk3::RecentChooserDialog'
ok 3 - An object of class 'Gtk3::RecentChooserDialog' isa 'Gtk3::RecentChooser'
ok 4 - An object of class 'Gtk3::RecentChooserDialog' isa 'Gtk3::RecentChooserDialog'
ok 5 - An object of class 'Gtk3::RecentChooserDialog' isa 'Gtk3::RecentChooser'
ok 6 - An object of class 'Gtk3::RecentChooserDialog' isa 'Gtk3::RecentChooserDialog'
ok 7 - An object of class 'Gtk3::RecentChooserDialog' isa 'Gtk3::RecentChooser'
ok 8 - An object of class 'Gtk3::RecentChooserDialog' isa 'Gtk3::RecentChooserDialog'
ok 9 - An object of class 'Gtk3::RecentChooserDialog' isa 'Gtk3::RecentChooser'
ok 10 - An object of class 'Gtk3::RecentChooserDialog' isa 'Gtk3::RecentChooserDialog'
ok 11 - An object of class 'Gtk3::RecentChooserDialog' isa 'Gtk3::RecentChooser'
ok 12 - An object of class 'Gtk3::RecentChooserDialog' isa 'Gtk3::RecentChooserDialog'
ok
t/zz-GtkTextBuffer.t ........... 
1..45
ok 1 - An object of class 'Gtk3::TextBuffer' isa 'Gtk3::TextBuffer'
ok 2
ok 3 - An object of class 'Gtk3::TextBuffer' isa 'Gtk3::TextBuffer'
ok 4 - An object of class 'Gtk3::TextIter' isa 'Gtk3::TextIter'
ok 5 - An object of class 'Gtk3::TextIter' isa 'Gtk3::TextIter'
ok 6
ok 7
ok 8
ok 9
ok 10
ok 11
ok 12
ok 13 - An object of class 'Gtk3::TextIter' isa 'Gtk3::TextIter'
ok 14 - An object of class 'Gtk3::TextIter' isa 'Gtk3::TextIter'
ok 15 - An object of class 'Gtk3::TextIter' isa 'Gtk3::TextIter'
ok 16 - An object of class 'Gtk3::TextIter' isa 'Gtk3::TextIter'
ok 17 - An object of class 'Gtk3::TextIter' isa 'Gtk3::TextIter'
ok 18 - An object of class 'Gtk3::TextIter' isa 'Gtk3::TextIter'
ok 19
ok 20
ok 21
ok 22 - An object of class 'Gtk3::TextIter' isa 'Gtk3::TextIter'
ok 23 - An object of class 'Gtk3::TextChildAnchor' isa 'Gtk3::TextChildAnchor'
ok 24 - An object of class 'Gtk3::TextMark' isa 'Gtk3::TextMark'
ok 25
ok 26 - An object of class 'Gtk3::TextIter' isa 'Gtk3::TextIter'
ok 27 - An object of class 'Gtk3::TextMark' isa 'Gtk3::TextMark'
ok 28 - An object of class 'Gtk3::TextMark' isa 'Gtk3::TextMark'
ok 29
ok 30
ok 31 - An object of class 'Gtk3::TextTag' isa 'Gtk3::TextTag'
ok 32
ok 33
ok 34 - An object of class 'Gtk3::TextTag' isa 'Gtk3::TextTag'
ok 35 - An object of class 'Gtk3::TextTag' isa 'Gtk3::TextTag'
ok 36
ok 37 - An object of class 'Gtk3::TargetList' isa 'Gtk3::TargetList'
ok 38 - An object of class 'Gtk3::TargetList' isa 'Gtk3::TargetList'
ok 39 - An object of class 'Gtk3::TargetList' isa 'Gtk3::TargetList'
ok 40 - An object of class 'Gtk3::TargetList' isa 'Gtk3::TargetList'
ok 41
ok 42
ok 43
ok 44
ok 45
ok
t/zz-GtkTreeModelIface.t ....... 
1..171
ok 1 - 'INIT_INSTANCE: list' isa 'CustomList'
ok 2 - 'GET_FLAGS: list' isa 'CustomList'
ok 3
ok 4 - 'GET_N_COLUMNS: list' isa 'CustomList'
ok 5 - get_n_columns reports the number correctly
ok 6 - 'GET_COLUMN_TYPE: list' isa 'CustomList'
ok 7 - GET_COLUMN_TYPE: column correct
ok 8
ok 9 - 'GET_ITER: list' isa 'CustomList'
ok 10 - 'GET_ITER: path' isa 'Gtk3::TreePath'
ok 11 - GET_ITER: depth OK
ok 12 - GET_ITER: first path index OK
ok 13 - GET_ITER: first path index OK
ok 14 - GET_ITER: record defined
ok 15 - GET_ITER: record has the correct index
ok 16 - An object of class 'Gtk3::TreeIter' isa 'Gtk3::TreeIter'
ok 17 - 'GET_PATH: list' isa 'CustomList'
ok 18 - GET_PATH: stamps agree
ok 19 - An object of class 'Gtk3::TreePath' isa 'Gtk3::TreePath'
ok 20
ok 21 - An object of class 'CustomList' isa 'CustomList'
ok 22 - GET_VALUE: stamps agree
ok 23 - GET_VALUE: column correct
ok 24 - GET_VALUE: record defined
ok 25 - GET_VALUE: record within bounds
ok 26
ok 27 - An object of class 'CustomList' isa 'CustomList'
ok 28 - GET_VALUE: stamps agree
ok 29 - GET_VALUE: column correct
ok 30 - GET_VALUE: record defined
ok 31 - GET_VALUE: record within bounds
ok 32
ok 33 - 'ITER_NEXT: list' isa 'CustomList'
ok 34 - ITER_NEXT: stamps agree
ok 35 - ITER_NEXT: record defined
ok 36 - ITER_NEXT: next record defined
ok 37 - ITER_NEXT: next record's pos OK
ok 38 - 'GET_PATH: list' isa 'CustomList'
ok 39 - GET_PATH: stamps agree
ok 40 - An object of class 'Gtk3::TreePath' isa 'Gtk3::TreePath'
ok 41
ok 42 - 'ITER_CHILDREN: list' isa 'CustomList'
ok 43 - An object of class 'Gtk3::TreeIter' isa 'Gtk3::TreeIter'
ok 44 - 'GET_PATH: list' isa 'CustomList'
ok 45 - GET_PATH: stamps agree
ok 46 - An object of class 'Gtk3::TreePath' isa 'Gtk3::TreePath'
ok 47
ok 48 - 'ITER_HAS_CHILD: list' isa 'CustomList'
ok 49 - ITER_HAS_CHILD: stamps agree
ok 50
ok 51 - 'ITER_N_CHILDREN: list' isa 'CustomList'
ok 52
ok 53 - 'ITER_NTH_CHILD: list' isa 'CustomList'
ok 54 - ITER_NTH_CHILD: n bounded correctly
ok 55 - ITER_NTH_CHILD: record defined
ok 56 - ITER_NTH_CHILD: record's pos correct
ok 57 - An object of class 'Gtk3::TreeIter' isa 'Gtk3::TreeIter'
ok 58 - 'GET_PATH: list' isa 'CustomList'
ok 59 - GET_PATH: stamps agree
ok 60 - An object of class 'Gtk3::TreePath' isa 'Gtk3::TreePath'
ok 61
ok 62 - 'ITER_PARENT: list' isa 'CustomList'
ok 63
ok 64 - 'get_iter_from_ordinal: list' isa 'CustomList'
ok 65 - get_iter_from_ordinal: record is valid
ok 66 - 'get_iter_from_ordinal: iter' isa 'Gtk3::TreeIter'
ok 67 - An object of class 'Gtk3::TreeIter' isa 'Gtk3::TreeIter'
ok 68 - 'GET_PATH: list' isa 'CustomList'
ok 69 - GET_PATH: stamps agree
ok 70 - An object of class 'Gtk3::TreePath' isa 'Gtk3::TreePath'
ok 71
ok 72 - 'set: list' isa 'CustomList'
ok 73 - 'set: iter' isa 'Gtk3::TreeIter'
ok 74 - set: col OK
ok 75 - An object of class 'CustomList' isa 'CustomList'
ok 76 - GET_VALUE: stamps agree
ok 77 - GET_VALUE: column correct
ok 78 - GET_VALUE: record defined
ok 79 - GET_VALUE: record within bounds
ok 80
ok 81 - 'REF_NODE: list' isa 'CustomList'
ok 82 - REF_NODE: stamps agree
ok 83 - 'UNREF_NODE: list' isa 'CustomList'
ok 84 - UNREF_NODE: stamps agree
ok 85 # skip rows_reordered is not usable currently
ok 86 # skip rows_reordered is not usable currently
ok 87 # skip rows_reordered is not usable currently
ok 88 # skip rows_reordered is not usable currently
ok 89 # skip rows_reordered is not usable currently
ok 90 # skip rows_reordered is not usable currently
ok 91 # skip rows_reordered is not usable currently
ok 92 # skip rows_reordered is not usable currently
ok 93 - 'SET_SORT_COLUMN_ID: list' isa 'CustomList'
ok 94 - SET_SORT_COLUMN_ID: id OK
ok 95 - SET_SORT_COLUMN_ID: order OK
ok 96 - 'GET_SORT_COLUMN_ID: list' isa 'CustomList'
ok 97
ok 98 - 'SET_SORT_FUNC: list' isa 'CustomList'
ok 99 - SET_SORT_FUNC: id OK
ok 100 - SET_SORT_FUNC: func OK
ok 101 - SET_SORT_FUNC: data OK
ok 102 - 'SET_SORT_FUNC: list' isa 'CustomList'
ok 103 - SET_SORT_FUNC: id OK
ok 104 - SET_SORT_FUNC: func OK
ok 105 - SET_SORT_FUNC: data OK
ok 106 - 'SET_DEFAULT_SORT_FUNC: list' isa 'CustomList'
ok 107 - SET_SORT_FUNC: func OK
ok 108 - SET_DEFAULT_SORT_FUNC: data OK
ok 109 - 'HAS_DEFAULT_SORT_FUNC: list' isa 'CustomList'
ok 110
ok 111 - 'GET_ITER: list' isa 'CustomList'
ok 112 - 'GET_ITER: path' isa 'Gtk3::TreePath'
ok 113 - GET_ITER: depth OK
ok 114 - GET_ITER: first path index OK
ok 115 - GET_ITER: first path index OK
ok 116 - GET_ITER: record defined
ok 117 - GET_ITER: record has the correct index
ok 118 - 'GET_ITER: list' isa 'CustomList'
ok 119 - 'GET_ITER: path' isa 'Gtk3::TreePath'
ok 120 - GET_ITER: depth OK
ok 121 - GET_ITER: first path index OK
ok 122 - GET_ITER: first path index OK
ok 123 - GET_ITER: record defined
ok 124 - GET_ITER: record has the correct index
ok 125 - An object of class 'CustomList' isa 'CustomList'
ok 126 - An object of class 'Gtk3::TreeIter' isa 'Gtk3::TreeIter'
ok 127 - An object of class 'Gtk3::TreeIter' isa 'Gtk3::TreeIter'
ok 128
ok 129
ok 130 - 'GET_ITER: list' isa 'CustomList'
ok 131 - 'GET_ITER: path' isa 'Gtk3::TreePath'
ok 132 - GET_ITER: depth OK
ok 133 - GET_ITER: first path index OK
ok 134 - GET_ITER: first path index OK
ok 135 - GET_ITER: record defined
ok 136 - GET_ITER: record has the correct index
ok 137 - 'GET_ITER: list' isa 'CustomList'
ok 138 - 'GET_ITER: path' isa 'Gtk3::TreePath'
ok 139 - GET_ITER: depth OK
ok 140 - GET_ITER: first path index OK
ok 141 - GET_ITER: first path index OK
ok 142 - GET_ITER: record defined
ok 143 - GET_ITER: record has the correct index
ok 144 - An object of class 'CustomList' isa 'CustomList'
ok 145 - An object of class 'Gtk3::TreeIter' isa 'Gtk3::TreeIter'
ok 146 - An object of class 'Gtk3::TreeIter' isa 'Gtk3::TreeIter'
ok 147
ok 148
ok 149 - 'GET_ITER: list' isa 'CustomList'
ok 150 - 'GET_ITER: path' isa 'Gtk3::TreePath'
ok 151 - GET_ITER: depth OK
ok 152 - GET_ITER: first path index OK
ok 153 - GET_ITER: first path index OK
ok 154 - GET_ITER: record defined
ok 155 - GET_ITER: record has the correct index
ok 156 - 'GET_ITER: list' isa 'CustomList'
ok 157 - 'GET_ITER: path' isa 'Gtk3::TreePath'
ok 158 - GET_ITER: depth OK
ok 159 - GET_ITER: first path index OK
ok 160 - GET_ITER: first path index OK
ok 161 - GET_ITER: record defined
ok 162 - GET_ITER: record has the correct index
ok 163 - An object of class 'CustomList' isa 'CustomList'
ok 164 - An object of class 'Gtk3::TreeIter' isa 'Gtk3::TreeIter'
ok 165 - An object of class 'Gtk3::TreeIter' isa 'Gtk3::TreeIter'
ok 166
ok 167
ok 168 - 'FINALIZE_INSTANCE: list' isa 'CustomList'
ok 169 - $model->get ($iter) does not result in stack corruption
ok 170 - $model->get ($iter, @columns) does not result in stack corruption
ok 171 - $model->get_sort_column_id does not result in stack corruption
ok
All tests successful.
Files=22, Tests=914, 95 wallclock secs ( 1.44 usr  0.49 sys + 69.71 cusr 19.94 csys = 91.58 CPU)
Result: PASS
autopkgtest: DBG: testbed command exited with code 0
autopkgtest [11:41:45]: test autodep8-perl-build-deps: -----------------------]
autopkgtest: DBG: testbed executing test finished with exit status 0
autopkgtest: DBG: sending command to testbed: copyup /tmp/autopkgtest.N5x67N/autodep8-perl-build-deps-stdout /home/minami/Documents/openkylin-riscv/test/libgtk3-perl/autodep8-perl-build-deps-stdout
autopkgtest-virt-qemu: DBG: executing copyup /tmp/autopkgtest.N5x67N/autodep8-perl-build-deps-stdout /home/minami/Documents/openkylin-riscv/test/libgtk3-perl/autodep8-perl-build-deps-stdout
autopkgtest-virt-qemu: DBG: ['cmdls', "(['/tmp/autopkgtest-qemu.q6hlqtm1/runcmd', 'sh', '-ec', 'cat </tmp/autopkgtest.N5x67N/autodep8-perl-build-deps-stdout'], ['cat'])"]
autopkgtest-virt-qemu: DBG: ['srcstdin', "<_io.BufferedReader name='/dev/null'>", 'deststdout', "<_io.BufferedWriter name='/home/minami/Documents/openkylin-riscv/test/libgtk3-perl/autodep8-perl-build-deps-stdout'>", 'devnull_read', <_io.BufferedReader name='/dev/null'>]
autopkgtest-virt-qemu: DBG:  +< /tmp/autopkgtest-qemu.q6hlqtm1/runcmd sh -ec cat </tmp/autopkgtest.N5x67N/autodep8-perl-build-deps-stdout
autopkgtest-virt-qemu: DBG:  +> cat
autopkgtest-virt-qemu: DBG:  +>?
autopkgtest-virt-qemu: DBG:  +<?
autopkgtest: DBG: got reply from testbed: ok
autopkgtest: DBG: sending command to testbed: copyup /tmp/autopkgtest.N5x67N/autodep8-perl-build-deps-stderr /home/minami/Documents/openkylin-riscv/test/libgtk3-perl/autodep8-perl-build-deps-stderr
autopkgtest-virt-qemu: DBG: executing copyup /tmp/autopkgtest.N5x67N/autodep8-perl-build-deps-stderr /home/minami/Documents/openkylin-riscv/test/libgtk3-perl/autodep8-perl-build-deps-stderr
autopkgtest-virt-qemu: DBG: ['cmdls', "(['/tmp/autopkgtest-qemu.q6hlqtm1/runcmd', 'sh', '-ec', 'cat </tmp/autopkgtest.N5x67N/autodep8-perl-build-deps-stderr'], ['cat'])"]
autopkgtest-virt-qemu: DBG: ['srcstdin', "<_io.BufferedReader name='/dev/null'>", 'deststdout', "<_io.BufferedWriter name='/home/minami/Documents/openkylin-riscv/test/libgtk3-perl/autodep8-perl-build-deps-stderr'>", 'devnull_read', <_io.BufferedReader name='/dev/null'>]
autopkgtest-virt-qemu: DBG:  +< /tmp/autopkgtest-qemu.q6hlqtm1/runcmd sh -ec cat </tmp/autopkgtest.N5x67N/autodep8-perl-build-deps-stderr
autopkgtest-virt-qemu: DBG:  +> cat
autopkgtest-virt-qemu: DBG:  +>?
autopkgtest-virt-qemu: DBG:  +<?
autopkgtest: DBG: got reply from testbed: ok
autopkgtest [11:41:47]: test autodep8-perl-build-deps:  - - - - - - - - - - results - - - - - - - - - -
autodep8-perl-build-deps PASS
autopkgtest: DBG: sending command to testbed: copyup /tmp/autopkgtest.N5x67N/autodep8-perl-build-deps-artifacts/ /home/minami/Documents/openkylin-riscv/test/libgtk3-perl/artifacts/
autopkgtest-virt-qemu: DBG: executing copyup /tmp/autopkgtest.N5x67N/autodep8-perl-build-deps-artifacts/ /home/minami/Documents/openkylin-riscv/test/libgtk3-perl/artifacts/
autopkgtest-virt-qemu: DBG: ['cmdls', "(['/tmp/autopkgtest-qemu.q6hlqtm1/runcmd', 'sh', '-ec', 'cd /tmp/autopkgtest.N5x67N/autodep8-perl-build-deps-artifacts/; tar --warning=none -c . -f -'], ['tar', '--directory', '/home/minami/Documents/openkylin-riscv/test/libgtk3-perl/artifacts/', '--warning=none', '--preserve-permissions', '--extract', '--no-same-owner', '-f', '-'])"]
autopkgtest-virt-qemu: DBG: ['srcstdin', "<_io.BufferedReader name='/dev/null'>", 'deststdout', "<_io.BufferedReader name='/dev/null'>", 'devnull_read', <_io.BufferedReader name='/dev/null'>]
autopkgtest-virt-qemu: DBG:  +< /tmp/autopkgtest-qemu.q6hlqtm1/runcmd sh -ec cd /tmp/autopkgtest.N5x67N/autodep8-perl-build-deps-artifacts/; tar --warning=none -c . -f -
autopkgtest-virt-qemu: DBG:  +> tar --directory /home/minami/Documents/openkylin-riscv/test/libgtk3-perl/artifacts/ --warning=none --preserve-permissions --extract --no-same-owner -f -
autopkgtest-virt-qemu: DBG:  +>?
autopkgtest-virt-qemu: DBG:  +<?
autopkgtest: DBG: got reply from testbed: ok
autopkgtest: DBG: testbed command ['rm', '-rf', '/tmp/autopkgtest.N5x67N/autodep8-perl-build-deps-artifacts', '/tmp/autopkgtest.N5x67N/autopkgtest_tmp'], kind short, sout raw, serr pipe, env []
autopkgtest: DBG: testbed command exited with code 0
autopkgtest [11:41:48]: test autodep8-perl: preparing testbed
autopkgtest: DBG: testbed reset: modified=False, deps_installed=['libgtk3-perl', 'debhelper-compat (= 12)', 'gir1.2-gdkpixbuf-2.0 (>= 2.38.0+dfsg-0)', 'gir1.2-gtk-3.0', 'gir1.2-pango-1.0', 'libcairo-gobject-perl', 'libextutils-depends-perl', 'libextutils-pkgconfig-perl', 'libglib-object-introspection-perl (>= 0.043)', 'libglib-perl', 'perl', 'xauth', 'xvfb', 'build-essential', 'pkg-perl-autopkgtest'], deps_new=['libgtk3-perl', 'pkg-perl-autopkgtest']
autopkgtest: DBG: testbed reset
autopkgtest: DBG: sending command to testbed: revert
autopkgtest-virt-qemu: DBG: executing revert
autopkgtest-virt-qemu: DBG: execute-timeout: /tmp/autopkgtest-qemu.q6hlqtm1/runcmd rm -rf -- /tmp/autopkgtest.N5x67N
qemu-system-riscv64: terminating on signal 15 from pid 3951217 (/usr/bin/python3)
autopkgtest-virt-qemu: DBG: find_free_port: trying 10022
autopkgtest-virt-qemu: DBG: find_free_port: 10022 is free
autopkgtest-virt-qemu: DBG: autopkgtest does not know how to boot this machine, hopefully nothing special needs to be done?
autopkgtest-virt-qemu: DBG: qemu architecture: riscv64
autopkgtest-virt-qemu: DBG: qemu command: qemu-system-riscv64
autopkgtest-virt-qemu: DBG: execute-timeout: qemu-img info --output=json /home/minami/Documents/openkylin-riscv/testing.qcow2
autopkgtest-virt-qemu: DBG: Creating temporary overlay image in /tmp/autopkgtest-qemu.vaqj_o2w/overlay.img
autopkgtest-virt-qemu: DBG: execute-timeout: qemu-img create -f qcow2 -F qcow2 -b /home/minami/Documents/openkylin-riscv/testing.qcow2 /tmp/autopkgtest-qemu.vaqj_o2w/overlay.img
autopkgtest-virt-qemu: DBG: Forwarding local port 10022 to VM ssh port 22
autopkgtest-virt-qemu: DBG: Assuming nothing special needs to be done to set up firmware to boot this machine (boot method: none)
autopkgtest-virt-qemu: DBG: full qemu command-line: ['qemu-system-riscv64', '-m', '8192', '-smp', '8', '-nographic', '-device', 'virtio-net-device,netdev=usernet', '-netdev', 'user,id=usernet,hostfwd=tcp:127.0.0.1:10022-:22', '-object', 'rng-random,filename=/dev/urandom,id=rng0', '-device', 'virtio-rng-pci,rng=rng0,id=rng-device0', '-monitor', 'unix:/tmp/autopkgtest-qemu.vaqj_o2w/monitor,server=on,wait=off', '-virtfs', 'local,id=autopkgtest,path=/tmp/autopkgtest-qemu.vaqj_o2w/shared,security_model=none,mount_tag=autopkgtest', '-device', 'virtio-serial', '-chardev', 'socket,path=/tmp/autopkgtest-qemu.vaqj_o2w/hvc0,server=on,wait=off,id=hvc0', '-device', 'virtconsole,chardev=hvc0', '-chardev', 'socket,path=/tmp/autopkgtest-qemu.vaqj_o2w/hvc1,server=on,wait=off,id=hvc1', '-device', 'virtconsole,chardev=hvc1', '-serial', 'unix:/tmp/autopkgtest-qemu.vaqj_o2w/ttyS0,server=on,wait=off', '-drive', 'index=0,file=/tmp/autopkgtest-qemu.vaqj_o2w/overlay.img,format=qcow2,cache=unsafe,if=virtio,discard=unmap', '-machine', 'virt', '-kernel', '/home/minami/Documents/ukylin/u-boot.bin']
autopkgtest-virt-qemu: DBG: expect: b' login: '
autopkgtest-virt-qemu: DBG: expect: found "'login prompt on serial console'"
autopkgtest-virt-qemu: DBG: expect: b'ok'
autopkgtest-virt-qemu: DBG: expect: found "b'ok'"
autopkgtest-virt-qemu: DBG: setup_shell(): there already is a shell on hvc1
qemu-system-riscv64: warning: 9p: degraded performance: a reasonable high msize should be chosen on client/guest side (chosen msize is <= 8192). See https://wiki.qemu.org/Documentation/9psetup#msize for details.
autopkgtest-virt-qemu: DBG: expect: b'7c319028-c93c-4778-a0cd-92f4735c737e[1]'
autopkgtest-virt-qemu: DBG: expect: found "b'7c319028-c93c-4778-a0cd-92f4735c737e[1]'"
autopkgtest-virt-qemu: DBG: expect: b'7c319028-c93c-4778-a0cd-92f4735c737e[2]'
autopkgtest-virt-qemu: DBG: expect: found "b'7c319028-c93c-4778-a0cd-92f4735c737e[2]'"
autopkgtest-virt-qemu: DBG: expect: b'7c319028-c93c-4778-a0cd-92f4735c737e[3]'
autopkgtest-virt-qemu: DBG: expect: found "b'7c319028-c93c-4778-a0cd-92f4735c737e[3]'"
autopkgtest-virt-qemu: DBG: expect: b'/python'
autopkgtest-virt-qemu: DBG: expect: found "b'/python'"
autopkgtest-virt-qemu: DBG: expect: b'# '
autopkgtest-virt-qemu: DBG: expect: found "b'# '"
autopkgtest-virt-qemu: DBG: expect: b'7c319028-c93c-4778-a0cd-92f4735c737e[4]'
autopkgtest-virt-qemu: DBG: expect: found "b'7c319028-c93c-4778-a0cd-92f4735c737e[4]'"
autopkgtest-virt-qemu: DBG: execute-timeout: /tmp/autopkgtest-qemu.vaqj_o2w/runcmd true
autopkgtest-virt-qemu: DBG: can connect to autopkgtest sh in VM
autopkgtest-virt-qemu: DBG: expect: b'7c319028-c93c-4778-a0cd-92f4735c737e[5]'
autopkgtest-virt-qemu: DBG: expect: found "b'7c319028-c93c-4778-a0cd-92f4735c737e[5]'"
autopkgtest-virt-qemu: DBG: determine_normal_user: got user "openkylin"
autopkgtest-virt-qemu: DBG: execute-timeout: /tmp/autopkgtest-qemu.vaqj_o2w/runcmd mkdir --mode=1777 --parents /tmp/autopkgtest.N5x67N
autopkgtest-virt-qemu: DBG: auxverb = ['/tmp/autopkgtest-qemu.vaqj_o2w/runcmd'], downtmp = /tmp/autopkgtest.N5x67N
autopkgtest: DBG: got reply from testbed: ok /tmp/autopkgtest.N5x67N
autopkgtest: DBG: sending command to testbed: print-execute-command
autopkgtest-virt-qemu: DBG: executing print-execute-command
autopkgtest: DBG: got reply from testbed: ok /tmp/autopkgtest-qemu.vaqj_o2w/runcmd
autopkgtest: DBG: sending command to testbed: capabilities
autopkgtest-virt-qemu: DBG: executing capabilities
autopkgtest: DBG: got reply from testbed: ok isolation-machine reboot revert revert-full-system root-on-testbed suggested-normal-user=openkylin
autopkgtest: DBG: testbed capabilities: ['isolation-machine', 'reboot', 'revert', 'revert-full-system', 'root-on-testbed', 'suggested-normal-user=openkylin', 'has_internet']
autopkgtest: DBG: testbed command ['mkdir', '-p', '/tmp/autopkgtest.N5x67N'], kind short, sout raw, serr pipe, env []
autopkgtest: DBG: testbed command exited with code 0
autopkgtest: DBG: sending command to testbed: copydown /usr/share/autopkgtest/lib/in-testbed/wrapper.sh /tmp/autopkgtest.N5x67N/wrapper.sh
autopkgtest-virt-qemu: DBG: executing copydown /usr/share/autopkgtest/lib/in-testbed/wrapper.sh /tmp/autopkgtest.N5x67N/wrapper.sh
autopkgtest-virt-qemu: DBG: ['cmdls', "(['cat'], ['/tmp/autopkgtest-qemu.vaqj_o2w/runcmd', 'sh', '-ec', 'cat >/tmp/autopkgtest.N5x67N/wrapper.sh; chmod +x -- /tmp/autopkgtest.N5x67N/wrapper.sh'])"]
autopkgtest-virt-qemu: DBG: ['srcstdin', "<_io.BufferedReader name='/usr/share/autopkgtest/lib/in-testbed/wrapper.sh'>", 'deststdout', "<_io.BufferedReader name='/dev/null'>", 'devnull_read', <_io.BufferedReader name='/dev/null'>]
autopkgtest-virt-qemu: DBG:  +< cat
autopkgtest-virt-qemu: DBG:  +> /tmp/autopkgtest-qemu.vaqj_o2w/runcmd sh -ec cat >/tmp/autopkgtest.N5x67N/wrapper.sh; chmod +x -- /tmp/autopkgtest.N5x67N/wrapper.sh
autopkgtest-virt-qemu: DBG:  +>?
autopkgtest-virt-qemu: DBG:  +<?
autopkgtest: DBG: got reply from testbed: ok
autopkgtest: DBG: testbed command ['chmod', '-R', '0755', '--', '/tmp/autopkgtest.N5x67N/wrapper.sh'], kind short, sout raw, serr pipe, env []
autopkgtest: DBG: testbed command exited with code 0
autopkgtest: DBG: testbed command ['dpkg', '--print-architecture'], kind short, sout pipe, serr pipe, env []
autopkgtest: DBG: testbed command exited with code 0
autopkgtest [11:42:35]: testbed dpkg architecture: riscv64
autopkgtest: DBG: testbed command ['sh', '-ec', 'command -v eatmydata'], kind short, sout pipe, serr pipe, env []
autopkgtest: DBG: testbed command exited with code 127
autopkgtest: DBG: testbed command ['sh', '-ec', 'command -v dpkg-query'], kind short, sout pipe, serr pipe, env []
autopkgtest: DBG: testbed command exited with code 0
autopkgtest: DBG: testbed command ['sh', '-ec', "dpkg-query --show -f '${Package}\\t${Version}\\n' > /tmp/autopkgtest.N5x67N/testbed-packages"], kind short, sout raw, serr pipe, env []
autopkgtest: DBG: testbed command exited with code 0
autopkgtest: DBG: sending command to testbed: copyup /tmp/autopkgtest.N5x67N/testbed-packages /home/minami/Documents/openkylin-riscv/test/libgtk3-perl/testbed-packages
autopkgtest-virt-qemu: DBG: executing copyup /tmp/autopkgtest.N5x67N/testbed-packages /home/minami/Documents/openkylin-riscv/test/libgtk3-perl/testbed-packages
autopkgtest-virt-qemu: DBG: ['cmdls', "(['/tmp/autopkgtest-qemu.vaqj_o2w/runcmd', 'sh', '-ec', 'cat </tmp/autopkgtest.N5x67N/testbed-packages'], ['cat'])"]
autopkgtest-virt-qemu: DBG: ['srcstdin', "<_io.BufferedReader name='/dev/null'>", 'deststdout', "<_io.BufferedWriter name='/home/minami/Documents/openkylin-riscv/test/libgtk3-perl/testbed-packages'>", 'devnull_read', <_io.BufferedReader name='/dev/null'>]
autopkgtest-virt-qemu: DBG:  +< /tmp/autopkgtest-qemu.vaqj_o2w/runcmd sh -ec cat </tmp/autopkgtest.N5x67N/testbed-packages
autopkgtest-virt-qemu: DBG:  +> cat
autopkgtest-virt-qemu: DBG:  +>?
autopkgtest-virt-qemu: DBG:  +<?
autopkgtest: DBG: got reply from testbed: ok
autopkgtest: DBG: testbed supports reboot, creating /tmp/autopkgtest-reboot
autopkgtest: DBG: testbed command ['mkdir', '-p', '/tmp/autopkgtest.N5x67N'], kind short, sout raw, serr pipe, env []
autopkgtest: DBG: testbed command exited with code 0
autopkgtest: DBG: sending command to testbed: copydown /usr/share/autopkgtest/lib/in-testbed/reboot.sh /tmp/autopkgtest.N5x67N/autopkgtest-reboot
autopkgtest-virt-qemu: DBG: executing copydown /usr/share/autopkgtest/lib/in-testbed/reboot.sh /tmp/autopkgtest.N5x67N/autopkgtest-reboot
autopkgtest-virt-qemu: DBG: ['cmdls', "(['cat'], ['/tmp/autopkgtest-qemu.vaqj_o2w/runcmd', 'sh', '-ec', 'cat >/tmp/autopkgtest.N5x67N/autopkgtest-reboot; chmod +x -- /tmp/autopkgtest.N5x67N/autopkgtest-reboot'])"]
autopkgtest-virt-qemu: DBG: ['srcstdin', "<_io.BufferedReader name='/usr/share/autopkgtest/lib/in-testbed/reboot.sh'>", 'deststdout', "<_io.BufferedReader name='/dev/null'>", 'devnull_read', <_io.BufferedReader name='/dev/null'>]
autopkgtest-virt-qemu: DBG:  +< cat
autopkgtest-virt-qemu: DBG:  +> /tmp/autopkgtest-qemu.vaqj_o2w/runcmd sh -ec cat >/tmp/autopkgtest.N5x67N/autopkgtest-reboot; chmod +x -- /tmp/autopkgtest.N5x67N/autopkgtest-reboot
autopkgtest-virt-qemu: DBG:  +>?
autopkgtest-virt-qemu: DBG:  +<?
autopkgtest: DBG: got reply from testbed: ok
autopkgtest: DBG: testbed command ['chmod', '-R', '0755', '--', '/tmp/autopkgtest.N5x67N/autopkgtest-reboot'], kind short, sout raw, serr pipe, env []
autopkgtest: DBG: testbed command exited with code 0
autopkgtest: DBG: testbed command ['ln', '-fns', '/tmp/autopkgtest.N5x67N/autopkgtest-reboot', '/tmp/autopkgtest-reboot'], kind short, sout raw, serr pipe, env []
autopkgtest: DBG: testbed command exited with code 0
autopkgtest: DBG: testbed command ['ln', '-fns', '/tmp/autopkgtest.N5x67N/autopkgtest-reboot', '/sbin/autopkgtest-reboot'], kind short, sout raw, serr pipe, env []
autopkgtest: DBG: testbed command exited with code 0
autopkgtest: DBG: testbed command ['mkdir', '-p', '/tmp/autopkgtest.N5x67N'], kind short, sout raw, serr pipe, env []
autopkgtest: DBG: testbed command exited with code 0
autopkgtest: DBG: sending command to testbed: copydown /usr/share/autopkgtest/lib/in-testbed/reboot-prepare.sh /tmp/autopkgtest.N5x67N/autopkgtest-reboot-prepare
autopkgtest-virt-qemu: DBG: executing copydown /usr/share/autopkgtest/lib/in-testbed/reboot-prepare.sh /tmp/autopkgtest.N5x67N/autopkgtest-reboot-prepare
autopkgtest-virt-qemu: DBG: ['cmdls', "(['cat'], ['/tmp/autopkgtest-qemu.vaqj_o2w/runcmd', 'sh', '-ec', 'cat >/tmp/autopkgtest.N5x67N/autopkgtest-reboot-prepare; chmod +x -- /tmp/autopkgtest.N5x67N/autopkgtest-reboot-prepare'])"]
autopkgtest-virt-qemu: DBG: ['srcstdin', "<_io.BufferedReader name='/usr/share/autopkgtest/lib/in-testbed/reboot-prepare.sh'>", 'deststdout', "<_io.BufferedReader name='/dev/null'>", 'devnull_read', <_io.BufferedReader name='/dev/null'>]
autopkgtest-virt-qemu: DBG:  +< cat
autopkgtest-virt-qemu: DBG:  +> /tmp/autopkgtest-qemu.vaqj_o2w/runcmd sh -ec cat >/tmp/autopkgtest.N5x67N/autopkgtest-reboot-prepare; chmod +x -- /tmp/autopkgtest.N5x67N/autopkgtest-reboot-prepare
autopkgtest-virt-qemu: DBG:  +>?
autopkgtest-virt-qemu: DBG:  +<?
autopkgtest: DBG: got reply from testbed: ok
autopkgtest: DBG: testbed command ['chmod', '-R', '0755', '--', '/tmp/autopkgtest.N5x67N/autopkgtest-reboot-prepare'], kind short, sout raw, serr pipe, env []
autopkgtest: DBG: testbed command exited with code 0
autopkgtest: DBG: testbed command ['ln', '-fns', '/tmp/autopkgtest.N5x67N/autopkgtest-reboot-prepare', '/tmp/autopkgtest-reboot-prepare'], kind short, sout raw, serr pipe, env []
autopkgtest: DBG: testbed command exited with code 0
autopkgtest: DBG: testbed command ['uname', '-srv'], kind short, sout pipe, serr pipe, env []
autopkgtest: DBG: testbed command exited with code 0
autopkgtest: DBG: Binaries: no registered binaries, not publishing anything
autopkgtest: DBG: install_deps: deps_new=['libgtk3-perl', 'pkg-perl-autopkgtest']
autopkgtest: DBG: install-deps: satisfying libgtk3-perl, pkg-perl-autopkgtest
autopkgtest: DBG: install-deps: architecture resolved: libgtk3-perl, pkg-perl-autopkgtest
autopkgtest: DBG: testbed command ['test', '-w', '/var/lib/dpkg/status'], kind short, sout raw, serr raw, env []
autopkgtest: DBG: testbed command exited with code 0
autopkgtest: DBG: can use apt-get on testbed: True
autopkgtest: DBG: testbed command ['mkdir', '-p', '/tmp/autopkgtest.N5x67N'], kind short, sout raw, serr pipe, env []
autopkgtest: DBG: testbed command exited with code 0
autopkgtest: DBG: sending command to testbed: copydown /home/minami/Documents/openkylin-riscv/test/libgtk3-perl/2-autopkgtest-satdep.deb /tmp/autopkgtest.N5x67N/2-autopkgtest-satdep.deb
autopkgtest-virt-qemu: DBG: executing copydown /home/minami/Documents/openkylin-riscv/test/libgtk3-perl/2-autopkgtest-satdep.deb /tmp/autopkgtest.N5x67N/2-autopkgtest-satdep.deb
autopkgtest-virt-qemu: DBG: ['cmdls', "(['cat'], ['/tmp/autopkgtest-qemu.vaqj_o2w/runcmd', 'sh', '-ec', 'cat >/tmp/autopkgtest.N5x67N/2-autopkgtest-satdep.deb'])"]
autopkgtest-virt-qemu: DBG: ['srcstdin', "<_io.BufferedReader name='/home/minami/Documents/openkylin-riscv/test/libgtk3-perl/2-autopkgtest-satdep.deb'>", 'deststdout', "<_io.BufferedReader name='/dev/null'>", 'devnull_read', <_io.BufferedReader name='/dev/null'>]
autopkgtest-virt-qemu: DBG:  +< cat
autopkgtest-virt-qemu: DBG:  +> /tmp/autopkgtest-qemu.vaqj_o2w/runcmd sh -ec cat >/tmp/autopkgtest.N5x67N/2-autopkgtest-satdep.deb
autopkgtest-virt-qemu: DBG:  +>?
autopkgtest-virt-qemu: DBG:  +<?
autopkgtest: DBG: got reply from testbed: ok
autopkgtest: DBG: testbed command ['chown', '-R', 'openkylin', '--', '/tmp/autopkgtest.N5x67N/2-autopkgtest-satdep.deb'], kind short, sout raw, serr pipe, env []
autopkgtest: DBG: testbed command exited with code 0
autopkgtest: DBG: testbed command ['dpkg', '--unpack', '/tmp/autopkgtest.N5x67N/2-autopkgtest-satdep.deb'], kind short, sout pipe, serr pipe, env []
autopkgtest: DBG: testbed command exited with code 0
autopkgtest: DBG: testbed command ['/bin/sh', '-ec', ' apt-get install --assume-yes --fix-broken -o APT::Status-Fd=3 -o APT::Install-Recommends=false -o Dpkg::Options::=--force-confnew -o Debug::pkgProblemResolver=true 3>&2 2>&1'], kind install, sout raw, serr pipe, env ['DEBIAN_FRONTEND=noninteractive', 'APT_LISTBUGS_FRONTEND=none', 'APT_LISTCHANGES_FRONTEND=none']
Reading package lists...
Building dependency tree...
Reading state information...
Correcting dependencies...Starting pkgProblemResolver with broken count: 0
Starting 2 pkgProblemResolver with broken count: 0
Done
 Done
Starting pkgProblemResolver with broken count: 0
Starting 2 pkgProblemResolver with broken count: 0
Done
The following packages were automatically installed and are no longer required:
  libdjvulibre-text libdjvulibre21 libegl-dev libgl-dev libglu1-mesa-dev
  libglx-dev libmpdec2 libvulkan-dev libx11-dev libxau-dev libxcb1-dev
  libxdmcp-dev libxext-dev qt5-qmake qt5-qmake-bin x11proto-core-dev
  x11proto-dev xorg-sgml-doctools xtrans-dev
Use 'apt autoremove' to remove them.
The following additional packages will be installed:
  autodep8 dctrl-tools libcairo-gobject-perl libcairo-perl
  libextutils-depends-perl libextutils-pkgconfig-perl
  libglib-object-introspection-perl libglib-perl libgtk3-perl
  pkg-perl-autopkgtest
Suggested packages:
  debtags libfont-freetype-perl libxml-libxml-perl
The following NEW packages will be installed:
  autodep8 dctrl-tools libcairo-gobject-perl libcairo-perl
  libextutils-depends-perl libextutils-pkgconfig-perl
  libglib-object-introspection-perl libglib-perl libgtk3-perl
  pkg-perl-autopkgtest
0 upgraded, 10 newly installed, 0 to remove and 18 not upgraded.
1 not fully installed or removed.
Need to get 616 kB of archives.
After this operation, 1,951 kB of additional disk space will be used.
Get:1 http://ppa.build.openkylin.top/kylinsoft/anything/openkylin yangtze/main riscv64 libextutils-depends-perl all 0.8000-ok1 [14.2 kB]
Get:2 http://archive.build.openkylin.top/openkylin yangtze/main riscv64 libgtk3-perl all 0.037-ok1 [28.5 kB]
Get:3 http://archive.build.openkylin.top/openkylin yangtze/main riscv64 dctrl-tools riscv64 2.24-ok1 [55.6 kB]
Get:4 http://ppa.build.openkylin.top/kylinsoft/anything/openkylin yangtze/main riscv64 libextutils-pkgconfig-perl all 1.16-ok1 [7,954 B]
Get:5 http://ppa.build.openkylin.top/kylinsoft/anything/openkylin yangtze/main riscv64 libcairo-perl riscv64 1.107-ok1 [90.0 kB]
Get:6 http://ppa.build.openkylin.top/kylinsoft/anything/openkylin yangtze/main riscv64 libglib-perl riscv64 3:1.329.2-ok1 [330 kB]
Get:7 http://ppa.build.openkylin.top/kylinsoft/anything/openkylin yangtze/main riscv64 libcairo-gobject-perl riscv64 1.005-ok1 [10.2 kB]
Get:8 http://ppa.build.openkylin.top/kylinsoft/anything/openkylin yangtze/main riscv64 libglib-object-introspection-perl riscv64 0.048-ok1 [61.8 kB]
Get:9 http://ppa.build.openkylin.top/kylinsoft/anything/openkylin yangtze/main riscv64 autodep8 all 0.22-ok1 [10.1 kB]
Get:10 http://ppa.build.openkylin.top/kylinsoft/anything/openkylin yangtze/main riscv64 pkg-perl-autopkgtest all 0.59-ok1 [8,208 B]
Fetched 616 kB in 1s (954 kB/s)
Selecting previously unselected package libextutils-depends-perl.
(Reading database ... (Reading database ... 5%(Reading database ... 10%(Reading database ... 15%(Reading database ... 20%(Reading database ... 25%(Reading database ... 30%(Reading database ... 35%(Reading database ... 40%(Reading database ... 45%(Reading database ... 50%(Reading database ... 55%(Reading database ... 60%(Reading database ... 65%(Reading database ... 70%(Reading database ... 75%(Reading database ... 80%(Reading database ... 85%(Reading database ... 90%(Reading database ... 95%(Reading database ... 100%(Reading database ... 161111 files and directories currently installed.)
Preparing to unpack .../0-libextutils-depends-perl_0.8000-ok1_all.deb ...
Unpacking libextutils-depends-perl (0.8000-ok1) ...
Selecting previously unselected package libextutils-pkgconfig-perl.
Preparing to unpack .../1-libextutils-pkgconfig-perl_1.16-ok1_all.deb ...
Unpacking libextutils-pkgconfig-perl (1.16-ok1) ...
Selecting previously unselected package libcairo-perl.
Preparing to unpack .../2-libcairo-perl_1.107-ok1_riscv64.deb ...
Unpacking libcairo-perl (1.107-ok1) ...
Selecting previously unselected package libglib-perl:riscv64.
Preparing to unpack .../3-libglib-perl_3%3a1.329.2-ok1_riscv64.deb ...
Unpacking libglib-perl:riscv64 (3:1.329.2-ok1) ...
Selecting previously unselected package libcairo-gobject-perl.
Preparing to unpack .../4-libcairo-gobject-perl_1.005-ok1_riscv64.deb ...
Unpacking libcairo-gobject-perl (1.005-ok1) ...
Selecting previously unselected package libglib-object-introspection-perl.
Preparing to unpack .../5-libglib-object-introspection-perl_0.048-ok1_riscv64.deb ...
Unpacking libglib-object-introspection-perl (0.048-ok1) ...
Selecting previously unselected package libgtk3-perl.
Preparing to unpack .../6-libgtk3-perl_0.037-ok1_all.deb ...
Unpacking libgtk3-perl (0.037-ok1) ...
Selecting previously unselected package dctrl-tools.
Preparing to unpack .../7-dctrl-tools_2.24-ok1_riscv64.deb ...
Unpacking dctrl-tools (2.24-ok1) ...
Selecting previously unselected package autodep8.
Preparing to unpack .../8-autodep8_0.22-ok1_all.deb ...
Unpacking autodep8 (0.22-ok1) ...
Selecting previously unselected package pkg-perl-autopkgtest.
Preparing to unpack .../9-pkg-perl-autopkgtest_0.59-ok1_all.deb ...
Unpacking pkg-perl-autopkgtest (0.59-ok1) ...
Setting up libextutils-pkgconfig-perl (1.16-ok1) ...
Setting up libextutils-depends-perl (0.8000-ok1) ...
Setting up libcairo-perl (1.107-ok1) ...
Setting up dctrl-tools (2.24-ok1) ...
Setting up autodep8 (0.22-ok1) ...
Setting up libglib-perl:riscv64 (3:1.329.2-ok1) ...
Setting up pkg-perl-autopkgtest (0.59-ok1) ...
Setting up libcairo-gobject-perl (1.005-ok1) ...
Setting up libglib-object-introspection-perl (0.048-ok1) ...
Setting up libgtk3-perl (0.037-ok1) ...
Setting up autopkgtest-satdep (0) ...
Processing triggers for man-db (2.9.1-ok3) ...
autopkgtest: DBG: testbed command exited with code 0
autopkgtest: DBG: testbed command ['dpkg-query', '--show', '-f', '${Status}', 'libgtk3-perl'], kind short, sout pipe, serr pipe, env []
autopkgtest: DBG: testbed command exited with code 0
autopkgtest: DBG: testbed command ['dpkg', '--status', 'autopkgtest-satdep'], kind short, sout pipe, serr pipe, env []
autopkgtest: DBG: testbed command exited with code 0
autopkgtest: DBG: testbed command ['apt-get', '--simulate', '--quiet', '-o', 'APT::Get::Show-User-Simulation-Note=False', '--auto-remove', 'purge', 'autopkgtest-satdep'], kind short, sout pipe, serr pipe, env []
autopkgtest: DBG: testbed command exited with code 0
autopkgtest: DBG: Marking test dependencies as manually installed: pkg-perl-autopkgtest autodep8 dctrl-tools libdjvulibre21 libdjvulibre-text libegl-dev libglu1-mesa-dev libgl-dev libglx-dev libmpdec2 libvulkan-dev libxext-dev libx11-dev libxcb1-dev libxau-dev libxdmcp-dev qt5-qmake qt5-qmake-bin x11proto-core-dev x11proto-dev xorg-sgml-doctools xtrans-dev
autopkgtest: DBG: testbed command ['apt-mark', 'manual', '-qq', 'pkg-perl-autopkgtest', 'autodep8', 'dctrl-tools', 'libdjvulibre21', 'libdjvulibre-text', 'libegl-dev', 'libglu1-mesa-dev', 'libgl-dev', 'libglx-dev', 'libmpdec2', 'libvulkan-dev', 'libxext-dev', 'libx11-dev', 'libxcb1-dev', 'libxau-dev', 'libxdmcp-dev', 'qt5-qmake', 'qt5-qmake-bin', 'x11proto-core-dev', 'x11proto-dev'], kind short, sout raw, serr pipe, env []
autopkgtest: DBG: testbed command exited with code 0
autopkgtest: DBG: testbed command ['apt-mark', 'manual', '-qq', 'xorg-sgml-doctools', 'xtrans-dev'], kind short, sout raw, serr pipe, env []
autopkgtest: DBG: testbed command exited with code 0
autopkgtest: DBG: testbed command ['dpkg', '--purge', 'autopkgtest-satdep'], kind short, sout raw, serr raw, env []
(Reading database ... 161366 files and directories currently installed.)
Removing autopkgtest-satdep (0) ...
autopkgtest: DBG: testbed command exited with code 0
autopkgtest: DBG: testbed command ['sh', '-ec', 'command -v dpkg-query'], kind short, sout pipe, serr pipe, env []
autopkgtest: DBG: testbed command exited with code 0
autopkgtest: DBG: testbed command ['sh', '-ec', "dpkg-query --show -f '${Package}\\t${Version}\\n' > /tmp/autopkgtest.N5x67N/autodep8-perl-packages.all"], kind short, sout raw, serr pipe, env []
autopkgtest: DBG: testbed command exited with code 0
autopkgtest: DBG: sending command to testbed: copyup /tmp/autopkgtest.N5x67N/autodep8-perl-packages.all /home/minami/Documents/openkylin-riscv/test/libgtk3-perl/autodep8-perl-packages.all
autopkgtest-virt-qemu: DBG: executing copyup /tmp/autopkgtest.N5x67N/autodep8-perl-packages.all /home/minami/Documents/openkylin-riscv/test/libgtk3-perl/autodep8-perl-packages.all
autopkgtest-virt-qemu: DBG: ['cmdls', "(['/tmp/autopkgtest-qemu.vaqj_o2w/runcmd', 'sh', '-ec', 'cat </tmp/autopkgtest.N5x67N/autodep8-perl-packages.all'], ['cat'])"]
autopkgtest-virt-qemu: DBG: ['srcstdin', "<_io.BufferedReader name='/dev/null'>", 'deststdout', "<_io.BufferedWriter name='/home/minami/Documents/openkylin-riscv/test/libgtk3-perl/autodep8-perl-packages.all'>", 'devnull_read', <_io.BufferedReader name='/dev/null'>]
autopkgtest-virt-qemu: DBG:  +< /tmp/autopkgtest-qemu.vaqj_o2w/runcmd sh -ec cat </tmp/autopkgtest.N5x67N/autodep8-perl-packages.all
autopkgtest-virt-qemu: DBG:  +> cat
autopkgtest-virt-qemu: DBG:  +>?
autopkgtest-virt-qemu: DBG:  +<?
autopkgtest: DBG: got reply from testbed: ok
autopkgtest: DBG: testbed command ['test', '-e', '/tmp/autopkgtest.N5x67N/build.ivL/src'], kind short, sout raw, serr raw, env []
autopkgtest: DBG: testbed command exited with code 1
autopkgtest: DBG: testbed command ['mkdir', '-p', '/tmp/autopkgtest.N5x67N/build.ivL'], kind short, sout raw, serr pipe, env []
autopkgtest: DBG: testbed command exited with code 0
autopkgtest: DBG: sending command to testbed: copydown /home/minami/Documents/openkylin-riscv/test/libgtk3-perl/tests-tree/ /tmp/autopkgtest.N5x67N/build.ivL/src/
autopkgtest-virt-qemu: DBG: executing copydown /home/minami/Documents/openkylin-riscv/test/libgtk3-perl/tests-tree/ /tmp/autopkgtest.N5x67N/build.ivL/src/
autopkgtest-virt-qemu: DBG: ['cmdls', "(['tar', '--directory', '/home/minami/Documents/openkylin-riscv/test/libgtk3-perl/tests-tree/', '--warning=none', '-c', '.', '-f', '-'], ['/tmp/autopkgtest-qemu.vaqj_o2w/runcmd', 'sh', '-ec', 'if ! test -d /tmp/autopkgtest.N5x67N/build.ivL/src/; then mkdir -- /tmp/autopkgtest.N5x67N/build.ivL/src/; fi; cd /tmp/autopkgtest.N5x67N/build.ivL/src/; tar --warning=none --preserve-permissions --extract --no-same-owner -f -'])"]
autopkgtest-virt-qemu: DBG: ['srcstdin', "<_io.BufferedReader name='/dev/null'>", 'deststdout', "<_io.BufferedReader name='/dev/null'>", 'devnull_read', <_io.BufferedReader name='/dev/null'>]
autopkgtest-virt-qemu: DBG:  +< tar --directory /home/minami/Documents/openkylin-riscv/test/libgtk3-perl/tests-tree/ --warning=none -c . -f -
autopkgtest-virt-qemu: DBG:  +> /tmp/autopkgtest-qemu.vaqj_o2w/runcmd sh -ec if ! test -d /tmp/autopkgtest.N5x67N/build.ivL/src/; then mkdir -- /tmp/autopkgtest.N5x67N/build.ivL/src/; fi; cd /tmp/autopkgtest.N5x67N/build.ivL/src/; tar --warning=none --preserve-permissions --extract --no-same-owner -f -
autopkgtest-virt-qemu: DBG:  +>?
autopkgtest-virt-qemu: DBG:  +<?
autopkgtest: DBG: got reply from testbed: ok
autopkgtest: DBG: testbed command ['chown', '-R', 'openkylin', '--', '/tmp/autopkgtest.N5x67N/build.ivL/src'], kind short, sout raw, serr pipe, env []
autopkgtest: DBG: testbed command exited with code 0
autopkgtest [11:43:31]: test autodep8-perl: /usr/share/pkg-perl-autopkgtest/runner runtime-deps
autopkgtest [11:43:31]: test autodep8-perl: [-----------------------
autopkgtest: DBG: testbed command ['su', '-s', '/bin/bash', 'openkylin', '-c', 'set -e; export USER=`id -nu`; . /etc/profile >/dev/null 2>&1 || true;  . ~/.profile >/dev/null 2>&1 || true; buildtree="/tmp/autopkgtest.N5x67N/build.ivL/src"; mkdir -p -m 1777 -- "/tmp/autopkgtest.N5x67N/autodep8-perl-artifacts"; export AUTOPKGTEST_ARTIFACTS="/tmp/autopkgtest.N5x67N/autodep8-perl-artifacts"; export ADT_ARTIFACTS="$AUTOPKGTEST_ARTIFACTS"; mkdir -p -m 755 "/tmp/autopkgtest.N5x67N/autopkgtest_tmp"; export AUTOPKGTEST_TMP="/tmp/autopkgtest.N5x67N/autopkgtest_tmp"; export ADTTMP="$AUTOPKGTEST_TMP"; export DEBIAN_FRONTEND=noninteractive; export LANG=C.UTF-8; export DEB_BUILD_OPTIONS=parallel=8; unset LANGUAGE LC_CTYPE LC_NUMERIC LC_TIME LC_COLLATE   LC_MONETARY LC_MESSAGES LC_PAPER LC_NAME LC_ADDRESS   LC_TELEPHONE LC_MEASUREMENT LC_IDENTIFICATION LC_ALL;cd "$buildtree"; exec /tmp/autopkgtest.N5x67N/wrapper.sh --script-pid-file=/tmp/autopkgtest_script_pid --stderr=/tmp/autopkgtest.N5x67N/autodep8-perl-stderr --stdout=/tmp/autopkgtest.N5x67N/autodep8-perl-stdout -- bash -ec \'/usr/share/pkg-perl-autopkgtest/runner runtime-deps\' ;'], kind test, sout raw, serr raw, env []
/usr/share/pkg-perl-autopkgtest/runtime-deps.d/use.t .. 
1..4
ok 1 -  /usr/bin/perl -w -M"Gtk3" -e 1 2>&1 exited successfully
ok 2 -  /usr/bin/perl -w -M"Gtk3" -e 1 2>&1 produced no (non-whitelisted) output
ok 3 - env PERL_DL_NONLAZY=1  /usr/bin/perl -w -M"Gtk3" -e 1 2>&1 exited successfully
ok 4 - env PERL_DL_NONLAZY=1  /usr/bin/perl -w -M"Gtk3" -e 1 2>&1 produced no (non-whitelisted) output
ok
All tests successful.
Files=1, Tests=4,  5 wallclock secs ( 0.25 usr  0.08 sys +  3.86 cusr  1.23 csys =  5.42 CPU)
Result: PASS
autopkgtest: DBG: testbed command exited with code 0
autopkgtest [11:43:41]: test autodep8-perl: -----------------------]
autopkgtest: DBG: testbed executing test finished with exit status 0
autopkgtest: DBG: sending command to testbed: copyup /tmp/autopkgtest.N5x67N/autodep8-perl-stdout /home/minami/Documents/openkylin-riscv/test/libgtk3-perl/autodep8-perl-stdout
autopkgtest-virt-qemu: DBG: executing copyup /tmp/autopkgtest.N5x67N/autodep8-perl-stdout /home/minami/Documents/openkylin-riscv/test/libgtk3-perl/autodep8-perl-stdout
autopkgtest-virt-qemu: DBG: ['cmdls', "(['/tmp/autopkgtest-qemu.vaqj_o2w/runcmd', 'sh', '-ec', 'cat </tmp/autopkgtest.N5x67N/autodep8-perl-stdout'], ['cat'])"]
autopkgtest-virt-qemu: DBG: ['srcstdin', "<_io.BufferedReader name='/dev/null'>", 'deststdout', "<_io.BufferedWriter name='/home/minami/Documents/openkylin-riscv/test/libgtk3-perl/autodep8-perl-stdout'>", 'devnull_read', <_io.BufferedReader name='/dev/null'>]
autopkgtest-virt-qemu: DBG:  +< /tmp/autopkgtest-qemu.vaqj_o2w/runcmd sh -ec cat </tmp/autopkgtest.N5x67N/autodep8-perl-stdout
autopkgtest-virt-qemu: DBG:  +> cat
autopkgtest-virt-qemu: DBG:  +>?
autopkgtest-virt-qemu: DBG:  +<?
autopkgtest: DBG: got reply from testbed: ok
autopkgtest: DBG: sending command to testbed: copyup /tmp/autopkgtest.N5x67N/autodep8-perl-stderr /home/minami/Documents/openkylin-riscv/test/libgtk3-perl/autodep8-perl-stderr
autopkgtest-virt-qemu: DBG: executing copyup /tmp/autopkgtest.N5x67N/autodep8-perl-stderr /home/minami/Documents/openkylin-riscv/test/libgtk3-perl/autodep8-perl-stderr
autopkgtest-virt-qemu: DBG: ['cmdls', "(['/tmp/autopkgtest-qemu.vaqj_o2w/runcmd', 'sh', '-ec', 'cat </tmp/autopkgtest.N5x67N/autodep8-perl-stderr'], ['cat'])"]
autopkgtest-virt-qemu: DBG: ['srcstdin', "<_io.BufferedReader name='/dev/null'>", 'deststdout', "<_io.BufferedWriter name='/home/minami/Documents/openkylin-riscv/test/libgtk3-perl/autodep8-perl-stderr'>", 'devnull_read', <_io.BufferedReader name='/dev/null'>]
autopkgtest-virt-qemu: DBG:  +< /tmp/autopkgtest-qemu.vaqj_o2w/runcmd sh -ec cat </tmp/autopkgtest.N5x67N/autodep8-perl-stderr
autopkgtest-virt-qemu: DBG:  +> cat
autopkgtest-virt-qemu: DBG:  +>?
autopkgtest-virt-qemu: DBG:  +<?
autopkgtest: DBG: got reply from testbed: ok
autopkgtest [11:43:43]: test autodep8-perl:  - - - - - - - - - - results - - - - - - - - - -
autodep8-perl        PASS (superficial)
autopkgtest: DBG: sending command to testbed: copyup /tmp/autopkgtest.N5x67N/autodep8-perl-artifacts/ /home/minami/Documents/openkylin-riscv/test/libgtk3-perl/artifacts/
autopkgtest-virt-qemu: DBG: executing copyup /tmp/autopkgtest.N5x67N/autodep8-perl-artifacts/ /home/minami/Documents/openkylin-riscv/test/libgtk3-perl/artifacts/
autopkgtest-virt-qemu: DBG: ['cmdls', "(['/tmp/autopkgtest-qemu.vaqj_o2w/runcmd', 'sh', '-ec', 'cd /tmp/autopkgtest.N5x67N/autodep8-perl-artifacts/; tar --warning=none -c . -f -'], ['tar', '--directory', '/home/minami/Documents/openkylin-riscv/test/libgtk3-perl/artifacts/', '--warning=none', '--preserve-permissions', '--extract', '--no-same-owner', '-f', '-'])"]
autopkgtest-virt-qemu: DBG: ['srcstdin', "<_io.BufferedReader name='/dev/null'>", 'deststdout', "<_io.BufferedReader name='/dev/null'>", 'devnull_read', <_io.BufferedReader name='/dev/null'>]
autopkgtest-virt-qemu: DBG:  +< /tmp/autopkgtest-qemu.vaqj_o2w/runcmd sh -ec cd /tmp/autopkgtest.N5x67N/autodep8-perl-artifacts/; tar --warning=none -c . -f -
autopkgtest-virt-qemu: DBG:  +> tar --directory /home/minami/Documents/openkylin-riscv/test/libgtk3-perl/artifacts/ --warning=none --preserve-permissions --extract --no-same-owner -f -
autopkgtest-virt-qemu: DBG:  +>?
autopkgtest-virt-qemu: DBG:  +<?
autopkgtest: DBG: got reply from testbed: ok
autopkgtest: DBG: testbed command ['rm', '-rf', '/tmp/autopkgtest.N5x67N/autodep8-perl-artifacts', '/tmp/autopkgtest.N5x67N/autopkgtest_tmp'], kind short, sout raw, serr pipe, env []
autopkgtest: DBG: testbed command exited with code 0
autopkgtest [11:43:44]: test autodep8-perl-recommends: preparing testbed
autopkgtest: DBG: testbed reset: modified=False, deps_installed=['libgtk3-perl', 'pkg-perl-autopkgtest'], deps_new=['libgtk3-perl', 'pkg-perl-autopkgtest']
autopkgtest: DBG: Binaries: no registered binaries, not publishing anything
autopkgtest: DBG: install_deps: deps_new=['libgtk3-perl', 'pkg-perl-autopkgtest']
autopkgtest: DBG: install-deps: satisfying libgtk3-perl, pkg-perl-autopkgtest
autopkgtest: DBG: install-deps: architecture resolved: libgtk3-perl, pkg-perl-autopkgtest
autopkgtest: DBG: testbed command ['test', '-w', '/var/lib/dpkg/status'], kind short, sout raw, serr raw, env []
autopkgtest: DBG: testbed command exited with code 0
autopkgtest: DBG: can use apt-get on testbed: True
autopkgtest: DBG: testbed command ['mkdir', '-p', '/tmp/autopkgtest.N5x67N'], kind short, sout raw, serr pipe, env []
autopkgtest: DBG: testbed command exited with code 0
autopkgtest: DBG: sending command to testbed: copydown /home/minami/Documents/openkylin-riscv/test/libgtk3-perl/3-autopkgtest-satdep.deb /tmp/autopkgtest.N5x67N/3-autopkgtest-satdep.deb
autopkgtest-virt-qemu: DBG: executing copydown /home/minami/Documents/openkylin-riscv/test/libgtk3-perl/3-autopkgtest-satdep.deb /tmp/autopkgtest.N5x67N/3-autopkgtest-satdep.deb
autopkgtest-virt-qemu: DBG: ['cmdls', "(['cat'], ['/tmp/autopkgtest-qemu.vaqj_o2w/runcmd', 'sh', '-ec', 'cat >/tmp/autopkgtest.N5x67N/3-autopkgtest-satdep.deb'])"]
autopkgtest-virt-qemu: DBG: ['srcstdin', "<_io.BufferedReader name='/home/minami/Documents/openkylin-riscv/test/libgtk3-perl/3-autopkgtest-satdep.deb'>", 'deststdout', "<_io.BufferedReader name='/dev/null'>", 'devnull_read', <_io.BufferedReader name='/dev/null'>]
autopkgtest-virt-qemu: DBG:  +< cat
autopkgtest-virt-qemu: DBG:  +> /tmp/autopkgtest-qemu.vaqj_o2w/runcmd sh -ec cat >/tmp/autopkgtest.N5x67N/3-autopkgtest-satdep.deb
autopkgtest-virt-qemu: DBG:  +>?
autopkgtest-virt-qemu: DBG:  +<?
autopkgtest: DBG: got reply from testbed: ok
autopkgtest: DBG: testbed command ['chown', '-R', 'openkylin', '--', '/tmp/autopkgtest.N5x67N/3-autopkgtest-satdep.deb'], kind short, sout raw, serr pipe, env []
autopkgtest: DBG: testbed command exited with code 0
autopkgtest: DBG: testbed command ['dpkg', '--unpack', '/tmp/autopkgtest.N5x67N/3-autopkgtest-satdep.deb'], kind short, sout pipe, serr pipe, env []
autopkgtest: DBG: testbed command exited with code 0
autopkgtest: DBG: testbed command ['/bin/sh', '-ec', ' apt-get install --assume-yes --fix-broken -o APT::Status-Fd=3 -o APT::Install-Recommends=false -o Dpkg::Options::=--force-confnew -o Debug::pkgProblemResolver=true 3>&2 2>&1'], kind install, sout raw, serr pipe, env ['DEBIAN_FRONTEND=noninteractive', 'APT_LISTBUGS_FRONTEND=none', 'APT_LISTCHANGES_FRONTEND=none']
Reading package lists...
Building dependency tree...
Reading state information...
Starting pkgProblemResolver with broken count: 0
Starting 2 pkgProblemResolver with broken count: 0
Done
0 upgraded, 0 newly installed, 0 to remove and 18 not upgraded.
1 not fully installed or removed.
After this operation, 0 B of additional disk space will be used.
Setting up autopkgtest-satdep (0) ...
autopkgtest: DBG: testbed command exited with code 0
autopkgtest: DBG: testbed command ['dpkg-query', '--show', '-f', '${Status}', 'libgtk3-perl'], kind short, sout pipe, serr pipe, env []
autopkgtest: DBG: testbed command exited with code 0
autopkgtest: DBG: testbed command ['dpkg', '--status', 'autopkgtest-satdep'], kind short, sout pipe, serr pipe, env []
autopkgtest: DBG: testbed command exited with code 0
autopkgtest: DBG: testbed command ['apt-get', '--simulate', '--quiet', '-o', 'APT::Get::Show-User-Simulation-Note=False', '--auto-remove', 'purge', 'autopkgtest-satdep'], kind short, sout pipe, serr pipe, env []
autopkgtest: DBG: testbed command exited with code 0
autopkgtest: DBG: testbed command ['dpkg', '--purge', 'autopkgtest-satdep'], kind short, sout raw, serr raw, env []
(Reading database ... 161366 files and directories currently installed.)
Removing autopkgtest-satdep (0) ...
autopkgtest: DBG: testbed command exited with code 0
autopkgtest: DBG: testbed command ['sh', '-ec', 'command -v dpkg-query'], kind short, sout pipe, serr pipe, env []
autopkgtest: DBG: testbed command exited with code 0
autopkgtest: DBG: testbed command ['sh', '-ec', "dpkg-query --show -f '${Package}\\t${Version}\\n' > /tmp/autopkgtest.N5x67N/autodep8-perl-recommends-packages.all"], kind short, sout raw, serr pipe, env []
autopkgtest: DBG: testbed command exited with code 0
autopkgtest: DBG: sending command to testbed: copyup /tmp/autopkgtest.N5x67N/autodep8-perl-recommends-packages.all /home/minami/Documents/openkylin-riscv/test/libgtk3-perl/autodep8-perl-recommends-packages.all
autopkgtest-virt-qemu: DBG: executing copyup /tmp/autopkgtest.N5x67N/autodep8-perl-recommends-packages.all /home/minami/Documents/openkylin-riscv/test/libgtk3-perl/autodep8-perl-recommends-packages.all
autopkgtest-virt-qemu: DBG: ['cmdls', "(['/tmp/autopkgtest-qemu.vaqj_o2w/runcmd', 'sh', '-ec', 'cat </tmp/autopkgtest.N5x67N/autodep8-perl-recommends-packages.all'], ['cat'])"]
autopkgtest-virt-qemu: DBG: ['srcstdin', "<_io.BufferedReader name='/dev/null'>", 'deststdout', "<_io.BufferedWriter name='/home/minami/Documents/openkylin-riscv/test/libgtk3-perl/autodep8-perl-recommends-packages.all'>", 'devnull_read', <_io.BufferedReader name='/dev/null'>]
autopkgtest-virt-qemu: DBG:  +< /tmp/autopkgtest-qemu.vaqj_o2w/runcmd sh -ec cat </tmp/autopkgtest.N5x67N/autodep8-perl-recommends-packages.all
autopkgtest-virt-qemu: DBG:  +> cat
autopkgtest-virt-qemu: DBG:  +>?
autopkgtest-virt-qemu: DBG:  +<?
autopkgtest: DBG: got reply from testbed: ok
autopkgtest: DBG: testbed command ['test', '-e', '/tmp/autopkgtest.N5x67N/build.ivL/src'], kind short, sout raw, serr raw, env []
autopkgtest: DBG: testbed command exited with code 0
autopkgtest: DBG: copydown: tb path /tmp/autopkgtest.N5x67N/build.ivL/src already exists
autopkgtest [11:44:06]: test autodep8-perl-recommends: /usr/share/pkg-perl-autopkgtest/runner runtime-deps-and-recommends
autopkgtest [11:44:06]: test autodep8-perl-recommends: [-----------------------
autopkgtest: DBG: testbed command ['su', '-s', '/bin/bash', 'openkylin', '-c', 'set -e; export USER=`id -nu`; . /etc/profile >/dev/null 2>&1 || true;  . ~/.profile >/dev/null 2>&1 || true; buildtree="/tmp/autopkgtest.N5x67N/build.ivL/src"; mkdir -p -m 1777 -- "/tmp/autopkgtest.N5x67N/autodep8-perl-recommends-artifacts"; export AUTOPKGTEST_ARTIFACTS="/tmp/autopkgtest.N5x67N/autodep8-perl-recommends-artifacts"; export ADT_ARTIFACTS="$AUTOPKGTEST_ARTIFACTS"; mkdir -p -m 755 "/tmp/autopkgtest.N5x67N/autopkgtest_tmp"; export AUTOPKGTEST_TMP="/tmp/autopkgtest.N5x67N/autopkgtest_tmp"; export ADTTMP="$AUTOPKGTEST_TMP"; export DEBIAN_FRONTEND=noninteractive; export LANG=C.UTF-8; export DEB_BUILD_OPTIONS=parallel=8; unset LANGUAGE LC_CTYPE LC_NUMERIC LC_TIME LC_COLLATE   LC_MONETARY LC_MESSAGES LC_PAPER LC_NAME LC_ADDRESS   LC_TELEPHONE LC_MEASUREMENT LC_IDENTIFICATION LC_ALL;cd "$buildtree"; exec /tmp/autopkgtest.N5x67N/wrapper.sh --script-pid-file=/tmp/autopkgtest_script_pid --stderr=/tmp/autopkgtest.N5x67N/autodep8-perl-recommends-stderr --stdout=/tmp/autopkgtest.N5x67N/autodep8-perl-recommends-stdout -- bash -ec \'/usr/share/pkg-perl-autopkgtest/runner runtime-deps-and-recommends\' ;'], kind test, sout raw, serr raw, env []
/usr/share/pkg-perl-autopkgtest/runtime-deps-and-recommends.d/syntax.t .. 
1..4
ok 1 - Package libgtk3-perl is known to dpkg
ok 2 - Got status information for package libgtk3-perl
ok 3 - Got file list for package libgtk3-perl
# Subtest: all modules in libgtk3-perl pass the syntax check
    1..1
    ok 1 - /usr/bin/perl -wc /usr/share/perl5/Gtk3.pm exited successfully
ok 4 - all modules in libgtk3-perl pass the syntax check
ok
All tests successful.
Files=1, Tests=4,  2 wallclock secs ( 0.25 usr  0.05 sys +  1.65 cusr  0.63 csys =  2.58 CPU)
Result: PASS
autopkgtest: DBG: testbed command exited with code 0
autopkgtest [11:44:13]: test autodep8-perl-recommends: -----------------------]
autopkgtest: DBG: testbed executing test finished with exit status 0
autopkgtest: DBG: sending command to testbed: copyup /tmp/autopkgtest.N5x67N/autodep8-perl-recommends-stdout /home/minami/Documents/openkylin-riscv/test/libgtk3-perl/autodep8-perl-recommends-stdout
autopkgtest-virt-qemu: DBG: executing copyup /tmp/autopkgtest.N5x67N/autodep8-perl-recommends-stdout /home/minami/Documents/openkylin-riscv/test/libgtk3-perl/autodep8-perl-recommends-stdout
autopkgtest-virt-qemu: DBG: ['cmdls', "(['/tmp/autopkgtest-qemu.vaqj_o2w/runcmd', 'sh', '-ec', 'cat </tmp/autopkgtest.N5x67N/autodep8-perl-recommends-stdout'], ['cat'])"]
autopkgtest-virt-qemu: DBG: ['srcstdin', "<_io.BufferedReader name='/dev/null'>", 'deststdout', "<_io.BufferedWriter name='/home/minami/Documents/openkylin-riscv/test/libgtk3-perl/autodep8-perl-recommends-stdout'>", 'devnull_read', <_io.BufferedReader name='/dev/null'>]
autopkgtest-virt-qemu: DBG:  +< /tmp/autopkgtest-qemu.vaqj_o2w/runcmd sh -ec cat </tmp/autopkgtest.N5x67N/autodep8-perl-recommends-stdout
autopkgtest-virt-qemu: DBG:  +> cat
autopkgtest-virt-qemu: DBG:  +>?
autopkgtest-virt-qemu: DBG:  +<?
autopkgtest: DBG: got reply from testbed: ok
autopkgtest: DBG: sending command to testbed: copyup /tmp/autopkgtest.N5x67N/autodep8-perl-recommends-stderr /home/minami/Documents/openkylin-riscv/test/libgtk3-perl/autodep8-perl-recommends-stderr
autopkgtest-virt-qemu: DBG: executing copyup /tmp/autopkgtest.N5x67N/autodep8-perl-recommends-stderr /home/minami/Documents/openkylin-riscv/test/libgtk3-perl/autodep8-perl-recommends-stderr
autopkgtest-virt-qemu: DBG: ['cmdls', "(['/tmp/autopkgtest-qemu.vaqj_o2w/runcmd', 'sh', '-ec', 'cat </tmp/autopkgtest.N5x67N/autodep8-perl-recommends-stderr'], ['cat'])"]
autopkgtest-virt-qemu: DBG: ['srcstdin', "<_io.BufferedReader name='/dev/null'>", 'deststdout', "<_io.BufferedWriter name='/home/minami/Documents/openkylin-riscv/test/libgtk3-perl/autodep8-perl-recommends-stderr'>", 'devnull_read', <_io.BufferedReader name='/dev/null'>]
autopkgtest-virt-qemu: DBG:  +< /tmp/autopkgtest-qemu.vaqj_o2w/runcmd sh -ec cat </tmp/autopkgtest.N5x67N/autodep8-perl-recommends-stderr
autopkgtest-virt-qemu: DBG:  +> cat
autopkgtest-virt-qemu: DBG:  +>?
autopkgtest-virt-qemu: DBG:  +<?
autopkgtest: DBG: got reply from testbed: ok
autopkgtest [11:44:14]: test autodep8-perl-recommends:  - - - - - - - - - - results - - - - - - - - - -
autodep8-perl-recommends PASS (superficial)
autopkgtest: DBG: sending command to testbed: copyup /tmp/autopkgtest.N5x67N/autodep8-perl-recommends-artifacts/ /home/minami/Documents/openkylin-riscv/test/libgtk3-perl/artifacts/
autopkgtest-virt-qemu: DBG: executing copyup /tmp/autopkgtest.N5x67N/autodep8-perl-recommends-artifacts/ /home/minami/Documents/openkylin-riscv/test/libgtk3-perl/artifacts/
autopkgtest-virt-qemu: DBG: ['cmdls', "(['/tmp/autopkgtest-qemu.vaqj_o2w/runcmd', 'sh', '-ec', 'cd /tmp/autopkgtest.N5x67N/autodep8-perl-recommends-artifacts/; tar --warning=none -c . -f -'], ['tar', '--directory', '/home/minami/Documents/openkylin-riscv/test/libgtk3-perl/artifacts/', '--warning=none', '--preserve-permissions', '--extract', '--no-same-owner', '-f', '-'])"]
autopkgtest-virt-qemu: DBG: ['srcstdin', "<_io.BufferedReader name='/dev/null'>", 'deststdout', "<_io.BufferedReader name='/dev/null'>", 'devnull_read', <_io.BufferedReader name='/dev/null'>]
autopkgtest-virt-qemu: DBG:  +< /tmp/autopkgtest-qemu.vaqj_o2w/runcmd sh -ec cd /tmp/autopkgtest.N5x67N/autodep8-perl-recommends-artifacts/; tar --warning=none -c . -f -
autopkgtest-virt-qemu: DBG:  +> tar --directory /home/minami/Documents/openkylin-riscv/test/libgtk3-perl/artifacts/ --warning=none --preserve-permissions --extract --no-same-owner -f -
autopkgtest-virt-qemu: DBG:  +>?
autopkgtest-virt-qemu: DBG:  +<?
autopkgtest: DBG: got reply from testbed: ok
autopkgtest: DBG: testbed command ['rm', '-rf', '/tmp/autopkgtest.N5x67N/autodep8-perl-recommends-artifacts', '/tmp/autopkgtest.N5x67N/autopkgtest_tmp'], kind short, sout raw, serr pipe, env []
autopkgtest: DBG: testbed command exited with code 0
autopkgtest: DBG: needs_reset, previously=False, requested by run_tests() line 208
autopkgtest [11:44:15]: @@@@@@@@@@@@@@@@@@@@ summary
autodep8-perl-build-deps PASS
autodep8-perl        PASS (superficial)
autodep8-perl-recommends PASS (superficial)
autopkgtest: DBG: testbed stop
autopkgtest: DBG: testbed close, scratch=/tmp/autopkgtest.N5x67N
autopkgtest: DBG: sending command to testbed: close
autopkgtest-virt-qemu: DBG: executing close
autopkgtest-virt-qemu: DBG: cleanup...
qemu-system-riscv64: terminating on signal 15 from pid 3951217 (/usr/bin/python3)
autopkgtest: DBG: got reply from testbed: ok
autopkgtest: DBG: sending command to testbed: quit
autopkgtest-virt-qemu: DBG: executing quit
autopkgtest-virt-qemu: DBG: cleanup...
