-- The CXX compiler identification is GNU 9.3.0
-- Check for working CXX compiler: /usr/bin/c++
-- Check for working CXX compiler: /usr/bin/c++ -- works
-- Detecting CXX compiler ABI info
-- Detecting CXX compiler ABI info - done
-- Detecting CXX compile features
-- Detecting CXX compile features - done
-- Configuring done
-- Generating done
-- Build files have been written to: /tmp/autopkgtest.Cj6HNo/build.8hT/src/test/cctest/build
/usr/bin/cmake -S/tmp/autopkgtest.Cj6HNo/build.8hT/src/test/cctest -B/tmp/autopkgtest.Cj6HNo/build.8hT/src/test/cctest/build --check-build-system CMakeFiles/Makefile.cmake 0
/usr/bin/cmake -E cmake_progress_start /tmp/autopkgtest.Cj6HNo/build.8hT/src/test/cctest/build/CMakeFiles /tmp/autopkgtest.Cj6HNo/build.8hT/src/test/cctest/build/CMakeFiles/progress.marks
make -f CMakeFiles/Makefile2 all
make[1]: Entering directory '/tmp/autopkgtest.Cj6HNo/build.8hT/src/test/cctest/build'
make -f CMakeFiles/cctest.dir/build.make CMakeFiles/cctest.dir/depend
make[2]: Entering directory '/tmp/autopkgtest.Cj6HNo/build.8hT/src/test/cctest/build'
cd /tmp/autopkgtest.Cj6HNo/build.8hT/src/test/cctest/build && /usr/bin/cmake -E cmake_depends "Unix Makefiles" /tmp/autopkgtest.Cj6HNo/build.8hT/src/test/cctest /tmp/autopkgtest.Cj6HNo/build.8hT/src/test/cctest /tmp/autopkgtest.Cj6HNo/build.8hT/src/test/cctest/build /tmp/autopkgtest.Cj6HNo/build.8hT/src/test/cctest/build /tmp/autopkgtest.Cj6HNo/build.8hT/src/test/cctest/build/CMakeFiles/cctest.dir/DependInfo.cmake --color=
Scanning dependencies of target cctest
make[2]: Leaving directory '/tmp/autopkgtest.Cj6HNo/build.8hT/src/test/cctest/build'
make -f CMakeFiles/cctest.dir/build.make CMakeFiles/cctest.dir/build
make[2]: Entering directory '/tmp/autopkgtest.Cj6HNo/build.8hT/src/test/cctest/build'
[  6%] Building CXX object CMakeFiles/cctest.dir/cctest.o
/usr/bin/c++   -isystem /usr/include/double-conversion  -g -O2 -ffile-prefix-map=/tmp/autopkgtest.Cj6HNo/build.8hT/src/test/cctest=. -fstack-protector-strong -Wformat -Werror=format-security   -o CMakeFiles/cctest.dir/cctest.o -c /tmp/autopkgtest.Cj6HNo/build.8hT/src/test/cctest/cctest.cc
[ 13%] Building CXX object CMakeFiles/cctest.dir/gay-fixed.o
/usr/bin/c++   -isystem /usr/include/double-conversion  -g -O2 -ffile-prefix-map=/tmp/autopkgtest.Cj6HNo/build.8hT/src/test/cctest=. -fstack-protector-strong -Wformat -Werror=format-security   -o CMakeFiles/cctest.dir/gay-fixed.o -c /tmp/autopkgtest.Cj6HNo/build.8hT/src/test/cctest/gay-fixed.cc
[ 20%] Building CXX object CMakeFiles/cctest.dir/gay-precision.o
/usr/bin/c++   -isystem /usr/include/double-conversion  -g -O2 -ffile-prefix-map=/tmp/autopkgtest.Cj6HNo/build.8hT/src/test/cctest=. -fstack-protector-strong -Wformat -Werror=format-security   -o CMakeFiles/cctest.dir/gay-precision.o -c /tmp/autopkgtest.Cj6HNo/build.8hT/src/test/cctest/gay-precision.cc
[ 26%] Building CXX object CMakeFiles/cctest.dir/gay-shortest.o
/usr/bin/c++   -isystem /usr/include/double-conversion  -g -O2 -ffile-prefix-map=/tmp/autopkgtest.Cj6HNo/build.8hT/src/test/cctest=. -fstack-protector-strong -Wformat -Werror=format-security   -o CMakeFiles/cctest.dir/gay-shortest.o -c /tmp/autopkgtest.Cj6HNo/build.8hT/src/test/cctest/gay-shortest.cc
[ 33%] Building CXX object CMakeFiles/cctest.dir/gay-shortest-single.o
/usr/bin/c++   -isystem /usr/include/double-conversion  -g -O2 -ffile-prefix-map=/tmp/autopkgtest.Cj6HNo/build.8hT/src/test/cctest=. -fstack-protector-strong -Wformat -Werror=format-security   -o CMakeFiles/cctest.dir/gay-shortest-single.o -c /tmp/autopkgtest.Cj6HNo/build.8hT/src/test/cctest/gay-shortest-single.cc
[ 40%] Building CXX object CMakeFiles/cctest.dir/test-bignum.o
/usr/bin/c++   -isystem /usr/include/double-conversion  -g -O2 -ffile-prefix-map=/tmp/autopkgtest.Cj6HNo/build.8hT/src/test/cctest=. -fstack-protector-strong -Wformat -Werror=format-security   -o CMakeFiles/cctest.dir/test-bignum.o -c /tmp/autopkgtest.Cj6HNo/build.8hT/src/test/cctest/test-bignum.cc
[ 46%] Building CXX object CMakeFiles/cctest.dir/test-bignum-dtoa.o
/usr/bin/c++   -isystem /usr/include/double-conversion  -g -O2 -ffile-prefix-map=/tmp/autopkgtest.Cj6HNo/build.8hT/src/test/cctest=. -fstack-protector-strong -Wformat -Werror=format-security   -o CMakeFiles/cctest.dir/test-bignum-dtoa.o -c /tmp/autopkgtest.Cj6HNo/build.8hT/src/test/cctest/test-bignum-dtoa.cc
[ 53%] Building CXX object CMakeFiles/cctest.dir/test-conversions.o
/usr/bin/c++   -isystem /usr/include/double-conversion  -g -O2 -ffile-prefix-map=/tmp/autopkgtest.Cj6HNo/build.8hT/src/test/cctest=. -fstack-protector-strong -Wformat -Werror=format-security   -o CMakeFiles/cctest.dir/test-conversions.o -c /tmp/autopkgtest.Cj6HNo/build.8hT/src/test/cctest/test-conversions.cc
[ 60%] Building CXX object CMakeFiles/cctest.dir/test-diy-fp.o
/usr/bin/c++   -isystem /usr/include/double-conversion  -g -O2 -ffile-prefix-map=/tmp/autopkgtest.Cj6HNo/build.8hT/src/test/cctest=. -fstack-protector-strong -Wformat -Werror=format-security   -o CMakeFiles/cctest.dir/test-diy-fp.o -c /tmp/autopkgtest.Cj6HNo/build.8hT/src/test/cctest/test-diy-fp.cc
[ 66%] Building CXX object CMakeFiles/cctest.dir/test-dtoa.o
/usr/bin/c++   -isystem /usr/include/double-conversion  -g -O2 -ffile-prefix-map=/tmp/autopkgtest.Cj6HNo/build.8hT/src/test/cctest=. -fstack-protector-strong -Wformat -Werror=format-security   -o CMakeFiles/cctest.dir/test-dtoa.o -c /tmp/autopkgtest.Cj6HNo/build.8hT/src/test/cctest/test-dtoa.cc
[ 73%] Building CXX object CMakeFiles/cctest.dir/test-fast-dtoa.o
/usr/bin/c++   -isystem /usr/include/double-conversion  -g -O2 -ffile-prefix-map=/tmp/autopkgtest.Cj6HNo/build.8hT/src/test/cctest=. -fstack-protector-strong -Wformat -Werror=format-security   -o CMakeFiles/cctest.dir/test-fast-dtoa.o -c /tmp/autopkgtest.Cj6HNo/build.8hT/src/test/cctest/test-fast-dtoa.cc
[ 80%] Building CXX object CMakeFiles/cctest.dir/test-fixed-dtoa.o
/usr/bin/c++   -isystem /usr/include/double-conversion  -g -O2 -ffile-prefix-map=/tmp/autopkgtest.Cj6HNo/build.8hT/src/test/cctest=. -fstack-protector-strong -Wformat -Werror=format-security   -o CMakeFiles/cctest.dir/test-fixed-dtoa.o -c /tmp/autopkgtest.Cj6HNo/build.8hT/src/test/cctest/test-fixed-dtoa.cc
[ 86%] Building CXX object CMakeFiles/cctest.dir/test-ieee.o
/usr/bin/c++   -isystem /usr/include/double-conversion  -g -O2 -ffile-prefix-map=/tmp/autopkgtest.Cj6HNo/build.8hT/src/test/cctest=. -fstack-protector-strong -Wformat -Werror=format-security   -o CMakeFiles/cctest.dir/test-ieee.o -c /tmp/autopkgtest.Cj6HNo/build.8hT/src/test/cctest/test-ieee.cc
[ 93%] Building CXX object CMakeFiles/cctest.dir/test-strtod.o
/usr/bin/c++   -isystem /usr/include/double-conversion  -g -O2 -ffile-prefix-map=/tmp/autopkgtest.Cj6HNo/build.8hT/src/test/cctest=. -fstack-protector-strong -Wformat -Werror=format-security   -o CMakeFiles/cctest.dir/test-strtod.o -c /tmp/autopkgtest.Cj6HNo/build.8hT/src/test/cctest/test-strtod.cc
[100%] Linking CXX executable cctest
/usr/bin/cmake -E cmake_link_script CMakeFiles/cctest.dir/link.txt --verbose=1
/usr/bin/c++  -g -O2 -ffile-prefix-map=/tmp/autopkgtest.Cj6HNo/build.8hT/src/test/cctest=. -fstack-protector-strong -Wformat -Werror=format-security  -rdynamic CMakeFiles/cctest.dir/cctest.o CMakeFiles/cctest.dir/gay-fixed.o CMakeFiles/cctest.dir/gay-precision.o CMakeFiles/cctest.dir/gay-shortest.o CMakeFiles/cctest.dir/gay-shortest-single.o CMakeFiles/cctest.dir/test-bignum.o CMakeFiles/cctest.dir/test-bignum-dtoa.o CMakeFiles/cctest.dir/test-conversions.o CMakeFiles/cctest.dir/test-diy-fp.o CMakeFiles/cctest.dir/test-dtoa.o CMakeFiles/cctest.dir/test-fast-dtoa.o CMakeFiles/cctest.dir/test-fixed-dtoa.o CMakeFiles/cctest.dir/test-ieee.o CMakeFiles/cctest.dir/test-strtod.o  -o cctest  /usr/lib/riscv64-linux-gnu/libdouble-conversion.so.3.1 
make[2]: Leaving directory '/tmp/autopkgtest.Cj6HNo/build.8hT/src/test/cctest/build'
[100%] Built target cctest
make[1]: Leaving directory '/tmp/autopkgtest.Cj6HNo/build.8hT/src/test/cctest/build'
/usr/bin/cmake -E cmake_progress_start /tmp/autopkgtest.Cj6HNo/build.8hT/src/test/cctest/build/CMakeFiles 0
Running tests...
/usr/bin/ctest --force-new-ctest-process 
Test project /tmp/autopkgtest.Cj6HNo/build.8hT/src/test/cctest/build
    Start 1: test_bignum
1/9 Test #1: test_bignum ......................   Passed    0.37 sec
    Start 2: test_bignum_dtoa
2/9 Test #2: test_bignum_dtoa .................   Passed   11.11 sec
    Start 3: test_conversions
3/9 Test #3: test_conversions .................   Passed    0.20 sec
    Start 4: test_diy_fp
4/9 Test #4: test_diy_fp ......................   Passed    0.15 sec
    Start 5: test_dtoa
5/9 Test #5: test_dtoa ........................   Passed    1.05 sec
    Start 6: test_fast_dtoa
6/9 Test #6: test_fast_dtoa ...................   Passed    0.32 sec
    Start 7: test_fixed_dtoa
7/9 Test #7: test_fixed_dtoa ..................   Passed    0.20 sec
    Start 8: test_ieee
8/9 Test #8: test_ieee ........................   Passed    0.15 sec
    Start 9: test_strtod
9/9 Test #9: test_strtod ......................   Passed    0.45 sec

100% tests passed, 0 tests failed out of 9

Total Test time (real) =  14.15 sec
