autopkgtest: DBG: testbed init
autopkgtest [00:28:49]: starting date and time: 2023-02-20 00:28:49+0800
autopkgtest [00:28:49]: version 5.28
autopkgtest [00:28:49]: host debian; command line: /usr/bin/autopkgtest /home/minami/Documents/openkylin-riscv/src/double-conversion_3.1.7-ok1.dsc -o /home/minami/Documents/openkylin-riscv/test/double-conversion -d -B -- qemu -u root -p openkylin --qemu-architecture=riscv64 -c 8 --ram-size=8192 -d '--qemu-options=-machine virt -kernel /home/minami/Documents/ukylin/u-boot.bin' /home/minami/Documents/openkylin-riscv/testing.qcow2
autopkgtest: DBG: got reply from testbed: ok
autopkgtest: DBG: testbed open, scratch=None
autopkgtest: DBG: sending command to testbed: open
autopkgtest-virt-qemu: DBG: executing open
autopkgtest-virt-qemu: DBG: find_free_port: trying 10022
autopkgtest-virt-qemu: DBG: find_free_port: 10022 is free
autopkgtest-virt-qemu: DBG: autopkgtest does not know how to boot this machine, hopefully nothing special needs to be done?
autopkgtest-virt-qemu: DBG: qemu architecture: riscv64
autopkgtest-virt-qemu: DBG: qemu command: qemu-system-riscv64
autopkgtest-virt-qemu: DBG: execute-timeout: qemu-img info --output=json /home/minami/Documents/openkylin-riscv/testing.qcow2
autopkgtest-virt-qemu: DBG: Creating temporary overlay image in /tmp/autopkgtest-qemu.lhv9z473/overlay.img
autopkgtest-virt-qemu: DBG: execute-timeout: qemu-img create -f qcow2 -F qcow2 -b /home/minami/Documents/openkylin-riscv/testing.qcow2 /tmp/autopkgtest-qemu.lhv9z473/overlay.img
autopkgtest-virt-qemu: DBG: Forwarding local port 10022 to VM ssh port 22
autopkgtest-virt-qemu: DBG: Assuming nothing special needs to be done to set up firmware to boot this machine (boot method: none)
autopkgtest-virt-qemu: DBG: full qemu command-line: ['qemu-system-riscv64', '-m', '8192', '-smp', '8', '-nographic', '-device', 'virtio-net-device,netdev=usernet', '-netdev', 'user,id=usernet,hostfwd=tcp:127.0.0.1:10022-:22', '-object', 'rng-random,filename=/dev/urandom,id=rng0', '-device', 'virtio-rng-pci,rng=rng0,id=rng-device0', '-monitor', 'unix:/tmp/autopkgtest-qemu.lhv9z473/monitor,server=on,wait=off', '-virtfs', 'local,id=autopkgtest,path=/tmp/autopkgtest-qemu.lhv9z473/shared,security_model=none,mount_tag=autopkgtest', '-device', 'virtio-serial', '-chardev', 'socket,path=/tmp/autopkgtest-qemu.lhv9z473/hvc0,server=on,wait=off,id=hvc0', '-device', 'virtconsole,chardev=hvc0', '-chardev', 'socket,path=/tmp/autopkgtest-qemu.lhv9z473/hvc1,server=on,wait=off,id=hvc1', '-device', 'virtconsole,chardev=hvc1', '-serial', 'unix:/tmp/autopkgtest-qemu.lhv9z473/ttyS0,server=on,wait=off', '-drive', 'index=0,file=/tmp/autopkgtest-qemu.lhv9z473/overlay.img,format=qcow2,cache=unsafe,if=virtio,discard=unmap', '-machine', 'virt', '-kernel', '/home/minami/Documents/ukylin/u-boot.bin']
autopkgtest-virt-qemu: DBG: expect: b' login: '
autopkgtest-virt-qemu: DBG: expect: found "'login prompt on serial console'"
autopkgtest-virt-qemu: DBG: expect: b'ok'
autopkgtest-virt-qemu: DBG: expect: found "b'ok'"
autopkgtest-virt-qemu: DBG: setup_shell(): there already is a shell on hvc1
qemu-system-riscv64: warning: 9p: degraded performance: a reasonable high msize should be chosen on client/guest side (chosen msize is <= 8192). See https://wiki.qemu.org/Documentation/9psetup#msize for details.
autopkgtest-virt-qemu: DBG: expect: b'777fd983-7df0-43e2-9a10-4b3f99e7b2d5[1]'
autopkgtest-virt-qemu: DBG: expect: found "b'777fd983-7df0-43e2-9a10-4b3f99e7b2d5[1]'"
autopkgtest-virt-qemu: DBG: expect: b'777fd983-7df0-43e2-9a10-4b3f99e7b2d5[2]'
autopkgtest-virt-qemu: DBG: expect: found "b'777fd983-7df0-43e2-9a10-4b3f99e7b2d5[2]'"
autopkgtest-virt-qemu: DBG: expect: b'777fd983-7df0-43e2-9a10-4b3f99e7b2d5[3]'
autopkgtest-virt-qemu: DBG: expect: found "b'777fd983-7df0-43e2-9a10-4b3f99e7b2d5[3]'"
autopkgtest-virt-qemu: DBG: expect: b'/python'
autopkgtest-virt-qemu: DBG: expect: found "b'/python'"
autopkgtest-virt-qemu: DBG: expect: b'# '
autopkgtest-virt-qemu: DBG: expect: found "b'# '"
autopkgtest-virt-qemu: DBG: expect: b'777fd983-7df0-43e2-9a10-4b3f99e7b2d5[4]'
autopkgtest-virt-qemu: DBG: expect: found "b'777fd983-7df0-43e2-9a10-4b3f99e7b2d5[4]'"
autopkgtest-virt-qemu: DBG: execute-timeout: /tmp/autopkgtest-qemu.lhv9z473/runcmd true
autopkgtest-virt-qemu: DBG: can connect to autopkgtest sh in VM
autopkgtest-virt-qemu: DBG: expect: b'777fd983-7df0-43e2-9a10-4b3f99e7b2d5[5]'
autopkgtest-virt-qemu: DBG: expect: found "b'777fd983-7df0-43e2-9a10-4b3f99e7b2d5[5]'"
autopkgtest-virt-qemu: DBG: determine_normal_user: got user "openkylin"
autopkgtest-virt-qemu: DBG: auxverb = ['/tmp/autopkgtest-qemu.lhv9z473/runcmd'], downtmp = None
autopkgtest-virt-qemu: DBG: execute-timeout: /tmp/autopkgtest-qemu.lhv9z473/runcmd mktemp --directory --tmpdir autopkgtest.XXXXXX
autopkgtest-virt-qemu: DBG: execute-timeout: /tmp/autopkgtest-qemu.lhv9z473/runcmd chmod 1777 /tmp/autopkgtest.Cj6HNo
autopkgtest: DBG: got reply from testbed: ok /tmp/autopkgtest.Cj6HNo
autopkgtest: DBG: sending command to testbed: print-execute-command
autopkgtest-virt-qemu: DBG: executing print-execute-command
autopkgtest: DBG: got reply from testbed: ok /tmp/autopkgtest-qemu.lhv9z473/runcmd
autopkgtest: DBG: sending command to testbed: capabilities
autopkgtest-virt-qemu: DBG: executing capabilities
autopkgtest: DBG: got reply from testbed: ok isolation-machine reboot revert revert-full-system root-on-testbed suggested-normal-user=openkylin
autopkgtest: DBG: testbed capabilities: ['isolation-machine', 'reboot', 'revert', 'revert-full-system', 'root-on-testbed', 'suggested-normal-user=openkylin', 'has_internet']
autopkgtest: DBG: testbed command ['mkdir', '-p', '/tmp/autopkgtest.Cj6HNo'], kind short, sout raw, serr pipe, env []
autopkgtest: DBG: testbed command exited with code 0
autopkgtest: DBG: sending command to testbed: copydown /usr/share/autopkgtest/lib/in-testbed/wrapper.sh /tmp/autopkgtest.Cj6HNo/wrapper.sh
autopkgtest-virt-qemu: DBG: executing copydown /usr/share/autopkgtest/lib/in-testbed/wrapper.sh /tmp/autopkgtest.Cj6HNo/wrapper.sh
autopkgtest-virt-qemu: DBG: ['cmdls', "(['cat'], ['/tmp/autopkgtest-qemu.lhv9z473/runcmd', 'sh', '-ec', 'cat >/tmp/autopkgtest.Cj6HNo/wrapper.sh; chmod +x -- /tmp/autopkgtest.Cj6HNo/wrapper.sh'])"]
autopkgtest-virt-qemu: DBG: ['srcstdin', "<_io.BufferedReader name='/usr/share/autopkgtest/lib/in-testbed/wrapper.sh'>", 'deststdout', "<_io.BufferedReader name='/dev/null'>", 'devnull_read', <_io.BufferedReader name='/dev/null'>]
autopkgtest-virt-qemu: DBG:  +< cat
autopkgtest-virt-qemu: DBG:  +> /tmp/autopkgtest-qemu.lhv9z473/runcmd sh -ec cat >/tmp/autopkgtest.Cj6HNo/wrapper.sh; chmod +x -- /tmp/autopkgtest.Cj6HNo/wrapper.sh
autopkgtest-virt-qemu: DBG:  +>?
autopkgtest-virt-qemu: DBG:  +<?
autopkgtest: DBG: got reply from testbed: ok
autopkgtest: DBG: testbed command ['chmod', '-R', '0755', '--', '/tmp/autopkgtest.Cj6HNo/wrapper.sh'], kind short, sout raw, serr pipe, env []
autopkgtest: DBG: testbed command exited with code 0
autopkgtest: DBG: testbed command ['dpkg', '--print-architecture'], kind short, sout pipe, serr pipe, env []
autopkgtest: DBG: testbed command exited with code 0
autopkgtest [00:29:39]: testbed dpkg architecture: riscv64
autopkgtest: DBG: testbed command ['sh', '-ec', 'command -v eatmydata'], kind short, sout pipe, serr pipe, env []
autopkgtest: DBG: testbed command exited with code 127
autopkgtest: DBG: testbed command ['sh', '-ec', 'command -v dpkg-query'], kind short, sout pipe, serr pipe, env []
autopkgtest: DBG: testbed command exited with code 0
autopkgtest: DBG: testbed command ['sh', '-ec', "dpkg-query --show -f '${Package}\\t${Version}\\n' > /tmp/autopkgtest.Cj6HNo/testbed-packages"], kind short, sout raw, serr pipe, env []
autopkgtest: DBG: testbed command exited with code 0
autopkgtest: DBG: sending command to testbed: copyup /tmp/autopkgtest.Cj6HNo/testbed-packages /home/minami/Documents/openkylin-riscv/test/double-conversion/testbed-packages
autopkgtest-virt-qemu: DBG: executing copyup /tmp/autopkgtest.Cj6HNo/testbed-packages /home/minami/Documents/openkylin-riscv/test/double-conversion/testbed-packages
autopkgtest-virt-qemu: DBG: ['cmdls', "(['/tmp/autopkgtest-qemu.lhv9z473/runcmd', 'sh', '-ec', 'cat </tmp/autopkgtest.Cj6HNo/testbed-packages'], ['cat'])"]
autopkgtest-virt-qemu: DBG: ['srcstdin', "<_io.BufferedReader name='/dev/null'>", 'deststdout', "<_io.BufferedWriter name='/home/minami/Documents/openkylin-riscv/test/double-conversion/testbed-packages'>", 'devnull_read', <_io.BufferedReader name='/dev/null'>]
autopkgtest-virt-qemu: DBG:  +< /tmp/autopkgtest-qemu.lhv9z473/runcmd sh -ec cat </tmp/autopkgtest.Cj6HNo/testbed-packages
autopkgtest-virt-qemu: DBG:  +> cat
autopkgtest-virt-qemu: DBG:  +>?
autopkgtest-virt-qemu: DBG:  +<?
autopkgtest: DBG: got reply from testbed: ok
autopkgtest: DBG: testbed supports reboot, creating /tmp/autopkgtest-reboot
autopkgtest: DBG: testbed command ['mkdir', '-p', '/tmp/autopkgtest.Cj6HNo'], kind short, sout raw, serr pipe, env []
autopkgtest: DBG: testbed command exited with code 0
autopkgtest: DBG: sending command to testbed: copydown /usr/share/autopkgtest/lib/in-testbed/reboot.sh /tmp/autopkgtest.Cj6HNo/autopkgtest-reboot
autopkgtest-virt-qemu: DBG: executing copydown /usr/share/autopkgtest/lib/in-testbed/reboot.sh /tmp/autopkgtest.Cj6HNo/autopkgtest-reboot
autopkgtest-virt-qemu: DBG: ['cmdls', "(['cat'], ['/tmp/autopkgtest-qemu.lhv9z473/runcmd', 'sh', '-ec', 'cat >/tmp/autopkgtest.Cj6HNo/autopkgtest-reboot; chmod +x -- /tmp/autopkgtest.Cj6HNo/autopkgtest-reboot'])"]
autopkgtest-virt-qemu: DBG: ['srcstdin', "<_io.BufferedReader name='/usr/share/autopkgtest/lib/in-testbed/reboot.sh'>", 'deststdout', "<_io.BufferedReader name='/dev/null'>", 'devnull_read', <_io.BufferedReader name='/dev/null'>]
autopkgtest-virt-qemu: DBG:  +< cat
autopkgtest-virt-qemu: DBG:  +> /tmp/autopkgtest-qemu.lhv9z473/runcmd sh -ec cat >/tmp/autopkgtest.Cj6HNo/autopkgtest-reboot; chmod +x -- /tmp/autopkgtest.Cj6HNo/autopkgtest-reboot
autopkgtest-virt-qemu: DBG:  +>?
autopkgtest-virt-qemu: DBG:  +<?
autopkgtest: DBG: got reply from testbed: ok
autopkgtest: DBG: testbed command ['chmod', '-R', '0755', '--', '/tmp/autopkgtest.Cj6HNo/autopkgtest-reboot'], kind short, sout raw, serr pipe, env []
autopkgtest: DBG: testbed command exited with code 0
autopkgtest: DBG: testbed command ['ln', '-fns', '/tmp/autopkgtest.Cj6HNo/autopkgtest-reboot', '/tmp/autopkgtest-reboot'], kind short, sout raw, serr pipe, env []
autopkgtest: DBG: testbed command exited with code 0
autopkgtest: DBG: testbed command ['ln', '-fns', '/tmp/autopkgtest.Cj6HNo/autopkgtest-reboot', '/sbin/autopkgtest-reboot'], kind short, sout raw, serr pipe, env []
autopkgtest: DBG: testbed command exited with code 0
autopkgtest: DBG: testbed command ['mkdir', '-p', '/tmp/autopkgtest.Cj6HNo'], kind short, sout raw, serr pipe, env []
autopkgtest: DBG: testbed command exited with code 0
autopkgtest: DBG: sending command to testbed: copydown /usr/share/autopkgtest/lib/in-testbed/reboot-prepare.sh /tmp/autopkgtest.Cj6HNo/autopkgtest-reboot-prepare
autopkgtest-virt-qemu: DBG: executing copydown /usr/share/autopkgtest/lib/in-testbed/reboot-prepare.sh /tmp/autopkgtest.Cj6HNo/autopkgtest-reboot-prepare
autopkgtest-virt-qemu: DBG: ['cmdls', "(['cat'], ['/tmp/autopkgtest-qemu.lhv9z473/runcmd', 'sh', '-ec', 'cat >/tmp/autopkgtest.Cj6HNo/autopkgtest-reboot-prepare; chmod +x -- /tmp/autopkgtest.Cj6HNo/autopkgtest-reboot-prepare'])"]
autopkgtest-virt-qemu: DBG: ['srcstdin', "<_io.BufferedReader name='/usr/share/autopkgtest/lib/in-testbed/reboot-prepare.sh'>", 'deststdout', "<_io.BufferedReader name='/dev/null'>", 'devnull_read', <_io.BufferedReader name='/dev/null'>]
autopkgtest-virt-qemu: DBG:  +< cat
autopkgtest-virt-qemu: DBG:  +> /tmp/autopkgtest-qemu.lhv9z473/runcmd sh -ec cat >/tmp/autopkgtest.Cj6HNo/autopkgtest-reboot-prepare; chmod +x -- /tmp/autopkgtest.Cj6HNo/autopkgtest-reboot-prepare
autopkgtest-virt-qemu: DBG:  +>?
autopkgtest-virt-qemu: DBG:  +<?
autopkgtest: DBG: got reply from testbed: ok
autopkgtest: DBG: testbed command ['chmod', '-R', '0755', '--', '/tmp/autopkgtest.Cj6HNo/autopkgtest-reboot-prepare'], kind short, sout raw, serr pipe, env []
autopkgtest: DBG: testbed command exited with code 0
autopkgtest: DBG: testbed command ['ln', '-fns', '/tmp/autopkgtest.Cj6HNo/autopkgtest-reboot-prepare', '/tmp/autopkgtest-reboot-prepare'], kind short, sout raw, serr pipe, env []
autopkgtest: DBG: testbed command exited with code 0
autopkgtest: DBG: testbed command ['uname', '-srv'], kind short, sout pipe, serr pipe, env []
autopkgtest: DBG: testbed command exited with code 0
autopkgtest [00:29:46]: testbed running kernel: Linux 5.11.0-1030-generic #34 SMP Fri Mar 11 15:27:17 CST 2022
autopkgtest: DBG: testbed command ['sh', '-c', 'nproc; cat /proc/cpuinfo 2>/dev/null || true'], kind short, sout pipe, serr pipe, env []
autopkgtest: DBG: testbed command exited with code 0
autopkgtest: DBG: Binaries: initialising
autopkgtest [00:29:47]: @@@@@@@@@@@@@@@@@@@@ source /home/minami/Documents/openkylin-riscv/src/double-conversion_3.1.7-ok1.dsc
autopkgtest: DBG: blame += /home/minami/Documents/openkylin-riscv/src/double-conversion_3.1.7-ok1.dsc
autopkgtest: DBG: testbed reset: modified=False, deps_installed=[], deps_new=[]
autopkgtest: DBG: testbed command ['mkdir', '-p', '/tmp/autopkgtest.Cj6HNo'], kind short, sout raw, serr pipe, env []
autopkgtest: DBG: testbed command exited with code 0
autopkgtest: DBG: sending command to testbed: copydown /home/minami/Documents/openkylin-riscv/src/double-conversion_3.1.7-ok1.dsc /tmp/autopkgtest.Cj6HNo/double-conversion_3.1.7-ok1.dsc
autopkgtest-virt-qemu: DBG: executing copydown /home/minami/Documents/openkylin-riscv/src/double-conversion_3.1.7-ok1.dsc /tmp/autopkgtest.Cj6HNo/double-conversion_3.1.7-ok1.dsc
autopkgtest-virt-qemu: DBG: ['cmdls', "(['cat'], ['/tmp/autopkgtest-qemu.lhv9z473/runcmd', 'sh', '-ec', 'cat >/tmp/autopkgtest.Cj6HNo/double-conversion_3.1.7-ok1.dsc'])"]
autopkgtest-virt-qemu: DBG: ['srcstdin', "<_io.BufferedReader name='/home/minami/Documents/openkylin-riscv/src/double-conversion_3.1.7-ok1.dsc'>", 'deststdout', "<_io.BufferedReader name='/dev/null'>", 'devnull_read', <_io.BufferedReader name='/dev/null'>]
autopkgtest-virt-qemu: DBG:  +< cat
autopkgtest-virt-qemu: DBG:  +> /tmp/autopkgtest-qemu.lhv9z473/runcmd sh -ec cat >/tmp/autopkgtest.Cj6HNo/double-conversion_3.1.7-ok1.dsc
autopkgtest-virt-qemu: DBG:  +>?
autopkgtest-virt-qemu: DBG:  +<?
autopkgtest: DBG: got reply from testbed: ok
autopkgtest: DBG: testbed command ['chown', '-R', 'openkylin', '--', '/tmp/autopkgtest.Cj6HNo/double-conversion_3.1.7-ok1.dsc'], kind short, sout raw, serr pipe, env []
autopkgtest: DBG: testbed command exited with code 0
autopkgtest: DBG: testbed command ['mkdir', '-p', '/tmp/autopkgtest.Cj6HNo'], kind short, sout raw, serr pipe, env []
autopkgtest: DBG: testbed command exited with code 0
autopkgtest: DBG: sending command to testbed: copydown /home/minami/Documents/openkylin-riscv/src/double-conversion_3.1.7.orig.tar.gz /tmp/autopkgtest.Cj6HNo/double-conversion_3.1.7.orig.tar.gz
autopkgtest-virt-qemu: DBG: executing copydown /home/minami/Documents/openkylin-riscv/src/double-conversion_3.1.7.orig.tar.gz /tmp/autopkgtest.Cj6HNo/double-conversion_3.1.7.orig.tar.gz
autopkgtest-virt-qemu: DBG: ['cmdls', "(['cat'], ['/tmp/autopkgtest-qemu.lhv9z473/runcmd', 'sh', '-ec', 'cat >/tmp/autopkgtest.Cj6HNo/double-conversion_3.1.7.orig.tar.gz'])"]
autopkgtest-virt-qemu: DBG: ['srcstdin', "<_io.BufferedReader name='/home/minami/Documents/openkylin-riscv/src/double-conversion_3.1.7.orig.tar.gz'>", 'deststdout', "<_io.BufferedReader name='/dev/null'>", 'devnull_read', <_io.BufferedReader name='/dev/null'>]
autopkgtest-virt-qemu: DBG:  +< cat
autopkgtest-virt-qemu: DBG:  +> /tmp/autopkgtest-qemu.lhv9z473/runcmd sh -ec cat >/tmp/autopkgtest.Cj6HNo/double-conversion_3.1.7.orig.tar.gz
autopkgtest-virt-qemu: DBG:  +>?
autopkgtest-virt-qemu: DBG:  +<?
autopkgtest: DBG: got reply from testbed: ok
autopkgtest: DBG: testbed command ['chown', '-R', 'openkylin', '--', '/tmp/autopkgtest.Cj6HNo/double-conversion_3.1.7.orig.tar.gz'], kind short, sout raw, serr pipe, env []
autopkgtest: DBG: testbed command exited with code 0
autopkgtest: DBG: testbed command ['mkdir', '-p', '/tmp/autopkgtest.Cj6HNo'], kind short, sout raw, serr pipe, env []
autopkgtest: DBG: testbed command exited with code 0
autopkgtest: DBG: sending command to testbed: copydown /home/minami/Documents/openkylin-riscv/src/double-conversion_3.1.7-ok1.debian.tar.xz /tmp/autopkgtest.Cj6HNo/double-conversion_3.1.7-ok1.debian.tar.xz
autopkgtest-virt-qemu: DBG: executing copydown /home/minami/Documents/openkylin-riscv/src/double-conversion_3.1.7-ok1.debian.tar.xz /tmp/autopkgtest.Cj6HNo/double-conversion_3.1.7-ok1.debian.tar.xz
autopkgtest-virt-qemu: DBG: ['cmdls', "(['cat'], ['/tmp/autopkgtest-qemu.lhv9z473/runcmd', 'sh', '-ec', 'cat >/tmp/autopkgtest.Cj6HNo/double-conversion_3.1.7-ok1.debian.tar.xz'])"]
autopkgtest-virt-qemu: DBG: ['srcstdin', "<_io.BufferedReader name='/home/minami/Documents/openkylin-riscv/src/double-conversion_3.1.7-ok1.debian.tar.xz'>", 'deststdout', "<_io.BufferedReader name='/dev/null'>", 'devnull_read', <_io.BufferedReader name='/dev/null'>]
autopkgtest-virt-qemu: DBG:  +< cat
autopkgtest-virt-qemu: DBG:  +> /tmp/autopkgtest-qemu.lhv9z473/runcmd sh -ec cat >/tmp/autopkgtest.Cj6HNo/double-conversion_3.1.7-ok1.debian.tar.xz
autopkgtest-virt-qemu: DBG:  +>?
autopkgtest-virt-qemu: DBG:  +<?
autopkgtest: DBG: got reply from testbed: ok
autopkgtest: DBG: testbed command ['chown', '-R', 'openkylin', '--', '/tmp/autopkgtest.Cj6HNo/double-conversion_3.1.7-ok1.debian.tar.xz'], kind short, sout raw, serr pipe, env []
autopkgtest: DBG: testbed command exited with code 0
autopkgtest: DBG: install_deps: deps_new=[]
autopkgtest: DBG: testbed command ['sh', '-ec', 'command -v dpkg-source'], kind short, sout pipe, serr pipe, env []
autopkgtest: DBG: testbed command exited with code 0
autopkgtest: DBG: testbed command ['sh', '-ec', 'su --shell=/bin/sh openkylin -c \'set -e; exec 3>&1 >&2; set -x; cd /; builddir=$(mktemp -d /tmp/autopkgtest.Cj6HNo/build.XXX); cd $builddir; dpkg-source -x "/tmp/autopkgtest.Cj6HNo/double-conversion_3.1.7-ok1.dsc" src; chmod -R a+rX .; cd [a-z0-9]*/.; pwd >&3; sed -n "1 {s/).*//; s/ (/\\n/; p}" debian/changelog >&3\''], kind build, sout pipe, serr raw, env []
+ cd /
+ mktemp -d /tmp/autopkgtest.Cj6HNo/build.XXX
+ builddir=/tmp/autopkgtest.Cj6HNo/build.8hT
+ cd /tmp/autopkgtest.Cj6HNo/build.8hT
+ dpkg-source -x /tmp/autopkgtest.Cj6HNo/double-conversion_3.1.7-ok1.dsc src
gpgv: unknown type of key resource 'trustedkeys.kbx'
gpgv: keyblock resource '/tmp/dpkg-verify-sig.UlGJk9r5/trustedkeys.kbx': General error
gpgv: Signature made Thu 25 Aug 2022 02:16:34 AM UTC
gpgv:                using RSA key 64FBB79F5EAE64D792E94CFE0716F00F842CD274
gpgv: Can't check signature: No public key
dpkg-source: warning: cannot verify signature /tmp/autopkgtest.Cj6HNo/double-conversion_3.1.7-ok1.dsc
dpkg-source: info: extracting double-conversion in src
dpkg-source: info: unpacking double-conversion_3.1.7.orig.tar.gz
dpkg-source: info: unpacking double-conversion_3.1.7-ok1.debian.tar.xz
+ chmod -R a+rX .
+ cd src/.
+ pwd
+ sed -n 1 {s/).*//; s/ (/\n/; p} debian/changelog
autopkgtest: DBG: testbed command exited with code 0
autopkgtest [00:30:00]: testing package double-conversion version 3.1.7-ok1
autopkgtest: DBG: sending command to testbed: copyup /tmp/autopkgtest.Cj6HNo/build.8hT/src/debian/ /home/minami/Documents/openkylin-riscv/test/double-conversion/pkg/debian/
autopkgtest-virt-qemu: DBG: executing copyup /tmp/autopkgtest.Cj6HNo/build.8hT/src/debian/ /home/minami/Documents/openkylin-riscv/test/double-conversion/pkg/debian/
autopkgtest-virt-qemu: DBG: ['cmdls', "(['/tmp/autopkgtest-qemu.lhv9z473/runcmd', 'sh', '-ec', 'cd /tmp/autopkgtest.Cj6HNo/build.8hT/src/debian/; tar --warning=none -c . -f -'], ['tar', '--directory', '/home/minami/Documents/openkylin-riscv/test/double-conversion/pkg/debian/', '--warning=none', '--preserve-permissions', '--extract', '--no-same-owner', '-f', '-'])"]
autopkgtest-virt-qemu: DBG: ['srcstdin', "<_io.BufferedReader name='/dev/null'>", 'deststdout', "<_io.BufferedReader name='/dev/null'>", 'devnull_read', <_io.BufferedReader name='/dev/null'>]
autopkgtest-virt-qemu: DBG:  +< /tmp/autopkgtest-qemu.lhv9z473/runcmd sh -ec cd /tmp/autopkgtest.Cj6HNo/build.8hT/src/debian/; tar --warning=none -c . -f -
autopkgtest-virt-qemu: DBG:  +> tar --directory /home/minami/Documents/openkylin-riscv/test/double-conversion/pkg/debian/ --warning=none --preserve-permissions --extract --no-same-owner -f -
autopkgtest-virt-qemu: DBG:  +>?
autopkgtest-virt-qemu: DBG:  +<?
autopkgtest: DBG: got reply from testbed: ok
autopkgtest: DBG: processing dependency @
autopkgtest: DBG: synthesised dependency libdouble-conversion3
autopkgtest: DBG: synthesised dependency libdouble-conversion-dev
autopkgtest: DBG: processing dependency build-essential
autopkgtest: DBG: Test defined: name unittest.sh path debian/tests/unittest.sh command "None" restrictions [] features [] depends ['libdouble-conversion3', 'libdouble-conversion-dev', 'build-essential'] 
autopkgtest: DBG: processing dependency @
autopkgtest: DBG: synthesised dependency libdouble-conversion3
autopkgtest: DBG: synthesised dependency libdouble-conversion-dev
autopkgtest: DBG: processing dependency build-essential
autopkgtest: DBG: processing dependency cmake
autopkgtest: DBG: Test defined: name cmake path debian/tests/cmake command "None" restrictions ['allow-stderr'] features [] depends ['libdouble-conversion3', 'libdouble-conversion-dev', 'build-essential', 'cmake'] 
autopkgtest [00:30:01]: build not needed
autopkgtest: DBG: sending command to testbed: copyup /tmp/autopkgtest.Cj6HNo/build.8hT/src/ /home/minami/Documents/openkylin-riscv/test/double-conversion/tests-tree/
autopkgtest-virt-qemu: DBG: executing copyup /tmp/autopkgtest.Cj6HNo/build.8hT/src/ /home/minami/Documents/openkylin-riscv/test/double-conversion/tests-tree/
autopkgtest-virt-qemu: DBG: ['cmdls', "(['/tmp/autopkgtest-qemu.lhv9z473/runcmd', 'sh', '-ec', 'cd /tmp/autopkgtest.Cj6HNo/build.8hT/src/; tar --warning=none -c . -f -'], ['tar', '--directory', '/home/minami/Documents/openkylin-riscv/test/double-conversion/tests-tree/', '--warning=none', '--preserve-permissions', '--extract', '--no-same-owner', '-f', '-'])"]
autopkgtest-virt-qemu: DBG: ['srcstdin', "<_io.BufferedReader name='/dev/null'>", 'deststdout', "<_io.BufferedReader name='/dev/null'>", 'devnull_read', <_io.BufferedReader name='/dev/null'>]
autopkgtest-virt-qemu: DBG:  +< /tmp/autopkgtest-qemu.lhv9z473/runcmd sh -ec cd /tmp/autopkgtest.Cj6HNo/build.8hT/src/; tar --warning=none -c . -f -
autopkgtest-virt-qemu: DBG:  +> tar --directory /home/minami/Documents/openkylin-riscv/test/double-conversion/tests-tree/ --warning=none --preserve-permissions --extract --no-same-owner -f -
autopkgtest-virt-qemu: DBG:  +>?
autopkgtest-virt-qemu: DBG:  +<?
autopkgtest: DBG: got reply from testbed: ok
autopkgtest: DBG: processing dependency @
autopkgtest: DBG: synthesised dependency libdouble-conversion3
autopkgtest: DBG: synthesised dependency libdouble-conversion-dev
autopkgtest: DBG: processing dependency build-essential
autopkgtest: DBG: Test defined: name unittest.sh path debian/tests/unittest.sh command "None" restrictions [] features [] depends ['libdouble-conversion3', 'libdouble-conversion-dev', 'build-essential'] 
autopkgtest: DBG: processing dependency @
autopkgtest: DBG: synthesised dependency libdouble-conversion3
autopkgtest: DBG: synthesised dependency libdouble-conversion-dev
autopkgtest: DBG: processing dependency build-essential
autopkgtest: DBG: processing dependency cmake
autopkgtest: DBG: Test defined: name cmake path debian/tests/cmake command "None" restrictions ['allow-stderr'] features [] depends ['libdouble-conversion3', 'libdouble-conversion-dev', 'build-essential', 'cmake'] 
autopkgtest [00:30:03]: test unittest.sh: preparing testbed
autopkgtest: DBG: testbed reset: modified=False, deps_installed=[], deps_new=['libdouble-conversion3', 'libdouble-conversion-dev', 'build-essential']
autopkgtest: DBG: Binaries: no registered binaries, not publishing anything
autopkgtest: DBG: install_deps: deps_new=['libdouble-conversion3', 'libdouble-conversion-dev', 'build-essential']
autopkgtest: DBG: install-deps: satisfying libdouble-conversion3, libdouble-conversion-dev, build-essential
autopkgtest: DBG: install-deps: architecture resolved: libdouble-conversion3, libdouble-conversion-dev, build-essential
autopkgtest: DBG: testbed command ['test', '-w', '/var/lib/dpkg/status'], kind short, sout raw, serr raw, env []
autopkgtest: DBG: testbed command exited with code 0
autopkgtest: DBG: can use apt-get on testbed: True
autopkgtest: DBG: testbed command ['mkdir', '-p', '/tmp/autopkgtest.Cj6HNo'], kind short, sout raw, serr pipe, env []
autopkgtest: DBG: testbed command exited with code 0
autopkgtest: DBG: sending command to testbed: copydown /home/minami/Documents/openkylin-riscv/test/double-conversion/1-autopkgtest-satdep.deb /tmp/autopkgtest.Cj6HNo/1-autopkgtest-satdep.deb
autopkgtest-virt-qemu: DBG: executing copydown /home/minami/Documents/openkylin-riscv/test/double-conversion/1-autopkgtest-satdep.deb /tmp/autopkgtest.Cj6HNo/1-autopkgtest-satdep.deb
autopkgtest-virt-qemu: DBG: ['cmdls', "(['cat'], ['/tmp/autopkgtest-qemu.lhv9z473/runcmd', 'sh', '-ec', 'cat >/tmp/autopkgtest.Cj6HNo/1-autopkgtest-satdep.deb'])"]
autopkgtest-virt-qemu: DBG: ['srcstdin', "<_io.BufferedReader name='/home/minami/Documents/openkylin-riscv/test/double-conversion/1-autopkgtest-satdep.deb'>", 'deststdout', "<_io.BufferedReader name='/dev/null'>", 'devnull_read', <_io.BufferedReader name='/dev/null'>]
autopkgtest-virt-qemu: DBG:  +< cat
autopkgtest-virt-qemu: DBG:  +> /tmp/autopkgtest-qemu.lhv9z473/runcmd sh -ec cat >/tmp/autopkgtest.Cj6HNo/1-autopkgtest-satdep.deb
autopkgtest-virt-qemu: DBG:  +>?
autopkgtest-virt-qemu: DBG:  +<?
autopkgtest: DBG: got reply from testbed: ok
autopkgtest: DBG: testbed command ['chown', '-R', 'openkylin', '--', '/tmp/autopkgtest.Cj6HNo/1-autopkgtest-satdep.deb'], kind short, sout raw, serr pipe, env []
autopkgtest: DBG: testbed command exited with code 0
autopkgtest: DBG: testbed command ['dpkg', '--unpack', '/tmp/autopkgtest.Cj6HNo/1-autopkgtest-satdep.deb'], kind short, sout pipe, serr pipe, env []
autopkgtest: DBG: testbed command exited with code 0
autopkgtest: DBG: testbed command ['/bin/sh', '-ec', ' apt-get install --assume-yes --fix-broken -o APT::Status-Fd=3 -o APT::Install-Recommends=false -o Dpkg::Options::=--force-confnew -o Debug::pkgProblemResolver=true 3>&2 2>&1'], kind install, sout raw, serr pipe, env ['DEBIAN_FRONTEND=noninteractive', 'APT_LISTBUGS_FRONTEND=none', 'APT_LISTCHANGES_FRONTEND=none']
Reading package lists...
Building dependency tree...
Reading state information...
Correcting dependencies...Starting pkgProblemResolver with broken count: 0
Starting 2 pkgProblemResolver with broken count: 0
Done
 Done
Starting pkgProblemResolver with broken count: 0
Starting 2 pkgProblemResolver with broken count: 0
Done
The following packages were automatically installed and are no longer required:
  libdjvulibre-text libdjvulibre21 libegl-dev libgl-dev libglu1-mesa-dev
  libglx-dev libmpdec2 libvulkan-dev libx11-dev libxau-dev libxcb1-dev
  libxdmcp-dev libxext-dev qt5-qmake qt5-qmake-bin x11proto-core-dev
  x11proto-dev xorg-sgml-doctools xtrans-dev
Use 'apt autoremove' to remove them.
The following additional packages will be installed:
  build-essential g++ g++-9 gcc gcc-9 libcc1-0 libdouble-conversion-dev
Suggested packages:
  gcc-9-doc autoconf automake bison flex gcc-doc gcc-multilib gdb libtool
  manpages-dev gcc-9-locales
The following NEW packages will be installed:
  build-essential g++ g++-9 gcc gcc-9 libcc1-0 libdouble-conversion-dev
0 upgraded, 7 newly installed, 0 to remove and 18 not upgraded.
1 not fully installed or removed.
Need to get 15.2 MB of archives.
After this operation, 36.7 MB of additional disk space will be used.
Get:1 http://archive.build.openkylin.top/openkylin yangtze/main riscv64 libdouble-conversion-dev riscv64 3.1.7-ok1 [128 kB]
Get:2 http://archive.build.openkylin.top/openkylin yangtze/main riscv64 libcc1-0 riscv64 10-20200411-ok5 [42.3 kB]
Get:3 http://archive.build.openkylin.top/openkylin yangtze/main riscv64 gcc-9 riscv64 9.3.0-ok4 [7,417 kB]
Get:4 http://archive.build.openkylin.top/openkylin yangtze/main riscv64 gcc riscv64 4:9.3.0-ok7 [5,160 B]
Get:5 http://archive.build.openkylin.top/openkylin yangtze/main riscv64 g++-9 riscv64 9.3.0-ok4 [7,571 kB]
Get:6 http://archive.build.openkylin.top/openkylin yangtze/main riscv64 g++ riscv64 4:9.3.0-ok7 [1,470 B]
Get:7 http://archive.build.openkylin.top/openkylin yangtze/main riscv64 build-essential riscv64 12.8-ok1 [4,000 B]
Fetched 15.2 MB in 2s (6,317 kB/s)
Selecting previously unselected package libdouble-conversion-dev:riscv64.
(Reading database ... (Reading database ... 5%(Reading database ... 10%(Reading database ... 15%(Reading database ... 20%(Reading database ... 25%(Reading database ... 30%(Reading database ... 35%(Reading database ... 40%(Reading database ... 45%(Reading database ... 50%(Reading database ... 55%(Reading database ... 60%(Reading database ... 65%(Reading database ... 70%(Reading database ... 75%(Reading database ... 80%(Reading database ... 85%(Reading database ... 90%(Reading database ... 95%(Reading database ... 100%(Reading database ... 161111 files and directories currently installed.)
Preparing to unpack .../0-libdouble-conversion-dev_3.1.7-ok1_riscv64.deb ...
Unpacking libdouble-conversion-dev:riscv64 (3.1.7-ok1) ...
Selecting previously unselected package libcc1-0:riscv64.
Preparing to unpack .../1-libcc1-0_10-20200411-ok5_riscv64.deb ...
Unpacking libcc1-0:riscv64 (10-20200411-ok5) ...
Selecting previously unselected package gcc-9.
Preparing to unpack .../2-gcc-9_9.3.0-ok4_riscv64.deb ...
Unpacking gcc-9 (9.3.0-ok4) ...
Selecting previously unselected package gcc.
Preparing to unpack .../3-gcc_4%3a9.3.0-ok7_riscv64.deb ...
Unpacking gcc (4:9.3.0-ok7) ...
Selecting previously unselected package g++-9.
Preparing to unpack .../4-g++-9_9.3.0-ok4_riscv64.deb ...
Unpacking g++-9 (9.3.0-ok4) ...
Selecting previously unselected package g++.
Preparing to unpack .../5-g++_4%3a9.3.0-ok7_riscv64.deb ...
Unpacking g++ (4:9.3.0-ok7) ...
Selecting previously unselected package build-essential.
Preparing to unpack .../6-build-essential_12.8-ok1_riscv64.deb ...
Unpacking build-essential (12.8-ok1) ...
Setting up libdouble-conversion-dev:riscv64 (3.1.7-ok1) ...
Setting up libcc1-0:riscv64 (10-20200411-ok5) ...
Setting up gcc-9 (9.3.0-ok4) ...
Setting up gcc (4:9.3.0-ok7) ...
Setting up g++-9 (9.3.0-ok4) ...
Setting up g++ (4:9.3.0-ok7) ...
update-alternatives: using /usr/bin/g++ to provide /usr/bin/c++ (c++) in auto mode
Setting up build-essential (12.8-ok1) ...
Setting up autopkgtest-satdep (0) ...
Processing triggers for man-db (2.9.1-ok3) ...
Processing triggers for libc-bin (2.36-ok2) ...
autopkgtest: DBG: testbed command exited with code 0
autopkgtest: DBG: testbed command ['dpkg-query', '--show', '-f', '${Status}', 'libdouble-conversion3'], kind short, sout pipe, serr pipe, env []
autopkgtest: DBG: testbed command exited with code 0
autopkgtest: DBG: testbed command ['dpkg-query', '--show', '-f', '${Status}', 'libdouble-conversion-dev'], kind short, sout pipe, serr pipe, env []
autopkgtest: DBG: testbed command exited with code 0
autopkgtest: DBG: testbed command ['dpkg', '--status', 'autopkgtest-satdep'], kind short, sout pipe, serr pipe, env []
autopkgtest: DBG: testbed command exited with code 0
autopkgtest: DBG: testbed command ['apt-get', '--simulate', '--quiet', '-o', 'APT::Get::Show-User-Simulation-Note=False', '--auto-remove', 'purge', 'autopkgtest-satdep'], kind short, sout pipe, serr pipe, env []
autopkgtest: DBG: testbed command exited with code 0
autopkgtest: DBG: Marking test dependencies as manually installed: libdjvulibre21 libdjvulibre-text libdouble-conversion-dev libegl-dev libglu1-mesa-dev libgl-dev libglx-dev libmpdec2 libvulkan-dev libxext-dev libx11-dev libxcb1-dev libxau-dev libxdmcp-dev qt5-qmake qt5-qmake-bin x11proto-core-dev x11proto-dev xorg-sgml-doctools xtrans-dev
autopkgtest: DBG: testbed command ['apt-mark', 'manual', '-qq', 'libdjvulibre21', 'libdjvulibre-text', 'libdouble-conversion-dev', 'libegl-dev', 'libglu1-mesa-dev', 'libgl-dev', 'libglx-dev', 'libmpdec2', 'libvulkan-dev', 'libxext-dev', 'libx11-dev', 'libxcb1-dev', 'libxau-dev', 'libxdmcp-dev', 'qt5-qmake', 'qt5-qmake-bin', 'x11proto-core-dev', 'x11proto-dev', 'xorg-sgml-doctools', 'xtrans-dev'], kind short, sout raw, serr pipe, env []
autopkgtest: DBG: testbed command exited with code 0
autopkgtest: DBG: testbed command ['dpkg', '--purge', 'autopkgtest-satdep'], kind short, sout raw, serr raw, env []
(Reading database ... 161241 files and directories currently installed.)
Removing autopkgtest-satdep (0) ...
autopkgtest: DBG: testbed command exited with code 0
autopkgtest: DBG: testbed command ['sh', '-ec', 'command -v dpkg-query'], kind short, sout pipe, serr pipe, env []
autopkgtest: DBG: testbed command exited with code 0
autopkgtest: DBG: testbed command ['sh', '-ec', "dpkg-query --show -f '${Package}\\t${Version}\\n' > /tmp/autopkgtest.Cj6HNo/unittest.sh-packages.all"], kind short, sout raw, serr pipe, env []
autopkgtest: DBG: testbed command exited with code 0
autopkgtest: DBG: sending command to testbed: copyup /tmp/autopkgtest.Cj6HNo/unittest.sh-packages.all /home/minami/Documents/openkylin-riscv/test/double-conversion/unittest.sh-packages.all
autopkgtest-virt-qemu: DBG: executing copyup /tmp/autopkgtest.Cj6HNo/unittest.sh-packages.all /home/minami/Documents/openkylin-riscv/test/double-conversion/unittest.sh-packages.all
autopkgtest-virt-qemu: DBG: ['cmdls', "(['/tmp/autopkgtest-qemu.lhv9z473/runcmd', 'sh', '-ec', 'cat </tmp/autopkgtest.Cj6HNo/unittest.sh-packages.all'], ['cat'])"]
autopkgtest-virt-qemu: DBG: ['srcstdin', "<_io.BufferedReader name='/dev/null'>", 'deststdout', "<_io.BufferedWriter name='/home/minami/Documents/openkylin-riscv/test/double-conversion/unittest.sh-packages.all'>", 'devnull_read', <_io.BufferedReader name='/dev/null'>]
autopkgtest-virt-qemu: DBG:  +< /tmp/autopkgtest-qemu.lhv9z473/runcmd sh -ec cat </tmp/autopkgtest.Cj6HNo/unittest.sh-packages.all
autopkgtest-virt-qemu: DBG:  +> cat
autopkgtest-virt-qemu: DBG:  +>?
autopkgtest-virt-qemu: DBG:  +<?
autopkgtest: DBG: got reply from testbed: ok
autopkgtest: DBG: testbed command ['test', '-e', '/tmp/autopkgtest.Cj6HNo/build.8hT/src'], kind short, sout raw, serr raw, env []
autopkgtest: DBG: testbed command exited with code 0
autopkgtest: DBG: copydown: tb path /tmp/autopkgtest.Cj6HNo/build.8hT/src already exists
autopkgtest [00:30:51]: test unittest.sh: [-----------------------
autopkgtest: DBG: testbed command ['su', '-s', '/bin/bash', 'openkylin', '-c', 'set -e; export USER=`id -nu`; . /etc/profile >/dev/null 2>&1 || true;  . ~/.profile >/dev/null 2>&1 || true; buildtree="/tmp/autopkgtest.Cj6HNo/build.8hT/src"; mkdir -p -m 1777 -- "/tmp/autopkgtest.Cj6HNo/unittest.sh-artifacts"; export AUTOPKGTEST_ARTIFACTS="/tmp/autopkgtest.Cj6HNo/unittest.sh-artifacts"; export ADT_ARTIFACTS="$AUTOPKGTEST_ARTIFACTS"; mkdir -p -m 755 "/tmp/autopkgtest.Cj6HNo/autopkgtest_tmp"; export AUTOPKGTEST_TMP="/tmp/autopkgtest.Cj6HNo/autopkgtest_tmp"; export ADTTMP="$AUTOPKGTEST_TMP"; export DEBIAN_FRONTEND=noninteractive; export LANG=C.UTF-8; export DEB_BUILD_OPTIONS=parallel=8; unset LANGUAGE LC_CTYPE LC_NUMERIC LC_TIME LC_COLLATE   LC_MONETARY LC_MESSAGES LC_PAPER LC_NAME LC_ADDRESS   LC_TELEPHONE LC_MEASUREMENT LC_IDENTIFICATION LC_ALL;cd "$buildtree"; chmod +x /tmp/autopkgtest.Cj6HNo/build.8hT/src/debian/tests/unittest.sh; exec /tmp/autopkgtest.Cj6HNo/wrapper.sh --script-pid-file=/tmp/autopkgtest_script_pid --stderr=/tmp/autopkgtest.Cj6HNo/unittest.sh-stderr --stdout=/tmp/autopkgtest.Cj6HNo/unittest.sh-stdout -- /tmp/autopkgtest.Cj6HNo/build.8hT/src/debian/tests/unittest.sh ;'], kind test, sout raw, serr raw, env []
CXX test/cctest/test-bignum.cc
CXX test/cctest/gay-shortest-single.cc
CXX test/cctest/gay-shortest.cc
CXX test/cctest/test-bignum-dtoa.cc
CXX test/cctest/test-ieee.cc
CXX test/cctest/test-dtoa.cc
CXX test/cctest/gay-fixed.cc
CXX test/cctest/test-fixed-dtoa.cc
CXX test/cctest/test-conversions.cc
CXX test/cctest/test-fast-dtoa.cc
CXX test/cctest/test-diy-fp.cc
CXX test/cctest/cctest.cc
CXX test/cctest/gay-precision.cc
CXX test/cctest/test-strtod.cc
LD run_tests
Ran 84 tests.
autopkgtest: DBG: testbed command exited with code 0
autopkgtest [00:34:22]: test unittest.sh: -----------------------]
autopkgtest: DBG: testbed executing test finished with exit status 0
autopkgtest: DBG: sending command to testbed: copyup /tmp/autopkgtest.Cj6HNo/unittest.sh-stdout /home/minami/Documents/openkylin-riscv/test/double-conversion/unittest.sh-stdout
autopkgtest-virt-qemu: DBG: executing copyup /tmp/autopkgtest.Cj6HNo/unittest.sh-stdout /home/minami/Documents/openkylin-riscv/test/double-conversion/unittest.sh-stdout
autopkgtest-virt-qemu: DBG: ['cmdls', "(['/tmp/autopkgtest-qemu.lhv9z473/runcmd', 'sh', '-ec', 'cat </tmp/autopkgtest.Cj6HNo/unittest.sh-stdout'], ['cat'])"]
autopkgtest-virt-qemu: DBG: ['srcstdin', "<_io.BufferedReader name='/dev/null'>", 'deststdout', "<_io.BufferedWriter name='/home/minami/Documents/openkylin-riscv/test/double-conversion/unittest.sh-stdout'>", 'devnull_read', <_io.BufferedReader name='/dev/null'>]
autopkgtest-virt-qemu: DBG:  +< /tmp/autopkgtest-qemu.lhv9z473/runcmd sh -ec cat </tmp/autopkgtest.Cj6HNo/unittest.sh-stdout
autopkgtest-virt-qemu: DBG:  +> cat
autopkgtest-virt-qemu: DBG:  +>?
autopkgtest-virt-qemu: DBG:  +<?
autopkgtest: DBG: got reply from testbed: ok
autopkgtest: DBG: sending command to testbed: copyup /tmp/autopkgtest.Cj6HNo/unittest.sh-stderr /home/minami/Documents/openkylin-riscv/test/double-conversion/unittest.sh-stderr
autopkgtest-virt-qemu: DBG: executing copyup /tmp/autopkgtest.Cj6HNo/unittest.sh-stderr /home/minami/Documents/openkylin-riscv/test/double-conversion/unittest.sh-stderr
autopkgtest-virt-qemu: DBG: ['cmdls', "(['/tmp/autopkgtest-qemu.lhv9z473/runcmd', 'sh', '-ec', 'cat </tmp/autopkgtest.Cj6HNo/unittest.sh-stderr'], ['cat'])"]
autopkgtest-virt-qemu: DBG: ['srcstdin', "<_io.BufferedReader name='/dev/null'>", 'deststdout', "<_io.BufferedWriter name='/home/minami/Documents/openkylin-riscv/test/double-conversion/unittest.sh-stderr'>", 'devnull_read', <_io.BufferedReader name='/dev/null'>]
autopkgtest-virt-qemu: DBG:  +< /tmp/autopkgtest-qemu.lhv9z473/runcmd sh -ec cat </tmp/autopkgtest.Cj6HNo/unittest.sh-stderr
autopkgtest-virt-qemu: DBG:  +> cat
autopkgtest-virt-qemu: DBG:  +>?
autopkgtest-virt-qemu: DBG:  +<?
autopkgtest: DBG: got reply from testbed: ok
autopkgtest [00:34:23]: test unittest.sh:  - - - - - - - - - - results - - - - - - - - - -
unittest.sh          PASS
autopkgtest: DBG: sending command to testbed: copyup /tmp/autopkgtest.Cj6HNo/unittest.sh-artifacts/ /home/minami/Documents/openkylin-riscv/test/double-conversion/artifacts/
autopkgtest-virt-qemu: DBG: executing copyup /tmp/autopkgtest.Cj6HNo/unittest.sh-artifacts/ /home/minami/Documents/openkylin-riscv/test/double-conversion/artifacts/
autopkgtest-virt-qemu: DBG: ['cmdls', "(['/tmp/autopkgtest-qemu.lhv9z473/runcmd', 'sh', '-ec', 'cd /tmp/autopkgtest.Cj6HNo/unittest.sh-artifacts/; tar --warning=none -c . -f -'], ['tar', '--directory', '/home/minami/Documents/openkylin-riscv/test/double-conversion/artifacts/', '--warning=none', '--preserve-permissions', '--extract', '--no-same-owner', '-f', '-'])"]
autopkgtest-virt-qemu: DBG: ['srcstdin', "<_io.BufferedReader name='/dev/null'>", 'deststdout', "<_io.BufferedReader name='/dev/null'>", 'devnull_read', <_io.BufferedReader name='/dev/null'>]
autopkgtest-virt-qemu: DBG:  +< /tmp/autopkgtest-qemu.lhv9z473/runcmd sh -ec cd /tmp/autopkgtest.Cj6HNo/unittest.sh-artifacts/; tar --warning=none -c . -f -
autopkgtest-virt-qemu: DBG:  +> tar --directory /home/minami/Documents/openkylin-riscv/test/double-conversion/artifacts/ --warning=none --preserve-permissions --extract --no-same-owner -f -
autopkgtest-virt-qemu: DBG:  +>?
autopkgtest-virt-qemu: DBG:  +<?
autopkgtest: DBG: got reply from testbed: ok
autopkgtest: DBG: testbed command ['rm', '-rf', '/tmp/autopkgtest.Cj6HNo/unittest.sh-artifacts', '/tmp/autopkgtest.Cj6HNo/autopkgtest_tmp'], kind short, sout raw, serr pipe, env []
autopkgtest: DBG: testbed command exited with code 0
autopkgtest [00:34:24]: test cmake: preparing testbed
autopkgtest: DBG: testbed reset: modified=False, deps_installed=['libdouble-conversion3', 'libdouble-conversion-dev', 'build-essential'], deps_new=['libdouble-conversion3', 'libdouble-conversion-dev', 'build-essential', 'cmake']
autopkgtest: DBG: Binaries: no registered binaries, not publishing anything
autopkgtest: DBG: install_deps: deps_new=['libdouble-conversion3', 'libdouble-conversion-dev', 'build-essential', 'cmake']
autopkgtest: DBG: install-deps: satisfying libdouble-conversion3, libdouble-conversion-dev, build-essential, cmake
autopkgtest: DBG: install-deps: architecture resolved: libdouble-conversion3, libdouble-conversion-dev, build-essential, cmake
autopkgtest: DBG: testbed command ['test', '-w', '/var/lib/dpkg/status'], kind short, sout raw, serr raw, env []
autopkgtest: DBG: testbed command exited with code 0
autopkgtest: DBG: can use apt-get on testbed: True
autopkgtest: DBG: testbed command ['mkdir', '-p', '/tmp/autopkgtest.Cj6HNo'], kind short, sout raw, serr pipe, env []
autopkgtest: DBG: testbed command exited with code 0
autopkgtest: DBG: sending command to testbed: copydown /home/minami/Documents/openkylin-riscv/test/double-conversion/2-autopkgtest-satdep.deb /tmp/autopkgtest.Cj6HNo/2-autopkgtest-satdep.deb
autopkgtest-virt-qemu: DBG: executing copydown /home/minami/Documents/openkylin-riscv/test/double-conversion/2-autopkgtest-satdep.deb /tmp/autopkgtest.Cj6HNo/2-autopkgtest-satdep.deb
autopkgtest-virt-qemu: DBG: ['cmdls', "(['cat'], ['/tmp/autopkgtest-qemu.lhv9z473/runcmd', 'sh', '-ec', 'cat >/tmp/autopkgtest.Cj6HNo/2-autopkgtest-satdep.deb'])"]
autopkgtest-virt-qemu: DBG: ['srcstdin', "<_io.BufferedReader name='/home/minami/Documents/openkylin-riscv/test/double-conversion/2-autopkgtest-satdep.deb'>", 'deststdout', "<_io.BufferedReader name='/dev/null'>", 'devnull_read', <_io.BufferedReader name='/dev/null'>]
autopkgtest-virt-qemu: DBG:  +< cat
autopkgtest-virt-qemu: DBG:  +> /tmp/autopkgtest-qemu.lhv9z473/runcmd sh -ec cat >/tmp/autopkgtest.Cj6HNo/2-autopkgtest-satdep.deb
autopkgtest-virt-qemu: DBG:  +>?
autopkgtest-virt-qemu: DBG:  +<?
autopkgtest: DBG: got reply from testbed: ok
autopkgtest: DBG: testbed command ['chown', '-R', 'openkylin', '--', '/tmp/autopkgtest.Cj6HNo/2-autopkgtest-satdep.deb'], kind short, sout raw, serr pipe, env []
autopkgtest: DBG: testbed command exited with code 0
autopkgtest: DBG: testbed command ['dpkg', '--unpack', '/tmp/autopkgtest.Cj6HNo/2-autopkgtest-satdep.deb'], kind short, sout pipe, serr pipe, env []
autopkgtest: DBG: testbed command exited with code 0
autopkgtest: DBG: testbed command ['/bin/sh', '-ec', ' apt-get install --assume-yes --fix-broken -o APT::Status-Fd=3 -o APT::Install-Recommends=false -o Dpkg::Options::=--force-confnew -o Debug::pkgProblemResolver=true 3>&2 2>&1'], kind install, sout raw, serr pipe, env ['DEBIAN_FRONTEND=noninteractive', 'APT_LISTBUGS_FRONTEND=none', 'APT_LISTCHANGES_FRONTEND=none']
Reading package lists...
Building dependency tree...
Reading state information...
Correcting dependencies...Starting pkgProblemResolver with broken count: 0
Starting 2 pkgProblemResolver with broken count: 0
Done
 Done
Starting pkgProblemResolver with broken count: 0
Starting 2 pkgProblemResolver with broken count: 0
Done
The following additional packages will be installed:
  cmake cmake-data libjsoncpp1 librhash0
Suggested packages:
  cmake-doc ninja-build
Recommended packages:
  libssl3
The following NEW packages will be installed:
  cmake cmake-data libjsoncpp1 librhash0
0 upgraded, 4 newly installed, 0 to remove and 18 not upgraded.
1 not fully installed or removed.
Need to get 6,025 kB of archives.
After this operation, 23.7 MB of additional disk space will be used.
Get:1 http://archive.build.openkylin.top/openkylin yangtze/main riscv64 cmake-data all 3.16.3-ok2 [1,635 kB]
Get:2 http://archive.build.openkylin.top/openkylin yangtze/main riscv64 libjsoncpp1 riscv64 1.7.6-ok1 [72.6 kB]
Get:3 http://archive.build.openkylin.top/openkylin yangtze/main riscv64 librhash0 riscv64 1.4.3-ok2 [152 kB]
Get:4 http://archive.build.openkylin.top/openkylin yangtze/main riscv64 cmake riscv64 3.16.3-ok2 [4,167 kB]
Fetched 6,025 kB in 1s (4,491 kB/s)
Selecting previously unselected package cmake-data.
(Reading database ... (Reading database ... 5%(Reading database ... 10%(Reading database ... 15%(Reading database ... 20%(Reading database ... 25%(Reading database ... 30%(Reading database ... 35%(Reading database ... 40%(Reading database ... 45%(Reading database ... 50%(Reading database ... 55%(Reading database ... 60%(Reading database ... 65%(Reading database ... 70%(Reading database ... 75%(Reading database ... 80%(Reading database ... 85%(Reading database ... 90%(Reading database ... 95%(Reading database ... 100%(Reading database ... 161241 files and directories currently installed.)
Preparing to unpack .../cmake-data_3.16.3-ok2_all.deb ...
Unpacking cmake-data (3.16.3-ok2) ...
Selecting previously unselected package libjsoncpp1:riscv64.
Preparing to unpack .../libjsoncpp1_1.7.6-ok1_riscv64.deb ...
Unpacking libjsoncpp1:riscv64 (1.7.6-ok1) ...
Selecting previously unselected package librhash0:riscv64.
Preparing to unpack .../librhash0_1.4.3-ok2_riscv64.deb ...
Unpacking librhash0:riscv64 (1.4.3-ok2) ...
Selecting previously unselected package cmake.
Preparing to unpack .../cmake_3.16.3-ok2_riscv64.deb ...
Unpacking cmake (3.16.3-ok2) ...
Setting up librhash0:riscv64 (1.4.3-ok2) ...
Setting up cmake-data (3.16.3-ok2) ...
Setting up libjsoncpp1:riscv64 (1.7.6-ok1) ...
Setting up cmake (3.16.3-ok2) ...
Setting up autopkgtest-satdep (0) ...
Processing triggers for man-db (2.9.1-ok3) ...
Processing triggers for libc-bin (2.36-ok2) ...
autopkgtest: DBG: testbed command exited with code 0
autopkgtest: DBG: testbed command ['dpkg-query', '--show', '-f', '${Status}', 'libdouble-conversion3'], kind short, sout pipe, serr pipe, env []
autopkgtest: DBG: testbed command exited with code 0
autopkgtest: DBG: testbed command ['dpkg-query', '--show', '-f', '${Status}', 'libdouble-conversion-dev'], kind short, sout pipe, serr pipe, env []
autopkgtest: DBG: testbed command exited with code 0
autopkgtest: DBG: testbed command ['dpkg', '--status', 'autopkgtest-satdep'], kind short, sout pipe, serr pipe, env []
autopkgtest: DBG: testbed command exited with code 0
autopkgtest: DBG: testbed command ['apt-get', '--simulate', '--quiet', '-o', 'APT::Get::Show-User-Simulation-Note=False', '--auto-remove', 'purge', 'autopkgtest-satdep'], kind short, sout pipe, serr pipe, env []
autopkgtest: DBG: testbed command exited with code 0
autopkgtest: DBG: testbed command ['dpkg', '--purge', 'autopkgtest-satdep'], kind short, sout raw, serr raw, env []
(Reading database ... 164023 files and directories currently installed.)
Removing autopkgtest-satdep (0) ...
autopkgtest: DBG: testbed command exited with code 0
autopkgtest: DBG: testbed command ['sh', '-ec', 'command -v dpkg-query'], kind short, sout pipe, serr pipe, env []
autopkgtest: DBG: testbed command exited with code 0
autopkgtest: DBG: testbed command ['sh', '-ec', "dpkg-query --show -f '${Package}\\t${Version}\\n' > /tmp/autopkgtest.Cj6HNo/cmake-packages.all"], kind short, sout raw, serr pipe, env []
autopkgtest: DBG: testbed command exited with code 0
autopkgtest: DBG: sending command to testbed: copyup /tmp/autopkgtest.Cj6HNo/cmake-packages.all /home/minami/Documents/openkylin-riscv/test/double-conversion/cmake-packages.all
autopkgtest-virt-qemu: DBG: executing copyup /tmp/autopkgtest.Cj6HNo/cmake-packages.all /home/minami/Documents/openkylin-riscv/test/double-conversion/cmake-packages.all
autopkgtest-virt-qemu: DBG: ['cmdls', "(['/tmp/autopkgtest-qemu.lhv9z473/runcmd', 'sh', '-ec', 'cat </tmp/autopkgtest.Cj6HNo/cmake-packages.all'], ['cat'])"]
autopkgtest-virt-qemu: DBG: ['srcstdin', "<_io.BufferedReader name='/dev/null'>", 'deststdout', "<_io.BufferedWriter name='/home/minami/Documents/openkylin-riscv/test/double-conversion/cmake-packages.all'>", 'devnull_read', <_io.BufferedReader name='/dev/null'>]
autopkgtest-virt-qemu: DBG:  +< /tmp/autopkgtest-qemu.lhv9z473/runcmd sh -ec cat </tmp/autopkgtest.Cj6HNo/cmake-packages.all
autopkgtest-virt-qemu: DBG:  +> cat
autopkgtest-virt-qemu: DBG:  +>?
autopkgtest-virt-qemu: DBG:  +<?
autopkgtest: DBG: got reply from testbed: ok
autopkgtest: DBG: testbed command ['test', '-e', '/tmp/autopkgtest.Cj6HNo/build.8hT/src'], kind short, sout raw, serr raw, env []
autopkgtest: DBG: testbed command exited with code 0
autopkgtest: DBG: copydown: tb path /tmp/autopkgtest.Cj6HNo/build.8hT/src already exists
autopkgtest [00:35:10]: test cmake: [-----------------------
autopkgtest: DBG: testbed command ['su', '-s', '/bin/bash', 'openkylin', '-c', 'set -e; export USER=`id -nu`; . /etc/profile >/dev/null 2>&1 || true;  . ~/.profile >/dev/null 2>&1 || true; buildtree="/tmp/autopkgtest.Cj6HNo/build.8hT/src"; mkdir -p -m 1777 -- "/tmp/autopkgtest.Cj6HNo/cmake-artifacts"; export AUTOPKGTEST_ARTIFACTS="/tmp/autopkgtest.Cj6HNo/cmake-artifacts"; export ADT_ARTIFACTS="$AUTOPKGTEST_ARTIFACTS"; mkdir -p -m 755 "/tmp/autopkgtest.Cj6HNo/autopkgtest_tmp"; export AUTOPKGTEST_TMP="/tmp/autopkgtest.Cj6HNo/autopkgtest_tmp"; export ADTTMP="$AUTOPKGTEST_TMP"; export DEBIAN_FRONTEND=noninteractive; export LANG=C.UTF-8; export DEB_BUILD_OPTIONS=parallel=8; unset LANGUAGE LC_CTYPE LC_NUMERIC LC_TIME LC_COLLATE   LC_MONETARY LC_MESSAGES LC_PAPER LC_NAME LC_ADDRESS   LC_TELEPHONE LC_MEASUREMENT LC_IDENTIFICATION LC_ALL;cd "$buildtree"; chmod +x /tmp/autopkgtest.Cj6HNo/build.8hT/src/debian/tests/cmake; exec /tmp/autopkgtest.Cj6HNo/wrapper.sh --script-pid-file=/tmp/autopkgtest_script_pid --stderr=/tmp/autopkgtest.Cj6HNo/cmake-stderr --stdout=/tmp/autopkgtest.Cj6HNo/cmake-stdout -- /tmp/autopkgtest.Cj6HNo/build.8hT/src/debian/tests/cmake ;'], kind test, sout raw, serr raw, env []
-- The CXX compiler identification is GNU 9.3.0
-- Check for working CXX compiler: /usr/bin/c++
-- Check for working CXX compiler: /usr/bin/c++ -- works
-- Detecting CXX compiler ABI info
-- Detecting CXX compiler ABI info - done
-- Detecting CXX compile features
-- Detecting CXX compile features - done
CMake Warning (dev) in CMakeLists.txt:
  No cmake_minimum_required command is present.  A line of code such as

    cmake_minimum_required(VERSION 3.16)

  should be added at the top of the file.  The version specified may be lower
  if you wish to support older CMake versions for this project.  For more
  information run "cmake --help-policy CMP0000".
This warning is for project developers.  Use -Wno-dev to suppress it.

-- Configuring done
-- Generating done
-- Build files have been written to: /tmp/autopkgtest.Cj6HNo/build.8hT/src/test/cctest/build
/usr/bin/cmake -S/tmp/autopkgtest.Cj6HNo/build.8hT/src/test/cctest -B/tmp/autopkgtest.Cj6HNo/build.8hT/src/test/cctest/build --check-build-system CMakeFiles/Makefile.cmake 0
/usr/bin/cmake -E cmake_progress_start /tmp/autopkgtest.Cj6HNo/build.8hT/src/test/cctest/build/CMakeFiles /tmp/autopkgtest.Cj6HNo/build.8hT/src/test/cctest/build/CMakeFiles/progress.marks
make -f CMakeFiles/Makefile2 all
make[1]: Entering directory '/tmp/autopkgtest.Cj6HNo/build.8hT/src/test/cctest/build'
make -f CMakeFiles/cctest.dir/build.make CMakeFiles/cctest.dir/depend
make[2]: Entering directory '/tmp/autopkgtest.Cj6HNo/build.8hT/src/test/cctest/build'
cd /tmp/autopkgtest.Cj6HNo/build.8hT/src/test/cctest/build && /usr/bin/cmake -E cmake_depends "Unix Makefiles" /tmp/autopkgtest.Cj6HNo/build.8hT/src/test/cctest /tmp/autopkgtest.Cj6HNo/build.8hT/src/test/cctest /tmp/autopkgtest.Cj6HNo/build.8hT/src/test/cctest/build /tmp/autopkgtest.Cj6HNo/build.8hT/src/test/cctest/build /tmp/autopkgtest.Cj6HNo/build.8hT/src/test/cctest/build/CMakeFiles/cctest.dir/DependInfo.cmake --color=
Scanning dependencies of target cctest
make[2]: Leaving directory '/tmp/autopkgtest.Cj6HNo/build.8hT/src/test/cctest/build'
make -f CMakeFiles/cctest.dir/build.make CMakeFiles/cctest.dir/build
make[2]: Entering directory '/tmp/autopkgtest.Cj6HNo/build.8hT/src/test/cctest/build'
[  6%] Building CXX object CMakeFiles/cctest.dir/cctest.o
/usr/bin/c++   -isystem /usr/include/double-conversion  -g -O2 -ffile-prefix-map=/tmp/autopkgtest.Cj6HNo/build.8hT/src/test/cctest=. -fstack-protector-strong -Wformat -Werror=format-security   -o CMakeFiles/cctest.dir/cctest.o -c /tmp/autopkgtest.Cj6HNo/build.8hT/src/test/cctest/cctest.cc
[ 13%] Building CXX object CMakeFiles/cctest.dir/gay-fixed.o
/usr/bin/c++   -isystem /usr/include/double-conversion  -g -O2 -ffile-prefix-map=/tmp/autopkgtest.Cj6HNo/build.8hT/src/test/cctest=. -fstack-protector-strong -Wformat -Werror=format-security   -o CMakeFiles/cctest.dir/gay-fixed.o -c /tmp/autopkgtest.Cj6HNo/build.8hT/src/test/cctest/gay-fixed.cc
[ 20%] Building CXX object CMakeFiles/cctest.dir/gay-precision.o
/usr/bin/c++   -isystem /usr/include/double-conversion  -g -O2 -ffile-prefix-map=/tmp/autopkgtest.Cj6HNo/build.8hT/src/test/cctest=. -fstack-protector-strong -Wformat -Werror=format-security   -o CMakeFiles/cctest.dir/gay-precision.o -c /tmp/autopkgtest.Cj6HNo/build.8hT/src/test/cctest/gay-precision.cc
[ 26%] Building CXX object CMakeFiles/cctest.dir/gay-shortest.o
/usr/bin/c++   -isystem /usr/include/double-conversion  -g -O2 -ffile-prefix-map=/tmp/autopkgtest.Cj6HNo/build.8hT/src/test/cctest=. -fstack-protector-strong -Wformat -Werror=format-security   -o CMakeFiles/cctest.dir/gay-shortest.o -c /tmp/autopkgtest.Cj6HNo/build.8hT/src/test/cctest/gay-shortest.cc
[ 33%] Building CXX object CMakeFiles/cctest.dir/gay-shortest-single.o
/usr/bin/c++   -isystem /usr/include/double-conversion  -g -O2 -ffile-prefix-map=/tmp/autopkgtest.Cj6HNo/build.8hT/src/test/cctest=. -fstack-protector-strong -Wformat -Werror=format-security   -o CMakeFiles/cctest.dir/gay-shortest-single.o -c /tmp/autopkgtest.Cj6HNo/build.8hT/src/test/cctest/gay-shortest-single.cc
[ 40%] Building CXX object CMakeFiles/cctest.dir/test-bignum.o
/usr/bin/c++   -isystem /usr/include/double-conversion  -g -O2 -ffile-prefix-map=/tmp/autopkgtest.Cj6HNo/build.8hT/src/test/cctest=. -fstack-protector-strong -Wformat -Werror=format-security   -o CMakeFiles/cctest.dir/test-bignum.o -c /tmp/autopkgtest.Cj6HNo/build.8hT/src/test/cctest/test-bignum.cc
[ 46%] Building CXX object CMakeFiles/cctest.dir/test-bignum-dtoa.o
/usr/bin/c++   -isystem /usr/include/double-conversion  -g -O2 -ffile-prefix-map=/tmp/autopkgtest.Cj6HNo/build.8hT/src/test/cctest=. -fstack-protector-strong -Wformat -Werror=format-security   -o CMakeFiles/cctest.dir/test-bignum-dtoa.o -c /tmp/autopkgtest.Cj6HNo/build.8hT/src/test/cctest/test-bignum-dtoa.cc
[ 53%] Building CXX object CMakeFiles/cctest.dir/test-conversions.o
/usr/bin/c++   -isystem /usr/include/double-conversion  -g -O2 -ffile-prefix-map=/tmp/autopkgtest.Cj6HNo/build.8hT/src/test/cctest=. -fstack-protector-strong -Wformat -Werror=format-security   -o CMakeFiles/cctest.dir/test-conversions.o -c /tmp/autopkgtest.Cj6HNo/build.8hT/src/test/cctest/test-conversions.cc
[ 60%] Building CXX object CMakeFiles/cctest.dir/test-diy-fp.o
/usr/bin/c++   -isystem /usr/include/double-conversion  -g -O2 -ffile-prefix-map=/tmp/autopkgtest.Cj6HNo/build.8hT/src/test/cctest=. -fstack-protector-strong -Wformat -Werror=format-security   -o CMakeFiles/cctest.dir/test-diy-fp.o -c /tmp/autopkgtest.Cj6HNo/build.8hT/src/test/cctest/test-diy-fp.cc
[ 66%] Building CXX object CMakeFiles/cctest.dir/test-dtoa.o
/usr/bin/c++   -isystem /usr/include/double-conversion  -g -O2 -ffile-prefix-map=/tmp/autopkgtest.Cj6HNo/build.8hT/src/test/cctest=. -fstack-protector-strong -Wformat -Werror=format-security   -o CMakeFiles/cctest.dir/test-dtoa.o -c /tmp/autopkgtest.Cj6HNo/build.8hT/src/test/cctest/test-dtoa.cc
[ 73%] Building CXX object CMakeFiles/cctest.dir/test-fast-dtoa.o
/usr/bin/c++   -isystem /usr/include/double-conversion  -g -O2 -ffile-prefix-map=/tmp/autopkgtest.Cj6HNo/build.8hT/src/test/cctest=. -fstack-protector-strong -Wformat -Werror=format-security   -o CMakeFiles/cctest.dir/test-fast-dtoa.o -c /tmp/autopkgtest.Cj6HNo/build.8hT/src/test/cctest/test-fast-dtoa.cc
[ 80%] Building CXX object CMakeFiles/cctest.dir/test-fixed-dtoa.o
/usr/bin/c++   -isystem /usr/include/double-conversion  -g -O2 -ffile-prefix-map=/tmp/autopkgtest.Cj6HNo/build.8hT/src/test/cctest=. -fstack-protector-strong -Wformat -Werror=format-security   -o CMakeFiles/cctest.dir/test-fixed-dtoa.o -c /tmp/autopkgtest.Cj6HNo/build.8hT/src/test/cctest/test-fixed-dtoa.cc
[ 86%] Building CXX object CMakeFiles/cctest.dir/test-ieee.o
/usr/bin/c++   -isystem /usr/include/double-conversion  -g -O2 -ffile-prefix-map=/tmp/autopkgtest.Cj6HNo/build.8hT/src/test/cctest=. -fstack-protector-strong -Wformat -Werror=format-security   -o CMakeFiles/cctest.dir/test-ieee.o -c /tmp/autopkgtest.Cj6HNo/build.8hT/src/test/cctest/test-ieee.cc
[ 93%] Building CXX object CMakeFiles/cctest.dir/test-strtod.o
/usr/bin/c++   -isystem /usr/include/double-conversion  -g -O2 -ffile-prefix-map=/tmp/autopkgtest.Cj6HNo/build.8hT/src/test/cctest=. -fstack-protector-strong -Wformat -Werror=format-security   -o CMakeFiles/cctest.dir/test-strtod.o -c /tmp/autopkgtest.Cj6HNo/build.8hT/src/test/cctest/test-strtod.cc
[100%] Linking CXX executable cctest
/usr/bin/cmake -E cmake_link_script CMakeFiles/cctest.dir/link.txt --verbose=1
/usr/bin/c++  -g -O2 -ffile-prefix-map=/tmp/autopkgtest.Cj6HNo/build.8hT/src/test/cctest=. -fstack-protector-strong -Wformat -Werror=format-security  -rdynamic CMakeFiles/cctest.dir/cctest.o CMakeFiles/cctest.dir/gay-fixed.o CMakeFiles/cctest.dir/gay-precision.o CMakeFiles/cctest.dir/gay-shortest.o CMakeFiles/cctest.dir/gay-shortest-single.o CMakeFiles/cctest.dir/test-bignum.o CMakeFiles/cctest.dir/test-bignum-dtoa.o CMakeFiles/cctest.dir/test-conversions.o CMakeFiles/cctest.dir/test-diy-fp.o CMakeFiles/cctest.dir/test-dtoa.o CMakeFiles/cctest.dir/test-fast-dtoa.o CMakeFiles/cctest.dir/test-fixed-dtoa.o CMakeFiles/cctest.dir/test-ieee.o CMakeFiles/cctest.dir/test-strtod.o  -o cctest  /usr/lib/riscv64-linux-gnu/libdouble-conversion.so.3.1 
make[2]: Leaving directory '/tmp/autopkgtest.Cj6HNo/build.8hT/src/test/cctest/build'
[100%] Built target cctest
make[1]: Leaving directory '/tmp/autopkgtest.Cj6HNo/build.8hT/src/test/cctest/build'
/usr/bin/cmake -E cmake_progress_start /tmp/autopkgtest.Cj6HNo/build.8hT/src/test/cctest/build/CMakeFiles 0
Running tests...
/usr/bin/ctest --force-new-ctest-process 
Test project /tmp/autopkgtest.Cj6HNo/build.8hT/src/test/cctest/build
    Start 1: test_bignum
1/9 Test #1: test_bignum ......................   Passed    0.37 sec
    Start 2: test_bignum_dtoa
2/9 Test #2: test_bignum_dtoa .................   Passed   11.11 sec
    Start 3: test_conversions
3/9 Test #3: test_conversions .................   Passed    0.20 sec
    Start 4: test_diy_fp
4/9 Test #4: test_diy_fp ......................   Passed    0.15 sec
    Start 5: test_dtoa
5/9 Test #5: test_dtoa ........................   Passed    1.05 sec
    Start 6: test_fast_dtoa
6/9 Test #6: test_fast_dtoa ...................   Passed    0.32 sec
    Start 7: test_fixed_dtoa
7/9 Test #7: test_fixed_dtoa ..................   Passed    0.20 sec
    Start 8: test_ieee
8/9 Test #8: test_ieee ........................   Passed    0.15 sec
    Start 9: test_strtod
9/9 Test #9: test_strtod ......................   Passed    0.45 sec

100% tests passed, 0 tests failed out of 9

Total Test time (real) =  14.15 sec
autopkgtest: DBG: testbed command exited with code 0
autopkgtest [00:39:03]: test cmake: -----------------------]
autopkgtest: DBG: testbed executing test finished with exit status 0
autopkgtest: DBG: sending command to testbed: copyup /tmp/autopkgtest.Cj6HNo/cmake-stdout /home/minami/Documents/openkylin-riscv/test/double-conversion/cmake-stdout
autopkgtest-virt-qemu: DBG: executing copyup /tmp/autopkgtest.Cj6HNo/cmake-stdout /home/minami/Documents/openkylin-riscv/test/double-conversion/cmake-stdout
autopkgtest-virt-qemu: DBG: ['cmdls', "(['/tmp/autopkgtest-qemu.lhv9z473/runcmd', 'sh', '-ec', 'cat </tmp/autopkgtest.Cj6HNo/cmake-stdout'], ['cat'])"]
autopkgtest-virt-qemu: DBG: ['srcstdin', "<_io.BufferedReader name='/dev/null'>", 'deststdout', "<_io.BufferedWriter name='/home/minami/Documents/openkylin-riscv/test/double-conversion/cmake-stdout'>", 'devnull_read', <_io.BufferedReader name='/dev/null'>]
autopkgtest-virt-qemu: DBG:  +< /tmp/autopkgtest-qemu.lhv9z473/runcmd sh -ec cat </tmp/autopkgtest.Cj6HNo/cmake-stdout
autopkgtest-virt-qemu: DBG:  +> cat
autopkgtest-virt-qemu: DBG:  +>?
autopkgtest-virt-qemu: DBG:  +<?
autopkgtest: DBG: got reply from testbed: ok
autopkgtest: DBG: sending command to testbed: copyup /tmp/autopkgtest.Cj6HNo/cmake-stderr /home/minami/Documents/openkylin-riscv/test/double-conversion/cmake-stderr
autopkgtest-virt-qemu: DBG: executing copyup /tmp/autopkgtest.Cj6HNo/cmake-stderr /home/minami/Documents/openkylin-riscv/test/double-conversion/cmake-stderr
autopkgtest-virt-qemu: DBG: ['cmdls', "(['/tmp/autopkgtest-qemu.lhv9z473/runcmd', 'sh', '-ec', 'cat </tmp/autopkgtest.Cj6HNo/cmake-stderr'], ['cat'])"]
autopkgtest-virt-qemu: DBG: ['srcstdin', "<_io.BufferedReader name='/dev/null'>", 'deststdout', "<_io.BufferedWriter name='/home/minami/Documents/openkylin-riscv/test/double-conversion/cmake-stderr'>", 'devnull_read', <_io.BufferedReader name='/dev/null'>]
autopkgtest-virt-qemu: DBG:  +< /tmp/autopkgtest-qemu.lhv9z473/runcmd sh -ec cat </tmp/autopkgtest.Cj6HNo/cmake-stderr
autopkgtest-virt-qemu: DBG:  +> cat
autopkgtest-virt-qemu: DBG:  +>?
autopkgtest-virt-qemu: DBG:  +<?
autopkgtest: DBG: got reply from testbed: ok
autopkgtest [00:39:04]: test cmake:  - - - - - - - - - - results - - - - - - - - - -
cmake                PASS
autopkgtest: DBG: sending command to testbed: copyup /tmp/autopkgtest.Cj6HNo/cmake-artifacts/ /home/minami/Documents/openkylin-riscv/test/double-conversion/artifacts/
autopkgtest-virt-qemu: DBG: executing copyup /tmp/autopkgtest.Cj6HNo/cmake-artifacts/ /home/minami/Documents/openkylin-riscv/test/double-conversion/artifacts/
autopkgtest-virt-qemu: DBG: ['cmdls', "(['/tmp/autopkgtest-qemu.lhv9z473/runcmd', 'sh', '-ec', 'cd /tmp/autopkgtest.Cj6HNo/cmake-artifacts/; tar --warning=none -c . -f -'], ['tar', '--directory', '/home/minami/Documents/openkylin-riscv/test/double-conversion/artifacts/', '--warning=none', '--preserve-permissions', '--extract', '--no-same-owner', '-f', '-'])"]
autopkgtest-virt-qemu: DBG: ['srcstdin', "<_io.BufferedReader name='/dev/null'>", 'deststdout', "<_io.BufferedReader name='/dev/null'>", 'devnull_read', <_io.BufferedReader name='/dev/null'>]
autopkgtest-virt-qemu: DBG:  +< /tmp/autopkgtest-qemu.lhv9z473/runcmd sh -ec cd /tmp/autopkgtest.Cj6HNo/cmake-artifacts/; tar --warning=none -c . -f -
autopkgtest-virt-qemu: DBG:  +> tar --directory /home/minami/Documents/openkylin-riscv/test/double-conversion/artifacts/ --warning=none --preserve-permissions --extract --no-same-owner -f -
autopkgtest-virt-qemu: DBG:  +>?
autopkgtest-virt-qemu: DBG:  +<?
autopkgtest: DBG: got reply from testbed: ok
autopkgtest: DBG: testbed command ['rm', '-rf', '/tmp/autopkgtest.Cj6HNo/cmake-artifacts', '/tmp/autopkgtest.Cj6HNo/autopkgtest_tmp'], kind short, sout raw, serr pipe, env []
autopkgtest: DBG: testbed command exited with code 0
autopkgtest: DBG: needs_reset, previously=False, requested by run_tests() line 208
autopkgtest [00:39:05]: @@@@@@@@@@@@@@@@@@@@ summary
unittest.sh          PASS
cmake                PASS
autopkgtest: DBG: testbed stop
autopkgtest: DBG: testbed close, scratch=/tmp/autopkgtest.Cj6HNo
autopkgtest: DBG: sending command to testbed: close
autopkgtest-virt-qemu: DBG: executing close
autopkgtest-virt-qemu: DBG: cleanup...
qemu-system-riscv64: terminating on signal 15 from pid 3706526 (/usr/bin/python3)
autopkgtest: DBG: got reply from testbed: ok
autopkgtest: DBG: sending command to testbed: quit
autopkgtest-virt-qemu: DBG: executing quit
autopkgtest-virt-qemu: DBG: cleanup...
