t/00.versions.t .......... 
ok 1 - All external modules loaded
# Testing Config::Tiny V 2.28
# Using File::Spec V 3.78
# Using File::Temp V 0.2309
# Using strict V 1.11
# Using utf8 V 1.22
1..1
ok
t/02.main.t .............. 
1..33
ok 1 - Loaded correct version of Config::Tiny
ok 2 - new() returns true
ok 3 - new() returns a reference
ok 4 - new() returns a hash reference
ok 5 - An object of class 'Config::Tiny' isa 'Config::Tiny'
ok 6 - new() returns an empty object
ok 7 - read() returns true
ok 8 - read() returns a reference
ok 9 - read() returns a hash reference
ok 10 - An object of class 'Config::Tiny' isa 'Config::Tiny'
ok 11 - Config structure matches expected
ok 12 - read_string() returns true
ok 13 - read_string() returns expected value
ok 14 - write_string() returns something
ok 15 - write_string() returns the correct file contents
ok 16 - write() returned true
ok 17 - write() actually created a file
ok 18 - read() of what we wrote returns true
ok 19 - read() of what we wrote returns a reference
ok 20 - read() of what we wrote returns a hash reference
ok 21 - An object of class 'Config::Tiny' isa 'Config::Tiny'
ok 22 - What we read matches what we wrote out
ok 23 - An object of class 'Config::Tiny' isa 'Config::Tiny'
ok 24 - Config::Tiny object from empty string, is empty
ok 25 - An object of class 'Config::Tiny' isa 'Config::Tiny'
ok 26 - First section created
ok 27 - First section created properly
ok 28 - Second section created
ok 29 - Second section created properly
ok 30 - Third section created
ok 31 - Third section created properly
ok 32 - write_string() returns undef on newlines
ok 33 - errstr() returns expected error
ok
t/03.read.string.t ....... 
1..2
ok 1 - 'read_string() returns an object' isa 'Config::Tiny'
ok 2 - Access to hashref returns correct value
ok
t/04.utf8.t .............. 
1..7
ok 1 - Hashref after read() returns correct value
ok 2 - Hashref after read() returns correct value
ok 3 - Hashref after read() returns correct value
ok 4 - read_string() returns true
ok 5 - read_string() returns expected value
ok 6 - write() followed by read() works
ok 7 - write() + read() returns expected value
ok
t/05.zero.t .............. 
1..6
ok 1 - Hashref after read() returns correct value
ok 2 - read_string() returns true
ok 3 - read_string() returns expected value
ok 4 - write() followed by read() works
ok 5 - write() + read() returns expected value
ok 6 - write() + read() returns expected value
ok
t/06.repeat.key.t ........ 
1..3
ok 1 - 'read_string() returns an object' isa 'Config::Tiny'
ok 2 - Access to hashref returns correct value
ok 3 - Access to hashref returns correct value
ok
t/07.trailing.comment.t .. 
1..4
ok 1 - 'read_string() returns an object' isa 'Config::Tiny'
ok 2 - Source 'One ; Two' read correctly as 'One'
ok 3 - Source 'One;Two' read correctly as 'One;Two'
ok 4 - Source 'One; Two' read correctly as 'One; Two'
ok
t/08.constructor.t ....... 
1..4
ok 1
ok 2
ok 3
ok 4
ok
All tests successful.
Files=8, Tests=60,  9 wallclock secs ( 0.43 usr  0.18 sys +  6.79 cusr  2.08 csys =  9.48 CPU)
Result: PASS
