t/00-report-prereqs.t .. 
1..1
# 
# Versions for all modules listed in static metadata (including optional ones):
# 
# === Configure Requires ===
# 
#     Module               Want  Have
#     ------------------- ----- -----
#     ExtUtils::MakeMaker   any  7.34
#     Module::Build::Tiny 0.034 0.039
# 
# === Configure Suggests ===
# 
#     Module      Want Have
#     -------- ------- ----
#     JSON::PP 2.27300 4.02
# 
# === Test Requires ===
# 
#     Module            Want     Have
#     ---------------- ----- --------
#     File::Spec         any     3.78
#     HTTP::Tiny       0.042    0.076
#     IO::Socket::IP    0.32     0.39
#     Module::Metadata   any 1.000036
#     Test               any     1.31
#     Test::More        0.98 1.302162
#     Test::Needs        any 0.002009
#     URI                any     1.76
# 
# === Test Recommends ===
# 
#     Module         Want     Have
#     ---------- -------- --------
#     CPAN::Meta 2.120900 2.150010
# 
# === Runtime Requires ===
# 
#     Module          Want  Have
#     --------------- ---- -----
#     Carp             any  1.50
#     HTTP::Date         6  6.05
#     HTTP::Request      6  6.36
#     HTTP::Response     6  6.36
#     HTTP::Status       6  6.36
#     IO::Socket::IP  0.32  0.39
#     LWP::MediaTypes    6  6.04
#     Socket           any 2.027
#     strict           any  1.11
#     warnings         any  1.44
# 
# === Other Modules ===
# 
#     Module             Have
#     --------------- -------
#     Encode             3.01
#     File::Temp       0.2309
#     JSON::PP           4.02
#     Module::Runtime missing
#     Pod::Coverage   missing
#     Sub::Name       missing
#     YAML            missing
#     autodie            2.29
# 
ok 1 - Reported prereqs
ok
t/chunked.t ............ 
1..5
ok 1 - [629] traditional, unchunked POST request
ok 2 - [8] chunked with illegal Content-Length header; tiny message
ok 3 - [868] chunked with illegal Content-Length header; medium sized
ok 4 - [1104] chunked correctly, size ~1k; base for the big next test
ok 5 - [1130496] chunked with many chunks
ok
t/encoding.t ........... 
ok 1 - we overrode sockhost
ok 2 - we overrode sockdomain
ok 3 - % is encoded in host
1..3
ok
t/local/http.t ......... skipped: Need LWP::UserAgent
t/robot/ua-get.t ....... skipped: Need LWP::RobotUA
t/robot/ua.t ........... skipped: Need LWP::RobotUA
t/url.t ................ 
# url: http://[::1]:57871/
ok 1
1..1
ok
All tests successful.
Files=7, Tests=10, 12 wallclock secs ( 0.42 usr  0.15 sys +  5.63 cusr  1.96 csys =  8.16 CPU)
Result: PASS
