t/01array.t ... 
1..6
ok 1
ok 2
ok 3
ok 4
ok 5
ok 6
ok
t/02hash.t .... 
1..11
ok 1
ok 2
ok 3
ok 4
ok 5
ok 6
ok 7
ok 8
ok 9
ok 10
ok 11
ok
t/03scalar.t .. 
1..6
ok 1
ok 2
ok 3
ok 4
ok 5
ok 6
ok
t/04tie.t ..... 
1..5
ok 1
ok 2
ok 3
ok 4
ok 5
ok
t/05dtype.t ... 
1..2
ok 1
ok 2
ok
t/06refcnt.t .. 
1..9
ok 1
ok 2
ok 3
ok 4
ok 5
ok 6
ok 7
ok 8
ok 9
ok
t/dclone.t .... 
This test is todo  at t/dclone.t line 105.
This test is todo  at t/dclone.t line 109.
1..9
ok 1
ok 2
ok 3
ok 4
ok 5
ok 6
ok 7
ok 8
ok 9
ok
All tests successful.
Files=7, Tests=48,  3 wallclock secs ( 0.36 usr  0.19 sys +  1.90 cusr  0.62 csys =  3.07 CPU)
Result: PASS
