t/AFCP.t ........... 
1..3
ok 1
ok 2
ok 3
ok
t/AIFF.t ........... 
1..2
ok 1
ok 2
ok
t/APE.t ............ 
1..3
ok 1
ok 2
ok 3
ok
t/ASF.t ............ 
1..2
ok 1
ok 2
ok
t/Apple.t .......... 
1..2
ok 1
ok 2
ok
t/Audible.t ........ 
1..2
ok 1
ok 2
ok
t/BMP.t ............ 
1..2
ok 1
ok 2
ok
t/BPG.t ............ 
1..2
ok 1
ok 2
ok
t/BigTIFF.t ........ 
1..2
ok 1
ok 2
ok
t/Canon.t .......... 
1..3
ok 1
ok 2
ok 3
ok
t/CanonRaw.t ....... 
1..9
ok 1
ok 2
ok 3
ok 4
ok 5
ok 6
ok 7
ok 8
ok 9
ok
t/CanonVRD.t ....... 
1..24
ok 1
ok 2
ok 3
ok 4
ok 5
ok 6
ok 7
ok 8
ok 9
ok 10
ok 11
ok 12
ok 13
ok 14
ok 15
ok 16
ok 17
ok 18
ok 19
ok 20
ok 21
ok 22
ok 23
ok 24
ok
t/Casio.t .......... 
1..6
ok 1
ok 2
ok 3
ok 4
ok 5
ok 6
ok
t/DICOM.t .......... 
1..2
ok 1
ok 2
ok
t/DNG.t ............ 
1..3
ok 1
ok 2
ok 3
ok
t/DPX.t ............ 
1..2
ok 1
ok 2
ok
t/DV.t ............. 
1..2
ok 1
ok 2
ok
t/DjVu.t ........... 
1..2
ok 1
ok 2
ok
t/ExifTool.t ....... 
1..32
ok 1
ok 2
ok 3
ok 4
ok 5
ok 6
ok 7
ok 8
ok 9
ok 10
ok 11
ok 12
ok 13
ok 14
ok 15
ok 16
ok 17
ok 18
ok 19
ok 20
ok 21
ok 22
ok 23
ok 24
ok 25
ok 26
ok 27
ok 28
ok 29
ok 30
ok 31
ok 32
ok
t/FITS.t ........... 
1..2
ok 1
ok 2
ok
t/FLAC.t ........... 
1..3
ok 1
ok 2
ok 3
ok
t/FLIF.t ........... 
1..6
ok 1
ok 2
ok 3
ok 4
ok 5
ok 6
ok
t/FLIR.t ........... 
1..3
ok 1
ok 2
ok 3
ok
t/FlashPix.t ....... 
1..2
ok 1
ok 2
ok
t/Font.t ........... 
1..7
ok 1
ok 2
ok 3
ok 4
ok 5
ok 6
ok 7
ok
t/FotoStation.t .... 
1..3
ok 1
ok 2
ok 3
ok
t/FujiFilm.t ....... 
1..6
ok 1
ok 2
ok 3
ok 4
ok 5
ok 6
ok
t/GE.t ............. 
1..3
ok 1
ok 2
ok 3
ok
t/GIF.t ............ 
1..5
ok 1
ok 2
ok 3
ok 4
ok 5
ok
t/GIMP.t ........... 
1..2
ok 1
ok 2
ok
t/GPS.t ............ 
1..3
ok 1
ok 2
ok 3
ok
t/GeoTiff.t ........ 
1..4
ok 1
ok 2
ok 3
ok 4
ok
t/Geotag.t ......... 
1..12
ok 1
ok 2
ok 3
ok 4
ok 5
ok 6
ok 7
ok 8
ok 9
ok 10
ok 11
ok 12
ok
t/GoPro.t .......... 
1..2
ok 1
ok 2
ok
t/HTML.t ........... 
1..2
ok 1
ok 2
ok
t/IPTC.t ........... 
1..8
ok 1
ok 2
ok 3
ok 4
ok 5
ok 6
ok 7
ok 8
ok
t/ISO.t ............ 
1..2
ok 1
ok 2
ok
t/ITC.t ............ 
1..2
ok 1
ok 2
ok
t/InDesign.t ....... 
1..4
ok 1
ok 2
ok 3
ok 4
ok
t/JSON.t ........... 
1..2
ok 1
ok 2
ok
t/JVC.t ............ 
1..3
ok 1
ok 2
ok 3
ok
t/JXL.t ............ 
1..3
ok 1
ok 2
ok 3
ok
t/Jpeg2000.t ....... 
1..5
ok 1
ok 2
ok 3
ok 4
ok 5
ok
t/Kodak.t .......... 
1..3
ok 1
ok 2
ok 3
ok
t/KyoceraRaw.t ..... 
1..2
ok 1
ok 2
ok
t/LNK.t ............ 
1..2
ok 1
ok 2
ok
t/Lang.t ........... 
1..18
ok 1
ok 2
ok 3
ok 4
ok 5
ok 6
ok 7
ok 8
ok 9
ok 10
ok 11
ok 12
ok 13
ok 14
ok 15
ok 16
ok 17
ok 18
ok
t/Lytro.t .......... 
1..2
ok 1
ok 2
ok
t/M2TS.t ........... 
1..2
ok 1
ok 2
ok
t/MIE.t ............ 
1..6
ok 1
ok 2
ok 3
ok 4
ok 5
ok 6
ok
t/MIFF.t ........... 
1..2
ok 1
ok 2
ok
t/MOI.t ............ 
1..2
ok 1
ok 2
ok
t/MP3.t ............ 
1..2
ok 1
ok 2
ok
t/MRC.t ............ 
1..2
ok 1
ok 2
ok
t/MWG.t ............ 
1..7
ok 1
ok 2
ok 3
ok 4
ok 5
ok 6
ok 7
ok
t/MXF.t ............ 
1..2
ok 1
ok 2
ok
t/MacOS.t .......... 
1..2
ok 1
ok 2
ok
t/Matroska.t ....... 
1..2
ok 1
ok 2
ok
t/Minolta.t ........ 
1..4
ok 1
ok 2
ok 3
ok 4
ok
t/Motorola.t ....... 
1..2
ok 1
ok 2
ok
t/Nikon.t .......... 
1..9
ok 1
ok 2
ok 3
ok 4
ok 5
ok 6
ok 7
ok 8
ok 9
ok
t/Olympus.t ........ 
1..8
ok 1
ok 2
ok 3
ok 4
ok 5
ok 6
ok 7
ok 8
ok
t/OpenEXR.t ........ 
1..2
ok 1
ok 2
ok
t/Opus.t ........... 
1..2
ok 1
ok 2
ok
t/PCX.t ............ 
1..2
ok 1
ok 2
ok
t/PDF.t ............ 
1..26
ok 1
ok 2
ok 3
ok 4
ok 5
ok 6
ok 7
ok 8
ok 9
ok 10
ok 11
ok 12
ok 13
ok 14
ok 15
ok 16
ok 17
ok 18
ok 19
ok 20
ok 21
ok 22
ok 23
ok 24
ok 25
ok 26
ok
t/PFM.t ............ 
1..2
ok 1
ok 2
ok
t/PGF.t ............ 
1..2
ok 1
ok 2
ok
t/PICT.t ........... 
1..2
ok 1
ok 2
ok
t/PLIST.t .......... 
1..4
ok 1
ok 2
ok 3
ok 4
ok
t/PLUS.t ........... 
1..3
ok 1
ok 2
ok 3
ok
t/PNG.t ............ 
1..7
ok 1
ok 2
ok 3
ok 4
ok 5
ok 6
ok 7
ok
t/PPM.t ............ 
1..3
ok 1
ok 2
ok 3
ok
t/PSP.t ............ 
1..2
ok 1
ok 2
ok
t/Palm.t ........... 
1..2
ok 1
ok 2
ok
t/Panasonic.t ...... 
1..5
ok 1
ok 2
ok 3
ok 4
ok 5
ok
t/Pentax.t ......... 
1..4
ok 1
ok 2
ok 3
ok 4
ok
t/PhaseOne.t ....... 
1..3
ok 1
ok 2
ok 3
ok
t/PhotoCD.t ........ 
1..2
ok 1
ok 2
ok
t/PhotoMechanic.t .. 
1..3
ok 1
ok 2
ok 3
ok
t/Photoshop.t ...... 
1..3
ok 1
ok 2
ok 3
ok
t/PostScript.t ..... 
1..3
ok 1
ok 2
ok 3
ok
t/QuickTime.t ...... 
1..17
ok 1
ok 2
ok 3
ok 4
ok 5
ok 6
ok 7
ok 8
ok 9
ok 10
ok 11
ok 12
ok 13
ok 14
ok 15
ok 16
ok 17
ok
t/RIFF.t ........... 
1..4
ok 1
ok 2
ok 3
ok 4
ok
t/RTF.t ............ 
1..2
ok 1
ok 2
ok
t/Radiance.t ....... 
1..2
ok 1
ok 2
ok
t/Real.t ........... 
1..4
ok 1
ok 2
ok 3
ok 4
ok
t/Red.t ............ 
1..2
ok 1
ok 2
ok
t/Ricoh.t .......... 
1..4
ok 1
ok 2
ok 3
ok 4
ok
t/Sanyo.t .......... 
1..3
ok 1
ok 2
ok 3
ok
t/Sigma.t .......... 
1..5
ok 1
ok 2
ok 3
ok 4
ok 5
ok
t/Sony.t ........... 
1..5
ok 1
ok 2
ok 3
ok 4
ok 5
ok
t/Text.t ........... 
1..7
ok 1
ok 2
ok 3
ok 4
ok 5
ok 6
ok 7
ok
t/Torrent.t ........ 
1..2
ok 1
ok 2
ok
t/Unknown.t ........ 
1..3
ok 1
ok 2
ok 3
ok
t/VCard.t .......... 
1..3
ok 1
ok 2
ok 3
ok
t/Vorbis.t ......... 
1..2
ok 1
ok 2
ok
t/WTV.t ............ 
1..2
ok 1
ok 2
ok
t/Writer.t ......... 
1..59
ok 1
ok 2
ok 3
ok 4
ok 5
ok 6
ok 7
ok 8
ok 9
ok 10
ok 11
ok 12
ok 13
ok 14
ok 15
ok 16
ok 17
ok 18
ok 19
ok 20
ok 21
ok 22
ok 23
ok 24
ok 25
ok 26
ok 27
ok 28
ok 29
ok 30
ok 31
ok 32
ok 33
ok 34
ok 35
ok 36
ok 37
ok 38
ok 39
ok 40
ok 41
ok 42
ok 43
ok 44
ok 45
ok 46
ok 47
ok 48
ok 49
ok 50
ok 51
ok 52
ok 53
ok 54
ok 55
ok 56
ok 57
ok 58
ok 59
ok
t/XMP.t ............ 
1..54
ok 1
ok 2
ok 3
ok 4
ok 5
ok 6
ok 7
ok 8
ok 9
ok 10
ok 11
ok 12
ok 13
ok 14
ok 15
ok 16
ok 17
ok 18
ok 19
ok 20
ok 21
ok 22
ok 23
ok 24
ok 25
ok 26
ok 27
ok 28
ok 29
ok 30
ok 31
ok 32
ok 33
ok 34
ok 35
ok 36
ok 37
ok 38
ok 39
ok 40
ok 41
ok 42
ok 43
ok 44
ok 45
ok 46
ok 47
ok 48
ok 49
ok 50
ok 51
ok 52
ok 53
ok 54
ok
t/ZIP.t ............ 
1..7
ok 1
ok 2
ok 3
ok 4
ok 5
ok 6
ok 7
ok
t/ZISRAW.t ......... 
1..2
ok 1
ok 2
ok
All tests successful.
Files=102, Tests=549, 382 wallclock secs ( 3.11 usr  2.01 sys + 336.15 cusr 42.88 csys = 384.15 CPU)
Result: PASS
