t/Auto/00-load.t ....... 
ok 1 - use Hash::Merge;
# Testing Hash::Merge version 0.302, Perl 5.030000, /usr/bin/perl
# Using backend Storable version 3.15
1..1
ok
t/Auto/01-merge.t ...... 
ok 1 - Left Precedent - Scalar on Scalar
ok 2 - Left Precedent - Scalar on Array
ok 3 - Left Precedent - Scalar on Hash
ok 4 - Left Precedent - Scalar on Object
ok 5 - Left Precedent - Array on Scalar
ok 6 - Left Precedent - Array on Array
ok 7 - Left Precedent - Array on Hash
ok 8 - Left Precedent - Array on Object
ok 9 - Left Precedent - Hash on Scalar
ok 10 - Left Precedent - Hash on Array
ok 11 - Left Precedent - Hash on Hash
ok 12 - Left Precedent - Hash on Object
ok 13 - Left Precedent - Object on Scalar
ok 14 - Left Precedent - Object on Array
ok 15 - Left Precedent - Object on Array
ok 16 - Left Precedent - Object on Array
ok 17 - Right Precedent - Scalar on Scalar
ok 18 - Right Precedent - Scalar on Array
ok 19 - Right Precedent - Scalar on Hash
ok 20 - Right Precedent - Scalar on Object
ok 21 - Right Precedent - Array on Scalar
ok 22 - Right Precedent - Array on Array
ok 23 - Right Precedent - Array on Hash
ok 24 - Right Precedent - Array on Object
ok 25 - Right Precedent - Hash on Scalar
ok 26 - Right Precedent - Hash on Array
ok 27 - Right Precedent - Hash on Hash
ok 28 - Right Precedent - Hash on Object
ok 29 - Right Precedent - Object on Scalar
ok 30 - Right Precedent - Object on Array
ok 31 - Right Precedent - Object on Hash
ok 32 - Right Precedent - Object on Object
ok 33 - Storage Precedent - Scalar on Scalar
ok 34 - Storage Precedent - Scalar on Array
ok 35 - Storage Precedent - Scalar on Hash
ok 36 - Storage Precedent - Scalar on Object
ok 37 - Storage Precedent - Array on Scalar
ok 38 - Storage Precedent - Array on Array
ok 39 - Storage Precedent - Array on Hash
ok 40 - Storage Precedent - Array on Object
ok 41 - Storage Precedent - Hash on Scalar
ok 42 - Storage Precedent - Hash on Array
ok 43 - Storage Precedent - Hash on Hash
ok 44 - Storage Precedent - Hash on Object
ok 45 - Storage Precedent - Object on Scalar
ok 46 - Storage Precedent - Object on Array
ok 47 - Storage Precedent - Object on Hash
ok 48 - Storage Precedent - Object on Object
ok 49 - Retainment Precedent - Scalar on Scalar
ok 50 - Retainment Precedent - Scalar on Array
ok 51 - Retainment Precedent - Scalar on Hash
ok 52 - Retainment Precedent - Scalar on Object
ok 53 - Retainment Precedent - Array on Scalar
ok 54 - Retainment Precedent - Array on Array
ok 55 - Retainment Precedent - Array on Hash
ok 56 - Retainment Precedent - Array on Object
ok 57 - Retainment Precedent - Hash on Scalar
ok 58 - Retainment Precedent - Hash on Array
ok 59 - Retainment Precedent - Hash on Hash
ok 60 - Retainment Precedent - Hash on Object
ok 61 - Retainment Precedent - Object on Scalar
ok 62 - Retainment Precedent - Object on Array
ok 63 - Retainment Precedent - Object on Hash
ok 64 - Retainment Precedent - Object on Object
ok 65 - Cannot add behavior spec twice
ok 66 - Custom Precedent - Scalar on Scalar
ok 67 - Custom Precedent - Scalar on Array
ok 68 - Custom Precedent - Scalar on Hash
ok 69 - Custom Precedent - Scalar on Object
ok 70 - Custom Precedent - Array on Scalar
ok 71 - Custom Precedent - Array on Array
ok 72 - Custom Precedent - Array on Hash
ok 73 - Custom Precedent - Array on Object
ok 74 - Custom Precedent - Hash on Scalar
ok 75 - Custom Precedent - Hash on Array
ok 76 - Custom Precedent - Hash on Hash
ok 77 - Custom Precedent - Hash on Hash
ok 78 - Custom Precedent - Object on Scalar
ok 79 - Custom Precedent - Object on Array
ok 80 - Custom Precedent - Object on Hash
ok 81 - Custom Precedent - Object on Object
ok 82
1..82
ok
t/Auto/02-oo.t ......... 
ok 1 - no arg default is LEFT_PRECEDENT
ok 2 - Left Precedent - Scalar on Scalar
ok 3 - Left Precedent - Scalar on Array
ok 4 - Left Precedent - Scalar on Hash
ok 5 - Left Precedent - Scalar on Object
ok 6 - Left Precedent - Array on Scalar
ok 7 - Left Precedent - Array on Array
ok 8 - Left Precedent - Array on Hash
ok 9 - Left Precedent - Array on Object
ok 10 - Left Precedent - Hash on Scalar
ok 11 - Left Precedent - Hash on Array
ok 12 - Left Precedent - Hash on Hash
ok 13 - Left Precedent - Hash on Object
ok 14 - Left Precedent - Object on Scalar
ok 15 - Left Precedent - Object on Array
ok 16 - Left Precedent - Object on Array
ok 17 - Left Precedent - Object on Array
ok 18 - set_behavior() returns previous behavior
ok 19 - set_behavior() actually sets the behavior)
ok 20 - Right Precedent - Scalar on Scalar
ok 21 - Right Precedent - Scalar on Array
ok 22 - Right Precedent - Scalar on Hash
ok 23 - Right Precedent - Scalar on Object
ok 24 - Right Precedent - Array on Scalar
ok 25 - Right Precedent - Array on Array
ok 26 - Right Precedent - Array on Hash
ok 27 - Right Precedent - Array on Object
ok 28 - Right Precedent - Hash on Scalar
ok 29 - Right Precedent - Hash on Array
ok 30 - Right Precedent - Hash on Hash
ok 31 - Right Precedent - Hash on Object
ok 32 - Right Precedent - Object on Scalar
ok 33 - Right Precedent - Object on Array
ok 34 - Right Precedent - Object on Hash
ok 35 - Right Precedent - Object on Object
ok 36 - "global" function does not affect object
ok 37 - Storage Precedent - Scalar on Scalar
ok 38 - Storage Precedent - Scalar on Array
ok 39 - Storage Precedent - Scalar on Hash
ok 40 - Storage Precedent - Scalar on Object
ok 41 - Storage Precedent - Array on Scalar
ok 42 - Storage Precedent - Array on Array
ok 43 - Storage Precedent - Array on Hash
ok 44 - Storage Precedent - Array on Object
ok 45 - Storage Precedent - Hash on Scalar
ok 46 - Storage Precedent - Hash on Array
ok 47 - Storage Precedent - Hash on Hash
ok 48 - Storage Precedent - Hash on Object
ok 49 - Storage Precedent - Object on Scalar
ok 50 - Storage Precedent - Object on Array
ok 51 - Storage Precedent - Object on Hash
ok 52 - Storage Precedent - Object on Object
ok 53 - Retainment Precedent - Scalar on Scalar
ok 54 - Retainment Precedent - Scalar on Array
ok 55 - Retainment Precedent - Scalar on Hash
ok 56 - Retainment Precedent - Scalar on Object
ok 57 - Retainment Precedent - Array on Scalar
ok 58 - Retainment Precedent - Array on Array
ok 59 - Retainment Precedent - Array on Hash
ok 60 - Retainment Precedent - Array on Object
ok 61 - Retainment Precedent - Hash on Scalar
ok 62 - Retainment Precedent - Hash on Array
ok 63 - Retainment Precedent - Hash on Hash
ok 64 - Retainment Precedent - Hash on Object
ok 65 - Retainment Precedent - Object on Scalar
ok 66 - Retainment Precedent - Object on Array
ok 67 - Retainment Precedent - Object on Hash
ok 68 - Retainment Precedent - Object on Object
ok 69 - Cannot add behavior spec twice
ok 70 - Custom Precedent - Scalar on Scalar
ok 71 - Custom Precedent - Scalar on Array
ok 72 - Custom Precedent - Scalar on Hash
ok 73 - Custom Precedent - Scalar on Object
ok 74 - Custom Precedent - Array on Scalar
ok 75 - Custom Precedent - Array on Array
ok 76 - Custom Precedent - Array on Hash
ok 77 - Custom Precedent - Array on Object
ok 78 - Custom Precedent - Hash on Scalar
ok 79 - Custom Precedent - Hash on Array
ok 80 - Custom Precedent - Hash on Hash
ok 81 - Custom Precedent - Hash on Hash
ok 82 - Custom Precedent - Object on Scalar
ok 83 - Custom Precedent - Object on Array
ok 84 - Custom Precedent - Object on Hash
ok 85 - Custom Precedent - Object on Object
ok 86
ok 87 - instance did not leak
1..87
ok
t/Clone/00-load.t ...... skipped: No Clone found.
t/Clone/01-merge.t ..... skipped: No Clone found.
t/Clone/02-oo.t ........ skipped: No Clone found.
t/ClonePP/00-load.t .... skipped: No Clone::PP found.
t/ClonePP/01-merge.t ... skipped: No Clone::PP found.
t/ClonePP/02-oo.t ...... skipped: No Clone::PP found.
t/Storable/00-load.t ... 
ok 1 - use Hash::Merge;
# Testing Hash::Merge version 0.302, Perl 5.030000, /usr/bin/perl
# Using backend Storable version 3.15
1..1
ok
t/Storable/01-merge.t .. 
ok 1 - Left Precedent - Scalar on Scalar
ok 2 - Left Precedent - Scalar on Array
ok 3 - Left Precedent - Scalar on Hash
ok 4 - Left Precedent - Scalar on Object
ok 5 - Left Precedent - Array on Scalar
ok 6 - Left Precedent - Array on Array
ok 7 - Left Precedent - Array on Hash
ok 8 - Left Precedent - Array on Object
ok 9 - Left Precedent - Hash on Scalar
ok 10 - Left Precedent - Hash on Array
ok 11 - Left Precedent - Hash on Hash
ok 12 - Left Precedent - Hash on Object
ok 13 - Left Precedent - Object on Scalar
ok 14 - Left Precedent - Object on Array
ok 15 - Left Precedent - Object on Array
ok 16 - Left Precedent - Object on Array
ok 17 - Right Precedent - Scalar on Scalar
ok 18 - Right Precedent - Scalar on Array
ok 19 - Right Precedent - Scalar on Hash
ok 20 - Right Precedent - Scalar on Object
ok 21 - Right Precedent - Array on Scalar
ok 22 - Right Precedent - Array on Array
ok 23 - Right Precedent - Array on Hash
ok 24 - Right Precedent - Array on Object
ok 25 - Right Precedent - Hash on Scalar
ok 26 - Right Precedent - Hash on Array
ok 27 - Right Precedent - Hash on Hash
ok 28 - Right Precedent - Hash on Object
ok 29 - Right Precedent - Object on Scalar
ok 30 - Right Precedent - Object on Array
ok 31 - Right Precedent - Object on Hash
ok 32 - Right Precedent - Object on Object
ok 33 - Storage Precedent - Scalar on Scalar
ok 34 - Storage Precedent - Scalar on Array
ok 35 - Storage Precedent - Scalar on Hash
ok 36 - Storage Precedent - Scalar on Object
ok 37 - Storage Precedent - Array on Scalar
ok 38 - Storage Precedent - Array on Array
ok 39 - Storage Precedent - Array on Hash
ok 40 - Storage Precedent - Array on Object
ok 41 - Storage Precedent - Hash on Scalar
ok 42 - Storage Precedent - Hash on Array
ok 43 - Storage Precedent - Hash on Hash
ok 44 - Storage Precedent - Hash on Object
ok 45 - Storage Precedent - Object on Scalar
ok 46 - Storage Precedent - Object on Array
ok 47 - Storage Precedent - Object on Hash
ok 48 - Storage Precedent - Object on Object
ok 49 - Retainment Precedent - Scalar on Scalar
ok 50 - Retainment Precedent - Scalar on Array
ok 51 - Retainment Precedent - Scalar on Hash
ok 52 - Retainment Precedent - Scalar on Object
ok 53 - Retainment Precedent - Array on Scalar
ok 54 - Retainment Precedent - Array on Array
ok 55 - Retainment Precedent - Array on Hash
ok 56 - Retainment Precedent - Array on Object
ok 57 - Retainment Precedent - Hash on Scalar
ok 58 - Retainment Precedent - Hash on Array
ok 59 - Retainment Precedent - Hash on Hash
ok 60 - Retainment Precedent - Hash on Object
ok 61 - Retainment Precedent - Object on Scalar
ok 62 - Retainment Precedent - Object on Array
ok 63 - Retainment Precedent - Object on Hash
ok 64 - Retainment Precedent - Object on Object
ok 65 - Cannot add behavior spec twice
ok 66 - Custom Precedent - Scalar on Scalar
ok 67 - Custom Precedent - Scalar on Array
ok 68 - Custom Precedent - Scalar on Hash
ok 69 - Custom Precedent - Scalar on Object
ok 70 - Custom Precedent - Array on Scalar
ok 71 - Custom Precedent - Array on Array
ok 72 - Custom Precedent - Array on Hash
ok 73 - Custom Precedent - Array on Object
ok 74 - Custom Precedent - Hash on Scalar
ok 75 - Custom Precedent - Hash on Array
ok 76 - Custom Precedent - Hash on Hash
ok 77 - Custom Precedent - Hash on Hash
ok 78 - Custom Precedent - Object on Scalar
ok 79 - Custom Precedent - Object on Array
ok 80 - Custom Precedent - Object on Hash
ok 81 - Custom Precedent - Object on Object
ok 82
1..82
ok
t/Storable/02-oo.t ..... 
ok 1 - no arg default is LEFT_PRECEDENT
ok 2 - Left Precedent - Scalar on Scalar
ok 3 - Left Precedent - Scalar on Array
ok 4 - Left Precedent - Scalar on Hash
ok 5 - Left Precedent - Scalar on Object
ok 6 - Left Precedent - Array on Scalar
ok 7 - Left Precedent - Array on Array
ok 8 - Left Precedent - Array on Hash
ok 9 - Left Precedent - Array on Object
ok 10 - Left Precedent - Hash on Scalar
ok 11 - Left Precedent - Hash on Array
ok 12 - Left Precedent - Hash on Hash
ok 13 - Left Precedent - Hash on Object
ok 14 - Left Precedent - Object on Scalar
ok 15 - Left Precedent - Object on Array
ok 16 - Left Precedent - Object on Array
ok 17 - Left Precedent - Object on Array
ok 18 - set_behavior() returns previous behavior
ok 19 - set_behavior() actually sets the behavior)
ok 20 - Right Precedent - Scalar on Scalar
ok 21 - Right Precedent - Scalar on Array
ok 22 - Right Precedent - Scalar on Hash
ok 23 - Right Precedent - Scalar on Object
ok 24 - Right Precedent - Array on Scalar
ok 25 - Right Precedent - Array on Array
ok 26 - Right Precedent - Array on Hash
ok 27 - Right Precedent - Array on Object
ok 28 - Right Precedent - Hash on Scalar
ok 29 - Right Precedent - Hash on Array
ok 30 - Right Precedent - Hash on Hash
ok 31 - Right Precedent - Hash on Object
ok 32 - Right Precedent - Object on Scalar
ok 33 - Right Precedent - Object on Array
ok 34 - Right Precedent - Object on Hash
ok 35 - Right Precedent - Object on Object
ok 36 - "global" function does not affect object
ok 37 - Storage Precedent - Scalar on Scalar
ok 38 - Storage Precedent - Scalar on Array
ok 39 - Storage Precedent - Scalar on Hash
ok 40 - Storage Precedent - Scalar on Object
ok 41 - Storage Precedent - Array on Scalar
ok 42 - Storage Precedent - Array on Array
ok 43 - Storage Precedent - Array on Hash
ok 44 - Storage Precedent - Array on Object
ok 45 - Storage Precedent - Hash on Scalar
ok 46 - Storage Precedent - Hash on Array
ok 47 - Storage Precedent - Hash on Hash
ok 48 - Storage Precedent - Hash on Object
ok 49 - Storage Precedent - Object on Scalar
ok 50 - Storage Precedent - Object on Array
ok 51 - Storage Precedent - Object on Hash
ok 52 - Storage Precedent - Object on Object
ok 53 - Retainment Precedent - Scalar on Scalar
ok 54 - Retainment Precedent - Scalar on Array
ok 55 - Retainment Precedent - Scalar on Hash
ok 56 - Retainment Precedent - Scalar on Object
ok 57 - Retainment Precedent - Array on Scalar
ok 58 - Retainment Precedent - Array on Array
ok 59 - Retainment Precedent - Array on Hash
ok 60 - Retainment Precedent - Array on Object
ok 61 - Retainment Precedent - Hash on Scalar
ok 62 - Retainment Precedent - Hash on Array
ok 63 - Retainment Precedent - Hash on Hash
ok 64 - Retainment Precedent - Hash on Object
ok 65 - Retainment Precedent - Object on Scalar
ok 66 - Retainment Precedent - Object on Array
ok 67 - Retainment Precedent - Object on Hash
ok 68 - Retainment Precedent - Object on Object
ok 69 - Cannot add behavior spec twice
ok 70 - Custom Precedent - Scalar on Scalar
ok 71 - Custom Precedent - Scalar on Array
ok 72 - Custom Precedent - Scalar on Hash
ok 73 - Custom Precedent - Scalar on Object
ok 74 - Custom Precedent - Array on Scalar
ok 75 - Custom Precedent - Array on Array
ok 76 - Custom Precedent - Array on Hash
ok 77 - Custom Precedent - Array on Object
ok 78 - Custom Precedent - Hash on Scalar
ok 79 - Custom Precedent - Hash on Array
ok 80 - Custom Precedent - Hash on Hash
ok 81 - Custom Precedent - Hash on Hash
ok 82 - Custom Precedent - Object on Scalar
ok 83 - Custom Precedent - Object on Array
ok 84 - Custom Precedent - Object on Hash
ok 85 - Custom Precedent - Object on Object
ok 86
ok 87 - instance did not leak
1..87
ok
t/inline/00-load.t ..... 
ok 1 - use Hash::Merge;
# Testing Hash::Merge version 0.302, Perl 5.030000, /usr/bin/perl
# Using backend Storable version 3.15
1..1
ok
t/inline/01-merge.t .... 
ok 1 - Left Precedent - Scalar on Scalar
ok 2 - Left Precedent - Scalar on Array
ok 3 - Left Precedent - Scalar on Hash
ok 4 - Left Precedent - Scalar on Object
ok 5 - Left Precedent - Array on Scalar
ok 6 - Left Precedent - Array on Array
ok 7 - Left Precedent - Array on Hash
ok 8 - Left Precedent - Array on Object
ok 9 - Left Precedent - Hash on Scalar
ok 10 - Left Precedent - Hash on Array
ok 11 - Left Precedent - Hash on Hash
ok 12 - Left Precedent - Hash on Object
ok 13 - Left Precedent - Object on Scalar
ok 14 - Left Precedent - Object on Array
ok 15 - Left Precedent - Object on Array
ok 16 - Left Precedent - Object on Array
ok 17 - Right Precedent - Scalar on Scalar
ok 18 - Right Precedent - Scalar on Array
ok 19 - Right Precedent - Scalar on Hash
ok 20 - Right Precedent - Scalar on Object
ok 21 - Right Precedent - Array on Scalar
ok 22 - Right Precedent - Array on Array
ok 23 - Right Precedent - Array on Hash
ok 24 - Right Precedent - Array on Object
ok 25 - Right Precedent - Hash on Scalar
ok 26 - Right Precedent - Hash on Array
ok 27 - Right Precedent - Hash on Hash
ok 28 - Right Precedent - Hash on Object
ok 29 - Right Precedent - Object on Scalar
ok 30 - Right Precedent - Object on Array
ok 31 - Right Precedent - Object on Hash
ok 32 - Right Precedent - Object on Object
ok 33 - Storage Precedent - Scalar on Scalar
ok 34 - Storage Precedent - Scalar on Array
ok 35 - Storage Precedent - Scalar on Hash
ok 36 - Storage Precedent - Scalar on Object
ok 37 - Storage Precedent - Array on Scalar
ok 38 - Storage Precedent - Array on Array
ok 39 - Storage Precedent - Array on Hash
ok 40 - Storage Precedent - Array on Object
ok 41 - Storage Precedent - Hash on Scalar
ok 42 - Storage Precedent - Hash on Array
ok 43 - Storage Precedent - Hash on Hash
ok 44 - Storage Precedent - Hash on Object
ok 45 - Storage Precedent - Object on Scalar
ok 46 - Storage Precedent - Object on Array
ok 47 - Storage Precedent - Object on Hash
ok 48 - Storage Precedent - Object on Object
ok 49 - Retainment Precedent - Scalar on Scalar
ok 50 - Retainment Precedent - Scalar on Array
ok 51 - Retainment Precedent - Scalar on Hash
ok 52 - Retainment Precedent - Scalar on Object
ok 53 - Retainment Precedent - Array on Scalar
ok 54 - Retainment Precedent - Array on Array
ok 55 - Retainment Precedent - Array on Hash
ok 56 - Retainment Precedent - Array on Object
ok 57 - Retainment Precedent - Hash on Scalar
ok 58 - Retainment Precedent - Hash on Array
ok 59 - Retainment Precedent - Hash on Hash
ok 60 - Retainment Precedent - Hash on Object
ok 61 - Retainment Precedent - Object on Scalar
ok 62 - Retainment Precedent - Object on Array
ok 63 - Retainment Precedent - Object on Hash
ok 64 - Retainment Precedent - Object on Object
ok 65 - Cannot add behavior spec twice
ok 66 - Custom Precedent - Scalar on Scalar
ok 67 - Custom Precedent - Scalar on Array
ok 68 - Custom Precedent - Scalar on Hash
ok 69 - Custom Precedent - Scalar on Object
ok 70 - Custom Precedent - Array on Scalar
ok 71 - Custom Precedent - Array on Array
ok 72 - Custom Precedent - Array on Hash
ok 73 - Custom Precedent - Array on Object
ok 74 - Custom Precedent - Hash on Scalar
ok 75 - Custom Precedent - Hash on Array
ok 76 - Custom Precedent - Hash on Hash
ok 77 - Custom Precedent - Hash on Hash
ok 78 - Custom Precedent - Object on Scalar
ok 79 - Custom Precedent - Object on Array
ok 80 - Custom Precedent - Object on Hash
ok 81 - Custom Precedent - Object on Object
ok 82
1..82
ok
t/inline/02-oo.t ....... 
ok 1 - no arg default is LEFT_PRECEDENT
ok 2 - Left Precedent - Scalar on Scalar
ok 3 - Left Precedent - Scalar on Array
ok 4 - Left Precedent - Scalar on Hash
ok 5 - Left Precedent - Scalar on Object
ok 6 - Left Precedent - Array on Scalar
ok 7 - Left Precedent - Array on Array
ok 8 - Left Precedent - Array on Hash
ok 9 - Left Precedent - Array on Object
ok 10 - Left Precedent - Hash on Scalar
ok 11 - Left Precedent - Hash on Array
ok 12 - Left Precedent - Hash on Hash
ok 13 - Left Precedent - Hash on Object
ok 14 - Left Precedent - Object on Scalar
ok 15 - Left Precedent - Object on Array
ok 16 - Left Precedent - Object on Array
ok 17 - Left Precedent - Object on Array
ok 18 - set_behavior() returns previous behavior
ok 19 - set_behavior() actually sets the behavior)
ok 20 - Right Precedent - Scalar on Scalar
ok 21 - Right Precedent - Scalar on Array
ok 22 - Right Precedent - Scalar on Hash
ok 23 - Right Precedent - Scalar on Object
ok 24 - Right Precedent - Array on Scalar
ok 25 - Right Precedent - Array on Array
ok 26 - Right Precedent - Array on Hash
ok 27 - Right Precedent - Array on Object
ok 28 - Right Precedent - Hash on Scalar
ok 29 - Right Precedent - Hash on Array
ok 30 - Right Precedent - Hash on Hash
ok 31 - Right Precedent - Hash on Object
ok 32 - Right Precedent - Object on Scalar
ok 33 - Right Precedent - Object on Array
ok 34 - Right Precedent - Object on Hash
ok 35 - Right Precedent - Object on Object
ok 36 - "global" function does not affect object
ok 37 - Storage Precedent - Scalar on Scalar
ok 38 - Storage Precedent - Scalar on Array
ok 39 - Storage Precedent - Scalar on Hash
ok 40 - Storage Precedent - Scalar on Object
ok 41 - Storage Precedent - Array on Scalar
ok 42 - Storage Precedent - Array on Array
ok 43 - Storage Precedent - Array on Hash
ok 44 - Storage Precedent - Array on Object
ok 45 - Storage Precedent - Hash on Scalar
ok 46 - Storage Precedent - Hash on Array
ok 47 - Storage Precedent - Hash on Hash
ok 48 - Storage Precedent - Hash on Object
ok 49 - Storage Precedent - Object on Scalar
ok 50 - Storage Precedent - Object on Array
ok 51 - Storage Precedent - Object on Hash
ok 52 - Storage Precedent - Object on Object
ok 53 - Retainment Precedent - Scalar on Scalar
ok 54 - Retainment Precedent - Scalar on Array
ok 55 - Retainment Precedent - Scalar on Hash
ok 56 - Retainment Precedent - Scalar on Object
ok 57 - Retainment Precedent - Array on Scalar
ok 58 - Retainment Precedent - Array on Array
ok 59 - Retainment Precedent - Array on Hash
ok 60 - Retainment Precedent - Array on Object
ok 61 - Retainment Precedent - Hash on Scalar
ok 62 - Retainment Precedent - Hash on Array
ok 63 - Retainment Precedent - Hash on Hash
ok 64 - Retainment Precedent - Hash on Object
ok 65 - Retainment Precedent - Object on Scalar
ok 66 - Retainment Precedent - Object on Array
ok 67 - Retainment Precedent - Object on Hash
ok 68 - Retainment Precedent - Object on Object
ok 69 - Cannot add behavior spec twice
ok 70 - Custom Precedent - Scalar on Scalar
ok 71 - Custom Precedent - Scalar on Array
ok 72 - Custom Precedent - Scalar on Hash
ok 73 - Custom Precedent - Scalar on Object
ok 74 - Custom Precedent - Array on Scalar
ok 75 - Custom Precedent - Array on Array
ok 76 - Custom Precedent - Array on Hash
ok 77 - Custom Precedent - Array on Object
ok 78 - Custom Precedent - Hash on Scalar
ok 79 - Custom Precedent - Hash on Array
ok 80 - Custom Precedent - Hash on Hash
ok 81 - Custom Precedent - Hash on Hash
ok 82 - Custom Precedent - Object on Scalar
ok 83 - Custom Precedent - Object on Array
ok 84 - Custom Precedent - Object on Hash
ok 85 - Custom Precedent - Object on Object
ok 86
ok 87 - instance did not leak
1..87
ok
All tests successful.
Files=15, Tests=510, 20 wallclock secs ( 0.88 usr  0.36 sys + 11.68 cusr  3.77 csys = 16.69 CPU)
Result: PASS
