autopkgtest: DBG: testbed init
autopkgtest [12:34:40]: starting date and time: 2023-02-20 12:34:40+0800
autopkgtest [12:34:40]: version 5.28
autopkgtest [12:34:40]: host debian; command line: /usr/bin/autopkgtest /home/minami/Documents/openkylin-riscv/src/libhash-merge-perl_0.302-ok1.dsc -o /home/minami/Documents/openkylin-riscv/test/libhash-merge-perl -d -B -- qemu -u root -p openkylin --qemu-architecture=riscv64 -c 8 --ram-size=8192 -d '--qemu-options=-machine virt -kernel /home/minami/Documents/ukylin/u-boot.bin' /home/minami/Documents/openkylin-riscv/testing.qcow2
autopkgtest: DBG: got reply from testbed: ok
autopkgtest: DBG: testbed open, scratch=None
autopkgtest: DBG: sending command to testbed: open
autopkgtest-virt-qemu: DBG: executing open
autopkgtest-virt-qemu: DBG: find_free_port: trying 10022
autopkgtest-virt-qemu: DBG: find_free_port: 10022 is free
autopkgtest-virt-qemu: DBG: autopkgtest does not know how to boot this machine, hopefully nothing special needs to be done?
autopkgtest-virt-qemu: DBG: qemu architecture: riscv64
autopkgtest-virt-qemu: DBG: qemu command: qemu-system-riscv64
autopkgtest-virt-qemu: DBG: execute-timeout: qemu-img info --output=json /home/minami/Documents/openkylin-riscv/testing.qcow2
autopkgtest-virt-qemu: DBG: Creating temporary overlay image in /tmp/autopkgtest-qemu.5zsud11r/overlay.img
autopkgtest-virt-qemu: DBG: execute-timeout: qemu-img create -f qcow2 -F qcow2 -b /home/minami/Documents/openkylin-riscv/testing.qcow2 /tmp/autopkgtest-qemu.5zsud11r/overlay.img
autopkgtest-virt-qemu: DBG: Forwarding local port 10022 to VM ssh port 22
autopkgtest-virt-qemu: DBG: Assuming nothing special needs to be done to set up firmware to boot this machine (boot method: none)
autopkgtest-virt-qemu: DBG: full qemu command-line: ['qemu-system-riscv64', '-m', '8192', '-smp', '8', '-nographic', '-device', 'virtio-net-device,netdev=usernet', '-netdev', 'user,id=usernet,hostfwd=tcp:127.0.0.1:10022-:22', '-object', 'rng-random,filename=/dev/urandom,id=rng0', '-device', 'virtio-rng-pci,rng=rng0,id=rng-device0', '-monitor', 'unix:/tmp/autopkgtest-qemu.5zsud11r/monitor,server=on,wait=off', '-virtfs', 'local,id=autopkgtest,path=/tmp/autopkgtest-qemu.5zsud11r/shared,security_model=none,mount_tag=autopkgtest', '-device', 'virtio-serial', '-chardev', 'socket,path=/tmp/autopkgtest-qemu.5zsud11r/hvc0,server=on,wait=off,id=hvc0', '-device', 'virtconsole,chardev=hvc0', '-chardev', 'socket,path=/tmp/autopkgtest-qemu.5zsud11r/hvc1,server=on,wait=off,id=hvc1', '-device', 'virtconsole,chardev=hvc1', '-serial', 'unix:/tmp/autopkgtest-qemu.5zsud11r/ttyS0,server=on,wait=off', '-drive', 'index=0,file=/tmp/autopkgtest-qemu.5zsud11r/overlay.img,format=qcow2,cache=unsafe,if=virtio,discard=unmap', '-machine', 'virt', '-kernel', '/home/minami/Documents/ukylin/u-boot.bin']
autopkgtest-virt-qemu: DBG: expect: b' login: '
autopkgtest-virt-qemu: DBG: expect: found "'login prompt on serial console'"
autopkgtest-virt-qemu: DBG: expect: b'ok'
autopkgtest-virt-qemu: DBG: expect: found "b'ok'"
autopkgtest-virt-qemu: DBG: setup_shell(): there already is a shell on hvc1
qemu-system-riscv64: warning: 9p: degraded performance: a reasonable high msize should be chosen on client/guest side (chosen msize is <= 8192). See https://wiki.qemu.org/Documentation/9psetup#msize for details.
autopkgtest-virt-qemu: DBG: expect: b'd23bf01d-21f5-4aa4-abb9-682e415727a1[1]'
autopkgtest-virt-qemu: DBG: expect: found "b'd23bf01d-21f5-4aa4-abb9-682e415727a1[1]'"
autopkgtest-virt-qemu: DBG: expect: b'd23bf01d-21f5-4aa4-abb9-682e415727a1[2]'
autopkgtest-virt-qemu: DBG: expect: found "b'd23bf01d-21f5-4aa4-abb9-682e415727a1[2]'"
autopkgtest-virt-qemu: DBG: expect: b'd23bf01d-21f5-4aa4-abb9-682e415727a1[3]'
autopkgtest-virt-qemu: DBG: expect: found "b'd23bf01d-21f5-4aa4-abb9-682e415727a1[3]'"
autopkgtest-virt-qemu: DBG: expect: b'/python'
autopkgtest-virt-qemu: DBG: expect: found "b'/python'"
autopkgtest-virt-qemu: DBG: expect: b'# '
autopkgtest-virt-qemu: DBG: expect: found "b'# '"
autopkgtest-virt-qemu: DBG: expect: b'd23bf01d-21f5-4aa4-abb9-682e415727a1[4]'
autopkgtest-virt-qemu: DBG: expect: found "b'd23bf01d-21f5-4aa4-abb9-682e415727a1[4]'"
autopkgtest-virt-qemu: DBG: execute-timeout: /tmp/autopkgtest-qemu.5zsud11r/runcmd true
autopkgtest-virt-qemu: DBG: can connect to autopkgtest sh in VM
autopkgtest-virt-qemu: DBG: expect: b'd23bf01d-21f5-4aa4-abb9-682e415727a1[5]'
autopkgtest-virt-qemu: DBG: expect: found "b'd23bf01d-21f5-4aa4-abb9-682e415727a1[5]'"
autopkgtest-virt-qemu: DBG: determine_normal_user: got user "openkylin"
autopkgtest-virt-qemu: DBG: auxverb = ['/tmp/autopkgtest-qemu.5zsud11r/runcmd'], downtmp = None
autopkgtest-virt-qemu: DBG: execute-timeout: /tmp/autopkgtest-qemu.5zsud11r/runcmd mktemp --directory --tmpdir autopkgtest.XXXXXX
autopkgtest-virt-qemu: DBG: execute-timeout: /tmp/autopkgtest-qemu.5zsud11r/runcmd chmod 1777 /tmp/autopkgtest.heS0gE
autopkgtest: DBG: got reply from testbed: ok /tmp/autopkgtest.heS0gE
autopkgtest: DBG: sending command to testbed: print-execute-command
autopkgtest-virt-qemu: DBG: executing print-execute-command
autopkgtest: DBG: got reply from testbed: ok /tmp/autopkgtest-qemu.5zsud11r/runcmd
autopkgtest: DBG: sending command to testbed: capabilities
autopkgtest-virt-qemu: DBG: executing capabilities
autopkgtest: DBG: got reply from testbed: ok isolation-machine reboot revert revert-full-system root-on-testbed suggested-normal-user=openkylin
autopkgtest: DBG: testbed capabilities: ['isolation-machine', 'reboot', 'revert', 'revert-full-system', 'root-on-testbed', 'suggested-normal-user=openkylin', 'has_internet']
autopkgtest: DBG: testbed command ['mkdir', '-p', '/tmp/autopkgtest.heS0gE'], kind short, sout raw, serr pipe, env []
autopkgtest: DBG: testbed command exited with code 0
autopkgtest: DBG: sending command to testbed: copydown /usr/share/autopkgtest/lib/in-testbed/wrapper.sh /tmp/autopkgtest.heS0gE/wrapper.sh
autopkgtest-virt-qemu: DBG: executing copydown /usr/share/autopkgtest/lib/in-testbed/wrapper.sh /tmp/autopkgtest.heS0gE/wrapper.sh
autopkgtest-virt-qemu: DBG: ['cmdls', "(['cat'], ['/tmp/autopkgtest-qemu.5zsud11r/runcmd', 'sh', '-ec', 'cat >/tmp/autopkgtest.heS0gE/wrapper.sh; chmod +x -- /tmp/autopkgtest.heS0gE/wrapper.sh'])"]
autopkgtest-virt-qemu: DBG: ['srcstdin', "<_io.BufferedReader name='/usr/share/autopkgtest/lib/in-testbed/wrapper.sh'>", 'deststdout', "<_io.BufferedReader name='/dev/null'>", 'devnull_read', <_io.BufferedReader name='/dev/null'>]
autopkgtest-virt-qemu: DBG:  +< cat
autopkgtest-virt-qemu: DBG:  +> /tmp/autopkgtest-qemu.5zsud11r/runcmd sh -ec cat >/tmp/autopkgtest.heS0gE/wrapper.sh; chmod +x -- /tmp/autopkgtest.heS0gE/wrapper.sh
autopkgtest-virt-qemu: DBG:  +>?
autopkgtest-virt-qemu: DBG:  +<?
autopkgtest: DBG: got reply from testbed: ok
autopkgtest: DBG: testbed command ['chmod', '-R', '0755', '--', '/tmp/autopkgtest.heS0gE/wrapper.sh'], kind short, sout raw, serr pipe, env []
autopkgtest: DBG: testbed command exited with code 0
autopkgtest: DBG: testbed command ['dpkg', '--print-architecture'], kind short, sout pipe, serr pipe, env []
autopkgtest: DBG: testbed command exited with code 0
autopkgtest [12:35:30]: testbed dpkg architecture: riscv64
autopkgtest: DBG: testbed command ['sh', '-ec', 'command -v eatmydata'], kind short, sout pipe, serr pipe, env []
autopkgtest: DBG: testbed command exited with code 127
autopkgtest: DBG: testbed command ['sh', '-ec', 'command -v dpkg-query'], kind short, sout pipe, serr pipe, env []
autopkgtest: DBG: testbed command exited with code 0
autopkgtest: DBG: testbed command ['sh', '-ec', "dpkg-query --show -f '${Package}\\t${Version}\\n' > /tmp/autopkgtest.heS0gE/testbed-packages"], kind short, sout raw, serr pipe, env []
autopkgtest: DBG: testbed command exited with code 0
autopkgtest: DBG: sending command to testbed: copyup /tmp/autopkgtest.heS0gE/testbed-packages /home/minami/Documents/openkylin-riscv/test/libhash-merge-perl/testbed-packages
autopkgtest-virt-qemu: DBG: executing copyup /tmp/autopkgtest.heS0gE/testbed-packages /home/minami/Documents/openkylin-riscv/test/libhash-merge-perl/testbed-packages
autopkgtest-virt-qemu: DBG: ['cmdls', "(['/tmp/autopkgtest-qemu.5zsud11r/runcmd', 'sh', '-ec', 'cat </tmp/autopkgtest.heS0gE/testbed-packages'], ['cat'])"]
autopkgtest-virt-qemu: DBG: ['srcstdin', "<_io.BufferedReader name='/dev/null'>", 'deststdout', "<_io.BufferedWriter name='/home/minami/Documents/openkylin-riscv/test/libhash-merge-perl/testbed-packages'>", 'devnull_read', <_io.BufferedReader name='/dev/null'>]
autopkgtest-virt-qemu: DBG:  +< /tmp/autopkgtest-qemu.5zsud11r/runcmd sh -ec cat </tmp/autopkgtest.heS0gE/testbed-packages
autopkgtest-virt-qemu: DBG:  +> cat
autopkgtest-virt-qemu: DBG:  +>?
autopkgtest-virt-qemu: DBG:  +<?
autopkgtest: DBG: got reply from testbed: ok
autopkgtest: DBG: testbed supports reboot, creating /tmp/autopkgtest-reboot
autopkgtest: DBG: testbed command ['mkdir', '-p', '/tmp/autopkgtest.heS0gE'], kind short, sout raw, serr pipe, env []
autopkgtest: DBG: testbed command exited with code 0
autopkgtest: DBG: sending command to testbed: copydown /usr/share/autopkgtest/lib/in-testbed/reboot.sh /tmp/autopkgtest.heS0gE/autopkgtest-reboot
autopkgtest-virt-qemu: DBG: executing copydown /usr/share/autopkgtest/lib/in-testbed/reboot.sh /tmp/autopkgtest.heS0gE/autopkgtest-reboot
autopkgtest-virt-qemu: DBG: ['cmdls', "(['cat'], ['/tmp/autopkgtest-qemu.5zsud11r/runcmd', 'sh', '-ec', 'cat >/tmp/autopkgtest.heS0gE/autopkgtest-reboot; chmod +x -- /tmp/autopkgtest.heS0gE/autopkgtest-reboot'])"]
autopkgtest-virt-qemu: DBG: ['srcstdin', "<_io.BufferedReader name='/usr/share/autopkgtest/lib/in-testbed/reboot.sh'>", 'deststdout', "<_io.BufferedReader name='/dev/null'>", 'devnull_read', <_io.BufferedReader name='/dev/null'>]
autopkgtest-virt-qemu: DBG:  +< cat
autopkgtest-virt-qemu: DBG:  +> /tmp/autopkgtest-qemu.5zsud11r/runcmd sh -ec cat >/tmp/autopkgtest.heS0gE/autopkgtest-reboot; chmod +x -- /tmp/autopkgtest.heS0gE/autopkgtest-reboot
autopkgtest-virt-qemu: DBG:  +>?
autopkgtest-virt-qemu: DBG:  +<?
autopkgtest: DBG: got reply from testbed: ok
autopkgtest: DBG: testbed command ['chmod', '-R', '0755', '--', '/tmp/autopkgtest.heS0gE/autopkgtest-reboot'], kind short, sout raw, serr pipe, env []
autopkgtest: DBG: testbed command exited with code 0
autopkgtest: DBG: testbed command ['ln', '-fns', '/tmp/autopkgtest.heS0gE/autopkgtest-reboot', '/tmp/autopkgtest-reboot'], kind short, sout raw, serr pipe, env []
autopkgtest: DBG: testbed command exited with code 0
autopkgtest: DBG: testbed command ['ln', '-fns', '/tmp/autopkgtest.heS0gE/autopkgtest-reboot', '/sbin/autopkgtest-reboot'], kind short, sout raw, serr pipe, env []
autopkgtest: DBG: testbed command exited with code 0
autopkgtest: DBG: testbed command ['mkdir', '-p', '/tmp/autopkgtest.heS0gE'], kind short, sout raw, serr pipe, env []
autopkgtest: DBG: testbed command exited with code 0
autopkgtest: DBG: sending command to testbed: copydown /usr/share/autopkgtest/lib/in-testbed/reboot-prepare.sh /tmp/autopkgtest.heS0gE/autopkgtest-reboot-prepare
autopkgtest-virt-qemu: DBG: executing copydown /usr/share/autopkgtest/lib/in-testbed/reboot-prepare.sh /tmp/autopkgtest.heS0gE/autopkgtest-reboot-prepare
autopkgtest-virt-qemu: DBG: ['cmdls', "(['cat'], ['/tmp/autopkgtest-qemu.5zsud11r/runcmd', 'sh', '-ec', 'cat >/tmp/autopkgtest.heS0gE/autopkgtest-reboot-prepare; chmod +x -- /tmp/autopkgtest.heS0gE/autopkgtest-reboot-prepare'])"]
autopkgtest-virt-qemu: DBG: ['srcstdin', "<_io.BufferedReader name='/usr/share/autopkgtest/lib/in-testbed/reboot-prepare.sh'>", 'deststdout', "<_io.BufferedReader name='/dev/null'>", 'devnull_read', <_io.BufferedReader name='/dev/null'>]
autopkgtest-virt-qemu: DBG:  +< cat
autopkgtest-virt-qemu: DBG:  +> /tmp/autopkgtest-qemu.5zsud11r/runcmd sh -ec cat >/tmp/autopkgtest.heS0gE/autopkgtest-reboot-prepare; chmod +x -- /tmp/autopkgtest.heS0gE/autopkgtest-reboot-prepare
autopkgtest-virt-qemu: DBG:  +>?
autopkgtest-virt-qemu: DBG:  +<?
autopkgtest: DBG: got reply from testbed: ok
autopkgtest: DBG: testbed command ['chmod', '-R', '0755', '--', '/tmp/autopkgtest.heS0gE/autopkgtest-reboot-prepare'], kind short, sout raw, serr pipe, env []
autopkgtest: DBG: testbed command exited with code 0
autopkgtest: DBG: testbed command ['ln', '-fns', '/tmp/autopkgtest.heS0gE/autopkgtest-reboot-prepare', '/tmp/autopkgtest-reboot-prepare'], kind short, sout raw, serr pipe, env []
autopkgtest: DBG: testbed command exited with code 0
autopkgtest: DBG: testbed command ['uname', '-srv'], kind short, sout pipe, serr pipe, env []
autopkgtest: DBG: testbed command exited with code 0
autopkgtest [12:35:39]: testbed running kernel: Linux 5.11.0-1030-generic #34 SMP Fri Mar 11 15:27:17 CST 2022
autopkgtest: DBG: testbed command ['sh', '-c', 'nproc; cat /proc/cpuinfo 2>/dev/null || true'], kind short, sout pipe, serr pipe, env []
autopkgtest: DBG: testbed command exited with code 0
autopkgtest: DBG: Binaries: initialising
autopkgtest [12:35:39]: @@@@@@@@@@@@@@@@@@@@ source /home/minami/Documents/openkylin-riscv/src/libhash-merge-perl_0.302-ok1.dsc
autopkgtest: DBG: blame += /home/minami/Documents/openkylin-riscv/src/libhash-merge-perl_0.302-ok1.dsc
autopkgtest: DBG: testbed reset: modified=False, deps_installed=[], deps_new=[]
autopkgtest: DBG: testbed command ['mkdir', '-p', '/tmp/autopkgtest.heS0gE'], kind short, sout raw, serr pipe, env []
autopkgtest: DBG: testbed command exited with code 0
autopkgtest: DBG: sending command to testbed: copydown /home/minami/Documents/openkylin-riscv/src/libhash-merge-perl_0.302-ok1.dsc /tmp/autopkgtest.heS0gE/libhash-merge-perl_0.302-ok1.dsc
autopkgtest-virt-qemu: DBG: executing copydown /home/minami/Documents/openkylin-riscv/src/libhash-merge-perl_0.302-ok1.dsc /tmp/autopkgtest.heS0gE/libhash-merge-perl_0.302-ok1.dsc
autopkgtest-virt-qemu: DBG: ['cmdls', "(['cat'], ['/tmp/autopkgtest-qemu.5zsud11r/runcmd', 'sh', '-ec', 'cat >/tmp/autopkgtest.heS0gE/libhash-merge-perl_0.302-ok1.dsc'])"]
autopkgtest-virt-qemu: DBG: ['srcstdin', "<_io.BufferedReader name='/home/minami/Documents/openkylin-riscv/src/libhash-merge-perl_0.302-ok1.dsc'>", 'deststdout', "<_io.BufferedReader name='/dev/null'>", 'devnull_read', <_io.BufferedReader name='/dev/null'>]
autopkgtest-virt-qemu: DBG:  +< cat
autopkgtest-virt-qemu: DBG:  +> /tmp/autopkgtest-qemu.5zsud11r/runcmd sh -ec cat >/tmp/autopkgtest.heS0gE/libhash-merge-perl_0.302-ok1.dsc
autopkgtest-virt-qemu: DBG:  +>?
autopkgtest-virt-qemu: DBG:  +<?
autopkgtest: DBG: got reply from testbed: ok
autopkgtest: DBG: testbed command ['chown', '-R', 'openkylin', '--', '/tmp/autopkgtest.heS0gE/libhash-merge-perl_0.302-ok1.dsc'], kind short, sout raw, serr pipe, env []
autopkgtest: DBG: testbed command exited with code 0
autopkgtest: DBG: testbed command ['mkdir', '-p', '/tmp/autopkgtest.heS0gE'], kind short, sout raw, serr pipe, env []
autopkgtest: DBG: testbed command exited with code 0
autopkgtest: DBG: sending command to testbed: copydown /home/minami/Documents/openkylin-riscv/src/libhash-merge-perl_0.302.orig.tar.gz /tmp/autopkgtest.heS0gE/libhash-merge-perl_0.302.orig.tar.gz
autopkgtest-virt-qemu: DBG: executing copydown /home/minami/Documents/openkylin-riscv/src/libhash-merge-perl_0.302.orig.tar.gz /tmp/autopkgtest.heS0gE/libhash-merge-perl_0.302.orig.tar.gz
autopkgtest-virt-qemu: DBG: ['cmdls', "(['cat'], ['/tmp/autopkgtest-qemu.5zsud11r/runcmd', 'sh', '-ec', 'cat >/tmp/autopkgtest.heS0gE/libhash-merge-perl_0.302.orig.tar.gz'])"]
autopkgtest-virt-qemu: DBG: ['srcstdin', "<_io.BufferedReader name='/home/minami/Documents/openkylin-riscv/src/libhash-merge-perl_0.302.orig.tar.gz'>", 'deststdout', "<_io.BufferedReader name='/dev/null'>", 'devnull_read', <_io.BufferedReader name='/dev/null'>]
autopkgtest-virt-qemu: DBG:  +< cat
autopkgtest-virt-qemu: DBG:  +> /tmp/autopkgtest-qemu.5zsud11r/runcmd sh -ec cat >/tmp/autopkgtest.heS0gE/libhash-merge-perl_0.302.orig.tar.gz
autopkgtest-virt-qemu: DBG:  +>?
autopkgtest-virt-qemu: DBG:  +<?
autopkgtest: DBG: got reply from testbed: ok
autopkgtest: DBG: testbed command ['chown', '-R', 'openkylin', '--', '/tmp/autopkgtest.heS0gE/libhash-merge-perl_0.302.orig.tar.gz'], kind short, sout raw, serr pipe, env []
autopkgtest: DBG: testbed command exited with code 0
autopkgtest: DBG: testbed command ['mkdir', '-p', '/tmp/autopkgtest.heS0gE'], kind short, sout raw, serr pipe, env []
autopkgtest: DBG: testbed command exited with code 0
autopkgtest: DBG: sending command to testbed: copydown /home/minami/Documents/openkylin-riscv/src/libhash-merge-perl_0.302-ok1.debian.tar.xz /tmp/autopkgtest.heS0gE/libhash-merge-perl_0.302-ok1.debian.tar.xz
autopkgtest-virt-qemu: DBG: executing copydown /home/minami/Documents/openkylin-riscv/src/libhash-merge-perl_0.302-ok1.debian.tar.xz /tmp/autopkgtest.heS0gE/libhash-merge-perl_0.302-ok1.debian.tar.xz
autopkgtest-virt-qemu: DBG: ['cmdls', "(['cat'], ['/tmp/autopkgtest-qemu.5zsud11r/runcmd', 'sh', '-ec', 'cat >/tmp/autopkgtest.heS0gE/libhash-merge-perl_0.302-ok1.debian.tar.xz'])"]
autopkgtest-virt-qemu: DBG: ['srcstdin', "<_io.BufferedReader name='/home/minami/Documents/openkylin-riscv/src/libhash-merge-perl_0.302-ok1.debian.tar.xz'>", 'deststdout', "<_io.BufferedReader name='/dev/null'>", 'devnull_read', <_io.BufferedReader name='/dev/null'>]
autopkgtest-virt-qemu: DBG:  +< cat
autopkgtest-virt-qemu: DBG:  +> /tmp/autopkgtest-qemu.5zsud11r/runcmd sh -ec cat >/tmp/autopkgtest.heS0gE/libhash-merge-perl_0.302-ok1.debian.tar.xz
autopkgtest-virt-qemu: DBG:  +>?
autopkgtest-virt-qemu: DBG:  +<?
autopkgtest: DBG: got reply from testbed: ok
autopkgtest: DBG: testbed command ['chown', '-R', 'openkylin', '--', '/tmp/autopkgtest.heS0gE/libhash-merge-perl_0.302-ok1.debian.tar.xz'], kind short, sout raw, serr pipe, env []
autopkgtest: DBG: testbed command exited with code 0
autopkgtest: DBG: install_deps: deps_new=[]
autopkgtest: DBG: testbed command ['sh', '-ec', 'command -v dpkg-source'], kind short, sout pipe, serr pipe, env []
autopkgtest: DBG: testbed command exited with code 0
autopkgtest: DBG: testbed command ['sh', '-ec', 'su --shell=/bin/sh openkylin -c \'set -e; exec 3>&1 >&2; set -x; cd /; builddir=$(mktemp -d /tmp/autopkgtest.heS0gE/build.XXX); cd $builddir; dpkg-source -x "/tmp/autopkgtest.heS0gE/libhash-merge-perl_0.302-ok1.dsc" src; chmod -R a+rX .; cd [a-z0-9]*/.; pwd >&3; sed -n "1 {s/).*//; s/ (/\\n/; p}" debian/changelog >&3\''], kind build, sout pipe, serr raw, env []
+ cd /
+ mktemp -d /tmp/autopkgtest.heS0gE/build.XXX
+ builddir=/tmp/autopkgtest.heS0gE/build.piY
+ cd /tmp/autopkgtest.heS0gE/build.piY
+ dpkg-source -x /tmp/autopkgtest.heS0gE/libhash-merge-perl_0.302-ok1.dsc src
gpgv: unknown type of key resource 'trustedkeys.kbx'
gpgv: keyblock resource '/tmp/dpkg-verify-sig.eDNcATVc/trustedkeys.kbx': General error
gpgv: Signature made Sat 08 Oct 2022 06:26:24 AM UTC
gpgv:                using RSA key 64FBB79F5EAE64D792E94CFE0716F00F842CD274
gpgv: Can't check signature: No public key
dpkg-source: warning: cannot verify signature /tmp/autopkgtest.heS0gE/libhash-merge-perl_0.302-ok1.dsc
dpkg-source: info: extracting libhash-merge-perl in src
dpkg-source: info: unpacking libhash-merge-perl_0.302.orig.tar.gz
dpkg-source: info: unpacking libhash-merge-perl_0.302-ok1.debian.tar.xz
+ chmod -R a+rX .
+ cd src/.
+ pwd
+ sed -n 1 {s/).*//; s/ (/\n/; p} debian/changelog
autopkgtest: DBG: testbed command exited with code 0
autopkgtest [12:35:49]: testing package libhash-merge-perl version 0.302-ok1
autopkgtest: DBG: sending command to testbed: copyup /tmp/autopkgtest.heS0gE/build.piY/src/debian/ /home/minami/Documents/openkylin-riscv/test/libhash-merge-perl/pkg/debian/
autopkgtest-virt-qemu: DBG: executing copyup /tmp/autopkgtest.heS0gE/build.piY/src/debian/ /home/minami/Documents/openkylin-riscv/test/libhash-merge-perl/pkg/debian/
autopkgtest-virt-qemu: DBG: ['cmdls', "(['/tmp/autopkgtest-qemu.5zsud11r/runcmd', 'sh', '-ec', 'cd /tmp/autopkgtest.heS0gE/build.piY/src/debian/; tar --warning=none -c . -f -'], ['tar', '--directory', '/home/minami/Documents/openkylin-riscv/test/libhash-merge-perl/pkg/debian/', '--warning=none', '--preserve-permissions', '--extract', '--no-same-owner', '-f', '-'])"]
autopkgtest-virt-qemu: DBG: ['srcstdin', "<_io.BufferedReader name='/dev/null'>", 'deststdout', "<_io.BufferedReader name='/dev/null'>", 'devnull_read', <_io.BufferedReader name='/dev/null'>]
autopkgtest-virt-qemu: DBG:  +< /tmp/autopkgtest-qemu.5zsud11r/runcmd sh -ec cd /tmp/autopkgtest.heS0gE/build.piY/src/debian/; tar --warning=none -c . -f -
autopkgtest-virt-qemu: DBG:  +> tar --directory /home/minami/Documents/openkylin-riscv/test/libhash-merge-perl/pkg/debian/ --warning=none --preserve-permissions --extract --no-same-owner -f -
autopkgtest-virt-qemu: DBG:  +>?
autopkgtest-virt-qemu: DBG:  +<?
autopkgtest: DBG: got reply from testbed: ok
autopkgtest: DBG: autodep8 generated control: -----
Test-Command: /usr/share/pkg-perl-autopkgtest/runner build-deps
Depends: @, @builddeps@, pkg-perl-autopkgtest, 
Restrictions: skippable, 
Features: test-name=autodep8-perl-build-deps


Test-Command: /usr/share/pkg-perl-autopkgtest/runner runtime-deps
Depends: @, pkg-perl-autopkgtest, 
Restrictions: skippable, superficial, 
Features: test-name=autodep8-perl


Test-Command: /usr/share/pkg-perl-autopkgtest/runner runtime-deps-and-recommends
Depends: @, pkg-perl-autopkgtest, 
Restrictions: needs-recommends, skippable, superficial, 
Features: test-name=autodep8-perl-recommends


-------
autopkgtest: DBG: processing dependency @
autopkgtest: DBG: synthesised dependency libhash-merge-perl
autopkgtest: DBG: processing dependency @builddeps@
autopkgtest: DBG: synthesised dependency debhelper-compat (= 13)
autopkgtest: DBG: synthesised dependency libclone-choose-perl
autopkgtest: DBG: synthesised dependency perl
autopkgtest: DBG: synthesised dependency build-essential
autopkgtest: DBG: processing dependency pkg-perl-autopkgtest
autopkgtest: DBG: Test defined: name autodep8-perl-build-deps path None command "/usr/share/pkg-perl-autopkgtest/runner build-deps" restrictions ['skippable'] features ['test-name=autodep8-perl-build-deps'] depends ['libhash-merge-perl', 'debhelper-compat (= 13)', 'libclone-choose-perl', 'perl', 'build-essential', 'pkg-perl-autopkgtest'] 
autopkgtest: DBG: processing dependency @
autopkgtest: DBG: synthesised dependency libhash-merge-perl
autopkgtest: DBG: processing dependency pkg-perl-autopkgtest
autopkgtest: DBG: Test defined: name autodep8-perl path None command "/usr/share/pkg-perl-autopkgtest/runner runtime-deps" restrictions ['skippable', 'superficial'] features ['test-name=autodep8-perl'] depends ['libhash-merge-perl', 'pkg-perl-autopkgtest'] 
autopkgtest: DBG: processing dependency @
autopkgtest: DBG: synthesised dependency libhash-merge-perl
autopkgtest: DBG: processing dependency pkg-perl-autopkgtest
autopkgtest: DBG: processing dependency @recommends@
autopkgtest: DBG: Test defined: name autodep8-perl-recommends path None command "/usr/share/pkg-perl-autopkgtest/runner runtime-deps-and-recommends" restrictions ['needs-recommends', 'skippable', 'superficial'] features ['test-name=autodep8-perl-recommends'] depends ['libhash-merge-perl', 'pkg-perl-autopkgtest'] 
autopkgtest [12:35:50]: build not needed
autopkgtest: DBG: sending command to testbed: copyup /tmp/autopkgtest.heS0gE/build.piY/src/ /home/minami/Documents/openkylin-riscv/test/libhash-merge-perl/tests-tree/
autopkgtest-virt-qemu: DBG: executing copyup /tmp/autopkgtest.heS0gE/build.piY/src/ /home/minami/Documents/openkylin-riscv/test/libhash-merge-perl/tests-tree/
autopkgtest-virt-qemu: DBG: ['cmdls', "(['/tmp/autopkgtest-qemu.5zsud11r/runcmd', 'sh', '-ec', 'cd /tmp/autopkgtest.heS0gE/build.piY/src/; tar --warning=none -c . -f -'], ['tar', '--directory', '/home/minami/Documents/openkylin-riscv/test/libhash-merge-perl/tests-tree/', '--warning=none', '--preserve-permissions', '--extract', '--no-same-owner', '-f', '-'])"]
autopkgtest-virt-qemu: DBG: ['srcstdin', "<_io.BufferedReader name='/dev/null'>", 'deststdout', "<_io.BufferedReader name='/dev/null'>", 'devnull_read', <_io.BufferedReader name='/dev/null'>]
autopkgtest-virt-qemu: DBG:  +< /tmp/autopkgtest-qemu.5zsud11r/runcmd sh -ec cd /tmp/autopkgtest.heS0gE/build.piY/src/; tar --warning=none -c . -f -
autopkgtest-virt-qemu: DBG:  +> tar --directory /home/minami/Documents/openkylin-riscv/test/libhash-merge-perl/tests-tree/ --warning=none --preserve-permissions --extract --no-same-owner -f -
autopkgtest-virt-qemu: DBG:  +>?
autopkgtest-virt-qemu: DBG:  +<?
autopkgtest: DBG: got reply from testbed: ok
autopkgtest: DBG: autodep8 generated control: -----
Test-Command: /usr/share/pkg-perl-autopkgtest/runner build-deps
Depends: @, @builddeps@, pkg-perl-autopkgtest, 
Restrictions: skippable, 
Features: test-name=autodep8-perl-build-deps


Test-Command: /usr/share/pkg-perl-autopkgtest/runner runtime-deps
Depends: @, pkg-perl-autopkgtest, 
Restrictions: skippable, superficial, 
Features: test-name=autodep8-perl


Test-Command: /usr/share/pkg-perl-autopkgtest/runner runtime-deps-and-recommends
Depends: @, pkg-perl-autopkgtest, 
Restrictions: needs-recommends, skippable, superficial, 
Features: test-name=autodep8-perl-recommends


-------
autopkgtest: DBG: processing dependency @
autopkgtest: DBG: synthesised dependency libhash-merge-perl
autopkgtest: DBG: processing dependency @builddeps@
autopkgtest: DBG: synthesised dependency debhelper-compat (= 13)
autopkgtest: DBG: synthesised dependency libclone-choose-perl
autopkgtest: DBG: synthesised dependency perl
autopkgtest: DBG: synthesised dependency build-essential
autopkgtest: DBG: processing dependency pkg-perl-autopkgtest
autopkgtest: DBG: Test defined: name autodep8-perl-build-deps path None command "/usr/share/pkg-perl-autopkgtest/runner build-deps" restrictions ['skippable'] features ['test-name=autodep8-perl-build-deps'] depends ['libhash-merge-perl', 'debhelper-compat (= 13)', 'libclone-choose-perl', 'perl', 'build-essential', 'pkg-perl-autopkgtest'] 
autopkgtest: DBG: processing dependency @
autopkgtest: DBG: synthesised dependency libhash-merge-perl
autopkgtest: DBG: processing dependency pkg-perl-autopkgtest
autopkgtest: DBG: Test defined: name autodep8-perl path None command "/usr/share/pkg-perl-autopkgtest/runner runtime-deps" restrictions ['skippable', 'superficial'] features ['test-name=autodep8-perl'] depends ['libhash-merge-perl', 'pkg-perl-autopkgtest'] 
autopkgtest: DBG: processing dependency @
autopkgtest: DBG: synthesised dependency libhash-merge-perl
autopkgtest: DBG: processing dependency pkg-perl-autopkgtest
autopkgtest: DBG: processing dependency @recommends@
autopkgtest: DBG: Test defined: name autodep8-perl-recommends path None command "/usr/share/pkg-perl-autopkgtest/runner runtime-deps-and-recommends" restrictions ['needs-recommends', 'skippable', 'superficial'] features ['test-name=autodep8-perl-recommends'] depends ['libhash-merge-perl', 'pkg-perl-autopkgtest'] 
autopkgtest [12:35:51]: test autodep8-perl-build-deps: preparing testbed
autopkgtest: DBG: testbed reset: modified=False, deps_installed=[], deps_new=['libhash-merge-perl', 'debhelper-compat (= 13)', 'libclone-choose-perl', 'perl', 'build-essential', 'pkg-perl-autopkgtest']
autopkgtest: DBG: Binaries: no registered binaries, not publishing anything
autopkgtest: DBG: install_deps: deps_new=['libhash-merge-perl', 'debhelper-compat (= 13)', 'libclone-choose-perl', 'perl', 'build-essential', 'pkg-perl-autopkgtest']
autopkgtest: DBG: install-deps: satisfying libhash-merge-perl, debhelper-compat (= 13), libclone-choose-perl, perl, build-essential, pkg-perl-autopkgtest
autopkgtest: DBG: install-deps: architecture resolved: libhash-merge-perl, debhelper-compat (= 13), libclone-choose-perl, perl, build-essential, pkg-perl-autopkgtest
autopkgtest: DBG: testbed command ['test', '-w', '/var/lib/dpkg/status'], kind short, sout raw, serr raw, env []
autopkgtest: DBG: testbed command exited with code 0
autopkgtest: DBG: can use apt-get on testbed: True
autopkgtest: DBG: testbed command ['mkdir', '-p', '/tmp/autopkgtest.heS0gE'], kind short, sout raw, serr pipe, env []
autopkgtest: DBG: testbed command exited with code 0
autopkgtest: DBG: sending command to testbed: copydown /home/minami/Documents/openkylin-riscv/test/libhash-merge-perl/1-autopkgtest-satdep.deb /tmp/autopkgtest.heS0gE/1-autopkgtest-satdep.deb
autopkgtest-virt-qemu: DBG: executing copydown /home/minami/Documents/openkylin-riscv/test/libhash-merge-perl/1-autopkgtest-satdep.deb /tmp/autopkgtest.heS0gE/1-autopkgtest-satdep.deb
autopkgtest-virt-qemu: DBG: ['cmdls', "(['cat'], ['/tmp/autopkgtest-qemu.5zsud11r/runcmd', 'sh', '-ec', 'cat >/tmp/autopkgtest.heS0gE/1-autopkgtest-satdep.deb'])"]
autopkgtest-virt-qemu: DBG: ['srcstdin', "<_io.BufferedReader name='/home/minami/Documents/openkylin-riscv/test/libhash-merge-perl/1-autopkgtest-satdep.deb'>", 'deststdout', "<_io.BufferedReader name='/dev/null'>", 'devnull_read', <_io.BufferedReader name='/dev/null'>]
autopkgtest-virt-qemu: DBG:  +< cat
autopkgtest-virt-qemu: DBG:  +> /tmp/autopkgtest-qemu.5zsud11r/runcmd sh -ec cat >/tmp/autopkgtest.heS0gE/1-autopkgtest-satdep.deb
autopkgtest-virt-qemu: DBG:  +>?
autopkgtest-virt-qemu: DBG:  +<?
autopkgtest: DBG: got reply from testbed: ok
autopkgtest: DBG: testbed command ['chown', '-R', 'openkylin', '--', '/tmp/autopkgtest.heS0gE/1-autopkgtest-satdep.deb'], kind short, sout raw, serr pipe, env []
autopkgtest: DBG: testbed command exited with code 0
autopkgtest: DBG: testbed command ['dpkg', '--unpack', '/tmp/autopkgtest.heS0gE/1-autopkgtest-satdep.deb'], kind short, sout pipe, serr pipe, env []
autopkgtest: DBG: testbed command exited with code 0
autopkgtest: DBG: testbed command ['/bin/sh', '-ec', ' apt-get install --assume-yes --fix-broken -o APT::Status-Fd=3 -o APT::Install-Recommends=false -o Dpkg::Options::=--force-confnew -o Debug::pkgProblemResolver=true 3>&2 2>&1'], kind install, sout raw, serr pipe, env ['DEBIAN_FRONTEND=noninteractive', 'APT_LISTBUGS_FRONTEND=none', 'APT_LISTCHANGES_FRONTEND=none']
Reading package lists...
Building dependency tree...
Reading state information...
Correcting dependencies...Starting pkgProblemResolver with broken count: 0
Starting 2 pkgProblemResolver with broken count: 0
Done
 Done
Starting pkgProblemResolver with broken count: 0
Starting 2 pkgProblemResolver with broken count: 0
Done
The following packages were automatically installed and are no longer required:
  libdjvulibre-text libdjvulibre21 libegl-dev libgl-dev libglu1-mesa-dev
  libglx-dev libmpdec2 libvulkan-dev libx11-dev libxau-dev libxcb1-dev
  libxdmcp-dev libxext-dev qt5-qmake qt5-qmake-bin x11proto-core-dev
  x11proto-dev xorg-sgml-doctools xtrans-dev
Use 'apt autoremove' to remove them.
The following additional packages will be installed:
  autoconf autodep8 automake autopoint autotools-dev build-essential
  dctrl-tools debhelper debugedit dh-autoreconf dh-strip-nondeterminism dwz
  g++ g++-9 gcc gcc-9 intltool-debian libarchive-zip-perl libcc1-0
  libclone-choose-perl libdebhelper-perl libfile-stripnondeterminism-perl
  libhash-merge-perl libsigsegv2 libsub-override-perl libtool m4
  pkg-perl-autopkgtest po-debconf
Suggested packages:
  autoconf-archive gnu-standards autoconf-doc debtags dh-make gcc-9-doc bison
  flex gcc-doc gcc-multilib gdb manpages-dev gcc-9-locales libtool-doc
  gfortran | fortran95-compiler gcj-jdk m4-doc libmail-box-perl
Recommended packages:
  libmodule-runtime-perl libclone-perl | libclone-pp-perl libarchive-cpio-perl
  libltdl-dev libmail-sendmail-perl
The following NEW packages will be installed:
  autoconf autodep8 automake autopoint autotools-dev build-essential
  dctrl-tools debhelper debugedit dh-autoreconf dh-strip-nondeterminism dwz
  g++ g++-9 gcc gcc-9 intltool-debian libarchive-zip-perl libcc1-0
  libclone-choose-perl libdebhelper-perl libfile-stripnondeterminism-perl
  libhash-merge-perl libsigsegv2 libsub-override-perl libtool m4
  pkg-perl-autopkgtest po-debconf
0 upgraded, 29 newly installed, 0 to remove and 18 not upgraded.
1 not fully installed or removed.
Need to get 18.5 MB of archives.
After this operation, 45.6 MB of additional disk space will be used.
Get:1 http://archive.build.openkylin.top/openkylin yangtze/main riscv64 libhash-merge-perl all 0.302-ok1 [11.8 kB]
Get:2 http://archive.build.openkylin.top/openkylin yangtze/main riscv64 autotools-dev all 20220506-ok1 [41.6 kB]
Get:3 http://ppa.build.openkylin.top/kylinsoft/anything/openkylin yangtze/main riscv64 libclone-choose-perl all 0.010-ok1 [7,480 B]
Get:4 http://archive.build.openkylin.top/openkylin yangtze/main riscv64 debugedit riscv64 1:5.0-ok1 [71.2 kB]
Get:5 http://archive.build.openkylin.top/openkylin yangtze/main riscv64 libsigsegv2 riscv64 2.12-ok1 [11.5 kB]
Get:6 http://archive.build.openkylin.top/openkylin yangtze/main riscv64 m4 riscv64 1.4.18-ok2 [191 kB]
Get:7 http://ppa.build.openkylin.top/kylinsoft/anything/openkylin yangtze/main riscv64 autodep8 all 0.22-ok1 [10.1 kB]
Get:8 http://ppa.build.openkylin.top/kylinsoft/anything/openkylin yangtze/main riscv64 pkg-perl-autopkgtest all 0.59-ok1 [8,208 B]
Get:9 http://archive.build.openkylin.top/openkylin yangtze/main riscv64 autoconf all 2.71-ok2 [390 kB]
Get:10 http://archive.build.openkylin.top/openkylin yangtze/main riscv64 automake all 1:1.16.5-ok1 [557 kB]
Get:11 http://archive.build.openkylin.top/openkylin yangtze/main riscv64 autopoint all 0.19.8.1-ok1 [410 kB]
Get:12 http://archive.build.openkylin.top/openkylin yangtze/main riscv64 libdebhelper-perl all 13.6-ok1 [61.4 kB]
Get:13 http://archive.build.openkylin.top/openkylin yangtze/main riscv64 libcc1-0 riscv64 10-20200411-ok5 [42.3 kB]
Get:14 http://archive.build.openkylin.top/openkylin yangtze/main riscv64 gcc-9 riscv64 9.3.0-ok4 [7,417 kB]
Get:15 http://archive.build.openkylin.top/openkylin yangtze/main riscv64 gcc riscv64 4:9.3.0-ok7 [5,160 B]
Get:16 http://archive.build.openkylin.top/openkylin yangtze/main riscv64 libtool all 2.4.6-ok1 [159 kB]
Get:17 http://archive.build.openkylin.top/openkylin yangtze/main riscv64 dh-autoreconf all 20-ok1 [16.3 kB]
Get:18 http://archive.build.openkylin.top/openkylin yangtze/main riscv64 libarchive-zip-perl all 1.68-ok1 [90.7 kB]
Get:19 http://archive.build.openkylin.top/openkylin yangtze/main riscv64 libsub-override-perl all 0.09-ok2 [8,374 B]
Get:20 http://archive.build.openkylin.top/openkylin yangtze/main riscv64 libfile-stripnondeterminism-perl all 1.13.0-ok1 [16.8 kB]
Get:21 http://archive.build.openkylin.top/openkylin yangtze/main riscv64 dh-strip-nondeterminism all 1.13.0-ok1 [5,334 B]
Get:22 http://archive.build.openkylin.top/openkylin yangtze/main riscv64 dwz riscv64 0.14-ok1 [123 kB]
Get:23 http://archive.build.openkylin.top/openkylin yangtze/main riscv64 intltool-debian all 0.35.0+20060710.5-ok2 [23.2 kB]
Get:24 http://archive.build.openkylin.top/openkylin yangtze/main riscv64 po-debconf all 1.0.21+nmu1-ok1 [227 kB]
Get:25 http://archive.build.openkylin.top/openkylin yangtze/main riscv64 debhelper all 13.6-ok1 [931 kB]
Get:26 http://archive.build.openkylin.top/openkylin yangtze/main riscv64 g++-9 riscv64 9.3.0-ok4 [7,571 kB]
Get:27 http://archive.build.openkylin.top/openkylin yangtze/main riscv64 g++ riscv64 4:9.3.0-ok7 [1,470 B]
Get:28 http://archive.build.openkylin.top/openkylin yangtze/main riscv64 build-essential riscv64 12.8-ok1 [4,000 B]
Get:29 http://archive.build.openkylin.top/openkylin yangtze/main riscv64 dctrl-tools riscv64 2.24-ok1 [55.6 kB]
Fetched 18.5 MB in 3s (5,940 kB/s)
Selecting previously unselected package libclone-choose-perl.
(Reading database ... (Reading database ... 5%(Reading database ... 10%(Reading database ... 15%(Reading database ... 20%(Reading database ... 25%(Reading database ... 30%(Reading database ... 35%(Reading database ... 40%(Reading database ... 45%(Reading database ... 50%(Reading database ... 55%(Reading database ... 60%(Reading database ... 65%(Reading database ... 70%(Reading database ... 75%(Reading database ... 80%(Reading database ... 85%(Reading database ... 90%(Reading database ... 95%(Reading database ... 100%(Reading database ... 161111 files and directories currently installed.)
Preparing to unpack .../00-libclone-choose-perl_0.010-ok1_all.deb ...
Unpacking libclone-choose-perl (0.010-ok1) ...
Selecting previously unselected package libhash-merge-perl.
Preparing to unpack .../01-libhash-merge-perl_0.302-ok1_all.deb ...
Unpacking libhash-merge-perl (0.302-ok1) ...
Selecting previously unselected package autotools-dev.
Preparing to unpack .../02-autotools-dev_20220506-ok1_all.deb ...
Unpacking autotools-dev (20220506-ok1) ...
Selecting previously unselected package debugedit.
Preparing to unpack .../03-debugedit_1%3a5.0-ok1_riscv64.deb ...
Unpacking debugedit (1:5.0-ok1) ...
Selecting previously unselected package libsigsegv2:riscv64.
Preparing to unpack .../04-libsigsegv2_2.12-ok1_riscv64.deb ...
Unpacking libsigsegv2:riscv64 (2.12-ok1) ...
Selecting previously unselected package m4.
Preparing to unpack .../05-m4_1.4.18-ok2_riscv64.deb ...
Unpacking m4 (1.4.18-ok2) ...
Selecting previously unselected package autoconf.
Preparing to unpack .../06-autoconf_2.71-ok2_all.deb ...
Unpacking autoconf (2.71-ok2) ...
Selecting previously unselected package automake.
Preparing to unpack .../07-automake_1%3a1.16.5-ok1_all.deb ...
Unpacking automake (1:1.16.5-ok1) ...
Selecting previously unselected package autopoint.
Preparing to unpack .../08-autopoint_0.19.8.1-ok1_all.deb ...
Unpacking autopoint (0.19.8.1-ok1) ...
Selecting previously unselected package libdebhelper-perl.
Preparing to unpack .../09-libdebhelper-perl_13.6-ok1_all.deb ...
Unpacking libdebhelper-perl (13.6-ok1) ...
Selecting previously unselected package libcc1-0:riscv64.
Preparing to unpack .../10-libcc1-0_10-20200411-ok5_riscv64.deb ...
Unpacking libcc1-0:riscv64 (10-20200411-ok5) ...
Selecting previously unselected package gcc-9.
Preparing to unpack .../11-gcc-9_9.3.0-ok4_riscv64.deb ...
Unpacking gcc-9 (9.3.0-ok4) ...
Selecting previously unselected package gcc.
Preparing to unpack .../12-gcc_4%3a9.3.0-ok7_riscv64.deb ...
Unpacking gcc (4:9.3.0-ok7) ...
Selecting previously unselected package libtool.
Preparing to unpack .../13-libtool_2.4.6-ok1_all.deb ...
Unpacking libtool (2.4.6-ok1) ...
Selecting previously unselected package dh-autoreconf.
Preparing to unpack .../14-dh-autoreconf_20-ok1_all.deb ...
Unpacking dh-autoreconf (20-ok1) ...
Selecting previously unselected package libarchive-zip-perl.
Preparing to unpack .../15-libarchive-zip-perl_1.68-ok1_all.deb ...
Unpacking libarchive-zip-perl (1.68-ok1) ...
Selecting previously unselected package libsub-override-perl.
Preparing to unpack .../16-libsub-override-perl_0.09-ok2_all.deb ...
Unpacking libsub-override-perl (0.09-ok2) ...
Selecting previously unselected package libfile-stripnondeterminism-perl.
Preparing to unpack .../17-libfile-stripnondeterminism-perl_1.13.0-ok1_all.deb ...
Unpacking libfile-stripnondeterminism-perl (1.13.0-ok1) ...
Selecting previously unselected package dh-strip-nondeterminism.
Preparing to unpack .../18-dh-strip-nondeterminism_1.13.0-ok1_all.deb ...
Unpacking dh-strip-nondeterminism (1.13.0-ok1) ...
Selecting previously unselected package dwz.
Preparing to unpack .../19-dwz_0.14-ok1_riscv64.deb ...
Unpacking dwz (0.14-ok1) ...
Selecting previously unselected package intltool-debian.
Preparing to unpack .../20-intltool-debian_0.35.0+20060710.5-ok2_all.deb ...
Unpacking intltool-debian (0.35.0+20060710.5-ok2) ...
Selecting previously unselected package po-debconf.
Preparing to unpack .../21-po-debconf_1.0.21+nmu1-ok1_all.deb ...
Unpacking po-debconf (1.0.21+nmu1-ok1) ...
Selecting previously unselected package debhelper.
Preparing to unpack .../22-debhelper_13.6-ok1_all.deb ...
Unpacking debhelper (13.6-ok1) ...
Selecting previously unselected package g++-9.
Preparing to unpack .../23-g++-9_9.3.0-ok4_riscv64.deb ...
Unpacking g++-9 (9.3.0-ok4) ...
Selecting previously unselected package g++.
Preparing to unpack .../24-g++_4%3a9.3.0-ok7_riscv64.deb ...
Unpacking g++ (4:9.3.0-ok7) ...
Selecting previously unselected package build-essential.
Preparing to unpack .../25-build-essential_12.8-ok1_riscv64.deb ...
Unpacking build-essential (12.8-ok1) ...
Selecting previously unselected package dctrl-tools.
Preparing to unpack .../26-dctrl-tools_2.24-ok1_riscv64.deb ...
Unpacking dctrl-tools (2.24-ok1) ...
Selecting previously unselected package autodep8.
Preparing to unpack .../27-autodep8_0.22-ok1_all.deb ...
Unpacking autodep8 (0.22-ok1) ...
Selecting previously unselected package pkg-perl-autopkgtest.
Preparing to unpack .../28-pkg-perl-autopkgtest_0.59-ok1_all.deb ...
Unpacking pkg-perl-autopkgtest (0.59-ok1) ...
Setting up libarchive-zip-perl (1.68-ok1) ...
Setting up libdebhelper-perl (13.6-ok1) ...
Setting up libclone-choose-perl (0.010-ok1) ...
Setting up intltool-debian (0.35.0+20060710.5-ok2) ...
Setting up autotools-dev (20220506-ok1) ...
Setting up libsigsegv2:riscv64 (2.12-ok1) ...
Setting up autopoint (0.19.8.1-ok1) ...
Setting up dwz (0.14-ok1) ...
Setting up debugedit (1:5.0-ok1) ...
Setting up libsub-override-perl (0.09-ok2) ...
Setting up libcc1-0:riscv64 (10-20200411-ok5) ...
Setting up dctrl-tools (2.24-ok1) ...
Setting up autodep8 (0.22-ok1) ...
Setting up libfile-stripnondeterminism-perl (1.13.0-ok1) ...
Setting up gcc-9 (9.3.0-ok4) ...
Setting up libtool (2.4.6-ok1) ...
Setting up po-debconf (1.0.21+nmu1-ok1) ...
Setting up libhash-merge-perl (0.302-ok1) ...
Setting up m4 (1.4.18-ok2) ...
Setting up gcc (4:9.3.0-ok7) ...
Setting up g++-9 (9.3.0-ok4) ...
Setting up pkg-perl-autopkgtest (0.59-ok1) ...
Setting up autoconf (2.71-ok2) ...
Setting up dh-strip-nondeterminism (1.13.0-ok1) ...
Setting up g++ (4:9.3.0-ok7) ...
update-alternatives: using /usr/bin/g++ to provide /usr/bin/c++ (c++) in auto mode
Setting up build-essential (12.8-ok1) ...
Setting up automake (1:1.16.5-ok1) ...
update-alternatives: using /usr/bin/automake-1.16 to provide /usr/bin/automake (automake) in auto mode
Setting up dh-autoreconf (20-ok1) ...
Setting up debhelper (13.6-ok1) ...
Setting up autopkgtest-satdep (0) ...
Processing triggers for man-db (2.9.1-ok3) ...
Processing triggers for install-info (6.7.0.dfsg.2-ok1) ...
Processing triggers for libc-bin (2.36-ok2) ...
autopkgtest: DBG: testbed command exited with code 0
autopkgtest: DBG: testbed command ['dpkg-query', '--show', '-f', '${Status}', 'libhash-merge-perl'], kind short, sout pipe, serr pipe, env []
autopkgtest: DBG: testbed command exited with code 0
autopkgtest: DBG: testbed command ['dpkg', '--status', 'autopkgtest-satdep'], kind short, sout pipe, serr pipe, env []
autopkgtest: DBG: testbed command exited with code 0
autopkgtest: DBG: testbed command ['apt-get', '--simulate', '--quiet', '-o', 'APT::Get::Show-User-Simulation-Note=False', '--auto-remove', 'purge', 'autopkgtest-satdep'], kind short, sout pipe, serr pipe, env []
autopkgtest: DBG: testbed command exited with code 0
autopkgtest: DBG: Marking test dependencies as manually installed: pkg-perl-autopkgtest autodep8 dctrl-tools dh-autoreconf debhelper dh-strip-nondeterminism debugedit dwz po-debconf intltool-debian libfile-stripnondeterminism-perl libarchive-zip-perl libhash-merge-perl libclone-choose-perl libdebhelper-perl libdjvulibre21 libdjvulibre-text libegl-dev libglu1-mesa-dev libgl-dev libglx-dev libmpdec2 libsub-override-perl libvulkan-dev libxext-dev libx11-dev libxcb1-dev libxau-dev libxdmcp-dev qt5-qmake qt5-qmake-bin x11proto-core-dev x11proto-dev xorg-sgml-doctools xtrans-dev
autopkgtest: DBG: testbed command ['apt-mark', 'manual', '-qq', 'pkg-perl-autopkgtest', 'autodep8', 'dctrl-tools', 'dh-autoreconf', 'debhelper', 'dh-strip-nondeterminism', 'debugedit', 'dwz', 'po-debconf', 'intltool-debian', 'libfile-stripnondeterminism-perl', 'libarchive-zip-perl', 'libhash-merge-perl', 'libclone-choose-perl', 'libdebhelper-perl', 'libdjvulibre21', 'libdjvulibre-text', 'libegl-dev', 'libglu1-mesa-dev', 'libgl-dev'], kind short, sout raw, serr pipe, env []
autopkgtest: DBG: testbed command exited with code 0
autopkgtest: DBG: testbed command ['apt-mark', 'manual', '-qq', 'libglx-dev', 'libmpdec2', 'libsub-override-perl', 'libvulkan-dev', 'libxext-dev', 'libx11-dev', 'libxcb1-dev', 'libxau-dev', 'libxdmcp-dev', 'qt5-qmake', 'qt5-qmake-bin', 'x11proto-core-dev', 'x11proto-dev', 'xorg-sgml-doctools', 'xtrans-dev'], kind short, sout raw, serr pipe, env []
autopkgtest: DBG: testbed command exited with code 0
autopkgtest: DBG: testbed command ['dpkg', '--purge', 'autopkgtest-satdep'], kind short, sout raw, serr raw, env []
(Reading database ... 162290 files and directories currently installed.)
Removing autopkgtest-satdep (0) ...
autopkgtest: DBG: testbed command exited with code 0
autopkgtest: DBG: testbed command ['sh', '-ec', 'command -v dpkg-query'], kind short, sout pipe, serr pipe, env []
autopkgtest: DBG: testbed command exited with code 0
autopkgtest: DBG: testbed command ['sh', '-ec', "dpkg-query --show -f '${Package}\\t${Version}\\n' > /tmp/autopkgtest.heS0gE/autodep8-perl-build-deps-packages.all"], kind short, sout raw, serr pipe, env []
autopkgtest: DBG: testbed command exited with code 0
autopkgtest: DBG: sending command to testbed: copyup /tmp/autopkgtest.heS0gE/autodep8-perl-build-deps-packages.all /home/minami/Documents/openkylin-riscv/test/libhash-merge-perl/autodep8-perl-build-deps-packages.all
autopkgtest-virt-qemu: DBG: executing copyup /tmp/autopkgtest.heS0gE/autodep8-perl-build-deps-packages.all /home/minami/Documents/openkylin-riscv/test/libhash-merge-perl/autodep8-perl-build-deps-packages.all
autopkgtest-virt-qemu: DBG: ['cmdls', "(['/tmp/autopkgtest-qemu.5zsud11r/runcmd', 'sh', '-ec', 'cat </tmp/autopkgtest.heS0gE/autodep8-perl-build-deps-packages.all'], ['cat'])"]
autopkgtest-virt-qemu: DBG: ['srcstdin', "<_io.BufferedReader name='/dev/null'>", 'deststdout', "<_io.BufferedWriter name='/home/minami/Documents/openkylin-riscv/test/libhash-merge-perl/autodep8-perl-build-deps-packages.all'>", 'devnull_read', <_io.BufferedReader name='/dev/null'>]
autopkgtest-virt-qemu: DBG:  +< /tmp/autopkgtest-qemu.5zsud11r/runcmd sh -ec cat </tmp/autopkgtest.heS0gE/autodep8-perl-build-deps-packages.all
autopkgtest-virt-qemu: DBG:  +> cat
autopkgtest-virt-qemu: DBG:  +>?
autopkgtest-virt-qemu: DBG:  +<?
autopkgtest: DBG: got reply from testbed: ok
autopkgtest: DBG: testbed command ['test', '-e', '/tmp/autopkgtest.heS0gE/build.piY/src'], kind short, sout raw, serr raw, env []
autopkgtest: DBG: testbed command exited with code 0
autopkgtest: DBG: copydown: tb path /tmp/autopkgtest.heS0gE/build.piY/src already exists
autopkgtest [12:37:20]: test autodep8-perl-build-deps: /usr/share/pkg-perl-autopkgtest/runner build-deps
autopkgtest [12:37:20]: test autodep8-perl-build-deps: [-----------------------
autopkgtest: DBG: testbed command ['su', '-s', '/bin/bash', 'openkylin', '-c', 'set -e; export USER=`id -nu`; . /etc/profile >/dev/null 2>&1 || true;  . ~/.profile >/dev/null 2>&1 || true; buildtree="/tmp/autopkgtest.heS0gE/build.piY/src"; mkdir -p -m 1777 -- "/tmp/autopkgtest.heS0gE/autodep8-perl-build-deps-artifacts"; export AUTOPKGTEST_ARTIFACTS="/tmp/autopkgtest.heS0gE/autodep8-perl-build-deps-artifacts"; export ADT_ARTIFACTS="$AUTOPKGTEST_ARTIFACTS"; mkdir -p -m 755 "/tmp/autopkgtest.heS0gE/autopkgtest_tmp"; export AUTOPKGTEST_TMP="/tmp/autopkgtest.heS0gE/autopkgtest_tmp"; export ADTTMP="$AUTOPKGTEST_TMP"; export DEBIAN_FRONTEND=noninteractive; export LANG=C.UTF-8; export DEB_BUILD_OPTIONS=parallel=8; unset LANGUAGE LC_CTYPE LC_NUMERIC LC_TIME LC_COLLATE   LC_MONETARY LC_MESSAGES LC_PAPER LC_NAME LC_ADDRESS   LC_TELEPHONE LC_MEASUREMENT LC_IDENTIFICATION LC_ALL;cd "$buildtree"; exec /tmp/autopkgtest.heS0gE/wrapper.sh --script-pid-file=/tmp/autopkgtest_script_pid --stderr=/tmp/autopkgtest.heS0gE/autodep8-perl-build-deps-stderr --stdout=/tmp/autopkgtest.heS0gE/autodep8-perl-build-deps-stdout -- bash -ec \'/usr/share/pkg-perl-autopkgtest/runner build-deps\' ;'], kind test, sout raw, serr raw, env []
t/Auto/00-load.t ....... 
ok 1 - use Hash::Merge;
# Testing Hash::Merge version 0.302, Perl 5.030000, /usr/bin/perl
# Using backend Storable version 3.15
1..1
ok
t/Auto/01-merge.t ...... 
ok 1 - Left Precedent - Scalar on Scalar
ok 2 - Left Precedent - Scalar on Array
ok 3 - Left Precedent - Scalar on Hash
ok 4 - Left Precedent - Scalar on Object
ok 5 - Left Precedent - Array on Scalar
ok 6 - Left Precedent - Array on Array
ok 7 - Left Precedent - Array on Hash
ok 8 - Left Precedent - Array on Object
ok 9 - Left Precedent - Hash on Scalar
ok 10 - Left Precedent - Hash on Array
ok 11 - Left Precedent - Hash on Hash
ok 12 - Left Precedent - Hash on Object
ok 13 - Left Precedent - Object on Scalar
ok 14 - Left Precedent - Object on Array
ok 15 - Left Precedent - Object on Array
ok 16 - Left Precedent - Object on Array
ok 17 - Right Precedent - Scalar on Scalar
ok 18 - Right Precedent - Scalar on Array
ok 19 - Right Precedent - Scalar on Hash
ok 20 - Right Precedent - Scalar on Object
ok 21 - Right Precedent - Array on Scalar
ok 22 - Right Precedent - Array on Array
ok 23 - Right Precedent - Array on Hash
ok 24 - Right Precedent - Array on Object
ok 25 - Right Precedent - Hash on Scalar
ok 26 - Right Precedent - Hash on Array
ok 27 - Right Precedent - Hash on Hash
ok 28 - Right Precedent - Hash on Object
ok 29 - Right Precedent - Object on Scalar
ok 30 - Right Precedent - Object on Array
ok 31 - Right Precedent - Object on Hash
ok 32 - Right Precedent - Object on Object
ok 33 - Storage Precedent - Scalar on Scalar
ok 34 - Storage Precedent - Scalar on Array
ok 35 - Storage Precedent - Scalar on Hash
ok 36 - Storage Precedent - Scalar on Object
ok 37 - Storage Precedent - Array on Scalar
ok 38 - Storage Precedent - Array on Array
ok 39 - Storage Precedent - Array on Hash
ok 40 - Storage Precedent - Array on Object
ok 41 - Storage Precedent - Hash on Scalar
ok 42 - Storage Precedent - Hash on Array
ok 43 - Storage Precedent - Hash on Hash
ok 44 - Storage Precedent - Hash on Object
ok 45 - Storage Precedent - Object on Scalar
ok 46 - Storage Precedent - Object on Array
ok 47 - Storage Precedent - Object on Hash
ok 48 - Storage Precedent - Object on Object
ok 49 - Retainment Precedent - Scalar on Scalar
ok 50 - Retainment Precedent - Scalar on Array
ok 51 - Retainment Precedent - Scalar on Hash
ok 52 - Retainment Precedent - Scalar on Object
ok 53 - Retainment Precedent - Array on Scalar
ok 54 - Retainment Precedent - Array on Array
ok 55 - Retainment Precedent - Array on Hash
ok 56 - Retainment Precedent - Array on Object
ok 57 - Retainment Precedent - Hash on Scalar
ok 58 - Retainment Precedent - Hash on Array
ok 59 - Retainment Precedent - Hash on Hash
ok 60 - Retainment Precedent - Hash on Object
ok 61 - Retainment Precedent - Object on Scalar
ok 62 - Retainment Precedent - Object on Array
ok 63 - Retainment Precedent - Object on Hash
ok 64 - Retainment Precedent - Object on Object
ok 65 - Cannot add behavior spec twice
ok 66 - Custom Precedent - Scalar on Scalar
ok 67 - Custom Precedent - Scalar on Array
ok 68 - Custom Precedent - Scalar on Hash
ok 69 - Custom Precedent - Scalar on Object
ok 70 - Custom Precedent - Array on Scalar
ok 71 - Custom Precedent - Array on Array
ok 72 - Custom Precedent - Array on Hash
ok 73 - Custom Precedent - Array on Object
ok 74 - Custom Precedent - Hash on Scalar
ok 75 - Custom Precedent - Hash on Array
ok 76 - Custom Precedent - Hash on Hash
ok 77 - Custom Precedent - Hash on Hash
ok 78 - Custom Precedent - Object on Scalar
ok 79 - Custom Precedent - Object on Array
ok 80 - Custom Precedent - Object on Hash
ok 81 - Custom Precedent - Object on Object
ok 82
1..82
ok
t/Auto/02-oo.t ......... 
ok 1 - no arg default is LEFT_PRECEDENT
ok 2 - Left Precedent - Scalar on Scalar
ok 3 - Left Precedent - Scalar on Array
ok 4 - Left Precedent - Scalar on Hash
ok 5 - Left Precedent - Scalar on Object
ok 6 - Left Precedent - Array on Scalar
ok 7 - Left Precedent - Array on Array
ok 8 - Left Precedent - Array on Hash
ok 9 - Left Precedent - Array on Object
ok 10 - Left Precedent - Hash on Scalar
ok 11 - Left Precedent - Hash on Array
ok 12 - Left Precedent - Hash on Hash
ok 13 - Left Precedent - Hash on Object
ok 14 - Left Precedent - Object on Scalar
ok 15 - Left Precedent - Object on Array
ok 16 - Left Precedent - Object on Array
ok 17 - Left Precedent - Object on Array
ok 18 - set_behavior() returns previous behavior
ok 19 - set_behavior() actually sets the behavior)
ok 20 - Right Precedent - Scalar on Scalar
ok 21 - Right Precedent - Scalar on Array
ok 22 - Right Precedent - Scalar on Hash
ok 23 - Right Precedent - Scalar on Object
ok 24 - Right Precedent - Array on Scalar
ok 25 - Right Precedent - Array on Array
ok 26 - Right Precedent - Array on Hash
ok 27 - Right Precedent - Array on Object
ok 28 - Right Precedent - Hash on Scalar
ok 29 - Right Precedent - Hash on Array
ok 30 - Right Precedent - Hash on Hash
ok 31 - Right Precedent - Hash on Object
ok 32 - Right Precedent - Object on Scalar
ok 33 - Right Precedent - Object on Array
ok 34 - Right Precedent - Object on Hash
ok 35 - Right Precedent - Object on Object
ok 36 - "global" function does not affect object
ok 37 - Storage Precedent - Scalar on Scalar
ok 38 - Storage Precedent - Scalar on Array
ok 39 - Storage Precedent - Scalar on Hash
ok 40 - Storage Precedent - Scalar on Object
ok 41 - Storage Precedent - Array on Scalar
ok 42 - Storage Precedent - Array on Array
ok 43 - Storage Precedent - Array on Hash
ok 44 - Storage Precedent - Array on Object
ok 45 - Storage Precedent - Hash on Scalar
ok 46 - Storage Precedent - Hash on Array
ok 47 - Storage Precedent - Hash on Hash
ok 48 - Storage Precedent - Hash on Object
ok 49 - Storage Precedent - Object on Scalar
ok 50 - Storage Precedent - Object on Array
ok 51 - Storage Precedent - Object on Hash
ok 52 - Storage Precedent - Object on Object
ok 53 - Retainment Precedent - Scalar on Scalar
ok 54 - Retainment Precedent - Scalar on Array
ok 55 - Retainment Precedent - Scalar on Hash
ok 56 - Retainment Precedent - Scalar on Object
ok 57 - Retainment Precedent - Array on Scalar
ok 58 - Retainment Precedent - Array on Array
ok 59 - Retainment Precedent - Array on Hash
ok 60 - Retainment Precedent - Array on Object
ok 61 - Retainment Precedent - Hash on Scalar
ok 62 - Retainment Precedent - Hash on Array
ok 63 - Retainment Precedent - Hash on Hash
ok 64 - Retainment Precedent - Hash on Object
ok 65 - Retainment Precedent - Object on Scalar
ok 66 - Retainment Precedent - Object on Array
ok 67 - Retainment Precedent - Object on Hash
ok 68 - Retainment Precedent - Object on Object
ok 69 - Cannot add behavior spec twice
ok 70 - Custom Precedent - Scalar on Scalar
ok 71 - Custom Precedent - Scalar on Array
ok 72 - Custom Precedent - Scalar on Hash
ok 73 - Custom Precedent - Scalar on Object
ok 74 - Custom Precedent - Array on Scalar
ok 75 - Custom Precedent - Array on Array
ok 76 - Custom Precedent - Array on Hash
ok 77 - Custom Precedent - Array on Object
ok 78 - Custom Precedent - Hash on Scalar
ok 79 - Custom Precedent - Hash on Array
ok 80 - Custom Precedent - Hash on Hash
ok 81 - Custom Precedent - Hash on Hash
ok 82 - Custom Precedent - Object on Scalar
ok 83 - Custom Precedent - Object on Array
ok 84 - Custom Precedent - Object on Hash
ok 85 - Custom Precedent - Object on Object
ok 86
ok 87 - instance did not leak
1..87
ok
t/Clone/00-load.t ...... skipped: No Clone found.
t/Clone/01-merge.t ..... skipped: No Clone found.
t/Clone/02-oo.t ........ skipped: No Clone found.
t/ClonePP/00-load.t .... skipped: No Clone::PP found.
t/ClonePP/01-merge.t ... skipped: No Clone::PP found.
t/ClonePP/02-oo.t ...... skipped: No Clone::PP found.
t/Storable/00-load.t ... 
ok 1 - use Hash::Merge;
# Testing Hash::Merge version 0.302, Perl 5.030000, /usr/bin/perl
# Using backend Storable version 3.15
1..1
ok
t/Storable/01-merge.t .. 
ok 1 - Left Precedent - Scalar on Scalar
ok 2 - Left Precedent - Scalar on Array
ok 3 - Left Precedent - Scalar on Hash
ok 4 - Left Precedent - Scalar on Object
ok 5 - Left Precedent - Array on Scalar
ok 6 - Left Precedent - Array on Array
ok 7 - Left Precedent - Array on Hash
ok 8 - Left Precedent - Array on Object
ok 9 - Left Precedent - Hash on Scalar
ok 10 - Left Precedent - Hash on Array
ok 11 - Left Precedent - Hash on Hash
ok 12 - Left Precedent - Hash on Object
ok 13 - Left Precedent - Object on Scalar
ok 14 - Left Precedent - Object on Array
ok 15 - Left Precedent - Object on Array
ok 16 - Left Precedent - Object on Array
ok 17 - Right Precedent - Scalar on Scalar
ok 18 - Right Precedent - Scalar on Array
ok 19 - Right Precedent - Scalar on Hash
ok 20 - Right Precedent - Scalar on Object
ok 21 - Right Precedent - Array on Scalar
ok 22 - Right Precedent - Array on Array
ok 23 - Right Precedent - Array on Hash
ok 24 - Right Precedent - Array on Object
ok 25 - Right Precedent - Hash on Scalar
ok 26 - Right Precedent - Hash on Array
ok 27 - Right Precedent - Hash on Hash
ok 28 - Right Precedent - Hash on Object
ok 29 - Right Precedent - Object on Scalar
ok 30 - Right Precedent - Object on Array
ok 31 - Right Precedent - Object on Hash
ok 32 - Right Precedent - Object on Object
ok 33 - Storage Precedent - Scalar on Scalar
ok 34 - Storage Precedent - Scalar on Array
ok 35 - Storage Precedent - Scalar on Hash
ok 36 - Storage Precedent - Scalar on Object
ok 37 - Storage Precedent - Array on Scalar
ok 38 - Storage Precedent - Array on Array
ok 39 - Storage Precedent - Array on Hash
ok 40 - Storage Precedent - Array on Object
ok 41 - Storage Precedent - Hash on Scalar
ok 42 - Storage Precedent - Hash on Array
ok 43 - Storage Precedent - Hash on Hash
ok 44 - Storage Precedent - Hash on Object
ok 45 - Storage Precedent - Object on Scalar
ok 46 - Storage Precedent - Object on Array
ok 47 - Storage Precedent - Object on Hash
ok 48 - Storage Precedent - Object on Object
ok 49 - Retainment Precedent - Scalar on Scalar
ok 50 - Retainment Precedent - Scalar on Array
ok 51 - Retainment Precedent - Scalar on Hash
ok 52 - Retainment Precedent - Scalar on Object
ok 53 - Retainment Precedent - Array on Scalar
ok 54 - Retainment Precedent - Array on Array
ok 55 - Retainment Precedent - Array on Hash
ok 56 - Retainment Precedent - Array on Object
ok 57 - Retainment Precedent - Hash on Scalar
ok 58 - Retainment Precedent - Hash on Array
ok 59 - Retainment Precedent - Hash on Hash
ok 60 - Retainment Precedent - Hash on Object
ok 61 - Retainment Precedent - Object on Scalar
ok 62 - Retainment Precedent - Object on Array
ok 63 - Retainment Precedent - Object on Hash
ok 64 - Retainment Precedent - Object on Object
ok 65 - Cannot add behavior spec twice
ok 66 - Custom Precedent - Scalar on Scalar
ok 67 - Custom Precedent - Scalar on Array
ok 68 - Custom Precedent - Scalar on Hash
ok 69 - Custom Precedent - Scalar on Object
ok 70 - Custom Precedent - Array on Scalar
ok 71 - Custom Precedent - Array on Array
ok 72 - Custom Precedent - Array on Hash
ok 73 - Custom Precedent - Array on Object
ok 74 - Custom Precedent - Hash on Scalar
ok 75 - Custom Precedent - Hash on Array
ok 76 - Custom Precedent - Hash on Hash
ok 77 - Custom Precedent - Hash on Hash
ok 78 - Custom Precedent - Object on Scalar
ok 79 - Custom Precedent - Object on Array
ok 80 - Custom Precedent - Object on Hash
ok 81 - Custom Precedent - Object on Object
ok 82
1..82
ok
t/Storable/02-oo.t ..... 
ok 1 - no arg default is LEFT_PRECEDENT
ok 2 - Left Precedent - Scalar on Scalar
ok 3 - Left Precedent - Scalar on Array
ok 4 - Left Precedent - Scalar on Hash
ok 5 - Left Precedent - Scalar on Object
ok 6 - Left Precedent - Array on Scalar
ok 7 - Left Precedent - Array on Array
ok 8 - Left Precedent - Array on Hash
ok 9 - Left Precedent - Array on Object
ok 10 - Left Precedent - Hash on Scalar
ok 11 - Left Precedent - Hash on Array
ok 12 - Left Precedent - Hash on Hash
ok 13 - Left Precedent - Hash on Object
ok 14 - Left Precedent - Object on Scalar
ok 15 - Left Precedent - Object on Array
ok 16 - Left Precedent - Object on Array
ok 17 - Left Precedent - Object on Array
ok 18 - set_behavior() returns previous behavior
ok 19 - set_behavior() actually sets the behavior)
ok 20 - Right Precedent - Scalar on Scalar
ok 21 - Right Precedent - Scalar on Array
ok 22 - Right Precedent - Scalar on Hash
ok 23 - Right Precedent - Scalar on Object
ok 24 - Right Precedent - Array on Scalar
ok 25 - Right Precedent - Array on Array
ok 26 - Right Precedent - Array on Hash
ok 27 - Right Precedent - Array on Object
ok 28 - Right Precedent - Hash on Scalar
ok 29 - Right Precedent - Hash on Array
ok 30 - Right Precedent - Hash on Hash
ok 31 - Right Precedent - Hash on Object
ok 32 - Right Precedent - Object on Scalar
ok 33 - Right Precedent - Object on Array
ok 34 - Right Precedent - Object on Hash
ok 35 - Right Precedent - Object on Object
ok 36 - "global" function does not affect object
ok 37 - Storage Precedent - Scalar on Scalar
ok 38 - Storage Precedent - Scalar on Array
ok 39 - Storage Precedent - Scalar on Hash
ok 40 - Storage Precedent - Scalar on Object
ok 41 - Storage Precedent - Array on Scalar
ok 42 - Storage Precedent - Array on Array
ok 43 - Storage Precedent - Array on Hash
ok 44 - Storage Precedent - Array on Object
ok 45 - Storage Precedent - Hash on Scalar
ok 46 - Storage Precedent - Hash on Array
ok 47 - Storage Precedent - Hash on Hash
ok 48 - Storage Precedent - Hash on Object
ok 49 - Storage Precedent - Object on Scalar
ok 50 - Storage Precedent - Object on Array
ok 51 - Storage Precedent - Object on Hash
ok 52 - Storage Precedent - Object on Object
ok 53 - Retainment Precedent - Scalar on Scalar
ok 54 - Retainment Precedent - Scalar on Array
ok 55 - Retainment Precedent - Scalar on Hash
ok 56 - Retainment Precedent - Scalar on Object
ok 57 - Retainment Precedent - Array on Scalar
ok 58 - Retainment Precedent - Array on Array
ok 59 - Retainment Precedent - Array on Hash
ok 60 - Retainment Precedent - Array on Object
ok 61 - Retainment Precedent - Hash on Scalar
ok 62 - Retainment Precedent - Hash on Array
ok 63 - Retainment Precedent - Hash on Hash
ok 64 - Retainment Precedent - Hash on Object
ok 65 - Retainment Precedent - Object on Scalar
ok 66 - Retainment Precedent - Object on Array
ok 67 - Retainment Precedent - Object on Hash
ok 68 - Retainment Precedent - Object on Object
ok 69 - Cannot add behavior spec twice
ok 70 - Custom Precedent - Scalar on Scalar
ok 71 - Custom Precedent - Scalar on Array
ok 72 - Custom Precedent - Scalar on Hash
ok 73 - Custom Precedent - Scalar on Object
ok 74 - Custom Precedent - Array on Scalar
ok 75 - Custom Precedent - Array on Array
ok 76 - Custom Precedent - Array on Hash
ok 77 - Custom Precedent - Array on Object
ok 78 - Custom Precedent - Hash on Scalar
ok 79 - Custom Precedent - Hash on Array
ok 80 - Custom Precedent - Hash on Hash
ok 81 - Custom Precedent - Hash on Hash
ok 82 - Custom Precedent - Object on Scalar
ok 83 - Custom Precedent - Object on Array
ok 84 - Custom Precedent - Object on Hash
ok 85 - Custom Precedent - Object on Object
ok 86
ok 87 - instance did not leak
1..87
ok
t/inline/00-load.t ..... 
ok 1 - use Hash::Merge;
# Testing Hash::Merge version 0.302, Perl 5.030000, /usr/bin/perl
# Using backend Storable version 3.15
1..1
ok
t/inline/01-merge.t .... 
ok 1 - Left Precedent - Scalar on Scalar
ok 2 - Left Precedent - Scalar on Array
ok 3 - Left Precedent - Scalar on Hash
ok 4 - Left Precedent - Scalar on Object
ok 5 - Left Precedent - Array on Scalar
ok 6 - Left Precedent - Array on Array
ok 7 - Left Precedent - Array on Hash
ok 8 - Left Precedent - Array on Object
ok 9 - Left Precedent - Hash on Scalar
ok 10 - Left Precedent - Hash on Array
ok 11 - Left Precedent - Hash on Hash
ok 12 - Left Precedent - Hash on Object
ok 13 - Left Precedent - Object on Scalar
ok 14 - Left Precedent - Object on Array
ok 15 - Left Precedent - Object on Array
ok 16 - Left Precedent - Object on Array
ok 17 - Right Precedent - Scalar on Scalar
ok 18 - Right Precedent - Scalar on Array
ok 19 - Right Precedent - Scalar on Hash
ok 20 - Right Precedent - Scalar on Object
ok 21 - Right Precedent - Array on Scalar
ok 22 - Right Precedent - Array on Array
ok 23 - Right Precedent - Array on Hash
ok 24 - Right Precedent - Array on Object
ok 25 - Right Precedent - Hash on Scalar
ok 26 - Right Precedent - Hash on Array
ok 27 - Right Precedent - Hash on Hash
ok 28 - Right Precedent - Hash on Object
ok 29 - Right Precedent - Object on Scalar
ok 30 - Right Precedent - Object on Array
ok 31 - Right Precedent - Object on Hash
ok 32 - Right Precedent - Object on Object
ok 33 - Storage Precedent - Scalar on Scalar
ok 34 - Storage Precedent - Scalar on Array
ok 35 - Storage Precedent - Scalar on Hash
ok 36 - Storage Precedent - Scalar on Object
ok 37 - Storage Precedent - Array on Scalar
ok 38 - Storage Precedent - Array on Array
ok 39 - Storage Precedent - Array on Hash
ok 40 - Storage Precedent - Array on Object
ok 41 - Storage Precedent - Hash on Scalar
ok 42 - Storage Precedent - Hash on Array
ok 43 - Storage Precedent - Hash on Hash
ok 44 - Storage Precedent - Hash on Object
ok 45 - Storage Precedent - Object on Scalar
ok 46 - Storage Precedent - Object on Array
ok 47 - Storage Precedent - Object on Hash
ok 48 - Storage Precedent - Object on Object
ok 49 - Retainment Precedent - Scalar on Scalar
ok 50 - Retainment Precedent - Scalar on Array
ok 51 - Retainment Precedent - Scalar on Hash
ok 52 - Retainment Precedent - Scalar on Object
ok 53 - Retainment Precedent - Array on Scalar
ok 54 - Retainment Precedent - Array on Array
ok 55 - Retainment Precedent - Array on Hash
ok 56 - Retainment Precedent - Array on Object
ok 57 - Retainment Precedent - Hash on Scalar
ok 58 - Retainment Precedent - Hash on Array
ok 59 - Retainment Precedent - Hash on Hash
ok 60 - Retainment Precedent - Hash on Object
ok 61 - Retainment Precedent - Object on Scalar
ok 62 - Retainment Precedent - Object on Array
ok 63 - Retainment Precedent - Object on Hash
ok 64 - Retainment Precedent - Object on Object
ok 65 - Cannot add behavior spec twice
ok 66 - Custom Precedent - Scalar on Scalar
ok 67 - Custom Precedent - Scalar on Array
ok 68 - Custom Precedent - Scalar on Hash
ok 69 - Custom Precedent - Scalar on Object
ok 70 - Custom Precedent - Array on Scalar
ok 71 - Custom Precedent - Array on Array
ok 72 - Custom Precedent - Array on Hash
ok 73 - Custom Precedent - Array on Object
ok 74 - Custom Precedent - Hash on Scalar
ok 75 - Custom Precedent - Hash on Array
ok 76 - Custom Precedent - Hash on Hash
ok 77 - Custom Precedent - Hash on Hash
ok 78 - Custom Precedent - Object on Scalar
ok 79 - Custom Precedent - Object on Array
ok 80 - Custom Precedent - Object on Hash
ok 81 - Custom Precedent - Object on Object
ok 82
1..82
ok
t/inline/02-oo.t ....... 
ok 1 - no arg default is LEFT_PRECEDENT
ok 2 - Left Precedent - Scalar on Scalar
ok 3 - Left Precedent - Scalar on Array
ok 4 - Left Precedent - Scalar on Hash
ok 5 - Left Precedent - Scalar on Object
ok 6 - Left Precedent - Array on Scalar
ok 7 - Left Precedent - Array on Array
ok 8 - Left Precedent - Array on Hash
ok 9 - Left Precedent - Array on Object
ok 10 - Left Precedent - Hash on Scalar
ok 11 - Left Precedent - Hash on Array
ok 12 - Left Precedent - Hash on Hash
ok 13 - Left Precedent - Hash on Object
ok 14 - Left Precedent - Object on Scalar
ok 15 - Left Precedent - Object on Array
ok 16 - Left Precedent - Object on Array
ok 17 - Left Precedent - Object on Array
ok 18 - set_behavior() returns previous behavior
ok 19 - set_behavior() actually sets the behavior)
ok 20 - Right Precedent - Scalar on Scalar
ok 21 - Right Precedent - Scalar on Array
ok 22 - Right Precedent - Scalar on Hash
ok 23 - Right Precedent - Scalar on Object
ok 24 - Right Precedent - Array on Scalar
ok 25 - Right Precedent - Array on Array
ok 26 - Right Precedent - Array on Hash
ok 27 - Right Precedent - Array on Object
ok 28 - Right Precedent - Hash on Scalar
ok 29 - Right Precedent - Hash on Array
ok 30 - Right Precedent - Hash on Hash
ok 31 - Right Precedent - Hash on Object
ok 32 - Right Precedent - Object on Scalar
ok 33 - Right Precedent - Object on Array
ok 34 - Right Precedent - Object on Hash
ok 35 - Right Precedent - Object on Object
ok 36 - "global" function does not affect object
ok 37 - Storage Precedent - Scalar on Scalar
ok 38 - Storage Precedent - Scalar on Array
ok 39 - Storage Precedent - Scalar on Hash
ok 40 - Storage Precedent - Scalar on Object
ok 41 - Storage Precedent - Array on Scalar
ok 42 - Storage Precedent - Array on Array
ok 43 - Storage Precedent - Array on Hash
ok 44 - Storage Precedent - Array on Object
ok 45 - Storage Precedent - Hash on Scalar
ok 46 - Storage Precedent - Hash on Array
ok 47 - Storage Precedent - Hash on Hash
ok 48 - Storage Precedent - Hash on Object
ok 49 - Storage Precedent - Object on Scalar
ok 50 - Storage Precedent - Object on Array
ok 51 - Storage Precedent - Object on Hash
ok 52 - Storage Precedent - Object on Object
ok 53 - Retainment Precedent - Scalar on Scalar
ok 54 - Retainment Precedent - Scalar on Array
ok 55 - Retainment Precedent - Scalar on Hash
ok 56 - Retainment Precedent - Scalar on Object
ok 57 - Retainment Precedent - Array on Scalar
ok 58 - Retainment Precedent - Array on Array
ok 59 - Retainment Precedent - Array on Hash
ok 60 - Retainment Precedent - Array on Object
ok 61 - Retainment Precedent - Hash on Scalar
ok 62 - Retainment Precedent - Hash on Array
ok 63 - Retainment Precedent - Hash on Hash
ok 64 - Retainment Precedent - Hash on Object
ok 65 - Retainment Precedent - Object on Scalar
ok 66 - Retainment Precedent - Object on Array
ok 67 - Retainment Precedent - Object on Hash
ok 68 - Retainment Precedent - Object on Object
ok 69 - Cannot add behavior spec twice
ok 70 - Custom Precedent - Scalar on Scalar
ok 71 - Custom Precedent - Scalar on Array
ok 72 - Custom Precedent - Scalar on Hash
ok 73 - Custom Precedent - Scalar on Object
ok 74 - Custom Precedent - Array on Scalar
ok 75 - Custom Precedent - Array on Array
ok 76 - Custom Precedent - Array on Hash
ok 77 - Custom Precedent - Array on Object
ok 78 - Custom Precedent - Hash on Scalar
ok 79 - Custom Precedent - Hash on Array
ok 80 - Custom Precedent - Hash on Hash
ok 81 - Custom Precedent - Hash on Hash
ok 82 - Custom Precedent - Object on Scalar
ok 83 - Custom Precedent - Object on Array
ok 84 - Custom Precedent - Object on Hash
ok 85 - Custom Precedent - Object on Object
ok 86
ok 87 - instance did not leak
1..87
ok
All tests successful.
Files=15, Tests=510, 20 wallclock secs ( 0.88 usr  0.36 sys + 11.68 cusr  3.77 csys = 16.69 CPU)
Result: PASS
autopkgtest: DBG: testbed command exited with code 0
autopkgtest [12:37:48]: test autodep8-perl-build-deps: -----------------------]
autopkgtest: DBG: testbed executing test finished with exit status 0
autopkgtest: DBG: sending command to testbed: copyup /tmp/autopkgtest.heS0gE/autodep8-perl-build-deps-stdout /home/minami/Documents/openkylin-riscv/test/libhash-merge-perl/autodep8-perl-build-deps-stdout
autopkgtest-virt-qemu: DBG: executing copyup /tmp/autopkgtest.heS0gE/autodep8-perl-build-deps-stdout /home/minami/Documents/openkylin-riscv/test/libhash-merge-perl/autodep8-perl-build-deps-stdout
autopkgtest-virt-qemu: DBG: ['cmdls', "(['/tmp/autopkgtest-qemu.5zsud11r/runcmd', 'sh', '-ec', 'cat </tmp/autopkgtest.heS0gE/autodep8-perl-build-deps-stdout'], ['cat'])"]
autopkgtest-virt-qemu: DBG: ['srcstdin', "<_io.BufferedReader name='/dev/null'>", 'deststdout', "<_io.BufferedWriter name='/home/minami/Documents/openkylin-riscv/test/libhash-merge-perl/autodep8-perl-build-deps-stdout'>", 'devnull_read', <_io.BufferedReader name='/dev/null'>]
autopkgtest-virt-qemu: DBG:  +< /tmp/autopkgtest-qemu.5zsud11r/runcmd sh -ec cat </tmp/autopkgtest.heS0gE/autodep8-perl-build-deps-stdout
autopkgtest-virt-qemu: DBG:  +> cat
autopkgtest-virt-qemu: DBG:  +>?
autopkgtest-virt-qemu: DBG:  +<?
autopkgtest: DBG: got reply from testbed: ok
autopkgtest: DBG: sending command to testbed: copyup /tmp/autopkgtest.heS0gE/autodep8-perl-build-deps-stderr /home/minami/Documents/openkylin-riscv/test/libhash-merge-perl/autodep8-perl-build-deps-stderr
autopkgtest-virt-qemu: DBG: executing copyup /tmp/autopkgtest.heS0gE/autodep8-perl-build-deps-stderr /home/minami/Documents/openkylin-riscv/test/libhash-merge-perl/autodep8-perl-build-deps-stderr
autopkgtest-virt-qemu: DBG: ['cmdls', "(['/tmp/autopkgtest-qemu.5zsud11r/runcmd', 'sh', '-ec', 'cat </tmp/autopkgtest.heS0gE/autodep8-perl-build-deps-stderr'], ['cat'])"]
autopkgtest-virt-qemu: DBG: ['srcstdin', "<_io.BufferedReader name='/dev/null'>", 'deststdout', "<_io.BufferedWriter name='/home/minami/Documents/openkylin-riscv/test/libhash-merge-perl/autodep8-perl-build-deps-stderr'>", 'devnull_read', <_io.BufferedReader name='/dev/null'>]
autopkgtest-virt-qemu: DBG:  +< /tmp/autopkgtest-qemu.5zsud11r/runcmd sh -ec cat </tmp/autopkgtest.heS0gE/autodep8-perl-build-deps-stderr
autopkgtest-virt-qemu: DBG:  +> cat
autopkgtest-virt-qemu: DBG:  +>?
autopkgtest-virt-qemu: DBG:  +<?
autopkgtest: DBG: got reply from testbed: ok
autodep8-perl-build-deps PASS
autopkgtest [12:37:49]: test autodep8-perl-build-deps:  - - - - - - - - - - results - - - - - - - - - -
autopkgtest: DBG: sending command to testbed: copyup /tmp/autopkgtest.heS0gE/autodep8-perl-build-deps-artifacts/ /home/minami/Documents/openkylin-riscv/test/libhash-merge-perl/artifacts/
autopkgtest-virt-qemu: DBG: executing copyup /tmp/autopkgtest.heS0gE/autodep8-perl-build-deps-artifacts/ /home/minami/Documents/openkylin-riscv/test/libhash-merge-perl/artifacts/
autopkgtest-virt-qemu: DBG: ['cmdls', "(['/tmp/autopkgtest-qemu.5zsud11r/runcmd', 'sh', '-ec', 'cd /tmp/autopkgtest.heS0gE/autodep8-perl-build-deps-artifacts/; tar --warning=none -c . -f -'], ['tar', '--directory', '/home/minami/Documents/openkylin-riscv/test/libhash-merge-perl/artifacts/', '--warning=none', '--preserve-permissions', '--extract', '--no-same-owner', '-f', '-'])"]
autopkgtest-virt-qemu: DBG: ['srcstdin', "<_io.BufferedReader name='/dev/null'>", 'deststdout', "<_io.BufferedReader name='/dev/null'>", 'devnull_read', <_io.BufferedReader name='/dev/null'>]
autopkgtest-virt-qemu: DBG:  +< /tmp/autopkgtest-qemu.5zsud11r/runcmd sh -ec cd /tmp/autopkgtest.heS0gE/autodep8-perl-build-deps-artifacts/; tar --warning=none -c . -f -
autopkgtest-virt-qemu: DBG:  +> tar --directory /home/minami/Documents/openkylin-riscv/test/libhash-merge-perl/artifacts/ --warning=none --preserve-permissions --extract --no-same-owner -f -
autopkgtest-virt-qemu: DBG:  +>?
autopkgtest-virt-qemu: DBG:  +<?
autopkgtest: DBG: got reply from testbed: ok
autopkgtest: DBG: testbed command ['rm', '-rf', '/tmp/autopkgtest.heS0gE/autodep8-perl-build-deps-artifacts', '/tmp/autopkgtest.heS0gE/autopkgtest_tmp'], kind short, sout raw, serr pipe, env []
autopkgtest: DBG: testbed command exited with code 0
autopkgtest [12:37:50]: test autodep8-perl: preparing testbed
autopkgtest: DBG: testbed reset: modified=False, deps_installed=['libhash-merge-perl', 'debhelper-compat (= 13)', 'libclone-choose-perl', 'perl', 'build-essential', 'pkg-perl-autopkgtest'], deps_new=['libhash-merge-perl', 'pkg-perl-autopkgtest']
autopkgtest: DBG: testbed reset
autopkgtest: DBG: sending command to testbed: revert
autopkgtest-virt-qemu: DBG: executing revert
autopkgtest-virt-qemu: DBG: execute-timeout: /tmp/autopkgtest-qemu.5zsud11r/runcmd rm -rf -- /tmp/autopkgtest.heS0gE
qemu-system-riscv64: terminating on signal 15 from pid 3968786 (/usr/bin/python3)
autopkgtest-virt-qemu: DBG: find_free_port: trying 10022
autopkgtest-virt-qemu: DBG: find_free_port: 10022 is free
autopkgtest-virt-qemu: DBG: autopkgtest does not know how to boot this machine, hopefully nothing special needs to be done?
autopkgtest-virt-qemu: DBG: qemu architecture: riscv64
autopkgtest-virt-qemu: DBG: qemu command: qemu-system-riscv64
autopkgtest-virt-qemu: DBG: execute-timeout: qemu-img info --output=json /home/minami/Documents/openkylin-riscv/testing.qcow2
autopkgtest-virt-qemu: DBG: Creating temporary overlay image in /tmp/autopkgtest-qemu.s4jl2vjq/overlay.img
autopkgtest-virt-qemu: DBG: execute-timeout: qemu-img create -f qcow2 -F qcow2 -b /home/minami/Documents/openkylin-riscv/testing.qcow2 /tmp/autopkgtest-qemu.s4jl2vjq/overlay.img
autopkgtest-virt-qemu: DBG: Forwarding local port 10022 to VM ssh port 22
autopkgtest-virt-qemu: DBG: Assuming nothing special needs to be done to set up firmware to boot this machine (boot method: none)
autopkgtest-virt-qemu: DBG: full qemu command-line: ['qemu-system-riscv64', '-m', '8192', '-smp', '8', '-nographic', '-device', 'virtio-net-device,netdev=usernet', '-netdev', 'user,id=usernet,hostfwd=tcp:127.0.0.1:10022-:22', '-object', 'rng-random,filename=/dev/urandom,id=rng0', '-device', 'virtio-rng-pci,rng=rng0,id=rng-device0', '-monitor', 'unix:/tmp/autopkgtest-qemu.s4jl2vjq/monitor,server=on,wait=off', '-virtfs', 'local,id=autopkgtest,path=/tmp/autopkgtest-qemu.s4jl2vjq/shared,security_model=none,mount_tag=autopkgtest', '-device', 'virtio-serial', '-chardev', 'socket,path=/tmp/autopkgtest-qemu.s4jl2vjq/hvc0,server=on,wait=off,id=hvc0', '-device', 'virtconsole,chardev=hvc0', '-chardev', 'socket,path=/tmp/autopkgtest-qemu.s4jl2vjq/hvc1,server=on,wait=off,id=hvc1', '-device', 'virtconsole,chardev=hvc1', '-serial', 'unix:/tmp/autopkgtest-qemu.s4jl2vjq/ttyS0,server=on,wait=off', '-drive', 'index=0,file=/tmp/autopkgtest-qemu.s4jl2vjq/overlay.img,format=qcow2,cache=unsafe,if=virtio,discard=unmap', '-machine', 'virt', '-kernel', '/home/minami/Documents/ukylin/u-boot.bin']
autopkgtest-virt-qemu: DBG: expect: b' login: '
autopkgtest-virt-qemu: DBG: expect: found "'login prompt on serial console'"
autopkgtest-virt-qemu: DBG: expect: b'ok'
autopkgtest-virt-qemu: DBG: expect: found "b'ok'"
autopkgtest-virt-qemu: DBG: setup_shell(): there already is a shell on hvc1
qemu-system-riscv64: warning: 9p: degraded performance: a reasonable high msize should be chosen on client/guest side (chosen msize is <= 8192). See https://wiki.qemu.org/Documentation/9psetup#msize for details.
autopkgtest-virt-qemu: DBG: expect: b'1cfd930a-851a-45a9-9d03-542958928c0c[1]'
autopkgtest-virt-qemu: DBG: expect: found "b'1cfd930a-851a-45a9-9d03-542958928c0c[1]'"
autopkgtest-virt-qemu: DBG: expect: b'1cfd930a-851a-45a9-9d03-542958928c0c[2]'
autopkgtest-virt-qemu: DBG: expect: found "b'1cfd930a-851a-45a9-9d03-542958928c0c[2]'"
autopkgtest-virt-qemu: DBG: expect: b'1cfd930a-851a-45a9-9d03-542958928c0c[3]'
autopkgtest-virt-qemu: DBG: expect: found "b'1cfd930a-851a-45a9-9d03-542958928c0c[3]'"
autopkgtest-virt-qemu: DBG: expect: b'/python'
autopkgtest-virt-qemu: DBG: expect: found "b'/python'"
autopkgtest-virt-qemu: DBG: expect: b'# '
autopkgtest-virt-qemu: DBG: expect: found "b'# '"
autopkgtest-virt-qemu: DBG: expect: b'1cfd930a-851a-45a9-9d03-542958928c0c[4]'
autopkgtest-virt-qemu: DBG: expect: found "b'1cfd930a-851a-45a9-9d03-542958928c0c[4]'"
autopkgtest-virt-qemu: DBG: execute-timeout: /tmp/autopkgtest-qemu.s4jl2vjq/runcmd true
autopkgtest-virt-qemu: DBG: can connect to autopkgtest sh in VM
autopkgtest-virt-qemu: DBG: expect: b'1cfd930a-851a-45a9-9d03-542958928c0c[5]'
autopkgtest-virt-qemu: DBG: expect: found "b'1cfd930a-851a-45a9-9d03-542958928c0c[5]'"
autopkgtest-virt-qemu: DBG: determine_normal_user: got user "openkylin"
autopkgtest-virt-qemu: DBG: execute-timeout: /tmp/autopkgtest-qemu.s4jl2vjq/runcmd mkdir --mode=1777 --parents /tmp/autopkgtest.heS0gE
autopkgtest-virt-qemu: DBG: auxverb = ['/tmp/autopkgtest-qemu.s4jl2vjq/runcmd'], downtmp = /tmp/autopkgtest.heS0gE
autopkgtest: DBG: got reply from testbed: ok /tmp/autopkgtest.heS0gE
autopkgtest: DBG: sending command to testbed: print-execute-command
autopkgtest-virt-qemu: DBG: executing print-execute-command
autopkgtest: DBG: got reply from testbed: ok /tmp/autopkgtest-qemu.s4jl2vjq/runcmd
autopkgtest: DBG: sending command to testbed: capabilities
autopkgtest-virt-qemu: DBG: executing capabilities
autopkgtest: DBG: got reply from testbed: ok isolation-machine reboot revert revert-full-system root-on-testbed suggested-normal-user=openkylin
autopkgtest: DBG: testbed capabilities: ['isolation-machine', 'reboot', 'revert', 'revert-full-system', 'root-on-testbed', 'suggested-normal-user=openkylin', 'has_internet']
autopkgtest: DBG: testbed command ['mkdir', '-p', '/tmp/autopkgtest.heS0gE'], kind short, sout raw, serr pipe, env []
autopkgtest: DBG: testbed command exited with code 0
autopkgtest: DBG: sending command to testbed: copydown /usr/share/autopkgtest/lib/in-testbed/wrapper.sh /tmp/autopkgtest.heS0gE/wrapper.sh
autopkgtest-virt-qemu: DBG: executing copydown /usr/share/autopkgtest/lib/in-testbed/wrapper.sh /tmp/autopkgtest.heS0gE/wrapper.sh
autopkgtest-virt-qemu: DBG: ['cmdls', "(['cat'], ['/tmp/autopkgtest-qemu.s4jl2vjq/runcmd', 'sh', '-ec', 'cat >/tmp/autopkgtest.heS0gE/wrapper.sh; chmod +x -- /tmp/autopkgtest.heS0gE/wrapper.sh'])"]
autopkgtest-virt-qemu: DBG: ['srcstdin', "<_io.BufferedReader name='/usr/share/autopkgtest/lib/in-testbed/wrapper.sh'>", 'deststdout', "<_io.BufferedReader name='/dev/null'>", 'devnull_read', <_io.BufferedReader name='/dev/null'>]
autopkgtest-virt-qemu: DBG:  +< cat
autopkgtest-virt-qemu: DBG:  +> /tmp/autopkgtest-qemu.s4jl2vjq/runcmd sh -ec cat >/tmp/autopkgtest.heS0gE/wrapper.sh; chmod +x -- /tmp/autopkgtest.heS0gE/wrapper.sh
autopkgtest-virt-qemu: DBG:  +>?
autopkgtest-virt-qemu: DBG:  +<?
autopkgtest: DBG: got reply from testbed: ok
autopkgtest: DBG: testbed command ['chmod', '-R', '0755', '--', '/tmp/autopkgtest.heS0gE/wrapper.sh'], kind short, sout raw, serr pipe, env []
autopkgtest: DBG: testbed command exited with code 0
autopkgtest: DBG: testbed command ['dpkg', '--print-architecture'], kind short, sout pipe, serr pipe, env []
autopkgtest: DBG: testbed command exited with code 0
autopkgtest [12:38:38]: testbed dpkg architecture: riscv64
autopkgtest: DBG: testbed command ['sh', '-ec', 'command -v eatmydata'], kind short, sout pipe, serr pipe, env []
autopkgtest: DBG: testbed command exited with code 127
autopkgtest: DBG: testbed command ['sh', '-ec', 'command -v dpkg-query'], kind short, sout pipe, serr pipe, env []
autopkgtest: DBG: testbed command exited with code 0
autopkgtest: DBG: testbed command ['sh', '-ec', "dpkg-query --show -f '${Package}\\t${Version}\\n' > /tmp/autopkgtest.heS0gE/testbed-packages"], kind short, sout raw, serr pipe, env []
autopkgtest: DBG: testbed command exited with code 0
autopkgtest: DBG: sending command to testbed: copyup /tmp/autopkgtest.heS0gE/testbed-packages /home/minami/Documents/openkylin-riscv/test/libhash-merge-perl/testbed-packages
autopkgtest-virt-qemu: DBG: executing copyup /tmp/autopkgtest.heS0gE/testbed-packages /home/minami/Documents/openkylin-riscv/test/libhash-merge-perl/testbed-packages
autopkgtest-virt-qemu: DBG: ['cmdls', "(['/tmp/autopkgtest-qemu.s4jl2vjq/runcmd', 'sh', '-ec', 'cat </tmp/autopkgtest.heS0gE/testbed-packages'], ['cat'])"]
autopkgtest-virt-qemu: DBG: ['srcstdin', "<_io.BufferedReader name='/dev/null'>", 'deststdout', "<_io.BufferedWriter name='/home/minami/Documents/openkylin-riscv/test/libhash-merge-perl/testbed-packages'>", 'devnull_read', <_io.BufferedReader name='/dev/null'>]
autopkgtest-virt-qemu: DBG:  +< /tmp/autopkgtest-qemu.s4jl2vjq/runcmd sh -ec cat </tmp/autopkgtest.heS0gE/testbed-packages
autopkgtest-virt-qemu: DBG:  +> cat
autopkgtest-virt-qemu: DBG:  +>?
autopkgtest-virt-qemu: DBG:  +<?
autopkgtest: DBG: got reply from testbed: ok
autopkgtest: DBG: testbed supports reboot, creating /tmp/autopkgtest-reboot
autopkgtest: DBG: testbed command ['mkdir', '-p', '/tmp/autopkgtest.heS0gE'], kind short, sout raw, serr pipe, env []
autopkgtest: DBG: testbed command exited with code 0
autopkgtest: DBG: sending command to testbed: copydown /usr/share/autopkgtest/lib/in-testbed/reboot.sh /tmp/autopkgtest.heS0gE/autopkgtest-reboot
autopkgtest-virt-qemu: DBG: executing copydown /usr/share/autopkgtest/lib/in-testbed/reboot.sh /tmp/autopkgtest.heS0gE/autopkgtest-reboot
autopkgtest-virt-qemu: DBG: ['cmdls', "(['cat'], ['/tmp/autopkgtest-qemu.s4jl2vjq/runcmd', 'sh', '-ec', 'cat >/tmp/autopkgtest.heS0gE/autopkgtest-reboot; chmod +x -- /tmp/autopkgtest.heS0gE/autopkgtest-reboot'])"]
autopkgtest-virt-qemu: DBG: ['srcstdin', "<_io.BufferedReader name='/usr/share/autopkgtest/lib/in-testbed/reboot.sh'>", 'deststdout', "<_io.BufferedReader name='/dev/null'>", 'devnull_read', <_io.BufferedReader name='/dev/null'>]
autopkgtest-virt-qemu: DBG:  +< cat
autopkgtest-virt-qemu: DBG:  +> /tmp/autopkgtest-qemu.s4jl2vjq/runcmd sh -ec cat >/tmp/autopkgtest.heS0gE/autopkgtest-reboot; chmod +x -- /tmp/autopkgtest.heS0gE/autopkgtest-reboot
autopkgtest-virt-qemu: DBG:  +>?
autopkgtest-virt-qemu: DBG:  +<?
autopkgtest: DBG: got reply from testbed: ok
autopkgtest: DBG: testbed command ['chmod', '-R', '0755', '--', '/tmp/autopkgtest.heS0gE/autopkgtest-reboot'], kind short, sout raw, serr pipe, env []
autopkgtest: DBG: testbed command exited with code 0
autopkgtest: DBG: testbed command ['ln', '-fns', '/tmp/autopkgtest.heS0gE/autopkgtest-reboot', '/tmp/autopkgtest-reboot'], kind short, sout raw, serr pipe, env []
autopkgtest: DBG: testbed command exited with code 0
autopkgtest: DBG: testbed command ['ln', '-fns', '/tmp/autopkgtest.heS0gE/autopkgtest-reboot', '/sbin/autopkgtest-reboot'], kind short, sout raw, serr pipe, env []
autopkgtest: DBG: testbed command exited with code 0
autopkgtest: DBG: testbed command ['mkdir', '-p', '/tmp/autopkgtest.heS0gE'], kind short, sout raw, serr pipe, env []
autopkgtest: DBG: testbed command exited with code 0
autopkgtest: DBG: sending command to testbed: copydown /usr/share/autopkgtest/lib/in-testbed/reboot-prepare.sh /tmp/autopkgtest.heS0gE/autopkgtest-reboot-prepare
autopkgtest-virt-qemu: DBG: executing copydown /usr/share/autopkgtest/lib/in-testbed/reboot-prepare.sh /tmp/autopkgtest.heS0gE/autopkgtest-reboot-prepare
autopkgtest-virt-qemu: DBG: ['cmdls', "(['cat'], ['/tmp/autopkgtest-qemu.s4jl2vjq/runcmd', 'sh', '-ec', 'cat >/tmp/autopkgtest.heS0gE/autopkgtest-reboot-prepare; chmod +x -- /tmp/autopkgtest.heS0gE/autopkgtest-reboot-prepare'])"]
autopkgtest-virt-qemu: DBG: ['srcstdin', "<_io.BufferedReader name='/usr/share/autopkgtest/lib/in-testbed/reboot-prepare.sh'>", 'deststdout', "<_io.BufferedReader name='/dev/null'>", 'devnull_read', <_io.BufferedReader name='/dev/null'>]
autopkgtest-virt-qemu: DBG:  +< cat
autopkgtest-virt-qemu: DBG:  +> /tmp/autopkgtest-qemu.s4jl2vjq/runcmd sh -ec cat >/tmp/autopkgtest.heS0gE/autopkgtest-reboot-prepare; chmod +x -- /tmp/autopkgtest.heS0gE/autopkgtest-reboot-prepare
autopkgtest-virt-qemu: DBG:  +>?
autopkgtest-virt-qemu: DBG:  +<?
autopkgtest: DBG: got reply from testbed: ok
autopkgtest: DBG: testbed command ['chmod', '-R', '0755', '--', '/tmp/autopkgtest.heS0gE/autopkgtest-reboot-prepare'], kind short, sout raw, serr pipe, env []
autopkgtest: DBG: testbed command exited with code 0
autopkgtest: DBG: testbed command ['ln', '-fns', '/tmp/autopkgtest.heS0gE/autopkgtest-reboot-prepare', '/tmp/autopkgtest-reboot-prepare'], kind short, sout raw, serr pipe, env []
autopkgtest: DBG: testbed command exited with code 0
autopkgtest: DBG: testbed command ['uname', '-srv'], kind short, sout pipe, serr pipe, env []
autopkgtest: DBG: testbed command exited with code 0
autopkgtest: DBG: Binaries: no registered binaries, not publishing anything
autopkgtest: DBG: install_deps: deps_new=['libhash-merge-perl', 'pkg-perl-autopkgtest']
autopkgtest: DBG: install-deps: satisfying libhash-merge-perl, pkg-perl-autopkgtest
autopkgtest: DBG: install-deps: architecture resolved: libhash-merge-perl, pkg-perl-autopkgtest
autopkgtest: DBG: testbed command ['test', '-w', '/var/lib/dpkg/status'], kind short, sout raw, serr raw, env []
autopkgtest: DBG: testbed command exited with code 0
autopkgtest: DBG: can use apt-get on testbed: True
autopkgtest: DBG: testbed command ['mkdir', '-p', '/tmp/autopkgtest.heS0gE'], kind short, sout raw, serr pipe, env []
autopkgtest: DBG: testbed command exited with code 0
autopkgtest: DBG: sending command to testbed: copydown /home/minami/Documents/openkylin-riscv/test/libhash-merge-perl/2-autopkgtest-satdep.deb /tmp/autopkgtest.heS0gE/2-autopkgtest-satdep.deb
autopkgtest-virt-qemu: DBG: executing copydown /home/minami/Documents/openkylin-riscv/test/libhash-merge-perl/2-autopkgtest-satdep.deb /tmp/autopkgtest.heS0gE/2-autopkgtest-satdep.deb
autopkgtest-virt-qemu: DBG: ['cmdls', "(['cat'], ['/tmp/autopkgtest-qemu.s4jl2vjq/runcmd', 'sh', '-ec', 'cat >/tmp/autopkgtest.heS0gE/2-autopkgtest-satdep.deb'])"]
autopkgtest-virt-qemu: DBG: ['srcstdin', "<_io.BufferedReader name='/home/minami/Documents/openkylin-riscv/test/libhash-merge-perl/2-autopkgtest-satdep.deb'>", 'deststdout', "<_io.BufferedReader name='/dev/null'>", 'devnull_read', <_io.BufferedReader name='/dev/null'>]
autopkgtest-virt-qemu: DBG:  +< cat
autopkgtest-virt-qemu: DBG:  +> /tmp/autopkgtest-qemu.s4jl2vjq/runcmd sh -ec cat >/tmp/autopkgtest.heS0gE/2-autopkgtest-satdep.deb
autopkgtest-virt-qemu: DBG:  +>?
autopkgtest-virt-qemu: DBG:  +<?
autopkgtest: DBG: got reply from testbed: ok
autopkgtest: DBG: testbed command ['chown', '-R', 'openkylin', '--', '/tmp/autopkgtest.heS0gE/2-autopkgtest-satdep.deb'], kind short, sout raw, serr pipe, env []
autopkgtest: DBG: testbed command exited with code 0
autopkgtest: DBG: testbed command ['dpkg', '--unpack', '/tmp/autopkgtest.heS0gE/2-autopkgtest-satdep.deb'], kind short, sout pipe, serr pipe, env []
autopkgtest: DBG: testbed command exited with code 0
autopkgtest: DBG: testbed command ['/bin/sh', '-ec', ' apt-get install --assume-yes --fix-broken -o APT::Status-Fd=3 -o APT::Install-Recommends=false -o Dpkg::Options::=--force-confnew -o Debug::pkgProblemResolver=true 3>&2 2>&1'], kind install, sout raw, serr pipe, env ['DEBIAN_FRONTEND=noninteractive', 'APT_LISTBUGS_FRONTEND=none', 'APT_LISTCHANGES_FRONTEND=none']
Reading package lists...
Building dependency tree...
Reading state information...
Correcting dependencies...Starting pkgProblemResolver with broken count: 0
Starting 2 pkgProblemResolver with broken count: 0
Done
 Done
Starting pkgProblemResolver with broken count: 0
Starting 2 pkgProblemResolver with broken count: 0
Done
The following packages were automatically installed and are no longer required:
  libdjvulibre-text libdjvulibre21 libegl-dev libgl-dev libglu1-mesa-dev
  libglx-dev libmpdec2 libvulkan-dev libx11-dev libxau-dev libxcb1-dev
  libxdmcp-dev libxext-dev qt5-qmake qt5-qmake-bin x11proto-core-dev
  x11proto-dev xorg-sgml-doctools xtrans-dev
Use 'apt autoremove' to remove them.
The following additional packages will be installed:
  autodep8 dctrl-tools libclone-choose-perl libhash-merge-perl
  pkg-perl-autopkgtest
Suggested packages:
  debtags
Recommended packages:
  libmodule-runtime-perl libclone-perl | libclone-pp-perl
The following NEW packages will be installed:
  autodep8 dctrl-tools libclone-choose-perl libhash-merge-perl
  pkg-perl-autopkgtest
0 upgraded, 5 newly installed, 0 to remove and 18 not upgraded.
1 not fully installed or removed.
Need to get 93.1 kB of archives.
After this operation, 401 kB of additional disk space will be used.
Get:1 http://ppa.build.openkylin.top/kylinsoft/anything/openkylin yangtze/main riscv64 libclone-choose-perl all 0.010-ok1 [7,480 B]
Get:2 http://archive.build.openkylin.top/openkylin yangtze/main riscv64 libhash-merge-perl all 0.302-ok1 [11.8 kB]
Get:3 http://ppa.build.openkylin.top/kylinsoft/anything/openkylin yangtze/main riscv64 autodep8 all 0.22-ok1 [10.1 kB]
Get:4 http://ppa.build.openkylin.top/kylinsoft/anything/openkylin yangtze/main riscv64 pkg-perl-autopkgtest all 0.59-ok1 [8,208 B]
Get:5 http://archive.build.openkylin.top/openkylin yangtze/main riscv64 dctrl-tools riscv64 2.24-ok1 [55.6 kB]
Fetched 93.1 kB in 1s (177 kB/s)
Selecting previously unselected package libclone-choose-perl.
(Reading database ... (Reading database ... 5%(Reading database ... 10%(Reading database ... 15%(Reading database ... 20%(Reading database ... 25%(Reading database ... 30%(Reading database ... 35%(Reading database ... 40%(Reading database ... 45%(Reading database ... 50%(Reading database ... 55%(Reading database ... 60%(Reading database ... 65%(Reading database ... 70%(Reading database ... 75%(Reading database ... 80%(Reading database ... 85%(Reading database ... 90%(Reading database ... 95%(Reading database ... 100%(Reading database ... 161111 files and directories currently installed.)
Preparing to unpack .../libclone-choose-perl_0.010-ok1_all.deb ...
Unpacking libclone-choose-perl (0.010-ok1) ...
Selecting previously unselected package libhash-merge-perl.
Preparing to unpack .../libhash-merge-perl_0.302-ok1_all.deb ...
Unpacking libhash-merge-perl (0.302-ok1) ...
Selecting previously unselected package dctrl-tools.
Preparing to unpack .../dctrl-tools_2.24-ok1_riscv64.deb ...
Unpacking dctrl-tools (2.24-ok1) ...
Selecting previously unselected package autodep8.
Preparing to unpack .../autodep8_0.22-ok1_all.deb ...
Unpacking autodep8 (0.22-ok1) ...
Selecting previously unselected package pkg-perl-autopkgtest.
Preparing to unpack .../pkg-perl-autopkgtest_0.59-ok1_all.deb ...
Unpacking pkg-perl-autopkgtest (0.59-ok1) ...
Setting up libclone-choose-perl (0.010-ok1) ...
Setting up dctrl-tools (2.24-ok1) ...
Setting up autodep8 (0.22-ok1) ...
Setting up libhash-merge-perl (0.302-ok1) ...
Setting up pkg-perl-autopkgtest (0.59-ok1) ...
Setting up autopkgtest-satdep (0) ...
Processing triggers for man-db (2.9.1-ok3) ...
autopkgtest: DBG: testbed command exited with code 0
autopkgtest: DBG: testbed command ['dpkg-query', '--show', '-f', '${Status}', 'libhash-merge-perl'], kind short, sout pipe, serr pipe, env []
autopkgtest: DBG: testbed command exited with code 0
autopkgtest: DBG: testbed command ['dpkg', '--status', 'autopkgtest-satdep'], kind short, sout pipe, serr pipe, env []
autopkgtest: DBG: testbed command exited with code 0
autopkgtest: DBG: testbed command ['apt-get', '--simulate', '--quiet', '-o', 'APT::Get::Show-User-Simulation-Note=False', '--auto-remove', 'purge', 'autopkgtest-satdep'], kind short, sout pipe, serr pipe, env []
autopkgtest: DBG: testbed command exited with code 0
autopkgtest: DBG: Marking test dependencies as manually installed: pkg-perl-autopkgtest autodep8 dctrl-tools libhash-merge-perl libclone-choose-perl libdjvulibre21 libdjvulibre-text libegl-dev libglu1-mesa-dev libgl-dev libglx-dev libmpdec2 libvulkan-dev libxext-dev libx11-dev libxcb1-dev libxau-dev libxdmcp-dev qt5-qmake qt5-qmake-bin x11proto-core-dev x11proto-dev xorg-sgml-doctools xtrans-dev
autopkgtest: DBG: testbed command ['apt-mark', 'manual', '-qq', 'pkg-perl-autopkgtest', 'autodep8', 'dctrl-tools', 'libhash-merge-perl', 'libclone-choose-perl', 'libdjvulibre21', 'libdjvulibre-text', 'libegl-dev', 'libglu1-mesa-dev', 'libgl-dev', 'libglx-dev', 'libmpdec2', 'libvulkan-dev', 'libxext-dev', 'libx11-dev', 'libxcb1-dev', 'libxau-dev', 'libxdmcp-dev', 'qt5-qmake', 'qt5-qmake-bin'], kind short, sout raw, serr pipe, env []
autopkgtest: DBG: testbed command exited with code 0
autopkgtest: DBG: testbed command ['apt-mark', 'manual', '-qq', 'x11proto-core-dev', 'x11proto-dev', 'xorg-sgml-doctools', 'xtrans-dev'], kind short, sout raw, serr pipe, env []
autopkgtest: DBG: testbed command exited with code 0
autopkgtest: DBG: testbed command ['dpkg', '--purge', 'autopkgtest-satdep'], kind short, sout raw, serr raw, env []
(Reading database ... 161200 files and directories currently installed.)
Removing autopkgtest-satdep (0) ...
autopkgtest: DBG: testbed command exited with code 0
autopkgtest: DBG: testbed command ['sh', '-ec', 'command -v dpkg-query'], kind short, sout pipe, serr pipe, env []
autopkgtest: DBG: testbed command exited with code 0
autopkgtest: DBG: testbed command ['sh', '-ec', "dpkg-query --show -f '${Package}\\t${Version}\\n' > /tmp/autopkgtest.heS0gE/autodep8-perl-packages.all"], kind short, sout raw, serr pipe, env []
autopkgtest: DBG: testbed command exited with code 0
autopkgtest: DBG: sending command to testbed: copyup /tmp/autopkgtest.heS0gE/autodep8-perl-packages.all /home/minami/Documents/openkylin-riscv/test/libhash-merge-perl/autodep8-perl-packages.all
autopkgtest-virt-qemu: DBG: executing copyup /tmp/autopkgtest.heS0gE/autodep8-perl-packages.all /home/minami/Documents/openkylin-riscv/test/libhash-merge-perl/autodep8-perl-packages.all
autopkgtest-virt-qemu: DBG: ['cmdls', "(['/tmp/autopkgtest-qemu.s4jl2vjq/runcmd', 'sh', '-ec', 'cat </tmp/autopkgtest.heS0gE/autodep8-perl-packages.all'], ['cat'])"]
autopkgtest-virt-qemu: DBG: ['srcstdin', "<_io.BufferedReader name='/dev/null'>", 'deststdout', "<_io.BufferedWriter name='/home/minami/Documents/openkylin-riscv/test/libhash-merge-perl/autodep8-perl-packages.all'>", 'devnull_read', <_io.BufferedReader name='/dev/null'>]
autopkgtest-virt-qemu: DBG:  +< /tmp/autopkgtest-qemu.s4jl2vjq/runcmd sh -ec cat </tmp/autopkgtest.heS0gE/autodep8-perl-packages.all
autopkgtest-virt-qemu: DBG:  +> cat
autopkgtest-virt-qemu: DBG:  +>?
autopkgtest-virt-qemu: DBG:  +<?
autopkgtest: DBG: got reply from testbed: ok
autopkgtest: DBG: testbed command ['test', '-e', '/tmp/autopkgtest.heS0gE/build.piY/src'], kind short, sout raw, serr raw, env []
autopkgtest: DBG: testbed command exited with code 1
autopkgtest: DBG: testbed command ['mkdir', '-p', '/tmp/autopkgtest.heS0gE/build.piY'], kind short, sout raw, serr pipe, env []
autopkgtest: DBG: testbed command exited with code 0
autopkgtest: DBG: sending command to testbed: copydown /home/minami/Documents/openkylin-riscv/test/libhash-merge-perl/tests-tree/ /tmp/autopkgtest.heS0gE/build.piY/src/
autopkgtest-virt-qemu: DBG: executing copydown /home/minami/Documents/openkylin-riscv/test/libhash-merge-perl/tests-tree/ /tmp/autopkgtest.heS0gE/build.piY/src/
autopkgtest-virt-qemu: DBG: ['cmdls', "(['tar', '--directory', '/home/minami/Documents/openkylin-riscv/test/libhash-merge-perl/tests-tree/', '--warning=none', '-c', '.', '-f', '-'], ['/tmp/autopkgtest-qemu.s4jl2vjq/runcmd', 'sh', '-ec', 'if ! test -d /tmp/autopkgtest.heS0gE/build.piY/src/; then mkdir -- /tmp/autopkgtest.heS0gE/build.piY/src/; fi; cd /tmp/autopkgtest.heS0gE/build.piY/src/; tar --warning=none --preserve-permissions --extract --no-same-owner -f -'])"]
autopkgtest-virt-qemu: DBG: ['srcstdin', "<_io.BufferedReader name='/dev/null'>", 'deststdout', "<_io.BufferedReader name='/dev/null'>", 'devnull_read', <_io.BufferedReader name='/dev/null'>]
autopkgtest-virt-qemu: DBG:  +< tar --directory /home/minami/Documents/openkylin-riscv/test/libhash-merge-perl/tests-tree/ --warning=none -c . -f -
autopkgtest-virt-qemu: DBG:  +> /tmp/autopkgtest-qemu.s4jl2vjq/runcmd sh -ec if ! test -d /tmp/autopkgtest.heS0gE/build.piY/src/; then mkdir -- /tmp/autopkgtest.heS0gE/build.piY/src/; fi; cd /tmp/autopkgtest.heS0gE/build.piY/src/; tar --warning=none --preserve-permissions --extract --no-same-owner -f -
autopkgtest-virt-qemu: DBG:  +>?
autopkgtest-virt-qemu: DBG:  +<?
autopkgtest: DBG: got reply from testbed: ok
autopkgtest: DBG: testbed command ['chown', '-R', 'openkylin', '--', '/tmp/autopkgtest.heS0gE/build.piY/src'], kind short, sout raw, serr pipe, env []
autopkgtest: DBG: testbed command exited with code 0
autopkgtest [12:39:28]: test autodep8-perl: /usr/share/pkg-perl-autopkgtest/runner runtime-deps
autopkgtest [12:39:28]: test autodep8-perl: [-----------------------
autopkgtest: DBG: testbed command ['su', '-s', '/bin/bash', 'openkylin', '-c', 'set -e; export USER=`id -nu`; . /etc/profile >/dev/null 2>&1 || true;  . ~/.profile >/dev/null 2>&1 || true; buildtree="/tmp/autopkgtest.heS0gE/build.piY/src"; mkdir -p -m 1777 -- "/tmp/autopkgtest.heS0gE/autodep8-perl-artifacts"; export AUTOPKGTEST_ARTIFACTS="/tmp/autopkgtest.heS0gE/autodep8-perl-artifacts"; export ADT_ARTIFACTS="$AUTOPKGTEST_ARTIFACTS"; mkdir -p -m 755 "/tmp/autopkgtest.heS0gE/autopkgtest_tmp"; export AUTOPKGTEST_TMP="/tmp/autopkgtest.heS0gE/autopkgtest_tmp"; export ADTTMP="$AUTOPKGTEST_TMP"; export DEBIAN_FRONTEND=noninteractive; export LANG=C.UTF-8; export DEB_BUILD_OPTIONS=parallel=8; unset LANGUAGE LC_CTYPE LC_NUMERIC LC_TIME LC_COLLATE   LC_MONETARY LC_MESSAGES LC_PAPER LC_NAME LC_ADDRESS   LC_TELEPHONE LC_MEASUREMENT LC_IDENTIFICATION LC_ALL;cd "$buildtree"; exec /tmp/autopkgtest.heS0gE/wrapper.sh --script-pid-file=/tmp/autopkgtest_script_pid --stderr=/tmp/autopkgtest.heS0gE/autodep8-perl-stderr --stdout=/tmp/autopkgtest.heS0gE/autodep8-perl-stdout -- bash -ec \'/usr/share/pkg-perl-autopkgtest/runner runtime-deps\' ;'], kind test, sout raw, serr raw, env []
/usr/share/pkg-perl-autopkgtest/runtime-deps.d/use.t .. 
1..4
ok 1 -  /usr/bin/perl -w -M"Hash::Merge" -e 1 2>&1 exited successfully
ok 2 -  /usr/bin/perl -w -M"Hash::Merge" -e 1 2>&1 produced no (non-whitelisted) output
ok 3 - env PERL_DL_NONLAZY=1  /usr/bin/perl -w -M"Hash::Merge" -e 1 2>&1 exited successfully
ok 4 - env PERL_DL_NONLAZY=1  /usr/bin/perl -w -M"Hash::Merge" -e 1 2>&1 produced no (non-whitelisted) output
ok
All tests successful.
Files=1, Tests=4,  3 wallclock secs ( 0.22 usr  0.10 sys +  1.92 cusr  0.54 csys =  2.78 CPU)
Result: PASS
autopkgtest: DBG: testbed command exited with code 0
autopkgtest [12:39:36]: test autodep8-perl: -----------------------]
autopkgtest: DBG: testbed executing test finished with exit status 0
autopkgtest: DBG: sending command to testbed: copyup /tmp/autopkgtest.heS0gE/autodep8-perl-stdout /home/minami/Documents/openkylin-riscv/test/libhash-merge-perl/autodep8-perl-stdout
autopkgtest-virt-qemu: DBG: executing copyup /tmp/autopkgtest.heS0gE/autodep8-perl-stdout /home/minami/Documents/openkylin-riscv/test/libhash-merge-perl/autodep8-perl-stdout
autopkgtest-virt-qemu: DBG: ['cmdls', "(['/tmp/autopkgtest-qemu.s4jl2vjq/runcmd', 'sh', '-ec', 'cat </tmp/autopkgtest.heS0gE/autodep8-perl-stdout'], ['cat'])"]
autopkgtest-virt-qemu: DBG: ['srcstdin', "<_io.BufferedReader name='/dev/null'>", 'deststdout', "<_io.BufferedWriter name='/home/minami/Documents/openkylin-riscv/test/libhash-merge-perl/autodep8-perl-stdout'>", 'devnull_read', <_io.BufferedReader name='/dev/null'>]
autopkgtest-virt-qemu: DBG:  +< /tmp/autopkgtest-qemu.s4jl2vjq/runcmd sh -ec cat </tmp/autopkgtest.heS0gE/autodep8-perl-stdout
autopkgtest-virt-qemu: DBG:  +> cat
autopkgtest-virt-qemu: DBG:  +>?
autopkgtest-virt-qemu: DBG:  +<?
autopkgtest: DBG: got reply from testbed: ok
autopkgtest: DBG: sending command to testbed: copyup /tmp/autopkgtest.heS0gE/autodep8-perl-stderr /home/minami/Documents/openkylin-riscv/test/libhash-merge-perl/autodep8-perl-stderr
autopkgtest-virt-qemu: DBG: executing copyup /tmp/autopkgtest.heS0gE/autodep8-perl-stderr /home/minami/Documents/openkylin-riscv/test/libhash-merge-perl/autodep8-perl-stderr
autopkgtest-virt-qemu: DBG: ['cmdls', "(['/tmp/autopkgtest-qemu.s4jl2vjq/runcmd', 'sh', '-ec', 'cat </tmp/autopkgtest.heS0gE/autodep8-perl-stderr'], ['cat'])"]
autopkgtest-virt-qemu: DBG: ['srcstdin', "<_io.BufferedReader name='/dev/null'>", 'deststdout', "<_io.BufferedWriter name='/home/minami/Documents/openkylin-riscv/test/libhash-merge-perl/autodep8-perl-stderr'>", 'devnull_read', <_io.BufferedReader name='/dev/null'>]
autopkgtest-virt-qemu: DBG:  +< /tmp/autopkgtest-qemu.s4jl2vjq/runcmd sh -ec cat </tmp/autopkgtest.heS0gE/autodep8-perl-stderr
autopkgtest-virt-qemu: DBG:  +> cat
autopkgtest-virt-qemu: DBG:  +>?
autopkgtest-virt-qemu: DBG:  +<?
autopkgtest: DBG: got reply from testbed: ok
autopkgtest [12:39:37]: test autodep8-perl:  - - - - - - - - - - results - - - - - - - - - -
autodep8-perl        PASS (superficial)
autopkgtest: DBG: sending command to testbed: copyup /tmp/autopkgtest.heS0gE/autodep8-perl-artifacts/ /home/minami/Documents/openkylin-riscv/test/libhash-merge-perl/artifacts/
autopkgtest-virt-qemu: DBG: executing copyup /tmp/autopkgtest.heS0gE/autodep8-perl-artifacts/ /home/minami/Documents/openkylin-riscv/test/libhash-merge-perl/artifacts/
autopkgtest-virt-qemu: DBG: ['cmdls', "(['/tmp/autopkgtest-qemu.s4jl2vjq/runcmd', 'sh', '-ec', 'cd /tmp/autopkgtest.heS0gE/autodep8-perl-artifacts/; tar --warning=none -c . -f -'], ['tar', '--directory', '/home/minami/Documents/openkylin-riscv/test/libhash-merge-perl/artifacts/', '--warning=none', '--preserve-permissions', '--extract', '--no-same-owner', '-f', '-'])"]
autopkgtest-virt-qemu: DBG: ['srcstdin', "<_io.BufferedReader name='/dev/null'>", 'deststdout', "<_io.BufferedReader name='/dev/null'>", 'devnull_read', <_io.BufferedReader name='/dev/null'>]
autopkgtest-virt-qemu: DBG:  +< /tmp/autopkgtest-qemu.s4jl2vjq/runcmd sh -ec cd /tmp/autopkgtest.heS0gE/autodep8-perl-artifacts/; tar --warning=none -c . -f -
autopkgtest-virt-qemu: DBG:  +> tar --directory /home/minami/Documents/openkylin-riscv/test/libhash-merge-perl/artifacts/ --warning=none --preserve-permissions --extract --no-same-owner -f -
autopkgtest-virt-qemu: DBG:  +>?
autopkgtest-virt-qemu: DBG:  +<?
autopkgtest: DBG: got reply from testbed: ok
autopkgtest: DBG: testbed command ['rm', '-rf', '/tmp/autopkgtest.heS0gE/autodep8-perl-artifacts', '/tmp/autopkgtest.heS0gE/autopkgtest_tmp'], kind short, sout raw, serr pipe, env []
autopkgtest: DBG: testbed command exited with code 0
autopkgtest [12:39:38]: test autodep8-perl-recommends: preparing testbed
autopkgtest: DBG: testbed reset: modified=False, deps_installed=['libhash-merge-perl', 'pkg-perl-autopkgtest'], deps_new=['libhash-merge-perl', 'pkg-perl-autopkgtest']
autopkgtest: DBG: Binaries: no registered binaries, not publishing anything
autopkgtest: DBG: install_deps: deps_new=['libhash-merge-perl', 'pkg-perl-autopkgtest']
autopkgtest: DBG: install-deps: satisfying libhash-merge-perl, pkg-perl-autopkgtest
autopkgtest: DBG: install-deps: architecture resolved: libhash-merge-perl, pkg-perl-autopkgtest
autopkgtest: DBG: testbed command ['test', '-w', '/var/lib/dpkg/status'], kind short, sout raw, serr raw, env []
autopkgtest: DBG: testbed command exited with code 0
autopkgtest: DBG: can use apt-get on testbed: True
autopkgtest: DBG: testbed command ['mkdir', '-p', '/tmp/autopkgtest.heS0gE'], kind short, sout raw, serr pipe, env []
autopkgtest: DBG: testbed command exited with code 0
autopkgtest: DBG: sending command to testbed: copydown /home/minami/Documents/openkylin-riscv/test/libhash-merge-perl/3-autopkgtest-satdep.deb /tmp/autopkgtest.heS0gE/3-autopkgtest-satdep.deb
autopkgtest-virt-qemu: DBG: executing copydown /home/minami/Documents/openkylin-riscv/test/libhash-merge-perl/3-autopkgtest-satdep.deb /tmp/autopkgtest.heS0gE/3-autopkgtest-satdep.deb
autopkgtest-virt-qemu: DBG: ['cmdls', "(['cat'], ['/tmp/autopkgtest-qemu.s4jl2vjq/runcmd', 'sh', '-ec', 'cat >/tmp/autopkgtest.heS0gE/3-autopkgtest-satdep.deb'])"]
autopkgtest-virt-qemu: DBG: ['srcstdin', "<_io.BufferedReader name='/home/minami/Documents/openkylin-riscv/test/libhash-merge-perl/3-autopkgtest-satdep.deb'>", 'deststdout', "<_io.BufferedReader name='/dev/null'>", 'devnull_read', <_io.BufferedReader name='/dev/null'>]
autopkgtest-virt-qemu: DBG:  +< cat
autopkgtest-virt-qemu: DBG:  +> /tmp/autopkgtest-qemu.s4jl2vjq/runcmd sh -ec cat >/tmp/autopkgtest.heS0gE/3-autopkgtest-satdep.deb
autopkgtest-virt-qemu: DBG:  +>?
autopkgtest-virt-qemu: DBG:  +<?
autopkgtest: DBG: got reply from testbed: ok
autopkgtest: DBG: testbed command ['chown', '-R', 'openkylin', '--', '/tmp/autopkgtest.heS0gE/3-autopkgtest-satdep.deb'], kind short, sout raw, serr pipe, env []
autopkgtest: DBG: testbed command exited with code 0
autopkgtest: DBG: testbed command ['dpkg', '--unpack', '/tmp/autopkgtest.heS0gE/3-autopkgtest-satdep.deb'], kind short, sout pipe, serr pipe, env []
autopkgtest: DBG: testbed command exited with code 0
autopkgtest: DBG: testbed command ['/bin/sh', '-ec', ' apt-get install --assume-yes --fix-broken -o APT::Status-Fd=3 -o APT::Install-Recommends=false -o Dpkg::Options::=--force-confnew -o Debug::pkgProblemResolver=true 3>&2 2>&1'], kind install, sout raw, serr pipe, env ['DEBIAN_FRONTEND=noninteractive', 'APT_LISTBUGS_FRONTEND=none', 'APT_LISTCHANGES_FRONTEND=none']
Reading package lists...
Building dependency tree...
Reading state information...
Starting pkgProblemResolver with broken count: 0
Starting 2 pkgProblemResolver with broken count: 0
Done
0 upgraded, 0 newly installed, 0 to remove and 18 not upgraded.
1 not fully installed or removed.
After this operation, 0 B of additional disk space will be used.
Setting up autopkgtest-satdep (0) ...
autopkgtest: DBG: testbed command exited with code 0
autopkgtest: DBG: testbed command ['dpkg-query', '--show', '-f', '${Status}', 'libhash-merge-perl'], kind short, sout pipe, serr pipe, env []
autopkgtest: DBG: testbed command exited with code 0
autopkgtest: DBG: testbed command ['dpkg', '--status', 'autopkgtest-satdep'], kind short, sout pipe, serr pipe, env []
autopkgtest: DBG: testbed command exited with code 0
autopkgtest: DBG: testbed command ['apt-get', '--simulate', '--quiet', '-o', 'APT::Get::Show-User-Simulation-Note=False', '--auto-remove', 'purge', 'autopkgtest-satdep'], kind short, sout pipe, serr pipe, env []
autopkgtest: DBG: testbed command exited with code 0
autopkgtest: DBG: testbed command ['dpkg', '--purge', 'autopkgtest-satdep'], kind short, sout raw, serr raw, env []
(Reading database ... 161200 files and directories currently installed.)
Removing autopkgtest-satdep (0) ...
autopkgtest: DBG: testbed command exited with code 0
autopkgtest: DBG: testbed command ['sh', '-ec', 'command -v dpkg-query'], kind short, sout pipe, serr pipe, env []
autopkgtest: DBG: testbed command exited with code 0
autopkgtest: DBG: testbed command ['sh', '-ec', "dpkg-query --show -f '${Package}\\t${Version}\\n' > /tmp/autopkgtest.heS0gE/autodep8-perl-recommends-packages.all"], kind short, sout raw, serr pipe, env []
autopkgtest: DBG: testbed command exited with code 0
autopkgtest: DBG: sending command to testbed: copyup /tmp/autopkgtest.heS0gE/autodep8-perl-recommends-packages.all /home/minami/Documents/openkylin-riscv/test/libhash-merge-perl/autodep8-perl-recommends-packages.all
autopkgtest-virt-qemu: DBG: executing copyup /tmp/autopkgtest.heS0gE/autodep8-perl-recommends-packages.all /home/minami/Documents/openkylin-riscv/test/libhash-merge-perl/autodep8-perl-recommends-packages.all
autopkgtest-virt-qemu: DBG: ['cmdls', "(['/tmp/autopkgtest-qemu.s4jl2vjq/runcmd', 'sh', '-ec', 'cat </tmp/autopkgtest.heS0gE/autodep8-perl-recommends-packages.all'], ['cat'])"]
autopkgtest-virt-qemu: DBG: ['srcstdin', "<_io.BufferedReader name='/dev/null'>", 'deststdout', "<_io.BufferedWriter name='/home/minami/Documents/openkylin-riscv/test/libhash-merge-perl/autodep8-perl-recommends-packages.all'>", 'devnull_read', <_io.BufferedReader name='/dev/null'>]
autopkgtest-virt-qemu: DBG:  +< /tmp/autopkgtest-qemu.s4jl2vjq/runcmd sh -ec cat </tmp/autopkgtest.heS0gE/autodep8-perl-recommends-packages.all
autopkgtest-virt-qemu: DBG:  +> cat
autopkgtest-virt-qemu: DBG:  +>?
autopkgtest-virt-qemu: DBG:  +<?
autopkgtest: DBG: got reply from testbed: ok
autopkgtest: DBG: testbed command ['test', '-e', '/tmp/autopkgtest.heS0gE/build.piY/src'], kind short, sout raw, serr raw, env []
autopkgtest: DBG: testbed command exited with code 0
autopkgtest: DBG: copydown: tb path /tmp/autopkgtest.heS0gE/build.piY/src already exists
autopkgtest [12:40:01]: test autodep8-perl-recommends: /usr/share/pkg-perl-autopkgtest/runner runtime-deps-and-recommends
autopkgtest [12:40:01]: test autodep8-perl-recommends: [-----------------------
autopkgtest: DBG: testbed command ['su', '-s', '/bin/bash', 'openkylin', '-c', 'set -e; export USER=`id -nu`; . /etc/profile >/dev/null 2>&1 || true;  . ~/.profile >/dev/null 2>&1 || true; buildtree="/tmp/autopkgtest.heS0gE/build.piY/src"; mkdir -p -m 1777 -- "/tmp/autopkgtest.heS0gE/autodep8-perl-recommends-artifacts"; export AUTOPKGTEST_ARTIFACTS="/tmp/autopkgtest.heS0gE/autodep8-perl-recommends-artifacts"; export ADT_ARTIFACTS="$AUTOPKGTEST_ARTIFACTS"; mkdir -p -m 755 "/tmp/autopkgtest.heS0gE/autopkgtest_tmp"; export AUTOPKGTEST_TMP="/tmp/autopkgtest.heS0gE/autopkgtest_tmp"; export ADTTMP="$AUTOPKGTEST_TMP"; export DEBIAN_FRONTEND=noninteractive; export LANG=C.UTF-8; export DEB_BUILD_OPTIONS=parallel=8; unset LANGUAGE LC_CTYPE LC_NUMERIC LC_TIME LC_COLLATE   LC_MONETARY LC_MESSAGES LC_PAPER LC_NAME LC_ADDRESS   LC_TELEPHONE LC_MEASUREMENT LC_IDENTIFICATION LC_ALL;cd "$buildtree"; exec /tmp/autopkgtest.heS0gE/wrapper.sh --script-pid-file=/tmp/autopkgtest_script_pid --stderr=/tmp/autopkgtest.heS0gE/autodep8-perl-recommends-stderr --stdout=/tmp/autopkgtest.heS0gE/autodep8-perl-recommends-stdout -- bash -ec \'/usr/share/pkg-perl-autopkgtest/runner runtime-deps-and-recommends\' ;'], kind test, sout raw, serr raw, env []
/usr/share/pkg-perl-autopkgtest/runtime-deps-and-recommends.d/syntax.t .. 
1..4
ok 1 - Package libhash-merge-perl is known to dpkg
ok 2 - Got status information for package libhash-merge-perl
ok 3 - Got file list for package libhash-merge-perl
# Subtest: all modules in libhash-merge-perl pass the syntax check
    1..1
    # Name "Hash::Merge::specify_behavior" used only once: possible typo at /usr/share/perl5/Hash/Merge.pm line 181.
    ok 1 - /usr/bin/perl -wc /usr/share/perl5/Hash/Merge.pm exited successfully
ok 4 - all modules in libhash-merge-perl pass the syntax check
ok
All tests successful.
Files=1, Tests=4,  2 wallclock secs ( 0.24 usr  0.08 sys +  1.55 cusr  0.62 csys =  2.49 CPU)
Result: PASS
autopkgtest: DBG: testbed command exited with code 0
autopkgtest [12:40:08]: test autodep8-perl-recommends: -----------------------]
autopkgtest: DBG: testbed executing test finished with exit status 0
autopkgtest: DBG: sending command to testbed: copyup /tmp/autopkgtest.heS0gE/autodep8-perl-recommends-stdout /home/minami/Documents/openkylin-riscv/test/libhash-merge-perl/autodep8-perl-recommends-stdout
autopkgtest-virt-qemu: DBG: executing copyup /tmp/autopkgtest.heS0gE/autodep8-perl-recommends-stdout /home/minami/Documents/openkylin-riscv/test/libhash-merge-perl/autodep8-perl-recommends-stdout
autopkgtest-virt-qemu: DBG: ['cmdls', "(['/tmp/autopkgtest-qemu.s4jl2vjq/runcmd', 'sh', '-ec', 'cat </tmp/autopkgtest.heS0gE/autodep8-perl-recommends-stdout'], ['cat'])"]
autopkgtest-virt-qemu: DBG: ['srcstdin', "<_io.BufferedReader name='/dev/null'>", 'deststdout', "<_io.BufferedWriter name='/home/minami/Documents/openkylin-riscv/test/libhash-merge-perl/autodep8-perl-recommends-stdout'>", 'devnull_read', <_io.BufferedReader name='/dev/null'>]
autopkgtest-virt-qemu: DBG:  +< /tmp/autopkgtest-qemu.s4jl2vjq/runcmd sh -ec cat </tmp/autopkgtest.heS0gE/autodep8-perl-recommends-stdout
autopkgtest-virt-qemu: DBG:  +> cat
autopkgtest-virt-qemu: DBG:  +>?
autopkgtest-virt-qemu: DBG:  +<?
autopkgtest: DBG: got reply from testbed: ok
autopkgtest: DBG: sending command to testbed: copyup /tmp/autopkgtest.heS0gE/autodep8-perl-recommends-stderr /home/minami/Documents/openkylin-riscv/test/libhash-merge-perl/autodep8-perl-recommends-stderr
autopkgtest-virt-qemu: DBG: executing copyup /tmp/autopkgtest.heS0gE/autodep8-perl-recommends-stderr /home/minami/Documents/openkylin-riscv/test/libhash-merge-perl/autodep8-perl-recommends-stderr
autopkgtest-virt-qemu: DBG: ['cmdls', "(['/tmp/autopkgtest-qemu.s4jl2vjq/runcmd', 'sh', '-ec', 'cat </tmp/autopkgtest.heS0gE/autodep8-perl-recommends-stderr'], ['cat'])"]
autopkgtest-virt-qemu: DBG: ['srcstdin', "<_io.BufferedReader name='/dev/null'>", 'deststdout', "<_io.BufferedWriter name='/home/minami/Documents/openkylin-riscv/test/libhash-merge-perl/autodep8-perl-recommends-stderr'>", 'devnull_read', <_io.BufferedReader name='/dev/null'>]
autopkgtest-virt-qemu: DBG:  +< /tmp/autopkgtest-qemu.s4jl2vjq/runcmd sh -ec cat </tmp/autopkgtest.heS0gE/autodep8-perl-recommends-stderr
autopkgtest-virt-qemu: DBG:  +> cat
autopkgtest-virt-qemu: DBG:  +>?
autopkgtest-virt-qemu: DBG:  +<?
autopkgtest: DBG: got reply from testbed: ok
autopkgtest [12:40:09]: test autodep8-perl-recommends:  - - - - - - - - - - results - - - - - - - - - -
autodep8-perl-recommends PASS (superficial)
autopkgtest: DBG: sending command to testbed: copyup /tmp/autopkgtest.heS0gE/autodep8-perl-recommends-artifacts/ /home/minami/Documents/openkylin-riscv/test/libhash-merge-perl/artifacts/
autopkgtest-virt-qemu: DBG: executing copyup /tmp/autopkgtest.heS0gE/autodep8-perl-recommends-artifacts/ /home/minami/Documents/openkylin-riscv/test/libhash-merge-perl/artifacts/
autopkgtest-virt-qemu: DBG: ['cmdls', "(['/tmp/autopkgtest-qemu.s4jl2vjq/runcmd', 'sh', '-ec', 'cd /tmp/autopkgtest.heS0gE/autodep8-perl-recommends-artifacts/; tar --warning=none -c . -f -'], ['tar', '--directory', '/home/minami/Documents/openkylin-riscv/test/libhash-merge-perl/artifacts/', '--warning=none', '--preserve-permissions', '--extract', '--no-same-owner', '-f', '-'])"]
autopkgtest-virt-qemu: DBG: ['srcstdin', "<_io.BufferedReader name='/dev/null'>", 'deststdout', "<_io.BufferedReader name='/dev/null'>", 'devnull_read', <_io.BufferedReader name='/dev/null'>]
autopkgtest-virt-qemu: DBG:  +< /tmp/autopkgtest-qemu.s4jl2vjq/runcmd sh -ec cd /tmp/autopkgtest.heS0gE/autodep8-perl-recommends-artifacts/; tar --warning=none -c . -f -
autopkgtest-virt-qemu: DBG:  +> tar --directory /home/minami/Documents/openkylin-riscv/test/libhash-merge-perl/artifacts/ --warning=none --preserve-permissions --extract --no-same-owner -f -
autopkgtest-virt-qemu: DBG:  +>?
autopkgtest-virt-qemu: DBG:  +<?
autopkgtest: DBG: got reply from testbed: ok
autopkgtest: DBG: testbed command ['rm', '-rf', '/tmp/autopkgtest.heS0gE/autodep8-perl-recommends-artifacts', '/tmp/autopkgtest.heS0gE/autopkgtest_tmp'], kind short, sout raw, serr pipe, env []
autopkgtest: DBG: testbed command exited with code 0
autopkgtest: DBG: needs_reset, previously=False, requested by run_tests() line 208
autopkgtest [12:40:10]: @@@@@@@@@@@@@@@@@@@@ summary
autodep8-perl-build-deps PASS
autodep8-perl        PASS (superficial)
autodep8-perl-recommends PASS (superficial)
autopkgtest: DBG: testbed stop
autopkgtest: DBG: testbed close, scratch=/tmp/autopkgtest.heS0gE
autopkgtest: DBG: sending command to testbed: close
autopkgtest-virt-qemu: DBG: executing close
autopkgtest-virt-qemu: DBG: cleanup...
qemu-system-riscv64: terminating on signal 15 from pid 3968786 (/usr/bin/python3)
autopkgtest: DBG: got reply from testbed: ok
autopkgtest: DBG: sending command to testbed: quit
autopkgtest-virt-qemu: DBG: executing quit
autopkgtest-virt-qemu: DBG: cleanup...
