t/10basic.t ................. 
1..7
# Running under perl version 5.030000 for linux
# Current time local: Thu Feb 16 11:19:44 2023
# Current time GMT:   Thu Feb 16 11:19:44 2023
# Using Test.pm version 1.31
ok 1
ok 2
ok 3
ok 4
ok 5
ok 6
ok 7
ok
t/11keywords.t .............. 
# check if all keywords.h have @Symbols or @Barewords
ok 1 - keyword: NULL
ok 2 - keyword: __FILE__
ok 3 - keyword: __LINE__
ok 4 - keyword: __PACKAGE__
ok 5 - keyword: __DATA__
ok 6 - keyword: __END__
ok 7 - keyword: __SUB__
ok 8 - keyword: AUTOLOAD
ok 9 - keyword: BEGIN
ok 10 - keyword: UNITCHECK
ok 11 - keyword: DESTROY
ok 12 - keyword: END
ok 13 - keyword: INIT
ok 14 - keyword: CHECK
ok 15 - keyword: abs
ok 16 - keyword: accept
ok 17 - keyword: alarm
ok 18 - keyword: and
ok 19 - keyword: atan2
ok 20 - keyword: bind
ok 21 - keyword: binmode
ok 22 - keyword: bless
ok 23 - keyword: break
ok 24 - keyword: caller
ok 25 - keyword: chdir
ok 26 - keyword: chmod
ok 27 - keyword: chomp
ok 28 - keyword: chop
ok 29 - keyword: chown
ok 30 - keyword: chr
ok 31 - keyword: chroot
ok 32 - keyword: close
ok 33 - keyword: closedir
ok 34 - keyword: cmp
ok 35 - keyword: connect
ok 36 - keyword: continue
ok 37 - keyword: cos
ok 38 - keyword: crypt
ok 39 - keyword: dbmclose
ok 40 - keyword: dbmopen
ok 41 - keyword: default
ok 42 - keyword: defined
ok 43 - keyword: delete
ok 44 - keyword: die
ok 45 - keyword: do
ok 46 - keyword: dump
ok 47 - keyword: each
ok 48 - keyword: else
ok 49 - keyword: elsif
ok 50 - keyword: endgrent
ok 51 - keyword: endhostent
ok 52 - keyword: endnetent
ok 53 - keyword: endprotoent
ok 54 - keyword: endpwent
ok 55 - keyword: endservent
ok 56 - keyword: eof
ok 57 - keyword: eq
ok 58 - keyword: eval
ok 59 - keyword: evalbytes
ok 60 - keyword: exec
ok 61 - keyword: exists
ok 62 - keyword: exit
ok 63 - keyword: exp
ok 64 - keyword: fc
ok 65 - keyword: fcntl
ok 66 - keyword: fileno
ok 67 - keyword: flock
ok 68 - keyword: for
ok 69 - keyword: foreach
ok 70 - keyword: fork
ok 71 - keyword: format
ok 72 - keyword: formline
ok 73 - keyword: ge
ok 74 - keyword: getc
ok 75 - keyword: getgrent
ok 76 - keyword: getgrgid
ok 77 - keyword: getgrnam
ok 78 - keyword: gethostbyaddr
ok 79 - keyword: gethostbyname
ok 80 - keyword: gethostent
ok 81 - keyword: getlogin
ok 82 - keyword: getnetbyaddr
ok 83 - keyword: getnetbyname
ok 84 - keyword: getnetent
ok 85 - keyword: getpeername
ok 86 - keyword: getpgrp
ok 87 - keyword: getppid
ok 88 - keyword: getpriority
ok 89 - keyword: getprotobyname
ok 90 - keyword: getprotobynumber
ok 91 - keyword: getprotoent
ok 92 - keyword: getpwent
ok 93 - keyword: getpwnam
ok 94 - keyword: getpwuid
ok 95 - keyword: getservbyname
ok 96 - keyword: getservbyport
ok 97 - keyword: getservent
ok 98 - keyword: getsockname
ok 99 - keyword: getsockopt
ok 100 - keyword: given
ok 101 - keyword: glob
ok 102 - keyword: gmtime
ok 103 - keyword: goto
ok 104 - keyword: grep
ok 105 - keyword: gt
ok 106 - keyword: hex
ok 107 - keyword: if
ok 108 - keyword: index
ok 109 - keyword: int
ok 110 - keyword: ioctl
ok 111 - keyword: join
ok 112 - keyword: keys
ok 113 - keyword: kill
ok 114 - keyword: last
ok 115 - keyword: lc
ok 116 - keyword: lcfirst
ok 117 - keyword: le
ok 118 - keyword: length
ok 119 - keyword: link
ok 120 - keyword: listen
ok 121 - keyword: local
ok 122 - keyword: localtime
ok 123 - keyword: lock
ok 124 - keyword: log
ok 125 - keyword: lstat
ok 126 - keyword: lt
ok 127 - keyword: m
ok 128 - keyword: map
ok 129 - keyword: mkdir
ok 130 - keyword: msgctl
ok 131 - keyword: msgget
ok 132 - keyword: msgrcv
ok 133 - keyword: msgsnd
ok 134 - keyword: my
ok 135 - keyword: ne
ok 136 - keyword: next
ok 137 - keyword: no
ok 138 - keyword: not
ok 139 - keyword: oct
ok 140 - keyword: open
ok 141 - keyword: opendir
ok 142 - keyword: or
ok 143 - keyword: ord
ok 144 - keyword: our
ok 145 - keyword: pack
ok 146 - keyword: package
ok 147 - keyword: pipe
ok 148 - keyword: pop
ok 149 - keyword: pos
ok 150 - keyword: print
ok 151 - keyword: printf
ok 152 - keyword: prototype
ok 153 - keyword: push
ok 154 - keyword: q
ok 155 - keyword: qq
ok 156 - keyword: qr
ok 157 - keyword: quotemeta
ok 158 - keyword: qw
ok 159 - keyword: qx
ok 160 - keyword: rand
ok 161 - keyword: read
ok 162 - keyword: readdir
ok 163 - keyword: readline
ok 164 - keyword: readlink
ok 165 - keyword: readpipe
ok 166 - keyword: recv
ok 167 - keyword: redo
ok 168 - keyword: ref
ok 169 - keyword: rename
ok 170 - keyword: require
ok 171 - keyword: reset
ok 172 - keyword: return
ok 173 - keyword: reverse
ok 174 - keyword: rewinddir
ok 175 - keyword: rindex
ok 176 - keyword: rmdir
ok 177 - keyword: s
ok 178 - keyword: say
ok 179 - keyword: scalar
ok 180 - keyword: seek
ok 181 - keyword: seekdir
ok 182 - keyword: select
ok 183 - keyword: semctl
ok 184 - keyword: semget
ok 185 - keyword: semop
ok 186 - keyword: send
ok 187 - keyword: setgrent
ok 188 - keyword: sethostent
ok 189 - keyword: setnetent
ok 190 - keyword: setpgrp
ok 191 - keyword: setpriority
ok 192 - keyword: setprotoent
ok 193 - keyword: setpwent
ok 194 - keyword: setservent
ok 195 - keyword: setsockopt
ok 196 - keyword: shift
ok 197 - keyword: shmctl
ok 198 - keyword: shmget
ok 199 - keyword: shmread
ok 200 - keyword: shmwrite
ok 201 - keyword: shutdown
ok 202 - keyword: sin
ok 203 - keyword: sleep
ok 204 - keyword: socket
ok 205 - keyword: socketpair
ok 206 - keyword: sort
ok 207 - keyword: splice
ok 208 - keyword: split
ok 209 - keyword: sprintf
ok 210 - keyword: sqrt
ok 211 - keyword: srand
ok 212 - keyword: stat
ok 213 - keyword: state
ok 214 - keyword: study
ok 215 - keyword: sub
ok 216 - keyword: substr
ok 217 - keyword: symlink
ok 218 - keyword: syscall
ok 219 - keyword: sysopen
ok 220 - keyword: sysread
ok 221 - keyword: sysseek
ok 222 - keyword: system
ok 223 - keyword: syswrite
ok 224 - keyword: tell
ok 225 - keyword: telldir
ok 226 - keyword: tie
ok 227 - keyword: tied
ok 228 - keyword: time
ok 229 - keyword: times
ok 230 - keyword: tr
ok 231 - keyword: truncate
ok 232 - keyword: uc
ok 233 - keyword: ucfirst
ok 234 - keyword: umask
ok 235 - keyword: undef
ok 236 - keyword: unless
ok 237 - keyword: unlink
ok 238 - keyword: unpack
ok 239 - keyword: unshift
ok 240 - keyword: untie
ok 241 - keyword: until
ok 242 - keyword: use
ok 243 - keyword: utime
ok 244 - keyword: values
ok 245 - keyword: vec
ok 246 - keyword: wait
ok 247 - keyword: waitpid
ok 248 - keyword: wantarray
ok 249 - keyword: warn
ok 250 - keyword: when
ok 251 - keyword: while
ok 252 - keyword: write
ok 253 - keyword: x
ok 254 - keyword: xor
ok 255 - keyword: y
# reverse: check if all @Symbols and @Barewords are in keywords.h
ok 256 - keywords.h: __FILE__
ok 257 - keywords.h: __LINE__
ok 258 - keywords.h: __PACKAGE__
ok 259 - keywords.h: __DATA__
ok 260 - keywords.h: __END__
ok 261 - keywords.h: NULL
ok 262 - keywords.h: and
ok 263 - keywords.h: cmp
ok 264 - keywords.h: continue
ok 265 - keywords.h: do
ok 266 - keywords.h: else
ok 267 - keywords.h: elsif
ok 268 - keywords.h: eq
ok 269 - keywords.h: for
ok 270 - keywords.h: foreach
ok 271 - keywords.h: ge
ok 272 - keywords.h: gt
ok 273 - keywords.h: if
ok 274 - keywords.h: le
ok 275 - keywords.h: lock
ok 276 - keywords.h: lt
ok 277 - keywords.h: m
ok 278 - keywords.h: ne
ok 279 - keywords.h: no
ok 280 - keywords.h: or
ok 281 - keywords.h: package
ok 282 - keywords.h: q
ok 283 - keywords.h: qq
ok 284 - keywords.h: qr
ok 285 - keywords.h: qw
ok 286 - keywords.h: qx
ok 287 - keywords.h: s
ok 288 - keywords.h: sub
ok 289 - keywords.h: tr
ok 290 - keywords.h: unless
ok 291 - keywords.h: until
ok 292 - keywords.h: while
ok 293 - keywords.h: x
ok 294 - keywords.h: xor
ok 295 - keywords.h: y
ok 296 - keywords.h: break
ok 297 - keywords.h: given
ok 298 - keywords.h: when
ok 299 - keywords.h: default
ok 300 - keywords.h: state
ok 301 - keywords.h: __SUB__
ok 302 - keywords.h: AUTOLOAD
ok 303 - keywords.h: BEGIN
ok 304 - keywords.h: DESTROY
ok 305 - keywords.h: END
ok 306 - keywords.h: CHECK
ok 307 - keywords.h: INIT
ok 308 - keywords.h: UNITCHECK
ok 309 - keywords.h: abs
ok 310 - keywords.h: accept
ok 311 - keywords.h: alarm
ok 312 - keywords.h: atan2
ok 313 - keywords.h: bind
ok 314 - keywords.h: binmode
ok 315 - keywords.h: bless
ok 316 - keywords.h: break
ok 317 - keywords.h: caller
ok 318 - keywords.h: chdir
ok 319 - keywords.h: chmod
ok 320 - keywords.h: chomp
ok 321 - keywords.h: chop
ok 322 - keywords.h: chown
ok 323 - keywords.h: chr
ok 324 - keywords.h: chroot
ok 325 - keywords.h: close
ok 326 - keywords.h: closedir
ok 327 - keywords.h: connect
ok 328 - keywords.h: cos
ok 329 - keywords.h: crypt
ok 330 - keywords.h: dbmclose
ok 331 - keywords.h: dbmopen
ok 332 - keywords.h: defined
ok 333 - keywords.h: delete
ok 334 - keywords.h: die
ok 335 - keywords.h: dump
ok 336 - keywords.h: each
ok 337 - keywords.h: endgrent
ok 338 - keywords.h: endhostent
ok 339 - keywords.h: endnetent
ok 340 - keywords.h: endprotoent
ok 341 - keywords.h: endpwent
ok 342 - keywords.h: endservent
ok 343 - keywords.h: eof
ok 344 - keywords.h: eval
ok 345 - keywords.h: evalbytes
ok 346 - keywords.h: exec
ok 347 - keywords.h: exists
ok 348 - keywords.h: exit
ok 349 - keywords.h: exp
ok 350 - keywords.h: fc
ok 351 - keywords.h: fcntl
ok 352 - keywords.h: fileno
ok 353 - keywords.h: flock
ok 354 - keywords.h: fork
ok 355 - keywords.h: format
ok 356 - keywords.h: formline
ok 357 - keywords.h: getc
ok 358 - keywords.h: getgrent
ok 359 - keywords.h: getgrgid
ok 360 - keywords.h: getgrnam
ok 361 - keywords.h: gethostbyaddr
ok 362 - keywords.h: gethostbyname
ok 363 - keywords.h: gethostent
ok 364 - keywords.h: getlogin
ok 365 - keywords.h: getnetbyaddr
ok 366 - keywords.h: getnetbyname
ok 367 - keywords.h: getnetent
ok 368 - keywords.h: getpeername
ok 369 - keywords.h: getpgrp
ok 370 - keywords.h: getppid
ok 371 - keywords.h: getpriority
ok 372 - keywords.h: getprotobyname
ok 373 - keywords.h: getprotobynumber
ok 374 - keywords.h: getprotoent
ok 375 - keywords.h: getpwent
ok 376 - keywords.h: getpwnam
ok 377 - keywords.h: getpwuid
ok 378 - keywords.h: getservbyname
ok 379 - keywords.h: getservbyport
ok 380 - keywords.h: getservent
ok 381 - keywords.h: getsockname
ok 382 - keywords.h: getsockopt
ok 383 - keywords.h: given
ok 384 - keywords.h: glob
ok 385 - keywords.h: gmtime
ok 386 - keywords.h: goto
ok 387 - keywords.h: grep
ok 388 - keywords.h: hex
ok 389 - keywords.h: index
ok 390 - keywords.h: int
ok 391 - keywords.h: ioctl
ok 392 - keywords.h: join
ok 393 - keywords.h: keys
ok 394 - keywords.h: kill
ok 395 - keywords.h: last
ok 396 - keywords.h: lc
ok 397 - keywords.h: lcfirst
ok 398 - keywords.h: length
ok 399 - keywords.h: link
ok 400 - keywords.h: listen
ok 401 - keywords.h: local
ok 402 - keywords.h: localtime
ok 403 - keywords.h: lock
ok 404 - keywords.h: log
ok 405 - keywords.h: lstat
ok 406 - keywords.h: map
ok 407 - keywords.h: mkdir
ok 408 - keywords.h: msgctl
ok 409 - keywords.h: msgget
ok 410 - keywords.h: msgrcv
ok 411 - keywords.h: msgsnd
ok 412 - keywords.h: my
ok 413 - keywords.h: next
ok 414 - keywords.h: not
ok 415 - keywords.h: oct
ok 416 - keywords.h: open
ok 417 - keywords.h: opendir
ok 418 - keywords.h: ord
ok 419 - keywords.h: our
ok 420 - keywords.h: pack
ok 421 - keywords.h: pipe
ok 422 - keywords.h: pop
ok 423 - keywords.h: pos
ok 424 - keywords.h: print
ok 425 - keywords.h: printf
ok 426 - keywords.h: prototype
ok 427 - keywords.h: push
ok 428 - keywords.h: quotemeta
ok 429 - keywords.h: rand
ok 430 - keywords.h: read
ok 431 - keywords.h: readdir
ok 432 - keywords.h: readline
ok 433 - keywords.h: readlink
ok 434 - keywords.h: readpipe
ok 435 - keywords.h: recv
ok 436 - keywords.h: redo
ok 437 - keywords.h: ref
ok 438 - keywords.h: rename
ok 439 - keywords.h: require
ok 440 - keywords.h: reset
ok 441 - keywords.h: return
ok 442 - keywords.h: reverse
ok 443 - keywords.h: rewinddir
ok 444 - keywords.h: rindex
ok 445 - keywords.h: rmdir
ok 446 - keywords.h: say
ok 447 - keywords.h: scalar
ok 448 - keywords.h: seek
ok 449 - keywords.h: seekdir
ok 450 - keywords.h: select
ok 451 - keywords.h: semctl
ok 452 - keywords.h: semget
ok 453 - keywords.h: semop
ok 454 - keywords.h: send
ok 455 - keywords.h: setgrent
ok 456 - keywords.h: sethostent
ok 457 - keywords.h: setnetent
ok 458 - keywords.h: setpgrp
ok 459 - keywords.h: setpriority
ok 460 - keywords.h: setprotoent
ok 461 - keywords.h: setpwent
ok 462 - keywords.h: setservent
ok 463 - keywords.h: setsockopt
ok 464 - keywords.h: shift
ok 465 - keywords.h: shmctl
ok 466 - keywords.h: shmget
ok 467 - keywords.h: shmread
ok 468 - keywords.h: shmwrite
ok 469 - keywords.h: shutdown
ok 470 - keywords.h: sin
ok 471 - keywords.h: sleep
ok 472 - keywords.h: socket
ok 473 - keywords.h: socketpair
ok 474 - keywords.h: sort
ok 475 - keywords.h: splice
ok 476 - keywords.h: split
ok 477 - keywords.h: sprintf
ok 478 - keywords.h: sqrt
ok 479 - keywords.h: srand
ok 480 - keywords.h: stat
ok 481 - keywords.h: study
ok 482 - keywords.h: substr
ok 483 - keywords.h: symlink
ok 484 - keywords.h: syscall
ok 485 - keywords.h: sysopen
ok 486 - keywords.h: sysread
ok 487 - keywords.h: sysseek
ok 488 - keywords.h: system
ok 489 - keywords.h: syswrite
ok 490 - keywords.h: tell
ok 491 - keywords.h: telldir
ok 492 - keywords.h: tie
ok 493 - keywords.h: tied
ok 494 - keywords.h: time
ok 495 - keywords.h: times
ok 496 - keywords.h: truncate
ok 497 - keywords.h: uc
ok 498 - keywords.h: ucfirst
ok 499 - keywords.h: umask
ok 500 - keywords.h: undef
ok 501 - keywords.h: unlink
ok 502 - keywords.h: unpack
ok 503 - keywords.h: unshift
ok 504 - keywords.h: untie
ok 505 - keywords.h: use
ok 506 - keywords.h: utime
ok 507 - keywords.h: values
ok 508 - keywords.h: vec
ok 509 - keywords.h: wait
ok 510 - keywords.h: waitpid
ok 511 - keywords.h: wantarray
ok 512 - keywords.h: warn
ok 513 - keywords.h: when
ok 514 - keywords.h: write
# not in keywords.h: -r. skipped
# not in keywords.h: -w. skipped
# not in keywords.h: -x. skipped
# not in keywords.h: -o. skipped
# not in keywords.h: -R. skipped
# not in keywords.h: -W. skipped
# not in keywords.h: -X. skipped
# not in keywords.h: -O. skipped
# not in keywords.h: -e. skipped
# not in keywords.h: -z. skipped
# not in keywords.h: -s. skipped
# not in keywords.h: -f. skipped
# not in keywords.h: -d. skipped
# not in keywords.h: -l. skipped
# not in keywords.h: -p. skipped
# not in keywords.h: -S. skipped
# not in keywords.h: -b. skipped
# not in keywords.h: -c. skipped
# not in keywords.h: -t. skipped
# not in keywords.h: -u. skipped
# not in keywords.h: -g. skipped
# not in keywords.h: -k. skipped
# not in keywords.h: -T. skipped
# not in keywords.h: -B. skipped
# not in keywords.h: -M. skipped
# not in keywords.h: -A. skipped
# not in keywords.h: -C. skipped
# check if all single-character @Scalars, @Arrays, @Hashes are as globals in %main::
ok 515 - global: @
ok 516 - global: $
ok 517 - global: !
ok 518 - global: ^H
ok 519 - global: |
ok 520 - global: .
ok 521 - global: ^W
ok 522 - global: ^O
ok 523 - global: ^V
ok 524 - global: /
ok 525 - global: ^C
ok 526 - global: \
ok 527 - global: ,
ok 528 - global: ^R
ok 529 - global: ^X
ok 530 - global: ?
ok 531 - global: "
ok 532 - global: ]
ok 533 - global: ^E
# the reverse is not true as most globals are auto-created
1..533
ok
t/export.t .................. 
1..7
ok 1 - :all exports @Scalars
ok 2 - :all exports @Arrays
ok 3 - :all exports @Hashes
ok 4 - :all exports @Filehandles
ok 5 - :all exports @Symbols
ok 6 - :all exports @Functions
ok 7 - :all exports @Barewords
ok
t/z_kwalitee.t .............. skipped: This test is only run for the module author
t/z_meta.t .................. skipped: This test is only run for the module author
t/z_perl_minimum_version.t .. skipped: Author tests not required for installation
All tests successful.
Files=6, Tests=547,  6 wallclock secs ( 0.69 usr  0.27 sys +  4.95 cusr  1.33 csys =  7.24 CPU)
Result: PASS
