autopkgtest: DBG: testbed init
autopkgtest [19:16:19]: starting date and time: 2023-02-16 19:16:19+0800
autopkgtest [19:16:19]: version 5.28
autopkgtest [19:16:19]: host debian; command line: /usr/bin/autopkgtest /home/minami/Documents/openkylin-riscv/src/libb-keywords-perl_1.24-ok2.dsc -o /home/minami/Documents/openkylin-riscv/test/libb-keywords-perl -d -B -- qemu -u root -p openkylin --qemu-architecture=riscv64 -c 8 --ram-size=8192 -d '--qemu-options=-machine virt -kernel /home/minami/Documents/ukylin/u-boot.bin' /home/minami/Documents/openkylin-riscv/testing.qcow2
autopkgtest: DBG: got reply from testbed: ok
autopkgtest: DBG: testbed open, scratch=None
autopkgtest: DBG: sending command to testbed: open
autopkgtest-virt-qemu: DBG: executing open
autopkgtest-virt-qemu: DBG: find_free_port: trying 10022
autopkgtest-virt-qemu: DBG: find_free_port: 10022 is free
autopkgtest-virt-qemu: DBG: autopkgtest does not know how to boot this machine, hopefully nothing special needs to be done?
autopkgtest-virt-qemu: DBG: qemu architecture: riscv64
autopkgtest-virt-qemu: DBG: qemu command: qemu-system-riscv64
autopkgtest-virt-qemu: DBG: execute-timeout: qemu-img info --output=json /home/minami/Documents/openkylin-riscv/testing.qcow2
autopkgtest-virt-qemu: DBG: Creating temporary overlay image in /tmp/autopkgtest-qemu.553z9w7o/overlay.img
autopkgtest-virt-qemu: DBG: execute-timeout: qemu-img create -f qcow2 -F qcow2 -b /home/minami/Documents/openkylin-riscv/testing.qcow2 /tmp/autopkgtest-qemu.553z9w7o/overlay.img
autopkgtest-virt-qemu: DBG: Forwarding local port 10022 to VM ssh port 22
autopkgtest-virt-qemu: DBG: Assuming nothing special needs to be done to set up firmware to boot this machine (boot method: none)
autopkgtest-virt-qemu: DBG: full qemu command-line: ['qemu-system-riscv64', '-m', '8192', '-smp', '8', '-nographic', '-device', 'virtio-net-device,netdev=usernet', '-netdev', 'user,id=usernet,hostfwd=tcp:127.0.0.1:10022-:22', '-object', 'rng-random,filename=/dev/urandom,id=rng0', '-device', 'virtio-rng-pci,rng=rng0,id=rng-device0', '-monitor', 'unix:/tmp/autopkgtest-qemu.553z9w7o/monitor,server=on,wait=off', '-virtfs', 'local,id=autopkgtest,path=/tmp/autopkgtest-qemu.553z9w7o/shared,security_model=none,mount_tag=autopkgtest', '-device', 'virtio-serial', '-chardev', 'socket,path=/tmp/autopkgtest-qemu.553z9w7o/hvc0,server=on,wait=off,id=hvc0', '-device', 'virtconsole,chardev=hvc0', '-chardev', 'socket,path=/tmp/autopkgtest-qemu.553z9w7o/hvc1,server=on,wait=off,id=hvc1', '-device', 'virtconsole,chardev=hvc1', '-serial', 'unix:/tmp/autopkgtest-qemu.553z9w7o/ttyS0,server=on,wait=off', '-drive', 'index=0,file=/tmp/autopkgtest-qemu.553z9w7o/overlay.img,format=qcow2,cache=unsafe,if=virtio,discard=unmap', '-machine', 'virt', '-kernel', '/home/minami/Documents/ukylin/u-boot.bin']
autopkgtest-virt-qemu: DBG: expect: b' login: '
autopkgtest-virt-qemu: DBG: expect: found "'login prompt on serial console'"
autopkgtest-virt-qemu: DBG: expect: b'ok'
autopkgtest-virt-qemu: DBG: expect: found "b'ok'"
autopkgtest-virt-qemu: DBG: setup_shell(): there already is a shell on hvc1
qemu-system-riscv64: warning: 9p: degraded performance: a reasonable high msize should be chosen on client/guest side (chosen msize is <= 8192). See https://wiki.qemu.org/Documentation/9psetup#msize for details.
autopkgtest-virt-qemu: DBG: expect: b'a2b0ce22-c381-4cf9-aa28-ce2662ce644f[1]'
autopkgtest-virt-qemu: DBG: expect: found "b'a2b0ce22-c381-4cf9-aa28-ce2662ce644f[1]'"
autopkgtest-virt-qemu: DBG: expect: b'a2b0ce22-c381-4cf9-aa28-ce2662ce644f[2]'
autopkgtest-virt-qemu: DBG: expect: found "b'a2b0ce22-c381-4cf9-aa28-ce2662ce644f[2]'"
autopkgtest-virt-qemu: DBG: expect: b'a2b0ce22-c381-4cf9-aa28-ce2662ce644f[3]'
autopkgtest-virt-qemu: DBG: expect: found "b'a2b0ce22-c381-4cf9-aa28-ce2662ce644f[3]'"
autopkgtest-virt-qemu: DBG: expect: b'/python'
autopkgtest-virt-qemu: DBG: expect: found "b'/python'"
autopkgtest-virt-qemu: DBG: expect: b'# '
autopkgtest-virt-qemu: DBG: expect: found "b'# '"
autopkgtest-virt-qemu: DBG: expect: b'a2b0ce22-c381-4cf9-aa28-ce2662ce644f[4]'
autopkgtest-virt-qemu: DBG: expect: found "b'a2b0ce22-c381-4cf9-aa28-ce2662ce644f[4]'"
autopkgtest-virt-qemu: DBG: execute-timeout: /tmp/autopkgtest-qemu.553z9w7o/runcmd true
autopkgtest-virt-qemu: DBG: can connect to autopkgtest sh in VM
autopkgtest-virt-qemu: DBG: expect: b'a2b0ce22-c381-4cf9-aa28-ce2662ce644f[5]'
autopkgtest-virt-qemu: DBG: expect: found "b'a2b0ce22-c381-4cf9-aa28-ce2662ce644f[5]'"
autopkgtest-virt-qemu: DBG: determine_normal_user: got user "openkylin"
autopkgtest-virt-qemu: DBG: auxverb = ['/tmp/autopkgtest-qemu.553z9w7o/runcmd'], downtmp = None
autopkgtest-virt-qemu: DBG: execute-timeout: /tmp/autopkgtest-qemu.553z9w7o/runcmd mktemp --directory --tmpdir autopkgtest.XXXXXX
autopkgtest-virt-qemu: DBG: execute-timeout: /tmp/autopkgtest-qemu.553z9w7o/runcmd chmod 1777 /tmp/autopkgtest.aTNvas
autopkgtest: DBG: got reply from testbed: ok /tmp/autopkgtest.aTNvas
autopkgtest: DBG: sending command to testbed: print-execute-command
autopkgtest-virt-qemu: DBG: executing print-execute-command
autopkgtest: DBG: got reply from testbed: ok /tmp/autopkgtest-qemu.553z9w7o/runcmd
autopkgtest: DBG: sending command to testbed: capabilities
autopkgtest-virt-qemu: DBG: executing capabilities
autopkgtest: DBG: got reply from testbed: ok isolation-machine reboot revert revert-full-system root-on-testbed suggested-normal-user=openkylin
autopkgtest: DBG: testbed capabilities: ['isolation-machine', 'reboot', 'revert', 'revert-full-system', 'root-on-testbed', 'suggested-normal-user=openkylin', 'has_internet']
autopkgtest: DBG: testbed command ['mkdir', '-p', '/tmp/autopkgtest.aTNvas'], kind short, sout raw, serr pipe, env []
autopkgtest: DBG: testbed command exited with code 0
autopkgtest: DBG: sending command to testbed: copydown /usr/share/autopkgtest/lib/in-testbed/wrapper.sh /tmp/autopkgtest.aTNvas/wrapper.sh
autopkgtest-virt-qemu: DBG: executing copydown /usr/share/autopkgtest/lib/in-testbed/wrapper.sh /tmp/autopkgtest.aTNvas/wrapper.sh
autopkgtest-virt-qemu: DBG: ['cmdls', "(['cat'], ['/tmp/autopkgtest-qemu.553z9w7o/runcmd', 'sh', '-ec', 'cat >/tmp/autopkgtest.aTNvas/wrapper.sh; chmod +x -- /tmp/autopkgtest.aTNvas/wrapper.sh'])"]
autopkgtest-virt-qemu: DBG: ['srcstdin', "<_io.BufferedReader name='/usr/share/autopkgtest/lib/in-testbed/wrapper.sh'>", 'deststdout', "<_io.BufferedReader name='/dev/null'>", 'devnull_read', <_io.BufferedReader name='/dev/null'>]
autopkgtest-virt-qemu: DBG:  +< cat
autopkgtest-virt-qemu: DBG:  +> /tmp/autopkgtest-qemu.553z9w7o/runcmd sh -ec cat >/tmp/autopkgtest.aTNvas/wrapper.sh; chmod +x -- /tmp/autopkgtest.aTNvas/wrapper.sh
autopkgtest-virt-qemu: DBG:  +>?
autopkgtest-virt-qemu: DBG:  +<?
autopkgtest: DBG: got reply from testbed: ok
autopkgtest: DBG: testbed command ['chmod', '-R', '0755', '--', '/tmp/autopkgtest.aTNvas/wrapper.sh'], kind short, sout raw, serr pipe, env []
autopkgtest: DBG: testbed command exited with code 0
autopkgtest: DBG: testbed command ['dpkg', '--print-architecture'], kind short, sout pipe, serr pipe, env []
autopkgtest: DBG: testbed command exited with code 0
autopkgtest [19:17:10]: testbed dpkg architecture: riscv64
autopkgtest: DBG: testbed command ['sh', '-ec', 'command -v eatmydata'], kind short, sout pipe, serr pipe, env []
autopkgtest: DBG: testbed command exited with code 127
autopkgtest: DBG: testbed command ['sh', '-ec', 'command -v dpkg-query'], kind short, sout pipe, serr pipe, env []
autopkgtest: DBG: testbed command exited with code 0
autopkgtest: DBG: testbed command ['sh', '-ec', "dpkg-query --show -f '${Package}\\t${Version}\\n' > /tmp/autopkgtest.aTNvas/testbed-packages"], kind short, sout raw, serr pipe, env []
autopkgtest: DBG: testbed command exited with code 0
autopkgtest: DBG: sending command to testbed: copyup /tmp/autopkgtest.aTNvas/testbed-packages /home/minami/Documents/openkylin-riscv/test/libb-keywords-perl/testbed-packages
autopkgtest-virt-qemu: DBG: executing copyup /tmp/autopkgtest.aTNvas/testbed-packages /home/minami/Documents/openkylin-riscv/test/libb-keywords-perl/testbed-packages
autopkgtest-virt-qemu: DBG: ['cmdls', "(['/tmp/autopkgtest-qemu.553z9w7o/runcmd', 'sh', '-ec', 'cat </tmp/autopkgtest.aTNvas/testbed-packages'], ['cat'])"]
autopkgtest-virt-qemu: DBG: ['srcstdin', "<_io.BufferedReader name='/dev/null'>", 'deststdout', "<_io.BufferedWriter name='/home/minami/Documents/openkylin-riscv/test/libb-keywords-perl/testbed-packages'>", 'devnull_read', <_io.BufferedReader name='/dev/null'>]
autopkgtest-virt-qemu: DBG:  +< /tmp/autopkgtest-qemu.553z9w7o/runcmd sh -ec cat </tmp/autopkgtest.aTNvas/testbed-packages
autopkgtest-virt-qemu: DBG:  +> cat
autopkgtest-virt-qemu: DBG:  +>?
autopkgtest-virt-qemu: DBG:  +<?
autopkgtest: DBG: got reply from testbed: ok
autopkgtest: DBG: testbed supports reboot, creating /tmp/autopkgtest-reboot
autopkgtest: DBG: testbed command ['mkdir', '-p', '/tmp/autopkgtest.aTNvas'], kind short, sout raw, serr pipe, env []
autopkgtest: DBG: testbed command exited with code 0
autopkgtest: DBG: sending command to testbed: copydown /usr/share/autopkgtest/lib/in-testbed/reboot.sh /tmp/autopkgtest.aTNvas/autopkgtest-reboot
autopkgtest-virt-qemu: DBG: executing copydown /usr/share/autopkgtest/lib/in-testbed/reboot.sh /tmp/autopkgtest.aTNvas/autopkgtest-reboot
autopkgtest-virt-qemu: DBG: ['cmdls', "(['cat'], ['/tmp/autopkgtest-qemu.553z9w7o/runcmd', 'sh', '-ec', 'cat >/tmp/autopkgtest.aTNvas/autopkgtest-reboot; chmod +x -- /tmp/autopkgtest.aTNvas/autopkgtest-reboot'])"]
autopkgtest-virt-qemu: DBG: ['srcstdin', "<_io.BufferedReader name='/usr/share/autopkgtest/lib/in-testbed/reboot.sh'>", 'deststdout', "<_io.BufferedReader name='/dev/null'>", 'devnull_read', <_io.BufferedReader name='/dev/null'>]
autopkgtest-virt-qemu: DBG:  +< cat
autopkgtest-virt-qemu: DBG:  +> /tmp/autopkgtest-qemu.553z9w7o/runcmd sh -ec cat >/tmp/autopkgtest.aTNvas/autopkgtest-reboot; chmod +x -- /tmp/autopkgtest.aTNvas/autopkgtest-reboot
autopkgtest-virt-qemu: DBG:  +>?
autopkgtest-virt-qemu: DBG:  +<?
autopkgtest: DBG: got reply from testbed: ok
autopkgtest: DBG: testbed command ['chmod', '-R', '0755', '--', '/tmp/autopkgtest.aTNvas/autopkgtest-reboot'], kind short, sout raw, serr pipe, env []
autopkgtest: DBG: testbed command exited with code 0
autopkgtest: DBG: testbed command ['ln', '-fns', '/tmp/autopkgtest.aTNvas/autopkgtest-reboot', '/tmp/autopkgtest-reboot'], kind short, sout raw, serr pipe, env []
autopkgtest: DBG: testbed command exited with code 0
autopkgtest: DBG: testbed command ['ln', '-fns', '/tmp/autopkgtest.aTNvas/autopkgtest-reboot', '/sbin/autopkgtest-reboot'], kind short, sout raw, serr pipe, env []
autopkgtest: DBG: testbed command exited with code 0
autopkgtest: DBG: testbed command ['mkdir', '-p', '/tmp/autopkgtest.aTNvas'], kind short, sout raw, serr pipe, env []
autopkgtest: DBG: testbed command exited with code 0
autopkgtest: DBG: sending command to testbed: copydown /usr/share/autopkgtest/lib/in-testbed/reboot-prepare.sh /tmp/autopkgtest.aTNvas/autopkgtest-reboot-prepare
autopkgtest-virt-qemu: DBG: executing copydown /usr/share/autopkgtest/lib/in-testbed/reboot-prepare.sh /tmp/autopkgtest.aTNvas/autopkgtest-reboot-prepare
autopkgtest-virt-qemu: DBG: ['cmdls', "(['cat'], ['/tmp/autopkgtest-qemu.553z9w7o/runcmd', 'sh', '-ec', 'cat >/tmp/autopkgtest.aTNvas/autopkgtest-reboot-prepare; chmod +x -- /tmp/autopkgtest.aTNvas/autopkgtest-reboot-prepare'])"]
autopkgtest-virt-qemu: DBG: ['srcstdin', "<_io.BufferedReader name='/usr/share/autopkgtest/lib/in-testbed/reboot-prepare.sh'>", 'deststdout', "<_io.BufferedReader name='/dev/null'>", 'devnull_read', <_io.BufferedReader name='/dev/null'>]
autopkgtest-virt-qemu: DBG:  +< cat
autopkgtest-virt-qemu: DBG:  +> /tmp/autopkgtest-qemu.553z9w7o/runcmd sh -ec cat >/tmp/autopkgtest.aTNvas/autopkgtest-reboot-prepare; chmod +x -- /tmp/autopkgtest.aTNvas/autopkgtest-reboot-prepare
autopkgtest-virt-qemu: DBG:  +>?
autopkgtest-virt-qemu: DBG:  +<?
autopkgtest: DBG: got reply from testbed: ok
autopkgtest: DBG: testbed command ['chmod', '-R', '0755', '--', '/tmp/autopkgtest.aTNvas/autopkgtest-reboot-prepare'], kind short, sout raw, serr pipe, env []
autopkgtest: DBG: testbed command exited with code 0
autopkgtest: DBG: testbed command ['ln', '-fns', '/tmp/autopkgtest.aTNvas/autopkgtest-reboot-prepare', '/tmp/autopkgtest-reboot-prepare'], kind short, sout raw, serr pipe, env []
autopkgtest: DBG: testbed command exited with code 0
autopkgtest: DBG: testbed command ['uname', '-srv'], kind short, sout pipe, serr pipe, env []
autopkgtest: DBG: testbed command exited with code 0
autopkgtest [19:17:18]: testbed running kernel: Linux 5.11.0-1030-generic #34 SMP Fri Mar 11 15:27:17 CST 2022
autopkgtest: DBG: testbed command ['sh', '-c', 'nproc; cat /proc/cpuinfo 2>/dev/null || true'], kind short, sout pipe, serr pipe, env []
autopkgtest: DBG: testbed command exited with code 0
autopkgtest: DBG: Binaries: initialising
autopkgtest [19:17:19]: @@@@@@@@@@@@@@@@@@@@ source /home/minami/Documents/openkylin-riscv/src/libb-keywords-perl_1.24-ok2.dsc
autopkgtest: DBG: blame += /home/minami/Documents/openkylin-riscv/src/libb-keywords-perl_1.24-ok2.dsc
autopkgtest: DBG: testbed reset: modified=False, deps_installed=[], deps_new=[]
autopkgtest: DBG: testbed command ['mkdir', '-p', '/tmp/autopkgtest.aTNvas'], kind short, sout raw, serr pipe, env []
autopkgtest: DBG: testbed command exited with code 0
autopkgtest: DBG: sending command to testbed: copydown /home/minami/Documents/openkylin-riscv/src/libb-keywords-perl_1.24-ok2.dsc /tmp/autopkgtest.aTNvas/libb-keywords-perl_1.24-ok2.dsc
autopkgtest-virt-qemu: DBG: executing copydown /home/minami/Documents/openkylin-riscv/src/libb-keywords-perl_1.24-ok2.dsc /tmp/autopkgtest.aTNvas/libb-keywords-perl_1.24-ok2.dsc
autopkgtest-virt-qemu: DBG: ['cmdls', "(['cat'], ['/tmp/autopkgtest-qemu.553z9w7o/runcmd', 'sh', '-ec', 'cat >/tmp/autopkgtest.aTNvas/libb-keywords-perl_1.24-ok2.dsc'])"]
autopkgtest-virt-qemu: DBG: ['srcstdin', "<_io.BufferedReader name='/home/minami/Documents/openkylin-riscv/src/libb-keywords-perl_1.24-ok2.dsc'>", 'deststdout', "<_io.BufferedReader name='/dev/null'>", 'devnull_read', <_io.BufferedReader name='/dev/null'>]
autopkgtest-virt-qemu: DBG:  +< cat
autopkgtest-virt-qemu: DBG:  +> /tmp/autopkgtest-qemu.553z9w7o/runcmd sh -ec cat >/tmp/autopkgtest.aTNvas/libb-keywords-perl_1.24-ok2.dsc
autopkgtest-virt-qemu: DBG:  +>?
autopkgtest-virt-qemu: DBG:  +<?
autopkgtest: DBG: got reply from testbed: ok
autopkgtest: DBG: testbed command ['chown', '-R', 'openkylin', '--', '/tmp/autopkgtest.aTNvas/libb-keywords-perl_1.24-ok2.dsc'], kind short, sout raw, serr pipe, env []
autopkgtest: DBG: testbed command exited with code 0
autopkgtest: DBG: testbed command ['mkdir', '-p', '/tmp/autopkgtest.aTNvas'], kind short, sout raw, serr pipe, env []
autopkgtest: DBG: testbed command exited with code 0
autopkgtest: DBG: sending command to testbed: copydown /home/minami/Documents/openkylin-riscv/src/libb-keywords-perl_1.24.orig.tar.gz /tmp/autopkgtest.aTNvas/libb-keywords-perl_1.24.orig.tar.gz
autopkgtest-virt-qemu: DBG: executing copydown /home/minami/Documents/openkylin-riscv/src/libb-keywords-perl_1.24.orig.tar.gz /tmp/autopkgtest.aTNvas/libb-keywords-perl_1.24.orig.tar.gz
autopkgtest-virt-qemu: DBG: ['cmdls', "(['cat'], ['/tmp/autopkgtest-qemu.553z9w7o/runcmd', 'sh', '-ec', 'cat >/tmp/autopkgtest.aTNvas/libb-keywords-perl_1.24.orig.tar.gz'])"]
autopkgtest-virt-qemu: DBG: ['srcstdin', "<_io.BufferedReader name='/home/minami/Documents/openkylin-riscv/src/libb-keywords-perl_1.24.orig.tar.gz'>", 'deststdout', "<_io.BufferedReader name='/dev/null'>", 'devnull_read', <_io.BufferedReader name='/dev/null'>]
autopkgtest-virt-qemu: DBG:  +< cat
autopkgtest-virt-qemu: DBG:  +> /tmp/autopkgtest-qemu.553z9w7o/runcmd sh -ec cat >/tmp/autopkgtest.aTNvas/libb-keywords-perl_1.24.orig.tar.gz
autopkgtest-virt-qemu: DBG:  +>?
autopkgtest-virt-qemu: DBG:  +<?
autopkgtest: DBG: got reply from testbed: ok
autopkgtest: DBG: testbed command ['chown', '-R', 'openkylin', '--', '/tmp/autopkgtest.aTNvas/libb-keywords-perl_1.24.orig.tar.gz'], kind short, sout raw, serr pipe, env []
autopkgtest: DBG: testbed command exited with code 0
autopkgtest: DBG: testbed command ['mkdir', '-p', '/tmp/autopkgtest.aTNvas'], kind short, sout raw, serr pipe, env []
autopkgtest: DBG: testbed command exited with code 0
autopkgtest: DBG: sending command to testbed: copydown /home/minami/Documents/openkylin-riscv/src/libb-keywords-perl_1.24-ok2.debian.tar.xz /tmp/autopkgtest.aTNvas/libb-keywords-perl_1.24-ok2.debian.tar.xz
autopkgtest-virt-qemu: DBG: executing copydown /home/minami/Documents/openkylin-riscv/src/libb-keywords-perl_1.24-ok2.debian.tar.xz /tmp/autopkgtest.aTNvas/libb-keywords-perl_1.24-ok2.debian.tar.xz
autopkgtest-virt-qemu: DBG: ['cmdls', "(['cat'], ['/tmp/autopkgtest-qemu.553z9w7o/runcmd', 'sh', '-ec', 'cat >/tmp/autopkgtest.aTNvas/libb-keywords-perl_1.24-ok2.debian.tar.xz'])"]
autopkgtest-virt-qemu: DBG: ['srcstdin', "<_io.BufferedReader name='/home/minami/Documents/openkylin-riscv/src/libb-keywords-perl_1.24-ok2.debian.tar.xz'>", 'deststdout', "<_io.BufferedReader name='/dev/null'>", 'devnull_read', <_io.BufferedReader name='/dev/null'>]
autopkgtest-virt-qemu: DBG:  +< cat
autopkgtest-virt-qemu: DBG:  +> /tmp/autopkgtest-qemu.553z9w7o/runcmd sh -ec cat >/tmp/autopkgtest.aTNvas/libb-keywords-perl_1.24-ok2.debian.tar.xz
autopkgtest-virt-qemu: DBG:  +>?
autopkgtest-virt-qemu: DBG:  +<?
autopkgtest: DBG: got reply from testbed: ok
autopkgtest: DBG: testbed command ['chown', '-R', 'openkylin', '--', '/tmp/autopkgtest.aTNvas/libb-keywords-perl_1.24-ok2.debian.tar.xz'], kind short, sout raw, serr pipe, env []
autopkgtest: DBG: testbed command exited with code 0
autopkgtest: DBG: install_deps: deps_new=[]
autopkgtest: DBG: testbed command ['sh', '-ec', 'command -v dpkg-source'], kind short, sout pipe, serr pipe, env []
autopkgtest: DBG: testbed command exited with code 0
autopkgtest: DBG: testbed command ['sh', '-ec', 'su --shell=/bin/sh openkylin -c \'set -e; exec 3>&1 >&2; set -x; cd /; builddir=$(mktemp -d /tmp/autopkgtest.aTNvas/build.XXX); cd $builddir; dpkg-source -x "/tmp/autopkgtest.aTNvas/libb-keywords-perl_1.24-ok2.dsc" src; chmod -R a+rX .; cd [a-z0-9]*/.; pwd >&3; sed -n "1 {s/).*//; s/ (/\\n/; p}" debian/changelog >&3\''], kind build, sout pipe, serr raw, env []
+ cd /
+ mktemp -d /tmp/autopkgtest.aTNvas/build.XXX
+ builddir=/tmp/autopkgtest.aTNvas/build.xEd
+ cd /tmp/autopkgtest.aTNvas/build.xEd
+ dpkg-source -x /tmp/autopkgtest.aTNvas/libb-keywords-perl_1.24-ok2.dsc src
gpgv: unknown type of key resource 'trustedkeys.kbx'
gpgv: keyblock resource '/tmp/dpkg-verify-sig.x9xajhmw/trustedkeys.kbx': General error
gpgv: Signature made Fri 16 Sep 2022 08:07:50 AM UTC
gpgv:                using RSA key 64FBB79F5EAE64D792E94CFE0716F00F842CD274
gpgv: Can't check signature: No public key
dpkg-source: warning: cannot verify signature /tmp/autopkgtest.aTNvas/libb-keywords-perl_1.24-ok2.dsc
dpkg-source: info: extracting libb-keywords-perl in src
dpkg-source: info: unpacking libb-keywords-perl_1.24.orig.tar.gz
dpkg-source: info: unpacking libb-keywords-perl_1.24-ok2.debian.tar.xz
+ chmod -R a+rX .
+ cd src/.
+ pwd
+ sed -n 1 {s/).*//; s/ (/\n/; p} debian/changelog
autopkgtest: DBG: testbed command exited with code 0
autopkgtest [19:17:29]: testing package libb-keywords-perl version 1.24-ok2
autopkgtest: DBG: sending command to testbed: copyup /tmp/autopkgtest.aTNvas/build.xEd/src/debian/ /home/minami/Documents/openkylin-riscv/test/libb-keywords-perl/pkg/debian/
autopkgtest-virt-qemu: DBG: executing copyup /tmp/autopkgtest.aTNvas/build.xEd/src/debian/ /home/minami/Documents/openkylin-riscv/test/libb-keywords-perl/pkg/debian/
autopkgtest-virt-qemu: DBG: ['cmdls', "(['/tmp/autopkgtest-qemu.553z9w7o/runcmd', 'sh', '-ec', 'cd /tmp/autopkgtest.aTNvas/build.xEd/src/debian/; tar --warning=none -c . -f -'], ['tar', '--directory', '/home/minami/Documents/openkylin-riscv/test/libb-keywords-perl/pkg/debian/', '--warning=none', '--preserve-permissions', '--extract', '--no-same-owner', '-f', '-'])"]
autopkgtest-virt-qemu: DBG: ['srcstdin', "<_io.BufferedReader name='/dev/null'>", 'deststdout', "<_io.BufferedReader name='/dev/null'>", 'devnull_read', <_io.BufferedReader name='/dev/null'>]
autopkgtest-virt-qemu: DBG:  +< /tmp/autopkgtest-qemu.553z9w7o/runcmd sh -ec cd /tmp/autopkgtest.aTNvas/build.xEd/src/debian/; tar --warning=none -c . -f -
autopkgtest-virt-qemu: DBG:  +> tar --directory /home/minami/Documents/openkylin-riscv/test/libb-keywords-perl/pkg/debian/ --warning=none --preserve-permissions --extract --no-same-owner -f -
autopkgtest-virt-qemu: DBG:  +>?
autopkgtest-virt-qemu: DBG:  +<?
autopkgtest: DBG: got reply from testbed: ok
autopkgtest: DBG: autodep8 generated control: -----
Test-Command: /usr/share/pkg-perl-autopkgtest/runner build-deps
Depends: @, @builddeps@, pkg-perl-autopkgtest, 
Restrictions: skippable, 
Features: test-name=autodep8-perl-build-deps


Test-Command: /usr/share/pkg-perl-autopkgtest/runner runtime-deps
Depends: @, pkg-perl-autopkgtest, 
Restrictions: skippable, superficial, 
Features: test-name=autodep8-perl


Test-Command: /usr/share/pkg-perl-autopkgtest/runner runtime-deps-and-recommends
Depends: @, pkg-perl-autopkgtest, 
Restrictions: needs-recommends, skippable, superficial, 
Features: test-name=autodep8-perl-recommends


-------
autopkgtest: DBG: processing dependency @
autopkgtest: DBG: synthesised dependency libb-keywords-perl
autopkgtest: DBG: processing dependency @builddeps@
autopkgtest: DBG: synthesised dependency debhelper-compat (= 13)
autopkgtest: DBG: synthesised dependency perl
autopkgtest: DBG: synthesised dependency build-essential
autopkgtest: DBG: processing dependency pkg-perl-autopkgtest
autopkgtest: DBG: Test defined: name autodep8-perl-build-deps path None command "/usr/share/pkg-perl-autopkgtest/runner build-deps" restrictions ['skippable'] features ['test-name=autodep8-perl-build-deps'] depends ['libb-keywords-perl', 'debhelper-compat (= 13)', 'perl', 'build-essential', 'pkg-perl-autopkgtest'] 
autopkgtest: DBG: processing dependency @
autopkgtest: DBG: synthesised dependency libb-keywords-perl
autopkgtest: DBG: processing dependency pkg-perl-autopkgtest
autopkgtest: DBG: Test defined: name autodep8-perl path None command "/usr/share/pkg-perl-autopkgtest/runner runtime-deps" restrictions ['skippable', 'superficial'] features ['test-name=autodep8-perl'] depends ['libb-keywords-perl', 'pkg-perl-autopkgtest'] 
autopkgtest: DBG: processing dependency @
autopkgtest: DBG: synthesised dependency libb-keywords-perl
autopkgtest: DBG: processing dependency pkg-perl-autopkgtest
autopkgtest: DBG: processing dependency @recommends@
autopkgtest: DBG: Test defined: name autodep8-perl-recommends path None command "/usr/share/pkg-perl-autopkgtest/runner runtime-deps-and-recommends" restrictions ['needs-recommends', 'skippable', 'superficial'] features ['test-name=autodep8-perl-recommends'] depends ['libb-keywords-perl', 'pkg-perl-autopkgtest'] 
autopkgtest [19:17:30]: build not needed
autopkgtest: DBG: sending command to testbed: copyup /tmp/autopkgtest.aTNvas/build.xEd/src/ /home/minami/Documents/openkylin-riscv/test/libb-keywords-perl/tests-tree/
autopkgtest-virt-qemu: DBG: executing copyup /tmp/autopkgtest.aTNvas/build.xEd/src/ /home/minami/Documents/openkylin-riscv/test/libb-keywords-perl/tests-tree/
autopkgtest-virt-qemu: DBG: ['cmdls', "(['/tmp/autopkgtest-qemu.553z9w7o/runcmd', 'sh', '-ec', 'cd /tmp/autopkgtest.aTNvas/build.xEd/src/; tar --warning=none -c . -f -'], ['tar', '--directory', '/home/minami/Documents/openkylin-riscv/test/libb-keywords-perl/tests-tree/', '--warning=none', '--preserve-permissions', '--extract', '--no-same-owner', '-f', '-'])"]
autopkgtest-virt-qemu: DBG: ['srcstdin', "<_io.BufferedReader name='/dev/null'>", 'deststdout', "<_io.BufferedReader name='/dev/null'>", 'devnull_read', <_io.BufferedReader name='/dev/null'>]
autopkgtest-virt-qemu: DBG:  +< /tmp/autopkgtest-qemu.553z9w7o/runcmd sh -ec cd /tmp/autopkgtest.aTNvas/build.xEd/src/; tar --warning=none -c . -f -
autopkgtest-virt-qemu: DBG:  +> tar --directory /home/minami/Documents/openkylin-riscv/test/libb-keywords-perl/tests-tree/ --warning=none --preserve-permissions --extract --no-same-owner -f -
autopkgtest-virt-qemu: DBG:  +>?
autopkgtest-virt-qemu: DBG:  +<?
autopkgtest: DBG: got reply from testbed: ok
autopkgtest: DBG: autodep8 generated control: -----
Test-Command: /usr/share/pkg-perl-autopkgtest/runner build-deps
Depends: @, @builddeps@, pkg-perl-autopkgtest, 
Restrictions: skippable, 
Features: test-name=autodep8-perl-build-deps


Test-Command: /usr/share/pkg-perl-autopkgtest/runner runtime-deps
Depends: @, pkg-perl-autopkgtest, 
Restrictions: skippable, superficial, 
Features: test-name=autodep8-perl


Test-Command: /usr/share/pkg-perl-autopkgtest/runner runtime-deps-and-recommends
Depends: @, pkg-perl-autopkgtest, 
Restrictions: needs-recommends, skippable, superficial, 
Features: test-name=autodep8-perl-recommends


-------
autopkgtest: DBG: processing dependency @
autopkgtest: DBG: synthesised dependency libb-keywords-perl
autopkgtest: DBG: processing dependency @builddeps@
autopkgtest: DBG: synthesised dependency debhelper-compat (= 13)
autopkgtest: DBG: synthesised dependency perl
autopkgtest: DBG: synthesised dependency build-essential
autopkgtest: DBG: processing dependency pkg-perl-autopkgtest
autopkgtest: DBG: Test defined: name autodep8-perl-build-deps path None command "/usr/share/pkg-perl-autopkgtest/runner build-deps" restrictions ['skippable'] features ['test-name=autodep8-perl-build-deps'] depends ['libb-keywords-perl', 'debhelper-compat (= 13)', 'perl', 'build-essential', 'pkg-perl-autopkgtest'] 
autopkgtest: DBG: processing dependency @
autopkgtest: DBG: synthesised dependency libb-keywords-perl
autopkgtest: DBG: processing dependency pkg-perl-autopkgtest
autopkgtest: DBG: Test defined: name autodep8-perl path None command "/usr/share/pkg-perl-autopkgtest/runner runtime-deps" restrictions ['skippable', 'superficial'] features ['test-name=autodep8-perl'] depends ['libb-keywords-perl', 'pkg-perl-autopkgtest'] 
autopkgtest: DBG: processing dependency @
autopkgtest: DBG: synthesised dependency libb-keywords-perl
autopkgtest: DBG: processing dependency pkg-perl-autopkgtest
autopkgtest: DBG: processing dependency @recommends@
autopkgtest: DBG: Test defined: name autodep8-perl-recommends path None command "/usr/share/pkg-perl-autopkgtest/runner runtime-deps-and-recommends" restrictions ['needs-recommends', 'skippable', 'superficial'] features ['test-name=autodep8-perl-recommends'] depends ['libb-keywords-perl', 'pkg-perl-autopkgtest'] 
autopkgtest [19:17:30]: test autodep8-perl-build-deps: preparing testbed
autopkgtest: DBG: testbed reset: modified=False, deps_installed=[], deps_new=['libb-keywords-perl', 'debhelper-compat (= 13)', 'perl', 'build-essential', 'pkg-perl-autopkgtest']
autopkgtest: DBG: Binaries: no registered binaries, not publishing anything
autopkgtest: DBG: install_deps: deps_new=['libb-keywords-perl', 'debhelper-compat (= 13)', 'perl', 'build-essential', 'pkg-perl-autopkgtest']
autopkgtest: DBG: install-deps: satisfying libb-keywords-perl, debhelper-compat (= 13), perl, build-essential, pkg-perl-autopkgtest
autopkgtest: DBG: install-deps: architecture resolved: libb-keywords-perl, debhelper-compat (= 13), perl, build-essential, pkg-perl-autopkgtest
autopkgtest: DBG: testbed command ['test', '-w', '/var/lib/dpkg/status'], kind short, sout raw, serr raw, env []
autopkgtest: DBG: testbed command exited with code 0
autopkgtest: DBG: can use apt-get on testbed: True
autopkgtest: DBG: testbed command ['mkdir', '-p', '/tmp/autopkgtest.aTNvas'], kind short, sout raw, serr pipe, env []
autopkgtest: DBG: testbed command exited with code 0
autopkgtest: DBG: sending command to testbed: copydown /home/minami/Documents/openkylin-riscv/test/libb-keywords-perl/1-autopkgtest-satdep.deb /tmp/autopkgtest.aTNvas/1-autopkgtest-satdep.deb
autopkgtest-virt-qemu: DBG: executing copydown /home/minami/Documents/openkylin-riscv/test/libb-keywords-perl/1-autopkgtest-satdep.deb /tmp/autopkgtest.aTNvas/1-autopkgtest-satdep.deb
autopkgtest-virt-qemu: DBG: ['cmdls', "(['cat'], ['/tmp/autopkgtest-qemu.553z9w7o/runcmd', 'sh', '-ec', 'cat >/tmp/autopkgtest.aTNvas/1-autopkgtest-satdep.deb'])"]
autopkgtest-virt-qemu: DBG: ['srcstdin', "<_io.BufferedReader name='/home/minami/Documents/openkylin-riscv/test/libb-keywords-perl/1-autopkgtest-satdep.deb'>", 'deststdout', "<_io.BufferedReader name='/dev/null'>", 'devnull_read', <_io.BufferedReader name='/dev/null'>]
autopkgtest-virt-qemu: DBG:  +< cat
autopkgtest-virt-qemu: DBG:  +> /tmp/autopkgtest-qemu.553z9w7o/runcmd sh -ec cat >/tmp/autopkgtest.aTNvas/1-autopkgtest-satdep.deb
autopkgtest-virt-qemu: DBG:  +>?
autopkgtest-virt-qemu: DBG:  +<?
autopkgtest: DBG: got reply from testbed: ok
autopkgtest: DBG: testbed command ['chown', '-R', 'openkylin', '--', '/tmp/autopkgtest.aTNvas/1-autopkgtest-satdep.deb'], kind short, sout raw, serr pipe, env []
autopkgtest: DBG: testbed command exited with code 0
autopkgtest: DBG: testbed command ['dpkg', '--unpack', '/tmp/autopkgtest.aTNvas/1-autopkgtest-satdep.deb'], kind short, sout pipe, serr pipe, env []
autopkgtest: DBG: testbed command exited with code 0
autopkgtest: DBG: testbed command ['/bin/sh', '-ec', ' apt-get install --assume-yes --fix-broken -o APT::Status-Fd=3 -o APT::Install-Recommends=false -o Dpkg::Options::=--force-confnew -o Debug::pkgProblemResolver=true 3>&2 2>&1'], kind install, sout raw, serr pipe, env ['DEBIAN_FRONTEND=noninteractive', 'APT_LISTBUGS_FRONTEND=none', 'APT_LISTCHANGES_FRONTEND=none']
Reading package lists...
Building dependency tree...
Reading state information...
Correcting dependencies...Starting pkgProblemResolver with broken count: 0
Starting 2 pkgProblemResolver with broken count: 0
Done
 Done
Starting pkgProblemResolver with broken count: 0
Starting 2 pkgProblemResolver with broken count: 0
Done
The following packages were automatically installed and are no longer required:
  libdjvulibre-text libdjvulibre21 libegl-dev libgl-dev libglu1-mesa-dev
  libglx-dev libmpdec2 libvulkan-dev libx11-dev libxau-dev libxcb1-dev
  libxdmcp-dev libxext-dev qt5-qmake qt5-qmake-bin x11proto-core-dev
  x11proto-dev xorg-sgml-doctools xtrans-dev
Use 'apt autoremove' to remove them.
The following additional packages will be installed:
  autoconf autodep8 automake autopoint autotools-dev build-essential
  dctrl-tools debhelper debugedit dh-autoreconf dh-strip-nondeterminism dwz
  g++ g++-9 gcc gcc-9 intltool-debian libarchive-zip-perl libb-keywords-perl
  libcc1-0 libdebhelper-perl libfile-stripnondeterminism-perl libsigsegv2
  libsub-override-perl libtool m4 pkg-perl-autopkgtest po-debconf
Suggested packages:
  autoconf-archive gnu-standards autoconf-doc debtags dh-make gcc-9-doc bison
  flex gcc-doc gcc-multilib gdb manpages-dev gcc-9-locales libtool-doc
  gfortran | fortran95-compiler gcj-jdk m4-doc libmail-box-perl
Recommended packages:
  libarchive-cpio-perl libltdl-dev libmail-sendmail-perl
The following NEW packages will be installed:
  autoconf autodep8 automake autopoint autotools-dev build-essential
  dctrl-tools debhelper debugedit dh-autoreconf dh-strip-nondeterminism dwz
  g++ g++-9 gcc gcc-9 intltool-debian libarchive-zip-perl libb-keywords-perl
  libcc1-0 libdebhelper-perl libfile-stripnondeterminism-perl libsigsegv2
  libsub-override-perl libtool m4 pkg-perl-autopkgtest po-debconf
0 upgraded, 28 newly installed, 0 to remove and 18 not upgraded.
1 not fully installed or removed.
Need to get 18.5 MB of archives.
After this operation, 45.6 MB of additional disk space will be used.
Get:1 http://ppa.build.openkylin.top/kylinsoft/anything/openkylin yangtze/main riscv64 autodep8 all 0.22-ok1 [10.1 kB]
Get:2 http://archive.build.openkylin.top/openkylin yangtze/main riscv64 libb-keywords-perl all 1.24-ok2 [10.3 kB]
Get:3 http://ppa.build.openkylin.top/kylinsoft/anything/openkylin yangtze/main riscv64 pkg-perl-autopkgtest all 0.59-ok1 [8,208 B]
Get:4 http://archive.build.openkylin.top/openkylin yangtze/main riscv64 autotools-dev all 20220506-ok1 [41.6 kB]
Get:5 http://archive.build.openkylin.top/openkylin yangtze/main riscv64 debugedit riscv64 1:5.0-ok1 [71.2 kB]
Get:6 http://archive.build.openkylin.top/openkylin yangtze/main riscv64 libsigsegv2 riscv64 2.12-ok1 [11.5 kB]
Get:7 http://archive.build.openkylin.top/openkylin yangtze/main riscv64 m4 riscv64 1.4.18-ok2 [191 kB]
Get:8 http://archive.build.openkylin.top/openkylin yangtze/main riscv64 autoconf all 2.71-ok2 [390 kB]
Get:9 http://archive.build.openkylin.top/openkylin yangtze/main riscv64 automake all 1:1.16.5-ok1 [557 kB]
Get:10 http://archive.build.openkylin.top/openkylin yangtze/main riscv64 autopoint all 0.19.8.1-ok1 [410 kB]
Get:11 http://archive.build.openkylin.top/openkylin yangtze/main riscv64 libdebhelper-perl all 13.6-ok1 [61.4 kB]
Get:12 http://archive.build.openkylin.top/openkylin yangtze/main riscv64 libcc1-0 riscv64 10-20200411-ok5 [42.3 kB]
Get:13 http://archive.build.openkylin.top/openkylin yangtze/main riscv64 gcc-9 riscv64 9.3.0-ok4 [7,417 kB]
Get:14 http://archive.build.openkylin.top/openkylin yangtze/main riscv64 gcc riscv64 4:9.3.0-ok7 [5,160 B]
Get:15 http://archive.build.openkylin.top/openkylin yangtze/main riscv64 libtool all 2.4.6-ok1 [159 kB]
Get:16 http://archive.build.openkylin.top/openkylin yangtze/main riscv64 dh-autoreconf all 20-ok1 [16.3 kB]
Get:17 http://archive.build.openkylin.top/openkylin yangtze/main riscv64 libarchive-zip-perl all 1.68-ok1 [90.7 kB]
Get:18 http://archive.build.openkylin.top/openkylin yangtze/main riscv64 libsub-override-perl all 0.09-ok2 [8,374 B]
Get:19 http://archive.build.openkylin.top/openkylin yangtze/main riscv64 libfile-stripnondeterminism-perl all 1.13.0-ok1 [16.8 kB]
Get:20 http://archive.build.openkylin.top/openkylin yangtze/main riscv64 dh-strip-nondeterminism all 1.13.0-ok1 [5,334 B]
Get:21 http://archive.build.openkylin.top/openkylin yangtze/main riscv64 dwz riscv64 0.14-ok1 [123 kB]
Get:22 http://archive.build.openkylin.top/openkylin yangtze/main riscv64 intltool-debian all 0.35.0+20060710.5-ok2 [23.2 kB]
Get:23 http://archive.build.openkylin.top/openkylin yangtze/main riscv64 po-debconf all 1.0.21+nmu1-ok1 [227 kB]
Get:24 http://archive.build.openkylin.top/openkylin yangtze/main riscv64 debhelper all 13.6-ok1 [931 kB]
Get:25 http://archive.build.openkylin.top/openkylin yangtze/main riscv64 g++-9 riscv64 9.3.0-ok4 [7,571 kB]
Get:26 http://archive.build.openkylin.top/openkylin yangtze/main riscv64 g++ riscv64 4:9.3.0-ok7 [1,470 B]
Get:27 http://archive.build.openkylin.top/openkylin yangtze/main riscv64 build-essential riscv64 12.8-ok1 [4,000 B]
Get:28 http://archive.build.openkylin.top/openkylin yangtze/main riscv64 dctrl-tools riscv64 2.24-ok1 [55.6 kB]
Fetched 18.5 MB in 3s (5,533 kB/s)
Selecting previously unselected package libb-keywords-perl.
(Reading database ... (Reading database ... 5%(Reading database ... 10%(Reading database ... 15%(Reading database ... 20%(Reading database ... 25%(Reading database ... 30%(Reading database ... 35%(Reading database ... 40%(Reading database ... 45%(Reading database ... 50%(Reading database ... 55%(Reading database ... 60%(Reading database ... 65%(Reading database ... 70%(Reading database ... 75%(Reading database ... 80%(Reading database ... 85%(Reading database ... 90%(Reading database ... 95%(Reading database ... 100%(Reading database ... 161111 files and directories currently installed.)
Preparing to unpack .../00-libb-keywords-perl_1.24-ok2_all.deb ...
Unpacking libb-keywords-perl (1.24-ok2) ...
Selecting previously unselected package autotools-dev.
Preparing to unpack .../01-autotools-dev_20220506-ok1_all.deb ...
Unpacking autotools-dev (20220506-ok1) ...
Selecting previously unselected package debugedit.
Preparing to unpack .../02-debugedit_1%3a5.0-ok1_riscv64.deb ...
Unpacking debugedit (1:5.0-ok1) ...
Selecting previously unselected package libsigsegv2:riscv64.
Preparing to unpack .../03-libsigsegv2_2.12-ok1_riscv64.deb ...
Unpacking libsigsegv2:riscv64 (2.12-ok1) ...
Selecting previously unselected package m4.
Preparing to unpack .../04-m4_1.4.18-ok2_riscv64.deb ...
Unpacking m4 (1.4.18-ok2) ...
Selecting previously unselected package autoconf.
Preparing to unpack .../05-autoconf_2.71-ok2_all.deb ...
Unpacking autoconf (2.71-ok2) ...
Selecting previously unselected package automake.
Preparing to unpack .../06-automake_1%3a1.16.5-ok1_all.deb ...
Unpacking automake (1:1.16.5-ok1) ...
Selecting previously unselected package autopoint.
Preparing to unpack .../07-autopoint_0.19.8.1-ok1_all.deb ...
Unpacking autopoint (0.19.8.1-ok1) ...
Selecting previously unselected package libdebhelper-perl.
Preparing to unpack .../08-libdebhelper-perl_13.6-ok1_all.deb ...
Unpacking libdebhelper-perl (13.6-ok1) ...
Selecting previously unselected package libcc1-0:riscv64.
Preparing to unpack .../09-libcc1-0_10-20200411-ok5_riscv64.deb ...
Unpacking libcc1-0:riscv64 (10-20200411-ok5) ...
Selecting previously unselected package gcc-9.
Preparing to unpack .../10-gcc-9_9.3.0-ok4_riscv64.deb ...
Unpacking gcc-9 (9.3.0-ok4) ...
Selecting previously unselected package gcc.
Preparing to unpack .../11-gcc_4%3a9.3.0-ok7_riscv64.deb ...
Unpacking gcc (4:9.3.0-ok7) ...
Selecting previously unselected package libtool.
Preparing to unpack .../12-libtool_2.4.6-ok1_all.deb ...
Unpacking libtool (2.4.6-ok1) ...
Selecting previously unselected package dh-autoreconf.
Preparing to unpack .../13-dh-autoreconf_20-ok1_all.deb ...
Unpacking dh-autoreconf (20-ok1) ...
Selecting previously unselected package libarchive-zip-perl.
Preparing to unpack .../14-libarchive-zip-perl_1.68-ok1_all.deb ...
Unpacking libarchive-zip-perl (1.68-ok1) ...
Selecting previously unselected package libsub-override-perl.
Preparing to unpack .../15-libsub-override-perl_0.09-ok2_all.deb ...
Unpacking libsub-override-perl (0.09-ok2) ...
Selecting previously unselected package libfile-stripnondeterminism-perl.
Preparing to unpack .../16-libfile-stripnondeterminism-perl_1.13.0-ok1_all.deb ...
Unpacking libfile-stripnondeterminism-perl (1.13.0-ok1) ...
Selecting previously unselected package dh-strip-nondeterminism.
Preparing to unpack .../17-dh-strip-nondeterminism_1.13.0-ok1_all.deb ...
Unpacking dh-strip-nondeterminism (1.13.0-ok1) ...
Selecting previously unselected package dwz.
Preparing to unpack .../18-dwz_0.14-ok1_riscv64.deb ...
Unpacking dwz (0.14-ok1) ...
Selecting previously unselected package intltool-debian.
Preparing to unpack .../19-intltool-debian_0.35.0+20060710.5-ok2_all.deb ...
Unpacking intltool-debian (0.35.0+20060710.5-ok2) ...
Selecting previously unselected package po-debconf.
Preparing to unpack .../20-po-debconf_1.0.21+nmu1-ok1_all.deb ...
Unpacking po-debconf (1.0.21+nmu1-ok1) ...
Selecting previously unselected package debhelper.
Preparing to unpack .../21-debhelper_13.6-ok1_all.deb ...
Unpacking debhelper (13.6-ok1) ...
Selecting previously unselected package g++-9.
Preparing to unpack .../22-g++-9_9.3.0-ok4_riscv64.deb ...
Unpacking g++-9 (9.3.0-ok4) ...
Selecting previously unselected package g++.
Preparing to unpack .../23-g++_4%3a9.3.0-ok7_riscv64.deb ...
Unpacking g++ (4:9.3.0-ok7) ...
Selecting previously unselected package build-essential.
Preparing to unpack .../24-build-essential_12.8-ok1_riscv64.deb ...
Unpacking build-essential (12.8-ok1) ...
Selecting previously unselected package dctrl-tools.
Preparing to unpack .../25-dctrl-tools_2.24-ok1_riscv64.deb ...
Unpacking dctrl-tools (2.24-ok1) ...
Selecting previously unselected package autodep8.
Preparing to unpack .../26-autodep8_0.22-ok1_all.deb ...
Unpacking autodep8 (0.22-ok1) ...
Selecting previously unselected package pkg-perl-autopkgtest.
Preparing to unpack .../27-pkg-perl-autopkgtest_0.59-ok1_all.deb ...
Unpacking pkg-perl-autopkgtest (0.59-ok1) ...
Setting up libarchive-zip-perl (1.68-ok1) ...
Setting up libdebhelper-perl (13.6-ok1) ...
Setting up intltool-debian (0.35.0+20060710.5-ok2) ...
Setting up autotools-dev (20220506-ok1) ...
Setting up libsigsegv2:riscv64 (2.12-ok1) ...
Setting up autopoint (0.19.8.1-ok1) ...
Setting up libb-keywords-perl (1.24-ok2) ...
Setting up dwz (0.14-ok1) ...
Setting up debugedit (1:5.0-ok1) ...
Setting up libsub-override-perl (0.09-ok2) ...
Setting up libcc1-0:riscv64 (10-20200411-ok5) ...
Setting up dctrl-tools (2.24-ok1) ...
Setting up autodep8 (0.22-ok1) ...
Setting up libfile-stripnondeterminism-perl (1.13.0-ok1) ...
Setting up gcc-9 (9.3.0-ok4) ...
Setting up libtool (2.4.6-ok1) ...
Setting up po-debconf (1.0.21+nmu1-ok1) ...
Setting up m4 (1.4.18-ok2) ...
Setting up gcc (4:9.3.0-ok7) ...
Setting up g++-9 (9.3.0-ok4) ...
Setting up pkg-perl-autopkgtest (0.59-ok1) ...
Setting up autoconf (2.71-ok2) ...
Setting up dh-strip-nondeterminism (1.13.0-ok1) ...
Setting up g++ (4:9.3.0-ok7) ...
update-alternatives: using /usr/bin/g++ to provide /usr/bin/c++ (c++) in auto mode
Setting up build-essential (12.8-ok1) ...
Setting up automake (1:1.16.5-ok1) ...
update-alternatives: using /usr/bin/automake-1.16 to provide /usr/bin/automake (automake) in auto mode
Setting up dh-autoreconf (20-ok1) ...
Setting up debhelper (13.6-ok1) ...
Setting up autopkgtest-satdep (0) ...
Processing triggers for man-db (2.9.1-ok3) ...
Processing triggers for install-info (6.7.0.dfsg.2-ok1) ...
Processing triggers for libc-bin (2.36-ok2) ...
autopkgtest: DBG: testbed command exited with code 0
autopkgtest: DBG: testbed command ['dpkg-query', '--show', '-f', '${Status}', 'libb-keywords-perl'], kind short, sout pipe, serr pipe, env []
autopkgtest: DBG: testbed command exited with code 0
autopkgtest: DBG: testbed command ['dpkg', '--status', 'autopkgtest-satdep'], kind short, sout pipe, serr pipe, env []
autopkgtest: DBG: testbed command exited with code 0
autopkgtest: DBG: testbed command ['apt-get', '--simulate', '--quiet', '-o', 'APT::Get::Show-User-Simulation-Note=False', '--auto-remove', 'purge', 'autopkgtest-satdep'], kind short, sout pipe, serr pipe, env []
autopkgtest: DBG: testbed command exited with code 0
autopkgtest: DBG: Marking test dependencies as manually installed: pkg-perl-autopkgtest autodep8 dctrl-tools dh-autoreconf debhelper dh-strip-nondeterminism debugedit dwz po-debconf intltool-debian libfile-stripnondeterminism-perl libarchive-zip-perl libb-keywords-perl libdebhelper-perl libdjvulibre21 libdjvulibre-text libegl-dev libglu1-mesa-dev libgl-dev libglx-dev libmpdec2 libsub-override-perl libvulkan-dev libxext-dev libx11-dev libxcb1-dev libxau-dev libxdmcp-dev qt5-qmake qt5-qmake-bin x11proto-core-dev x11proto-dev xorg-sgml-doctools xtrans-dev
autopkgtest: DBG: testbed command ['apt-mark', 'manual', '-qq', 'pkg-perl-autopkgtest', 'autodep8', 'dctrl-tools', 'dh-autoreconf', 'debhelper', 'dh-strip-nondeterminism', 'debugedit', 'dwz', 'po-debconf', 'intltool-debian', 'libfile-stripnondeterminism-perl', 'libarchive-zip-perl', 'libb-keywords-perl', 'libdebhelper-perl', 'libdjvulibre21', 'libdjvulibre-text', 'libegl-dev', 'libglu1-mesa-dev', 'libgl-dev', 'libglx-dev'], kind short, sout raw, serr pipe, env []
autopkgtest: DBG: testbed command exited with code 0
autopkgtest: DBG: testbed command ['apt-mark', 'manual', '-qq', 'libmpdec2', 'libsub-override-perl', 'libvulkan-dev', 'libxext-dev', 'libx11-dev', 'libxcb1-dev', 'libxau-dev', 'libxdmcp-dev', 'qt5-qmake', 'qt5-qmake-bin', 'x11proto-core-dev', 'x11proto-dev', 'xorg-sgml-doctools', 'xtrans-dev'], kind short, sout raw, serr pipe, env []
autopkgtest: DBG: testbed command exited with code 0
autopkgtest: DBG: testbed command ['dpkg', '--purge', 'autopkgtest-satdep'], kind short, sout raw, serr raw, env []
(Reading database ... 162284 files and directories currently installed.)
Removing autopkgtest-satdep (0) ...
autopkgtest: DBG: testbed command exited with code 0
autopkgtest: DBG: testbed command ['sh', '-ec', 'command -v dpkg-query'], kind short, sout pipe, serr pipe, env []
autopkgtest: DBG: testbed command exited with code 0
autopkgtest: DBG: testbed command ['sh', '-ec', "dpkg-query --show -f '${Package}\\t${Version}\\n' > /tmp/autopkgtest.aTNvas/autodep8-perl-build-deps-packages.all"], kind short, sout raw, serr pipe, env []
autopkgtest: DBG: testbed command exited with code 0
autopkgtest: DBG: sending command to testbed: copyup /tmp/autopkgtest.aTNvas/autodep8-perl-build-deps-packages.all /home/minami/Documents/openkylin-riscv/test/libb-keywords-perl/autodep8-perl-build-deps-packages.all
autopkgtest-virt-qemu: DBG: executing copyup /tmp/autopkgtest.aTNvas/autodep8-perl-build-deps-packages.all /home/minami/Documents/openkylin-riscv/test/libb-keywords-perl/autodep8-perl-build-deps-packages.all
autopkgtest-virt-qemu: DBG: ['cmdls', "(['/tmp/autopkgtest-qemu.553z9w7o/runcmd', 'sh', '-ec', 'cat </tmp/autopkgtest.aTNvas/autodep8-perl-build-deps-packages.all'], ['cat'])"]
autopkgtest-virt-qemu: DBG: ['srcstdin', "<_io.BufferedReader name='/dev/null'>", 'deststdout', "<_io.BufferedWriter name='/home/minami/Documents/openkylin-riscv/test/libb-keywords-perl/autodep8-perl-build-deps-packages.all'>", 'devnull_read', <_io.BufferedReader name='/dev/null'>]
autopkgtest-virt-qemu: DBG:  +< /tmp/autopkgtest-qemu.553z9w7o/runcmd sh -ec cat </tmp/autopkgtest.aTNvas/autodep8-perl-build-deps-packages.all
autopkgtest-virt-qemu: DBG:  +> cat
autopkgtest-virt-qemu: DBG:  +>?
autopkgtest-virt-qemu: DBG:  +<?
autopkgtest: DBG: got reply from testbed: ok
autopkgtest: DBG: testbed command ['test', '-e', '/tmp/autopkgtest.aTNvas/build.xEd/src'], kind short, sout raw, serr raw, env []
autopkgtest: DBG: testbed command exited with code 0
autopkgtest: DBG: copydown: tb path /tmp/autopkgtest.aTNvas/build.xEd/src already exists
autopkgtest [19:19:00]: test autodep8-perl-build-deps: /usr/share/pkg-perl-autopkgtest/runner build-deps
autopkgtest [19:19:00]: test autodep8-perl-build-deps: [-----------------------
autopkgtest: DBG: testbed command ['su', '-s', '/bin/bash', 'openkylin', '-c', 'set -e; export USER=`id -nu`; . /etc/profile >/dev/null 2>&1 || true;  . ~/.profile >/dev/null 2>&1 || true; buildtree="/tmp/autopkgtest.aTNvas/build.xEd/src"; mkdir -p -m 1777 -- "/tmp/autopkgtest.aTNvas/autodep8-perl-build-deps-artifacts"; export AUTOPKGTEST_ARTIFACTS="/tmp/autopkgtest.aTNvas/autodep8-perl-build-deps-artifacts"; export ADT_ARTIFACTS="$AUTOPKGTEST_ARTIFACTS"; mkdir -p -m 755 "/tmp/autopkgtest.aTNvas/autopkgtest_tmp"; export AUTOPKGTEST_TMP="/tmp/autopkgtest.aTNvas/autopkgtest_tmp"; export ADTTMP="$AUTOPKGTEST_TMP"; export DEBIAN_FRONTEND=noninteractive; export LANG=C.UTF-8; export DEB_BUILD_OPTIONS=parallel=8; unset LANGUAGE LC_CTYPE LC_NUMERIC LC_TIME LC_COLLATE   LC_MONETARY LC_MESSAGES LC_PAPER LC_NAME LC_ADDRESS   LC_TELEPHONE LC_MEASUREMENT LC_IDENTIFICATION LC_ALL;cd "$buildtree"; exec /tmp/autopkgtest.aTNvas/wrapper.sh --script-pid-file=/tmp/autopkgtest_script_pid --stderr=/tmp/autopkgtest.aTNvas/autodep8-perl-build-deps-stderr --stdout=/tmp/autopkgtest.aTNvas/autodep8-perl-build-deps-stdout -- bash -ec \'/usr/share/pkg-perl-autopkgtest/runner build-deps\' ;'], kind test, sout raw, serr raw, env []
t/10basic.t ................. 
1..7
# Running under perl version 5.030000 for linux
# Current time local: Thu Feb 16 11:19:44 2023
# Current time GMT:   Thu Feb 16 11:19:44 2023
# Using Test.pm version 1.31
ok 1
ok 2
ok 3
ok 4
ok 5
ok 6
ok 7
ok
t/11keywords.t .............. 
# check if all keywords.h have @Symbols or @Barewords
ok 1 - keyword: NULL
ok 2 - keyword: __FILE__
ok 3 - keyword: __LINE__
ok 4 - keyword: __PACKAGE__
ok 5 - keyword: __DATA__
ok 6 - keyword: __END__
ok 7 - keyword: __SUB__
ok 8 - keyword: AUTOLOAD
ok 9 - keyword: BEGIN
ok 10 - keyword: UNITCHECK
ok 11 - keyword: DESTROY
ok 12 - keyword: END
ok 13 - keyword: INIT
ok 14 - keyword: CHECK
ok 15 - keyword: abs
ok 16 - keyword: accept
ok 17 - keyword: alarm
ok 18 - keyword: and
ok 19 - keyword: atan2
ok 20 - keyword: bind
ok 21 - keyword: binmode
ok 22 - keyword: bless
ok 23 - keyword: break
ok 24 - keyword: caller
ok 25 - keyword: chdir
ok 26 - keyword: chmod
ok 27 - keyword: chomp
ok 28 - keyword: chop
ok 29 - keyword: chown
ok 30 - keyword: chr
ok 31 - keyword: chroot
ok 32 - keyword: close
ok 33 - keyword: closedir
ok 34 - keyword: cmp
ok 35 - keyword: connect
ok 36 - keyword: continue
ok 37 - keyword: cos
ok 38 - keyword: crypt
ok 39 - keyword: dbmclose
ok 40 - keyword: dbmopen
ok 41 - keyword: default
ok 42 - keyword: defined
ok 43 - keyword: delete
ok 44 - keyword: die
ok 45 - keyword: do
ok 46 - keyword: dump
ok 47 - keyword: each
ok 48 - keyword: else
ok 49 - keyword: elsif
ok 50 - keyword: endgrent
ok 51 - keyword: endhostent
ok 52 - keyword: endnetent
ok 53 - keyword: endprotoent
ok 54 - keyword: endpwent
ok 55 - keyword: endservent
ok 56 - keyword: eof
ok 57 - keyword: eq
ok 58 - keyword: eval
ok 59 - keyword: evalbytes
ok 60 - keyword: exec
ok 61 - keyword: exists
ok 62 - keyword: exit
ok 63 - keyword: exp
ok 64 - keyword: fc
ok 65 - keyword: fcntl
ok 66 - keyword: fileno
ok 67 - keyword: flock
ok 68 - keyword: for
ok 69 - keyword: foreach
ok 70 - keyword: fork
ok 71 - keyword: format
ok 72 - keyword: formline
ok 73 - keyword: ge
ok 74 - keyword: getc
ok 75 - keyword: getgrent
ok 76 - keyword: getgrgid
ok 77 - keyword: getgrnam
ok 78 - keyword: gethostbyaddr
ok 79 - keyword: gethostbyname
ok 80 - keyword: gethostent
ok 81 - keyword: getlogin
ok 82 - keyword: getnetbyaddr
ok 83 - keyword: getnetbyname
ok 84 - keyword: getnetent
ok 85 - keyword: getpeername
ok 86 - keyword: getpgrp
ok 87 - keyword: getppid
ok 88 - keyword: getpriority
ok 89 - keyword: getprotobyname
ok 90 - keyword: getprotobynumber
ok 91 - keyword: getprotoent
ok 92 - keyword: getpwent
ok 93 - keyword: getpwnam
ok 94 - keyword: getpwuid
ok 95 - keyword: getservbyname
ok 96 - keyword: getservbyport
ok 97 - keyword: getservent
ok 98 - keyword: getsockname
ok 99 - keyword: getsockopt
ok 100 - keyword: given
ok 101 - keyword: glob
ok 102 - keyword: gmtime
ok 103 - keyword: goto
ok 104 - keyword: grep
ok 105 - keyword: gt
ok 106 - keyword: hex
ok 107 - keyword: if
ok 108 - keyword: index
ok 109 - keyword: int
ok 110 - keyword: ioctl
ok 111 - keyword: join
ok 112 - keyword: keys
ok 113 - keyword: kill
ok 114 - keyword: last
ok 115 - keyword: lc
ok 116 - keyword: lcfirst
ok 117 - keyword: le
ok 118 - keyword: length
ok 119 - keyword: link
ok 120 - keyword: listen
ok 121 - keyword: local
ok 122 - keyword: localtime
ok 123 - keyword: lock
ok 124 - keyword: log
ok 125 - keyword: lstat
ok 126 - keyword: lt
ok 127 - keyword: m
ok 128 - keyword: map
ok 129 - keyword: mkdir
ok 130 - keyword: msgctl
ok 131 - keyword: msgget
ok 132 - keyword: msgrcv
ok 133 - keyword: msgsnd
ok 134 - keyword: my
ok 135 - keyword: ne
ok 136 - keyword: next
ok 137 - keyword: no
ok 138 - keyword: not
ok 139 - keyword: oct
ok 140 - keyword: open
ok 141 - keyword: opendir
ok 142 - keyword: or
ok 143 - keyword: ord
ok 144 - keyword: our
ok 145 - keyword: pack
ok 146 - keyword: package
ok 147 - keyword: pipe
ok 148 - keyword: pop
ok 149 - keyword: pos
ok 150 - keyword: print
ok 151 - keyword: printf
ok 152 - keyword: prototype
ok 153 - keyword: push
ok 154 - keyword: q
ok 155 - keyword: qq
ok 156 - keyword: qr
ok 157 - keyword: quotemeta
ok 158 - keyword: qw
ok 159 - keyword: qx
ok 160 - keyword: rand
ok 161 - keyword: read
ok 162 - keyword: readdir
ok 163 - keyword: readline
ok 164 - keyword: readlink
ok 165 - keyword: readpipe
ok 166 - keyword: recv
ok 167 - keyword: redo
ok 168 - keyword: ref
ok 169 - keyword: rename
ok 170 - keyword: require
ok 171 - keyword: reset
ok 172 - keyword: return
ok 173 - keyword: reverse
ok 174 - keyword: rewinddir
ok 175 - keyword: rindex
ok 176 - keyword: rmdir
ok 177 - keyword: s
ok 178 - keyword: say
ok 179 - keyword: scalar
ok 180 - keyword: seek
ok 181 - keyword: seekdir
ok 182 - keyword: select
ok 183 - keyword: semctl
ok 184 - keyword: semget
ok 185 - keyword: semop
ok 186 - keyword: send
ok 187 - keyword: setgrent
ok 188 - keyword: sethostent
ok 189 - keyword: setnetent
ok 190 - keyword: setpgrp
ok 191 - keyword: setpriority
ok 192 - keyword: setprotoent
ok 193 - keyword: setpwent
ok 194 - keyword: setservent
ok 195 - keyword: setsockopt
ok 196 - keyword: shift
ok 197 - keyword: shmctl
ok 198 - keyword: shmget
ok 199 - keyword: shmread
ok 200 - keyword: shmwrite
ok 201 - keyword: shutdown
ok 202 - keyword: sin
ok 203 - keyword: sleep
ok 204 - keyword: socket
ok 205 - keyword: socketpair
ok 206 - keyword: sort
ok 207 - keyword: splice
ok 208 - keyword: split
ok 209 - keyword: sprintf
ok 210 - keyword: sqrt
ok 211 - keyword: srand
ok 212 - keyword: stat
ok 213 - keyword: state
ok 214 - keyword: study
ok 215 - keyword: sub
ok 216 - keyword: substr
ok 217 - keyword: symlink
ok 218 - keyword: syscall
ok 219 - keyword: sysopen
ok 220 - keyword: sysread
ok 221 - keyword: sysseek
ok 222 - keyword: system
ok 223 - keyword: syswrite
ok 224 - keyword: tell
ok 225 - keyword: telldir
ok 226 - keyword: tie
ok 227 - keyword: tied
ok 228 - keyword: time
ok 229 - keyword: times
ok 230 - keyword: tr
ok 231 - keyword: truncate
ok 232 - keyword: uc
ok 233 - keyword: ucfirst
ok 234 - keyword: umask
ok 235 - keyword: undef
ok 236 - keyword: unless
ok 237 - keyword: unlink
ok 238 - keyword: unpack
ok 239 - keyword: unshift
ok 240 - keyword: untie
ok 241 - keyword: until
ok 242 - keyword: use
ok 243 - keyword: utime
ok 244 - keyword: values
ok 245 - keyword: vec
ok 246 - keyword: wait
ok 247 - keyword: waitpid
ok 248 - keyword: wantarray
ok 249 - keyword: warn
ok 250 - keyword: when
ok 251 - keyword: while
ok 252 - keyword: write
ok 253 - keyword: x
ok 254 - keyword: xor
ok 255 - keyword: y
# reverse: check if all @Symbols and @Barewords are in keywords.h
ok 256 - keywords.h: __FILE__
ok 257 - keywords.h: __LINE__
ok 258 - keywords.h: __PACKAGE__
ok 259 - keywords.h: __DATA__
ok 260 - keywords.h: __END__
ok 261 - keywords.h: NULL
ok 262 - keywords.h: and
ok 263 - keywords.h: cmp
ok 264 - keywords.h: continue
ok 265 - keywords.h: do
ok 266 - keywords.h: else
ok 267 - keywords.h: elsif
ok 268 - keywords.h: eq
ok 269 - keywords.h: for
ok 270 - keywords.h: foreach
ok 271 - keywords.h: ge
ok 272 - keywords.h: gt
ok 273 - keywords.h: if
ok 274 - keywords.h: le
ok 275 - keywords.h: lock
ok 276 - keywords.h: lt
ok 277 - keywords.h: m
ok 278 - keywords.h: ne
ok 279 - keywords.h: no
ok 280 - keywords.h: or
ok 281 - keywords.h: package
ok 282 - keywords.h: q
ok 283 - keywords.h: qq
ok 284 - keywords.h: qr
ok 285 - keywords.h: qw
ok 286 - keywords.h: qx
ok 287 - keywords.h: s
ok 288 - keywords.h: sub
ok 289 - keywords.h: tr
ok 290 - keywords.h: unless
ok 291 - keywords.h: until
ok 292 - keywords.h: while
ok 293 - keywords.h: x
ok 294 - keywords.h: xor
ok 295 - keywords.h: y
ok 296 - keywords.h: break
ok 297 - keywords.h: given
ok 298 - keywords.h: when
ok 299 - keywords.h: default
ok 300 - keywords.h: state
ok 301 - keywords.h: __SUB__
ok 302 - keywords.h: AUTOLOAD
ok 303 - keywords.h: BEGIN
ok 304 - keywords.h: DESTROY
ok 305 - keywords.h: END
ok 306 - keywords.h: CHECK
ok 307 - keywords.h: INIT
ok 308 - keywords.h: UNITCHECK
ok 309 - keywords.h: abs
ok 310 - keywords.h: accept
ok 311 - keywords.h: alarm
ok 312 - keywords.h: atan2
ok 313 - keywords.h: bind
ok 314 - keywords.h: binmode
ok 315 - keywords.h: bless
ok 316 - keywords.h: break
ok 317 - keywords.h: caller
ok 318 - keywords.h: chdir
ok 319 - keywords.h: chmod
ok 320 - keywords.h: chomp
ok 321 - keywords.h: chop
ok 322 - keywords.h: chown
ok 323 - keywords.h: chr
ok 324 - keywords.h: chroot
ok 325 - keywords.h: close
ok 326 - keywords.h: closedir
ok 327 - keywords.h: connect
ok 328 - keywords.h: cos
ok 329 - keywords.h: crypt
ok 330 - keywords.h: dbmclose
ok 331 - keywords.h: dbmopen
ok 332 - keywords.h: defined
ok 333 - keywords.h: delete
ok 334 - keywords.h: die
ok 335 - keywords.h: dump
ok 336 - keywords.h: each
ok 337 - keywords.h: endgrent
ok 338 - keywords.h: endhostent
ok 339 - keywords.h: endnetent
ok 340 - keywords.h: endprotoent
ok 341 - keywords.h: endpwent
ok 342 - keywords.h: endservent
ok 343 - keywords.h: eof
ok 344 - keywords.h: eval
ok 345 - keywords.h: evalbytes
ok 346 - keywords.h: exec
ok 347 - keywords.h: exists
ok 348 - keywords.h: exit
ok 349 - keywords.h: exp
ok 350 - keywords.h: fc
ok 351 - keywords.h: fcntl
ok 352 - keywords.h: fileno
ok 353 - keywords.h: flock
ok 354 - keywords.h: fork
ok 355 - keywords.h: format
ok 356 - keywords.h: formline
ok 357 - keywords.h: getc
ok 358 - keywords.h: getgrent
ok 359 - keywords.h: getgrgid
ok 360 - keywords.h: getgrnam
ok 361 - keywords.h: gethostbyaddr
ok 362 - keywords.h: gethostbyname
ok 363 - keywords.h: gethostent
ok 364 - keywords.h: getlogin
ok 365 - keywords.h: getnetbyaddr
ok 366 - keywords.h: getnetbyname
ok 367 - keywords.h: getnetent
ok 368 - keywords.h: getpeername
ok 369 - keywords.h: getpgrp
ok 370 - keywords.h: getppid
ok 371 - keywords.h: getpriority
ok 372 - keywords.h: getprotobyname
ok 373 - keywords.h: getprotobynumber
ok 374 - keywords.h: getprotoent
ok 375 - keywords.h: getpwent
ok 376 - keywords.h: getpwnam
ok 377 - keywords.h: getpwuid
ok 378 - keywords.h: getservbyname
ok 379 - keywords.h: getservbyport
ok 380 - keywords.h: getservent
ok 381 - keywords.h: getsockname
ok 382 - keywords.h: getsockopt
ok 383 - keywords.h: given
ok 384 - keywords.h: glob
ok 385 - keywords.h: gmtime
ok 386 - keywords.h: goto
ok 387 - keywords.h: grep
ok 388 - keywords.h: hex
ok 389 - keywords.h: index
ok 390 - keywords.h: int
ok 391 - keywords.h: ioctl
ok 392 - keywords.h: join
ok 393 - keywords.h: keys
ok 394 - keywords.h: kill
ok 395 - keywords.h: last
ok 396 - keywords.h: lc
ok 397 - keywords.h: lcfirst
ok 398 - keywords.h: length
ok 399 - keywords.h: link
ok 400 - keywords.h: listen
ok 401 - keywords.h: local
ok 402 - keywords.h: localtime
ok 403 - keywords.h: lock
ok 404 - keywords.h: log
ok 405 - keywords.h: lstat
ok 406 - keywords.h: map
ok 407 - keywords.h: mkdir
ok 408 - keywords.h: msgctl
ok 409 - keywords.h: msgget
ok 410 - keywords.h: msgrcv
ok 411 - keywords.h: msgsnd
ok 412 - keywords.h: my
ok 413 - keywords.h: next
ok 414 - keywords.h: not
ok 415 - keywords.h: oct
ok 416 - keywords.h: open
ok 417 - keywords.h: opendir
ok 418 - keywords.h: ord
ok 419 - keywords.h: our
ok 420 - keywords.h: pack
ok 421 - keywords.h: pipe
ok 422 - keywords.h: pop
ok 423 - keywords.h: pos
ok 424 - keywords.h: print
ok 425 - keywords.h: printf
ok 426 - keywords.h: prototype
ok 427 - keywords.h: push
ok 428 - keywords.h: quotemeta
ok 429 - keywords.h: rand
ok 430 - keywords.h: read
ok 431 - keywords.h: readdir
ok 432 - keywords.h: readline
ok 433 - keywords.h: readlink
ok 434 - keywords.h: readpipe
ok 435 - keywords.h: recv
ok 436 - keywords.h: redo
ok 437 - keywords.h: ref
ok 438 - keywords.h: rename
ok 439 - keywords.h: require
ok 440 - keywords.h: reset
ok 441 - keywords.h: return
ok 442 - keywords.h: reverse
ok 443 - keywords.h: rewinddir
ok 444 - keywords.h: rindex
ok 445 - keywords.h: rmdir
ok 446 - keywords.h: say
ok 447 - keywords.h: scalar
ok 448 - keywords.h: seek
ok 449 - keywords.h: seekdir
ok 450 - keywords.h: select
ok 451 - keywords.h: semctl
ok 452 - keywords.h: semget
ok 453 - keywords.h: semop
ok 454 - keywords.h: send
ok 455 - keywords.h: setgrent
ok 456 - keywords.h: sethostent
ok 457 - keywords.h: setnetent
ok 458 - keywords.h: setpgrp
ok 459 - keywords.h: setpriority
ok 460 - keywords.h: setprotoent
ok 461 - keywords.h: setpwent
ok 462 - keywords.h: setservent
ok 463 - keywords.h: setsockopt
ok 464 - keywords.h: shift
ok 465 - keywords.h: shmctl
ok 466 - keywords.h: shmget
ok 467 - keywords.h: shmread
ok 468 - keywords.h: shmwrite
ok 469 - keywords.h: shutdown
ok 470 - keywords.h: sin
ok 471 - keywords.h: sleep
ok 472 - keywords.h: socket
ok 473 - keywords.h: socketpair
ok 474 - keywords.h: sort
ok 475 - keywords.h: splice
ok 476 - keywords.h: split
ok 477 - keywords.h: sprintf
ok 478 - keywords.h: sqrt
ok 479 - keywords.h: srand
ok 480 - keywords.h: stat
ok 481 - keywords.h: study
ok 482 - keywords.h: substr
ok 483 - keywords.h: symlink
ok 484 - keywords.h: syscall
ok 485 - keywords.h: sysopen
ok 486 - keywords.h: sysread
ok 487 - keywords.h: sysseek
ok 488 - keywords.h: system
ok 489 - keywords.h: syswrite
ok 490 - keywords.h: tell
ok 491 - keywords.h: telldir
ok 492 - keywords.h: tie
ok 493 - keywords.h: tied
ok 494 - keywords.h: time
ok 495 - keywords.h: times
ok 496 - keywords.h: truncate
ok 497 - keywords.h: uc
ok 498 - keywords.h: ucfirst
ok 499 - keywords.h: umask
ok 500 - keywords.h: undef
ok 501 - keywords.h: unlink
ok 502 - keywords.h: unpack
ok 503 - keywords.h: unshift
ok 504 - keywords.h: untie
ok 505 - keywords.h: use
ok 506 - keywords.h: utime
ok 507 - keywords.h: values
ok 508 - keywords.h: vec
ok 509 - keywords.h: wait
ok 510 - keywords.h: waitpid
ok 511 - keywords.h: wantarray
ok 512 - keywords.h: warn
ok 513 - keywords.h: when
ok 514 - keywords.h: write
# not in keywords.h: -r. skipped
# not in keywords.h: -w. skipped
# not in keywords.h: -x. skipped
# not in keywords.h: -o. skipped
# not in keywords.h: -R. skipped
# not in keywords.h: -W. skipped
# not in keywords.h: -X. skipped
# not in keywords.h: -O. skipped
# not in keywords.h: -e. skipped
# not in keywords.h: -z. skipped
# not in keywords.h: -s. skipped
# not in keywords.h: -f. skipped
# not in keywords.h: -d. skipped
# not in keywords.h: -l. skipped
# not in keywords.h: -p. skipped
# not in keywords.h: -S. skipped
# not in keywords.h: -b. skipped
# not in keywords.h: -c. skipped
# not in keywords.h: -t. skipped
# not in keywords.h: -u. skipped
# not in keywords.h: -g. skipped
# not in keywords.h: -k. skipped
# not in keywords.h: -T. skipped
# not in keywords.h: -B. skipped
# not in keywords.h: -M. skipped
# not in keywords.h: -A. skipped
# not in keywords.h: -C. skipped
# check if all single-character @Scalars, @Arrays, @Hashes are as globals in %main::
ok 515 - global: @
ok 516 - global: $
ok 517 - global: !
ok 518 - global: ^H
ok 519 - global: |
ok 520 - global: .
ok 521 - global: ^W
ok 522 - global: ^O
ok 523 - global: ^V
ok 524 - global: /
ok 525 - global: ^C
ok 526 - global: \
ok 527 - global: ,
ok 528 - global: ^R
ok 529 - global: ^X
ok 530 - global: ?
ok 531 - global: "
ok 532 - global: ]
ok 533 - global: ^E
# the reverse is not true as most globals are auto-created
1..533
ok
t/export.t .................. 
1..7
ok 1 - :all exports @Scalars
ok 2 - :all exports @Arrays
ok 3 - :all exports @Hashes
ok 4 - :all exports @Filehandles
ok 5 - :all exports @Symbols
ok 6 - :all exports @Functions
ok 7 - :all exports @Barewords
ok
t/z_kwalitee.t .............. skipped: This test is only run for the module author
t/z_meta.t .................. skipped: This test is only run for the module author
t/z_perl_minimum_version.t .. skipped: Author tests not required for installation
All tests successful.
Files=6, Tests=547,  6 wallclock secs ( 0.69 usr  0.27 sys +  4.95 cusr  1.33 csys =  7.24 CPU)
Result: PASS
autopkgtest: DBG: testbed command exited with code 0
autopkgtest [19:19:15]: test autodep8-perl-build-deps: -----------------------]
autopkgtest: DBG: testbed executing test finished with exit status 0
autopkgtest: DBG: sending command to testbed: copyup /tmp/autopkgtest.aTNvas/autodep8-perl-build-deps-stdout /home/minami/Documents/openkylin-riscv/test/libb-keywords-perl/autodep8-perl-build-deps-stdout
autopkgtest-virt-qemu: DBG: executing copyup /tmp/autopkgtest.aTNvas/autodep8-perl-build-deps-stdout /home/minami/Documents/openkylin-riscv/test/libb-keywords-perl/autodep8-perl-build-deps-stdout
autopkgtest-virt-qemu: DBG: ['cmdls', "(['/tmp/autopkgtest-qemu.553z9w7o/runcmd', 'sh', '-ec', 'cat </tmp/autopkgtest.aTNvas/autodep8-perl-build-deps-stdout'], ['cat'])"]
autopkgtest-virt-qemu: DBG: ['srcstdin', "<_io.BufferedReader name='/dev/null'>", 'deststdout', "<_io.BufferedWriter name='/home/minami/Documents/openkylin-riscv/test/libb-keywords-perl/autodep8-perl-build-deps-stdout'>", 'devnull_read', <_io.BufferedReader name='/dev/null'>]
autopkgtest-virt-qemu: DBG:  +< /tmp/autopkgtest-qemu.553z9w7o/runcmd sh -ec cat </tmp/autopkgtest.aTNvas/autodep8-perl-build-deps-stdout
autopkgtest-virt-qemu: DBG:  +> cat
autopkgtest-virt-qemu: DBG:  +>?
autopkgtest-virt-qemu: DBG:  +<?
autopkgtest: DBG: got reply from testbed: ok
autopkgtest: DBG: sending command to testbed: copyup /tmp/autopkgtest.aTNvas/autodep8-perl-build-deps-stderr /home/minami/Documents/openkylin-riscv/test/libb-keywords-perl/autodep8-perl-build-deps-stderr
autopkgtest-virt-qemu: DBG: executing copyup /tmp/autopkgtest.aTNvas/autodep8-perl-build-deps-stderr /home/minami/Documents/openkylin-riscv/test/libb-keywords-perl/autodep8-perl-build-deps-stderr
autopkgtest-virt-qemu: DBG: ['cmdls', "(['/tmp/autopkgtest-qemu.553z9w7o/runcmd', 'sh', '-ec', 'cat </tmp/autopkgtest.aTNvas/autodep8-perl-build-deps-stderr'], ['cat'])"]
autopkgtest-virt-qemu: DBG: ['srcstdin', "<_io.BufferedReader name='/dev/null'>", 'deststdout', "<_io.BufferedWriter name='/home/minami/Documents/openkylin-riscv/test/libb-keywords-perl/autodep8-perl-build-deps-stderr'>", 'devnull_read', <_io.BufferedReader name='/dev/null'>]
autopkgtest-virt-qemu: DBG:  +< /tmp/autopkgtest-qemu.553z9w7o/runcmd sh -ec cat </tmp/autopkgtest.aTNvas/autodep8-perl-build-deps-stderr
autopkgtest-virt-qemu: DBG:  +> cat
autopkgtest-virt-qemu: DBG:  +>?
autopkgtest-virt-qemu: DBG:  +<?
autopkgtest: DBG: got reply from testbed: ok
autopkgtest [19:19:16]: test autodep8-perl-build-deps:  - - - - - - - - - - results - - - - - - - - - -
autodep8-perl-build-deps PASS
autopkgtest: DBG: sending command to testbed: copyup /tmp/autopkgtest.aTNvas/autodep8-perl-build-deps-artifacts/ /home/minami/Documents/openkylin-riscv/test/libb-keywords-perl/artifacts/
autopkgtest-virt-qemu: DBG: executing copyup /tmp/autopkgtest.aTNvas/autodep8-perl-build-deps-artifacts/ /home/minami/Documents/openkylin-riscv/test/libb-keywords-perl/artifacts/
autopkgtest-virt-qemu: DBG: ['cmdls', "(['/tmp/autopkgtest-qemu.553z9w7o/runcmd', 'sh', '-ec', 'cd /tmp/autopkgtest.aTNvas/autodep8-perl-build-deps-artifacts/; tar --warning=none -c . -f -'], ['tar', '--directory', '/home/minami/Documents/openkylin-riscv/test/libb-keywords-perl/artifacts/', '--warning=none', '--preserve-permissions', '--extract', '--no-same-owner', '-f', '-'])"]
autopkgtest-virt-qemu: DBG: ['srcstdin', "<_io.BufferedReader name='/dev/null'>", 'deststdout', "<_io.BufferedReader name='/dev/null'>", 'devnull_read', <_io.BufferedReader name='/dev/null'>]
autopkgtest-virt-qemu: DBG:  +< /tmp/autopkgtest-qemu.553z9w7o/runcmd sh -ec cd /tmp/autopkgtest.aTNvas/autodep8-perl-build-deps-artifacts/; tar --warning=none -c . -f -
autopkgtest-virt-qemu: DBG:  +> tar --directory /home/minami/Documents/openkylin-riscv/test/libb-keywords-perl/artifacts/ --warning=none --preserve-permissions --extract --no-same-owner -f -
autopkgtest-virt-qemu: DBG:  +>?
autopkgtest-virt-qemu: DBG:  +<?
autopkgtest: DBG: got reply from testbed: ok
autopkgtest: DBG: testbed command ['rm', '-rf', '/tmp/autopkgtest.aTNvas/autodep8-perl-build-deps-artifacts', '/tmp/autopkgtest.aTNvas/autopkgtest_tmp'], kind short, sout raw, serr pipe, env []
autopkgtest: DBG: testbed command exited with code 0
autopkgtest [19:19:17]: test autodep8-perl: preparing testbed
autopkgtest: DBG: testbed reset: modified=False, deps_installed=['libb-keywords-perl', 'debhelper-compat (= 13)', 'perl', 'build-essential', 'pkg-perl-autopkgtest'], deps_new=['libb-keywords-perl', 'pkg-perl-autopkgtest']
autopkgtest: DBG: testbed reset
autopkgtest: DBG: sending command to testbed: revert
autopkgtest-virt-qemu: DBG: executing revert
autopkgtest-virt-qemu: DBG: execute-timeout: /tmp/autopkgtest-qemu.553z9w7o/runcmd rm -rf -- /tmp/autopkgtest.aTNvas
qemu-system-riscv64: terminating on signal 15 from pid 248082 (/usr/bin/python3)
autopkgtest-virt-qemu: DBG: find_free_port: trying 10022
autopkgtest-virt-qemu: DBG: find_free_port: 10022 is free
autopkgtest-virt-qemu: DBG: autopkgtest does not know how to boot this machine, hopefully nothing special needs to be done?
autopkgtest-virt-qemu: DBG: qemu architecture: riscv64
autopkgtest-virt-qemu: DBG: qemu command: qemu-system-riscv64
autopkgtest-virt-qemu: DBG: execute-timeout: qemu-img info --output=json /home/minami/Documents/openkylin-riscv/testing.qcow2
autopkgtest-virt-qemu: DBG: Creating temporary overlay image in /tmp/autopkgtest-qemu.xuz2t6pq/overlay.img
autopkgtest-virt-qemu: DBG: execute-timeout: qemu-img create -f qcow2 -F qcow2 -b /home/minami/Documents/openkylin-riscv/testing.qcow2 /tmp/autopkgtest-qemu.xuz2t6pq/overlay.img
autopkgtest-virt-qemu: DBG: Forwarding local port 10022 to VM ssh port 22
autopkgtest-virt-qemu: DBG: Assuming nothing special needs to be done to set up firmware to boot this machine (boot method: none)
autopkgtest-virt-qemu: DBG: full qemu command-line: ['qemu-system-riscv64', '-m', '8192', '-smp', '8', '-nographic', '-device', 'virtio-net-device,netdev=usernet', '-netdev', 'user,id=usernet,hostfwd=tcp:127.0.0.1:10022-:22', '-object', 'rng-random,filename=/dev/urandom,id=rng0', '-device', 'virtio-rng-pci,rng=rng0,id=rng-device0', '-monitor', 'unix:/tmp/autopkgtest-qemu.xuz2t6pq/monitor,server=on,wait=off', '-virtfs', 'local,id=autopkgtest,path=/tmp/autopkgtest-qemu.xuz2t6pq/shared,security_model=none,mount_tag=autopkgtest', '-device', 'virtio-serial', '-chardev', 'socket,path=/tmp/autopkgtest-qemu.xuz2t6pq/hvc0,server=on,wait=off,id=hvc0', '-device', 'virtconsole,chardev=hvc0', '-chardev', 'socket,path=/tmp/autopkgtest-qemu.xuz2t6pq/hvc1,server=on,wait=off,id=hvc1', '-device', 'virtconsole,chardev=hvc1', '-serial', 'unix:/tmp/autopkgtest-qemu.xuz2t6pq/ttyS0,server=on,wait=off', '-drive', 'index=0,file=/tmp/autopkgtest-qemu.xuz2t6pq/overlay.img,format=qcow2,cache=unsafe,if=virtio,discard=unmap', '-machine', 'virt', '-kernel', '/home/minami/Documents/ukylin/u-boot.bin']
autopkgtest-virt-qemu: DBG: expect: b' login: '
autopkgtest-virt-qemu: DBG: expect: found "'login prompt on serial console'"
autopkgtest-virt-qemu: DBG: expect: b'ok'
autopkgtest-virt-qemu: DBG: expect: found "b'ok'"
autopkgtest-virt-qemu: DBG: setup_shell(): there already is a shell on hvc1
qemu-system-riscv64: warning: 9p: degraded performance: a reasonable high msize should be chosen on client/guest side (chosen msize is <= 8192). See https://wiki.qemu.org/Documentation/9psetup#msize for details.
autopkgtest-virt-qemu: DBG: expect: b'f74f7fbd-3847-4ffe-8c8b-927b9c2dbe34[1]'
autopkgtest-virt-qemu: DBG: expect: found "b'f74f7fbd-3847-4ffe-8c8b-927b9c2dbe34[1]'"
autopkgtest-virt-qemu: DBG: expect: b'f74f7fbd-3847-4ffe-8c8b-927b9c2dbe34[2]'
autopkgtest-virt-qemu: DBG: expect: found "b'f74f7fbd-3847-4ffe-8c8b-927b9c2dbe34[2]'"
autopkgtest-virt-qemu: DBG: expect: b'f74f7fbd-3847-4ffe-8c8b-927b9c2dbe34[3]'
autopkgtest-virt-qemu: DBG: expect: found "b'f74f7fbd-3847-4ffe-8c8b-927b9c2dbe34[3]'"
autopkgtest-virt-qemu: DBG: expect: b'/python'
autopkgtest-virt-qemu: DBG: expect: found "b'/python'"
autopkgtest-virt-qemu: DBG: expect: b'# '
autopkgtest-virt-qemu: DBG: expect: found "b'# '"
autopkgtest-virt-qemu: DBG: expect: b'f74f7fbd-3847-4ffe-8c8b-927b9c2dbe34[4]'
autopkgtest-virt-qemu: DBG: expect: found "b'f74f7fbd-3847-4ffe-8c8b-927b9c2dbe34[4]'"
autopkgtest-virt-qemu: DBG: execute-timeout: /tmp/autopkgtest-qemu.xuz2t6pq/runcmd true
autopkgtest-virt-qemu: DBG: can connect to autopkgtest sh in VM
autopkgtest-virt-qemu: DBG: expect: b'f74f7fbd-3847-4ffe-8c8b-927b9c2dbe34[5]'
autopkgtest-virt-qemu: DBG: expect: found "b'f74f7fbd-3847-4ffe-8c8b-927b9c2dbe34[5]'"
autopkgtest-virt-qemu: DBG: determine_normal_user: got user "openkylin"
autopkgtest-virt-qemu: DBG: execute-timeout: /tmp/autopkgtest-qemu.xuz2t6pq/runcmd mkdir --mode=1777 --parents /tmp/autopkgtest.aTNvas
autopkgtest-virt-qemu: DBG: auxverb = ['/tmp/autopkgtest-qemu.xuz2t6pq/runcmd'], downtmp = /tmp/autopkgtest.aTNvas
autopkgtest: DBG: got reply from testbed: ok /tmp/autopkgtest.aTNvas
autopkgtest: DBG: sending command to testbed: print-execute-command
autopkgtest-virt-qemu: DBG: executing print-execute-command
autopkgtest: DBG: got reply from testbed: ok /tmp/autopkgtest-qemu.xuz2t6pq/runcmd
autopkgtest: DBG: sending command to testbed: capabilities
autopkgtest-virt-qemu: DBG: executing capabilities
autopkgtest: DBG: got reply from testbed: ok isolation-machine reboot revert revert-full-system root-on-testbed suggested-normal-user=openkylin
autopkgtest: DBG: testbed capabilities: ['isolation-machine', 'reboot', 'revert', 'revert-full-system', 'root-on-testbed', 'suggested-normal-user=openkylin', 'has_internet']
autopkgtest: DBG: testbed command ['mkdir', '-p', '/tmp/autopkgtest.aTNvas'], kind short, sout raw, serr pipe, env []
autopkgtest: DBG: testbed command exited with code 0
autopkgtest: DBG: sending command to testbed: copydown /usr/share/autopkgtest/lib/in-testbed/wrapper.sh /tmp/autopkgtest.aTNvas/wrapper.sh
autopkgtest-virt-qemu: DBG: executing copydown /usr/share/autopkgtest/lib/in-testbed/wrapper.sh /tmp/autopkgtest.aTNvas/wrapper.sh
autopkgtest-virt-qemu: DBG: ['cmdls', "(['cat'], ['/tmp/autopkgtest-qemu.xuz2t6pq/runcmd', 'sh', '-ec', 'cat >/tmp/autopkgtest.aTNvas/wrapper.sh; chmod +x -- /tmp/autopkgtest.aTNvas/wrapper.sh'])"]
autopkgtest-virt-qemu: DBG: ['srcstdin', "<_io.BufferedReader name='/usr/share/autopkgtest/lib/in-testbed/wrapper.sh'>", 'deststdout', "<_io.BufferedReader name='/dev/null'>", 'devnull_read', <_io.BufferedReader name='/dev/null'>]
autopkgtest-virt-qemu: DBG:  +< cat
autopkgtest-virt-qemu: DBG:  +> /tmp/autopkgtest-qemu.xuz2t6pq/runcmd sh -ec cat >/tmp/autopkgtest.aTNvas/wrapper.sh; chmod +x -- /tmp/autopkgtest.aTNvas/wrapper.sh
autopkgtest-virt-qemu: DBG:  +>?
autopkgtest-virt-qemu: DBG:  +<?
autopkgtest: DBG: got reply from testbed: ok
autopkgtest: DBG: testbed command ['chmod', '-R', '0755', '--', '/tmp/autopkgtest.aTNvas/wrapper.sh'], kind short, sout raw, serr pipe, env []
autopkgtest: DBG: testbed command exited with code 0
autopkgtest: DBG: testbed command ['dpkg', '--print-architecture'], kind short, sout pipe, serr pipe, env []
autopkgtest: DBG: testbed command exited with code 0
autopkgtest [19:20:07]: testbed dpkg architecture: riscv64
autopkgtest: DBG: testbed command ['sh', '-ec', 'command -v eatmydata'], kind short, sout pipe, serr pipe, env []
autopkgtest: DBG: testbed command exited with code 127
autopkgtest: DBG: testbed command ['sh', '-ec', 'command -v dpkg-query'], kind short, sout pipe, serr pipe, env []
autopkgtest: DBG: testbed command exited with code 0
autopkgtest: DBG: testbed command ['sh', '-ec', "dpkg-query --show -f '${Package}\\t${Version}\\n' > /tmp/autopkgtest.aTNvas/testbed-packages"], kind short, sout raw, serr pipe, env []
autopkgtest: DBG: testbed command exited with code 0
autopkgtest: DBG: sending command to testbed: copyup /tmp/autopkgtest.aTNvas/testbed-packages /home/minami/Documents/openkylin-riscv/test/libb-keywords-perl/testbed-packages
autopkgtest-virt-qemu: DBG: executing copyup /tmp/autopkgtest.aTNvas/testbed-packages /home/minami/Documents/openkylin-riscv/test/libb-keywords-perl/testbed-packages
autopkgtest-virt-qemu: DBG: ['cmdls', "(['/tmp/autopkgtest-qemu.xuz2t6pq/runcmd', 'sh', '-ec', 'cat </tmp/autopkgtest.aTNvas/testbed-packages'], ['cat'])"]
autopkgtest-virt-qemu: DBG: ['srcstdin', "<_io.BufferedReader name='/dev/null'>", 'deststdout', "<_io.BufferedWriter name='/home/minami/Documents/openkylin-riscv/test/libb-keywords-perl/testbed-packages'>", 'devnull_read', <_io.BufferedReader name='/dev/null'>]
autopkgtest-virt-qemu: DBG:  +< /tmp/autopkgtest-qemu.xuz2t6pq/runcmd sh -ec cat </tmp/autopkgtest.aTNvas/testbed-packages
autopkgtest-virt-qemu: DBG:  +> cat
autopkgtest-virt-qemu: DBG:  +>?
autopkgtest-virt-qemu: DBG:  +<?
autopkgtest: DBG: got reply from testbed: ok
autopkgtest: DBG: testbed supports reboot, creating /tmp/autopkgtest-reboot
autopkgtest: DBG: testbed command ['mkdir', '-p', '/tmp/autopkgtest.aTNvas'], kind short, sout raw, serr pipe, env []
autopkgtest: DBG: testbed command exited with code 0
autopkgtest: DBG: sending command to testbed: copydown /usr/share/autopkgtest/lib/in-testbed/reboot.sh /tmp/autopkgtest.aTNvas/autopkgtest-reboot
autopkgtest-virt-qemu: DBG: executing copydown /usr/share/autopkgtest/lib/in-testbed/reboot.sh /tmp/autopkgtest.aTNvas/autopkgtest-reboot
autopkgtest-virt-qemu: DBG: ['cmdls', "(['cat'], ['/tmp/autopkgtest-qemu.xuz2t6pq/runcmd', 'sh', '-ec', 'cat >/tmp/autopkgtest.aTNvas/autopkgtest-reboot; chmod +x -- /tmp/autopkgtest.aTNvas/autopkgtest-reboot'])"]
autopkgtest-virt-qemu: DBG: ['srcstdin', "<_io.BufferedReader name='/usr/share/autopkgtest/lib/in-testbed/reboot.sh'>", 'deststdout', "<_io.BufferedReader name='/dev/null'>", 'devnull_read', <_io.BufferedReader name='/dev/null'>]
autopkgtest-virt-qemu: DBG:  +< cat
autopkgtest-virt-qemu: DBG:  +> /tmp/autopkgtest-qemu.xuz2t6pq/runcmd sh -ec cat >/tmp/autopkgtest.aTNvas/autopkgtest-reboot; chmod +x -- /tmp/autopkgtest.aTNvas/autopkgtest-reboot
autopkgtest-virt-qemu: DBG:  +>?
autopkgtest-virt-qemu: DBG:  +<?
autopkgtest: DBG: got reply from testbed: ok
autopkgtest: DBG: testbed command ['chmod', '-R', '0755', '--', '/tmp/autopkgtest.aTNvas/autopkgtest-reboot'], kind short, sout raw, serr pipe, env []
autopkgtest: DBG: testbed command exited with code 0
autopkgtest: DBG: testbed command ['ln', '-fns', '/tmp/autopkgtest.aTNvas/autopkgtest-reboot', '/tmp/autopkgtest-reboot'], kind short, sout raw, serr pipe, env []
autopkgtest: DBG: testbed command exited with code 0
autopkgtest: DBG: testbed command ['ln', '-fns', '/tmp/autopkgtest.aTNvas/autopkgtest-reboot', '/sbin/autopkgtest-reboot'], kind short, sout raw, serr pipe, env []
autopkgtest: DBG: testbed command exited with code 0
autopkgtest: DBG: testbed command ['mkdir', '-p', '/tmp/autopkgtest.aTNvas'], kind short, sout raw, serr pipe, env []
autopkgtest: DBG: testbed command exited with code 0
autopkgtest: DBG: sending command to testbed: copydown /usr/share/autopkgtest/lib/in-testbed/reboot-prepare.sh /tmp/autopkgtest.aTNvas/autopkgtest-reboot-prepare
autopkgtest-virt-qemu: DBG: executing copydown /usr/share/autopkgtest/lib/in-testbed/reboot-prepare.sh /tmp/autopkgtest.aTNvas/autopkgtest-reboot-prepare
autopkgtest-virt-qemu: DBG: ['cmdls', "(['cat'], ['/tmp/autopkgtest-qemu.xuz2t6pq/runcmd', 'sh', '-ec', 'cat >/tmp/autopkgtest.aTNvas/autopkgtest-reboot-prepare; chmod +x -- /tmp/autopkgtest.aTNvas/autopkgtest-reboot-prepare'])"]
autopkgtest-virt-qemu: DBG: ['srcstdin', "<_io.BufferedReader name='/usr/share/autopkgtest/lib/in-testbed/reboot-prepare.sh'>", 'deststdout', "<_io.BufferedReader name='/dev/null'>", 'devnull_read', <_io.BufferedReader name='/dev/null'>]
autopkgtest-virt-qemu: DBG:  +< cat
autopkgtest-virt-qemu: DBG:  +> /tmp/autopkgtest-qemu.xuz2t6pq/runcmd sh -ec cat >/tmp/autopkgtest.aTNvas/autopkgtest-reboot-prepare; chmod +x -- /tmp/autopkgtest.aTNvas/autopkgtest-reboot-prepare
autopkgtest-virt-qemu: DBG:  +>?
autopkgtest-virt-qemu: DBG:  +<?
autopkgtest: DBG: got reply from testbed: ok
autopkgtest: DBG: testbed command ['chmod', '-R', '0755', '--', '/tmp/autopkgtest.aTNvas/autopkgtest-reboot-prepare'], kind short, sout raw, serr pipe, env []
autopkgtest: DBG: testbed command exited with code 0
autopkgtest: DBG: testbed command ['ln', '-fns', '/tmp/autopkgtest.aTNvas/autopkgtest-reboot-prepare', '/tmp/autopkgtest-reboot-prepare'], kind short, sout raw, serr pipe, env []
autopkgtest: DBG: testbed command exited with code 0
autopkgtest: DBG: testbed command ['uname', '-srv'], kind short, sout pipe, serr pipe, env []
autopkgtest: DBG: testbed command exited with code 0
autopkgtest: DBG: Binaries: no registered binaries, not publishing anything
autopkgtest: DBG: install_deps: deps_new=['libb-keywords-perl', 'pkg-perl-autopkgtest']
autopkgtest: DBG: install-deps: satisfying libb-keywords-perl, pkg-perl-autopkgtest
autopkgtest: DBG: install-deps: architecture resolved: libb-keywords-perl, pkg-perl-autopkgtest
autopkgtest: DBG: testbed command ['test', '-w', '/var/lib/dpkg/status'], kind short, sout raw, serr raw, env []
autopkgtest: DBG: testbed command exited with code 0
autopkgtest: DBG: can use apt-get on testbed: True
autopkgtest: DBG: testbed command ['mkdir', '-p', '/tmp/autopkgtest.aTNvas'], kind short, sout raw, serr pipe, env []
autopkgtest: DBG: testbed command exited with code 0
autopkgtest: DBG: sending command to testbed: copydown /home/minami/Documents/openkylin-riscv/test/libb-keywords-perl/2-autopkgtest-satdep.deb /tmp/autopkgtest.aTNvas/2-autopkgtest-satdep.deb
autopkgtest-virt-qemu: DBG: executing copydown /home/minami/Documents/openkylin-riscv/test/libb-keywords-perl/2-autopkgtest-satdep.deb /tmp/autopkgtest.aTNvas/2-autopkgtest-satdep.deb
autopkgtest-virt-qemu: DBG: ['cmdls', "(['cat'], ['/tmp/autopkgtest-qemu.xuz2t6pq/runcmd', 'sh', '-ec', 'cat >/tmp/autopkgtest.aTNvas/2-autopkgtest-satdep.deb'])"]
autopkgtest-virt-qemu: DBG: ['srcstdin', "<_io.BufferedReader name='/home/minami/Documents/openkylin-riscv/test/libb-keywords-perl/2-autopkgtest-satdep.deb'>", 'deststdout', "<_io.BufferedReader name='/dev/null'>", 'devnull_read', <_io.BufferedReader name='/dev/null'>]
autopkgtest-virt-qemu: DBG:  +< cat
autopkgtest-virt-qemu: DBG:  +> /tmp/autopkgtest-qemu.xuz2t6pq/runcmd sh -ec cat >/tmp/autopkgtest.aTNvas/2-autopkgtest-satdep.deb
autopkgtest-virt-qemu: DBG:  +>?
autopkgtest-virt-qemu: DBG:  +<?
autopkgtest: DBG: got reply from testbed: ok
autopkgtest: DBG: testbed command ['chown', '-R', 'openkylin', '--', '/tmp/autopkgtest.aTNvas/2-autopkgtest-satdep.deb'], kind short, sout raw, serr pipe, env []
autopkgtest: DBG: testbed command exited with code 0
autopkgtest: DBG: testbed command ['dpkg', '--unpack', '/tmp/autopkgtest.aTNvas/2-autopkgtest-satdep.deb'], kind short, sout pipe, serr pipe, env []
autopkgtest: DBG: testbed command exited with code 0
autopkgtest: DBG: testbed command ['/bin/sh', '-ec', ' apt-get install --assume-yes --fix-broken -o APT::Status-Fd=3 -o APT::Install-Recommends=false -o Dpkg::Options::=--force-confnew -o Debug::pkgProblemResolver=true 3>&2 2>&1'], kind install, sout raw, serr pipe, env ['DEBIAN_FRONTEND=noninteractive', 'APT_LISTBUGS_FRONTEND=none', 'APT_LISTCHANGES_FRONTEND=none']
Reading package lists...
Building dependency tree...
Reading state information...
Correcting dependencies...Starting pkgProblemResolver with broken count: 0
Starting 2 pkgProblemResolver with broken count: 0
Done
 Done
Starting pkgProblemResolver with broken count: 0
Starting 2 pkgProblemResolver with broken count: 0
Done
The following packages were automatically installed and are no longer required:
  libdjvulibre-text libdjvulibre21 libegl-dev libgl-dev libglu1-mesa-dev
  libglx-dev libmpdec2 libvulkan-dev libx11-dev libxau-dev libxcb1-dev
  libxdmcp-dev libxext-dev qt5-qmake qt5-qmake-bin x11proto-core-dev
  x11proto-dev xorg-sgml-doctools xtrans-dev
Use 'apt autoremove' to remove them.
The following additional packages will be installed:
  autodep8 dctrl-tools libb-keywords-perl pkg-perl-autopkgtest
Suggested packages:
  debtags
The following NEW packages will be installed:
  autodep8 dctrl-tools libb-keywords-perl pkg-perl-autopkgtest
0 upgraded, 4 newly installed, 0 to remove and 18 not upgraded.
1 not fully installed or removed.
Need to get 84.2 kB of archives.
After this operation, 370 kB of additional disk space will be used.
Get:1 http://ppa.build.openkylin.top/kylinsoft/anything/openkylin yangtze/main riscv64 autodep8 all 0.22-ok1 [10.1 kB]
Get:2 http://ppa.build.openkylin.top/kylinsoft/anything/openkylin yangtze/main riscv64 pkg-perl-autopkgtest all 0.59-ok1 [8,208 B]
Get:3 http://archive.build.openkylin.top/openkylin yangtze/main riscv64 libb-keywords-perl all 1.24-ok2 [10.3 kB]
Get:4 http://archive.build.openkylin.top/openkylin yangtze/main riscv64 dctrl-tools riscv64 2.24-ok1 [55.6 kB]
Fetched 84.2 kB in 6s (15.3 kB/s)
Selecting previously unselected package libb-keywords-perl.
(Reading database ... (Reading database ... 5%(Reading database ... 10%(Reading database ... 15%(Reading database ... 20%(Reading database ... 25%(Reading database ... 30%(Reading database ... 35%(Reading database ... 40%(Reading database ... 45%(Reading database ... 50%(Reading database ... 55%(Reading database ... 60%(Reading database ... 65%(Reading database ... 70%(Reading database ... 75%(Reading database ... 80%(Reading database ... 85%(Reading database ... 90%(Reading database ... 95%(Reading database ... 100%(Reading database ... 161111 files and directories currently installed.)
Preparing to unpack .../libb-keywords-perl_1.24-ok2_all.deb ...
Unpacking libb-keywords-perl (1.24-ok2) ...
Selecting previously unselected package dctrl-tools.
Preparing to unpack .../dctrl-tools_2.24-ok1_riscv64.deb ...
Unpacking dctrl-tools (2.24-ok1) ...
Selecting previously unselected package autodep8.
Preparing to unpack .../autodep8_0.22-ok1_all.deb ...
Unpacking autodep8 (0.22-ok1) ...
Selecting previously unselected package pkg-perl-autopkgtest.
Preparing to unpack .../pkg-perl-autopkgtest_0.59-ok1_all.deb ...
Unpacking pkg-perl-autopkgtest (0.59-ok1) ...
Setting up libb-keywords-perl (1.24-ok2) ...
Setting up dctrl-tools (2.24-ok1) ...
Setting up autodep8 (0.22-ok1) ...
Setting up pkg-perl-autopkgtest (0.59-ok1) ...
Setting up autopkgtest-satdep (0) ...
Processing triggers for man-db (2.9.1-ok3) ...
autopkgtest: DBG: testbed command exited with code 0
autopkgtest: DBG: testbed command ['dpkg-query', '--show', '-f', '${Status}', 'libb-keywords-perl'], kind short, sout pipe, serr pipe, env []
autopkgtest: DBG: testbed command exited with code 0
autopkgtest: DBG: testbed command ['dpkg', '--status', 'autopkgtest-satdep'], kind short, sout pipe, serr pipe, env []
autopkgtest: DBG: testbed command exited with code 0
autopkgtest: DBG: testbed command ['apt-get', '--simulate', '--quiet', '-o', 'APT::Get::Show-User-Simulation-Note=False', '--auto-remove', 'purge', 'autopkgtest-satdep'], kind short, sout pipe, serr pipe, env []
autopkgtest: DBG: testbed command exited with code 0
autopkgtest: DBG: Marking test dependencies as manually installed: pkg-perl-autopkgtest autodep8 dctrl-tools libb-keywords-perl libdjvulibre21 libdjvulibre-text libegl-dev libglu1-mesa-dev libgl-dev libglx-dev libmpdec2 libvulkan-dev libxext-dev libx11-dev libxcb1-dev libxau-dev libxdmcp-dev qt5-qmake qt5-qmake-bin x11proto-core-dev x11proto-dev xorg-sgml-doctools xtrans-dev
autopkgtest: DBG: testbed command ['apt-mark', 'manual', '-qq', 'pkg-perl-autopkgtest', 'autodep8', 'dctrl-tools', 'libb-keywords-perl', 'libdjvulibre21', 'libdjvulibre-text', 'libegl-dev', 'libglu1-mesa-dev', 'libgl-dev', 'libglx-dev', 'libmpdec2', 'libvulkan-dev', 'libxext-dev', 'libx11-dev', 'libxcb1-dev', 'libxau-dev', 'libxdmcp-dev', 'qt5-qmake', 'qt5-qmake-bin', 'x11proto-core-dev'], kind short, sout raw, serr pipe, env []
autopkgtest: DBG: testbed command exited with code 0
autopkgtest: DBG: testbed command ['apt-mark', 'manual', '-qq', 'x11proto-dev', 'xorg-sgml-doctools', 'xtrans-dev'], kind short, sout raw, serr pipe, env []
autopkgtest: DBG: testbed command exited with code 0
autopkgtest: DBG: testbed command ['dpkg', '--purge', 'autopkgtest-satdep'], kind short, sout raw, serr raw, env []
(Reading database ... 161194 files and directories currently installed.)
Removing autopkgtest-satdep (0) ...
autopkgtest: DBG: testbed command exited with code 0
autopkgtest: DBG: testbed command ['sh', '-ec', 'command -v dpkg-query'], kind short, sout pipe, serr pipe, env []
autopkgtest: DBG: testbed command exited with code 0
autopkgtest: DBG: testbed command ['sh', '-ec', "dpkg-query --show -f '${Package}\\t${Version}\\n' > /tmp/autopkgtest.aTNvas/autodep8-perl-packages.all"], kind short, sout raw, serr pipe, env []
autopkgtest: DBG: testbed command exited with code 0
autopkgtest: DBG: sending command to testbed: copyup /tmp/autopkgtest.aTNvas/autodep8-perl-packages.all /home/minami/Documents/openkylin-riscv/test/libb-keywords-perl/autodep8-perl-packages.all
autopkgtest-virt-qemu: DBG: executing copyup /tmp/autopkgtest.aTNvas/autodep8-perl-packages.all /home/minami/Documents/openkylin-riscv/test/libb-keywords-perl/autodep8-perl-packages.all
autopkgtest-virt-qemu: DBG: ['cmdls', "(['/tmp/autopkgtest-qemu.xuz2t6pq/runcmd', 'sh', '-ec', 'cat </tmp/autopkgtest.aTNvas/autodep8-perl-packages.all'], ['cat'])"]
autopkgtest-virt-qemu: DBG: ['srcstdin', "<_io.BufferedReader name='/dev/null'>", 'deststdout', "<_io.BufferedWriter name='/home/minami/Documents/openkylin-riscv/test/libb-keywords-perl/autodep8-perl-packages.all'>", 'devnull_read', <_io.BufferedReader name='/dev/null'>]
autopkgtest-virt-qemu: DBG:  +< /tmp/autopkgtest-qemu.xuz2t6pq/runcmd sh -ec cat </tmp/autopkgtest.aTNvas/autodep8-perl-packages.all
autopkgtest-virt-qemu: DBG:  +> cat
autopkgtest-virt-qemu: DBG:  +>?
autopkgtest-virt-qemu: DBG:  +<?
autopkgtest: DBG: got reply from testbed: ok
autopkgtest: DBG: testbed command ['test', '-e', '/tmp/autopkgtest.aTNvas/build.xEd/src'], kind short, sout raw, serr raw, env []
autopkgtest: DBG: testbed command exited with code 1
autopkgtest: DBG: testbed command ['mkdir', '-p', '/tmp/autopkgtest.aTNvas/build.xEd'], kind short, sout raw, serr pipe, env []
autopkgtest: DBG: testbed command exited with code 0
autopkgtest: DBG: sending command to testbed: copydown /home/minami/Documents/openkylin-riscv/test/libb-keywords-perl/tests-tree/ /tmp/autopkgtest.aTNvas/build.xEd/src/
autopkgtest-virt-qemu: DBG: executing copydown /home/minami/Documents/openkylin-riscv/test/libb-keywords-perl/tests-tree/ /tmp/autopkgtest.aTNvas/build.xEd/src/
autopkgtest-virt-qemu: DBG: ['cmdls', "(['tar', '--directory', '/home/minami/Documents/openkylin-riscv/test/libb-keywords-perl/tests-tree/', '--warning=none', '-c', '.', '-f', '-'], ['/tmp/autopkgtest-qemu.xuz2t6pq/runcmd', 'sh', '-ec', 'if ! test -d /tmp/autopkgtest.aTNvas/build.xEd/src/; then mkdir -- /tmp/autopkgtest.aTNvas/build.xEd/src/; fi; cd /tmp/autopkgtest.aTNvas/build.xEd/src/; tar --warning=none --preserve-permissions --extract --no-same-owner -f -'])"]
autopkgtest-virt-qemu: DBG: ['srcstdin', "<_io.BufferedReader name='/dev/null'>", 'deststdout', "<_io.BufferedReader name='/dev/null'>", 'devnull_read', <_io.BufferedReader name='/dev/null'>]
autopkgtest-virt-qemu: DBG:  +< tar --directory /home/minami/Documents/openkylin-riscv/test/libb-keywords-perl/tests-tree/ --warning=none -c . -f -
autopkgtest-virt-qemu: DBG:  +> /tmp/autopkgtest-qemu.xuz2t6pq/runcmd sh -ec if ! test -d /tmp/autopkgtest.aTNvas/build.xEd/src/; then mkdir -- /tmp/autopkgtest.aTNvas/build.xEd/src/; fi; cd /tmp/autopkgtest.aTNvas/build.xEd/src/; tar --warning=none --preserve-permissions --extract --no-same-owner -f -
autopkgtest-virt-qemu: DBG:  +>?
autopkgtest-virt-qemu: DBG:  +<?
autopkgtest: DBG: got reply from testbed: ok
autopkgtest: DBG: testbed command ['chown', '-R', 'openkylin', '--', '/tmp/autopkgtest.aTNvas/build.xEd/src'], kind short, sout raw, serr pipe, env []
autopkgtest: DBG: testbed command exited with code 0
autopkgtest [19:21:05]: test autodep8-perl: /usr/share/pkg-perl-autopkgtest/runner runtime-deps
autopkgtest [19:21:05]: test autodep8-perl: [-----------------------
autopkgtest: DBG: testbed command ['su', '-s', '/bin/bash', 'openkylin', '-c', 'set -e; export USER=`id -nu`; . /etc/profile >/dev/null 2>&1 || true;  . ~/.profile >/dev/null 2>&1 || true; buildtree="/tmp/autopkgtest.aTNvas/build.xEd/src"; mkdir -p -m 1777 -- "/tmp/autopkgtest.aTNvas/autodep8-perl-artifacts"; export AUTOPKGTEST_ARTIFACTS="/tmp/autopkgtest.aTNvas/autodep8-perl-artifacts"; export ADT_ARTIFACTS="$AUTOPKGTEST_ARTIFACTS"; mkdir -p -m 755 "/tmp/autopkgtest.aTNvas/autopkgtest_tmp"; export AUTOPKGTEST_TMP="/tmp/autopkgtest.aTNvas/autopkgtest_tmp"; export ADTTMP="$AUTOPKGTEST_TMP"; export DEBIAN_FRONTEND=noninteractive; export LANG=C.UTF-8; export DEB_BUILD_OPTIONS=parallel=8; unset LANGUAGE LC_CTYPE LC_NUMERIC LC_TIME LC_COLLATE   LC_MONETARY LC_MESSAGES LC_PAPER LC_NAME LC_ADDRESS   LC_TELEPHONE LC_MEASUREMENT LC_IDENTIFICATION LC_ALL;cd "$buildtree"; exec /tmp/autopkgtest.aTNvas/wrapper.sh --script-pid-file=/tmp/autopkgtest_script_pid --stderr=/tmp/autopkgtest.aTNvas/autodep8-perl-stderr --stdout=/tmp/autopkgtest.aTNvas/autodep8-perl-stdout -- bash -ec \'/usr/share/pkg-perl-autopkgtest/runner runtime-deps\' ;'], kind test, sout raw, serr raw, env []
/usr/share/pkg-perl-autopkgtest/runtime-deps.d/use.t .. 
1..4
ok 1 -  /usr/bin/perl -w -M"B::Keywords" -e 1 2>&1 exited successfully
ok 2 -  /usr/bin/perl -w -M"B::Keywords" -e 1 2>&1 produced no (non-whitelisted) output
ok 3 - env PERL_DL_NONLAZY=1  /usr/bin/perl -w -M"B::Keywords" -e 1 2>&1 exited successfully
ok 4 - env PERL_DL_NONLAZY=1  /usr/bin/perl -w -M"B::Keywords" -e 1 2>&1 produced no (non-whitelisted) output
ok
All tests successful.
Files=1, Tests=4,  3 wallclock secs ( 0.33 usr  0.10 sys +  1.98 cusr  0.48 csys =  2.89 CPU)
Result: PASS
autopkgtest: DBG: testbed command exited with code 0
autopkgtest [19:21:14]: test autodep8-perl: -----------------------]
autopkgtest: DBG: testbed executing test finished with exit status 0
autopkgtest: DBG: sending command to testbed: copyup /tmp/autopkgtest.aTNvas/autodep8-perl-stdout /home/minami/Documents/openkylin-riscv/test/libb-keywords-perl/autodep8-perl-stdout
autopkgtest-virt-qemu: DBG: executing copyup /tmp/autopkgtest.aTNvas/autodep8-perl-stdout /home/minami/Documents/openkylin-riscv/test/libb-keywords-perl/autodep8-perl-stdout
autopkgtest-virt-qemu: DBG: ['cmdls', "(['/tmp/autopkgtest-qemu.xuz2t6pq/runcmd', 'sh', '-ec', 'cat </tmp/autopkgtest.aTNvas/autodep8-perl-stdout'], ['cat'])"]
autopkgtest-virt-qemu: DBG: ['srcstdin', "<_io.BufferedReader name='/dev/null'>", 'deststdout', "<_io.BufferedWriter name='/home/minami/Documents/openkylin-riscv/test/libb-keywords-perl/autodep8-perl-stdout'>", 'devnull_read', <_io.BufferedReader name='/dev/null'>]
autopkgtest-virt-qemu: DBG:  +< /tmp/autopkgtest-qemu.xuz2t6pq/runcmd sh -ec cat </tmp/autopkgtest.aTNvas/autodep8-perl-stdout
autopkgtest-virt-qemu: DBG:  +> cat
autopkgtest-virt-qemu: DBG:  +>?
autopkgtest-virt-qemu: DBG:  +<?
autopkgtest: DBG: got reply from testbed: ok
autopkgtest: DBG: sending command to testbed: copyup /tmp/autopkgtest.aTNvas/autodep8-perl-stderr /home/minami/Documents/openkylin-riscv/test/libb-keywords-perl/autodep8-perl-stderr
autopkgtest-virt-qemu: DBG: executing copyup /tmp/autopkgtest.aTNvas/autodep8-perl-stderr /home/minami/Documents/openkylin-riscv/test/libb-keywords-perl/autodep8-perl-stderr
autopkgtest-virt-qemu: DBG: ['cmdls', "(['/tmp/autopkgtest-qemu.xuz2t6pq/runcmd', 'sh', '-ec', 'cat </tmp/autopkgtest.aTNvas/autodep8-perl-stderr'], ['cat'])"]
autopkgtest-virt-qemu: DBG: ['srcstdin', "<_io.BufferedReader name='/dev/null'>", 'deststdout', "<_io.BufferedWriter name='/home/minami/Documents/openkylin-riscv/test/libb-keywords-perl/autodep8-perl-stderr'>", 'devnull_read', <_io.BufferedReader name='/dev/null'>]
autopkgtest-virt-qemu: DBG:  +< /tmp/autopkgtest-qemu.xuz2t6pq/runcmd sh -ec cat </tmp/autopkgtest.aTNvas/autodep8-perl-stderr
autopkgtest-virt-qemu: DBG:  +> cat
autopkgtest-virt-qemu: DBG:  +>?
autopkgtest-virt-qemu: DBG:  +<?
autopkgtest: DBG: got reply from testbed: ok
autopkgtest [19:21:15]: test autodep8-perl:  - - - - - - - - - - results - - - - - - - - - -
autodep8-perl        PASS (superficial)
autopkgtest: DBG: sending command to testbed: copyup /tmp/autopkgtest.aTNvas/autodep8-perl-artifacts/ /home/minami/Documents/openkylin-riscv/test/libb-keywords-perl/artifacts/
autopkgtest-virt-qemu: DBG: executing copyup /tmp/autopkgtest.aTNvas/autodep8-perl-artifacts/ /home/minami/Documents/openkylin-riscv/test/libb-keywords-perl/artifacts/
autopkgtest-virt-qemu: DBG: ['cmdls', "(['/tmp/autopkgtest-qemu.xuz2t6pq/runcmd', 'sh', '-ec', 'cd /tmp/autopkgtest.aTNvas/autodep8-perl-artifacts/; tar --warning=none -c . -f -'], ['tar', '--directory', '/home/minami/Documents/openkylin-riscv/test/libb-keywords-perl/artifacts/', '--warning=none', '--preserve-permissions', '--extract', '--no-same-owner', '-f', '-'])"]
autopkgtest-virt-qemu: DBG: ['srcstdin', "<_io.BufferedReader name='/dev/null'>", 'deststdout', "<_io.BufferedReader name='/dev/null'>", 'devnull_read', <_io.BufferedReader name='/dev/null'>]
autopkgtest-virt-qemu: DBG:  +< /tmp/autopkgtest-qemu.xuz2t6pq/runcmd sh -ec cd /tmp/autopkgtest.aTNvas/autodep8-perl-artifacts/; tar --warning=none -c . -f -
autopkgtest-virt-qemu: DBG:  +> tar --directory /home/minami/Documents/openkylin-riscv/test/libb-keywords-perl/artifacts/ --warning=none --preserve-permissions --extract --no-same-owner -f -
autopkgtest-virt-qemu: DBG:  +>?
autopkgtest-virt-qemu: DBG:  +<?
autopkgtest: DBG: got reply from testbed: ok
autopkgtest: DBG: testbed command ['rm', '-rf', '/tmp/autopkgtest.aTNvas/autodep8-perl-artifacts', '/tmp/autopkgtest.aTNvas/autopkgtest_tmp'], kind short, sout raw, serr pipe, env []
autopkgtest: DBG: testbed command exited with code 0
autopkgtest [19:21:16]: test autodep8-perl-recommends: preparing testbed
autopkgtest: DBG: testbed reset: modified=False, deps_installed=['libb-keywords-perl', 'pkg-perl-autopkgtest'], deps_new=['libb-keywords-perl', 'pkg-perl-autopkgtest']
autopkgtest: DBG: Binaries: no registered binaries, not publishing anything
autopkgtest: DBG: install_deps: deps_new=['libb-keywords-perl', 'pkg-perl-autopkgtest']
autopkgtest: DBG: install-deps: satisfying libb-keywords-perl, pkg-perl-autopkgtest
autopkgtest: DBG: install-deps: architecture resolved: libb-keywords-perl, pkg-perl-autopkgtest
autopkgtest: DBG: testbed command ['test', '-w', '/var/lib/dpkg/status'], kind short, sout raw, serr raw, env []
autopkgtest: DBG: testbed command exited with code 0
autopkgtest: DBG: can use apt-get on testbed: True
autopkgtest: DBG: testbed command ['mkdir', '-p', '/tmp/autopkgtest.aTNvas'], kind short, sout raw, serr pipe, env []
autopkgtest: DBG: testbed command exited with code 0
autopkgtest: DBG: sending command to testbed: copydown /home/minami/Documents/openkylin-riscv/test/libb-keywords-perl/3-autopkgtest-satdep.deb /tmp/autopkgtest.aTNvas/3-autopkgtest-satdep.deb
autopkgtest-virt-qemu: DBG: executing copydown /home/minami/Documents/openkylin-riscv/test/libb-keywords-perl/3-autopkgtest-satdep.deb /tmp/autopkgtest.aTNvas/3-autopkgtest-satdep.deb
autopkgtest-virt-qemu: DBG: ['cmdls', "(['cat'], ['/tmp/autopkgtest-qemu.xuz2t6pq/runcmd', 'sh', '-ec', 'cat >/tmp/autopkgtest.aTNvas/3-autopkgtest-satdep.deb'])"]
autopkgtest-virt-qemu: DBG: ['srcstdin', "<_io.BufferedReader name='/home/minami/Documents/openkylin-riscv/test/libb-keywords-perl/3-autopkgtest-satdep.deb'>", 'deststdout', "<_io.BufferedReader name='/dev/null'>", 'devnull_read', <_io.BufferedReader name='/dev/null'>]
autopkgtest-virt-qemu: DBG:  +< cat
autopkgtest-virt-qemu: DBG:  +> /tmp/autopkgtest-qemu.xuz2t6pq/runcmd sh -ec cat >/tmp/autopkgtest.aTNvas/3-autopkgtest-satdep.deb
autopkgtest-virt-qemu: DBG:  +>?
autopkgtest-virt-qemu: DBG:  +<?
autopkgtest: DBG: got reply from testbed: ok
autopkgtest: DBG: testbed command ['chown', '-R', 'openkylin', '--', '/tmp/autopkgtest.aTNvas/3-autopkgtest-satdep.deb'], kind short, sout raw, serr pipe, env []
autopkgtest: DBG: testbed command exited with code 0
autopkgtest: DBG: testbed command ['dpkg', '--unpack', '/tmp/autopkgtest.aTNvas/3-autopkgtest-satdep.deb'], kind short, sout pipe, serr pipe, env []
autopkgtest: DBG: testbed command exited with code 0
autopkgtest: DBG: testbed command ['/bin/sh', '-ec', ' apt-get install --assume-yes --fix-broken -o APT::Status-Fd=3 -o APT::Install-Recommends=false -o Dpkg::Options::=--force-confnew -o Debug::pkgProblemResolver=true 3>&2 2>&1'], kind install, sout raw, serr pipe, env ['DEBIAN_FRONTEND=noninteractive', 'APT_LISTBUGS_FRONTEND=none', 'APT_LISTCHANGES_FRONTEND=none']
Reading package lists...
Building dependency tree...
Reading state information...
Starting pkgProblemResolver with broken count: 0
Starting 2 pkgProblemResolver with broken count: 0
Done
0 upgraded, 0 newly installed, 0 to remove and 18 not upgraded.
1 not fully installed or removed.
After this operation, 0 B of additional disk space will be used.
Setting up autopkgtest-satdep (0) ...
autopkgtest: DBG: testbed command exited with code 0
autopkgtest: DBG: testbed command ['dpkg-query', '--show', '-f', '${Status}', 'libb-keywords-perl'], kind short, sout pipe, serr pipe, env []
autopkgtest: DBG: testbed command exited with code 0
autopkgtest: DBG: testbed command ['dpkg', '--status', 'autopkgtest-satdep'], kind short, sout pipe, serr pipe, env []
autopkgtest: DBG: testbed command exited with code 0
autopkgtest: DBG: testbed command ['apt-get', '--simulate', '--quiet', '-o', 'APT::Get::Show-User-Simulation-Note=False', '--auto-remove', 'purge', 'autopkgtest-satdep'], kind short, sout pipe, serr pipe, env []
autopkgtest: DBG: testbed command exited with code 0
autopkgtest: DBG: testbed command ['dpkg', '--purge', 'autopkgtest-satdep'], kind short, sout raw, serr raw, env []
(Reading database ... 161194 files and directories currently installed.)
Removing autopkgtest-satdep (0) ...
autopkgtest: DBG: testbed command exited with code 0
autopkgtest: DBG: testbed command ['sh', '-ec', 'command -v dpkg-query'], kind short, sout pipe, serr pipe, env []
autopkgtest: DBG: testbed command exited with code 0
autopkgtest: DBG: testbed command ['sh', '-ec', "dpkg-query --show -f '${Package}\\t${Version}\\n' > /tmp/autopkgtest.aTNvas/autodep8-perl-recommends-packages.all"], kind short, sout raw, serr pipe, env []
autopkgtest: DBG: testbed command exited with code 0
autopkgtest: DBG: sending command to testbed: copyup /tmp/autopkgtest.aTNvas/autodep8-perl-recommends-packages.all /home/minami/Documents/openkylin-riscv/test/libb-keywords-perl/autodep8-perl-recommends-packages.all
autopkgtest-virt-qemu: DBG: executing copyup /tmp/autopkgtest.aTNvas/autodep8-perl-recommends-packages.all /home/minami/Documents/openkylin-riscv/test/libb-keywords-perl/autodep8-perl-recommends-packages.all
autopkgtest-virt-qemu: DBG: ['cmdls', "(['/tmp/autopkgtest-qemu.xuz2t6pq/runcmd', 'sh', '-ec', 'cat </tmp/autopkgtest.aTNvas/autodep8-perl-recommends-packages.all'], ['cat'])"]
autopkgtest-virt-qemu: DBG: ['srcstdin', "<_io.BufferedReader name='/dev/null'>", 'deststdout', "<_io.BufferedWriter name='/home/minami/Documents/openkylin-riscv/test/libb-keywords-perl/autodep8-perl-recommends-packages.all'>", 'devnull_read', <_io.BufferedReader name='/dev/null'>]
autopkgtest-virt-qemu: DBG:  +< /tmp/autopkgtest-qemu.xuz2t6pq/runcmd sh -ec cat </tmp/autopkgtest.aTNvas/autodep8-perl-recommends-packages.all
autopkgtest-virt-qemu: DBG:  +> cat
autopkgtest-virt-qemu: DBG:  +>?
autopkgtest-virt-qemu: DBG:  +<?
autopkgtest: DBG: got reply from testbed: ok
autopkgtest: DBG: testbed command ['test', '-e', '/tmp/autopkgtest.aTNvas/build.xEd/src'], kind short, sout raw, serr raw, env []
autopkgtest: DBG: testbed command exited with code 0
autopkgtest: DBG: copydown: tb path /tmp/autopkgtest.aTNvas/build.xEd/src already exists
autopkgtest [19:21:40]: test autodep8-perl-recommends: /usr/share/pkg-perl-autopkgtest/runner runtime-deps-and-recommends
autopkgtest [19:21:40]: test autodep8-perl-recommends: [-----------------------
autopkgtest: DBG: testbed command ['su', '-s', '/bin/bash', 'openkylin', '-c', 'set -e; export USER=`id -nu`; . /etc/profile >/dev/null 2>&1 || true;  . ~/.profile >/dev/null 2>&1 || true; buildtree="/tmp/autopkgtest.aTNvas/build.xEd/src"; mkdir -p -m 1777 -- "/tmp/autopkgtest.aTNvas/autodep8-perl-recommends-artifacts"; export AUTOPKGTEST_ARTIFACTS="/tmp/autopkgtest.aTNvas/autodep8-perl-recommends-artifacts"; export ADT_ARTIFACTS="$AUTOPKGTEST_ARTIFACTS"; mkdir -p -m 755 "/tmp/autopkgtest.aTNvas/autopkgtest_tmp"; export AUTOPKGTEST_TMP="/tmp/autopkgtest.aTNvas/autopkgtest_tmp"; export ADTTMP="$AUTOPKGTEST_TMP"; export DEBIAN_FRONTEND=noninteractive; export LANG=C.UTF-8; export DEB_BUILD_OPTIONS=parallel=8; unset LANGUAGE LC_CTYPE LC_NUMERIC LC_TIME LC_COLLATE   LC_MONETARY LC_MESSAGES LC_PAPER LC_NAME LC_ADDRESS   LC_TELEPHONE LC_MEASUREMENT LC_IDENTIFICATION LC_ALL;cd "$buildtree"; exec /tmp/autopkgtest.aTNvas/wrapper.sh --script-pid-file=/tmp/autopkgtest_script_pid --stderr=/tmp/autopkgtest.aTNvas/autodep8-perl-recommends-stderr --stdout=/tmp/autopkgtest.aTNvas/autodep8-perl-recommends-stdout -- bash -ec \'/usr/share/pkg-perl-autopkgtest/runner runtime-deps-and-recommends\' ;'], kind test, sout raw, serr raw, env []
/usr/share/pkg-perl-autopkgtest/runtime-deps-and-recommends.d/syntax.t .. 
1..4
ok 1 - Package libb-keywords-perl is known to dpkg
ok 2 - Got status information for package libb-keywords-perl
ok 3 - Got file list for package libb-keywords-perl
# Subtest: all modules in libb-keywords-perl pass the syntax check
    1..1
    ok 1 - /usr/bin/perl -wc /usr/share/perl5/B/Keywords.pm exited successfully
ok 4 - all modules in libb-keywords-perl pass the syntax check
ok
All tests successful.
Files=1, Tests=4,  3 wallclock secs ( 0.27 usr  0.08 sys +  1.71 cusr  0.59 csys =  2.65 CPU)
Result: PASS
autopkgtest: DBG: testbed command exited with code 0
autopkgtest [19:21:48]: test autodep8-perl-recommends: -----------------------]
autopkgtest: DBG: testbed executing test finished with exit status 0
autopkgtest: DBG: sending command to testbed: copyup /tmp/autopkgtest.aTNvas/autodep8-perl-recommends-stdout /home/minami/Documents/openkylin-riscv/test/libb-keywords-perl/autodep8-perl-recommends-stdout
autopkgtest-virt-qemu: DBG: executing copyup /tmp/autopkgtest.aTNvas/autodep8-perl-recommends-stdout /home/minami/Documents/openkylin-riscv/test/libb-keywords-perl/autodep8-perl-recommends-stdout
autopkgtest-virt-qemu: DBG: ['cmdls', "(['/tmp/autopkgtest-qemu.xuz2t6pq/runcmd', 'sh', '-ec', 'cat </tmp/autopkgtest.aTNvas/autodep8-perl-recommends-stdout'], ['cat'])"]
autopkgtest-virt-qemu: DBG: ['srcstdin', "<_io.BufferedReader name='/dev/null'>", 'deststdout', "<_io.BufferedWriter name='/home/minami/Documents/openkylin-riscv/test/libb-keywords-perl/autodep8-perl-recommends-stdout'>", 'devnull_read', <_io.BufferedReader name='/dev/null'>]
autopkgtest-virt-qemu: DBG:  +< /tmp/autopkgtest-qemu.xuz2t6pq/runcmd sh -ec cat </tmp/autopkgtest.aTNvas/autodep8-perl-recommends-stdout
autopkgtest-virt-qemu: DBG:  +> cat
autopkgtest-virt-qemu: DBG:  +>?
autopkgtest-virt-qemu: DBG:  +<?
autopkgtest: DBG: got reply from testbed: ok
autopkgtest: DBG: sending command to testbed: copyup /tmp/autopkgtest.aTNvas/autodep8-perl-recommends-stderr /home/minami/Documents/openkylin-riscv/test/libb-keywords-perl/autodep8-perl-recommends-stderr
autopkgtest-virt-qemu: DBG: executing copyup /tmp/autopkgtest.aTNvas/autodep8-perl-recommends-stderr /home/minami/Documents/openkylin-riscv/test/libb-keywords-perl/autodep8-perl-recommends-stderr
autopkgtest-virt-qemu: DBG: ['cmdls', "(['/tmp/autopkgtest-qemu.xuz2t6pq/runcmd', 'sh', '-ec', 'cat </tmp/autopkgtest.aTNvas/autodep8-perl-recommends-stderr'], ['cat'])"]
autopkgtest-virt-qemu: DBG: ['srcstdin', "<_io.BufferedReader name='/dev/null'>", 'deststdout', "<_io.BufferedWriter name='/home/minami/Documents/openkylin-riscv/test/libb-keywords-perl/autodep8-perl-recommends-stderr'>", 'devnull_read', <_io.BufferedReader name='/dev/null'>]
autopkgtest-virt-qemu: DBG:  +< /tmp/autopkgtest-qemu.xuz2t6pq/runcmd sh -ec cat </tmp/autopkgtest.aTNvas/autodep8-perl-recommends-stderr
autopkgtest-virt-qemu: DBG:  +> cat
autopkgtest-virt-qemu: DBG:  +>?
autopkgtest-virt-qemu: DBG:  +<?
autopkgtest: DBG: got reply from testbed: ok
autopkgtest [19:21:49]: test autodep8-perl-recommends:  - - - - - - - - - - results - - - - - - - - - -
autodep8-perl-recommends PASS (superficial)
autopkgtest: DBG: sending command to testbed: copyup /tmp/autopkgtest.aTNvas/autodep8-perl-recommends-artifacts/ /home/minami/Documents/openkylin-riscv/test/libb-keywords-perl/artifacts/
autopkgtest-virt-qemu: DBG: executing copyup /tmp/autopkgtest.aTNvas/autodep8-perl-recommends-artifacts/ /home/minami/Documents/openkylin-riscv/test/libb-keywords-perl/artifacts/
autopkgtest-virt-qemu: DBG: ['cmdls', "(['/tmp/autopkgtest-qemu.xuz2t6pq/runcmd', 'sh', '-ec', 'cd /tmp/autopkgtest.aTNvas/autodep8-perl-recommends-artifacts/; tar --warning=none -c . -f -'], ['tar', '--directory', '/home/minami/Documents/openkylin-riscv/test/libb-keywords-perl/artifacts/', '--warning=none', '--preserve-permissions', '--extract', '--no-same-owner', '-f', '-'])"]
autopkgtest-virt-qemu: DBG: ['srcstdin', "<_io.BufferedReader name='/dev/null'>", 'deststdout', "<_io.BufferedReader name='/dev/null'>", 'devnull_read', <_io.BufferedReader name='/dev/null'>]
autopkgtest-virt-qemu: DBG:  +< /tmp/autopkgtest-qemu.xuz2t6pq/runcmd sh -ec cd /tmp/autopkgtest.aTNvas/autodep8-perl-recommends-artifacts/; tar --warning=none -c . -f -
autopkgtest-virt-qemu: DBG:  +> tar --directory /home/minami/Documents/openkylin-riscv/test/libb-keywords-perl/artifacts/ --warning=none --preserve-permissions --extract --no-same-owner -f -
autopkgtest-virt-qemu: DBG:  +>?
autopkgtest-virt-qemu: DBG:  +<?
autopkgtest: DBG: got reply from testbed: ok
autopkgtest: DBG: testbed command ['rm', '-rf', '/tmp/autopkgtest.aTNvas/autodep8-perl-recommends-artifacts', '/tmp/autopkgtest.aTNvas/autopkgtest_tmp'], kind short, sout raw, serr pipe, env []
autopkgtest: DBG: testbed command exited with code 0
autopkgtest: DBG: needs_reset, previously=False, requested by run_tests() line 208
autopkgtest [19:21:50]: @@@@@@@@@@@@@@@@@@@@ summary
autodep8-perl-build-deps PASS
autodep8-perl        PASS (superficial)
autodep8-perl-recommends PASS (superficial)
autopkgtest: DBG: testbed stop
autopkgtest: DBG: testbed close, scratch=/tmp/autopkgtest.aTNvas
autopkgtest: DBG: sending command to testbed: close
autopkgtest-virt-qemu: DBG: executing close
autopkgtest-virt-qemu: DBG: cleanup...
qemu-system-riscv64: terminating on signal 15 from pid 248082 (/usr/bin/python3)
autopkgtest: DBG: got reply from testbed: ok
autopkgtest: DBG: sending command to testbed: quit
autopkgtest-virt-qemu: DBG: executing quit
autopkgtest-virt-qemu: DBG: cleanup...
