t/basic.t .. 
ok 1 - Didn't blow up
1..1
ok
t/line.t ... 
1..2
# File: /tmp/CiK153Z4kk
ok 1 - __FILE__
ok 2 - __LINE__
ok
t/pack.t ... 
ok 1 - packed script works
ok 2 - $INC[0] is a reference
ok 3 - $INC[0] has a files method
ok 4 - $INC[0]->files returned the files
1..4
ok
t/trace.t .. 
t/mod/ModuleA.pm syntax OK
ok 1 - All expected modules loaded for t/mod/ModuleA.pm
t/mod/ModuleB.pm syntax OK
ok 2 - All expected modules loaded for t/mod/ModuleB.pm
t/mod/ModuleC.pm syntax OK
ok 3 - All expected modules loaded for t/mod/ModuleC.pm
t/mod/ModuleD.pl syntax OK
ok 4 - All expected modules loaded for t/mod/ModuleD.pl
t/mod/ModuleCond.pm syntax OK
ok 5 - All expected modules loaded for t/mod/ModuleCond.pm
1..5
ok
All tests successful.
Files=4, Tests=12,  7 wallclock secs ( 0.30 usr  0.11 sys +  4.89 cusr  1.47 csys =  6.77 CPU)
Result: PASS
