autopkgtest: DBG: testbed init
autopkgtest [17:46:33]: starting date and time: 2023-02-16 17:46:33+0800
autopkgtest [17:46:33]: version 5.28
autopkgtest [17:46:33]: host debian; command line: /usr/bin/autopkgtest /home/minami/Documents/openkylin-riscv/src/libarchive-zip-perl_1.68-ok1.dsc -o /home/minami/Documents/openkylin-riscv/test/libarchive-zip-perl -d -B -- qemu -u root -p openkylin --qemu-architecture=riscv64 -c 8 --ram-size=8192 -d '--qemu-options=-machine virt -kernel /home/minami/Documents/ukylin/u-boot.bin' /home/minami/Documents/openkylin-riscv/testing.qcow2
autopkgtest: DBG: got reply from testbed: ok
autopkgtest: DBG: testbed open, scratch=None
autopkgtest: DBG: sending command to testbed: open
autopkgtest-virt-qemu: DBG: executing open
autopkgtest-virt-qemu: DBG: find_free_port: trying 10022
autopkgtest-virt-qemu: DBG: find_free_port: 10022 is free
autopkgtest-virt-qemu: DBG: autopkgtest does not know how to boot this machine, hopefully nothing special needs to be done?
autopkgtest-virt-qemu: DBG: qemu architecture: riscv64
autopkgtest-virt-qemu: DBG: qemu command: qemu-system-riscv64
autopkgtest-virt-qemu: DBG: execute-timeout: qemu-img info --output=json /home/minami/Documents/openkylin-riscv/testing.qcow2
autopkgtest-virt-qemu: DBG: Creating temporary overlay image in /tmp/autopkgtest-qemu.nwza6gr4/overlay.img
autopkgtest-virt-qemu: DBG: execute-timeout: qemu-img create -f qcow2 -F qcow2 -b /home/minami/Documents/openkylin-riscv/testing.qcow2 /tmp/autopkgtest-qemu.nwza6gr4/overlay.img
autopkgtest-virt-qemu: DBG: Forwarding local port 10022 to VM ssh port 22
autopkgtest-virt-qemu: DBG: Assuming nothing special needs to be done to set up firmware to boot this machine (boot method: none)
autopkgtest-virt-qemu: DBG: full qemu command-line: ['qemu-system-riscv64', '-m', '8192', '-smp', '8', '-nographic', '-device', 'virtio-net-device,netdev=usernet', '-netdev', 'user,id=usernet,hostfwd=tcp:127.0.0.1:10022-:22', '-object', 'rng-random,filename=/dev/urandom,id=rng0', '-device', 'virtio-rng-pci,rng=rng0,id=rng-device0', '-monitor', 'unix:/tmp/autopkgtest-qemu.nwza6gr4/monitor,server=on,wait=off', '-virtfs', 'local,id=autopkgtest,path=/tmp/autopkgtest-qemu.nwza6gr4/shared,security_model=none,mount_tag=autopkgtest', '-device', 'virtio-serial', '-chardev', 'socket,path=/tmp/autopkgtest-qemu.nwza6gr4/hvc0,server=on,wait=off,id=hvc0', '-device', 'virtconsole,chardev=hvc0', '-chardev', 'socket,path=/tmp/autopkgtest-qemu.nwza6gr4/hvc1,server=on,wait=off,id=hvc1', '-device', 'virtconsole,chardev=hvc1', '-serial', 'unix:/tmp/autopkgtest-qemu.nwza6gr4/ttyS0,server=on,wait=off', '-drive', 'index=0,file=/tmp/autopkgtest-qemu.nwza6gr4/overlay.img,format=qcow2,cache=unsafe,if=virtio,discard=unmap', '-machine', 'virt', '-kernel', '/home/minami/Documents/ukylin/u-boot.bin']
autopkgtest-virt-qemu: DBG: expect: b' login: '
autopkgtest-virt-qemu: DBG: expect: found "'login prompt on serial console'"
autopkgtest-virt-qemu: DBG: expect: b'ok'
autopkgtest-virt-qemu: DBG: expect: found "b'ok'"
autopkgtest-virt-qemu: DBG: setup_shell(): there already is a shell on hvc1
qemu-system-riscv64: warning: 9p: degraded performance: a reasonable high msize should be chosen on client/guest side (chosen msize is <= 8192). See https://wiki.qemu.org/Documentation/9psetup#msize for details.
autopkgtest-virt-qemu: DBG: expect: b'5dae083d-50a3-45bc-bff8-ca89c38c5077[1]'
autopkgtest-virt-qemu: DBG: expect: found "b'5dae083d-50a3-45bc-bff8-ca89c38c5077[1]'"
autopkgtest-virt-qemu: DBG: expect: b'5dae083d-50a3-45bc-bff8-ca89c38c5077[2]'
autopkgtest-virt-qemu: DBG: expect: found "b'5dae083d-50a3-45bc-bff8-ca89c38c5077[2]'"
autopkgtest-virt-qemu: DBG: expect: b'5dae083d-50a3-45bc-bff8-ca89c38c5077[3]'
autopkgtest-virt-qemu: DBG: expect: found "b'5dae083d-50a3-45bc-bff8-ca89c38c5077[3]'"
autopkgtest-virt-qemu: DBG: expect: b'/python'
autopkgtest-virt-qemu: DBG: expect: found "b'/python'"
autopkgtest-virt-qemu: DBG: expect: b'# '
autopkgtest-virt-qemu: DBG: expect: found "b'# '"
autopkgtest-virt-qemu: DBG: expect: b'5dae083d-50a3-45bc-bff8-ca89c38c5077[4]'
autopkgtest-virt-qemu: DBG: expect: found "b'5dae083d-50a3-45bc-bff8-ca89c38c5077[4]'"
autopkgtest-virt-qemu: DBG: execute-timeout: /tmp/autopkgtest-qemu.nwza6gr4/runcmd true
autopkgtest-virt-qemu: DBG: can connect to autopkgtest sh in VM
autopkgtest-virt-qemu: DBG: expect: b'5dae083d-50a3-45bc-bff8-ca89c38c5077[5]'
autopkgtest-virt-qemu: DBG: expect: found "b'5dae083d-50a3-45bc-bff8-ca89c38c5077[5]'"
autopkgtest-virt-qemu: DBG: determine_normal_user: got user "openkylin"
autopkgtest-virt-qemu: DBG: auxverb = ['/tmp/autopkgtest-qemu.nwza6gr4/runcmd'], downtmp = None
autopkgtest-virt-qemu: DBG: execute-timeout: /tmp/autopkgtest-qemu.nwza6gr4/runcmd mktemp --directory --tmpdir autopkgtest.XXXXXX
autopkgtest-virt-qemu: DBG: execute-timeout: /tmp/autopkgtest-qemu.nwza6gr4/runcmd chmod 1777 /tmp/autopkgtest.W9cngJ
autopkgtest: DBG: got reply from testbed: ok /tmp/autopkgtest.W9cngJ
autopkgtest: DBG: sending command to testbed: print-execute-command
autopkgtest-virt-qemu: DBG: executing print-execute-command
autopkgtest: DBG: got reply from testbed: ok /tmp/autopkgtest-qemu.nwza6gr4/runcmd
autopkgtest: DBG: sending command to testbed: capabilities
autopkgtest-virt-qemu: DBG: executing capabilities
autopkgtest: DBG: got reply from testbed: ok isolation-machine reboot revert revert-full-system root-on-testbed suggested-normal-user=openkylin
autopkgtest: DBG: testbed capabilities: ['isolation-machine', 'reboot', 'revert', 'revert-full-system', 'root-on-testbed', 'suggested-normal-user=openkylin', 'has_internet']
autopkgtest: DBG: testbed command ['mkdir', '-p', '/tmp/autopkgtest.W9cngJ'], kind short, sout raw, serr pipe, env []
autopkgtest: DBG: testbed command exited with code 0
autopkgtest: DBG: sending command to testbed: copydown /usr/share/autopkgtest/lib/in-testbed/wrapper.sh /tmp/autopkgtest.W9cngJ/wrapper.sh
autopkgtest-virt-qemu: DBG: executing copydown /usr/share/autopkgtest/lib/in-testbed/wrapper.sh /tmp/autopkgtest.W9cngJ/wrapper.sh
autopkgtest-virt-qemu: DBG: ['cmdls', "(['cat'], ['/tmp/autopkgtest-qemu.nwza6gr4/runcmd', 'sh', '-ec', 'cat >/tmp/autopkgtest.W9cngJ/wrapper.sh; chmod +x -- /tmp/autopkgtest.W9cngJ/wrapper.sh'])"]
autopkgtest-virt-qemu: DBG: ['srcstdin', "<_io.BufferedReader name='/usr/share/autopkgtest/lib/in-testbed/wrapper.sh'>", 'deststdout', "<_io.BufferedReader name='/dev/null'>", 'devnull_read', <_io.BufferedReader name='/dev/null'>]
autopkgtest-virt-qemu: DBG:  +< cat
autopkgtest-virt-qemu: DBG:  +> /tmp/autopkgtest-qemu.nwza6gr4/runcmd sh -ec cat >/tmp/autopkgtest.W9cngJ/wrapper.sh; chmod +x -- /tmp/autopkgtest.W9cngJ/wrapper.sh
autopkgtest-virt-qemu: DBG:  +>?
autopkgtest-virt-qemu: DBG:  +<?
autopkgtest: DBG: got reply from testbed: ok
autopkgtest: DBG: testbed command ['chmod', '-R', '0755', '--', '/tmp/autopkgtest.W9cngJ/wrapper.sh'], kind short, sout raw, serr pipe, env []
autopkgtest: DBG: testbed command exited with code 0
autopkgtest: DBG: testbed command ['dpkg', '--print-architecture'], kind short, sout pipe, serr pipe, env []
autopkgtest: DBG: testbed command exited with code 0
autopkgtest [17:47:18]: testbed dpkg architecture: riscv64
autopkgtest: DBG: testbed command ['sh', '-ec', 'command -v eatmydata'], kind short, sout pipe, serr pipe, env []
autopkgtest: DBG: testbed command exited with code 127
autopkgtest: DBG: testbed command ['sh', '-ec', 'command -v dpkg-query'], kind short, sout pipe, serr pipe, env []
autopkgtest: DBG: testbed command exited with code 0
autopkgtest: DBG: testbed command ['sh', '-ec', "dpkg-query --show -f '${Package}\\t${Version}\\n' > /tmp/autopkgtest.W9cngJ/testbed-packages"], kind short, sout raw, serr pipe, env []
autopkgtest: DBG: testbed command exited with code 0
autopkgtest: DBG: sending command to testbed: copyup /tmp/autopkgtest.W9cngJ/testbed-packages /home/minami/Documents/openkylin-riscv/test/libarchive-zip-perl/testbed-packages
autopkgtest-virt-qemu: DBG: executing copyup /tmp/autopkgtest.W9cngJ/testbed-packages /home/minami/Documents/openkylin-riscv/test/libarchive-zip-perl/testbed-packages
autopkgtest-virt-qemu: DBG: ['cmdls', "(['/tmp/autopkgtest-qemu.nwza6gr4/runcmd', 'sh', '-ec', 'cat </tmp/autopkgtest.W9cngJ/testbed-packages'], ['cat'])"]
autopkgtest-virt-qemu: DBG: ['srcstdin', "<_io.BufferedReader name='/dev/null'>", 'deststdout', "<_io.BufferedWriter name='/home/minami/Documents/openkylin-riscv/test/libarchive-zip-perl/testbed-packages'>", 'devnull_read', <_io.BufferedReader name='/dev/null'>]
autopkgtest-virt-qemu: DBG:  +< /tmp/autopkgtest-qemu.nwza6gr4/runcmd sh -ec cat </tmp/autopkgtest.W9cngJ/testbed-packages
autopkgtest-virt-qemu: DBG:  +> cat
autopkgtest-virt-qemu: DBG:  +>?
autopkgtest-virt-qemu: DBG:  +<?
autopkgtest: DBG: got reply from testbed: ok
autopkgtest: DBG: testbed supports reboot, creating /tmp/autopkgtest-reboot
autopkgtest: DBG: testbed command ['mkdir', '-p', '/tmp/autopkgtest.W9cngJ'], kind short, sout raw, serr pipe, env []
autopkgtest: DBG: testbed command exited with code 0
autopkgtest: DBG: sending command to testbed: copydown /usr/share/autopkgtest/lib/in-testbed/reboot.sh /tmp/autopkgtest.W9cngJ/autopkgtest-reboot
autopkgtest-virt-qemu: DBG: executing copydown /usr/share/autopkgtest/lib/in-testbed/reboot.sh /tmp/autopkgtest.W9cngJ/autopkgtest-reboot
autopkgtest-virt-qemu: DBG: ['cmdls', "(['cat'], ['/tmp/autopkgtest-qemu.nwza6gr4/runcmd', 'sh', '-ec', 'cat >/tmp/autopkgtest.W9cngJ/autopkgtest-reboot; chmod +x -- /tmp/autopkgtest.W9cngJ/autopkgtest-reboot'])"]
autopkgtest-virt-qemu: DBG: ['srcstdin', "<_io.BufferedReader name='/usr/share/autopkgtest/lib/in-testbed/reboot.sh'>", 'deststdout', "<_io.BufferedReader name='/dev/null'>", 'devnull_read', <_io.BufferedReader name='/dev/null'>]
autopkgtest-virt-qemu: DBG:  +< cat
autopkgtest-virt-qemu: DBG:  +> /tmp/autopkgtest-qemu.nwza6gr4/runcmd sh -ec cat >/tmp/autopkgtest.W9cngJ/autopkgtest-reboot; chmod +x -- /tmp/autopkgtest.W9cngJ/autopkgtest-reboot
autopkgtest-virt-qemu: DBG:  +>?
autopkgtest-virt-qemu: DBG:  +<?
autopkgtest: DBG: got reply from testbed: ok
autopkgtest: DBG: testbed command ['chmod', '-R', '0755', '--', '/tmp/autopkgtest.W9cngJ/autopkgtest-reboot'], kind short, sout raw, serr pipe, env []
autopkgtest: DBG: testbed command exited with code 0
autopkgtest: DBG: testbed command ['ln', '-fns', '/tmp/autopkgtest.W9cngJ/autopkgtest-reboot', '/tmp/autopkgtest-reboot'], kind short, sout raw, serr pipe, env []
autopkgtest: DBG: testbed command exited with code 0
autopkgtest: DBG: testbed command ['ln', '-fns', '/tmp/autopkgtest.W9cngJ/autopkgtest-reboot', '/sbin/autopkgtest-reboot'], kind short, sout raw, serr pipe, env []
autopkgtest: DBG: testbed command exited with code 0
autopkgtest: DBG: testbed command ['mkdir', '-p', '/tmp/autopkgtest.W9cngJ'], kind short, sout raw, serr pipe, env []
autopkgtest: DBG: testbed command exited with code 0
autopkgtest: DBG: sending command to testbed: copydown /usr/share/autopkgtest/lib/in-testbed/reboot-prepare.sh /tmp/autopkgtest.W9cngJ/autopkgtest-reboot-prepare
autopkgtest-virt-qemu: DBG: executing copydown /usr/share/autopkgtest/lib/in-testbed/reboot-prepare.sh /tmp/autopkgtest.W9cngJ/autopkgtest-reboot-prepare
autopkgtest-virt-qemu: DBG: ['cmdls', "(['cat'], ['/tmp/autopkgtest-qemu.nwza6gr4/runcmd', 'sh', '-ec', 'cat >/tmp/autopkgtest.W9cngJ/autopkgtest-reboot-prepare; chmod +x -- /tmp/autopkgtest.W9cngJ/autopkgtest-reboot-prepare'])"]
autopkgtest-virt-qemu: DBG: ['srcstdin', "<_io.BufferedReader name='/usr/share/autopkgtest/lib/in-testbed/reboot-prepare.sh'>", 'deststdout', "<_io.BufferedReader name='/dev/null'>", 'devnull_read', <_io.BufferedReader name='/dev/null'>]
autopkgtest-virt-qemu: DBG:  +< cat
autopkgtest-virt-qemu: DBG:  +> /tmp/autopkgtest-qemu.nwza6gr4/runcmd sh -ec cat >/tmp/autopkgtest.W9cngJ/autopkgtest-reboot-prepare; chmod +x -- /tmp/autopkgtest.W9cngJ/autopkgtest-reboot-prepare
autopkgtest-virt-qemu: DBG:  +>?
autopkgtest-virt-qemu: DBG:  +<?
autopkgtest: DBG: got reply from testbed: ok
autopkgtest: DBG: testbed command ['chmod', '-R', '0755', '--', '/tmp/autopkgtest.W9cngJ/autopkgtest-reboot-prepare'], kind short, sout raw, serr pipe, env []
autopkgtest: DBG: testbed command exited with code 0
autopkgtest: DBG: testbed command ['ln', '-fns', '/tmp/autopkgtest.W9cngJ/autopkgtest-reboot-prepare', '/tmp/autopkgtest-reboot-prepare'], kind short, sout raw, serr pipe, env []
autopkgtest: DBG: testbed command exited with code 0
autopkgtest: DBG: testbed command ['uname', '-srv'], kind short, sout pipe, serr pipe, env []
autopkgtest: DBG: testbed command exited with code 0
autopkgtest [17:47:25]: testbed running kernel: Linux 5.11.0-1030-generic #34 SMP Fri Mar 11 15:27:17 CST 2022
autopkgtest: DBG: testbed command ['sh', '-c', 'nproc; cat /proc/cpuinfo 2>/dev/null || true'], kind short, sout pipe, serr pipe, env []
autopkgtest: DBG: testbed command exited with code 0
autopkgtest: DBG: Binaries: initialising
autopkgtest [17:47:26]: @@@@@@@@@@@@@@@@@@@@ source /home/minami/Documents/openkylin-riscv/src/libarchive-zip-perl_1.68-ok1.dsc
autopkgtest: DBG: blame += /home/minami/Documents/openkylin-riscv/src/libarchive-zip-perl_1.68-ok1.dsc
autopkgtest: DBG: testbed reset: modified=False, deps_installed=[], deps_new=[]
autopkgtest: DBG: testbed command ['mkdir', '-p', '/tmp/autopkgtest.W9cngJ'], kind short, sout raw, serr pipe, env []
autopkgtest: DBG: testbed command exited with code 0
autopkgtest: DBG: sending command to testbed: copydown /home/minami/Documents/openkylin-riscv/src/libarchive-zip-perl_1.68-ok1.dsc /tmp/autopkgtest.W9cngJ/libarchive-zip-perl_1.68-ok1.dsc
autopkgtest-virt-qemu: DBG: executing copydown /home/minami/Documents/openkylin-riscv/src/libarchive-zip-perl_1.68-ok1.dsc /tmp/autopkgtest.W9cngJ/libarchive-zip-perl_1.68-ok1.dsc
autopkgtest-virt-qemu: DBG: ['cmdls', "(['cat'], ['/tmp/autopkgtest-qemu.nwza6gr4/runcmd', 'sh', '-ec', 'cat >/tmp/autopkgtest.W9cngJ/libarchive-zip-perl_1.68-ok1.dsc'])"]
autopkgtest-virt-qemu: DBG: ['srcstdin', "<_io.BufferedReader name='/home/minami/Documents/openkylin-riscv/src/libarchive-zip-perl_1.68-ok1.dsc'>", 'deststdout', "<_io.BufferedReader name='/dev/null'>", 'devnull_read', <_io.BufferedReader name='/dev/null'>]
autopkgtest-virt-qemu: DBG:  +< cat
autopkgtest-virt-qemu: DBG:  +> /tmp/autopkgtest-qemu.nwza6gr4/runcmd sh -ec cat >/tmp/autopkgtest.W9cngJ/libarchive-zip-perl_1.68-ok1.dsc
autopkgtest-virt-qemu: DBG:  +>?
autopkgtest-virt-qemu: DBG:  +<?
autopkgtest: DBG: got reply from testbed: ok
autopkgtest: DBG: testbed command ['chown', '-R', 'openkylin', '--', '/tmp/autopkgtest.W9cngJ/libarchive-zip-perl_1.68-ok1.dsc'], kind short, sout raw, serr pipe, env []
autopkgtest: DBG: testbed command exited with code 0
autopkgtest: DBG: testbed command ['mkdir', '-p', '/tmp/autopkgtest.W9cngJ'], kind short, sout raw, serr pipe, env []
autopkgtest: DBG: testbed command exited with code 0
autopkgtest: DBG: sending command to testbed: copydown /home/minami/Documents/openkylin-riscv/src/libarchive-zip-perl_1.68.orig.tar.gz /tmp/autopkgtest.W9cngJ/libarchive-zip-perl_1.68.orig.tar.gz
autopkgtest-virt-qemu: DBG: executing copydown /home/minami/Documents/openkylin-riscv/src/libarchive-zip-perl_1.68.orig.tar.gz /tmp/autopkgtest.W9cngJ/libarchive-zip-perl_1.68.orig.tar.gz
autopkgtest-virt-qemu: DBG: ['cmdls', "(['cat'], ['/tmp/autopkgtest-qemu.nwza6gr4/runcmd', 'sh', '-ec', 'cat >/tmp/autopkgtest.W9cngJ/libarchive-zip-perl_1.68.orig.tar.gz'])"]
autopkgtest-virt-qemu: DBG: ['srcstdin', "<_io.BufferedReader name='/home/minami/Documents/openkylin-riscv/src/libarchive-zip-perl_1.68.orig.tar.gz'>", 'deststdout', "<_io.BufferedReader name='/dev/null'>", 'devnull_read', <_io.BufferedReader name='/dev/null'>]
autopkgtest-virt-qemu: DBG:  +< cat
autopkgtest-virt-qemu: DBG:  +> /tmp/autopkgtest-qemu.nwza6gr4/runcmd sh -ec cat >/tmp/autopkgtest.W9cngJ/libarchive-zip-perl_1.68.orig.tar.gz
autopkgtest-virt-qemu: DBG:  +>?
autopkgtest-virt-qemu: DBG:  +<?
autopkgtest: DBG: got reply from testbed: ok
autopkgtest: DBG: testbed command ['chown', '-R', 'openkylin', '--', '/tmp/autopkgtest.W9cngJ/libarchive-zip-perl_1.68.orig.tar.gz'], kind short, sout raw, serr pipe, env []
autopkgtest: DBG: testbed command exited with code 0
autopkgtest: DBG: testbed command ['mkdir', '-p', '/tmp/autopkgtest.W9cngJ'], kind short, sout raw, serr pipe, env []
autopkgtest: DBG: testbed command exited with code 0
autopkgtest: DBG: sending command to testbed: copydown /home/minami/Documents/openkylin-riscv/src/libarchive-zip-perl_1.68-ok1.debian.tar.xz /tmp/autopkgtest.W9cngJ/libarchive-zip-perl_1.68-ok1.debian.tar.xz
autopkgtest-virt-qemu: DBG: executing copydown /home/minami/Documents/openkylin-riscv/src/libarchive-zip-perl_1.68-ok1.debian.tar.xz /tmp/autopkgtest.W9cngJ/libarchive-zip-perl_1.68-ok1.debian.tar.xz
autopkgtest-virt-qemu: DBG: ['cmdls', "(['cat'], ['/tmp/autopkgtest-qemu.nwza6gr4/runcmd', 'sh', '-ec', 'cat >/tmp/autopkgtest.W9cngJ/libarchive-zip-perl_1.68-ok1.debian.tar.xz'])"]
autopkgtest-virt-qemu: DBG: ['srcstdin', "<_io.BufferedReader name='/home/minami/Documents/openkylin-riscv/src/libarchive-zip-perl_1.68-ok1.debian.tar.xz'>", 'deststdout', "<_io.BufferedReader name='/dev/null'>", 'devnull_read', <_io.BufferedReader name='/dev/null'>]
autopkgtest-virt-qemu: DBG:  +< cat
autopkgtest-virt-qemu: DBG:  +> /tmp/autopkgtest-qemu.nwza6gr4/runcmd sh -ec cat >/tmp/autopkgtest.W9cngJ/libarchive-zip-perl_1.68-ok1.debian.tar.xz
autopkgtest-virt-qemu: DBG:  +>?
autopkgtest-virt-qemu: DBG:  +<?
autopkgtest: DBG: got reply from testbed: ok
autopkgtest: DBG: testbed command ['chown', '-R', 'openkylin', '--', '/tmp/autopkgtest.W9cngJ/libarchive-zip-perl_1.68-ok1.debian.tar.xz'], kind short, sout raw, serr pipe, env []
autopkgtest: DBG: testbed command exited with code 0
autopkgtest: DBG: install_deps: deps_new=[]
autopkgtest: DBG: testbed command ['sh', '-ec', 'command -v dpkg-source'], kind short, sout pipe, serr pipe, env []
autopkgtest: DBG: testbed command exited with code 0
autopkgtest: DBG: testbed command ['sh', '-ec', 'su --shell=/bin/sh openkylin -c \'set -e; exec 3>&1 >&2; set -x; cd /; builddir=$(mktemp -d /tmp/autopkgtest.W9cngJ/build.XXX); cd $builddir; dpkg-source -x "/tmp/autopkgtest.W9cngJ/libarchive-zip-perl_1.68-ok1.dsc" src; chmod -R a+rX .; cd [a-z0-9]*/.; pwd >&3; sed -n "1 {s/).*//; s/ (/\\n/; p}" debian/changelog >&3\''], kind build, sout pipe, serr raw, env []
+ cd /
+ mktemp -d /tmp/autopkgtest.W9cngJ/build.XXX
+ builddir=/tmp/autopkgtest.W9cngJ/build.NCc
+ cd /tmp/autopkgtest.W9cngJ/build.NCc
+ dpkg-source -x /tmp/autopkgtest.W9cngJ/libarchive-zip-perl_1.68-ok1.dsc src
gpgv: unknown type of key resource 'trustedkeys.kbx'
gpgv: keyblock resource '/tmp/dpkg-verify-sig.D34PF2P7/trustedkeys.kbx': General error
gpgv: Signature made Thu 25 Aug 2022 08:12:37 AM UTC
gpgv:                using RSA key 64FBB79F5EAE64D792E94CFE0716F00F842CD274
gpgv: Can't check signature: No public key
dpkg-source: warning: cannot verify signature /tmp/autopkgtest.W9cngJ/libarchive-zip-perl_1.68-ok1.dsc
dpkg-source: info: extracting libarchive-zip-perl in src
dpkg-source: info: unpacking libarchive-zip-perl_1.68.orig.tar.gz
dpkg-source: info: unpacking libarchive-zip-perl_1.68-ok1.debian.tar.xz
+ chmod -R a+rX .
+ cd src/.
+ pwd
+ sed -n 1 {s/).*//; s/ (/\n/; p} debian/changelog
autopkgtest: DBG: testbed command exited with code 0
autopkgtest [17:47:35]: testing package libarchive-zip-perl version 1.68-ok1
autopkgtest: DBG: sending command to testbed: copyup /tmp/autopkgtest.W9cngJ/build.NCc/src/debian/ /home/minami/Documents/openkylin-riscv/test/libarchive-zip-perl/pkg/debian/
autopkgtest-virt-qemu: DBG: executing copyup /tmp/autopkgtest.W9cngJ/build.NCc/src/debian/ /home/minami/Documents/openkylin-riscv/test/libarchive-zip-perl/pkg/debian/
autopkgtest-virt-qemu: DBG: ['cmdls', "(['/tmp/autopkgtest-qemu.nwza6gr4/runcmd', 'sh', '-ec', 'cd /tmp/autopkgtest.W9cngJ/build.NCc/src/debian/; tar --warning=none -c . -f -'], ['tar', '--directory', '/home/minami/Documents/openkylin-riscv/test/libarchive-zip-perl/pkg/debian/', '--warning=none', '--preserve-permissions', '--extract', '--no-same-owner', '-f', '-'])"]
autopkgtest-virt-qemu: DBG: ['srcstdin', "<_io.BufferedReader name='/dev/null'>", 'deststdout', "<_io.BufferedReader name='/dev/null'>", 'devnull_read', <_io.BufferedReader name='/dev/null'>]
autopkgtest-virt-qemu: DBG:  +< /tmp/autopkgtest-qemu.nwza6gr4/runcmd sh -ec cd /tmp/autopkgtest.W9cngJ/build.NCc/src/debian/; tar --warning=none -c . -f -
autopkgtest-virt-qemu: DBG:  +> tar --directory /home/minami/Documents/openkylin-riscv/test/libarchive-zip-perl/pkg/debian/ --warning=none --preserve-permissions --extract --no-same-owner -f -
autopkgtest-virt-qemu: DBG:  +>?
autopkgtest-virt-qemu: DBG:  +<?
autopkgtest: DBG: got reply from testbed: ok
autopkgtest: DBG: autodep8 generated control: -----
Test-Command: /usr/share/pkg-perl-autopkgtest/runner build-deps
Depends: @, @builddeps@, pkg-perl-autopkgtest, 
Restrictions: skippable, 
Features: test-name=autodep8-perl-build-deps


Test-Command: /usr/share/pkg-perl-autopkgtest/runner runtime-deps
Depends: @, pkg-perl-autopkgtest, 
Restrictions: skippable, superficial, 
Features: test-name=autodep8-perl


Test-Command: /usr/share/pkg-perl-autopkgtest/runner runtime-deps-and-recommends
Depends: @, pkg-perl-autopkgtest, 
Restrictions: needs-recommends, skippable, superficial, 
Features: test-name=autodep8-perl-recommends


-------
autopkgtest: DBG: processing dependency @
autopkgtest: DBG: synthesised dependency libarchive-zip-perl
autopkgtest: DBG: processing dependency @builddeps@
autopkgtest: DBG: synthesised dependency debhelper-compat (= 13)
autopkgtest: DBG: synthesised dependency perl
autopkgtest: DBG: synthesised dependency unzip
autopkgtest: DBG: synthesised dependency zip
autopkgtest: DBG: synthesised dependency build-essential
autopkgtest: DBG: processing dependency pkg-perl-autopkgtest
autopkgtest: DBG: Test defined: name autodep8-perl-build-deps path None command "/usr/share/pkg-perl-autopkgtest/runner build-deps" restrictions ['skippable'] features ['test-name=autodep8-perl-build-deps'] depends ['libarchive-zip-perl', 'debhelper-compat (= 13)', 'perl', 'unzip', 'zip', 'build-essential', 'pkg-perl-autopkgtest'] 
autopkgtest: DBG: processing dependency @
autopkgtest: DBG: synthesised dependency libarchive-zip-perl
autopkgtest: DBG: processing dependency pkg-perl-autopkgtest
autopkgtest: DBG: Test defined: name autodep8-perl path None command "/usr/share/pkg-perl-autopkgtest/runner runtime-deps" restrictions ['skippable', 'superficial'] features ['test-name=autodep8-perl'] depends ['libarchive-zip-perl', 'pkg-perl-autopkgtest'] 
autopkgtest: DBG: processing dependency @
autopkgtest: DBG: synthesised dependency libarchive-zip-perl
autopkgtest: DBG: processing dependency pkg-perl-autopkgtest
autopkgtest: DBG: processing dependency @recommends@
autopkgtest: DBG: Test defined: name autodep8-perl-recommends path None command "/usr/share/pkg-perl-autopkgtest/runner runtime-deps-and-recommends" restrictions ['needs-recommends', 'skippable', 'superficial'] features ['test-name=autodep8-perl-recommends'] depends ['libarchive-zip-perl', 'pkg-perl-autopkgtest'] 
autopkgtest [17:47:36]: build not needed
autopkgtest: DBG: sending command to testbed: copyup /tmp/autopkgtest.W9cngJ/build.NCc/src/ /home/minami/Documents/openkylin-riscv/test/libarchive-zip-perl/tests-tree/
autopkgtest-virt-qemu: DBG: executing copyup /tmp/autopkgtest.W9cngJ/build.NCc/src/ /home/minami/Documents/openkylin-riscv/test/libarchive-zip-perl/tests-tree/
autopkgtest-virt-qemu: DBG: ['cmdls', "(['/tmp/autopkgtest-qemu.nwza6gr4/runcmd', 'sh', '-ec', 'cd /tmp/autopkgtest.W9cngJ/build.NCc/src/; tar --warning=none -c . -f -'], ['tar', '--directory', '/home/minami/Documents/openkylin-riscv/test/libarchive-zip-perl/tests-tree/', '--warning=none', '--preserve-permissions', '--extract', '--no-same-owner', '-f', '-'])"]
autopkgtest-virt-qemu: DBG: ['srcstdin', "<_io.BufferedReader name='/dev/null'>", 'deststdout', "<_io.BufferedReader name='/dev/null'>", 'devnull_read', <_io.BufferedReader name='/dev/null'>]
autopkgtest-virt-qemu: DBG:  +< /tmp/autopkgtest-qemu.nwza6gr4/runcmd sh -ec cd /tmp/autopkgtest.W9cngJ/build.NCc/src/; tar --warning=none -c . -f -
autopkgtest-virt-qemu: DBG:  +> tar --directory /home/minami/Documents/openkylin-riscv/test/libarchive-zip-perl/tests-tree/ --warning=none --preserve-permissions --extract --no-same-owner -f -
autopkgtest-virt-qemu: DBG:  +>?
autopkgtest-virt-qemu: DBG:  +<?
autopkgtest: DBG: got reply from testbed: ok
autopkgtest: DBG: autodep8 generated control: -----
Test-Command: /usr/share/pkg-perl-autopkgtest/runner build-deps
Depends: @, @builddeps@, pkg-perl-autopkgtest, 
Restrictions: skippable, 
Features: test-name=autodep8-perl-build-deps


Test-Command: /usr/share/pkg-perl-autopkgtest/runner runtime-deps
Depends: @, pkg-perl-autopkgtest, 
Restrictions: skippable, superficial, 
Features: test-name=autodep8-perl


Test-Command: /usr/share/pkg-perl-autopkgtest/runner runtime-deps-and-recommends
Depends: @, pkg-perl-autopkgtest, 
Restrictions: needs-recommends, skippable, superficial, 
Features: test-name=autodep8-perl-recommends


-------
autopkgtest: DBG: processing dependency @
autopkgtest: DBG: synthesised dependency libarchive-zip-perl
autopkgtest: DBG: processing dependency @builddeps@
autopkgtest: DBG: synthesised dependency debhelper-compat (= 13)
autopkgtest: DBG: synthesised dependency perl
autopkgtest: DBG: synthesised dependency unzip
autopkgtest: DBG: synthesised dependency zip
autopkgtest: DBG: synthesised dependency build-essential
autopkgtest: DBG: processing dependency pkg-perl-autopkgtest
autopkgtest: DBG: Test defined: name autodep8-perl-build-deps path None command "/usr/share/pkg-perl-autopkgtest/runner build-deps" restrictions ['skippable'] features ['test-name=autodep8-perl-build-deps'] depends ['libarchive-zip-perl', 'debhelper-compat (= 13)', 'perl', 'unzip', 'zip', 'build-essential', 'pkg-perl-autopkgtest'] 
autopkgtest: DBG: processing dependency @
autopkgtest: DBG: synthesised dependency libarchive-zip-perl
autopkgtest: DBG: processing dependency pkg-perl-autopkgtest
autopkgtest: DBG: Test defined: name autodep8-perl path None command "/usr/share/pkg-perl-autopkgtest/runner runtime-deps" restrictions ['skippable', 'superficial'] features ['test-name=autodep8-perl'] depends ['libarchive-zip-perl', 'pkg-perl-autopkgtest'] 
autopkgtest: DBG: processing dependency @
autopkgtest: DBG: synthesised dependency libarchive-zip-perl
autopkgtest: DBG: processing dependency pkg-perl-autopkgtest
autopkgtest: DBG: processing dependency @recommends@
autopkgtest: DBG: Test defined: name autodep8-perl-recommends path None command "/usr/share/pkg-perl-autopkgtest/runner runtime-deps-and-recommends" restrictions ['needs-recommends', 'skippable', 'superficial'] features ['test-name=autodep8-perl-recommends'] depends ['libarchive-zip-perl', 'pkg-perl-autopkgtest'] 
autopkgtest [17:47:36]: test autodep8-perl-build-deps: preparing testbed
autopkgtest: DBG: testbed reset: modified=False, deps_installed=[], deps_new=['libarchive-zip-perl', 'debhelper-compat (= 13)', 'perl', 'unzip', 'zip', 'build-essential', 'pkg-perl-autopkgtest']
autopkgtest: DBG: Binaries: no registered binaries, not publishing anything
autopkgtest: DBG: install_deps: deps_new=['libarchive-zip-perl', 'debhelper-compat (= 13)', 'perl', 'unzip', 'zip', 'build-essential', 'pkg-perl-autopkgtest']
autopkgtest: DBG: install-deps: satisfying libarchive-zip-perl, debhelper-compat (= 13), perl, unzip, zip, build-essential, pkg-perl-autopkgtest
autopkgtest: DBG: install-deps: architecture resolved: libarchive-zip-perl, debhelper-compat (= 13), perl, unzip, zip, build-essential, pkg-perl-autopkgtest
autopkgtest: DBG: testbed command ['test', '-w', '/var/lib/dpkg/status'], kind short, sout raw, serr raw, env []
autopkgtest: DBG: testbed command exited with code 0
autopkgtest: DBG: can use apt-get on testbed: True
autopkgtest: DBG: testbed command ['mkdir', '-p', '/tmp/autopkgtest.W9cngJ'], kind short, sout raw, serr pipe, env []
autopkgtest: DBG: testbed command exited with code 0
autopkgtest: DBG: sending command to testbed: copydown /home/minami/Documents/openkylin-riscv/test/libarchive-zip-perl/1-autopkgtest-satdep.deb /tmp/autopkgtest.W9cngJ/1-autopkgtest-satdep.deb
autopkgtest-virt-qemu: DBG: executing copydown /home/minami/Documents/openkylin-riscv/test/libarchive-zip-perl/1-autopkgtest-satdep.deb /tmp/autopkgtest.W9cngJ/1-autopkgtest-satdep.deb
autopkgtest-virt-qemu: DBG: ['cmdls', "(['cat'], ['/tmp/autopkgtest-qemu.nwza6gr4/runcmd', 'sh', '-ec', 'cat >/tmp/autopkgtest.W9cngJ/1-autopkgtest-satdep.deb'])"]
autopkgtest-virt-qemu: DBG: ['srcstdin', "<_io.BufferedReader name='/home/minami/Documents/openkylin-riscv/test/libarchive-zip-perl/1-autopkgtest-satdep.deb'>", 'deststdout', "<_io.BufferedReader name='/dev/null'>", 'devnull_read', <_io.BufferedReader name='/dev/null'>]
autopkgtest-virt-qemu: DBG:  +< cat
autopkgtest-virt-qemu: DBG:  +> /tmp/autopkgtest-qemu.nwza6gr4/runcmd sh -ec cat >/tmp/autopkgtest.W9cngJ/1-autopkgtest-satdep.deb
autopkgtest-virt-qemu: DBG:  +>?
autopkgtest-virt-qemu: DBG:  +<?
autopkgtest: DBG: got reply from testbed: ok
autopkgtest: DBG: testbed command ['chown', '-R', 'openkylin', '--', '/tmp/autopkgtest.W9cngJ/1-autopkgtest-satdep.deb'], kind short, sout raw, serr pipe, env []
autopkgtest: DBG: testbed command exited with code 0
autopkgtest: DBG: testbed command ['dpkg', '--unpack', '/tmp/autopkgtest.W9cngJ/1-autopkgtest-satdep.deb'], kind short, sout pipe, serr pipe, env []
autopkgtest: DBG: testbed command exited with code 0
autopkgtest: DBG: testbed command ['/bin/sh', '-ec', ' apt-get install --assume-yes --fix-broken -o APT::Status-Fd=3 -o APT::Install-Recommends=false -o Dpkg::Options::=--force-confnew -o Debug::pkgProblemResolver=true 3>&2 2>&1'], kind install, sout raw, serr pipe, env ['DEBIAN_FRONTEND=noninteractive', 'APT_LISTBUGS_FRONTEND=none', 'APT_LISTCHANGES_FRONTEND=none']
Reading package lists...
Building dependency tree...
Reading state information...
Correcting dependencies...Starting pkgProblemResolver with broken count: 0
Starting 2 pkgProblemResolver with broken count: 0
Done
 Done
Starting pkgProblemResolver with broken count: 0
Starting 2 pkgProblemResolver with broken count: 0
Done
The following packages were automatically installed and are no longer required:
  libdjvulibre-text libdjvulibre21 libegl-dev libgl-dev libglu1-mesa-dev
  libglx-dev libmpdec2 libvulkan-dev libx11-dev libxau-dev libxcb1-dev
  libxdmcp-dev libxext-dev qt5-qmake qt5-qmake-bin x11proto-core-dev
  x11proto-dev xorg-sgml-doctools xtrans-dev
Use 'apt autoremove' to remove them.
The following additional packages will be installed:
  autoconf autodep8 automake autopoint autotools-dev build-essential
  dctrl-tools debhelper debugedit dh-autoreconf dh-strip-nondeterminism dwz
  g++ g++-9 gcc gcc-9 intltool-debian libarchive-zip-perl libcc1-0
  libdebhelper-perl libfile-stripnondeterminism-perl libsigsegv2
  libsub-override-perl libtool m4 pkg-perl-autopkgtest po-debconf unzip zip
Suggested packages:
  autoconf-archive gnu-standards autoconf-doc debtags dh-make gcc-9-doc bison
  flex gcc-doc gcc-multilib gdb manpages-dev gcc-9-locales libtool-doc
  gfortran | fortran95-compiler gcj-jdk m4-doc libmail-box-perl
Recommended packages:
  libarchive-cpio-perl libltdl-dev libmail-sendmail-perl
The following NEW packages will be installed:
  autoconf autodep8 automake autopoint autotools-dev build-essential
  dctrl-tools debhelper debugedit dh-autoreconf dh-strip-nondeterminism dwz
  g++ g++-9 gcc gcc-9 intltool-debian libarchive-zip-perl libcc1-0
  libdebhelper-perl libfile-stripnondeterminism-perl libsigsegv2
  libsub-override-perl libtool m4 pkg-perl-autopkgtest po-debconf unzip zip
0 upgraded, 29 newly installed, 0 to remove and 18 not upgraded.
1 not fully installed or removed.
Need to get 18.8 MB of archives.
After this operation, 46.4 MB of additional disk space will be used.
Get:1 http://archive.build.openkylin.top/openkylin yangtze/main riscv64 libarchive-zip-perl all 1.68-ok1 [90.7 kB]
Get:2 http://ppa.build.openkylin.top/kylinsoft/anything/openkylin yangtze/main riscv64 zip riscv64 3.0-ok1 [169 kB]
Get:3 http://archive.build.openkylin.top/openkylin yangtze/main riscv64 autotools-dev all 20220506-ok1 [41.6 kB]
Get:4 http://archive.build.openkylin.top/openkylin yangtze/main riscv64 debugedit riscv64 1:5.0-ok1 [71.2 kB]
Get:5 http://archive.build.openkylin.top/openkylin yangtze/main riscv64 libsigsegv2 riscv64 2.12-ok1 [11.5 kB]
Get:6 http://archive.build.openkylin.top/openkylin yangtze/main riscv64 m4 riscv64 1.4.18-ok2 [191 kB]
Get:7 http://ppa.build.openkylin.top/kylinsoft/anything/openkylin yangtze/main riscv64 autodep8 all 0.22-ok1 [10.1 kB]
Get:8 http://archive.build.openkylin.top/openkylin yangtze/main riscv64 autoconf all 2.71-ok2 [390 kB]
Get:9 http://ppa.build.openkylin.top/kylinsoft/anything/openkylin yangtze/main riscv64 pkg-perl-autopkgtest all 0.59-ok1 [8,208 B]
Get:10 http://archive.build.openkylin.top/openkylin yangtze/main riscv64 automake all 1:1.16.5-ok1 [557 kB]
Get:11 http://archive.build.openkylin.top/openkylin yangtze/main riscv64 autopoint all 0.19.8.1-ok1 [410 kB]
Get:12 http://archive.build.openkylin.top/openkylin yangtze/main riscv64 libdebhelper-perl all 13.6-ok1 [61.4 kB]
Get:13 http://archive.build.openkylin.top/openkylin yangtze/main riscv64 libcc1-0 riscv64 10-20200411-ok5 [42.3 kB]
Get:14 http://archive.build.openkylin.top/openkylin yangtze/main riscv64 gcc-9 riscv64 9.3.0-ok4 [7,417 kB]
Get:15 http://archive.build.openkylin.top/openkylin yangtze/main riscv64 gcc riscv64 4:9.3.0-ok7 [5,160 B]
Get:16 http://archive.build.openkylin.top/openkylin yangtze/main riscv64 libtool all 2.4.6-ok1 [159 kB]
Get:17 http://archive.build.openkylin.top/openkylin yangtze/main riscv64 dh-autoreconf all 20-ok1 [16.3 kB]
Get:18 http://archive.build.openkylin.top/openkylin yangtze/main riscv64 libsub-override-perl all 0.09-ok2 [8,374 B]
Get:19 http://archive.build.openkylin.top/openkylin yangtze/main riscv64 libfile-stripnondeterminism-perl all 1.13.0-ok1 [16.8 kB]
Get:20 http://archive.build.openkylin.top/openkylin yangtze/main riscv64 dh-strip-nondeterminism all 1.13.0-ok1 [5,334 B]
Get:21 http://archive.build.openkylin.top/openkylin yangtze/main riscv64 dwz riscv64 0.14-ok1 [123 kB]
Get:22 http://archive.build.openkylin.top/openkylin yangtze/main riscv64 intltool-debian all 0.35.0+20060710.5-ok2 [23.2 kB]
Get:23 http://archive.build.openkylin.top/openkylin yangtze/main riscv64 po-debconf all 1.0.21+nmu1-ok1 [227 kB]
Get:24 http://archive.build.openkylin.top/openkylin yangtze/main riscv64 debhelper all 13.6-ok1 [931 kB]
Get:25 http://archive.build.openkylin.top/openkylin yangtze/main riscv64 unzip riscv64 6.0-ok2 [164 kB]
Get:26 http://archive.build.openkylin.top/openkylin yangtze/main riscv64 g++-9 riscv64 9.3.0-ok4 [7,571 kB]
Get:27 http://archive.build.openkylin.top/openkylin yangtze/main riscv64 g++ riscv64 4:9.3.0-ok7 [1,470 B]
Get:28 http://archive.build.openkylin.top/openkylin yangtze/main riscv64 build-essential riscv64 12.8-ok1 [4,000 B]
Get:29 http://archive.build.openkylin.top/openkylin yangtze/main riscv64 dctrl-tools riscv64 2.24-ok1 [55.6 kB]
Fetched 18.8 MB in 3s (6,229 kB/s)
Selecting previously unselected package libarchive-zip-perl.
(Reading database ... (Reading database ... 5%(Reading database ... 10%(Reading database ... 15%(Reading database ... 20%(Reading database ... 25%(Reading database ... 30%(Reading database ... 35%(Reading database ... 40%(Reading database ... 45%(Reading database ... 50%(Reading database ... 55%(Reading database ... 60%(Reading database ... 65%(Reading database ... 70%(Reading database ... 75%(Reading database ... 80%(Reading database ... 85%(Reading database ... 90%(Reading database ... 95%(Reading database ... 100%(Reading database ... 161111 files and directories currently installed.)
Preparing to unpack .../00-libarchive-zip-perl_1.68-ok1_all.deb ...
Unpacking libarchive-zip-perl (1.68-ok1) ...
Selecting previously unselected package autotools-dev.
Preparing to unpack .../01-autotools-dev_20220506-ok1_all.deb ...
Unpacking autotools-dev (20220506-ok1) ...
Selecting previously unselected package debugedit.
Preparing to unpack .../02-debugedit_1%3a5.0-ok1_riscv64.deb ...
Unpacking debugedit (1:5.0-ok1) ...
Selecting previously unselected package libsigsegv2:riscv64.
Preparing to unpack .../03-libsigsegv2_2.12-ok1_riscv64.deb ...
Unpacking libsigsegv2:riscv64 (2.12-ok1) ...
Selecting previously unselected package m4.
Preparing to unpack .../04-m4_1.4.18-ok2_riscv64.deb ...
Unpacking m4 (1.4.18-ok2) ...
Selecting previously unselected package autoconf.
Preparing to unpack .../05-autoconf_2.71-ok2_all.deb ...
Unpacking autoconf (2.71-ok2) ...
Selecting previously unselected package automake.
Preparing to unpack .../06-automake_1%3a1.16.5-ok1_all.deb ...
Unpacking automake (1:1.16.5-ok1) ...
Selecting previously unselected package autopoint.
Preparing to unpack .../07-autopoint_0.19.8.1-ok1_all.deb ...
Unpacking autopoint (0.19.8.1-ok1) ...
Selecting previously unselected package libdebhelper-perl.
Preparing to unpack .../08-libdebhelper-perl_13.6-ok1_all.deb ...
Unpacking libdebhelper-perl (13.6-ok1) ...
Selecting previously unselected package libcc1-0:riscv64.
Preparing to unpack .../09-libcc1-0_10-20200411-ok5_riscv64.deb ...
Unpacking libcc1-0:riscv64 (10-20200411-ok5) ...
Selecting previously unselected package gcc-9.
Preparing to unpack .../10-gcc-9_9.3.0-ok4_riscv64.deb ...
Unpacking gcc-9 (9.3.0-ok4) ...
Selecting previously unselected package gcc.
Preparing to unpack .../11-gcc_4%3a9.3.0-ok7_riscv64.deb ...
Unpacking gcc (4:9.3.0-ok7) ...
Selecting previously unselected package libtool.
Preparing to unpack .../12-libtool_2.4.6-ok1_all.deb ...
Unpacking libtool (2.4.6-ok1) ...
Selecting previously unselected package dh-autoreconf.
Preparing to unpack .../13-dh-autoreconf_20-ok1_all.deb ...
Unpacking dh-autoreconf (20-ok1) ...
Selecting previously unselected package libsub-override-perl.
Preparing to unpack .../14-libsub-override-perl_0.09-ok2_all.deb ...
Unpacking libsub-override-perl (0.09-ok2) ...
Selecting previously unselected package libfile-stripnondeterminism-perl.
Preparing to unpack .../15-libfile-stripnondeterminism-perl_1.13.0-ok1_all.deb ...
Unpacking libfile-stripnondeterminism-perl (1.13.0-ok1) ...
Selecting previously unselected package dh-strip-nondeterminism.
Preparing to unpack .../16-dh-strip-nondeterminism_1.13.0-ok1_all.deb ...
Unpacking dh-strip-nondeterminism (1.13.0-ok1) ...
Selecting previously unselected package dwz.
Preparing to unpack .../17-dwz_0.14-ok1_riscv64.deb ...
Unpacking dwz (0.14-ok1) ...
Selecting previously unselected package intltool-debian.
Preparing to unpack .../18-intltool-debian_0.35.0+20060710.5-ok2_all.deb ...
Unpacking intltool-debian (0.35.0+20060710.5-ok2) ...
Selecting previously unselected package po-debconf.
Preparing to unpack .../19-po-debconf_1.0.21+nmu1-ok1_all.deb ...
Unpacking po-debconf (1.0.21+nmu1-ok1) ...
Selecting previously unselected package debhelper.
Preparing to unpack .../20-debhelper_13.6-ok1_all.deb ...
Unpacking debhelper (13.6-ok1) ...
Selecting previously unselected package unzip.
Preparing to unpack .../21-unzip_6.0-ok2_riscv64.deb ...
Unpacking unzip (6.0-ok2) ...
Selecting previously unselected package zip.
Preparing to unpack .../22-zip_3.0-ok1_riscv64.deb ...
Unpacking zip (3.0-ok1) ...
Selecting previously unselected package g++-9.
Preparing to unpack .../23-g++-9_9.3.0-ok4_riscv64.deb ...
Unpacking g++-9 (9.3.0-ok4) ...
Selecting previously unselected package g++.
Preparing to unpack .../24-g++_4%3a9.3.0-ok7_riscv64.deb ...
Unpacking g++ (4:9.3.0-ok7) ...
Selecting previously unselected package build-essential.
Preparing to unpack .../25-build-essential_12.8-ok1_riscv64.deb ...
Unpacking build-essential (12.8-ok1) ...
Selecting previously unselected package dctrl-tools.
Preparing to unpack .../26-dctrl-tools_2.24-ok1_riscv64.deb ...
Unpacking dctrl-tools (2.24-ok1) ...
Selecting previously unselected package autodep8.
Preparing to unpack .../27-autodep8_0.22-ok1_all.deb ...
Unpacking autodep8 (0.22-ok1) ...
Selecting previously unselected package pkg-perl-autopkgtest.
Preparing to unpack .../28-pkg-perl-autopkgtest_0.59-ok1_all.deb ...
Unpacking pkg-perl-autopkgtest (0.59-ok1) ...
Setting up libarchive-zip-perl (1.68-ok1) ...
Setting up unzip (6.0-ok2) ...
Setting up libdebhelper-perl (13.6-ok1) ...
Setting up intltool-debian (0.35.0+20060710.5-ok2) ...
Setting up zip (3.0-ok1) ...
Setting up autotools-dev (20220506-ok1) ...
Setting up libsigsegv2:riscv64 (2.12-ok1) ...
Setting up autopoint (0.19.8.1-ok1) ...
Setting up dwz (0.14-ok1) ...
Setting up debugedit (1:5.0-ok1) ...
Setting up libsub-override-perl (0.09-ok2) ...
Setting up libcc1-0:riscv64 (10-20200411-ok5) ...
Setting up dctrl-tools (2.24-ok1) ...
Setting up autodep8 (0.22-ok1) ...
Setting up libfile-stripnondeterminism-perl (1.13.0-ok1) ...
Setting up gcc-9 (9.3.0-ok4) ...
Setting up libtool (2.4.6-ok1) ...
Setting up po-debconf (1.0.21+nmu1-ok1) ...
Setting up m4 (1.4.18-ok2) ...
Setting up gcc (4:9.3.0-ok7) ...
Setting up g++-9 (9.3.0-ok4) ...
Setting up pkg-perl-autopkgtest (0.59-ok1) ...
Setting up autoconf (2.71-ok2) ...
Setting up dh-strip-nondeterminism (1.13.0-ok1) ...
Setting up g++ (4:9.3.0-ok7) ...
update-alternatives: using /usr/bin/g++ to provide /usr/bin/c++ (c++) in auto mode
Setting up build-essential (12.8-ok1) ...
Setting up automake (1:1.16.5-ok1) ...
update-alternatives: using /usr/bin/automake-1.16 to provide /usr/bin/automake (automake) in auto mode
Setting up dh-autoreconf (20-ok1) ...
Setting up debhelper (13.6-ok1) ...
Setting up autopkgtest-satdep (0) ...
Processing triggers for man-db (2.9.1-ok3) ...
Processing triggers for install-info (6.7.0.dfsg.2-ok1) ...
Processing triggers for mime-support (3.64-ok1) ...
Processing triggers for libc-bin (2.36-ok2) ...
autopkgtest: DBG: testbed command exited with code 0
autopkgtest: DBG: testbed command ['dpkg-query', '--show', '-f', '${Status}', 'libarchive-zip-perl'], kind short, sout pipe, serr pipe, env []
autopkgtest: DBG: testbed command exited with code 0
autopkgtest: DBG: testbed command ['dpkg', '--status', 'autopkgtest-satdep'], kind short, sout pipe, serr pipe, env []
autopkgtest: DBG: testbed command exited with code 0
autopkgtest: DBG: testbed command ['apt-get', '--simulate', '--quiet', '-o', 'APT::Get::Show-User-Simulation-Note=False', '--auto-remove', 'purge', 'autopkgtest-satdep'], kind short, sout pipe, serr pipe, env []
autopkgtest: DBG: testbed command exited with code 0
autopkgtest: DBG: Marking test dependencies as manually installed: pkg-perl-autopkgtest autodep8 dctrl-tools dh-autoreconf debhelper dh-strip-nondeterminism debugedit dwz po-debconf intltool-debian libfile-stripnondeterminism-perl libarchive-zip-perl libdebhelper-perl libdjvulibre21 libdjvulibre-text libegl-dev libglu1-mesa-dev libgl-dev libglx-dev libmpdec2 libsub-override-perl libvulkan-dev libxext-dev libx11-dev libxcb1-dev libxau-dev libxdmcp-dev qt5-qmake qt5-qmake-bin x11proto-core-dev x11proto-dev xorg-sgml-doctools xtrans-dev
autopkgtest: DBG: testbed command ['apt-mark', 'manual', '-qq', 'pkg-perl-autopkgtest', 'autodep8', 'dctrl-tools', 'dh-autoreconf', 'debhelper', 'dh-strip-nondeterminism', 'debugedit', 'dwz', 'po-debconf', 'intltool-debian', 'libfile-stripnondeterminism-perl', 'libarchive-zip-perl', 'libdebhelper-perl', 'libdjvulibre21', 'libdjvulibre-text', 'libegl-dev', 'libglu1-mesa-dev', 'libgl-dev', 'libglx-dev', 'libmpdec2'], kind short, sout raw, serr pipe, env []
autopkgtest: DBG: testbed command exited with code 0
autopkgtest: DBG: testbed command ['apt-mark', 'manual', '-qq', 'libsub-override-perl', 'libvulkan-dev', 'libxext-dev', 'libx11-dev', 'libxcb1-dev', 'libxau-dev', 'libxdmcp-dev', 'qt5-qmake', 'qt5-qmake-bin', 'x11proto-core-dev', 'x11proto-dev', 'xorg-sgml-doctools', 'xtrans-dev'], kind short, sout raw, serr pipe, env []
autopkgtest: DBG: testbed command exited with code 0
autopkgtest: DBG: testbed command ['dpkg', '--purge', 'autopkgtest-satdep'], kind short, sout raw, serr raw, env []
(Reading database ... 162309 files and directories currently installed.)
Removing autopkgtest-satdep (0) ...
autopkgtest: DBG: testbed command exited with code 0
autopkgtest: DBG: testbed command ['sh', '-ec', 'command -v dpkg-query'], kind short, sout pipe, serr pipe, env []
autopkgtest: DBG: testbed command exited with code 0
autopkgtest: DBG: testbed command ['sh', '-ec', "dpkg-query --show -f '${Package}\\t${Version}\\n' > /tmp/autopkgtest.W9cngJ/autodep8-perl-build-deps-packages.all"], kind short, sout raw, serr pipe, env []
autopkgtest: DBG: testbed command exited with code 0
autopkgtest: DBG: sending command to testbed: copyup /tmp/autopkgtest.W9cngJ/autodep8-perl-build-deps-packages.all /home/minami/Documents/openkylin-riscv/test/libarchive-zip-perl/autodep8-perl-build-deps-packages.all
autopkgtest-virt-qemu: DBG: executing copyup /tmp/autopkgtest.W9cngJ/autodep8-perl-build-deps-packages.all /home/minami/Documents/openkylin-riscv/test/libarchive-zip-perl/autodep8-perl-build-deps-packages.all
autopkgtest-virt-qemu: DBG: ['cmdls', "(['/tmp/autopkgtest-qemu.nwza6gr4/runcmd', 'sh', '-ec', 'cat </tmp/autopkgtest.W9cngJ/autodep8-perl-build-deps-packages.all'], ['cat'])"]
autopkgtest-virt-qemu: DBG: ['srcstdin', "<_io.BufferedReader name='/dev/null'>", 'deststdout', "<_io.BufferedWriter name='/home/minami/Documents/openkylin-riscv/test/libarchive-zip-perl/autodep8-perl-build-deps-packages.all'>", 'devnull_read', <_io.BufferedReader name='/dev/null'>]
autopkgtest-virt-qemu: DBG:  +< /tmp/autopkgtest-qemu.nwza6gr4/runcmd sh -ec cat </tmp/autopkgtest.W9cngJ/autodep8-perl-build-deps-packages.all
autopkgtest-virt-qemu: DBG:  +> cat
autopkgtest-virt-qemu: DBG:  +>?
autopkgtest-virt-qemu: DBG:  +<?
autopkgtest: DBG: got reply from testbed: ok
autopkgtest: DBG: testbed command ['test', '-e', '/tmp/autopkgtest.W9cngJ/build.NCc/src'], kind short, sout raw, serr raw, env []
autopkgtest: DBG: testbed command exited with code 0
autopkgtest: DBG: copydown: tb path /tmp/autopkgtest.W9cngJ/build.NCc/src already exists
autopkgtest [17:48:57]: test autodep8-perl-build-deps: /usr/share/pkg-perl-autopkgtest/runner build-deps
autopkgtest [17:48:57]: test autodep8-perl-build-deps: [-----------------------
autopkgtest: DBG: testbed command ['su', '-s', '/bin/bash', 'openkylin', '-c', 'set -e; export USER=`id -nu`; . /etc/profile >/dev/null 2>&1 || true;  . ~/.profile >/dev/null 2>&1 || true; buildtree="/tmp/autopkgtest.W9cngJ/build.NCc/src"; mkdir -p -m 1777 -- "/tmp/autopkgtest.W9cngJ/autodep8-perl-build-deps-artifacts"; export AUTOPKGTEST_ARTIFACTS="/tmp/autopkgtest.W9cngJ/autodep8-perl-build-deps-artifacts"; export ADT_ARTIFACTS="$AUTOPKGTEST_ARTIFACTS"; mkdir -p -m 755 "/tmp/autopkgtest.W9cngJ/autopkgtest_tmp"; export AUTOPKGTEST_TMP="/tmp/autopkgtest.W9cngJ/autopkgtest_tmp"; export ADTTMP="$AUTOPKGTEST_TMP"; export DEBIAN_FRONTEND=noninteractive; export LANG=C.UTF-8; export DEB_BUILD_OPTIONS=parallel=8; unset LANGUAGE LC_CTYPE LC_NUMERIC LC_TIME LC_COLLATE   LC_MONETARY LC_MESSAGES LC_PAPER LC_NAME LC_ADDRESS   LC_TELEPHONE LC_MEASUREMENT LC_IDENTIFICATION LC_ALL;cd "$buildtree"; exec /tmp/autopkgtest.W9cngJ/wrapper.sh --script-pid-file=/tmp/autopkgtest_script_pid --stderr=/tmp/autopkgtest.W9cngJ/autodep8-perl-build-deps-stderr --stdout=/tmp/autopkgtest.W9cngJ/autodep8-perl-build-deps-stdout -- bash -ec \'/usr/share/pkg-perl-autopkgtest/runner build-deps\' ;'], kind test, sout raw, serr raw, env []
t/01_init.t ................... 
1..2
ok 1 - use Archive::Zip;
ok 2 - use Archive::Zip::MemberRead;
# Calling "unzip" resulted in:
# UnZip 6.00 of 20 April 2009, by Debian. Original by Info-ZIP.
# 
# Usage: unzip [-Z] [-opts[modifiers]] file[.zip] [list] [-x xlist] [-d exdir]
#   Default action is to extract files in list, except those in xlist, to exdir;
#   file[.zip] may be a wildcard.  -Z => ZipInfo mode ("unzip -Z" for usage).
# 
#   -p  extract files to pipe, no messages     -l  list files (short format)
#   -f  freshen existing files, create none    -t  test compressed archive data
#   -u  update files, create if necessary      -z  display archive comment only
#   -v  list verbosely/show version info       -T  timestamp archive to latest
#   -x  exclude files that follow (in xlist)   -d  extract files into exdir
# modifiers:
#   -n  never overwrite existing files         -q  quiet mode (-qq => quieter)
#   -o  overwrite files WITHOUT prompting      -a  auto-convert any text files
#   -j  junk paths (do not make directories)   -aa treat ALL files as text
#   -U  use escapes for all non-ASCII Unicode  -UU ignore any Unicode fields
#   -C  match filenames case-insensitively     -L  make (some) names lowercase
#   -X  restore UID/GID info                   -V  retain VMS version numbers
#   -K  keep setuid/setgid/tacky permissions   -M  pipe through "more" pager
#   -O CHARSET  specify a character encoding for DOS, Windows and OS/2 archives
#   -I CHARSET  specify a character encoding for UNIX and other archives
# 
# See "unzip -hh" or unzip.txt for more help.  Examples:
#   unzip data1 -x joe   => extract all files except joe from zipfile data1.zip
#   unzip -p foo | more  => send contents of foo.zip via pipe into program more
#   unzip -fo foo ReadMe => quietly replace existing ReadMe if archive file newer
# Exit value 0
ok
t/02_main.t ................... 
ok 1 - Testing CRC matches expected
ok 2 - Got expected _unixToDosTime error
ok 3 - Got expected DOS DateTime value
ok 4 - Got expected DOS DateTime value
ok 5 - Got expected DOS DateTime value
ok 6 - Got expected DOS DateTime value
ok 7 - Got expected DOS DateTime value
ok 8 - Got expected DOS DateTime value
ok 9 - Got expected DOS DateTime value
ok 10 - Got expected DOS DateTime value
ok 11 - Got expected DOS DateTime value
ok 12 - Got expected DOS DateTime value
ok 13 - Got expected DOS DateTime value
ok 14 - Got expected DOS DateTime value
ok 15 - Got expected DOS DateTime value
ok 16 - Got expected DOS DateTime value
ok 17 - Got expected DOS DateTime value
ok 18 - Got expected DOS DateTime value
ok 19 - An object of class 'Archive::Zip::Archive' isa 'Archive::Zip'
ok 20 - ->members is 0
ok 21 - ->numberofMembers is 0
ok 22 - ->writeToFileNamed ok
# Non-zero exit value on reference
# "unzip -t" returned non-zero exit value 256 on file "t/data/emptyzip.zip"
# (which might be entirely OK on your operating system) and resulted in the
# following output:
# Archive:  t/data/emptyzip.zip
# warning [t/data/emptyzip.zip]:  zipfile is empty
ok 23
# Non-zero exit value
# "unzip -t" returned non-zero exit value 256 on file "/tmp/testout-wanir.zip"
# (which might be entirely OK on your operating system) and resulted in the
# following output:
# Archive:  /tmp/testout-wanir.zip
# warning [/tmp/testout-wanir.zip]:  zipfile is empty
ok 24
ok 25
ok 26
ok 27
ok 28
ok 29
ok 30
ok 31
ok 32
ok 33
ok 34
ok 35
ok 36
ok 37
ok 38
ok 39
ok 40
ok 41
ok 42
ok 43
ok 44
ok 45
ok 46
ok 47
ok 48 - old compression method OK
ok 49 - writeToFileNamed returns AZ_OK
ok 50
ok 51
ok 52
ok 53
ok 54
ok 55
ok 56
ok 57
ok 58
ok 59
ok 60
ok 61
ok 62
ok 63
ok 64
ok 65
ok 66
ok 67
ok 68
ok 69
ok 70
ok 71
ok 72
ok 73
ok 74
ok 75
ok 76
ok 77
ok 78
ok 79
ok 80
ok 81
ok 82
ok 83
ok 84 - write and test zip file - open piped handle
ok 85 - write and test zip file - write piped
ok 86 - write and test zip file - close piped handle
ok 87 - write and test zip file - test write piped
ok 88 - write and test zip file - write plain
ok 89 - write and test zip file - test write plain
ok 90
ok 91
ok 92
ok 93
ok 94 - write and test zip file - open piped handle
ok 95 - write and test zip file - write piped
ok 96 - write and test zip file - close piped handle
ok 97 - write and test zip file - test write piped
ok 98 - write and test zip file - write plain
ok 99 - write and test zip file - test write plain
ok 100
ok 101
ok 102
ok 103
ok 104
ok 105 - write and test zip file - open piped handle
ok 106 - write and test zip file - write piped
ok 107 - write and test zip file - close piped handle
ok 108 - write and test zip file - test write piped
ok 109 - write and test zip file - write plain
ok 110 - write and test zip file - test write plain
ok 111
ok 112
ok 113
ok 114
ok 115
ok 116
ok 117
ok 118
ok 119 - write and test zip file - open piped handle
ok 120 - write and test zip file - write piped
ok 121 - write and test zip file - close piped handle
ok 122 - write and test zip file - test write piped
ok 123 - write and test zip file - write plain
ok 124 - write and test zip file - test write plain
ok 125
ok 126
ok 127
ok 128
ok 129 - write and test zip file - open piped handle
ok 130 - write and test zip file - write piped
ok 131 - write and test zip file - close piped handle
ok 132 - write and test zip file - test write piped
ok 133 - write and test zip file - write plain
ok 134 - write and test zip file - test write plain
ok 135
ok 136
ok 137
ok 138
ok 139
ok 140
ok 141
ok 142
ok 143
ok 144
ok 145
ok 146
ok 147
ok 148
ok 149 - Pipe open
ok 150 - Write zip to file handle
ok 151 - Pipe close
ok 152
ok 153
ok 154
ok 155 - write and test zip file - open piped handle
ok 156 - write and test zip file - write piped
ok 157 - write and test zip file - close piped handle
ok 158 - write and test zip file - test write piped
ok 159 - write and test zip file - write plain
ok 160 - write and test zip file - test write plain
ok 161
ok 162
ok 163 - write and test zip file - open piped handle
ok 164 - write and test zip file - write piped
ok 165 - write and test zip file - close piped handle
ok 166 - write and test zip file - test write piped
ok 167 - write and test zip file - write plain
ok 168 - write and test zip file - test write plain
ok 169
ok 170
ok 171 - write and test zip file - open piped handle
ok 172 - write and test zip file - write piped
ok 173 - write and test zip file - close piped handle
ok 174 - write and test zip file - test write piped
ok 175 - write and test zip file - write plain
ok 176 - write and test zip file - test write plain
ok 177 - An object of class 'Archive::Zip::Archive' isa 'Archive::Zip'
ok 178 - ->members is 0
ok 179 - ->numberofMembers is 0
ok 180 - ->writeToFileNamed ok
ok 181
# Non-zero exit value
# "unzip -t" returned non-zero exit value 256 on file "/tmp/testout-wanir.zip"
# (which might be entirely OK on your operating system) and resulted in the
# following output:
# Archive:  /tmp/testout-wanir.zip
# warning [/tmp/testout-wanir.zip]:  zipfile is empty
ok 182
ok 183
ok 184
ok 185
ok 186
ok 187
ok 188
ok 189
ok 190
ok 191
ok 192
ok 193
ok 194
ok 195
ok 196
ok 197
ok 198
ok 199
ok 200
ok 201
ok 202
ok 203
ok 204
ok 205
ok 206 - old compression method OK
ok 207 - writeToFileNamed returns AZ_OK
ok 208
ok 209
ok 210
ok 211
ok 212
ok 213
ok 214
ok 215
ok 216
ok 217
ok 218
ok 219
ok 220
ok 221
ok 222
ok 223
ok 224
ok 225
ok 226
ok 227
ok 228
ok 229
ok 230
ok 231
ok 232
ok 233
ok 234
ok 235
ok 236
ok 237
ok 238
ok 239
ok 240
ok 241
ok 242 - write and test zip file - open piped handle
ok 243 - write and test zip file - write piped
ok 244 - write and test zip file - close piped handle
ok 245 - write and test zip file - test write piped
ok 246 - write and test zip file - write plain
ok 247 - write and test zip file - test write plain
ok 248
ok 249
ok 250
ok 251
ok 252 - write and test zip file - open piped handle
ok 253 - write and test zip file - write piped
ok 254 - write and test zip file - close piped handle
ok 255 - write and test zip file - test write piped
ok 256 - write and test zip file - write plain
ok 257 - write and test zip file - test write plain
ok 258
ok 259
ok 260
ok 261
ok 262
ok 263 - write and test zip file - open piped handle
ok 264 - write and test zip file - write piped
ok 265 - write and test zip file - close piped handle
ok 266 - write and test zip file - test write piped
ok 267 - write and test zip file - write plain
ok 268 - write and test zip file - test write plain
ok 269
ok 270
ok 271
ok 272
ok 273
ok 274
ok 275
ok 276
ok 277 - write and test zip file - open piped handle
ok 278 - write and test zip file - write piped
ok 279 - write and test zip file - close piped handle
ok 280 - write and test zip file - test write piped
ok 281 - write and test zip file - write plain
ok 282 - write and test zip file - test write plain
ok 283
ok 284
ok 285
ok 286
ok 287 - write and test zip file - open piped handle
ok 288 - write and test zip file - write piped
ok 289 - write and test zip file - close piped handle
ok 290 - write and test zip file - test write piped
ok 291 - write and test zip file - write plain
ok 292 - write and test zip file - test write plain
ok 293
ok 294
ok 295
ok 296
ok 297
ok 298
ok 299
ok 300
ok 301
ok 302
ok 303
ok 304
ok 305
ok 306
ok 307 - Pipe open
ok 308 - Write zip to file handle
ok 309 - Pipe close
ok 310
ok 311
ok 312
ok 313 - write and test zip file - open piped handle
ok 314 - write and test zip file - write piped
ok 315 - write and test zip file - close piped handle
ok 316 - write and test zip file - test write piped
ok 317 - write and test zip file - write plain
ok 318 - write and test zip file - test write plain
ok 319
ok 320
ok 321 - write and test zip file - open piped handle
ok 322 - write and test zip file - write piped
ok 323 - write and test zip file - close piped handle
ok 324 - write and test zip file - test write piped
ok 325 - write and test zip file - write plain
ok 326 - write and test zip file - test write plain
ok 327
ok 328
ok 329 - write and test zip file - open piped handle
ok 330 - write and test zip file - write piped
ok 331 - write and test zip file - close piped handle
ok 332 - write and test zip file - test write piped
ok 333 - write and test zip file - write plain
ok 334 - write and test zip file - test write plain
ok 335 - An object of class 'Archive::Zip::Archive' isa 'Archive::Zip'
ok 336 - ->members is 0
ok 337 - ->numberofMembers is 0
ok 338 - ->writeToFileNamed ok
ok 339
# Non-zero exit value
# "unzip -t" returned non-zero exit value 256 on file "/tmp/testout-wanir.zip"
# (which might be entirely OK on your operating system) and resulted in the
# following output:
# Archive:  /tmp/testout-wanir.zip
# warning [/tmp/testout-wanir.zip]:  zipfile is empty
ok 340
ok 341
ok 342
ok 343
ok 344
ok 345
ok 346
ok 347
ok 348
ok 349
ok 350
ok 351
ok 352
ok 353
ok 354
ok 355
ok 356
ok 357
ok 358
ok 359
ok 360
ok 361
ok 362
ok 363
ok 364 - old compression method OK
ok 365 - writeToFileNamed returns AZ_OK
ok 366
ok 367
ok 368
ok 369
ok 370
ok 371
ok 372
ok 373
ok 374
ok 375
ok 376
ok 377
ok 378
ok 379
ok 380
ok 381
ok 382
ok 383
ok 384
ok 385
ok 386
ok 387
ok 388
ok 389
ok 390
ok 391
ok 392
ok 393
ok 394
ok 395
ok 396
ok 397
ok 398
ok 399
ok 400 - write and test zip file - open piped handle
ok 401 - write and test zip file - write piped
ok 402 - write and test zip file - close piped handle
ok 403 - write and test zip file - test write piped
ok 404 - write and test zip file - write plain
ok 405 - write and test zip file - test write plain
ok 406
ok 407
ok 408
ok 409
ok 410 - write and test zip file - open piped handle
ok 411 - write and test zip file - write piped
ok 412 - write and test zip file - close piped handle
ok 413 - write and test zip file - test write piped
ok 414 - write and test zip file - write plain
ok 415 - write and test zip file - test write plain
ok 416
ok 417
ok 418
ok 419
ok 420
ok 421 - write and test zip file - open piped handle
ok 422 - write and test zip file - write piped
ok 423 - write and test zip file - close piped handle
ok 424 - write and test zip file - test write piped
ok 425 - write and test zip file - write plain
ok 426 - write and test zip file - test write plain
ok 427
ok 428
ok 429
ok 430
ok 431
ok 432
ok 433
ok 434
ok 435 - write and test zip file - open piped handle
ok 436 - write and test zip file - write piped
ok 437 - write and test zip file - close piped handle
ok 438 - write and test zip file - test write piped
ok 439 - write and test zip file - write plain
ok 440 - write and test zip file - test write plain
ok 441
ok 442
ok 443
ok 444
ok 445 - write and test zip file - open piped handle
ok 446 - write and test zip file - write piped
ok 447 - write and test zip file - close piped handle
ok 448 - write and test zip file - test write piped
ok 449 - write and test zip file - write plain
ok 450 - write and test zip file - test write plain
ok 451
ok 452
ok 453
ok 454
ok 455
ok 456
ok 457
ok 458
ok 459
ok 460
ok 461
ok 462
ok 463
ok 464
ok 465 - Pipe open
ok 466 - Write zip to file handle
ok 467 - Pipe close
ok 468
ok 469
ok 470
ok 471 - write and test zip file - open piped handle
ok 472 - write and test zip file - write piped
ok 473 - write and test zip file - close piped handle
ok 474 - write and test zip file - test write piped
ok 475 - write and test zip file - write plain
ok 476 - write and test zip file - test write plain
ok 477
ok 478
ok 479 - write and test zip file - open piped handle
ok 480 - write and test zip file - write piped
ok 481 - write and test zip file - close piped handle
ok 482 - write and test zip file - test write piped
ok 483 - write and test zip file - write plain
ok 484 - write and test zip file - test write plain
ok 485
ok 486
ok 487 - write and test zip file - open piped handle
ok 488 - write and test zip file - write piped
ok 489 - write and test zip file - close piped handle
ok 490 - write and test zip file - test write piped
ok 491 - write and test zip file - write plain
ok 492 - write and test zip file - test write plain
ok 493
ok 494
ok 495
ok 496
ok 497
ok 498
ok 499
# Got (expected) status != AZ_OK
#   got status: 3
#     expected: 3
#   got errors: format error: invalid extra field (bad header ID or data size)
#     expected: (?^:invalid\ extra\ field\ \(bad\ header\ ID\ or\ data\ size\))
#  at /usr/share/perl5/Archive/Zip/Member.pm line 637.
# 	Archive::Zip::Member::_extractZip64ExtraField(Archive::Zip::StringMember=HASH(0x2af783d808), "\x{d}\x{0}", undef, undef) called at /usr/share/perl5/Archive/Zip/Member.pm line 442
# 	Archive::Zip::Member::cdExtraField(Archive::Zip::StringMember=HASH(0x2af783d808), "\x{d}\x{0}") called at t/02_main.t line 442
ok 500
ok 501
# Got (expected) status != AZ_OK
#   got status: 3
#     expected: 3
#   got errors: format error: invalid extra field (bad data)
#     expected: (?^:invalid\ extra\ field\ \(bad\ data\))
#  at /usr/share/perl5/Archive/Zip/Member.pm line 625.
# 	Archive::Zip::Member::_extractZip64ExtraField(Archive::Zip::StringMember=HASH(0x2af783d808), "\x{d}\x{0}\x{c}\x{0}\x{0}\x{0}\x{0}\x{0}\x{0}\x{0}\x{0}\x{0}\x{0}\x{0}", undef, undef) called at /usr/share/perl5/Archive/Zip/Member.pm line 442
# 	Archive::Zip::Member::cdExtraField(Archive::Zip::StringMember=HASH(0x2af783d808), "\x{d}\x{0}\x{c}\x{0}\x{0}\x{0}\x{0}\x{0}\x{0}\x{0}\x{0}\x{0}\x{0}\x{0}") called at t/02_main.t line 446
ok 502
ok 503
# Got (expected) status != AZ_OK
#   got status: 3
#     expected: 3
#   got errors: format error: invalid extra field (contains zip64 information)
#     expected: (?^:invalid\ extra\ field\ \(contains\ zip64\ information\))
#  at /usr/share/perl5/Archive/Zip/Member.pm line 448.
# 	Archive::Zip::Member::cdExtraField(Archive::Zip::StringMember=HASH(0x2af783d808), "\x{1}\x{0}\x{0}\x{0}") called at t/02_main.t line 453
ok 504
ok 505
ok 506
ok 507
ok 508
ok 509
ok 510
ok 511
# Got (expected) status != AZ_OK
#   got status: 3
#     expected: 3
#   got errors: format error: invalid extra field (bad header ID or data size)
#     expected: (?^:invalid\ extra\ field\ \(bad\ header\ ID\ or\ data\ size\))
#  at /usr/share/perl5/Archive/Zip/Member.pm line 637.
# 	Archive::Zip::Member::_extractZip64ExtraField(Archive::Zip::StringMember=HASH(0x2af7868ce0), "\x{d}\x{0}", undef, undef) called at /usr/share/perl5/Archive/Zip/Member.pm line 419
# 	Archive::Zip::Member::localExtraField(Archive::Zip::StringMember=HASH(0x2af7868ce0), "\x{d}\x{0}") called at t/02_main.t line 475
ok 512
ok 513
# Got (expected) status != AZ_OK
#   got status: 3
#     expected: 3
#   got errors: format error: invalid extra field (bad data)
#     expected: (?^:invalid\ extra\ field\ \(bad\ data\))
#  at /usr/share/perl5/Archive/Zip/Member.pm line 625.
# 	Archive::Zip::Member::_extractZip64ExtraField(Archive::Zip::StringMember=HASH(0x2af7868ce0), "\x{d}\x{0}\x{c}\x{0}\x{0}\x{0}\x{0}\x{0}\x{0}\x{0}\x{0}\x{0}\x{0}\x{0}", undef, undef) called at /usr/share/perl5/Archive/Zip/Member.pm line 419
# 	Archive::Zip::Member::localExtraField(Archive::Zip::StringMember=HASH(0x2af7868ce0), "\x{d}\x{0}\x{c}\x{0}\x{0}\x{0}\x{0}\x{0}\x{0}\x{0}\x{0}\x{0}\x{0}\x{0}") called at t/02_main.t line 479
ok 514
ok 515
# Got (expected) status != AZ_OK
#   got status: 3
#     expected: 3
#   got errors: format error: invalid extra field (contains zip64 information)
#     expected: (?^:invalid\ extra\ field\ \(contains\ zip64\ information\))
#  at /usr/share/perl5/Archive/Zip/Member.pm line 425.
# 	Archive::Zip::Member::localExtraField(Archive::Zip::StringMember=HASH(0x2af7868ce0), "\x{1}\x{0}\x{0}\x{0}") called at t/02_main.t line 486
ok 516
ok 517
ok 518
ok 519
1..519
ok
t/03_ex.t ..................... 
1..18
ok 1 - An object of class 'Archive::Zip::Archive' isa 'Archive::Zip'
ok 2 - An object of class 'Archive::Zip::StringMember' isa 'Archive::Zip::StringMember'
ok 3
ok 4
ok 5
ok 6
ok 7
ok 8
# $ZIP = bless( {
#   "centralDirectorySize" => 76,
#   "numberOfCentralDirectoriesOnThisDisk" => 1,
#   "writeCentralDirectoryOffset" => 0,
#   "desiredZip64Mode" => 0,
#   "zip64" => 0,
#   "eocdOffset" => 0,
#   "versionMadeBy" => 0,
#   "zipfileComment" => "",
#   "members" => [],
#   "numberOfCentralDirectories" => 1,
#   "fileName" => "",
#   "centralDirectoryOffsetWRTStartingDiskNumber" => 360,
#   "writeEOCDOffset" => 0,
#   "diskNumber" => 0,
#   "diskNumberWithStartOfCentralDirectory" => 0,
#   "versionNeededToExtract" => 0
# }, 'Archive::Zip::Archive' );
# 
# Found EOCD at 436 (0x1b4)
# 
# Found central directory for member #1 at 360
# $CDMEMBER1 = bless( {
#   "diskNumberStart" => 0,
#   "desiredCompressionMethod" => 0,
#   "localHeaderRelativeOffset" => 0,
#   "compressionMethod" => 0,
#   "versionNeededToExtract" => 20,
#   "compressedSize" => 300,
#   "dataOffset" => 0,
#   "desiredZip64Mode" => 0,
#   "localExtraField" => "",
#   "eocdCrc32" => 2889301810,
#   "fh" => $Archive::Zip::BufferedFileHandle,
#   "fileAttributeFormat" => 3,
#   "crc32" => 2889301810,
#   "internalFileAttributes" => 0,
#   "fileName" => "testdir/k80YhEn6q4/testing.txt",
#   "fileComment" => "",
#   "desiredCompressionLevel" => 0,
#   "bitFlag" => 0,
#   "uncompressedSize" => 300,
#   "possibleEocdOffset" => 0,
#   "externalFileAttributes" => 2176188416,
#   "password" => undef,
#   "lastModFileDateTime" => 1448103483,
#   "crc32c" => -1,
#   "externalFileName" => "(/tmp/testin-nAdQq.zip)",
#   "archiveZip64" => 0,
#   "versionMadeBy" => 20,
#   "zip64" => 0,
#   "cdExtraField" => ""
# }, 'Archive::Zip::ZipFileMember' );
# 
# 
# $LHMEMBER1 = bless( {
#   "diskNumberStart" => 0,
#   "desiredCompressionMethod" => 0,
#   "localHeaderRelativeOffset" => 0,
#   "compressionMethod" => 0,
#   "versionNeededToExtract" => 20,
#   "compressedSize" => 300,
#   "dataOffset" => 60,
#   "desiredZip64Mode" => 0,
#   "localExtraField" => "",
#   "eocdCrc32" => 2889301810,
#   "fh" => $Archive::Zip::BufferedFileHandle,
#   "fileAttributeFormat" => 3,
#   "crc32" => 2889301810,
#   "internalFileAttributes" => 0,
#   "fileName" => "testdir/k80YhEn6q4/testing.txt",
#   "fileComment" => "",
#   "desiredCompressionLevel" => 0,
#   "bitFlag" => 0,
#   "uncompressedSize" => 300,
#   "possibleEocdOffset" => 0,
#   "externalFileAttributes" => 2176188416,
#   "password" => undef,
#   "lastModFileDateTime" => 1448103483,
#   "crc32c" => -1,
#   "externalFileName" => "(/tmp/testin-nAdQq.zip)",
#   "archiveZip64" => 0,
#   "versionMadeBy" => 20,
#   "zip64" => 0,
#   "cdExtraField" => ""
# }, 'Archive::Zip::ZipFileMember' );
# 
# End of member: 304, CD at 360
# 
ok 9
#  Length    Size         Last Modified         CRC-32  Name
# -------- --------  ------------------------  -------- ----
#      300      300  Thu Feb 16 09:49:54 2023  ac373f32 testdir/k80YhEn6q4/testing.txt
# All CRCs check OK
ok 10
ok 11
ok 12
ok 13
ok 14 - testdir/k80YhEn6q4/testdir/k80YhEn6q4/testing.txt exists
ok 15 - updateTree.pl create
ok 16 - zip created
ok 17 - updateTree.pl update
ok 18 - zip updated
ok
t/04_readmember.t ............. 
1..10
ok 1 - An object of class 'Archive::Zip::Archive' isa 'Archive::Zip'
ok 2
ok 3
ok 4 - Preserve line ending
ok 5 - Do not preserve line ending
ok 6
ok 7
ok 8
ok 9
ok 10
ok
t/05_tree.t ................... 
1..8
# file .
# file ./MANIFEST
# file ./MANIFEST.SKIP
# file ./examples
# file ./examples/writeScalar.pl
# file ./examples/zipGrep.pl
# file ./examples/mfh.pl
# file ./examples/zipinfo.pl
# file ./examples/ziprecent.pl
# file ./examples/zip.pl
# file ./examples/updateZip.pl
# file ./examples/updateTree.pl
# file ./examples/writeScalar2.pl
# file ./examples/selfex.pl
# file ./examples/extract.pl
# file ./examples/unzipAll.pl
# file ./examples/zipcheck.pl
# file ./examples/readScalar.pl
# file ./examples/copy.pl
# file ./examples/ziptest.pl
# file ./examples/mailZip.pl
# file ./examples/calcSizes.pl
# file ./blib
# file ./blib/arch
# file ./blib/lib
# file ./blib/lib/Debian
# file ./blib/lib/Debian/pkgperl
# file ./blib/lib/Debian/pkgperl/Foobar.pm
# file ./t
# file ./t/02_main.t
# file ./t/21_zip64.t
# file ./t/17_101092.t
# file ./t/19_bug_101240.t
# file ./t/20_bug_github11.t
# file ./t/12_bug_47223.t
# file ./t/05_tree.t
# file ./t/06_update.t
# file ./t/14_leading_separator.t
# file ./t/10_chmod.t
# file ./t/11_explorer.t
# file ./t/16_decrypt.t
# file ./t/04_readmember.t
# file ./t/07_filenames_of_0.t
# file ./t/23_closed_handle.t
# file ./t/26_bzip2.t
# file ./t/24_unicode_win32.t
# file ./t/09_output_record_sep.t
# file ./t/common.pm
# file ./t/03_ex.t
# file ./t/28_zip64_unsupported.t
# file ./t/25_traversal.t
# file ./t/13_bug_46303.t
# file ./t/README.md
# file ./t/15_decrypt.t
# file ./t/01_init.t
# file ./t/22_deflated_dir.t
# file ./t/08_readmember_record_sep.t
# file ./t/27_symlinks.t
# file ./t/18_bug_92205.t
# file ./t/data
# file ./t/data/zip64-azeocd.zip
# file ./t/data/emptystorestr.zip
# file ./t/data/perl.zip
# file ./t/data/storestr.zip
# file ./t/data/zip64.zip
# file ./t/data/bad_github11.zip
# file ./t/data/streamed.zip
# file ./t/data/emptyzip.zip
# file ./t/data/dotdot-from-unexistant-path.zip
# file ./t/data/linux.zip
# file ./t/data/empty.zip
# file ./t/data/link-samename.zip
# file ./t/data/expected.jpg
# file ./t/data/emptydefstr.zip
# file ./t/data/emptystore.zip
# file ./t/data/good_github11.zip
# file ./t/data/store.zip
# file ./t/data/winzip.zip
# file ./t/data/chmod.zip
# file ./t/data/zip64-iocz.zip
# file ./t/data/link-dir.zip
# file ./t/data/emptydef.zip
# file ./t/data/def.zip
# file ./t/data/simple.zip
# file ./t/data/crypt.zip
# file ./t/data/jar.zip
# file ./t/data/crypcomp.zip
# file ./t/data/zip64-azheaders.zip
# file ./t/data/defstr.zip
# file ./t/data/symlink.zip
# file ./t/data/zip64-infozip.zip
# file ./t/data/bzip.zip
# file ./t/data/mkzip.pl
# file ./testdir
# file ./testdir/fy_pjtEPKe
# file ./lib
# file ./lib/Debian
# file ./lib/Debian/pkgperl
# file ./lib/Debian/pkgperl/Foobar.pm
ok 1
ok 2
ok 3
ok 4
ok 5
ok 6
ok 7
ok 8
ok
t/06_update.t ................. 
1..16
ok 1 - An object of class 'Archive::Zip::Archive' isa 'Archive::Zip'
ok 2
ok 3
ok 4 - not enough files to test
ok 5
ok 6 - An object of class 'Archive::Zip::Archive' isa 'Archive::Zip'
ok 7 - initial updateTree failed
ok 8 - wrong members after create
ok 9 - creating testdir/DEhgvkVoCc/data/xxxxxx failed
ok 10 - updateTree failed
ok 11 - wrong members after update
ok 12 - deleting testdir/DEhgvkVoCc/data/xxxxxx failed
ok 13 - updateTree failed
ok 14 - wrong members after update
ok 15 - updateTree failed
ok 16 - wrong members after mirror update
ok
t/07_filenames_of_0.t ......... 
1..14
ok 1 - An object of class 'Archive::Zip::Archive' isa 'Archive::Zip'
ok 2
ok 3 - Checking that a file called '0' was added properly by addTree
ok 4 - An object of class 'Archive::Zip::Archive' isa 'Archive::Zip'
ok 5 - An object of class 'Archive::Zip::StringMember' isa 'Archive::Zip::StringMember'
ok 6 - write and test zip file - open piped handle
ok 7 - write and test zip file - write piped
ok 8 - write and test zip file - close piped handle
ok 9 - write and test zip file - test write piped
ok 10 - write and test zip file - write plain
ok 11 - write and test zip file - test write plain
ok 12 - An object of class 'Archive::Zip::Archive' isa 'Archive::Zip'
ok 13
ok 14 - Checking that a file called '0' was added properly by addString
ok
t/08_readmember_record_sep.t .. 
1..15
ok 1 - 'Testing that $zip is an Archive::Zip' isa 'Archive::Zip'
ok 2 - An object of class 'Archive::Zip::StringMember' isa 'Archive::Zip::Member'
ok 3
ok 4 - Filehandle is valid
ok 5 - Testing the first line in a normal read.
ok 6 - Testing the second line in a normal read.
ok 7 - Filehandle is valid
ok 8 - Testing the first "line" when $/ is set.
ok 9 - Testing the second "line" when $/ is set.
ok 10 - Filehandle is valid
ok 11 - Testing the first line when input_record_separator is set.
ok 12 - Testing the second line when input_record_separator is set.
ok 13 - Filehandle is valid
ok 14 - Testing the first "line" in a both set read
ok 15 - Testing the second "line" in a both set read.
ok
t/09_output_record_sep.t ...... 
1..16
ok 1 - $\ is unset - Content of file after extraction
ok 2 - $\ is unset - open piped handle
ok 3 - $\ is unset - write piped
ok 4 - $\ is unset - close piped handle
ok 5 - $\ is unset - test write piped
ok 6 - $\ is unset - write plain
ok 7 - $\ is unset - test write plain
ok 8 - $\ is unset - Read back the file from the archive
ok 9 - $\ is \n - Content of file after extraction
ok 10 - $\ is \n - open piped handle
ok 11 - $\ is \n - write piped
ok 12 - $\ is \n - close piped handle
ok 13 - $\ is \n - test write piped
ok 14 - $\ is \n - write plain
ok 15 - $\ is \n - test write plain
ok 16 - $\ is \n - Read back the file from the archive
ok
t/10_chmod.t .................. 
1..4
ok 1 - An object of class 'Archive::Zip::Archive' isa 'Archive::Zip'
ok 2
ok 3
ok 4 - File permission is OK.
ok
t/11_explorer.t ............... 
1..4
ok 1 - An object of class 'Archive::Zip::Archive' isa 'Archive::Zip'
ok 2 - Created a member
ok 3 - ->fileName ok
ok 4 - Directory has directory bit set as expected by Windows Explorer
ok
t/12_bug_47223.t .............. skipped: Only required on Win32.
t/13_bug_46303.t .............. 
1..4
ok 1 - An object of class 'Archive::Zip::Archive' isa 'Archive::Zip'
ok 2 - Read file
ok 3 - Extracted archive
ok 4 - Checked directory
ok
t/14_leading_separator.t ...... 
1..3
ok 1 - An object of class 'Archive::Zip::Archive' isa 'Archive::Zip'
ok 2 - An object of class 'Archive::Zip::NewFileMember' isa 'Archive::Zip::FileMember'
ok 3 - no leading separator
ok
t/15_decrypt.t ................ 
ok 1 - An object of class 'Archive::Zip::Archive' isa 'Archive::Zip'
ok 2 - Read file
ok 3 - get memberNames
ok 4 - memberNames
ok 5 - find member
ok 6 - An object of class 'Archive::Zip::ZipFileMember' isa 'Archive::Zip::Member'
ok 7 - set password
ok 8 - get password
ok 9 - Decoded buffer
ok 10 - An object of class 'Archive::Zip::Archive' isa 'Archive::Zip'
ok 11 - Read file
ok 12 - get memberNames
ok 13 - memberNames
ok 14 - find member
ok 15 - An object of class 'Archive::Zip::ZipFileMember' isa 'Archive::Zip::Member'
ok 16 - set password
ok 17 - get password
ok 18 - Decoded buffer
1..18
ok
t/16_decrypt.t ................ 
1..8
ok 1 - An object of class 'Archive::Zip::Archive' isa 'Archive::Zip'
ok 2 - read file
ok 3 - get memberNames
ok 4 - memberNames
ok 5 - find member
ok 6 - An object of class 'Archive::Zip::ZipFileMember' isa 'Archive::Zip::Member'
ok 7 - correct password
ok 8 - decoded buffer
ok
t/17_101092.t ................. 
1..2
ok 1
ok 2
ok
t/18_bug_92205.t .............. 
1..32
ok 1 - "unzip -t" ok after t/data/emptydef.zip to /tmp/testout-65QnL.zip
ok 2 - /tmp/testout-65QnL.zip eq t/data/emptystore.zip
ok 3 - "unzip -t" ok after t/data/emptydefstr.zip to /tmp/testout-65QnL.zip
ok 4 - /tmp/testout-65QnL.zip eq t/data/emptystore.zip
ok 5 - "unzip -t" ok after t/data/emptystore.zip to /tmp/testout-65QnL.zip
ok 6 - /tmp/testout-65QnL.zip eq t/data/emptystore.zip
ok 7 - "unzip -t" ok after t/data/emptystorestr.zip to /tmp/testout-65QnL.zip
ok 8 - /tmp/testout-65QnL.zip eq t/data/emptystore.zip
ok 9 - "unzip -t" ok after t/data/emptydef.zip to /tmp/testout-65QnL.zip
ok 10 - /tmp/testout-65QnL.zip eq t/data/emptystore.zip
ok 11 - "unzip -t" ok after t/data/emptydefstr.zip to /tmp/testout-65QnL.zip
ok 12 - /tmp/testout-65QnL.zip eq t/data/emptystore.zip
ok 13 - "unzip -t" ok after t/data/emptystore.zip to /tmp/testout-65QnL.zip
ok 14 - /tmp/testout-65QnL.zip eq t/data/emptystore.zip
ok 15 - "unzip -t" ok after t/data/emptystorestr.zip to /tmp/testout-65QnL.zip
ok 16 - /tmp/testout-65QnL.zip eq t/data/emptystore.zip
ok 17 - "unzip -t" ok after t/data/emptydef.zip to /tmp/testout-65QnL.zip
ok 18 - /tmp/testout-65QnL.zip eq t/data/emptystore.zip
ok 19 - "unzip -t" ok after t/data/emptydefstr.zip to /tmp/testout-65QnL.zip
ok 20 - /tmp/testout-65QnL.zip eq t/data/emptystore.zip
ok 21 - "unzip -t" ok after t/data/emptystore.zip to /tmp/testout-65QnL.zip
ok 22 - /tmp/testout-65QnL.zip eq t/data/emptystore.zip
ok 23 - "unzip -t" ok after t/data/emptystorestr.zip to /tmp/testout-65QnL.zip
ok 24 - /tmp/testout-65QnL.zip eq t/data/emptystore.zip
ok 25 - "unzip -t" ok after t/data/def.zip to /tmp/testout-65QnL.zip
ok 26 - /tmp/testout-65QnL.zip eq t/data/def.zip
ok 27 - "unzip -t" ok after t/data/defstr.zip to /tmp/testout-65QnL.zip
ok 28 - /tmp/testout-65QnL.zip eq t/data/defstr.zip
ok 29 - "unzip -t" ok after t/data/store.zip to /tmp/testout-65QnL.zip
ok 30 - /tmp/testout-65QnL.zip eq t/data/store.zip
ok 31 - "unzip -t" ok after t/data/storestr.zip to /tmp/testout-65QnL.zip
ok 32 - /tmp/testout-65QnL.zip eq t/data/storestr.zip
ok
t/19_bug_101240.t ............. 
1..7
ok 1
ok 2
ok 3 - [UNICODE=0] output file exists
ok 4 - [UNICODE=0] output file is empty
ok 5
ok 6 - [UNICODE=1] output file exists
ok 7 - [UNICODE=1] output file is empty
ok
t/20_bug_github11.t ........... 
1..2
ok 1 - Testing known good zip
ok 2 - Testing known bad zip
ok
t/21_zip64.t .................. 
1..86
ok 1 - An object of class 'Archive::Zip::Archive' isa 'Archive::Zip'
ok 2 - Archive t/data/zip64.zip
ok 3 - Zip64 flag t/data/zip64.zip
ok 4 - An object of class 'Archive::Zip::ZipFileMember' isa 'Archive::Zip::ZipFileMember'
ok 5 - Member zip64 flag t/data/zip64.zip
ok 6 - Member uncompressed size t/data/zip64.zip
ok 7 - Member compressed size t/data/zip64.zip
ok 8 - Zip64 extra field extraction
ok 9 - Zip64 extra field removal
ok 10
ok 11
ok 12 - An object of class 'Archive::Zip::Archive' isa 'Archive::Zip'
ok 13 - Archive t/data/zip64-infozip.zip
ok 14 - Zip64 flag t/data/zip64-infozip.zip
ok 15 - An object of class 'Archive::Zip::ZipFileMember' isa 'Archive::Zip::ZipFileMember'
ok 16 - Member zip64 flag t/data/zip64-infozip.zip
ok 17 - Member uncompressed size t/data/zip64-infozip.zip
ok 18 - Member compressed size t/data/zip64-infozip.zip
ok 19 - Zip64 extra field extraction
ok 20 - Zip64 extra field removal
ok 21
ok 22
ok 23 - An object of class 'Archive::Zip::Archive' isa 'Archive::Zip'
ok 24 - Archive t/data/zip64-iocz.zip
ok 25 - Zip64 flag t/data/zip64-iocz.zip
ok 26 - An object of class 'Archive::Zip::ZipFileMember' isa 'Archive::Zip::ZipFileMember'
ok 27 - Member zip64 flag t/data/zip64-iocz.zip
ok 28 - Member uncompressed size t/data/zip64-iocz.zip
ok 29 - Member compressed size t/data/zip64-iocz.zip
ok 30 - Zip64 extra field extraction
ok 31 - Zip64 extra field removal
ok 32
ok 33
ok 34 - An object of class 'Archive::Zip::Archive' isa 'Archive::Zip'
ok 35 - Archive t/data/zip64-azeocd.zip
ok 36 - Zip64 flag t/data/zip64-azeocd.zip
ok 37 - An object of class 'Archive::Zip::ZipFileMember' isa 'Archive::Zip::ZipFileMember'
ok 38 - Member zip64 flag t/data/zip64-azeocd.zip
ok 39 - Member uncompressed size t/data/zip64-azeocd.zip
ok 40 - Member compressed size t/data/zip64-azeocd.zip
ok 41 - Zip64 extra field extraction
ok 42 - Zip64 extra field removal
ok 43
ok 44
ok 45 - An object of class 'Archive::Zip::Archive' isa 'Archive::Zip'
ok 46 - Archive t/data/zip64-azheaders.zip
ok 47 - Zip64 flag t/data/zip64-azheaders.zip
ok 48 - An object of class 'Archive::Zip::ZipFileMember' isa 'Archive::Zip::ZipFileMember'
ok 49 - Member zip64 flag t/data/zip64-azheaders.zip
ok 50 - Member uncompressed size t/data/zip64-azheaders.zip
ok 51 - Member compressed size t/data/zip64-azheaders.zip
ok 52 - Zip64 extra field extraction
ok 53 - Zip64 extra field removal
ok 54
ok 55
ok 56 - An object of class 'Archive::Zip::Archive' isa 'Archive::Zip'
ok 57 - Zip64 flag archive (pre)
ok 58 - Desired zip64 mode (1)
ok 59 - Desired zip64 mode (2)
ok 60 - Member addition
ok 61 - Zip64 flag member (pre)
ok 62 - write and test zip file - open piped handle
ok 63 - write and test zip file - write piped
ok 64 - write and test zip file - close piped handle
ok 65 - write and test zip file - test write piped
ok 66 - write and test zip file - write plain
ok 67 - write and test zip file - test write plain
ok 68 - Zip64 flag archive (post)
ok 69 - Zip64 flag member (post)
ok 70 - Member addition
ok 71 - Zip64 flag member (pre)
ok 72 - Desired zip64 mode (1)
ok 73 - Desired zip64 mode (2)
ok 74 - write and test zip file - open piped handle
ok 75 - write and test zip file - write piped
ok 76 - write and test zip file - close piped handle
ok 77 - write and test zip file - test write piped
ok 78 - write and test zip file - write plain
ok 79 - write and test zip file - test write plain
ok 80 - Zip64 flag archive (post)
ok 81 - Member lookup
ok 82 - Zip64 flag member (post)
ok 83 - Member lookup
ok 84 - Zip64 flag member (post)
ok 85 - Zip64 format error
# Got (expected) status != AZ_OK
#   got status: 3
#     expected: 3
#   got errors: format error: invalid zip64 extended information extra field
#     expected: (?^:invalid\ zip64\ extended\ information\ extra\ field)
#  at /usr/share/perl5/Archive/Zip/Member.pm line 710.
# 	Archive::Zip::Member::_extractZip64ExtraField("Archive::Zip::Member", "\x{1}\x{0}\x{0}\x{0}", 4294967295, undef) called at t/21_zip64.t line 136
ok 86 - Zip64 format error
ok
t/22_deflated_dir.t ........... 
1..8
ok 1 - An object of class 'Archive::Zip::Archive' isa 'Archive::Zip'
ok 2 - Read file
ok 3 - Wrote file - open piped handle
ok 4 - Wrote file - write piped
ok 5 - Wrote file - close piped handle
ok 6 - Wrote file - test write piped
ok 7 - Wrote file - write plain
ok 8 - Wrote file - test write plain
ok
t/23_closed_handle.t .......... 
1..2
ok 1 - One filehandle was created
ok 2 - Filehandle is closed
ok
t/24_unicode_win32.t .......... 
1..48
ok 1 - Checking that a file named with unicode chars was added properly by addTree - open piped handle
ok 2 - Checking that a file named with unicode chars was added properly by addTree - write piped
ok 3 - Checking that a file named with unicode chars was added properly by addTree - close piped handle
ok 4 - Checking that a file named with unicode chars was added properly by addTree - test write piped
ok 5 - Checking that a file named with unicode chars was added properly by addTree - write plain
ok 6 - Checking that a file named with unicode chars was added properly by addTree - test write plain
ok 7 - Checking that a file named with unicode chars was added properly by addTree - test read
ok 8 - Checking that a file named with unicode chars was added properly by addTree - test members
ok 9 - Checking that a file named with unicode chars was added properly by addString - open piped handle
ok 10 - Checking that a file named with unicode chars was added properly by addString - write piped
ok 11 - Checking that a file named with unicode chars was added properly by addString - close piped handle
ok 12 - Checking that a file named with unicode chars was added properly by addString - test write piped
ok 13 - Checking that a file named with unicode chars was added properly by addString - write plain
ok 14 - Checking that a file named with unicode chars was added properly by addString - test write plain
ok 15 - Checking that a file named with unicode chars was added properly by addString - test read
ok 16 - Checking that a file named with unicode chars was added properly by addString - test members
ok 17 - Checking that a file named with unicode chars was added properly by addFile - open piped handle
ok 18 - Checking that a file named with unicode chars was added properly by addFile - write piped
ok 19 - Checking that a file named with unicode chars was added properly by addFile - close piped handle
ok 20 - Checking that a file named with unicode chars was added properly by addFile - test write piped
ok 21 - Checking that a file named with unicode chars was added properly by addFile - write plain
ok 22 - Checking that a file named with unicode chars was added properly by addFile - test write plain
ok 23 - Checking that a file named with unicode chars was added properly by addFile - test read
ok 24 - Checking that a file named with unicode chars was added properly by addFile - test members
ok 25 - Checking that a file named with unicode chars was added properly by addDirectory - open piped handle
ok 26 - Checking that a file named with unicode chars was added properly by addDirectory - write piped
ok 27 - Checking that a file named with unicode chars was added properly by addDirectory - close piped handle
ok 28 - Checking that a file named with unicode chars was added properly by addDirectory - test write piped
ok 29 - Checking that a file named with unicode chars was added properly by addDirectory - write plain
ok 30 - Checking that a file named with unicode chars was added properly by addDirectory - test write plain
ok 31 - Checking that a file named with unicode chars was added properly by addDirectory - test read
ok 32 - Checking that a file named with unicode chars was added properly by addDirectory - test members
ok 33 - Checking that a file named with unicode chars was added properly by addFileOrDirectory from a direcotry - open piped handle
ok 34 - Checking that a file named with unicode chars was added properly by addFileOrDirectory from a direcotry - write piped
ok 35 - Checking that a file named with unicode chars was added properly by addFileOrDirectory from a direcotry - close piped handle
ok 36 - Checking that a file named with unicode chars was added properly by addFileOrDirectory from a direcotry - test write piped
ok 37 - Checking that a file named with unicode chars was added properly by addFileOrDirectory from a direcotry - write plain
ok 38 - Checking that a file named with unicode chars was added properly by addFileOrDirectory from a direcotry - test write plain
ok 39 - Checking that a file named with unicode chars was added properly by addFileOrDirectory from a direcotry - test read
ok 40 - Checking that a file named with unicode chars was added properly by addFileOrDirectory from a direcotry - test members
ok 41 - Checking that a file named with unicode chars was added properly by addFileOrDirectory from a file - open piped handle
ok 42 - Checking that a file named with unicode chars was added properly by addFileOrDirectory from a file - write piped
ok 43 - Checking that a file named with unicode chars was added properly by addFileOrDirectory from a file - close piped handle
ok 44 - Checking that a file named with unicode chars was added properly by addFileOrDirectory from a file - test write piped
ok 45 - Checking that a file named with unicode chars was added properly by addFileOrDirectory from a file - write plain
ok 46 - Checking that a file named with unicode chars was added properly by addFileOrDirectory from a file - test write plain
ok 47 - Checking that a file named with unicode chars was added properly by addFileOrDirectory from a file - test read
ok 48 - Checking that a file named with unicode chars was added properly by addFileOrDirectory from a file - test members
ok
t/25_traversal.t .............. 
1..41
ok 1 - Working directory changed
ok 2 # skip Symbolic links are not supported
ok 3 # skip Symbolic links are not supported
ok 4 # skip Symbolic links are not supported
ok 5 # skip Symbolic links are not supported
ok 6 # skip Symbolic links are not supported
ok 7 # skip Symbolic links are not supported
ok 8 # skip Symbolic links are not supported
ok 9 # skip Symbolic links are not supported
ok 10 # skip Symbolic links are not supported
ok 11 # skip Symbolic links are not supported
ok 12 # skip Symbolic links are not supported
ok 13 # skip Symbolic links are not supported
ok 14 - An object of class 'Archive::Zip::Archive' isa 'Archive::Zip'
ok 15 - Archive read
ok 16 - Tree extraction aborted
# Got (expected) status != AZ_OK
#   got status: 2
#     expected: 2
#   got errors: error: Could not extract /tmp/autopkgtest.W9cngJ/autopkgtest_tmp/smokeY8RMO5/testdir/3kgBv0igJy/unexisting/../../../../../tmp/gotcha-dotdot-unexistingpath safely: a parent directory is used
#     expected: (?^:Could not extract .* safely: a parent directory is used)
#  at /usr/share/perl5/Archive/Zip/Archive.pm line 1182.
# 	Archive::Zip::Archive::_extractionNameIsSafe("/tmp/autopkgtest.W9cngJ/autopkgtest_tmp/smokeY8RMO5/testdir/3"...) called at /usr/share/perl5/Archive/Zip/Archive.pm line 1235
# 	Archive::Zip::Archive::extractTree(Archive::Zip::Archive=HASH(0x2b04cdff98)) called at t/25_traversal.t line 103
# 	eval {...} called at t/25_traversal.t line 103
ok 17 - A file was not created in a parent directory
ok 18 - Member extraction without a local name aborted
# Got (expected) status != AZ_OK
#   got status: 2
#     expected: 2
#   got errors: error: Could not extract unexisting/../../../../../tmp/gotcha-dotdot-unexistingpath safely: a parent directory is used
#     expected: (?^:Could not extract .* safely: a parent directory is used)
#  at /usr/share/perl5/Archive/Zip/Archive.pm line 1182.
# 	Archive::Zip::Archive::_extractionNameIsSafe("unexisting/../../../../../tmp/gotcha-dotdot-unexistingpath") called at /usr/share/perl5/Archive/Zip/Archive.pm line 224
# 	Archive::Zip::Archive::extractMember(Archive::Zip::Archive=HASH(0x2b04cdff98), "unexisting/../../../../../tmp/gotcha-dotdot-unexistingpath") called at t/25_traversal.t line 116
# 	eval {...} called at t/25_traversal.t line 116
ok 19 - A file was not created in a parent directory
ok 20 - Directory created
ok 21 - Member extraction passed
ok 22 - File created
ok 23 - File removed
ok 24 # skip Symbolic links are not supported
ok 25 # skip Symbolic links are not supported
ok 26 # skip Symbolic links are not supported
ok 27 # skip Symbolic links are not supported
ok 28 # skip Symbolic links are not supported
ok 29 # skip Symbolic links are not supported
ok 30 # skip Symbolic links are not supported
ok 31 # skip Symbolic links are not supported
ok 32 # skip Symbolic links are not supported
ok 33 # skip Symbolic links are not supported
ok 34 # skip Symbolic links are not supported
ok 35 # skip Symbolic links are not supported
ok 36 # skip Symbolic links are not supported
ok 37 # skip Symbolic links are not supported
ok 38 # skip Symbolic links are not supported
ok 39 # skip Symbolic links are not supported
ok 40 # skip Symbolic links are not supported
ok 41 # skip Symbolic links are not supported
ok
t/26_bzip2.t .................. 
1..8
ok 1 - An object of class 'Archive::Zip::Archive' isa 'Archive::Zip'
ok 2
ok 3 - write and test zip file - open piped handle
ok 4 - write and test zip file - write piped
ok 5 - write and test zip file - close piped handle
ok 6 - write and test zip file - test write piped
ok 7 - write and test zip file - write plain
ok 8 - write and test zip file - test write plain
ok
t/27_symlinks.t ............... 
1..16
ok 1 - An object of class 'Archive::Zip::Archive' isa 'Archive::Zip'
ok 2 - Archive read
ok 3 - 'Member found' isa 'Archive::Zip::Member'
ok 4 - Link extraction (1)
ok 5 - Link extraction failure (1)
# Got (expected) status != AZ_OK
#   got status: 4
#     expected: 4
#   got errors: IO error: creating symbolic link : File exists
#  at /usr/share/perl5/Archive/Zip/Member.pm line 1403.
# 	Archive::Zip::Member::_writeData(Archive::Zip::ZipFileMember=HASH(0x2aebd0d190), "testdir/2Be_XEnBFO/some/dir/symlink") called at /usr/share/perl5/Archive/Zip/Member.pm line 1322
# 	Archive::Zip::Member::extractToFileHandle(Archive::Zip::ZipFileMember=HASH(0x2aebd0d190), "testdir/2Be_XEnBFO/some/dir/symlink") called at /usr/share/perl5/Archive/Zip/Member.pm line 557
# 	Archive::Zip::Member::extractToFileNamed(Archive::Zip::ZipFileMember=HASH(0x2aebd0d190), "testdir/2Be_XEnBFO/some/dir/symlink") called at t/27_symlinks.t line 44
ok 6 - Symlink (1)
ok 7 - Symlink target (1)
ok 8 - Symlink cleanup (1)
ok 9 - Link extraction (2)
ok 10 - Link extraction failure (2)
# Got (expected) status != AZ_OK
#   got status: 4
#     expected: 4
#   got errors: IO error: creating symbolic link : File exists
#  at /usr/share/perl5/Archive/Zip/Member.pm line 1403.
# 	Archive::Zip::Member::_writeData(Archive::Zip::ZipFileMember=HASH(0x2aebd0d190), "testdir/2Be_XEnBFO/some/dir/symlink") called at /usr/share/perl5/Archive/Zip/Member.pm line 1322
# 	Archive::Zip::Member::extractToFileHandle(Archive::Zip::ZipFileMember=HASH(0x2aebd0d190), "testdir/2Be_XEnBFO/some/dir/symlink") called at t/27_symlinks.t line 52
ok 11 - Symlink (2)
ok 12 - Symlink target (2)
ok 13 - Symlink cleanup (2)
ok 14 - Tree extraction
ok 15 - Symlink (3)
ok 16 - Symlink target (3)
ok
t/28_zip64_unsupported.t ...... skipped: Zip64 format is supported.
All tests successful.
Files=28, Tests=911, 88 wallclock secs ( 1.78 usr  0.54 sys + 63.41 cusr 25.46 csys = 91.19 CPU)
Result: PASS
autopkgtest: DBG: testbed command exited with code 0
autopkgtest [17:50:33]: test autodep8-perl-build-deps: -----------------------]
autopkgtest: DBG: testbed executing test finished with exit status 0
autopkgtest: DBG: sending command to testbed: copyup /tmp/autopkgtest.W9cngJ/autodep8-perl-build-deps-stdout /home/minami/Documents/openkylin-riscv/test/libarchive-zip-perl/autodep8-perl-build-deps-stdout
autopkgtest-virt-qemu: DBG: executing copyup /tmp/autopkgtest.W9cngJ/autodep8-perl-build-deps-stdout /home/minami/Documents/openkylin-riscv/test/libarchive-zip-perl/autodep8-perl-build-deps-stdout
autopkgtest-virt-qemu: DBG: ['cmdls', "(['/tmp/autopkgtest-qemu.nwza6gr4/runcmd', 'sh', '-ec', 'cat </tmp/autopkgtest.W9cngJ/autodep8-perl-build-deps-stdout'], ['cat'])"]
autopkgtest-virt-qemu: DBG: ['srcstdin', "<_io.BufferedReader name='/dev/null'>", 'deststdout', "<_io.BufferedWriter name='/home/minami/Documents/openkylin-riscv/test/libarchive-zip-perl/autodep8-perl-build-deps-stdout'>", 'devnull_read', <_io.BufferedReader name='/dev/null'>]
autopkgtest-virt-qemu: DBG:  +< /tmp/autopkgtest-qemu.nwza6gr4/runcmd sh -ec cat </tmp/autopkgtest.W9cngJ/autodep8-perl-build-deps-stdout
autopkgtest-virt-qemu: DBG:  +> cat
autopkgtest-virt-qemu: DBG:  +>?
autopkgtest-virt-qemu: DBG:  +<?
autopkgtest: DBG: got reply from testbed: ok
autopkgtest: DBG: sending command to testbed: copyup /tmp/autopkgtest.W9cngJ/autodep8-perl-build-deps-stderr /home/minami/Documents/openkylin-riscv/test/libarchive-zip-perl/autodep8-perl-build-deps-stderr
autopkgtest-virt-qemu: DBG: executing copyup /tmp/autopkgtest.W9cngJ/autodep8-perl-build-deps-stderr /home/minami/Documents/openkylin-riscv/test/libarchive-zip-perl/autodep8-perl-build-deps-stderr
autopkgtest-virt-qemu: DBG: ['cmdls', "(['/tmp/autopkgtest-qemu.nwza6gr4/runcmd', 'sh', '-ec', 'cat </tmp/autopkgtest.W9cngJ/autodep8-perl-build-deps-stderr'], ['cat'])"]
autopkgtest-virt-qemu: DBG: ['srcstdin', "<_io.BufferedReader name='/dev/null'>", 'deststdout', "<_io.BufferedWriter name='/home/minami/Documents/openkylin-riscv/test/libarchive-zip-perl/autodep8-perl-build-deps-stderr'>", 'devnull_read', <_io.BufferedReader name='/dev/null'>]
autopkgtest-virt-qemu: DBG:  +< /tmp/autopkgtest-qemu.nwza6gr4/runcmd sh -ec cat </tmp/autopkgtest.W9cngJ/autodep8-perl-build-deps-stderr
autopkgtest-virt-qemu: DBG:  +> cat
autopkgtest-virt-qemu: DBG:  +>?
autopkgtest-virt-qemu: DBG:  +<?
autopkgtest: DBG: got reply from testbed: ok
autopkgtest [17:50:34]: test autodep8-perl-build-deps:  - - - - - - - - - - results - - - - - - - - - -
autodep8-perl-build-deps PASS
autopkgtest: DBG: sending command to testbed: copyup /tmp/autopkgtest.W9cngJ/autodep8-perl-build-deps-artifacts/ /home/minami/Documents/openkylin-riscv/test/libarchive-zip-perl/artifacts/
autopkgtest-virt-qemu: DBG: executing copyup /tmp/autopkgtest.W9cngJ/autodep8-perl-build-deps-artifacts/ /home/minami/Documents/openkylin-riscv/test/libarchive-zip-perl/artifacts/
autopkgtest-virt-qemu: DBG: ['cmdls', "(['/tmp/autopkgtest-qemu.nwza6gr4/runcmd', 'sh', '-ec', 'cd /tmp/autopkgtest.W9cngJ/autodep8-perl-build-deps-artifacts/; tar --warning=none -c . -f -'], ['tar', '--directory', '/home/minami/Documents/openkylin-riscv/test/libarchive-zip-perl/artifacts/', '--warning=none', '--preserve-permissions', '--extract', '--no-same-owner', '-f', '-'])"]
autopkgtest-virt-qemu: DBG: ['srcstdin', "<_io.BufferedReader name='/dev/null'>", 'deststdout', "<_io.BufferedReader name='/dev/null'>", 'devnull_read', <_io.BufferedReader name='/dev/null'>]
autopkgtest-virt-qemu: DBG:  +< /tmp/autopkgtest-qemu.nwza6gr4/runcmd sh -ec cd /tmp/autopkgtest.W9cngJ/autodep8-perl-build-deps-artifacts/; tar --warning=none -c . -f -
autopkgtest-virt-qemu: DBG:  +> tar --directory /home/minami/Documents/openkylin-riscv/test/libarchive-zip-perl/artifacts/ --warning=none --preserve-permissions --extract --no-same-owner -f -
autopkgtest-virt-qemu: DBG:  +>?
autopkgtest-virt-qemu: DBG:  +<?
autopkgtest: DBG: got reply from testbed: ok
autopkgtest: DBG: testbed command ['rm', '-rf', '/tmp/autopkgtest.W9cngJ/autodep8-perl-build-deps-artifacts', '/tmp/autopkgtest.W9cngJ/autopkgtest_tmp'], kind short, sout raw, serr pipe, env []
autopkgtest: DBG: testbed command exited with code 0
autopkgtest [17:50:35]: test autodep8-perl: preparing testbed
autopkgtest: DBG: testbed reset: modified=False, deps_installed=['libarchive-zip-perl', 'debhelper-compat (= 13)', 'perl', 'unzip', 'zip', 'build-essential', 'pkg-perl-autopkgtest'], deps_new=['libarchive-zip-perl', 'pkg-perl-autopkgtest']
autopkgtest: DBG: testbed reset
autopkgtest: DBG: sending command to testbed: revert
autopkgtest-virt-qemu: DBG: executing revert
autopkgtest-virt-qemu: DBG: execute-timeout: /tmp/autopkgtest-qemu.nwza6gr4/runcmd rm -rf -- /tmp/autopkgtest.W9cngJ
qemu-system-riscv64: terminating on signal 15 from pid 211155 (/usr/bin/python3)
autopkgtest-virt-qemu: DBG: find_free_port: trying 10022
autopkgtest-virt-qemu: DBG: find_free_port: 10022 is free
autopkgtest-virt-qemu: DBG: autopkgtest does not know how to boot this machine, hopefully nothing special needs to be done?
autopkgtest-virt-qemu: DBG: qemu architecture: riscv64
autopkgtest-virt-qemu: DBG: qemu command: qemu-system-riscv64
autopkgtest-virt-qemu: DBG: execute-timeout: qemu-img info --output=json /home/minami/Documents/openkylin-riscv/testing.qcow2
autopkgtest-virt-qemu: DBG: Creating temporary overlay image in /tmp/autopkgtest-qemu.x3t7ap3_/overlay.img
autopkgtest-virt-qemu: DBG: execute-timeout: qemu-img create -f qcow2 -F qcow2 -b /home/minami/Documents/openkylin-riscv/testing.qcow2 /tmp/autopkgtest-qemu.x3t7ap3_/overlay.img
autopkgtest-virt-qemu: DBG: Forwarding local port 10022 to VM ssh port 22
autopkgtest-virt-qemu: DBG: Assuming nothing special needs to be done to set up firmware to boot this machine (boot method: none)
autopkgtest-virt-qemu: DBG: full qemu command-line: ['qemu-system-riscv64', '-m', '8192', '-smp', '8', '-nographic', '-device', 'virtio-net-device,netdev=usernet', '-netdev', 'user,id=usernet,hostfwd=tcp:127.0.0.1:10022-:22', '-object', 'rng-random,filename=/dev/urandom,id=rng0', '-device', 'virtio-rng-pci,rng=rng0,id=rng-device0', '-monitor', 'unix:/tmp/autopkgtest-qemu.x3t7ap3_/monitor,server=on,wait=off', '-virtfs', 'local,id=autopkgtest,path=/tmp/autopkgtest-qemu.x3t7ap3_/shared,security_model=none,mount_tag=autopkgtest', '-device', 'virtio-serial', '-chardev', 'socket,path=/tmp/autopkgtest-qemu.x3t7ap3_/hvc0,server=on,wait=off,id=hvc0', '-device', 'virtconsole,chardev=hvc0', '-chardev', 'socket,path=/tmp/autopkgtest-qemu.x3t7ap3_/hvc1,server=on,wait=off,id=hvc1', '-device', 'virtconsole,chardev=hvc1', '-serial', 'unix:/tmp/autopkgtest-qemu.x3t7ap3_/ttyS0,server=on,wait=off', '-drive', 'index=0,file=/tmp/autopkgtest-qemu.x3t7ap3_/overlay.img,format=qcow2,cache=unsafe,if=virtio,discard=unmap', '-machine', 'virt', '-kernel', '/home/minami/Documents/ukylin/u-boot.bin']
autopkgtest-virt-qemu: DBG: expect: b' login: '
autopkgtest-virt-qemu: DBG: expect: found "'login prompt on serial console'"
autopkgtest-virt-qemu: DBG: expect: b'ok'
autopkgtest-virt-qemu: DBG: expect: found "b'ok'"
autopkgtest-virt-qemu: DBG: setup_shell(): there already is a shell on hvc1
qemu-system-riscv64: warning: 9p: degraded performance: a reasonable high msize should be chosen on client/guest side (chosen msize is <= 8192). See https://wiki.qemu.org/Documentation/9psetup#msize for details.
autopkgtest-virt-qemu: DBG: expect: b'd68bc2a1-baf2-4115-99fc-f0ad1e91a4a8[1]'
autopkgtest-virt-qemu: DBG: expect: found "b'd68bc2a1-baf2-4115-99fc-f0ad1e91a4a8[1]'"
autopkgtest-virt-qemu: DBG: expect: b'd68bc2a1-baf2-4115-99fc-f0ad1e91a4a8[2]'
autopkgtest-virt-qemu: DBG: expect: found "b'd68bc2a1-baf2-4115-99fc-f0ad1e91a4a8[2]'"
autopkgtest-virt-qemu: DBG: expect: b'd68bc2a1-baf2-4115-99fc-f0ad1e91a4a8[3]'
autopkgtest-virt-qemu: DBG: expect: found "b'd68bc2a1-baf2-4115-99fc-f0ad1e91a4a8[3]'"
autopkgtest-virt-qemu: DBG: expect: b'/python'
autopkgtest-virt-qemu: DBG: expect: found "b'/python'"
autopkgtest-virt-qemu: DBG: expect: b'# '
autopkgtest-virt-qemu: DBG: expect: found "b'# '"
autopkgtest-virt-qemu: DBG: expect: b'd68bc2a1-baf2-4115-99fc-f0ad1e91a4a8[4]'
autopkgtest-virt-qemu: DBG: expect: found "b'd68bc2a1-baf2-4115-99fc-f0ad1e91a4a8[4]'"
autopkgtest-virt-qemu: DBG: execute-timeout: /tmp/autopkgtest-qemu.x3t7ap3_/runcmd true
autopkgtest-virt-qemu: DBG: can connect to autopkgtest sh in VM
autopkgtest-virt-qemu: DBG: expect: b'd68bc2a1-baf2-4115-99fc-f0ad1e91a4a8[5]'
autopkgtest-virt-qemu: DBG: expect: found "b'd68bc2a1-baf2-4115-99fc-f0ad1e91a4a8[5]'"
autopkgtest-virt-qemu: DBG: determine_normal_user: got user "openkylin"
autopkgtest-virt-qemu: DBG: execute-timeout: /tmp/autopkgtest-qemu.x3t7ap3_/runcmd mkdir --mode=1777 --parents /tmp/autopkgtest.W9cngJ
autopkgtest-virt-qemu: DBG: auxverb = ['/tmp/autopkgtest-qemu.x3t7ap3_/runcmd'], downtmp = /tmp/autopkgtest.W9cngJ
autopkgtest: DBG: got reply from testbed: ok /tmp/autopkgtest.W9cngJ
autopkgtest: DBG: sending command to testbed: print-execute-command
autopkgtest-virt-qemu: DBG: executing print-execute-command
autopkgtest: DBG: got reply from testbed: ok /tmp/autopkgtest-qemu.x3t7ap3_/runcmd
autopkgtest: DBG: sending command to testbed: capabilities
autopkgtest-virt-qemu: DBG: executing capabilities
autopkgtest: DBG: got reply from testbed: ok isolation-machine reboot revert revert-full-system root-on-testbed suggested-normal-user=openkylin
autopkgtest: DBG: testbed capabilities: ['isolation-machine', 'reboot', 'revert', 'revert-full-system', 'root-on-testbed', 'suggested-normal-user=openkylin', 'has_internet']
autopkgtest: DBG: testbed command ['mkdir', '-p', '/tmp/autopkgtest.W9cngJ'], kind short, sout raw, serr pipe, env []
autopkgtest: DBG: testbed command exited with code 0
autopkgtest: DBG: sending command to testbed: copydown /usr/share/autopkgtest/lib/in-testbed/wrapper.sh /tmp/autopkgtest.W9cngJ/wrapper.sh
autopkgtest-virt-qemu: DBG: executing copydown /usr/share/autopkgtest/lib/in-testbed/wrapper.sh /tmp/autopkgtest.W9cngJ/wrapper.sh
autopkgtest-virt-qemu: DBG: ['cmdls', "(['cat'], ['/tmp/autopkgtest-qemu.x3t7ap3_/runcmd', 'sh', '-ec', 'cat >/tmp/autopkgtest.W9cngJ/wrapper.sh; chmod +x -- /tmp/autopkgtest.W9cngJ/wrapper.sh'])"]
autopkgtest-virt-qemu: DBG: ['srcstdin', "<_io.BufferedReader name='/usr/share/autopkgtest/lib/in-testbed/wrapper.sh'>", 'deststdout', "<_io.BufferedReader name='/dev/null'>", 'devnull_read', <_io.BufferedReader name='/dev/null'>]
autopkgtest-virt-qemu: DBG:  +< cat
autopkgtest-virt-qemu: DBG:  +> /tmp/autopkgtest-qemu.x3t7ap3_/runcmd sh -ec cat >/tmp/autopkgtest.W9cngJ/wrapper.sh; chmod +x -- /tmp/autopkgtest.W9cngJ/wrapper.sh
autopkgtest-virt-qemu: DBG:  +>?
autopkgtest-virt-qemu: DBG:  +<?
autopkgtest: DBG: got reply from testbed: ok
autopkgtest: DBG: testbed command ['chmod', '-R', '0755', '--', '/tmp/autopkgtest.W9cngJ/wrapper.sh'], kind short, sout raw, serr pipe, env []
autopkgtest: DBG: testbed command exited with code 0
autopkgtest: DBG: testbed command ['dpkg', '--print-architecture'], kind short, sout pipe, serr pipe, env []
autopkgtest: DBG: testbed command exited with code 0
autopkgtest [17:51:21]: testbed dpkg architecture: riscv64
autopkgtest: DBG: testbed command ['sh', '-ec', 'command -v eatmydata'], kind short, sout pipe, serr pipe, env []
autopkgtest: DBG: testbed command exited with code 127
autopkgtest: DBG: testbed command ['sh', '-ec', 'command -v dpkg-query'], kind short, sout pipe, serr pipe, env []
autopkgtest: DBG: testbed command exited with code 0
autopkgtest: DBG: testbed command ['sh', '-ec', "dpkg-query --show -f '${Package}\\t${Version}\\n' > /tmp/autopkgtest.W9cngJ/testbed-packages"], kind short, sout raw, serr pipe, env []
autopkgtest: DBG: testbed command exited with code 0
autopkgtest: DBG: sending command to testbed: copyup /tmp/autopkgtest.W9cngJ/testbed-packages /home/minami/Documents/openkylin-riscv/test/libarchive-zip-perl/testbed-packages
autopkgtest-virt-qemu: DBG: executing copyup /tmp/autopkgtest.W9cngJ/testbed-packages /home/minami/Documents/openkylin-riscv/test/libarchive-zip-perl/testbed-packages
autopkgtest-virt-qemu: DBG: ['cmdls', "(['/tmp/autopkgtest-qemu.x3t7ap3_/runcmd', 'sh', '-ec', 'cat </tmp/autopkgtest.W9cngJ/testbed-packages'], ['cat'])"]
autopkgtest-virt-qemu: DBG: ['srcstdin', "<_io.BufferedReader name='/dev/null'>", 'deststdout', "<_io.BufferedWriter name='/home/minami/Documents/openkylin-riscv/test/libarchive-zip-perl/testbed-packages'>", 'devnull_read', <_io.BufferedReader name='/dev/null'>]
autopkgtest-virt-qemu: DBG:  +< /tmp/autopkgtest-qemu.x3t7ap3_/runcmd sh -ec cat </tmp/autopkgtest.W9cngJ/testbed-packages
autopkgtest-virt-qemu: DBG:  +> cat
autopkgtest-virt-qemu: DBG:  +>?
autopkgtest-virt-qemu: DBG:  +<?
autopkgtest: DBG: got reply from testbed: ok
autopkgtest: DBG: testbed supports reboot, creating /tmp/autopkgtest-reboot
autopkgtest: DBG: testbed command ['mkdir', '-p', '/tmp/autopkgtest.W9cngJ'], kind short, sout raw, serr pipe, env []
autopkgtest: DBG: testbed command exited with code 0
autopkgtest: DBG: sending command to testbed: copydown /usr/share/autopkgtest/lib/in-testbed/reboot.sh /tmp/autopkgtest.W9cngJ/autopkgtest-reboot
autopkgtest-virt-qemu: DBG: executing copydown /usr/share/autopkgtest/lib/in-testbed/reboot.sh /tmp/autopkgtest.W9cngJ/autopkgtest-reboot
autopkgtest-virt-qemu: DBG: ['cmdls', "(['cat'], ['/tmp/autopkgtest-qemu.x3t7ap3_/runcmd', 'sh', '-ec', 'cat >/tmp/autopkgtest.W9cngJ/autopkgtest-reboot; chmod +x -- /tmp/autopkgtest.W9cngJ/autopkgtest-reboot'])"]
autopkgtest-virt-qemu: DBG: ['srcstdin', "<_io.BufferedReader name='/usr/share/autopkgtest/lib/in-testbed/reboot.sh'>", 'deststdout', "<_io.BufferedReader name='/dev/null'>", 'devnull_read', <_io.BufferedReader name='/dev/null'>]
autopkgtest-virt-qemu: DBG:  +< cat
autopkgtest-virt-qemu: DBG:  +> /tmp/autopkgtest-qemu.x3t7ap3_/runcmd sh -ec cat >/tmp/autopkgtest.W9cngJ/autopkgtest-reboot; chmod +x -- /tmp/autopkgtest.W9cngJ/autopkgtest-reboot
autopkgtest-virt-qemu: DBG:  +>?
autopkgtest-virt-qemu: DBG:  +<?
autopkgtest: DBG: got reply from testbed: ok
autopkgtest: DBG: testbed command ['chmod', '-R', '0755', '--', '/tmp/autopkgtest.W9cngJ/autopkgtest-reboot'], kind short, sout raw, serr pipe, env []
autopkgtest: DBG: testbed command exited with code 0
autopkgtest: DBG: testbed command ['ln', '-fns', '/tmp/autopkgtest.W9cngJ/autopkgtest-reboot', '/tmp/autopkgtest-reboot'], kind short, sout raw, serr pipe, env []
autopkgtest: DBG: testbed command exited with code 0
autopkgtest: DBG: testbed command ['ln', '-fns', '/tmp/autopkgtest.W9cngJ/autopkgtest-reboot', '/sbin/autopkgtest-reboot'], kind short, sout raw, serr pipe, env []
autopkgtest: DBG: testbed command exited with code 0
autopkgtest: DBG: testbed command ['mkdir', '-p', '/tmp/autopkgtest.W9cngJ'], kind short, sout raw, serr pipe, env []
autopkgtest: DBG: testbed command exited with code 0
autopkgtest: DBG: sending command to testbed: copydown /usr/share/autopkgtest/lib/in-testbed/reboot-prepare.sh /tmp/autopkgtest.W9cngJ/autopkgtest-reboot-prepare
autopkgtest-virt-qemu: DBG: executing copydown /usr/share/autopkgtest/lib/in-testbed/reboot-prepare.sh /tmp/autopkgtest.W9cngJ/autopkgtest-reboot-prepare
autopkgtest-virt-qemu: DBG: ['cmdls', "(['cat'], ['/tmp/autopkgtest-qemu.x3t7ap3_/runcmd', 'sh', '-ec', 'cat >/tmp/autopkgtest.W9cngJ/autopkgtest-reboot-prepare; chmod +x -- /tmp/autopkgtest.W9cngJ/autopkgtest-reboot-prepare'])"]
autopkgtest-virt-qemu: DBG: ['srcstdin', "<_io.BufferedReader name='/usr/share/autopkgtest/lib/in-testbed/reboot-prepare.sh'>", 'deststdout', "<_io.BufferedReader name='/dev/null'>", 'devnull_read', <_io.BufferedReader name='/dev/null'>]
autopkgtest-virt-qemu: DBG:  +< cat
autopkgtest-virt-qemu: DBG:  +> /tmp/autopkgtest-qemu.x3t7ap3_/runcmd sh -ec cat >/tmp/autopkgtest.W9cngJ/autopkgtest-reboot-prepare; chmod +x -- /tmp/autopkgtest.W9cngJ/autopkgtest-reboot-prepare
autopkgtest-virt-qemu: DBG:  +>?
autopkgtest-virt-qemu: DBG:  +<?
autopkgtest: DBG: got reply from testbed: ok
autopkgtest: DBG: testbed command ['chmod', '-R', '0755', '--', '/tmp/autopkgtest.W9cngJ/autopkgtest-reboot-prepare'], kind short, sout raw, serr pipe, env []
autopkgtest: DBG: testbed command exited with code 0
autopkgtest: DBG: testbed command ['ln', '-fns', '/tmp/autopkgtest.W9cngJ/autopkgtest-reboot-prepare', '/tmp/autopkgtest-reboot-prepare'], kind short, sout raw, serr pipe, env []
autopkgtest: DBG: testbed command exited with code 0
autopkgtest: DBG: testbed command ['uname', '-srv'], kind short, sout pipe, serr pipe, env []
autopkgtest: DBG: testbed command exited with code 0
autopkgtest: DBG: Binaries: no registered binaries, not publishing anything
autopkgtest: DBG: install_deps: deps_new=['libarchive-zip-perl', 'pkg-perl-autopkgtest']
autopkgtest: DBG: install-deps: satisfying libarchive-zip-perl, pkg-perl-autopkgtest
autopkgtest: DBG: install-deps: architecture resolved: libarchive-zip-perl, pkg-perl-autopkgtest
autopkgtest: DBG: testbed command ['test', '-w', '/var/lib/dpkg/status'], kind short, sout raw, serr raw, env []
autopkgtest: DBG: testbed command exited with code 0
autopkgtest: DBG: can use apt-get on testbed: True
autopkgtest: DBG: testbed command ['mkdir', '-p', '/tmp/autopkgtest.W9cngJ'], kind short, sout raw, serr pipe, env []
autopkgtest: DBG: testbed command exited with code 0
autopkgtest: DBG: sending command to testbed: copydown /home/minami/Documents/openkylin-riscv/test/libarchive-zip-perl/2-autopkgtest-satdep.deb /tmp/autopkgtest.W9cngJ/2-autopkgtest-satdep.deb
autopkgtest-virt-qemu: DBG: executing copydown /home/minami/Documents/openkylin-riscv/test/libarchive-zip-perl/2-autopkgtest-satdep.deb /tmp/autopkgtest.W9cngJ/2-autopkgtest-satdep.deb
autopkgtest-virt-qemu: DBG: ['cmdls', "(['cat'], ['/tmp/autopkgtest-qemu.x3t7ap3_/runcmd', 'sh', '-ec', 'cat >/tmp/autopkgtest.W9cngJ/2-autopkgtest-satdep.deb'])"]
autopkgtest-virt-qemu: DBG: ['srcstdin', "<_io.BufferedReader name='/home/minami/Documents/openkylin-riscv/test/libarchive-zip-perl/2-autopkgtest-satdep.deb'>", 'deststdout', "<_io.BufferedReader name='/dev/null'>", 'devnull_read', <_io.BufferedReader name='/dev/null'>]
autopkgtest-virt-qemu: DBG:  +< cat
autopkgtest-virt-qemu: DBG:  +> /tmp/autopkgtest-qemu.x3t7ap3_/runcmd sh -ec cat >/tmp/autopkgtest.W9cngJ/2-autopkgtest-satdep.deb
autopkgtest-virt-qemu: DBG:  +>?
autopkgtest-virt-qemu: DBG:  +<?
autopkgtest: DBG: got reply from testbed: ok
autopkgtest: DBG: testbed command ['chown', '-R', 'openkylin', '--', '/tmp/autopkgtest.W9cngJ/2-autopkgtest-satdep.deb'], kind short, sout raw, serr pipe, env []
autopkgtest: DBG: testbed command exited with code 0
autopkgtest: DBG: testbed command ['dpkg', '--unpack', '/tmp/autopkgtest.W9cngJ/2-autopkgtest-satdep.deb'], kind short, sout pipe, serr pipe, env []
autopkgtest: DBG: testbed command exited with code 0
autopkgtest: DBG: testbed command ['/bin/sh', '-ec', ' apt-get install --assume-yes --fix-broken -o APT::Status-Fd=3 -o APT::Install-Recommends=false -o Dpkg::Options::=--force-confnew -o Debug::pkgProblemResolver=true 3>&2 2>&1'], kind install, sout raw, serr pipe, env ['DEBIAN_FRONTEND=noninteractive', 'APT_LISTBUGS_FRONTEND=none', 'APT_LISTCHANGES_FRONTEND=none']
Reading package lists...
Building dependency tree...
Reading state information...
Correcting dependencies...Starting pkgProblemResolver with broken count: 0
Starting 2 pkgProblemResolver with broken count: 0
Done
 Done
Starting pkgProblemResolver with broken count: 0
Starting 2 pkgProblemResolver with broken count: 0
Done
The following packages were automatically installed and are no longer required:
  libdjvulibre-text libdjvulibre21 libegl-dev libgl-dev libglu1-mesa-dev
  libglx-dev libmpdec2 libvulkan-dev libx11-dev libxau-dev libxcb1-dev
  libxdmcp-dev libxext-dev qt5-qmake qt5-qmake-bin x11proto-core-dev
  x11proto-dev xorg-sgml-doctools xtrans-dev
Use 'apt autoremove' to remove them.
The following additional packages will be installed:
  autodep8 dctrl-tools libarchive-zip-perl pkg-perl-autopkgtest
Suggested packages:
  debtags
The following NEW packages will be installed:
  autodep8 dctrl-tools libarchive-zip-perl pkg-perl-autopkgtest
0 upgraded, 4 newly installed, 0 to remove and 18 not upgraded.
1 not fully installed or removed.
Need to get 165 kB of archives.
After this operation, 650 kB of additional disk space will be used.
Get:1 http://archive.build.openkylin.top/openkylin yangtze/main riscv64 libarchive-zip-perl all 1.68-ok1 [90.7 kB]
Get:2 http://ppa.build.openkylin.top/kylinsoft/anything/openkylin yangtze/main riscv64 autodep8 all 0.22-ok1 [10.1 kB]
Get:3 http://ppa.build.openkylin.top/kylinsoft/anything/openkylin yangtze/main riscv64 pkg-perl-autopkgtest all 0.59-ok1 [8,208 B]
Get:4 http://archive.build.openkylin.top/openkylin yangtze/main riscv64 dctrl-tools riscv64 2.24-ok1 [55.6 kB]
Fetched 165 kB in 10s (15.8 kB/s)
Selecting previously unselected package libarchive-zip-perl.
(Reading database ... (Reading database ... 5%(Reading database ... 10%(Reading database ... 15%(Reading database ... 20%(Reading database ... 25%(Reading database ... 30%(Reading database ... 35%(Reading database ... 40%(Reading database ... 45%(Reading database ... 50%(Reading database ... 55%(Reading database ... 60%(Reading database ... 65%(Reading database ... 70%(Reading database ... 75%(Reading database ... 80%(Reading database ... 85%(Reading database ... 90%(Reading database ... 95%(Reading database ... 100%(Reading database ... 161111 files and directories currently installed.)
Preparing to unpack .../libarchive-zip-perl_1.68-ok1_all.deb ...
Unpacking libarchive-zip-perl (1.68-ok1) ...
Selecting previously unselected package dctrl-tools.
Preparing to unpack .../dctrl-tools_2.24-ok1_riscv64.deb ...
Unpacking dctrl-tools (2.24-ok1) ...
Selecting previously unselected package autodep8.
Preparing to unpack .../autodep8_0.22-ok1_all.deb ...
Unpacking autodep8 (0.22-ok1) ...
Selecting previously unselected package pkg-perl-autopkgtest.
Preparing to unpack .../pkg-perl-autopkgtest_0.59-ok1_all.deb ...
Unpacking pkg-perl-autopkgtest (0.59-ok1) ...
Setting up libarchive-zip-perl (1.68-ok1) ...
Setting up dctrl-tools (2.24-ok1) ...
Setting up autodep8 (0.22-ok1) ...
Setting up pkg-perl-autopkgtest (0.59-ok1) ...
Setting up autopkgtest-satdep (0) ...
Processing triggers for man-db (2.9.1-ok3) ...
autopkgtest: DBG: testbed command exited with code 0
autopkgtest: DBG: testbed command ['dpkg-query', '--show', '-f', '${Status}', 'libarchive-zip-perl'], kind short, sout pipe, serr pipe, env []
autopkgtest: DBG: testbed command exited with code 0
autopkgtest: DBG: testbed command ['dpkg', '--status', 'autopkgtest-satdep'], kind short, sout pipe, serr pipe, env []
autopkgtest: DBG: testbed command exited with code 0
autopkgtest: DBG: testbed command ['apt-get', '--simulate', '--quiet', '-o', 'APT::Get::Show-User-Simulation-Note=False', '--auto-remove', 'purge', 'autopkgtest-satdep'], kind short, sout pipe, serr pipe, env []
autopkgtest: DBG: testbed command exited with code 0
autopkgtest: DBG: Marking test dependencies as manually installed: pkg-perl-autopkgtest autodep8 dctrl-tools libarchive-zip-perl libdjvulibre21 libdjvulibre-text libegl-dev libglu1-mesa-dev libgl-dev libglx-dev libmpdec2 libvulkan-dev libxext-dev libx11-dev libxcb1-dev libxau-dev libxdmcp-dev qt5-qmake qt5-qmake-bin x11proto-core-dev x11proto-dev xorg-sgml-doctools xtrans-dev
autopkgtest: DBG: testbed command ['apt-mark', 'manual', '-qq', 'pkg-perl-autopkgtest', 'autodep8', 'dctrl-tools', 'libarchive-zip-perl', 'libdjvulibre21', 'libdjvulibre-text', 'libegl-dev', 'libglu1-mesa-dev', 'libgl-dev', 'libglx-dev', 'libmpdec2', 'libvulkan-dev', 'libxext-dev', 'libx11-dev', 'libxcb1-dev', 'libxau-dev', 'libxdmcp-dev', 'qt5-qmake', 'qt5-qmake-bin', 'x11proto-core-dev'], kind short, sout raw, serr pipe, env []
autopkgtest: DBG: testbed command exited with code 0
autopkgtest: DBG: testbed command ['apt-mark', 'manual', '-qq', 'x11proto-dev', 'xorg-sgml-doctools', 'xtrans-dev'], kind short, sout raw, serr pipe, env []
autopkgtest: DBG: testbed command exited with code 0
autopkgtest: DBG: testbed command ['dpkg', '--purge', 'autopkgtest-satdep'], kind short, sout raw, serr raw, env []
(Reading database ... 161230 files and directories currently installed.)
Removing autopkgtest-satdep (0) ...
autopkgtest: DBG: testbed command exited with code 0
autopkgtest: DBG: testbed command ['sh', '-ec', 'command -v dpkg-query'], kind short, sout pipe, serr pipe, env []
autopkgtest: DBG: testbed command exited with code 0
autopkgtest: DBG: testbed command ['sh', '-ec', "dpkg-query --show -f '${Package}\\t${Version}\\n' > /tmp/autopkgtest.W9cngJ/autodep8-perl-packages.all"], kind short, sout raw, serr pipe, env []
autopkgtest: DBG: testbed command exited with code 0
autopkgtest: DBG: sending command to testbed: copyup /tmp/autopkgtest.W9cngJ/autodep8-perl-packages.all /home/minami/Documents/openkylin-riscv/test/libarchive-zip-perl/autodep8-perl-packages.all
autopkgtest-virt-qemu: DBG: executing copyup /tmp/autopkgtest.W9cngJ/autodep8-perl-packages.all /home/minami/Documents/openkylin-riscv/test/libarchive-zip-perl/autodep8-perl-packages.all
autopkgtest-virt-qemu: DBG: ['cmdls', "(['/tmp/autopkgtest-qemu.x3t7ap3_/runcmd', 'sh', '-ec', 'cat </tmp/autopkgtest.W9cngJ/autodep8-perl-packages.all'], ['cat'])"]
autopkgtest-virt-qemu: DBG: ['srcstdin', "<_io.BufferedReader name='/dev/null'>", 'deststdout', "<_io.BufferedWriter name='/home/minami/Documents/openkylin-riscv/test/libarchive-zip-perl/autodep8-perl-packages.all'>", 'devnull_read', <_io.BufferedReader name='/dev/null'>]
autopkgtest-virt-qemu: DBG:  +< /tmp/autopkgtest-qemu.x3t7ap3_/runcmd sh -ec cat </tmp/autopkgtest.W9cngJ/autodep8-perl-packages.all
autopkgtest-virt-qemu: DBG:  +> cat
autopkgtest-virt-qemu: DBG:  +>?
autopkgtest-virt-qemu: DBG:  +<?
autopkgtest: DBG: got reply from testbed: ok
autopkgtest: DBG: testbed command ['test', '-e', '/tmp/autopkgtest.W9cngJ/build.NCc/src'], kind short, sout raw, serr raw, env []
autopkgtest: DBG: testbed command exited with code 1
autopkgtest: DBG: testbed command ['mkdir', '-p', '/tmp/autopkgtest.W9cngJ/build.NCc'], kind short, sout raw, serr pipe, env []
autopkgtest: DBG: testbed command exited with code 0
autopkgtest: DBG: sending command to testbed: copydown /home/minami/Documents/openkylin-riscv/test/libarchive-zip-perl/tests-tree/ /tmp/autopkgtest.W9cngJ/build.NCc/src/
autopkgtest-virt-qemu: DBG: executing copydown /home/minami/Documents/openkylin-riscv/test/libarchive-zip-perl/tests-tree/ /tmp/autopkgtest.W9cngJ/build.NCc/src/
autopkgtest-virt-qemu: DBG: ['cmdls', "(['tar', '--directory', '/home/minami/Documents/openkylin-riscv/test/libarchive-zip-perl/tests-tree/', '--warning=none', '-c', '.', '-f', '-'], ['/tmp/autopkgtest-qemu.x3t7ap3_/runcmd', 'sh', '-ec', 'if ! test -d /tmp/autopkgtest.W9cngJ/build.NCc/src/; then mkdir -- /tmp/autopkgtest.W9cngJ/build.NCc/src/; fi; cd /tmp/autopkgtest.W9cngJ/build.NCc/src/; tar --warning=none --preserve-permissions --extract --no-same-owner -f -'])"]
autopkgtest-virt-qemu: DBG: ['srcstdin', "<_io.BufferedReader name='/dev/null'>", 'deststdout', "<_io.BufferedReader name='/dev/null'>", 'devnull_read', <_io.BufferedReader name='/dev/null'>]
autopkgtest-virt-qemu: DBG:  +< tar --directory /home/minami/Documents/openkylin-riscv/test/libarchive-zip-perl/tests-tree/ --warning=none -c . -f -
autopkgtest-virt-qemu: DBG:  +> /tmp/autopkgtest-qemu.x3t7ap3_/runcmd sh -ec if ! test -d /tmp/autopkgtest.W9cngJ/build.NCc/src/; then mkdir -- /tmp/autopkgtest.W9cngJ/build.NCc/src/; fi; cd /tmp/autopkgtest.W9cngJ/build.NCc/src/; tar --warning=none --preserve-permissions --extract --no-same-owner -f -
autopkgtest-virt-qemu: DBG:  +>?
autopkgtest-virt-qemu: DBG:  +<?
autopkgtest: DBG: got reply from testbed: ok
autopkgtest: DBG: testbed command ['chown', '-R', 'openkylin', '--', '/tmp/autopkgtest.W9cngJ/build.NCc/src'], kind short, sout raw, serr pipe, env []
autopkgtest: DBG: testbed command exited with code 0
autopkgtest [17:52:15]: test autodep8-perl: /usr/share/pkg-perl-autopkgtest/runner runtime-deps
autopkgtest [17:52:15]: test autodep8-perl: [-----------------------
autopkgtest: DBG: testbed command ['su', '-s', '/bin/bash', 'openkylin', '-c', 'set -e; export USER=`id -nu`; . /etc/profile >/dev/null 2>&1 || true;  . ~/.profile >/dev/null 2>&1 || true; buildtree="/tmp/autopkgtest.W9cngJ/build.NCc/src"; mkdir -p -m 1777 -- "/tmp/autopkgtest.W9cngJ/autodep8-perl-artifacts"; export AUTOPKGTEST_ARTIFACTS="/tmp/autopkgtest.W9cngJ/autodep8-perl-artifacts"; export ADT_ARTIFACTS="$AUTOPKGTEST_ARTIFACTS"; mkdir -p -m 755 "/tmp/autopkgtest.W9cngJ/autopkgtest_tmp"; export AUTOPKGTEST_TMP="/tmp/autopkgtest.W9cngJ/autopkgtest_tmp"; export ADTTMP="$AUTOPKGTEST_TMP"; export DEBIAN_FRONTEND=noninteractive; export LANG=C.UTF-8; export DEB_BUILD_OPTIONS=parallel=8; unset LANGUAGE LC_CTYPE LC_NUMERIC LC_TIME LC_COLLATE   LC_MONETARY LC_MESSAGES LC_PAPER LC_NAME LC_ADDRESS   LC_TELEPHONE LC_MEASUREMENT LC_IDENTIFICATION LC_ALL;cd "$buildtree"; exec /tmp/autopkgtest.W9cngJ/wrapper.sh --script-pid-file=/tmp/autopkgtest_script_pid --stderr=/tmp/autopkgtest.W9cngJ/autodep8-perl-stderr --stdout=/tmp/autopkgtest.W9cngJ/autodep8-perl-stdout -- bash -ec \'/usr/share/pkg-perl-autopkgtest/runner runtime-deps\' ;'], kind test, sout raw, serr raw, env []
/usr/share/pkg-perl-autopkgtest/runtime-deps.d/use.t .. 
1..4
ok 1 -  /usr/bin/perl -w -M"Archive::Zip" -e 1 2>&1 exited successfully
ok 2 -  /usr/bin/perl -w -M"Archive::Zip" -e 1 2>&1 produced no (non-whitelisted) output
ok 3 - env PERL_DL_NONLAZY=1  /usr/bin/perl -w -M"Archive::Zip" -e 1 2>&1 exited successfully
ok 4 - env PERL_DL_NONLAZY=1  /usr/bin/perl -w -M"Archive::Zip" -e 1 2>&1 produced no (non-whitelisted) output
ok
All tests successful.
Files=1, Tests=4,  4 wallclock secs ( 0.20 usr  0.10 sys +  2.80 cusr  0.70 csys =  3.80 CPU)
Result: PASS
autopkgtest: DBG: testbed command exited with code 0
autopkgtest [17:52:24]: test autodep8-perl: -----------------------]
autopkgtest: DBG: testbed executing test finished with exit status 0
autopkgtest: DBG: sending command to testbed: copyup /tmp/autopkgtest.W9cngJ/autodep8-perl-stdout /home/minami/Documents/openkylin-riscv/test/libarchive-zip-perl/autodep8-perl-stdout
autopkgtest-virt-qemu: DBG: executing copyup /tmp/autopkgtest.W9cngJ/autodep8-perl-stdout /home/minami/Documents/openkylin-riscv/test/libarchive-zip-perl/autodep8-perl-stdout
autopkgtest-virt-qemu: DBG: ['cmdls', "(['/tmp/autopkgtest-qemu.x3t7ap3_/runcmd', 'sh', '-ec', 'cat </tmp/autopkgtest.W9cngJ/autodep8-perl-stdout'], ['cat'])"]
autopkgtest-virt-qemu: DBG: ['srcstdin', "<_io.BufferedReader name='/dev/null'>", 'deststdout', "<_io.BufferedWriter name='/home/minami/Documents/openkylin-riscv/test/libarchive-zip-perl/autodep8-perl-stdout'>", 'devnull_read', <_io.BufferedReader name='/dev/null'>]
autopkgtest-virt-qemu: DBG:  +< /tmp/autopkgtest-qemu.x3t7ap3_/runcmd sh -ec cat </tmp/autopkgtest.W9cngJ/autodep8-perl-stdout
autopkgtest-virt-qemu: DBG:  +> cat
autopkgtest-virt-qemu: DBG:  +>?
autopkgtest-virt-qemu: DBG:  +<?
autopkgtest: DBG: got reply from testbed: ok
autopkgtest: DBG: sending command to testbed: copyup /tmp/autopkgtest.W9cngJ/autodep8-perl-stderr /home/minami/Documents/openkylin-riscv/test/libarchive-zip-perl/autodep8-perl-stderr
autopkgtest-virt-qemu: DBG: executing copyup /tmp/autopkgtest.W9cngJ/autodep8-perl-stderr /home/minami/Documents/openkylin-riscv/test/libarchive-zip-perl/autodep8-perl-stderr
autopkgtest-virt-qemu: DBG: ['cmdls', "(['/tmp/autopkgtest-qemu.x3t7ap3_/runcmd', 'sh', '-ec', 'cat </tmp/autopkgtest.W9cngJ/autodep8-perl-stderr'], ['cat'])"]
autopkgtest-virt-qemu: DBG: ['srcstdin', "<_io.BufferedReader name='/dev/null'>", 'deststdout', "<_io.BufferedWriter name='/home/minami/Documents/openkylin-riscv/test/libarchive-zip-perl/autodep8-perl-stderr'>", 'devnull_read', <_io.BufferedReader name='/dev/null'>]
autopkgtest-virt-qemu: DBG:  +< /tmp/autopkgtest-qemu.x3t7ap3_/runcmd sh -ec cat </tmp/autopkgtest.W9cngJ/autodep8-perl-stderr
autopkgtest-virt-qemu: DBG:  +> cat
autopkgtest-virt-qemu: DBG:  +>?
autopkgtest-virt-qemu: DBG:  +<?
autopkgtest: DBG: got reply from testbed: ok
autopkgtest [17:52:25]: test autodep8-perl:  - - - - - - - - - - results - - - - - - - - - -
autodep8-perl        PASS (superficial)
autopkgtest: DBG: sending command to testbed: copyup /tmp/autopkgtest.W9cngJ/autodep8-perl-artifacts/ /home/minami/Documents/openkylin-riscv/test/libarchive-zip-perl/artifacts/
autopkgtest-virt-qemu: DBG: executing copyup /tmp/autopkgtest.W9cngJ/autodep8-perl-artifacts/ /home/minami/Documents/openkylin-riscv/test/libarchive-zip-perl/artifacts/
autopkgtest-virt-qemu: DBG: ['cmdls', "(['/tmp/autopkgtest-qemu.x3t7ap3_/runcmd', 'sh', '-ec', 'cd /tmp/autopkgtest.W9cngJ/autodep8-perl-artifacts/; tar --warning=none -c . -f -'], ['tar', '--directory', '/home/minami/Documents/openkylin-riscv/test/libarchive-zip-perl/artifacts/', '--warning=none', '--preserve-permissions', '--extract', '--no-same-owner', '-f', '-'])"]
autopkgtest-virt-qemu: DBG: ['srcstdin', "<_io.BufferedReader name='/dev/null'>", 'deststdout', "<_io.BufferedReader name='/dev/null'>", 'devnull_read', <_io.BufferedReader name='/dev/null'>]
autopkgtest-virt-qemu: DBG:  +< /tmp/autopkgtest-qemu.x3t7ap3_/runcmd sh -ec cd /tmp/autopkgtest.W9cngJ/autodep8-perl-artifacts/; tar --warning=none -c . -f -
autopkgtest-virt-qemu: DBG:  +> tar --directory /home/minami/Documents/openkylin-riscv/test/libarchive-zip-perl/artifacts/ --warning=none --preserve-permissions --extract --no-same-owner -f -
autopkgtest-virt-qemu: DBG:  +>?
autopkgtest-virt-qemu: DBG:  +<?
autopkgtest: DBG: got reply from testbed: ok
autopkgtest: DBG: testbed command ['rm', '-rf', '/tmp/autopkgtest.W9cngJ/autodep8-perl-artifacts', '/tmp/autopkgtest.W9cngJ/autopkgtest_tmp'], kind short, sout raw, serr pipe, env []
autopkgtest: DBG: testbed command exited with code 0
autopkgtest [17:52:26]: test autodep8-perl-recommends: preparing testbed
autopkgtest: DBG: testbed reset: modified=False, deps_installed=['libarchive-zip-perl', 'pkg-perl-autopkgtest'], deps_new=['libarchive-zip-perl', 'pkg-perl-autopkgtest']
autopkgtest: DBG: Binaries: no registered binaries, not publishing anything
autopkgtest: DBG: install_deps: deps_new=['libarchive-zip-perl', 'pkg-perl-autopkgtest']
autopkgtest: DBG: install-deps: satisfying libarchive-zip-perl, pkg-perl-autopkgtest
autopkgtest: DBG: install-deps: architecture resolved: libarchive-zip-perl, pkg-perl-autopkgtest
autopkgtest: DBG: testbed command ['test', '-w', '/var/lib/dpkg/status'], kind short, sout raw, serr raw, env []
autopkgtest: DBG: testbed command exited with code 0
autopkgtest: DBG: can use apt-get on testbed: True
autopkgtest: DBG: testbed command ['mkdir', '-p', '/tmp/autopkgtest.W9cngJ'], kind short, sout raw, serr pipe, env []
autopkgtest: DBG: testbed command exited with code 0
autopkgtest: DBG: sending command to testbed: copydown /home/minami/Documents/openkylin-riscv/test/libarchive-zip-perl/3-autopkgtest-satdep.deb /tmp/autopkgtest.W9cngJ/3-autopkgtest-satdep.deb
autopkgtest-virt-qemu: DBG: executing copydown /home/minami/Documents/openkylin-riscv/test/libarchive-zip-perl/3-autopkgtest-satdep.deb /tmp/autopkgtest.W9cngJ/3-autopkgtest-satdep.deb
autopkgtest-virt-qemu: DBG: ['cmdls', "(['cat'], ['/tmp/autopkgtest-qemu.x3t7ap3_/runcmd', 'sh', '-ec', 'cat >/tmp/autopkgtest.W9cngJ/3-autopkgtest-satdep.deb'])"]
autopkgtest-virt-qemu: DBG: ['srcstdin', "<_io.BufferedReader name='/home/minami/Documents/openkylin-riscv/test/libarchive-zip-perl/3-autopkgtest-satdep.deb'>", 'deststdout', "<_io.BufferedReader name='/dev/null'>", 'devnull_read', <_io.BufferedReader name='/dev/null'>]
autopkgtest-virt-qemu: DBG:  +< cat
autopkgtest-virt-qemu: DBG:  +> /tmp/autopkgtest-qemu.x3t7ap3_/runcmd sh -ec cat >/tmp/autopkgtest.W9cngJ/3-autopkgtest-satdep.deb
autopkgtest-virt-qemu: DBG:  +>?
autopkgtest-virt-qemu: DBG:  +<?
autopkgtest: DBG: got reply from testbed: ok
autopkgtest: DBG: testbed command ['chown', '-R', 'openkylin', '--', '/tmp/autopkgtest.W9cngJ/3-autopkgtest-satdep.deb'], kind short, sout raw, serr pipe, env []
autopkgtest: DBG: testbed command exited with code 0
autopkgtest: DBG: testbed command ['dpkg', '--unpack', '/tmp/autopkgtest.W9cngJ/3-autopkgtest-satdep.deb'], kind short, sout pipe, serr pipe, env []
autopkgtest: DBG: testbed command exited with code 0
autopkgtest: DBG: testbed command ['/bin/sh', '-ec', ' apt-get install --assume-yes --fix-broken -o APT::Status-Fd=3 -o APT::Install-Recommends=false -o Dpkg::Options::=--force-confnew -o Debug::pkgProblemResolver=true 3>&2 2>&1'], kind install, sout raw, serr pipe, env ['DEBIAN_FRONTEND=noninteractive', 'APT_LISTBUGS_FRONTEND=none', 'APT_LISTCHANGES_FRONTEND=none']
Reading package lists...
Building dependency tree...
Reading state information...
Starting pkgProblemResolver with broken count: 0
Starting 2 pkgProblemResolver with broken count: 0
Done
0 upgraded, 0 newly installed, 0 to remove and 18 not upgraded.
1 not fully installed or removed.
After this operation, 0 B of additional disk space will be used.
Setting up autopkgtest-satdep (0) ...
autopkgtest: DBG: testbed command exited with code 0
autopkgtest: DBG: testbed command ['dpkg-query', '--show', '-f', '${Status}', 'libarchive-zip-perl'], kind short, sout pipe, serr pipe, env []
autopkgtest: DBG: testbed command exited with code 0
autopkgtest: DBG: testbed command ['dpkg', '--status', 'autopkgtest-satdep'], kind short, sout pipe, serr pipe, env []
autopkgtest: DBG: testbed command exited with code 0
autopkgtest: DBG: testbed command ['apt-get', '--simulate', '--quiet', '-o', 'APT::Get::Show-User-Simulation-Note=False', '--auto-remove', 'purge', 'autopkgtest-satdep'], kind short, sout pipe, serr pipe, env []
autopkgtest: DBG: testbed command exited with code 0
autopkgtest: DBG: testbed command ['dpkg', '--purge', 'autopkgtest-satdep'], kind short, sout raw, serr raw, env []
(Reading database ... 161230 files and directories currently installed.)
Removing autopkgtest-satdep (0) ...
autopkgtest: DBG: testbed command exited with code 0
autopkgtest: DBG: testbed command ['sh', '-ec', 'command -v dpkg-query'], kind short, sout pipe, serr pipe, env []
autopkgtest: DBG: testbed command exited with code 0
autopkgtest: DBG: testbed command ['sh', '-ec', "dpkg-query --show -f '${Package}\\t${Version}\\n' > /tmp/autopkgtest.W9cngJ/autodep8-perl-recommends-packages.all"], kind short, sout raw, serr pipe, env []
autopkgtest: DBG: testbed command exited with code 0
autopkgtest: DBG: sending command to testbed: copyup /tmp/autopkgtest.W9cngJ/autodep8-perl-recommends-packages.all /home/minami/Documents/openkylin-riscv/test/libarchive-zip-perl/autodep8-perl-recommends-packages.all
autopkgtest-virt-qemu: DBG: executing copyup /tmp/autopkgtest.W9cngJ/autodep8-perl-recommends-packages.all /home/minami/Documents/openkylin-riscv/test/libarchive-zip-perl/autodep8-perl-recommends-packages.all
autopkgtest-virt-qemu: DBG: ['cmdls', "(['/tmp/autopkgtest-qemu.x3t7ap3_/runcmd', 'sh', '-ec', 'cat </tmp/autopkgtest.W9cngJ/autodep8-perl-recommends-packages.all'], ['cat'])"]
autopkgtest-virt-qemu: DBG: ['srcstdin', "<_io.BufferedReader name='/dev/null'>", 'deststdout', "<_io.BufferedWriter name='/home/minami/Documents/openkylin-riscv/test/libarchive-zip-perl/autodep8-perl-recommends-packages.all'>", 'devnull_read', <_io.BufferedReader name='/dev/null'>]
autopkgtest-virt-qemu: DBG:  +< /tmp/autopkgtest-qemu.x3t7ap3_/runcmd sh -ec cat </tmp/autopkgtest.W9cngJ/autodep8-perl-recommends-packages.all
autopkgtest-virt-qemu: DBG:  +> cat
autopkgtest-virt-qemu: DBG:  +>?
autopkgtest-virt-qemu: DBG:  +<?
autopkgtest: DBG: got reply from testbed: ok
autopkgtest: DBG: testbed command ['test', '-e', '/tmp/autopkgtest.W9cngJ/build.NCc/src'], kind short, sout raw, serr raw, env []
autopkgtest: DBG: testbed command exited with code 0
autopkgtest: DBG: copydown: tb path /tmp/autopkgtest.W9cngJ/build.NCc/src already exists
autopkgtest [17:52:46]: test autodep8-perl-recommends: /usr/share/pkg-perl-autopkgtest/runner runtime-deps-and-recommends
autopkgtest [17:52:46]: test autodep8-perl-recommends: [-----------------------
autopkgtest: DBG: testbed command ['su', '-s', '/bin/bash', 'openkylin', '-c', 'set -e; export USER=`id -nu`; . /etc/profile >/dev/null 2>&1 || true;  . ~/.profile >/dev/null 2>&1 || true; buildtree="/tmp/autopkgtest.W9cngJ/build.NCc/src"; mkdir -p -m 1777 -- "/tmp/autopkgtest.W9cngJ/autodep8-perl-recommends-artifacts"; export AUTOPKGTEST_ARTIFACTS="/tmp/autopkgtest.W9cngJ/autodep8-perl-recommends-artifacts"; export ADT_ARTIFACTS="$AUTOPKGTEST_ARTIFACTS"; mkdir -p -m 755 "/tmp/autopkgtest.W9cngJ/autopkgtest_tmp"; export AUTOPKGTEST_TMP="/tmp/autopkgtest.W9cngJ/autopkgtest_tmp"; export ADTTMP="$AUTOPKGTEST_TMP"; export DEBIAN_FRONTEND=noninteractive; export LANG=C.UTF-8; export DEB_BUILD_OPTIONS=parallel=8; unset LANGUAGE LC_CTYPE LC_NUMERIC LC_TIME LC_COLLATE   LC_MONETARY LC_MESSAGES LC_PAPER LC_NAME LC_ADDRESS   LC_TELEPHONE LC_MEASUREMENT LC_IDENTIFICATION LC_ALL;cd "$buildtree"; exec /tmp/autopkgtest.W9cngJ/wrapper.sh --script-pid-file=/tmp/autopkgtest_script_pid --stderr=/tmp/autopkgtest.W9cngJ/autodep8-perl-recommends-stderr --stdout=/tmp/autopkgtest.W9cngJ/autodep8-perl-recommends-stdout -- bash -ec \'/usr/share/pkg-perl-autopkgtest/runner runtime-deps-and-recommends\' ;'], kind test, sout raw, serr raw, env []
/usr/share/pkg-perl-autopkgtest/runtime-deps-and-recommends.d/syntax.t .. 
1..4
ok 1 - Package libarchive-zip-perl is known to dpkg
ok 2 - Got status information for package libarchive-zip-perl
ok 3 - Got file list for package libarchive-zip-perl
# Subtest: all modules in libarchive-zip-perl pass the syntax check
    1..12
    # Subroutine new redefined at /usr/share/perl5/Archive/Zip/Archive.pm line 33.
    # Subroutine storeSymbolicLink redefined at /usr/share/perl5/Archive/Zip/Archive.pm line 75.
    # Subroutine members redefined at /usr/share/perl5/Archive/Zip/Archive.pm line 80.
    # Subroutine numberOfMembers redefined at /usr/share/perl5/Archive/Zip/Archive.pm line 84.
    # Subroutine memberNames redefined at /usr/share/perl5/Archive/Zip/Archive.pm line 88.
    # Subroutine memberNamed redefined at /usr/share/perl5/Archive/Zip/Archive.pm line 94.
    # Subroutine membersMatching redefined at /usr/share/perl5/Archive/Zip/Archive.pm line 103.
    # Subroutine zip64 redefined at /usr/share/perl5/Archive/Zip/Archive.pm line 109.
    # Subroutine desiredZip64Mode redefined at /usr/share/perl5/Archive/Zip/Archive.pm line 113.
    # Subroutine versionMadeBy redefined at /usr/share/perl5/Archive/Zip/Archive.pm line 123.
    # Subroutine versionNeededToExtract redefined at /usr/share/perl5/Archive/Zip/Archive.pm line 127.
    # Subroutine diskNumber redefined at /usr/share/perl5/Archive/Zip/Archive.pm line 131.
    # Subroutine diskNumberWithStartOfCentralDirectory redefined at /usr/share/perl5/Archive/Zip/Archive.pm line 135.
    # Subroutine numberOfCentralDirectoriesOnThisDisk redefined at /usr/share/perl5/Archive/Zip/Archive.pm line 139.
    # Subroutine numberOfCentralDirectories redefined at /usr/share/perl5/Archive/Zip/Archive.pm line 143.
    # Subroutine centralDirectorySize redefined at /usr/share/perl5/Archive/Zip/Archive.pm line 147.
    # Subroutine centralDirectoryOffsetWRTStartingDiskNumber redefined at /usr/share/perl5/Archive/Zip/Archive.pm line 151.
    # Subroutine zipfileComment redefined at /usr/share/perl5/Archive/Zip/Archive.pm line 155.
    # Subroutine eocdOffset redefined at /usr/share/perl5/Archive/Zip/Archive.pm line 165.
    # Subroutine fileName redefined at /usr/share/perl5/Archive/Zip/Archive.pm line 170.
    # Subroutine removeMember redefined at /usr/share/perl5/Archive/Zip/Archive.pm line 174.
    # Subroutine replaceMember redefined at /usr/share/perl5/Archive/Zip/Archive.pm line 184.
    # Subroutine extractMember redefined at /usr/share/perl5/Archive/Zip/Archive.pm line 204.
    # Subroutine extractMemberWithoutPaths redefined at /usr/share/perl5/Archive/Zip/Archive.pm line 241.
    # Subroutine addMember redefined at /usr/share/perl5/Archive/Zip/Archive.pm line 268.
    # Subroutine addFile redefined at /usr/share/perl5/Archive/Zip/Archive.pm line 279.
    # Subroutine addString redefined at /usr/share/perl5/Archive/Zip/Archive.pm line 311.
    # Subroutine addDirectory redefined at /usr/share/perl5/Archive/Zip/Archive.pm line 329.
    # Subroutine addFileOrDirectory redefined at /usr/share/perl5/Archive/Zip/Archive.pm line 362.
    # Subroutine contents redefined at /usr/share/perl5/Archive/Zip/Archive.pm line 393.
    # Subroutine writeToFileNamed redefined at /usr/share/perl5/Archive/Zip/Archive.pm line 423.
    # Subroutine writeToFileHandle redefined at /usr/share/perl5/Archive/Zip/Archive.pm line 445.
    # Subroutine overwrite redefined at /usr/share/perl5/Archive/Zip/Archive.pm line 529.
    # Subroutine overwriteAs redefined at /usr/share/perl5/Archive/Zip/Archive.pm line 537.
    # Subroutine _writeCentralDirectoryOffset redefined at /usr/share/perl5/Archive/Zip/Archive.pm line 585.
    # Subroutine _writeEOCDOffset redefined at /usr/share/perl5/Archive/Zip/Archive.pm line 589.
    # Subroutine _writeEndOfCentralDirectory redefined at /usr/share/perl5/Archive/Zip/Archive.pm line 594.
    # Subroutine writeCentralDirectory redefined at /usr/share/perl5/Archive/Zip/Archive.pm line 690.
    # Subroutine read redefined at /usr/share/perl5/Archive/Zip/Archive.pm line 722.
    # Subroutine readFromFileHandle redefined at /usr/share/perl5/Archive/Zip/Archive.pm line 737.
    # Subroutine _readEndOfCentralDirectory redefined at /usr/share/perl5/Archive/Zip/Archive.pm line 832.
    # Subroutine _findEndOfCentralDirectory redefined at /usr/share/perl5/Archive/Zip/Archive.pm line 1022.
    # Subroutine _untaintDir redefined at /usr/share/perl5/Archive/Zip/Archive.pm line 1065.
    # Subroutine addTree redefined at /usr/share/perl5/Archive/Zip/Archive.pm line 1071.
    # Subroutine addTreeMatching redefined at /usr/share/perl5/Archive/Zip/Archive.pm line 1146.
    # Subroutine _extractionNameIsSafe redefined at /usr/share/perl5/Archive/Zip/Archive.pm line 1177.
    # Subroutine extractTree redefined at /usr/share/perl5/Archive/Zip/Archive.pm line 1206.
    # Subroutine updateMember redefined at /usr/share/perl5/Archive/Zip/Archive.pm line 1246.
    # Subroutine updateTree redefined at /usr/share/perl5/Archive/Zip/Archive.pm line 1317.
    ok 1 - /usr/bin/perl -wc /usr/share/perl5/Archive/Zip/Archive.pm exited successfully
    ok 2 - /usr/bin/perl -wc /usr/share/perl5/Archive/Zip/BufferedFileHandle.pm exited successfully
    # Subroutine _newNamed redefined at /usr/share/perl5/Archive/Zip/DirectoryMember.pm line 18.
    # Subroutine externalFileName redefined at /usr/share/perl5/Archive/Zip/DirectoryMember.pm line 50.
    # Subroutine isDirectory redefined at /usr/share/perl5/Archive/Zip/DirectoryMember.pm line 54.
    # Subroutine extractToFileNamed redefined at /usr/share/perl5/Archive/Zip/DirectoryMember.pm line 58.
    # Subroutine fileName redefined at /usr/share/perl5/Archive/Zip/DirectoryMember.pm line 67.
    # Subroutine contents redefined at /usr/share/perl5/Archive/Zip/DirectoryMember.pm line 76.
    ok 3 - /usr/bin/perl -wc /usr/share/perl5/Archive/Zip/DirectoryMember.pm exited successfully
    # Subroutine externalFileName redefined at /usr/share/perl5/Archive/Zip/FileMember.pm line 15.
    # Subroutine _usesFileNamed redefined at /usr/share/perl5/Archive/Zip/FileMember.pm line 20.
    # Subroutine fh redefined at /usr/share/perl5/Archive/Zip/FileMember.pm line 28.
    # Subroutine _openFile redefined at /usr/share/perl5/Archive/Zip/FileMember.pm line 36.
    # Subroutine endRead redefined at /usr/share/perl5/Archive/Zip/FileMember.pm line 49.
    # Subroutine _become redefined at /usr/share/perl5/Archive/Zip/FileMember.pm line 55.
    ok 4 - /usr/bin/perl -wc /usr/share/perl5/Archive/Zip/FileMember.pm exited successfully
    # Constant subroutine Archive::Zip::Member::DEFAULT_DIRECTORY_PERMISSIONS redefined at /usr/share/perl/5.30/constant.pm line 171.
    # Constant subroutine Archive::Zip::Member::DEFAULT_FILE_PERMISSIONS redefined at /usr/share/perl/5.30/constant.pm line 171.
    # Constant subroutine Archive::Zip::Member::DIRECTORY_ATTRIB redefined at /usr/share/perl/5.30/constant.pm line 171.
    # Constant subroutine Archive::Zip::Member::FILE_ATTRIB redefined at /usr/share/perl/5.30/constant.pm line 171.
    # Constant subroutine Archive::Zip::Member::OS_SUPPORTS_SYMLINK redefined at /usr/share/perl/5.30/constant.pm line 171.
    # Subroutine _newFromZipFile redefined at /usr/share/perl5/Archive/Zip/Member.pm line 45.
    # Subroutine newFromString redefined at /usr/share/perl5/Archive/Zip/Member.pm line 51.
    # Subroutine newFromFile redefined at /usr/share/perl5/Archive/Zip/Member.pm line 67.
    # Subroutine newDirectoryNamed redefined at /usr/share/perl5/Archive/Zip/Member.pm line 83.
    # Subroutine new redefined at /usr/share/perl5/Archive/Zip/Member.pm line 99.
    # Subroutine _become redefined at /usr/share/perl5/Archive/Zip/Member.pm line 142.
    # Subroutine fileAttributeFormat redefined at /usr/share/perl5/Archive/Zip/Member.pm line 146.
    # Subroutine zip64 redefined at /usr/share/perl5/Archive/Zip/Member.pm line 157.
    # Subroutine desiredZip64Mode redefined at /usr/share/perl5/Archive/Zip/Member.pm line 161.
    # Subroutine versionMadeBy redefined at /usr/share/perl5/Archive/Zip/Member.pm line 171.
    # Subroutine versionNeededToExtract redefined at /usr/share/perl5/Archive/Zip/Member.pm line 175.
    # Subroutine bitFlag redefined at /usr/share/perl5/Archive/Zip/Member.pm line 179.
    # Subroutine password redefined at /usr/share/perl5/Archive/Zip/Member.pm line 203.
    # Subroutine compressionMethod redefined at /usr/share/perl5/Archive/Zip/Member.pm line 209.
    # Subroutine desiredCompressionMethod redefined at /usr/share/perl5/Archive/Zip/Member.pm line 213.
    # Subroutine desiredCompressionLevel redefined at /usr/share/perl5/Archive/Zip/Member.pm line 231.
    # Subroutine fileName redefined at /usr/share/perl5/Archive/Zip/Member.pm line 247.
    # Subroutine fileNameAsBytes redefined at /usr/share/perl5/Archive/Zip/Member.pm line 257.
    # Subroutine lastModFileDateTime redefined at /usr/share/perl5/Archive/Zip/Member.pm line 266.
    # Subroutine lastModTime redefined at /usr/share/perl5/Archive/Zip/Member.pm line 272.
    # Subroutine setLastModFileDateTimeFromUnix redefined at /usr/share/perl5/Archive/Zip/Member.pm line 277.
    # Subroutine internalFileAttributes redefined at /usr/share/perl5/Archive/Zip/Member.pm line 283.
    # Subroutine externalFileAttributes redefined at /usr/share/perl5/Archive/Zip/Member.pm line 287.
    # Subroutine _mapPermissionsFromUnix redefined at /usr/share/perl5/Archive/Zip/Member.pm line 293.
    # Subroutine _mapPermissionsToUnix redefined at /usr/share/perl5/Archive/Zip/Member.pm line 319.
    # Subroutine unixFileAttributes redefined at /usr/share/perl5/Archive/Zip/Member.pm line 391.
    # Subroutine localExtraField redefined at /usr/share/perl5/Archive/Zip/Member.pm line 413.
    # Subroutine cdExtraField redefined at /usr/share/perl5/Archive/Zip/Member.pm line 436.
    # Subroutine extraFields redefined at /usr/share/perl5/Archive/Zip/Member.pm line 459.
    # Subroutine fileComment redefined at /usr/share/perl5/Archive/Zip/Member.pm line 464.
    # Subroutine hasDataDescriptor redefined at /usr/share/perl5/Archive/Zip/Member.pm line 477.
    # Subroutine crc32 redefined at /usr/share/perl5/Archive/Zip/Member.pm line 490.
    # Subroutine crc32String redefined at /usr/share/perl5/Archive/Zip/Member.pm line 494.
    # Subroutine compressedSize redefined at /usr/share/perl5/Archive/Zip/Member.pm line 498.
    # Subroutine uncompressedSize redefined at /usr/share/perl5/Archive/Zip/Member.pm line 502.
    # Subroutine isEncrypted redefined at /usr/share/perl5/Archive/Zip/Member.pm line 506.
    # Subroutine isTextFile redefined at /usr/share/perl5/Archive/Zip/Member.pm line 510.
    # Subroutine isBinaryFile redefined at /usr/share/perl5/Archive/Zip/Member.pm line 522.
    # Subroutine extractToFileNamed redefined at /usr/share/perl5/Archive/Zip/Member.pm line 534.
    # Subroutine mkpath_win32 redefined at /usr/share/perl5/Archive/Zip/Member.pm line 576.
    # Subroutine isSymbolicLink redefined at /usr/share/perl5/Archive/Zip/Member.pm line 589.
    # Subroutine isDirectory redefined at /usr/share/perl5/Archive/Zip/Member.pm line 593.
    # Subroutine externalFileName redefined at /usr/share/perl5/Archive/Zip/Member.pm line 597.
    # Subroutine _extractZip64ExtraField redefined at /usr/share/perl5/Archive/Zip/Member.pm line 616.
    # Subroutine _writeOffset redefined at /usr/share/perl5/Archive/Zip/Member.pm line 718.
    # Subroutine _readOffset redefined at /usr/share/perl5/Archive/Zip/Member.pm line 722.
    # Subroutine writeLocalHeaderRelativeOffset redefined at /usr/share/perl5/Archive/Zip/Member.pm line 726.
    # Subroutine wasWritten redefined at /usr/share/perl5/Archive/Zip/Member.pm line 731.
    # Subroutine _dataEnded redefined at /usr/share/perl5/Archive/Zip/Member.pm line 735.
    # Subroutine _readDataRemaining redefined at /usr/share/perl5/Archive/Zip/Member.pm line 739.
    # Subroutine _inflater redefined at /usr/share/perl5/Archive/Zip/Member.pm line 743.
    # Subroutine _deflater redefined at /usr/share/perl5/Archive/Zip/Member.pm line 747.
    # Subroutine _dosToUnixTime redefined at /usr/share/perl5/Archive/Zip/Member.pm line 761.
    # Subroutine _unixToDosTime redefined at /usr/share/perl5/Archive/Zip/Member.pm line 786.
    # Subroutine _writeLocalFileHeader redefined at /usr/share/perl5/Archive/Zip/Member.pm line 809.
    # Subroutine _refreshLocalFileHeader redefined at /usr/share/perl5/Archive/Zip/Member.pm line 927.
    # Subroutine _writeCentralDirectoryFileHeader redefined at /usr/share/perl5/Archive/Zip/Member.pm line 946.
    # Subroutine _writeDataDescriptor redefined at /usr/share/perl5/Archive/Zip/Member.pm line 1072.
    # Subroutine readChunk redefined at /usr/share/perl5/Archive/Zip/Member.pm line 1102.
    # Subroutine _readRawChunk redefined at /usr/share/perl5/Archive/Zip/Member.pm line 1140.
    # Subroutine _noChunk redefined at /usr/share/perl5/Archive/Zip/Member.pm line 1147.
    # Subroutine _copyChunk redefined at /usr/share/perl5/Archive/Zip/Member.pm line 1154.
    # Subroutine _deflateChunk redefined at /usr/share/perl5/Archive/Zip/Member.pm line 1160.
    # Subroutine _inflateChunk redefined at /usr/share/perl5/Archive/Zip/Member.pm line 1181.
    # Subroutine rewindData redefined at /usr/share/perl5/Archive/Zip/Member.pm line 1196.
    # Subroutine endRead redefined at /usr/share/perl5/Archive/Zip/Member.pm line 1253.
    # Subroutine readIsDone redefined at /usr/share/perl5/Archive/Zip/Member.pm line 1262.
    # Subroutine contents redefined at /usr/share/perl5/Archive/Zip/Member.pm line 1267.
    # Subroutine extractToFileHandle redefined at /usr/share/perl5/Archive/Zip/Member.pm line 1315.
    # Subroutine _writeToFileHandle redefined at /usr/share/perl5/Archive/Zip/Member.pm line 1332.
    # Subroutine _writeData redefined at /usr/share/perl5/Archive/Zip/Member.pm line 1396.
    # Subroutine _usesFileNamed redefined at /usr/share/perl5/Archive/Zip/Member.pm line 1426.
    # Subroutine _crc32 redefined at /usr/share/perl5/Archive/Zip/Member.pm line 1503.
    # Subroutine _revbe redefined at /usr/share/perl5/Archive/Zip/Member.pm line 1508.
    # Subroutine _update_keys redefined at /usr/share/perl5/Archive/Zip/Member.pm line 1516.
    # Subroutine _zdecode redefined at /usr/share/perl5/Archive/Zip/Member.pm line 1525.
    # Subroutine _decode redefined at /usr/share/perl5/Archive/Zip/Member.pm line 1532.
    ok 5 - /usr/bin/perl -wc /usr/share/perl5/Archive/Zip/Member.pm exited successfully
    ok 6 - /usr/bin/perl -wc /usr/share/perl5/Archive/Zip/MemberRead.pm exited successfully
    ok 7 - /usr/bin/perl -wc /usr/share/perl5/Archive/Zip/MockFileHandle.pm exited successfully
    # Subroutine _newFromFileNamed redefined at /usr/share/perl5/Archive/Zip/NewFileMember.pm line 18.
    # Subroutine rewindData redefined at /usr/share/perl5/Archive/Zip/NewFileMember.pm line 41.
    # Subroutine _readRawChunk redefined at /usr/share/perl5/Archive/Zip/NewFileMember.pm line 57.
    # Subroutine extractToFileNamed redefined at /usr/share/perl5/Archive/Zip/NewFileMember.pm line 66.
    ok 8 - /usr/bin/perl -wc /usr/share/perl5/Archive/Zip/NewFileMember.pm exited successfully
    # Subroutine _newFromString redefined at /usr/share/perl5/Archive/Zip/StringMember.pm line 18.
    # Subroutine _become redefined at /usr/share/perl5/Archive/Zip/StringMember.pm line 32.
    # Subroutine contents redefined at /usr/share/perl5/Archive/Zip/StringMember.pm line 42.
    # Subroutine _readRawChunk redefined at /usr/share/perl5/Archive/Zip/StringMember.pm line 58.
    ok 9 - /usr/bin/perl -wc /usr/share/perl5/Archive/Zip/StringMember.pm exited successfully
    ok 10 - /usr/bin/perl -wc /usr/share/perl5/Archive/Zip/Tree.pm exited successfully
    # Subroutine _newFromZipFile redefined at /usr/share/perl5/Archive/Zip/ZipFileMember.pm line 21.
    # Subroutine isDirectory redefined at /usr/share/perl5/Archive/Zip/ZipFileMember.pm line 42.
    # Subroutine _seekToLocalHeader redefined at /usr/share/perl5/Archive/Zip/ZipFileMember.pm line 53.
    # Subroutine _become redefined at /usr/share/perl5/Archive/Zip/ZipFileMember.pm line 96.
    # Subroutine diskNumberStart redefined at /usr/share/perl5/Archive/Zip/ZipFileMember.pm line 121.
    # Subroutine localHeaderRelativeOffset redefined at /usr/share/perl5/Archive/Zip/ZipFileMember.pm line 125.
    # Subroutine dataOffset redefined at /usr/share/perl5/Archive/Zip/ZipFileMember.pm line 129.
    # Subroutine _skipLocalFileHeader redefined at /usr/share/perl5/Archive/Zip/ZipFileMember.pm line 135.
    # Subroutine _readLocalFileHeader redefined at /usr/share/perl5/Archive/Zip/ZipFileMember.pm line 223.
    # Subroutine _readDataDescriptor redefined at /usr/share/perl5/Archive/Zip/ZipFileMember.pm line 305.
    # Subroutine _readCentralDirectoryFileHeader redefined at /usr/share/perl5/Archive/Zip/ZipFileMember.pm line 367.
    # Subroutine rewindData redefined at /usr/share/perl5/Archive/Zip/ZipFileMember.pm line 437.
    # Subroutine _readRawChunk redefined at /usr/share/perl5/Archive/Zip/ZipFileMember.pm line 467.
    ok 11 - /usr/bin/perl -wc /usr/share/perl5/Archive/Zip/ZipFileMember.pm exited successfully
    ok 12 - /usr/bin/perl -wc /usr/share/perl5/Archive/Zip.pm exited successfully
ok 4 - all modules in libarchive-zip-perl pass the syntax check
ok
All tests successful.
Files=1, Tests=4, 11 wallclock secs ( 0.29 usr  0.07 sys +  8.79 cusr  2.12 csys = 11.27 CPU)
Result: PASS
autopkgtest: DBG: testbed command exited with code 0
autopkgtest [17:53:02]: test autodep8-perl-recommends: -----------------------]
autopkgtest: DBG: testbed executing test finished with exit status 0
autopkgtest: DBG: sending command to testbed: copyup /tmp/autopkgtest.W9cngJ/autodep8-perl-recommends-stdout /home/minami/Documents/openkylin-riscv/test/libarchive-zip-perl/autodep8-perl-recommends-stdout
autopkgtest-virt-qemu: DBG: executing copyup /tmp/autopkgtest.W9cngJ/autodep8-perl-recommends-stdout /home/minami/Documents/openkylin-riscv/test/libarchive-zip-perl/autodep8-perl-recommends-stdout
autopkgtest-virt-qemu: DBG: ['cmdls', "(['/tmp/autopkgtest-qemu.x3t7ap3_/runcmd', 'sh', '-ec', 'cat </tmp/autopkgtest.W9cngJ/autodep8-perl-recommends-stdout'], ['cat'])"]
autopkgtest-virt-qemu: DBG: ['srcstdin', "<_io.BufferedReader name='/dev/null'>", 'deststdout', "<_io.BufferedWriter name='/home/minami/Documents/openkylin-riscv/test/libarchive-zip-perl/autodep8-perl-recommends-stdout'>", 'devnull_read', <_io.BufferedReader name='/dev/null'>]
autopkgtest-virt-qemu: DBG:  +< /tmp/autopkgtest-qemu.x3t7ap3_/runcmd sh -ec cat </tmp/autopkgtest.W9cngJ/autodep8-perl-recommends-stdout
autopkgtest-virt-qemu: DBG:  +> cat
autopkgtest-virt-qemu: DBG:  +>?
autopkgtest-virt-qemu: DBG:  +<?
autopkgtest: DBG: got reply from testbed: ok
autopkgtest: DBG: sending command to testbed: copyup /tmp/autopkgtest.W9cngJ/autodep8-perl-recommends-stderr /home/minami/Documents/openkylin-riscv/test/libarchive-zip-perl/autodep8-perl-recommends-stderr
autopkgtest-virt-qemu: DBG: executing copyup /tmp/autopkgtest.W9cngJ/autodep8-perl-recommends-stderr /home/minami/Documents/openkylin-riscv/test/libarchive-zip-perl/autodep8-perl-recommends-stderr
autopkgtest-virt-qemu: DBG: ['cmdls', "(['/tmp/autopkgtest-qemu.x3t7ap3_/runcmd', 'sh', '-ec', 'cat </tmp/autopkgtest.W9cngJ/autodep8-perl-recommends-stderr'], ['cat'])"]
autopkgtest-virt-qemu: DBG: ['srcstdin', "<_io.BufferedReader name='/dev/null'>", 'deststdout', "<_io.BufferedWriter name='/home/minami/Documents/openkylin-riscv/test/libarchive-zip-perl/autodep8-perl-recommends-stderr'>", 'devnull_read', <_io.BufferedReader name='/dev/null'>]
autopkgtest-virt-qemu: DBG:  +< /tmp/autopkgtest-qemu.x3t7ap3_/runcmd sh -ec cat </tmp/autopkgtest.W9cngJ/autodep8-perl-recommends-stderr
autopkgtest-virt-qemu: DBG:  +> cat
autopkgtest-virt-qemu: DBG:  +>?
autopkgtest-virt-qemu: DBG:  +<?
autopkgtest: DBG: got reply from testbed: ok
autopkgtest [17:53:03]: test autodep8-perl-recommends:  - - - - - - - - - - results - - - - - - - - - -
autodep8-perl-recommends PASS (superficial)
autopkgtest: DBG: sending command to testbed: copyup /tmp/autopkgtest.W9cngJ/autodep8-perl-recommends-artifacts/ /home/minami/Documents/openkylin-riscv/test/libarchive-zip-perl/artifacts/
autopkgtest-virt-qemu: DBG: executing copyup /tmp/autopkgtest.W9cngJ/autodep8-perl-recommends-artifacts/ /home/minami/Documents/openkylin-riscv/test/libarchive-zip-perl/artifacts/
autopkgtest-virt-qemu: DBG: ['cmdls', "(['/tmp/autopkgtest-qemu.x3t7ap3_/runcmd', 'sh', '-ec', 'cd /tmp/autopkgtest.W9cngJ/autodep8-perl-recommends-artifacts/; tar --warning=none -c . -f -'], ['tar', '--directory', '/home/minami/Documents/openkylin-riscv/test/libarchive-zip-perl/artifacts/', '--warning=none', '--preserve-permissions', '--extract', '--no-same-owner', '-f', '-'])"]
autopkgtest-virt-qemu: DBG: ['srcstdin', "<_io.BufferedReader name='/dev/null'>", 'deststdout', "<_io.BufferedReader name='/dev/null'>", 'devnull_read', <_io.BufferedReader name='/dev/null'>]
autopkgtest-virt-qemu: DBG:  +< /tmp/autopkgtest-qemu.x3t7ap3_/runcmd sh -ec cd /tmp/autopkgtest.W9cngJ/autodep8-perl-recommends-artifacts/; tar --warning=none -c . -f -
autopkgtest-virt-qemu: DBG:  +> tar --directory /home/minami/Documents/openkylin-riscv/test/libarchive-zip-perl/artifacts/ --warning=none --preserve-permissions --extract --no-same-owner -f -
autopkgtest-virt-qemu: DBG:  +>?
autopkgtest-virt-qemu: DBG:  +<?
autopkgtest: DBG: got reply from testbed: ok
autopkgtest: DBG: testbed command ['rm', '-rf', '/tmp/autopkgtest.W9cngJ/autodep8-perl-recommends-artifacts', '/tmp/autopkgtest.W9cngJ/autopkgtest_tmp'], kind short, sout raw, serr pipe, env []
autopkgtest: DBG: testbed command exited with code 0
autopkgtest: DBG: needs_reset, previously=False, requested by run_tests() line 208
autopkgtest [17:53:04]: @@@@@@@@@@@@@@@@@@@@ summary
autodep8-perl-build-deps PASS
autodep8-perl        PASS (superficial)
autodep8-perl-recommends PASS (superficial)
autopkgtest: DBG: testbed stop
autopkgtest: DBG: testbed close, scratch=/tmp/autopkgtest.W9cngJ
autopkgtest: DBG: sending command to testbed: close
autopkgtest-virt-qemu: DBG: executing close
autopkgtest-virt-qemu: DBG: cleanup...
qemu-system-riscv64: terminating on signal 15 from pid 211155 (/usr/bin/python3)
autopkgtest: DBG: got reply from testbed: ok
autopkgtest: DBG: sending command to testbed: quit
autopkgtest-virt-qemu: DBG: executing quit
autopkgtest-virt-qemu: DBG: cleanup...
