t/00-report-prereqs.t .............. 
1..1
# 
# Versions for all modules listed in static metadata (including optional ones):
# 
# === Configure Requires ===
# 
#     Module              Want Have
#     ------------------- ---- ----
#     ExtUtils::MakeMaker  any 7.34
# 
# === Test Requires ===
# 
#     Module              Want     Have
#     ------------------- ---- --------
#     ExtUtils::MakeMaker  any     7.34
#     File::Spec           any     3.78
#     Test::More           any 1.302162
#     base                 any     2.27
# 
# === Test Recommends ===
# 
#     Module         Want     Have
#     ---------- -------- --------
#     CPAN::Meta 2.120900 2.150010
# 
# === Runtime Requires ===
# 
#     Module   Want Have
#     -------- ---- ----
#     XSLoader  any 0.30
#     strict    any 1.11
#     warnings  any 1.44
# 
# === Other Modules ===
# 
#     Module             Have
#     --------------- -------
#     Encode             3.01
#     File::Temp       0.2309
#     JSON::PP           4.02
#     Module::Runtime missing
#     Sub::Name          0.26
#     YAML            missing
#     autodie            2.29
# 
ok 1
ok
t/01_MRO.t ......................... 
1..1
Subroutine can redefined at /usr/lib/riscv64-linux-gnu/perl5/5.30/Class/C3/XS.pm line 41.
Subroutine method redefined at /usr/lib/riscv64-linux-gnu/perl5/5.30/Class/C3/XS.pm line 43.
Subroutine method redefined at /usr/lib/riscv64-linux-gnu/perl5/5.30/Class/C3/XS.pm line 51.
ok 1 - ... got the right MRO for Diamond_D
ok
t/02_MRO.t ......................... 
1..6
Subroutine can redefined at /usr/lib/riscv64-linux-gnu/perl5/5.30/Class/C3/XS.pm line 41.
Subroutine method redefined at /usr/lib/riscv64-linux-gnu/perl5/5.30/Class/C3/XS.pm line 43.
Subroutine method redefined at /usr/lib/riscv64-linux-gnu/perl5/5.30/Class/C3/XS.pm line 51.
ok 1 - ... got the right MRO for Test::F
ok 2 - ... got the right MRO for Test::E
ok 3 - ... got the right MRO for Test::D
ok 4 - ... got the right MRO for Test::C
ok 5 - ... got the right MRO for Test::B
ok 6 - ... got the right MRO for Test::A
ok
t/03_MRO.t ......................... 
1..1
Subroutine can redefined at /usr/lib/riscv64-linux-gnu/perl5/5.30/Class/C3/XS.pm line 41.
Subroutine method redefined at /usr/lib/riscv64-linux-gnu/perl5/5.30/Class/C3/XS.pm line 43.
Subroutine method redefined at /usr/lib/riscv64-linux-gnu/perl5/5.30/Class/C3/XS.pm line 51.
ok 1 - ... got the right MRO for Test::A
ok
t/04_MRO.t ......................... 
1..1
Subroutine can redefined at /usr/lib/riscv64-linux-gnu/perl5/5.30/Class/C3/XS.pm line 41.
Subroutine method redefined at /usr/lib/riscv64-linux-gnu/perl5/5.30/Class/C3/XS.pm line 43.
Subroutine method redefined at /usr/lib/riscv64-linux-gnu/perl5/5.30/Class/C3/XS.pm line 51.
ok 1 - ... got the right MRO for the Vulcan Dylan Example
ok
t/05_MRO.t ......................... 
1..1
Subroutine can redefined at /usr/lib/riscv64-linux-gnu/perl5/5.30/Class/C3/XS.pm line 41.
Subroutine method redefined at /usr/lib/riscv64-linux-gnu/perl5/5.30/Class/C3/XS.pm line 43.
Subroutine method redefined at /usr/lib/riscv64-linux-gnu/perl5/5.30/Class/C3/XS.pm line 51.
ok 1 - ... got the right MRO for ClassF
ok
t/30_next_method.t ................. 
1..4
Subroutine can redefined at /usr/lib/riscv64-linux-gnu/perl5/5.30/Class/C3/XS.pm line 41.
Subroutine method redefined at /usr/lib/riscv64-linux-gnu/perl5/5.30/Class/C3/XS.pm line 43.
Subroutine method redefined at /usr/lib/riscv64-linux-gnu/perl5/5.30/Class/C3/XS.pm line 51.
ok 1 - ... method resolved itself as expected
ok 2 - ... can(method) resolved itself as expected
ok 3 - ... can(method) resolved itself as expected
ok 4 - ... method foo resolved itself as expected
ok
t/31_next_method_skip.t ............ 
1..9
Subroutine can redefined at /usr/lib/riscv64-linux-gnu/perl5/5.30/Class/C3/XS.pm line 41.
Subroutine method redefined at /usr/lib/riscv64-linux-gnu/perl5/5.30/Class/C3/XS.pm line 43.
Subroutine method redefined at /usr/lib/riscv64-linux-gnu/perl5/5.30/Class/C3/XS.pm line 51.
ok 1 - ... skipped B and went to C correctly
ok 2 - ... skipped B & C and went to A correctly
ok 3 - ... called B method, skipped C and went to A correctly
ok 4 - ... called D method dispatched to , different method correctly
ok 5 - ... cannot re-dispatch to a method which is not there
ok 6 - ... can re-dispatch figured out correctly
ok 7 - ... cannot re-dispatch figured out correctly
ok 8 - ... redispatched D to C when it exists
ok 9 - ... quietly failed redispatch from D
ok
t/32_next_method_edge_cases.t ...... 
1..11
Subroutine can redefined at /usr/lib/riscv64-linux-gnu/perl5/5.30/Class/C3/XS.pm line 41.
Subroutine method redefined at /usr/lib/riscv64-linux-gnu/perl5/5.30/Class/C3/XS.pm line 43.
Subroutine method redefined at /usr/lib/riscv64-linux-gnu/perl5/5.30/Class/C3/XS.pm line 51.
ok 1 - An object of class 'Foo' isa 'Foo'
ok 2 - Foo->can('bar')
ok 3 - ... got the right return value
ok 4 - An object of class 'Bar' isa 'Bar'
ok 5 - An object of class 'Bar' isa 'Foo'
ok 6 - Bar->can('bar')
ok 7 - ... calling bar() succedded
ok 8 - ... got the right return value too
ok 9 - An object of class 'Baz' isa 'Baz'
ok 10 - An object of class 'Baz' isa 'Foo'
ok 11 - ... calling bar() with next::method failed
ok
t/33_next_method_used_with_NEXT.t .. 
1..4
Subroutine can redefined at /usr/lib/riscv64-linux-gnu/perl5/5.30/Class/C3/XS.pm line 41.
Subroutine method redefined at /usr/lib/riscv64-linux-gnu/perl5/5.30/Class/C3/XS.pm line 43.
Subroutine method redefined at /usr/lib/riscv64-linux-gnu/perl5/5.30/Class/C3/XS.pm line 51.
ok 1 - ... got the right value from Foo->foo
ok 2 - ... got the right value from Fuz->foo
ok 3 - ... got the right value from Bar->foo
ok 4 - ... got the right value using NEXT in a subclass of a C3 class
ok
t/34_next_method_in_eval.t ......... 
1..1
Subroutine can redefined at /usr/lib/riscv64-linux-gnu/perl5/5.30/Class/C3/XS.pm line 41.
Subroutine method redefined at /usr/lib/riscv64-linux-gnu/perl5/5.30/Class/C3/XS.pm line 43.
Subroutine method redefined at /usr/lib/riscv64-linux-gnu/perl5/5.30/Class/C3/XS.pm line 51.
ok 1 - method resolved inside eval{}
ok
t/35_next_method_in_anon.t ......... 
1..2
Subroutine can redefined at /usr/lib/riscv64-linux-gnu/perl5/5.30/Class/C3/XS.pm line 41.
Subroutine method redefined at /usr/lib/riscv64-linux-gnu/perl5/5.30/Class/C3/XS.pm line 43.
Subroutine method redefined at /usr/lib/riscv64-linux-gnu/perl5/5.30/Class/C3/XS.pm line 51.
ok 1 - method resolved inside anonymous sub
ok 2 - method resolved inside nested anonymous subs
ok
t/36_next_goto.t ................... 
1..4
Subroutine can redefined at /usr/lib/riscv64-linux-gnu/perl5/5.30/Class/C3/XS.pm line 41.
Subroutine method redefined at /usr/lib/riscv64-linux-gnu/perl5/5.30/Class/C3/XS.pm line 43.
Subroutine method redefined at /usr/lib/riscv64-linux-gnu/perl5/5.30/Class/C3/XS.pm line 51.
ok 1 - proxy next::method via goto
ok 2 - proxy maybe::next::method via goto
ok 3 - proxy maybe::next::method via goto with no method
ok 4 - proxy next::can via goto
ok
All tests successful.
Files=13, Tests=46, 15 wallclock secs ( 0.64 usr  0.29 sys + 10.14 cusr  3.75 csys = 14.82 CPU)
Result: PASS
