autopkgtest: DBG: testbed init
autopkgtest [11:08:01]: starting date and time: 2023-02-15 11:08:01+0800
autopkgtest [11:08:01]: version 5.28
autopkgtest [11:08:01]: host debian; command line: /usr/bin/autopkgtest /home/minami/Documents/openkylin-riscv/src/libical3_3.0.8-ok1.dsc -o /home/minami/Documents/openkylin-riscv/test/libical3 -d -B -- qemu -u root -p openkylin --qemu-architecture=riscv64 -c 8 --ram-size=8192 -d '--qemu-options=-machine virt -kernel /home/minami/Documents/ukylin/u-boot.bin' /home/minami/Documents/openkylin-riscv/testing.qcow2
autopkgtest: DBG: got reply from testbed: ok
autopkgtest: DBG: testbed open, scratch=None
autopkgtest: DBG: sending command to testbed: open
autopkgtest-virt-qemu: DBG: executing open
autopkgtest-virt-qemu: DBG: find_free_port: trying 10022
autopkgtest-virt-qemu: DBG: find_free_port: 10022 is free
autopkgtest-virt-qemu: DBG: autopkgtest does not know how to boot this machine, hopefully nothing special needs to be done?
autopkgtest-virt-qemu: DBG: qemu architecture: riscv64
autopkgtest-virt-qemu: DBG: qemu command: qemu-system-riscv64
autopkgtest-virt-qemu: DBG: execute-timeout: qemu-img info --output=json /home/minami/Documents/openkylin-riscv/testing.qcow2
autopkgtest-virt-qemu: DBG: Creating temporary overlay image in /tmp/autopkgtest-qemu.osphywfq/overlay.img
autopkgtest-virt-qemu: DBG: execute-timeout: qemu-img create -f qcow2 -F qcow2 -b /home/minami/Documents/openkylin-riscv/testing.qcow2 /tmp/autopkgtest-qemu.osphywfq/overlay.img
autopkgtest-virt-qemu: DBG: Forwarding local port 10022 to VM ssh port 22
autopkgtest-virt-qemu: DBG: Assuming nothing special needs to be done to set up firmware to boot this machine (boot method: none)
autopkgtest-virt-qemu: DBG: full qemu command-line: ['qemu-system-riscv64', '-m', '8192', '-smp', '8', '-nographic', '-device', 'virtio-net-device,netdev=usernet', '-netdev', 'user,id=usernet,hostfwd=tcp:127.0.0.1:10022-:22', '-object', 'rng-random,filename=/dev/urandom,id=rng0', '-device', 'virtio-rng-pci,rng=rng0,id=rng-device0', '-monitor', 'unix:/tmp/autopkgtest-qemu.osphywfq/monitor,server=on,wait=off', '-virtfs', 'local,id=autopkgtest,path=/tmp/autopkgtest-qemu.osphywfq/shared,security_model=none,mount_tag=autopkgtest', '-device', 'virtio-serial', '-chardev', 'socket,path=/tmp/autopkgtest-qemu.osphywfq/hvc0,server=on,wait=off,id=hvc0', '-device', 'virtconsole,chardev=hvc0', '-chardev', 'socket,path=/tmp/autopkgtest-qemu.osphywfq/hvc1,server=on,wait=off,id=hvc1', '-device', 'virtconsole,chardev=hvc1', '-serial', 'unix:/tmp/autopkgtest-qemu.osphywfq/ttyS0,server=on,wait=off', '-drive', 'index=0,file=/tmp/autopkgtest-qemu.osphywfq/overlay.img,format=qcow2,cache=unsafe,if=virtio,discard=unmap', '-machine', 'virt', '-kernel', '/home/minami/Documents/ukylin/u-boot.bin']
autopkgtest-virt-qemu: DBG: expect: b' login: '
autopkgtest-virt-qemu: DBG: expect: found "'login prompt on serial console'"
autopkgtest-virt-qemu: DBG: expect: b'ok'
autopkgtest-virt-qemu: DBG: expect: found "b'ok'"
autopkgtest-virt-qemu: DBG: setup_shell(): there already is a shell on hvc1
qemu-system-riscv64: warning: 9p: degraded performance: a reasonable high msize should be chosen on client/guest side (chosen msize is <= 8192). See https://wiki.qemu.org/Documentation/9psetup#msize for details.
autopkgtest-virt-qemu: DBG: expect: b'82b3ed47-4dc7-40c3-9121-5527de322118[1]'
autopkgtest-virt-qemu: DBG: expect: found "b'82b3ed47-4dc7-40c3-9121-5527de322118[1]'"
autopkgtest-virt-qemu: DBG: expect: b'82b3ed47-4dc7-40c3-9121-5527de322118[2]'
autopkgtest-virt-qemu: DBG: expect: found "b'82b3ed47-4dc7-40c3-9121-5527de322118[2]'"
autopkgtest-virt-qemu: DBG: expect: b'82b3ed47-4dc7-40c3-9121-5527de322118[3]'
autopkgtest-virt-qemu: DBG: expect: found "b'82b3ed47-4dc7-40c3-9121-5527de322118[3]'"
autopkgtest-virt-qemu: DBG: expect: b'/python'
autopkgtest-virt-qemu: DBG: expect: found "b'/python'"
autopkgtest-virt-qemu: DBG: expect: b'# '
autopkgtest-virt-qemu: DBG: expect: found "b'# '"
autopkgtest-virt-qemu: DBG: expect: b'82b3ed47-4dc7-40c3-9121-5527de322118[4]'
autopkgtest-virt-qemu: DBG: expect: found "b'82b3ed47-4dc7-40c3-9121-5527de322118[4]'"
autopkgtest-virt-qemu: DBG: execute-timeout: /tmp/autopkgtest-qemu.osphywfq/runcmd true
autopkgtest-virt-qemu: DBG: can connect to autopkgtest sh in VM
autopkgtest-virt-qemu: DBG: expect: b'82b3ed47-4dc7-40c3-9121-5527de322118[5]'
autopkgtest-virt-qemu: DBG: expect: found "b'82b3ed47-4dc7-40c3-9121-5527de322118[5]'"
autopkgtest-virt-qemu: DBG: determine_normal_user: got user "openkylin"
autopkgtest-virt-qemu: DBG: auxverb = ['/tmp/autopkgtest-qemu.osphywfq/runcmd'], downtmp = None
autopkgtest-virt-qemu: DBG: execute-timeout: /tmp/autopkgtest-qemu.osphywfq/runcmd mktemp --directory --tmpdir autopkgtest.XXXXXX
autopkgtest-virt-qemu: DBG: execute-timeout: /tmp/autopkgtest-qemu.osphywfq/runcmd chmod 1777 /tmp/autopkgtest.lCCRq8
autopkgtest: DBG: got reply from testbed: ok /tmp/autopkgtest.lCCRq8
autopkgtest: DBG: sending command to testbed: print-execute-command
autopkgtest-virt-qemu: DBG: executing print-execute-command
autopkgtest: DBG: got reply from testbed: ok /tmp/autopkgtest-qemu.osphywfq/runcmd
autopkgtest: DBG: sending command to testbed: capabilities
autopkgtest-virt-qemu: DBG: executing capabilities
autopkgtest: DBG: got reply from testbed: ok isolation-machine reboot revert revert-full-system root-on-testbed suggested-normal-user=openkylin
autopkgtest: DBG: testbed capabilities: ['isolation-machine', 'reboot', 'revert', 'revert-full-system', 'root-on-testbed', 'suggested-normal-user=openkylin', 'has_internet']
autopkgtest: DBG: testbed command ['mkdir', '-p', '/tmp/autopkgtest.lCCRq8'], kind short, sout raw, serr pipe, env []
autopkgtest: DBG: testbed command exited with code 0
autopkgtest: DBG: sending command to testbed: copydown /usr/share/autopkgtest/lib/in-testbed/wrapper.sh /tmp/autopkgtest.lCCRq8/wrapper.sh
autopkgtest-virt-qemu: DBG: executing copydown /usr/share/autopkgtest/lib/in-testbed/wrapper.sh /tmp/autopkgtest.lCCRq8/wrapper.sh
autopkgtest-virt-qemu: DBG: ['cmdls', "(['cat'], ['/tmp/autopkgtest-qemu.osphywfq/runcmd', 'sh', '-ec', 'cat >/tmp/autopkgtest.lCCRq8/wrapper.sh; chmod +x -- /tmp/autopkgtest.lCCRq8/wrapper.sh'])"]
autopkgtest-virt-qemu: DBG: ['srcstdin', "<_io.BufferedReader name='/usr/share/autopkgtest/lib/in-testbed/wrapper.sh'>", 'deststdout', "<_io.BufferedReader name='/dev/null'>", 'devnull_read', <_io.BufferedReader name='/dev/null'>]
autopkgtest-virt-qemu: DBG:  +< cat
autopkgtest-virt-qemu: DBG:  +> /tmp/autopkgtest-qemu.osphywfq/runcmd sh -ec cat >/tmp/autopkgtest.lCCRq8/wrapper.sh; chmod +x -- /tmp/autopkgtest.lCCRq8/wrapper.sh
autopkgtest-virt-qemu: DBG:  +>?
autopkgtest-virt-qemu: DBG:  +<?
autopkgtest: DBG: got reply from testbed: ok
autopkgtest: DBG: testbed command ['chmod', '-R', '0755', '--', '/tmp/autopkgtest.lCCRq8/wrapper.sh'], kind short, sout raw, serr pipe, env []
autopkgtest: DBG: testbed command exited with code 0
autopkgtest: DBG: testbed command ['dpkg', '--print-architecture'], kind short, sout pipe, serr pipe, env []
autopkgtest: DBG: testbed command exited with code 0
autopkgtest [11:08:48]: testbed dpkg architecture: riscv64
autopkgtest: DBG: testbed command ['sh', '-ec', 'command -v eatmydata'], kind short, sout pipe, serr pipe, env []
autopkgtest: DBG: testbed command exited with code 127
autopkgtest: DBG: testbed command ['sh', '-ec', 'command -v dpkg-query'], kind short, sout pipe, serr pipe, env []
autopkgtest: DBG: testbed command exited with code 0
autopkgtest: DBG: testbed command ['sh', '-ec', "dpkg-query --show -f '${Package}\\t${Version}\\n' > /tmp/autopkgtest.lCCRq8/testbed-packages"], kind short, sout raw, serr pipe, env []
autopkgtest: DBG: testbed command exited with code 0
autopkgtest: DBG: sending command to testbed: copyup /tmp/autopkgtest.lCCRq8/testbed-packages /home/minami/Documents/openkylin-riscv/test/libical3/testbed-packages
autopkgtest-virt-qemu: DBG: executing copyup /tmp/autopkgtest.lCCRq8/testbed-packages /home/minami/Documents/openkylin-riscv/test/libical3/testbed-packages
autopkgtest-virt-qemu: DBG: ['cmdls', "(['/tmp/autopkgtest-qemu.osphywfq/runcmd', 'sh', '-ec', 'cat </tmp/autopkgtest.lCCRq8/testbed-packages'], ['cat'])"]
autopkgtest-virt-qemu: DBG: ['srcstdin', "<_io.BufferedReader name='/dev/null'>", 'deststdout', "<_io.BufferedWriter name='/home/minami/Documents/openkylin-riscv/test/libical3/testbed-packages'>", 'devnull_read', <_io.BufferedReader name='/dev/null'>]
autopkgtest-virt-qemu: DBG:  +< /tmp/autopkgtest-qemu.osphywfq/runcmd sh -ec cat </tmp/autopkgtest.lCCRq8/testbed-packages
autopkgtest-virt-qemu: DBG:  +> cat
autopkgtest-virt-qemu: DBG:  +>?
autopkgtest-virt-qemu: DBG:  +<?
autopkgtest: DBG: got reply from testbed: ok
autopkgtest: DBG: testbed supports reboot, creating /tmp/autopkgtest-reboot
autopkgtest: DBG: testbed command ['mkdir', '-p', '/tmp/autopkgtest.lCCRq8'], kind short, sout raw, serr pipe, env []
autopkgtest: DBG: testbed command exited with code 0
autopkgtest: DBG: sending command to testbed: copydown /usr/share/autopkgtest/lib/in-testbed/reboot.sh /tmp/autopkgtest.lCCRq8/autopkgtest-reboot
autopkgtest-virt-qemu: DBG: executing copydown /usr/share/autopkgtest/lib/in-testbed/reboot.sh /tmp/autopkgtest.lCCRq8/autopkgtest-reboot
autopkgtest-virt-qemu: DBG: ['cmdls', "(['cat'], ['/tmp/autopkgtest-qemu.osphywfq/runcmd', 'sh', '-ec', 'cat >/tmp/autopkgtest.lCCRq8/autopkgtest-reboot; chmod +x -- /tmp/autopkgtest.lCCRq8/autopkgtest-reboot'])"]
autopkgtest-virt-qemu: DBG: ['srcstdin', "<_io.BufferedReader name='/usr/share/autopkgtest/lib/in-testbed/reboot.sh'>", 'deststdout', "<_io.BufferedReader name='/dev/null'>", 'devnull_read', <_io.BufferedReader name='/dev/null'>]
autopkgtest-virt-qemu: DBG:  +< cat
autopkgtest-virt-qemu: DBG:  +> /tmp/autopkgtest-qemu.osphywfq/runcmd sh -ec cat >/tmp/autopkgtest.lCCRq8/autopkgtest-reboot; chmod +x -- /tmp/autopkgtest.lCCRq8/autopkgtest-reboot
autopkgtest-virt-qemu: DBG:  +>?
autopkgtest-virt-qemu: DBG:  +<?
autopkgtest: DBG: got reply from testbed: ok
autopkgtest: DBG: testbed command ['chmod', '-R', '0755', '--', '/tmp/autopkgtest.lCCRq8/autopkgtest-reboot'], kind short, sout raw, serr pipe, env []
autopkgtest: DBG: testbed command exited with code 0
autopkgtest: DBG: testbed command ['ln', '-fns', '/tmp/autopkgtest.lCCRq8/autopkgtest-reboot', '/tmp/autopkgtest-reboot'], kind short, sout raw, serr pipe, env []
autopkgtest: DBG: testbed command exited with code 0
autopkgtest: DBG: testbed command ['ln', '-fns', '/tmp/autopkgtest.lCCRq8/autopkgtest-reboot', '/sbin/autopkgtest-reboot'], kind short, sout raw, serr pipe, env []
autopkgtest: DBG: testbed command exited with code 0
autopkgtest: DBG: testbed command ['mkdir', '-p', '/tmp/autopkgtest.lCCRq8'], kind short, sout raw, serr pipe, env []
autopkgtest: DBG: testbed command exited with code 0
autopkgtest: DBG: sending command to testbed: copydown /usr/share/autopkgtest/lib/in-testbed/reboot-prepare.sh /tmp/autopkgtest.lCCRq8/autopkgtest-reboot-prepare
autopkgtest-virt-qemu: DBG: executing copydown /usr/share/autopkgtest/lib/in-testbed/reboot-prepare.sh /tmp/autopkgtest.lCCRq8/autopkgtest-reboot-prepare
autopkgtest-virt-qemu: DBG: ['cmdls', "(['cat'], ['/tmp/autopkgtest-qemu.osphywfq/runcmd', 'sh', '-ec', 'cat >/tmp/autopkgtest.lCCRq8/autopkgtest-reboot-prepare; chmod +x -- /tmp/autopkgtest.lCCRq8/autopkgtest-reboot-prepare'])"]
autopkgtest-virt-qemu: DBG: ['srcstdin', "<_io.BufferedReader name='/usr/share/autopkgtest/lib/in-testbed/reboot-prepare.sh'>", 'deststdout', "<_io.BufferedReader name='/dev/null'>", 'devnull_read', <_io.BufferedReader name='/dev/null'>]
autopkgtest-virt-qemu: DBG:  +< cat
autopkgtest-virt-qemu: DBG:  +> /tmp/autopkgtest-qemu.osphywfq/runcmd sh -ec cat >/tmp/autopkgtest.lCCRq8/autopkgtest-reboot-prepare; chmod +x -- /tmp/autopkgtest.lCCRq8/autopkgtest-reboot-prepare
autopkgtest-virt-qemu: DBG:  +>?
autopkgtest-virt-qemu: DBG:  +<?
autopkgtest: DBG: got reply from testbed: ok
autopkgtest: DBG: testbed command ['chmod', '-R', '0755', '--', '/tmp/autopkgtest.lCCRq8/autopkgtest-reboot-prepare'], kind short, sout raw, serr pipe, env []
autopkgtest: DBG: testbed command exited with code 0
autopkgtest: DBG: testbed command ['ln', '-fns', '/tmp/autopkgtest.lCCRq8/autopkgtest-reboot-prepare', '/tmp/autopkgtest-reboot-prepare'], kind short, sout raw, serr pipe, env []
autopkgtest: DBG: testbed command exited with code 0
autopkgtest: DBG: testbed command ['uname', '-srv'], kind short, sout pipe, serr pipe, env []
autopkgtest: DBG: testbed command exited with code 0
autopkgtest [11:08:55]: testbed running kernel: Linux 5.11.0-1030-generic #34 SMP Fri Mar 11 15:27:17 CST 2022
autopkgtest: DBG: testbed command ['sh', '-c', 'nproc; cat /proc/cpuinfo 2>/dev/null || true'], kind short, sout pipe, serr pipe, env []
autopkgtest: DBG: testbed command exited with code 0
autopkgtest: DBG: Binaries: initialising
autopkgtest [11:08:55]: @@@@@@@@@@@@@@@@@@@@ source /home/minami/Documents/openkylin-riscv/src/libical3_3.0.8-ok1.dsc
autopkgtest: DBG: blame += /home/minami/Documents/openkylin-riscv/src/libical3_3.0.8-ok1.dsc
autopkgtest: DBG: testbed reset: modified=False, deps_installed=[], deps_new=[]
autopkgtest: DBG: testbed command ['mkdir', '-p', '/tmp/autopkgtest.lCCRq8'], kind short, sout raw, serr pipe, env []
autopkgtest: DBG: testbed command exited with code 0
autopkgtest: DBG: sending command to testbed: copydown /home/minami/Documents/openkylin-riscv/src/libical3_3.0.8-ok1.dsc /tmp/autopkgtest.lCCRq8/libical3_3.0.8-ok1.dsc
autopkgtest-virt-qemu: DBG: executing copydown /home/minami/Documents/openkylin-riscv/src/libical3_3.0.8-ok1.dsc /tmp/autopkgtest.lCCRq8/libical3_3.0.8-ok1.dsc
autopkgtest-virt-qemu: DBG: ['cmdls', "(['cat'], ['/tmp/autopkgtest-qemu.osphywfq/runcmd', 'sh', '-ec', 'cat >/tmp/autopkgtest.lCCRq8/libical3_3.0.8-ok1.dsc'])"]
autopkgtest-virt-qemu: DBG: ['srcstdin', "<_io.BufferedReader name='/home/minami/Documents/openkylin-riscv/src/libical3_3.0.8-ok1.dsc'>", 'deststdout', "<_io.BufferedReader name='/dev/null'>", 'devnull_read', <_io.BufferedReader name='/dev/null'>]
autopkgtest-virt-qemu: DBG:  +< cat
autopkgtest-virt-qemu: DBG:  +> /tmp/autopkgtest-qemu.osphywfq/runcmd sh -ec cat >/tmp/autopkgtest.lCCRq8/libical3_3.0.8-ok1.dsc
autopkgtest-virt-qemu: DBG:  +>?
autopkgtest-virt-qemu: DBG:  +<?
autopkgtest: DBG: got reply from testbed: ok
autopkgtest: DBG: testbed command ['chown', '-R', 'openkylin', '--', '/tmp/autopkgtest.lCCRq8/libical3_3.0.8-ok1.dsc'], kind short, sout raw, serr pipe, env []
autopkgtest: DBG: testbed command exited with code 0
autopkgtest: DBG: testbed command ['mkdir', '-p', '/tmp/autopkgtest.lCCRq8'], kind short, sout raw, serr pipe, env []
autopkgtest: DBG: testbed command exited with code 0
autopkgtest: DBG: sending command to testbed: copydown /home/minami/Documents/openkylin-riscv/src/libical3_3.0.8.orig.tar.gz /tmp/autopkgtest.lCCRq8/libical3_3.0.8.orig.tar.gz
autopkgtest-virt-qemu: DBG: executing copydown /home/minami/Documents/openkylin-riscv/src/libical3_3.0.8.orig.tar.gz /tmp/autopkgtest.lCCRq8/libical3_3.0.8.orig.tar.gz
autopkgtest-virt-qemu: DBG: ['cmdls', "(['cat'], ['/tmp/autopkgtest-qemu.osphywfq/runcmd', 'sh', '-ec', 'cat >/tmp/autopkgtest.lCCRq8/libical3_3.0.8.orig.tar.gz'])"]
autopkgtest-virt-qemu: DBG: ['srcstdin', "<_io.BufferedReader name='/home/minami/Documents/openkylin-riscv/src/libical3_3.0.8.orig.tar.gz'>", 'deststdout', "<_io.BufferedReader name='/dev/null'>", 'devnull_read', <_io.BufferedReader name='/dev/null'>]
autopkgtest-virt-qemu: DBG:  +< cat
autopkgtest-virt-qemu: DBG:  +> /tmp/autopkgtest-qemu.osphywfq/runcmd sh -ec cat >/tmp/autopkgtest.lCCRq8/libical3_3.0.8.orig.tar.gz
autopkgtest-virt-qemu: DBG:  +>?
autopkgtest-virt-qemu: DBG:  +<?
autopkgtest: DBG: got reply from testbed: ok
autopkgtest: DBG: testbed command ['chown', '-R', 'openkylin', '--', '/tmp/autopkgtest.lCCRq8/libical3_3.0.8.orig.tar.gz'], kind short, sout raw, serr pipe, env []
autopkgtest: DBG: testbed command exited with code 0
autopkgtest: DBG: testbed command ['mkdir', '-p', '/tmp/autopkgtest.lCCRq8'], kind short, sout raw, serr pipe, env []
autopkgtest: DBG: testbed command exited with code 0
autopkgtest: DBG: sending command to testbed: copydown /home/minami/Documents/openkylin-riscv/src/libical3_3.0.8-ok1.debian.tar.xz /tmp/autopkgtest.lCCRq8/libical3_3.0.8-ok1.debian.tar.xz
autopkgtest-virt-qemu: DBG: executing copydown /home/minami/Documents/openkylin-riscv/src/libical3_3.0.8-ok1.debian.tar.xz /tmp/autopkgtest.lCCRq8/libical3_3.0.8-ok1.debian.tar.xz
autopkgtest-virt-qemu: DBG: ['cmdls', "(['cat'], ['/tmp/autopkgtest-qemu.osphywfq/runcmd', 'sh', '-ec', 'cat >/tmp/autopkgtest.lCCRq8/libical3_3.0.8-ok1.debian.tar.xz'])"]
autopkgtest-virt-qemu: DBG: ['srcstdin', "<_io.BufferedReader name='/home/minami/Documents/openkylin-riscv/src/libical3_3.0.8-ok1.debian.tar.xz'>", 'deststdout', "<_io.BufferedReader name='/dev/null'>", 'devnull_read', <_io.BufferedReader name='/dev/null'>]
autopkgtest-virt-qemu: DBG:  +< cat
autopkgtest-virt-qemu: DBG:  +> /tmp/autopkgtest-qemu.osphywfq/runcmd sh -ec cat >/tmp/autopkgtest.lCCRq8/libical3_3.0.8-ok1.debian.tar.xz
autopkgtest-virt-qemu: DBG:  +>?
autopkgtest-virt-qemu: DBG:  +<?
autopkgtest: DBG: got reply from testbed: ok
autopkgtest: DBG: testbed command ['chown', '-R', 'openkylin', '--', '/tmp/autopkgtest.lCCRq8/libical3_3.0.8-ok1.debian.tar.xz'], kind short, sout raw, serr pipe, env []
autopkgtest: DBG: testbed command exited with code 0
autopkgtest: DBG: install_deps: deps_new=[]
autopkgtest: DBG: testbed command ['sh', '-ec', 'command -v dpkg-source'], kind short, sout pipe, serr pipe, env []
autopkgtest: DBG: testbed command exited with code 0
autopkgtest: DBG: testbed command ['sh', '-ec', 'su --shell=/bin/sh openkylin -c \'set -e; exec 3>&1 >&2; set -x; cd /; builddir=$(mktemp -d /tmp/autopkgtest.lCCRq8/build.XXX); cd $builddir; dpkg-source -x "/tmp/autopkgtest.lCCRq8/libical3_3.0.8-ok1.dsc" src; chmod -R a+rX .; cd [a-z0-9]*/.; pwd >&3; sed -n "1 {s/).*//; s/ (/\\n/; p}" debian/changelog >&3\''], kind build, sout pipe, serr raw, env []
+ cd /
+ mktemp -d /tmp/autopkgtest.lCCRq8/build.XXX
+ builddir=/tmp/autopkgtest.lCCRq8/build.7od
+ cd /tmp/autopkgtest.lCCRq8/build.7od
+ dpkg-source -x /tmp/autopkgtest.lCCRq8/libical3_3.0.8-ok1.dsc src
gpgv: unknown type of key resource 'trustedkeys.kbx'
gpgv: keyblock resource '/tmp/dpkg-verify-sig.CB6dNpLo/trustedkeys.kbx': General error
gpgv: Signature made Mon 16 May 2022 01:08:00 PM UTC
gpgv:                using RSA key 64FBB79F5EAE64D792E94CFE0716F00F842CD274
gpgv: Can't check signature: No public key
dpkg-source: warning: cannot verify signature /tmp/autopkgtest.lCCRq8/libical3_3.0.8-ok1.dsc
dpkg-source: info: extracting libical3 in src
dpkg-source: info: unpacking libical3_3.0.8.orig.tar.gz
dpkg-source: info: unpacking libical3_3.0.8-ok1.debian.tar.xz
+ chmod -R a+rX .
+ cd src/.
+ pwd
+ sed -n 1 {s/).*//; s/ (/\n/; p} debian/changelog
autopkgtest: DBG: testbed command exited with code 0
autopkgtest [11:09:07]: testing package libical3 version 3.0.8-ok1
autopkgtest: DBG: sending command to testbed: copyup /tmp/autopkgtest.lCCRq8/build.7od/src/debian/ /home/minami/Documents/openkylin-riscv/test/libical3/pkg/debian/
autopkgtest-virt-qemu: DBG: executing copyup /tmp/autopkgtest.lCCRq8/build.7od/src/debian/ /home/minami/Documents/openkylin-riscv/test/libical3/pkg/debian/
autopkgtest-virt-qemu: DBG: ['cmdls', "(['/tmp/autopkgtest-qemu.osphywfq/runcmd', 'sh', '-ec', 'cd /tmp/autopkgtest.lCCRq8/build.7od/src/debian/; tar --warning=none -c . -f -'], ['tar', '--directory', '/home/minami/Documents/openkylin-riscv/test/libical3/pkg/debian/', '--warning=none', '--preserve-permissions', '--extract', '--no-same-owner', '-f', '-'])"]
autopkgtest-virt-qemu: DBG: ['srcstdin', "<_io.BufferedReader name='/dev/null'>", 'deststdout', "<_io.BufferedReader name='/dev/null'>", 'devnull_read', <_io.BufferedReader name='/dev/null'>]
autopkgtest-virt-qemu: DBG:  +< /tmp/autopkgtest-qemu.osphywfq/runcmd sh -ec cd /tmp/autopkgtest.lCCRq8/build.7od/src/debian/; tar --warning=none -c . -f -
autopkgtest-virt-qemu: DBG:  +> tar --directory /home/minami/Documents/openkylin-riscv/test/libical3/pkg/debian/ --warning=none --preserve-permissions --extract --no-same-owner -f -
autopkgtest-virt-qemu: DBG:  +>?
autopkgtest-virt-qemu: DBG:  +<?
autopkgtest: DBG: got reply from testbed: ok
autopkgtest: DBG: processing dependency @
autopkgtest: DBG: synthesised dependency libical-dev
autopkgtest: DBG: synthesised dependency libical-doc
autopkgtest: DBG: synthesised dependency libical3
autopkgtest: DBG: synthesised dependency gir1.2-ical-3.0
autopkgtest: DBG: processing dependency gcc
autopkgtest: DBG: processing dependency libc-dev
autopkgtest: DBG: processing dependency cmake
autopkgtest: DBG: processing dependency check
autopkgtest: DBG: processing dependency gobject-introspection
autopkgtest: DBG: processing dependency libgirepository1.0-dev
autopkgtest: DBG: processing dependency libxml2-dev
autopkgtest: DBG: processing dependency valac
autopkgtest: DBG: processing dependency python3-gi
autopkgtest: DBG: processing dependency gtk-doc-tools
autopkgtest: DBG: Test defined: name unit-test path debian/tests/unit-test command "None" restrictions [] features [] depends ['libical-dev', 'libical-doc', 'libical3', 'gir1.2-ical-3.0', 'gcc', 'libc-dev', 'cmake', 'check', 'gobject-introspection', 'libgirepository1.0-dev', 'libxml2-dev', 'valac', 'python3-gi', 'gtk-doc-tools'] 
autopkgtest [11:09:07]: build not needed
autopkgtest: DBG: sending command to testbed: copyup /tmp/autopkgtest.lCCRq8/build.7od/src/ /home/minami/Documents/openkylin-riscv/test/libical3/tests-tree/
autopkgtest-virt-qemu: DBG: executing copyup /tmp/autopkgtest.lCCRq8/build.7od/src/ /home/minami/Documents/openkylin-riscv/test/libical3/tests-tree/
autopkgtest-virt-qemu: DBG: ['cmdls', "(['/tmp/autopkgtest-qemu.osphywfq/runcmd', 'sh', '-ec', 'cd /tmp/autopkgtest.lCCRq8/build.7od/src/; tar --warning=none -c . -f -'], ['tar', '--directory', '/home/minami/Documents/openkylin-riscv/test/libical3/tests-tree/', '--warning=none', '--preserve-permissions', '--extract', '--no-same-owner', '-f', '-'])"]
autopkgtest-virt-qemu: DBG: ['srcstdin', "<_io.BufferedReader name='/dev/null'>", 'deststdout', "<_io.BufferedReader name='/dev/null'>", 'devnull_read', <_io.BufferedReader name='/dev/null'>]
autopkgtest-virt-qemu: DBG:  +< /tmp/autopkgtest-qemu.osphywfq/runcmd sh -ec cd /tmp/autopkgtest.lCCRq8/build.7od/src/; tar --warning=none -c . -f -
autopkgtest-virt-qemu: DBG:  +> tar --directory /home/minami/Documents/openkylin-riscv/test/libical3/tests-tree/ --warning=none --preserve-permissions --extract --no-same-owner -f -
autopkgtest-virt-qemu: DBG:  +>?
autopkgtest-virt-qemu: DBG:  +<?
autopkgtest: DBG: got reply from testbed: ok
autopkgtest: DBG: processing dependency @
autopkgtest: DBG: synthesised dependency libical-dev
autopkgtest: DBG: synthesised dependency libical-doc
autopkgtest: DBG: synthesised dependency libical3
autopkgtest: DBG: synthesised dependency gir1.2-ical-3.0
autopkgtest: DBG: processing dependency gcc
autopkgtest: DBG: processing dependency libc-dev
autopkgtest: DBG: processing dependency cmake
autopkgtest: DBG: processing dependency check
autopkgtest: DBG: processing dependency gobject-introspection
autopkgtest: DBG: processing dependency libgirepository1.0-dev
autopkgtest: DBG: processing dependency libxml2-dev
autopkgtest: DBG: processing dependency valac
autopkgtest: DBG: processing dependency python3-gi
autopkgtest: DBG: processing dependency gtk-doc-tools
autopkgtest: DBG: Test defined: name unit-test path debian/tests/unit-test command "None" restrictions [] features [] depends ['libical-dev', 'libical-doc', 'libical3', 'gir1.2-ical-3.0', 'gcc', 'libc-dev', 'cmake', 'check', 'gobject-introspection', 'libgirepository1.0-dev', 'libxml2-dev', 'valac', 'python3-gi', 'gtk-doc-tools'] 
autopkgtest [11:09:08]: test unit-test: preparing testbed
autopkgtest: DBG: testbed reset: modified=False, deps_installed=[], deps_new=['libical-dev', 'libical-doc', 'libical3', 'gir1.2-ical-3.0', 'gcc', 'libc-dev', 'cmake', 'check', 'gobject-introspection', 'libgirepository1.0-dev', 'libxml2-dev', 'valac', 'python3-gi', 'gtk-doc-tools']
autopkgtest: DBG: Binaries: no registered binaries, not publishing anything
autopkgtest: DBG: install_deps: deps_new=['libical-dev', 'libical-doc', 'libical3', 'gir1.2-ical-3.0', 'gcc', 'libc-dev', 'cmake', 'check', 'gobject-introspection', 'libgirepository1.0-dev', 'libxml2-dev', 'valac', 'python3-gi', 'gtk-doc-tools']
autopkgtest: DBG: install-deps: satisfying libical-dev, libical-doc, libical3, gir1.2-ical-3.0, gcc, libc-dev, cmake, check, gobject-introspection, libgirepository1.0-dev, libxml2-dev, valac, python3-gi, gtk-doc-tools
autopkgtest: DBG: install-deps: architecture resolved: libical-dev, libical-doc, libical3, gir1.2-ical-3.0, gcc, libc-dev, cmake, check, gobject-introspection, libgirepository1.0-dev, libxml2-dev, valac, python3-gi, gtk-doc-tools
autopkgtest: DBG: testbed command ['test', '-w', '/var/lib/dpkg/status'], kind short, sout raw, serr raw, env []
autopkgtest: DBG: testbed command exited with code 0
autopkgtest: DBG: can use apt-get on testbed: True
autopkgtest: DBG: testbed command ['mkdir', '-p', '/tmp/autopkgtest.lCCRq8'], kind short, sout raw, serr pipe, env []
autopkgtest: DBG: testbed command exited with code 0
autopkgtest: DBG: sending command to testbed: copydown /home/minami/Documents/openkylin-riscv/test/libical3/1-autopkgtest-satdep.deb /tmp/autopkgtest.lCCRq8/1-autopkgtest-satdep.deb
autopkgtest-virt-qemu: DBG: executing copydown /home/minami/Documents/openkylin-riscv/test/libical3/1-autopkgtest-satdep.deb /tmp/autopkgtest.lCCRq8/1-autopkgtest-satdep.deb
autopkgtest-virt-qemu: DBG: ['cmdls', "(['cat'], ['/tmp/autopkgtest-qemu.osphywfq/runcmd', 'sh', '-ec', 'cat >/tmp/autopkgtest.lCCRq8/1-autopkgtest-satdep.deb'])"]
autopkgtest-virt-qemu: DBG: ['srcstdin', "<_io.BufferedReader name='/home/minami/Documents/openkylin-riscv/test/libical3/1-autopkgtest-satdep.deb'>", 'deststdout', "<_io.BufferedReader name='/dev/null'>", 'devnull_read', <_io.BufferedReader name='/dev/null'>]
autopkgtest-virt-qemu: DBG:  +< cat
autopkgtest-virt-qemu: DBG:  +> /tmp/autopkgtest-qemu.osphywfq/runcmd sh -ec cat >/tmp/autopkgtest.lCCRq8/1-autopkgtest-satdep.deb
autopkgtest-virt-qemu: DBG:  +>?
autopkgtest-virt-qemu: DBG:  +<?
autopkgtest: DBG: got reply from testbed: ok
autopkgtest: DBG: testbed command ['chown', '-R', 'openkylin', '--', '/tmp/autopkgtest.lCCRq8/1-autopkgtest-satdep.deb'], kind short, sout raw, serr pipe, env []
autopkgtest: DBG: testbed command exited with code 0
autopkgtest: DBG: testbed command ['dpkg', '--unpack', '/tmp/autopkgtest.lCCRq8/1-autopkgtest-satdep.deb'], kind short, sout pipe, serr pipe, env []
autopkgtest: DBG: testbed command exited with code 0
autopkgtest: DBG: testbed command ['/bin/sh', '-ec', ' apt-get install --assume-yes --fix-broken -o APT::Status-Fd=3 -o APT::Install-Recommends=false -o Dpkg::Options::=--force-confnew -o Debug::pkgProblemResolver=true 3>&2 2>&1'], kind install, sout raw, serr pipe, env ['DEBIAN_FRONTEND=noninteractive', 'APT_LISTBUGS_FRONTEND=none', 'APT_LISTCHANGES_FRONTEND=none']
Reading package lists...
Building dependency tree...
Reading state information...
Correcting dependencies...Starting pkgProblemResolver with broken count: 0
Starting 2 pkgProblemResolver with broken count: 0
Done
 Done
Starting pkgProblemResolver with broken count: 0
Starting 2 pkgProblemResolver with broken count: 0
Done
The following packages were automatically installed and are no longer required:
  libdjvulibre-text libdjvulibre21 libegl-dev libgl-dev libglu1-mesa-dev
  libglx-dev libmpdec2 libvulkan-dev libx11-dev libxau-dev libxcb1-dev
  libxdmcp-dev libxext-dev qt5-qmake qt5-qmake-bin x11proto-core-dev
  x11proto-dev xorg-sgml-doctools xtrans-dev
Use 'apt autoremove' to remove them.
The following additional packages will be installed:
  build-essential check cmake cmake-data docbook docbook-to-man docbook-xml
  docbook-xsl g++ g++-9 gcc gcc-9 gir1.2-ical-3.0 gobject-introspection
  gtk-doc-tools icu-devtools libcc1-0 libdb-dev libdb5.3-dev
  libgirepository1.0-dev libical-dev libical-doc libicu-dev libjsoncpp1
  libosp5 librhash0 libsubunit-dev libsubunit0 libvala-0.56-0
  libvalacodegen-0.56-0 libxml2-dev opensp python3-importlib-metadata
  python3-mako python3-markdown python3-markupsafe python3-more-itertools
  python3-pygments python3-zipp sgml-base sgml-data valac valac-0.56-vapi
  valac-bin xml-core xsltproc
Suggested packages:
  cmake-doc ninja-build docbook-defguide docbook-dsssl psgml dbtoepub
  docbook-xsl-doc-html | docbook-xsl-doc-pdf | docbook-xsl-doc-text
  | docbook-xsl-doc docbook-xsl-saxon fop libsaxon-java libxalan2-java
  libxslthl-java xalan gcc-9-doc autoconf automake bison flex gcc-doc
  gcc-multilib gdb libtool manpages-dev gcc-9-locales dblatex db5.3-doc
  libgirepository1.0-doc icu-doc doc-base python3-beaker python-mako-doc
  python-markdown-doc python-pygments-doc ttf-bitstream-vera sgml-base-doc
  libxml2-utils perlsgml w3-recs debhelper
Recommended packages:
  libssl3
The following NEW packages will be installed:
  build-essential check cmake cmake-data docbook docbook-to-man docbook-xml
  docbook-xsl g++ g++-9 gcc gcc-9 gir1.2-ical-3.0 gobject-introspection
  gtk-doc-tools icu-devtools libcc1-0 libdb-dev libdb5.3-dev
  libgirepository1.0-dev libical-dev libical-doc libicu-dev libjsoncpp1
  libosp5 librhash0 libsubunit-dev libsubunit0 libvala-0.56-0
  libvalacodegen-0.56-0 libxml2-dev opensp python3-importlib-metadata
  python3-mako python3-markdown python3-markupsafe python3-more-itertools
  python3-pygments python3-zipp sgml-base sgml-data valac valac-0.56-vapi
  valac-bin xml-core xsltproc
0 upgraded, 46 newly installed, 0 to remove and 18 not upgraded.
1 not fully installed or removed.
Need to get 45.4 MB of archives.
After this operation, 245 MB of additional disk space will be used.
Get:1 http://archive.build.openkylin.top/openkylin yangtze/main riscv64 gir1.2-ical-3.0 riscv64 3.0.8-ok1 [45.3 kB]
Get:2 http://archive.build.openkylin.top/openkylin yangtze/main riscv64 icu-devtools riscv64 66.1-ok1 [178 kB]
Get:3 http://ppa.build.openkylin.top/kylinsoft/anything/openkylin yangtze/main riscv64 libdb-dev riscv64 1:5.3.21~exp1-ok1 [1,450 B]
Get:4 http://archive.build.openkylin.top/openkylin yangtze/main riscv64 libicu-dev riscv64 66.1-ok1 [12.5 MB]
Get:5 http://ppa.build.openkylin.top/kylinsoft/anything/openkylin yangtze/main riscv64 libsubunit0 riscv64 1.4.0-ok1 [5,004 B]
Get:6 http://ppa.build.openkylin.top/kylinsoft/anything/openkylin yangtze/main riscv64 libsubunit-dev riscv64 1.4.0-ok1 [6,840 B]
Get:7 http://ppa.build.openkylin.top/kylinsoft/anything/openkylin yangtze/main riscv64 check riscv64 0.10.0-ok1 [198 kB]
Get:8 http://ppa.build.openkylin.top/kylinsoft/anything/openkylin yangtze/main riscv64 python3-pygments all 2.3.1+dfsg-ok1 [601 kB]
Get:9 http://ppa.build.openkylin.top/kylinsoft/anything/openkylin yangtze/main riscv64 xml-core all 0.18+nmu1-ok1 [19.8 kB]
Get:10 http://ppa.build.openkylin.top/kylinsoft/anything/openkylin yangtze/main riscv64 sgml-data all 2.0.11-ok1 [178 kB]
Get:11 http://ppa.build.openkylin.top/kylinsoft/anything/openkylin yangtze/main riscv64 docbook-xml all 4.5-ok1 [72.2 kB]
Get:12 http://ppa.build.openkylin.top/kylinsoft/anything/openkylin yangtze/main riscv64 docbook-xsl all 1.79.1+dfsg-ok1 [1,086 kB]
Get:13 http://ppa.build.openkylin.top/kylinsoft/anything/openkylin yangtze/main riscv64 docbook all 4.5-ok1 [117 kB]
Get:14 http://ppa.build.openkylin.top/kylinsoft/anything/openkylin yangtze/main riscv64 libosp5 riscv64 1.5.2-ok1 [712 kB]
Get:15 http://ppa.build.openkylin.top/kylinsoft/anything/openkylin yangtze/main riscv64 opensp riscv64 1.5.2-ok1 [152 kB]
Get:16 http://ppa.build.openkylin.top/kylinsoft/anything/openkylin yangtze/main riscv64 docbook-to-man riscv64 1:2.0.0-ok1 [73.5 kB]
Get:17 http://archive.build.openkylin.top/openkylin yangtze/main riscv64 libdb5.3-dev riscv64 5.3.28+dfsg1-ok1 [1,637 kB]
Get:18 http://archive.build.openkylin.top/openkylin yangtze/main riscv64 libical-dev riscv64 3.0.8-ok1 [833 kB]
Get:19 http://archive.build.openkylin.top/openkylin yangtze/main riscv64 libical-doc all 3.0.8-ok1 [111 kB]
Get:20 http://archive.build.openkylin.top/openkylin yangtze/main riscv64 libcc1-0 riscv64 10-20200411-ok5 [42.3 kB]
Get:21 http://archive.build.openkylin.top/openkylin yangtze/main riscv64 gcc-9 riscv64 9.3.0-ok4 [7,417 kB]
Get:22 http://archive.build.openkylin.top/openkylin yangtze/main riscv64 gcc riscv64 4:9.3.0-ok7 [5,160 B]
Get:23 http://archive.build.openkylin.top/openkylin yangtze/main riscv64 cmake-data all 3.16.3-ok2 [1,635 kB]
Get:24 http://archive.build.openkylin.top/openkylin yangtze/main riscv64 libjsoncpp1 riscv64 1.7.6-ok1 [72.6 kB]
Get:25 http://archive.build.openkylin.top/openkylin yangtze/main riscv64 librhash0 riscv64 1.4.3-ok2 [152 kB]
Get:26 http://archive.build.openkylin.top/openkylin yangtze/main riscv64 cmake riscv64 3.16.3-ok2 [4,167 kB]
Get:27 http://archive.build.openkylin.top/openkylin yangtze/main riscv64 g++-9 riscv64 9.3.0-ok4 [7,571 kB]
Get:28 http://archive.build.openkylin.top/openkylin yangtze/main riscv64 g++ riscv64 4:9.3.0-ok7 [1,470 B]
Get:29 http://archive.build.openkylin.top/openkylin yangtze/main riscv64 build-essential riscv64 12.8-ok1 [4,000 B]
Get:30 http://archive.build.openkylin.top/openkylin yangtze/main riscv64 python3-more-itertools all 4.2.0-ok2 [39.6 kB]
Get:31 http://archive.build.openkylin.top/openkylin yangtze/main riscv64 python3-zipp all 1.0.0-ok2 [5,020 B]
Get:32 http://archive.build.openkylin.top/openkylin yangtze/main riscv64 python3-importlib-metadata all 4.12.0-ok3 [20.6 kB]
Get:33 http://archive.build.openkylin.top/openkylin yangtze/main riscv64 python3-markupsafe riscv64 2.0.1-ok2 [11.0 kB]
Get:34 http://archive.build.openkylin.top/openkylin yangtze/main riscv64 python3-mako all 1.2.2-ok1 [61.2 kB]
Get:35 http://archive.build.openkylin.top/openkylin yangtze/main riscv64 python3-markdown all 3.4.1-ok2 [63.2 kB]
Get:36 http://archive.build.openkylin.top/openkylin yangtze/main riscv64 gobject-introspection riscv64 1.71.0-ok2 [316 kB]
Get:37 http://archive.build.openkylin.top/openkylin yangtze/main riscv64 libgirepository1.0-dev riscv64 1.71.0-ok2 [836 kB]
Get:38 http://archive.build.openkylin.top/openkylin yangtze/main riscv64 libxml2-dev riscv64 2.9.10+dfsg-ok2 [2,257 kB]
Get:39 http://archive.build.openkylin.top/openkylin yangtze/main riscv64 libvala-0.56-0 riscv64 0.56.3-ok1 [554 kB]
Get:40 http://archive.build.openkylin.top/openkylin yangtze/main riscv64 libvalacodegen-0.56-0 riscv64 0.56.3-ok1 [374 kB]
Get:41 http://archive.build.openkylin.top/openkylin yangtze/main riscv64 valac-0.56-vapi all 0.56.3-ok1 [804 kB]
Get:42 http://archive.build.openkylin.top/openkylin yangtze/main riscv64 valac-bin riscv64 0.56.3-ok1 [25.1 kB]
Get:43 http://archive.build.openkylin.top/openkylin yangtze/main riscv64 valac riscv64 0.56.3-ok1 [113 kB]
Get:44 http://archive.build.openkylin.top/openkylin yangtze/main riscv64 sgml-base all 1.30-ok2 [9,660 B]
Get:45 http://archive.build.openkylin.top/openkylin yangtze/main riscv64 xsltproc riscv64 1.1.34-ok2 [13.8 kB]
Get:46 http://archive.build.openkylin.top/openkylin yangtze/main riscv64 gtk-doc-tools all 1.33.2-ok1 [340 kB]
Fetched 45.4 MB in 6s (7,576 kB/s)
Selecting previously unselected package gir1.2-ical-3.0:riscv64.
(Reading database ... (Reading database ... 5%(Reading database ... 10%(Reading database ... 15%(Reading database ... 20%(Reading database ... 25%(Reading database ... 30%(Reading database ... 35%(Reading database ... 40%(Reading database ... 45%(Reading database ... 50%(Reading database ... 55%(Reading database ... 60%(Reading database ... 65%(Reading database ... 70%(Reading database ... 75%(Reading database ... 80%(Reading database ... 85%(Reading database ... 90%(Reading database ... 95%(Reading database ... 100%(Reading database ... 161111 files and directories currently installed.)
Preparing to unpack .../00-gir1.2-ical-3.0_3.0.8-ok1_riscv64.deb ...
Unpacking gir1.2-ical-3.0:riscv64 (3.0.8-ok1) ...
Selecting previously unselected package icu-devtools.
Preparing to unpack .../01-icu-devtools_66.1-ok1_riscv64.deb ...
Unpacking icu-devtools (66.1-ok1) ...
Selecting previously unselected package libicu-dev:riscv64.
Preparing to unpack .../02-libicu-dev_66.1-ok1_riscv64.deb ...
Unpacking libicu-dev:riscv64 (66.1-ok1) ...
Selecting previously unselected package libdb5.3-dev.
Preparing to unpack .../03-libdb5.3-dev_5.3.28+dfsg1-ok1_riscv64.deb ...
Unpacking libdb5.3-dev (5.3.28+dfsg1-ok1) ...
Selecting previously unselected package libdb-dev:riscv64.
Preparing to unpack .../04-libdb-dev_1%3a5.3.21~exp1-ok1_riscv64.deb ...
Unpacking libdb-dev:riscv64 (1:5.3.21~exp1-ok1) ...
Selecting previously unselected package libical-dev:riscv64.
Preparing to unpack .../05-libical-dev_3.0.8-ok1_riscv64.deb ...
Unpacking libical-dev:riscv64 (3.0.8-ok1) ...
Selecting previously unselected package libical-doc.
Preparing to unpack .../06-libical-doc_3.0.8-ok1_all.deb ...
Unpacking libical-doc (3.0.8-ok1) ...
Selecting previously unselected package libcc1-0:riscv64.
Preparing to unpack .../07-libcc1-0_10-20200411-ok5_riscv64.deb ...
Unpacking libcc1-0:riscv64 (10-20200411-ok5) ...
Selecting previously unselected package gcc-9.
Preparing to unpack .../08-gcc-9_9.3.0-ok4_riscv64.deb ...
Unpacking gcc-9 (9.3.0-ok4) ...
Selecting previously unselected package gcc.
Preparing to unpack .../09-gcc_4%3a9.3.0-ok7_riscv64.deb ...
Unpacking gcc (4:9.3.0-ok7) ...
Selecting previously unselected package cmake-data.
Preparing to unpack .../10-cmake-data_3.16.3-ok2_all.deb ...
Unpacking cmake-data (3.16.3-ok2) ...
Selecting previously unselected package libjsoncpp1:riscv64.
Preparing to unpack .../11-libjsoncpp1_1.7.6-ok1_riscv64.deb ...
Unpacking libjsoncpp1:riscv64 (1.7.6-ok1) ...
Selecting previously unselected package librhash0:riscv64.
Preparing to unpack .../12-librhash0_1.4.3-ok2_riscv64.deb ...
Unpacking librhash0:riscv64 (1.4.3-ok2) ...
Selecting previously unselected package cmake.
Preparing to unpack .../13-cmake_3.16.3-ok2_riscv64.deb ...
Unpacking cmake (3.16.3-ok2) ...
Selecting previously unselected package libsubunit0:riscv64.
Preparing to unpack .../14-libsubunit0_1.4.0-ok1_riscv64.deb ...
Unpacking libsubunit0:riscv64 (1.4.0-ok1) ...
Selecting previously unselected package libsubunit-dev:riscv64.
Preparing to unpack .../15-libsubunit-dev_1.4.0-ok1_riscv64.deb ...
Unpacking libsubunit-dev:riscv64 (1.4.0-ok1) ...
Selecting previously unselected package check:riscv64.
Preparing to unpack .../16-check_0.10.0-ok1_riscv64.deb ...
Unpacking check:riscv64 (0.10.0-ok1) ...
Selecting previously unselected package g++-9.
Preparing to unpack .../17-g++-9_9.3.0-ok4_riscv64.deb ...
Unpacking g++-9 (9.3.0-ok4) ...
Selecting previously unselected package g++.
Preparing to unpack .../18-g++_4%3a9.3.0-ok7_riscv64.deb ...
Unpacking g++ (4:9.3.0-ok7) ...
Selecting previously unselected package build-essential.
Preparing to unpack .../19-build-essential_12.8-ok1_riscv64.deb ...
Unpacking build-essential (12.8-ok1) ...
Selecting previously unselected package python3-more-itertools.
Preparing to unpack .../20-python3-more-itertools_4.2.0-ok2_all.deb ...
Unpacking python3-more-itertools (4.2.0-ok2) ...
Selecting previously unselected package python3-zipp.
Preparing to unpack .../21-python3-zipp_1.0.0-ok2_all.deb ...
Unpacking python3-zipp (1.0.0-ok2) ...
Selecting previously unselected package python3-importlib-metadata.
Preparing to unpack .../22-python3-importlib-metadata_4.12.0-ok3_all.deb ...
Unpacking python3-importlib-metadata (4.12.0-ok3) ...
Selecting previously unselected package python3-markupsafe.
Preparing to unpack .../23-python3-markupsafe_2.0.1-ok2_riscv64.deb ...
Unpacking python3-markupsafe (2.0.1-ok2) ...
Selecting previously unselected package python3-mako.
Preparing to unpack .../24-python3-mako_1.2.2-ok1_all.deb ...
Unpacking python3-mako (1.2.2-ok1) ...
Selecting previously unselected package python3-markdown.
Preparing to unpack .../25-python3-markdown_3.4.1-ok2_all.deb ...
Unpacking python3-markdown (3.4.1-ok2) ...
Selecting previously unselected package gobject-introspection.
Preparing to unpack .../26-gobject-introspection_1.71.0-ok2_riscv64.deb ...
Unpacking gobject-introspection (1.71.0-ok2) ...
Selecting previously unselected package libgirepository1.0-dev:riscv64.
Preparing to unpack .../27-libgirepository1.0-dev_1.71.0-ok2_riscv64.deb ...
Unpacking libgirepository1.0-dev:riscv64 (1.71.0-ok2) ...
Selecting previously unselected package libxml2-dev:riscv64.
Preparing to unpack .../28-libxml2-dev_2.9.10+dfsg-ok2_riscv64.deb ...
Unpacking libxml2-dev:riscv64 (2.9.10+dfsg-ok2) ...
Selecting previously unselected package libvala-0.56-0:riscv64.
Preparing to unpack .../29-libvala-0.56-0_0.56.3-ok1_riscv64.deb ...
Unpacking libvala-0.56-0:riscv64 (0.56.3-ok1) ...
Selecting previously unselected package libvalacodegen-0.56-0:riscv64.
Preparing to unpack .../30-libvalacodegen-0.56-0_0.56.3-ok1_riscv64.deb ...
Unpacking libvalacodegen-0.56-0:riscv64 (0.56.3-ok1) ...
Selecting previously unselected package valac-0.56-vapi.
Preparing to unpack .../31-valac-0.56-vapi_0.56.3-ok1_all.deb ...
Unpacking valac-0.56-vapi (0.56.3-ok1) ...
Selecting previously unselected package valac-bin.
Preparing to unpack .../32-valac-bin_0.56.3-ok1_riscv64.deb ...
Unpacking valac-bin (0.56.3-ok1) ...
Selecting previously unselected package valac.
Preparing to unpack .../33-valac_0.56.3-ok1_riscv64.deb ...
Unpacking valac (0.56.3-ok1) ...
Selecting previously unselected package python3-pygments.
Preparing to unpack .../34-python3-pygments_2.3.1+dfsg-ok1_all.deb ...
Unpacking python3-pygments (2.3.1+dfsg-ok1) ...
Selecting previously unselected package sgml-base.
Preparing to unpack .../35-sgml-base_1.30-ok2_all.deb ...
Unpacking sgml-base (1.30-ok2) ...
Selecting previously unselected package xml-core.
Preparing to unpack .../36-xml-core_0.18+nmu1-ok1_all.deb ...
Unpacking xml-core (0.18+nmu1-ok1) ...
Selecting previously unselected package sgml-data.
Preparing to unpack .../37-sgml-data_2.0.11-ok1_all.deb ...
Unpacking sgml-data (2.0.11-ok1) ...
Selecting previously unselected package docbook-xml.
Preparing to unpack .../38-docbook-xml_4.5-ok1_all.deb ...
Unpacking docbook-xml (4.5-ok1) ...
Selecting previously unselected package docbook-xsl.
Preparing to unpack .../39-docbook-xsl_1.79.1+dfsg-ok1_all.deb ...
Unpacking docbook-xsl (1.79.1+dfsg-ok1) ...
Selecting previously unselected package docbook.
Preparing to unpack .../40-docbook_4.5-ok1_all.deb ...
Unpacking docbook (4.5-ok1) ...
Selecting previously unselected package libosp5.
Preparing to unpack .../41-libosp5_1.5.2-ok1_riscv64.deb ...
Unpacking libosp5 (1.5.2-ok1) ...
Selecting previously unselected package opensp.
Preparing to unpack .../42-opensp_1.5.2-ok1_riscv64.deb ...
Unpacking opensp (1.5.2-ok1) ...
Selecting previously unselected package docbook-to-man.
Preparing to unpack .../43-docbook-to-man_1%3a2.0.0-ok1_riscv64.deb ...
Unpacking docbook-to-man (1:2.0.0-ok1) ...
Selecting previously unselected package xsltproc.
Preparing to unpack .../44-xsltproc_1.1.34-ok2_riscv64.deb ...
Unpacking xsltproc (1.1.34-ok2) ...
Selecting previously unselected package gtk-doc-tools.
Preparing to unpack .../45-gtk-doc-tools_1.33.2-ok1_all.deb ...
Unpacking gtk-doc-tools (1.33.2-ok1) ...
Setting up python3-more-itertools (4.2.0-ok2) ...
Setting up libvala-0.56-0:riscv64 (0.56.3-ok1) ...
Setting up libvalacodegen-0.56-0:riscv64 (0.56.3-ok1) ...
Setting up xsltproc (1.1.34-ok2) ...
Setting up python3-zipp (1.0.0-ok2) ...
Setting up libsubunit0:riscv64 (1.4.0-ok1) ...
Setting up python3-markupsafe (2.0.1-ok2) ...
Setting up gir1.2-ical-3.0:riscv64 (3.0.8-ok1) ...
Setting up libosp5 (1.5.2-ok1) ...
Setting up python3-pygments (2.3.1+dfsg-ok1) ...
Setting up libical-doc (3.0.8-ok1) ...
Setting up icu-devtools (66.1-ok1) ...
Setting up librhash0:riscv64 (1.4.3-ok2) ...
Setting up libdb5.3-dev (5.3.28+dfsg1-ok1) ...
Setting up sgml-base (1.30-ok2) ...
Setting up cmake-data (3.16.3-ok2) ...
Setting up valac-0.56-vapi (0.56.3-ok1) ...
Setting up libicu-dev:riscv64 (66.1-ok1) ...
Setting up libcc1-0:riscv64 (10-20200411-ok5) ...
Setting up python3-mako (1.2.2-ok1) ...
Setting up libjsoncpp1:riscv64 (1.7.6-ok1) ...
Setting up gcc-9 (9.3.0-ok4) ...
Setting up valac-bin (0.56.3-ok1) ...
Setting up python3-importlib-metadata (4.12.0-ok3) ...
Setting up libsubunit-dev:riscv64 (1.4.0-ok1) ...
Setting up opensp (1.5.2-ok1) ...
Setting up gcc (4:9.3.0-ok7) ...
Setting up valac (0.56.3-ok1) ...
Setting up libxml2-dev:riscv64 (2.9.10+dfsg-ok2) ...
Setting up libdb-dev:riscv64 (1:5.3.21~exp1-ok1) ...
Setting up check:riscv64 (0.10.0-ok1) ...
Setting up python3-markdown (3.4.1-ok2) ...
Setting up g++-9 (9.3.0-ok4) ...
Setting up g++ (4:9.3.0-ok7) ...
update-alternatives: using /usr/bin/g++ to provide /usr/bin/c++ (c++) in auto mode
Setting up xml-core (0.18+nmu1-ok1) ...
Setting up cmake (3.16.3-ok2) ...
Setting up build-essential (12.8-ok1) ...
Setting up gobject-introspection (1.71.0-ok2) ...
Setting up libical-dev:riscv64 (3.0.8-ok1) ...
Setting up libgirepository1.0-dev:riscv64 (1.71.0-ok2) ...
Processing triggers for install-info (6.7.0.dfsg.2-ok1) ...
Processing triggers for libc-bin (2.36-ok2) ...
Processing triggers for man-db (2.9.1-ok3) ...
Processing triggers for sgml-base (1.30-ok2) ...
Setting up docbook-xsl (1.79.1+dfsg-ok1) ...
Setting up sgml-data (2.0.11-ok1) ...
Processing triggers for sgml-base (1.30-ok2) ...
Setting up docbook-xml (4.5-ok1) ...
Setting up docbook (4.5-ok1) ...
Processing triggers for sgml-base (1.30-ok2) ...
Setting up docbook-to-man (1:2.0.0-ok1) ...
Setting up gtk-doc-tools (1.33.2-ok1) ...
Setting up autopkgtest-satdep (0) ...
autopkgtest: DBG: testbed command exited with code 0
autopkgtest: DBG: testbed command ['dpkg-query', '--show', '-f', '${Status}', 'libical-dev'], kind short, sout pipe, serr pipe, env []
autopkgtest: DBG: testbed command exited with code 0
autopkgtest: DBG: testbed command ['dpkg-query', '--show', '-f', '${Status}', 'libical-doc'], kind short, sout pipe, serr pipe, env []
autopkgtest: DBG: testbed command exited with code 0
autopkgtest: DBG: testbed command ['dpkg-query', '--show', '-f', '${Status}', 'libical3'], kind short, sout pipe, serr pipe, env []
autopkgtest: DBG: testbed command exited with code 0
autopkgtest: DBG: testbed command ['dpkg-query', '--show', '-f', '${Status}', 'gir1.2-ical-3.0'], kind short, sout pipe, serr pipe, env []
autopkgtest: DBG: testbed command exited with code 0
autopkgtest: DBG: testbed command ['dpkg', '--status', 'autopkgtest-satdep'], kind short, sout pipe, serr pipe, env []
autopkgtest: DBG: testbed command exited with code 0
autopkgtest: DBG: testbed command ['apt-get', '--simulate', '--quiet', '-o', 'APT::Get::Show-User-Simulation-Note=False', '--auto-remove', 'purge', 'autopkgtest-satdep'], kind short, sout pipe, serr pipe, env []
autopkgtest: DBG: testbed command exited with code 0
autopkgtest: DBG: Marking test dependencies as manually installed: check gtk-doc-tools docbook-to-man docbook docbook-xml docbook-xsl libical-dev gir1.2-ical-3.0 libxml2-dev libicu-dev icu-devtools libdb-dev libdb5.3-dev libdjvulibre21 libdjvulibre-text libegl-dev libglu1-mesa-dev libgl-dev libglx-dev libical-doc libmpdec2 opensp libosp5 libsubunit-dev libsubunit0 valac valac-bin libvalacodegen-0.56-0 libvala-0.56-0 libvulkan-dev libxext-dev libx11-dev libxcb1-dev libxau-dev libxdmcp-dev qt5-qmake qt5-qmake-bin sgml-data xml-core sgml-base valac-0.56-vapi x11proto-core-dev x11proto-dev xorg-sgml-doctools xsltproc xtrans-dev
autopkgtest: DBG: testbed command ['apt-mark', 'manual', '-qq', 'check', 'gtk-doc-tools', 'docbook-to-man', 'docbook', 'docbook-xml', 'docbook-xsl', 'libical-dev', 'gir1.2-ical-3.0', 'libxml2-dev', 'libicu-dev', 'icu-devtools', 'libdb-dev', 'libdb5.3-dev', 'libdjvulibre21', 'libdjvulibre-text', 'libegl-dev', 'libglu1-mesa-dev', 'libgl-dev', 'libglx-dev', 'libical-doc'], kind short, sout raw, serr pipe, env []
autopkgtest: DBG: testbed command exited with code 0
autopkgtest: DBG: testbed command ['apt-mark', 'manual', '-qq', 'libmpdec2', 'opensp', 'libosp5', 'libsubunit-dev', 'libsubunit0', 'valac', 'valac-bin', 'libvalacodegen-0.56-0', 'libvala-0.56-0', 'libvulkan-dev', 'libxext-dev', 'libx11-dev', 'libxcb1-dev', 'libxau-dev', 'libxdmcp-dev', 'qt5-qmake', 'qt5-qmake-bin', 'sgml-data', 'xml-core', 'sgml-base'], kind short, sout raw, serr pipe, env []
autopkgtest: DBG: testbed command exited with code 0
autopkgtest: DBG: testbed command ['apt-mark', 'manual', '-qq', 'valac-0.56-vapi', 'x11proto-core-dev', 'x11proto-dev', 'xorg-sgml-doctools', 'xsltproc', 'xtrans-dev'], kind short, sout raw, serr pipe, env []
autopkgtest: DBG: testbed command exited with code 0
autopkgtest: DBG: testbed command ['dpkg', '--purge', 'autopkgtest-satdep'], kind short, sout raw, serr raw, env []
(Reading database ... 167161 files and directories currently installed.)
Removing autopkgtest-satdep (0) ...
autopkgtest: DBG: testbed command exited with code 0
autopkgtest: DBG: testbed command ['sh', '-ec', 'command -v dpkg-query'], kind short, sout pipe, serr pipe, env []
autopkgtest: DBG: testbed command exited with code 0
autopkgtest: DBG: testbed command ['sh', '-ec', "dpkg-query --show -f '${Package}\\t${Version}\\n' > /tmp/autopkgtest.lCCRq8/unit-test-packages.all"], kind short, sout raw, serr pipe, env []
autopkgtest: DBG: testbed command exited with code 0
autopkgtest: DBG: sending command to testbed: copyup /tmp/autopkgtest.lCCRq8/unit-test-packages.all /home/minami/Documents/openkylin-riscv/test/libical3/unit-test-packages.all
autopkgtest-virt-qemu: DBG: executing copyup /tmp/autopkgtest.lCCRq8/unit-test-packages.all /home/minami/Documents/openkylin-riscv/test/libical3/unit-test-packages.all
autopkgtest-virt-qemu: DBG: ['cmdls', "(['/tmp/autopkgtest-qemu.osphywfq/runcmd', 'sh', '-ec', 'cat </tmp/autopkgtest.lCCRq8/unit-test-packages.all'], ['cat'])"]
autopkgtest-virt-qemu: DBG: ['srcstdin', "<_io.BufferedReader name='/dev/null'>", 'deststdout', "<_io.BufferedWriter name='/home/minami/Documents/openkylin-riscv/test/libical3/unit-test-packages.all'>", 'devnull_read', <_io.BufferedReader name='/dev/null'>]
autopkgtest-virt-qemu: DBG:  +< /tmp/autopkgtest-qemu.osphywfq/runcmd sh -ec cat </tmp/autopkgtest.lCCRq8/unit-test-packages.all
autopkgtest-virt-qemu: DBG:  +> cat
autopkgtest-virt-qemu: DBG:  +>?
autopkgtest-virt-qemu: DBG:  +<?
autopkgtest: DBG: got reply from testbed: ok
autopkgtest: DBG: testbed command ['test', '-e', '/tmp/autopkgtest.lCCRq8/build.7od/src'], kind short, sout raw, serr raw, env []
autopkgtest: DBG: testbed command exited with code 0
autopkgtest: DBG: copydown: tb path /tmp/autopkgtest.lCCRq8/build.7od/src already exists
autopkgtest [11:12:23]: test unit-test: [-----------------------
autopkgtest: DBG: testbed command ['su', '-s', '/bin/bash', 'openkylin', '-c', 'set -e; export USER=`id -nu`; . /etc/profile >/dev/null 2>&1 || true;  . ~/.profile >/dev/null 2>&1 || true; buildtree="/tmp/autopkgtest.lCCRq8/build.7od/src"; mkdir -p -m 1777 -- "/tmp/autopkgtest.lCCRq8/unit-test-artifacts"; export AUTOPKGTEST_ARTIFACTS="/tmp/autopkgtest.lCCRq8/unit-test-artifacts"; export ADT_ARTIFACTS="$AUTOPKGTEST_ARTIFACTS"; mkdir -p -m 755 "/tmp/autopkgtest.lCCRq8/autopkgtest_tmp"; export AUTOPKGTEST_TMP="/tmp/autopkgtest.lCCRq8/autopkgtest_tmp"; export ADTTMP="$AUTOPKGTEST_TMP"; export DEBIAN_FRONTEND=noninteractive; export LANG=C.UTF-8; export DEB_BUILD_OPTIONS=parallel=8; unset LANGUAGE LC_CTYPE LC_NUMERIC LC_TIME LC_COLLATE   LC_MONETARY LC_MESSAGES LC_PAPER LC_NAME LC_ADDRESS   LC_TELEPHONE LC_MEASUREMENT LC_IDENTIFICATION LC_ALL;cd "$buildtree"; chmod +x /tmp/autopkgtest.lCCRq8/build.7od/src/debian/tests/unit-test; exec /tmp/autopkgtest.lCCRq8/wrapper.sh --script-pid-file=/tmp/autopkgtest_script_pid --stderr=/tmp/autopkgtest.lCCRq8/unit-test-stderr --stdout=/tmp/autopkgtest.lCCRq8/unit-test-stdout -- /tmp/autopkgtest.lCCRq8/build.7od/src/debian/tests/unit-test ;'], kind test, sout raw, serr raw, env []
-- The C compiler identification is GNU 9.3.0
-- Check for working C compiler: /usr/bin/cc
-- Check for working C compiler: /usr/bin/cc -- works
-- Detecting C compiler ABI info
-- Detecting C compiler ABI info - done
-- Detecting C compile features
-- Detecting C compile features - done
-- The CXX compiler identification is GNU 9.3.0
-- Check for working CXX compiler: /usr/bin/c++
-- Check for working CXX compiler: /usr/bin/c++ -- works
-- Detecting CXX compiler ABI info
-- Detecting CXX compiler ABI info - done
-- Detecting CXX compile features
-- Detecting CXX compile features - done
-- Found Perl: /usr/bin/perl (found version "5.30.0") 
-- Found ICU version 66.1
-- Found ICU header files in /usr/include
-- Found ICU libraries: /usr/lib/riscv64-linux-gnu/libicuuc.so /usr/lib/riscv64-linux-gnu/libicui18n.so
-- Found Berkeley DB header files in /usr/include
-- Found Berkeley libraries: /usr/lib/riscv64-linux-gnu/libdb.so
-- Looking for include file byteswap.h
-- Looking for include file byteswap.h - found
-- Looking for include file dirent.h
-- Looking for include file dirent.h - found
-- Looking for include file endian.h
-- Looking for include file endian.h - found
-- Looking for include file inttypes.h
-- Looking for include file inttypes.h - found
-- Looking for include file pthread.h
-- Looking for include file pthread.h - found
-- Looking for include file sys/endian.h
-- Looking for include file sys/endian.h - not found
-- Looking for include file sys/param.h
-- Looking for include file sys/param.h - found
-- Looking for include file sys/utsname.h
-- Looking for include file sys/utsname.h - found
-- Looking for include file fcntl.h
-- Looking for include file fcntl.h - found
-- Looking for include file unistd.h
-- Looking for include file unistd.h - found
-- Looking for include file wctype.h
-- Looking for include file wctype.h - found
-- Looking for access
-- Looking for access - found
-- Looking for fork
-- Looking for fork - found
-- Looking for getopt
-- Looking for getopt - found
-- Looking for getpid
-- Looking for getpid - found
-- Looking for getpwent
-- Looking for getpwent - found
-- Looking for gmtime_r
-- Looking for gmtime_r - found
-- Looking for localtime_r
-- Looking for localtime_r - found
-- Looking for mkdir
-- Looking for mkdir - found
-- Looking for open
-- Looking for open - found
-- Looking for nanosleep
-- Looking for nanosleep - found
-- Looking for signal
-- Looking for signal - found
-- Looking for stat
-- Looking for stat - found
-- Looking for strdup
-- Looking for strdup - found
-- Looking for strcasecmp
-- Looking for strcasecmp - found
-- Looking for strncasecmp
-- Looking for strncasecmp - found
-- Looking for read
-- Looking for read - found
-- Looking for unlink
-- Looking for unlink - found
-- Looking for usleep
-- Looking for usleep - found
-- Looking for waitpid
-- Looking for waitpid - found
-- Looking for write
-- Looking for write - found
-- Looking for alarm
-- Looking for alarm - found
-- Looking for backtrace
-- Looking for backtrace - found
-- Looking for iswspace
-- Looking for iswspace - found
-- Looking for setenv
-- Looking for setenv - found
-- Looking for unsetenv
-- Looking for unsetenv - found
-- Looking for snprintf
-- Looking for snprintf - found
-- Looking for GetNumberFormat
-- Looking for GetNumberFormat - not found
-- Looking for sys/types.h
-- Looking for sys/types.h - found
-- Looking for stdint.h
-- Looking for stdint.h - found
-- Looking for stddef.h
-- Looking for stddef.h - found
-- Check size of intptr_t
-- Check size of intptr_t - done
-- Check size of pid_t
-- Check size of pid_t - done
-- Check size of size_t
-- Check size of size_t - done
-- Check size of ssize_t
-- Check size of ssize_t - done
-- Check size of time_t
-- Check size of time_t - done
-- Check size of wint_t
-- Check size of wint_t - failed
-- Looking for pthread.h
-- Looking for pthread.h - found
-- Performing Test CMAKE_HAVE_LIBC_PTHREAD
-- Performing Test CMAKE_HAVE_LIBC_PTHREAD - Success
-- Found Threads: TRUE  
-- Looking for pthread_attr_get_np in pthread
-- Looking for pthread_attr_get_np in pthread - not found
-- Looking for pthread_getattr_np in pthread
-- Looking for pthread_getattr_np in pthread - found
-- Looking for pthread_create in pthread
-- Looking for pthread_create in pthread - found
-- Looking for include files pthread.h, pthread_np.h
-- Looking for include files pthread.h, pthread_np.h - not found
-- Found PkgConfig: /usr/bin/pkg-config (found version "0.29.1") 
-- Checking for module 'gobject-introspection-1.0'
--   Found gobject-introspection-1.0, version 1.71.0
-- Checking for modules 'glib-2.0;gobject-2.0'
--   Found glib-2.0, version 2.64.2
--   Found gobject-2.0, version 2.64.2
-- Checking for module 'libxml-2.0'
--   Found libxml-2.0, version 2.9.10
-- Performing Test HAVE_GCC_UNUSED_BUT_SET
-- Performing Test HAVE_GCC_UNUSED_BUT_SET - Success
-- Performing Test HAVE_GCC_LOGICAL_OP
-- Performing Test HAVE_GCC_LOGICAL_OP - Success
-- Performing Test HAVE_GCC_POINTER_MEMACCESS
-- Performing Test HAVE_GCC_POINTER_MEMACCESS - Success
-- Performing Test HAVE_GCC_FORMAT_SECURITY
-- Performing Test HAVE_GCC_FORMAT_SECURITY - Success
-- Performing Test HAVE_GCC_REDUNDANT_DECLS
-- Performing Test HAVE_GCC_REDUNDANT_DECLS - Success
-- Performing Test HAVE_GXX_UNUSED_BUT_SET
-- Performing Test HAVE_GXX_UNUSED_BUT_SET - Success
-- Performing Test HAVE_GXX_LOGICAL_OP
-- Performing Test HAVE_GXX_LOGICAL_OP - Success
-- Performing Test HAVE_GXX_POINTER_MEMACCESS
-- Performing Test HAVE_GXX_POINTER_MEMACCESS - Success
-- Performing Test HAVE_GXX_REORDER
-- Performing Test HAVE_GXX_REORDER - Success
-- Performing Test HAVE_GXX_FORMAT_SECURITY
-- Performing Test HAVE_GXX_FORMAT_SECURITY - Success
-- Performing Test HAVE_GXX_REDUNDANT_DECLS
-- Performing Test HAVE_GXX_REDUNDANT_DECLS - Success
-- Could NOT find Doxygen (missing: DOXYGEN_EXECUTABLE) 
-- The following features have been enabled:

 * Option WITH_CXX_BINDINGS, build the C++ bindings. Requires a C++ compiler
 * Build types, build both shared and static libraries
 * RSCALE support (RFC7529), build in RSCALE support
 * Berkeley DB storage support, build in support for Berkeley DB storage
 * Option GOBJECT_INTROSPECTION, build GObject introspection "typelib" files
 * Option ICAL_BUILD_DOCS, build API documentation and reference manual
 * Option ICAL_GLIB_VAPI, build Vala "vapi" files
 * Option ICAL_GLIB, build libical-glib interface
 * Option LIBICAL_BUILD_TESTING, build tests
 * libical-glib testing, python3 is required to run the regression tests

-- The following OPTIONAL packages have been found:

 * BDB, Berkeley DB storage, <https://www.oracle.com/database/berkeley-db>
   For Berkeley DB storage support
 * GLib (required version >= 2.32), A library of handy utility functions, <https://www.gtk.org>
   For the optional libical-glib interface
 * PkgConfig
 * LibXML (required version >= 2.7.3), a library providing XML and HTML support, <http://xmlsoft.org>
   For the optional libical-glib interface

-- The following RECOMMENDED packages have been found:

 * ICU, libicu (International Components for Unicode) libraries, <http://www.icu-project.org>
   For RSCALE (RFC7529) support

-- The following REQUIRED packages have been found:

 * Perl
   Required by the libical build system.
 * GObjectIntrospection (required version >= 0.6.7), <https://wiki.gnome.org/Projects/GObjectIntrospection>
   Required in order to build the GObject introspection "typelib" files.

-- The following features have been disabled:

 * Option STATIC_ONLY, build static libraries only
 * Option SHARED_ONLY, build shared libraries only
 * Option ICAL_ERRORS_ARE_FATAL, icalerror_* calls will abort instead of internally signaling an error
 * Option ICAL_ALLOW_EMPTY_PROPERTIES, prevents empty properties from being replaced with X-LIC-ERROR properties
 * Option USE_BUILTIN_TZDATA, use our own timezone data rather then the system timezone data

-- The following OPTIONAL packages have not been found:

 * Doxygen, API Documentation system, <http://www.doxygen.org>
   Needed to build the API documention.

-- Configuring done
-- Generating done
-- Build files have been written to: /tmp/autopkgtest.lCCRq8/build.7od/src/build
Scanning dependencies of target ical-header
[  0%] Generating icalderivedproperty.c
[  1%] Generating icalderivedparameter.c
[  1%] Generating icalrestriction.c
[  2%] Generating icalderivedvalue.c
[  2%] Generating icalderivedproperty.h
[  2%] Generating icalderivedparameter.h
[  3%] Generating icalderivedvalue.h
[  4%] Generating ical.h
[  4%] Built target ical-header
Scanning dependencies of target ical
[  5%] Building C object src/libical/CMakeFiles/ical.dir/icalderivedproperty.c.o
[  5%] Building C object src/libical/CMakeFiles/ical.dir/icalderivedparameter.c.o
[  5%] Building C object src/libical/CMakeFiles/ical.dir/icalrestriction.c.o
[  6%] Building C object src/libical/CMakeFiles/ical.dir/icalderivedvalue.c.o
[  6%] Building C object src/libical/CMakeFiles/ical.dir/icalarray.c.o
[  7%] Building C object src/libical/CMakeFiles/ical.dir/icalattach.c.o
[  7%] Building C object src/libical/CMakeFiles/ical.dir/icalcomponent.c.o
[  7%] Building C object src/libical/CMakeFiles/ical.dir/icalenums.c.o
[  8%] Building C object src/libical/CMakeFiles/ical.dir/icalerror.c.o
[  8%] Building C object src/libical/CMakeFiles/ical.dir/icalmemory.c.o
[  9%] Building C object src/libical/CMakeFiles/ical.dir/icalmime.c.o
[  9%] Building C object src/libical/CMakeFiles/ical.dir/icalparameter.c.o
[  9%] Building C object src/libical/CMakeFiles/ical.dir/icalparser.c.o
[ 10%] Building C object src/libical/CMakeFiles/ical.dir/icalproperty.c.o
[ 10%] Building C object src/libical/CMakeFiles/ical.dir/icalrecur.c.o
[ 11%] Building C object src/libical/CMakeFiles/ical.dir/icaltime.c.o
[ 11%] Building C object src/libical/CMakeFiles/ical.dir/icaltz-util.c.o
[ 12%] Building C object src/libical/CMakeFiles/ical.dir/icaltimezone.c.o
[ 12%] Building C object src/libical/CMakeFiles/ical.dir/icalduration.c.o
[ 12%] Building C object src/libical/CMakeFiles/ical.dir/icalperiod.c.o
[ 13%] Building C object src/libical/CMakeFiles/ical.dir/icaltypes.c.o
[ 13%] Building C object src/libical/CMakeFiles/ical.dir/icalvalue.c.o
[ 14%] Building C object src/libical/CMakeFiles/ical.dir/pvl.c.o
[ 14%] Building C object src/libical/CMakeFiles/ical.dir/sspm.c.o
[ 14%] Building C object src/libical/CMakeFiles/ical.dir/icallangbind.c.o
[ 15%] Building C object src/libical/CMakeFiles/ical.dir/caldate.c.o
[ 15%] Linking C shared library ../../lib/libical.so
[ 18%] Built target ical
Scanning dependencies of target gir-girs-ICal_3_0_gir
[ 19%] Generating ICal-3.0.gir
g-ir-scanner: link: /usr/bin/cc -o /tmp/autopkgtest.lCCRq8/build.7od/src/build/src/libical/tmp-introspectsdommenv/ICal-3.0 /tmp/autopkgtest.lCCRq8/build.7od/src/build/src/libical/tmp-introspectsdommenv/ICal-3.0.o -L. -Wl,-rpath,. -Wl,--no-as-needed -L/tmp/autopkgtest.lCCRq8/build.7od/src/build/lib -Wl,-rpath,/tmp/autopkgtest.lCCRq8/build.7od/src/build/lib -lical -lgio-2.0 -lgobject-2.0 -Wl,--export-dynamic -lgmodule-2.0 -pthread -lglib-2.0
g-ir-scanner: ICal: warning: 763 warnings suppressed (use --warn-all to see them)
[ 19%] Built target gir-girs-ICal_3_0_gir
Scanning dependencies of target ical_cxx-static
[ 19%] Building CXX object src/libical/CMakeFiles/ical_cxx-static.dir/icalparameter_cxx.cpp.o
[ 20%] Building CXX object src/libical/CMakeFiles/ical_cxx-static.dir/icalproperty_cxx.cpp.o
[ 20%] Building CXX object src/libical/CMakeFiles/ical_cxx-static.dir/icalvalue_cxx.cpp.o
[ 20%] Building CXX object src/libical/CMakeFiles/ical_cxx-static.dir/vcomponent_cxx.cpp.o
[ 21%] Linking CXX static library ../../lib/libical_cxx.a
[ 21%] Built target ical_cxx-static
Scanning dependencies of target ical-static
[ 21%] Building C object src/libical/CMakeFiles/ical-static.dir/icalderivedproperty.c.o
[ 21%] Building C object src/libical/CMakeFiles/ical-static.dir/icalderivedparameter.c.o
[ 22%] Building C object src/libical/CMakeFiles/ical-static.dir/icalrestriction.c.o
[ 22%] Building C object src/libical/CMakeFiles/ical-static.dir/icalderivedvalue.c.o
[ 23%] Building C object src/libical/CMakeFiles/ical-static.dir/icalarray.c.o
[ 23%] Building C object src/libical/CMakeFiles/ical-static.dir/icalattach.c.o
[ 23%] Building C object src/libical/CMakeFiles/ical-static.dir/icalcomponent.c.o
[ 24%] Building C object src/libical/CMakeFiles/ical-static.dir/icalenums.c.o
[ 24%] Building C object src/libical/CMakeFiles/ical-static.dir/icalerror.c.o
[ 25%] Building C object src/libical/CMakeFiles/ical-static.dir/icalmemory.c.o
[ 25%] Building C object src/libical/CMakeFiles/ical-static.dir/icalmime.c.o
[ 26%] Building C object src/libical/CMakeFiles/ical-static.dir/icalparameter.c.o
[ 26%] Building C object src/libical/CMakeFiles/ical-static.dir/icalparser.c.o
[ 26%] Building C object src/libical/CMakeFiles/ical-static.dir/icalproperty.c.o
[ 27%] Building C object src/libical/CMakeFiles/ical-static.dir/icalrecur.c.o
[ 27%] Building C object src/libical/CMakeFiles/ical-static.dir/icaltime.c.o
[ 28%] Building C object src/libical/CMakeFiles/ical-static.dir/icaltz-util.c.o
[ 28%] Building C object src/libical/CMakeFiles/ical-static.dir/icaltimezone.c.o
[ 28%] Building C object src/libical/CMakeFiles/ical-static.dir/icalduration.c.o
[ 29%] Building C object src/libical/CMakeFiles/ical-static.dir/icalperiod.c.o
[ 29%] Building C object src/libical/CMakeFiles/ical-static.dir/icaltypes.c.o
[ 30%] Building C object src/libical/CMakeFiles/ical-static.dir/icalvalue.c.o
[ 30%] Building C object src/libical/CMakeFiles/ical-static.dir/pvl.c.o
[ 30%] Building C object src/libical/CMakeFiles/ical-static.dir/sspm.c.o
[ 31%] Building C object src/libical/CMakeFiles/ical-static.dir/icallangbind.c.o
[ 31%] Building C object src/libical/CMakeFiles/ical-static.dir/caldate.c.o
[ 32%] Linking C static library ../../lib/libical.a
[ 35%] Built target ical-static
Scanning dependencies of target ical_cxx
[ 35%] Building CXX object src/libical/CMakeFiles/ical_cxx.dir/icalparameter_cxx.cpp.o
[ 35%] Building CXX object src/libical/CMakeFiles/ical_cxx.dir/icalproperty_cxx.cpp.o
[ 36%] Building CXX object src/libical/CMakeFiles/ical_cxx.dir/icalvalue_cxx.cpp.o
[ 36%] Building CXX object src/libical/CMakeFiles/ical_cxx.dir/vcomponent_cxx.cpp.o
[ 37%] Linking CXX shared library ../../lib/libical_cxx.so
[ 37%] Built target ical_cxx
Scanning dependencies of target gir-typelibs-ICal_3_0_gir
[ 37%] Generating ICal-3.0.typelib
[ 38%] Built target gir-typelibs-ICal_3_0_gir
Scanning dependencies of target icalss-header
[ 38%] Generating icalss.h
[ 38%] Built target icalss-header
Scanning dependencies of target icalss_cxx-static
[ 39%] Building CXX object src/libicalss/CMakeFiles/icalss_cxx-static.dir/icalspanlist_cxx.cpp.o
[ 39%] Linking CXX static library ../../lib/libicalss_cxx.a
[ 39%] Built target icalss_cxx-static
Scanning dependencies of target icalss
[ 40%] Building C object src/libicalss/CMakeFiles/icalss.dir/icalcalendar.c.o
[ 40%] Building C object src/libicalss/CMakeFiles/icalss.dir/icalclassify.c.o
[ 41%] Building C object src/libicalss/CMakeFiles/icalss.dir/icalcluster.c.o
[ 41%] Building C object src/libicalss/CMakeFiles/icalss.dir/icalgauge.c.o
[ 41%] Building C object src/libicalss/CMakeFiles/icalss.dir/icaldirset.c.o
[ 42%] Building C object src/libicalss/CMakeFiles/icalss.dir/icalfileset.c.o
[ 42%] Building C object src/libicalss/CMakeFiles/icalss.dir/icalset.c.o
[ 43%] Building C object src/libicalss/CMakeFiles/icalss.dir/icalspanlist.c.o
[ 43%] Building C object src/libicalss/CMakeFiles/icalss.dir/icalmessage.c.o
[ 44%] Building C object src/libicalss/CMakeFiles/icalss.dir/icalsslexer.c.o
[ 44%] Building C object src/libicalss/CMakeFiles/icalss.dir/icalssyacc.c.o
[ 44%] Building C object src/libicalss/CMakeFiles/icalss.dir/icalbdbset.c.o
[ 45%] Linking C shared library ../../lib/libicalss.so
[ 45%] Built target icalss
Scanning dependencies of target icalss_cxx
[ 46%] Building CXX object src/libicalss/CMakeFiles/icalss_cxx.dir/icalspanlist_cxx.cpp.o
[ 46%] Linking CXX shared library ../../lib/libicalss_cxx.so
[ 46%] Built target icalss_cxx
Scanning dependencies of target icalss-static
[ 47%] Building C object src/libicalss/CMakeFiles/icalss-static.dir/icalcalendar.c.o
[ 47%] Building C object src/libicalss/CMakeFiles/icalss-static.dir/icalclassify.c.o
[ 47%] Building C object src/libicalss/CMakeFiles/icalss-static.dir/icalcluster.c.o
[ 48%] Building C object src/libicalss/CMakeFiles/icalss-static.dir/icalgauge.c.o
[ 48%] Building C object src/libicalss/CMakeFiles/icalss-static.dir/icaldirset.c.o
[ 49%] Building C object src/libicalss/CMakeFiles/icalss-static.dir/icalfileset.c.o
[ 49%] Building C object src/libicalss/CMakeFiles/icalss-static.dir/icalset.c.o
[ 49%] Building C object src/libicalss/CMakeFiles/icalss-static.dir/icalspanlist.c.o
[ 50%] Building C object src/libicalss/CMakeFiles/icalss-static.dir/icalmessage.c.o
[ 50%] Building C object src/libicalss/CMakeFiles/icalss-static.dir/icalsslexer.c.o
[ 51%] Building C object src/libicalss/CMakeFiles/icalss-static.dir/icalssyacc.c.o
[ 51%] Building C object src/libicalss/CMakeFiles/icalss-static.dir/icalbdbset.c.o
[ 51%] Linking C static library ../../lib/libicalss.a
[ 51%] Built target icalss-static
Scanning dependencies of target icalvcal-static
[ 51%] Building C object src/libicalvcal/CMakeFiles/icalvcal-static.dir/icalvcal.c.o
[ 52%] Building C object src/libicalvcal/CMakeFiles/icalvcal-static.dir/vobject.c.o
[ 52%] Building C object src/libicalvcal/CMakeFiles/icalvcal-static.dir/vcaltmp.c.o
[ 53%] Building C object src/libicalvcal/CMakeFiles/icalvcal-static.dir/vcc.c.o
[ 53%] Linking C static library ../../lib/libicalvcal.a
[ 53%] Built target icalvcal-static
Scanning dependencies of target icalvcal
[ 53%] Building C object src/libicalvcal/CMakeFiles/icalvcal.dir/icalvcal.c.o
[ 54%] Building C object src/libicalvcal/CMakeFiles/icalvcal.dir/vobject.c.o
[ 54%] Building C object src/libicalvcal/CMakeFiles/icalvcal.dir/vcaltmp.c.o
[ 55%] Building C object src/libicalvcal/CMakeFiles/icalvcal.dir/vcc.c.o
[ 55%] Linking C shared library ../../lib/libicalvcal.so
[ 55%] Built target icalvcal
Scanning dependencies of target src-generator
[ 55%] Building C object src/libical-glib/CMakeFiles/src-generator.dir/tools/generator.c.o
[ 56%] Building C object src/libical-glib/CMakeFiles/src-generator.dir/tools/xml-parser.c.o
[ 56%] Linking C executable ../../bin/src-generator
[ 56%] Built target src-generator
[ 57%] Generating i-cal-array.h, i-cal-array.c, i-cal-attach.h, i-cal-attach.c, i-cal-comp-iter.h, i-cal-comp-iter.c, i-cal-component.h, i-cal-component.c, i-cal-datetimeperiod.h, i-cal-datetimeperiod.c, i-cal-derived-parameter.h, i-cal-derived-parameter.c, i-cal-derived-property.h, i-cal-derived-property.c, i-cal-derived-value.h, i-cal-derived-value.c, i-cal-duration.h, i-cal-duration.c, i-cal-enums.h, i-cal-enums.c, i-cal-error.h, i-cal-error.c, i-cal-geo.h, i-cal-geo.c, i-cal-memory.h, i-cal-memory.c, i-cal-mime.h, i-cal-mime.c, i-cal-parameter.h, i-cal-parameter.c, i-cal-parser.h, i-cal-parser.c, i-cal-period.h, i-cal-period.c, i-cal-property.h, i-cal-property.c, i-cal-recur-iterator.h, i-cal-recur-iterator.c, i-cal-recurrence.h, i-cal-recurrence.c, i-cal-recur.h, i-cal-recur.c, i-cal-reqstat.h, i-cal-reqstat.c, i-cal-restriction.h, i-cal-restriction.c, i-cal-time-span.h, i-cal-time-span.c, i-cal-time.h, i-cal-time.c, i-cal-timezone.h, i-cal-timezone.c, i-cal-trigger.h, i-cal-trigger.c, i-cal-unknowntokenhandling.h, i-cal-unknowntokenhandling.c, i-cal-value.h, i-cal-value.c, libical-glib-private.h, i-cal-forward-declarations.h
Scanning dependencies of target ical-glib
[ 57%] Building C object src/libical-glib/CMakeFiles/ical-glib.dir/i-cal-array.c.o
[ 57%] Building C object src/libical-glib/CMakeFiles/ical-glib.dir/i-cal-attach.c.o
[ 58%] Building C object src/libical-glib/CMakeFiles/ical-glib.dir/i-cal-comp-iter.c.o
[ 58%] Building C object src/libical-glib/CMakeFiles/ical-glib.dir/i-cal-component.c.o
[ 59%] Building C object src/libical-glib/CMakeFiles/ical-glib.dir/i-cal-datetimeperiod.c.o
[ 59%] Building C object src/libical-glib/CMakeFiles/ical-glib.dir/i-cal-derived-parameter.c.o
[ 60%] Building C object src/libical-glib/CMakeFiles/ical-glib.dir/i-cal-derived-property.c.o
[ 60%] Building C object src/libical-glib/CMakeFiles/ical-glib.dir/i-cal-derived-value.c.o
[ 60%] Building C object src/libical-glib/CMakeFiles/ical-glib.dir/i-cal-duration.c.o
[ 61%] Building C object src/libical-glib/CMakeFiles/ical-glib.dir/i-cal-enums.c.o
[ 61%] Building C object src/libical-glib/CMakeFiles/ical-glib.dir/i-cal-error.c.o
[ 62%] Building C object src/libical-glib/CMakeFiles/ical-glib.dir/i-cal-geo.c.o
[ 62%] Building C object src/libical-glib/CMakeFiles/ical-glib.dir/i-cal-memory.c.o
[ 62%] Building C object src/libical-glib/CMakeFiles/ical-glib.dir/i-cal-mime.c.o
[ 63%] Building C object src/libical-glib/CMakeFiles/ical-glib.dir/i-cal-parameter.c.o
[ 63%] Building C object src/libical-glib/CMakeFiles/ical-glib.dir/i-cal-parser.c.o
[ 64%] Building C object src/libical-glib/CMakeFiles/ical-glib.dir/i-cal-period.c.o
[ 64%] Building C object src/libical-glib/CMakeFiles/ical-glib.dir/i-cal-property.c.o
[ 64%] Building C object src/libical-glib/CMakeFiles/ical-glib.dir/i-cal-recur-iterator.c.o
[ 65%] Building C object src/libical-glib/CMakeFiles/ical-glib.dir/i-cal-recurrence.c.o
[ 65%] Building C object src/libical-glib/CMakeFiles/ical-glib.dir/i-cal-recur.c.o
[ 66%] Building C object src/libical-glib/CMakeFiles/ical-glib.dir/i-cal-reqstat.c.o
[ 66%] Building C object src/libical-glib/CMakeFiles/ical-glib.dir/i-cal-restriction.c.o
[ 66%] Building C object src/libical-glib/CMakeFiles/ical-glib.dir/i-cal-time-span.c.o
[ 67%] Building C object src/libical-glib/CMakeFiles/ical-glib.dir/i-cal-time.c.o
[ 67%] Building C object src/libical-glib/CMakeFiles/ical-glib.dir/i-cal-timezone.c.o
[ 68%] Building C object src/libical-glib/CMakeFiles/ical-glib.dir/i-cal-trigger.c.o
[ 68%] Building C object src/libical-glib/CMakeFiles/ical-glib.dir/i-cal-unknowntokenhandling.c.o
[ 69%] Building C object src/libical-glib/CMakeFiles/ical-glib.dir/i-cal-value.c.o
[ 69%] Building C object src/libical-glib/CMakeFiles/ical-glib.dir/i-cal-object.c.o
/tmp/autopkgtest.lCCRq8/build.7od/src/build/src/libical-glib/i-cal-object.c: In function ‘i_cal_object_class_init’:
/tmp/autopkgtest.lCCRq8/build.7od/src/build/src/libical-glib/i-cal-object.c:216:5: warning: ‘g_type_class_add_private’ is deprecated [-Wdeprecated-declarations]
  216 |     g_type_class_add_private(class, sizeof(ICalObjectPrivate));
      |     ^~~~~~~~~~~~~~~~~~~~~~~~
In file included from /usr/include/glib-2.0/gobject/gobject.h:24,
                 from /usr/include/glib-2.0/gobject/gbinding.h:29,
                 from /usr/include/glib-2.0/glib-object.h:22,
                 from /tmp/autopkgtest.lCCRq8/build.7od/src/build/src/libical-glib/i-cal-object.h:26,
                 from /tmp/autopkgtest.lCCRq8/build.7od/src/build/src/libical-glib/i-cal-object.c:21:
/usr/include/glib-2.0/gobject/gtype.h:1308:10: note: declared here
 1308 | void     g_type_class_add_private       (gpointer                    g_class,
      |          ^~~~~~~~~~~~~~~~~~~~~~~~
/tmp/autopkgtest.lCCRq8/build.7od/src/build/src/libical-glib/i-cal-object.c: In function ‘i_cal_object_init’:
/tmp/autopkgtest.lCCRq8/build.7od/src/build/src/libical-glib/i-cal-object.c:292:13: warning: Deprecated pre-processor symbol, replace with 
  292 |     iobject->priv = G_TYPE_INSTANCE_GET_PRIVATE(iobject, I_CAL_TYPE_OBJECT, ICalObjectPrivate);
      |             ^~~~~~~~~~~~~~~~~~~~~~~~~~~~~~~~~~~~~~~~~~~~~~~~
[ 69%] Linking C shared library ../../lib/libical-glib.so
[ 69%] Built target ical-glib
Scanning dependencies of target gir-typelibs-ICalGLib_3_0_gir
[ 70%] Generating ICalGLib-3.0.gir
/usr/bin/cc -E -DLIBICAL_GLIB_COMPILATION -I. -I/tmp/autopkgtest.lCCRq8/build.7od/src/build/src -I/tmp/autopkgtest.lCCRq8/build.7od/src/build/src/libical -I/tmp/autopkgtest.lCCRq8/build.7od/src/build/src/libical-glib -I/tmp/autopkgtest.lCCRq8/build.7od/src/build/lib -I/tmp/autopkgtest.lCCRq8/build.7od/src/src -I/tmp/autopkgtest.lCCRq8/build.7od/src/src/libical -I/usr/include/glib-2.0 -I/usr/lib/riscv64-linux-gnu/glib-2.0/include -I/tmp/autopkgtest.lCCRq8/build.7od/src/src/libical-glib -o g-ir-cpp-tm2rr7g5.i -C /tmp/autopkgtest.lCCRq8/build.7od/src/build/src/libical-glib/g-ir-cpp-tm2rr7g5.c
/usr/bin/cc -I/usr/include/glib-2.0 -I/usr/lib/riscv64-linux-gnu/glib-2.0/include -I/tmp/autopkgtest.lCCRq8/build.7od/src/build/src/libical-glib -I/tmp/autopkgtest.lCCRq8/build.7od/src/src/libical-glib -I/tmp/autopkgtest.lCCRq8/build.7od/src/build/src/libical -I/tmp/autopkgtest.lCCRq8/build.7od/src/src/libical -I/tmp/autopkgtest.lCCRq8/build.7od/src/build/src/libical-glib -I/usr/include/glib-2.0 -I/usr/lib/riscv64-linux-gnu/glib-2.0/include -I/usr/include/libmount -I/usr/include/blkid -I/usr/include/glib-2.0 -I/usr/lib/riscv64-linux-gnu/glib-2.0/include -I/tmp/autopkgtest.lCCRq8/build.7od/src/build/src -I/tmp/autopkgtest.lCCRq8/build.7od/src/build/src/libical -I/tmp/autopkgtest.lCCRq8/build.7od/src/build/src/libical-glib -I/tmp/autopkgtest.lCCRq8/build.7od/src/build/lib -I/tmp/autopkgtest.lCCRq8/build.7od/src/src -I/tmp/autopkgtest.lCCRq8/build.7od/src/src/libical -c /tmp/autopkgtest.lCCRq8/build.7od/src/build/src/libical-glib/tmp-introspectn3_y0ff9/ICalGLib-3.0.c -o /tmp/autopkgtest.lCCRq8/build.7od/src/build/src/libical-glib/tmp-introspectn3_y0ff9/ICalGLib-3.0.o -Wno-deprecated-declarations -pthread
g-ir-scanner: link: /usr/bin/cc -o /tmp/autopkgtest.lCCRq8/build.7od/src/build/src/libical-glib/tmp-introspectn3_y0ff9/ICalGLib-3.0 /tmp/autopkgtest.lCCRq8/build.7od/src/build/src/libical-glib/tmp-introspectn3_y0ff9/ICalGLib-3.0.o -L. -Wl,-rpath,. -Wl,--no-as-needed -L/tmp/autopkgtest.lCCRq8/build.7od/src/build/lib -Wl,-rpath,/tmp/autopkgtest.lCCRq8/build.7od/src/build/lib -lical-glib -lgio-2.0 -lgobject-2.0 -Wl,--export-dynamic -lgmodule-2.0 -pthread -lglib-2.0
[ 70%] Generating ICalGLib-3.0.typelib
[ 70%] Built target gir-typelibs-ICalGLib_3_0_gir
Scanning dependencies of target valafile
[ 71%] Generating libical-glib.vapi
Generation succeeded - 0 warning(s)
[ 72%] Built target valafile
Scanning dependencies of target vala
[ 72%] Built target vala
Scanning dependencies of target ical-glib-static
[ 72%] Building C object src/libical-glib/CMakeFiles/ical-glib-static.dir/i-cal-array.c.o
[ 73%] Building C object src/libical-glib/CMakeFiles/ical-glib-static.dir/i-cal-attach.c.o
[ 73%] Building C object src/libical-glib/CMakeFiles/ical-glib-static.dir/i-cal-comp-iter.c.o
[ 73%] Building C object src/libical-glib/CMakeFiles/ical-glib-static.dir/i-cal-component.c.o
[ 74%] Building C object src/libical-glib/CMakeFiles/ical-glib-static.dir/i-cal-datetimeperiod.c.o
[ 74%] Building C object src/libical-glib/CMakeFiles/ical-glib-static.dir/i-cal-derived-parameter.c.o
[ 75%] Building C object src/libical-glib/CMakeFiles/ical-glib-static.dir/i-cal-derived-property.c.o
[ 75%] Building C object src/libical-glib/CMakeFiles/ical-glib-static.dir/i-cal-derived-value.c.o
[ 75%] Building C object src/libical-glib/CMakeFiles/ical-glib-static.dir/i-cal-duration.c.o
[ 76%] Building C object src/libical-glib/CMakeFiles/ical-glib-static.dir/i-cal-enums.c.o
[ 76%] Building C object src/libical-glib/CMakeFiles/ical-glib-static.dir/i-cal-error.c.o
[ 77%] Building C object src/libical-glib/CMakeFiles/ical-glib-static.dir/i-cal-geo.c.o
[ 77%] Building C object src/libical-glib/CMakeFiles/ical-glib-static.dir/i-cal-memory.c.o
[ 77%] Building C object src/libical-glib/CMakeFiles/ical-glib-static.dir/i-cal-mime.c.o
[ 78%] Building C object src/libical-glib/CMakeFiles/ical-glib-static.dir/i-cal-parameter.c.o
[ 78%] Building C object src/libical-glib/CMakeFiles/ical-glib-static.dir/i-cal-parser.c.o
[ 79%] Building C object src/libical-glib/CMakeFiles/ical-glib-static.dir/i-cal-period.c.o
[ 79%] Building C object src/libical-glib/CMakeFiles/ical-glib-static.dir/i-cal-property.c.o
[ 80%] Building C object src/libical-glib/CMakeFiles/ical-glib-static.dir/i-cal-recur-iterator.c.o
[ 80%] Building C object src/libical-glib/CMakeFiles/ical-glib-static.dir/i-cal-recurrence.c.o
[ 80%] Building C object src/libical-glib/CMakeFiles/ical-glib-static.dir/i-cal-recur.c.o
[ 81%] Building C object src/libical-glib/CMakeFiles/ical-glib-static.dir/i-cal-reqstat.c.o
[ 81%] Building C object src/libical-glib/CMakeFiles/ical-glib-static.dir/i-cal-restriction.c.o
[ 82%] Building C object src/libical-glib/CMakeFiles/ical-glib-static.dir/i-cal-time-span.c.o
[ 82%] Building C object src/libical-glib/CMakeFiles/ical-glib-static.dir/i-cal-time.c.o
[ 82%] Building C object src/libical-glib/CMakeFiles/ical-glib-static.dir/i-cal-timezone.c.o
[ 83%] Building C object src/libical-glib/CMakeFiles/ical-glib-static.dir/i-cal-trigger.c.o
[ 83%] Building C object src/libical-glib/CMakeFiles/ical-glib-static.dir/i-cal-unknowntokenhandling.c.o
[ 84%] Building C object src/libical-glib/CMakeFiles/ical-glib-static.dir/i-cal-value.c.o
[ 84%] Building C object src/libical-glib/CMakeFiles/ical-glib-static.dir/i-cal-object.c.o
/tmp/autopkgtest.lCCRq8/build.7od/src/build/src/libical-glib/i-cal-object.c: In function ‘i_cal_object_class_init’:
/tmp/autopkgtest.lCCRq8/build.7od/src/build/src/libical-glib/i-cal-object.c:216:5: warning: ‘g_type_class_add_private’ is deprecated [-Wdeprecated-declarations]
  216 |     g_type_class_add_private(class, sizeof(ICalObjectPrivate));
      |     ^~~~~~~~~~~~~~~~~~~~~~~~
In file included from /usr/include/glib-2.0/gobject/gobject.h:24,
                 from /usr/include/glib-2.0/gobject/gbinding.h:29,
                 from /usr/include/glib-2.0/glib-object.h:22,
                 from /tmp/autopkgtest.lCCRq8/build.7od/src/build/src/libical-glib/i-cal-object.h:26,
                 from /tmp/autopkgtest.lCCRq8/build.7od/src/build/src/libical-glib/i-cal-object.c:21:
/usr/include/glib-2.0/gobject/gtype.h:1308:10: note: declared here
 1308 | void     g_type_class_add_private       (gpointer                    g_class,
      |          ^~~~~~~~~~~~~~~~~~~~~~~~
/tmp/autopkgtest.lCCRq8/build.7od/src/build/src/libical-glib/i-cal-object.c: In function ‘i_cal_object_init’:
/tmp/autopkgtest.lCCRq8/build.7od/src/build/src/libical-glib/i-cal-object.c:292:13: warning: Deprecated pre-processor symbol, replace with 
  292 |     iobject->priv = G_TYPE_INSTANCE_GET_PRIVATE(iobject, I_CAL_TYPE_OBJECT, ICalObjectPrivate);
      |             ^~~~~~~~~~~~~~~~~~~~~~~~~~~~~~~~~~~~~~~~~~~~~~~~
[ 84%] Linking C static library ../../lib/libical-glib.a
[ 85%] Built target ical-glib-static
Scanning dependencies of target gir-girs-ICalGLib_3_0_gir
[ 85%] Built target gir-girs-ICalGLib_3_0_gir
Scanning dependencies of target copycluster
[ 86%] Building C object src/test/CMakeFiles/copycluster.dir/copycluster.c.o
[ 86%] Linking C executable copycluster
[ 86%] Built target copycluster
Scanning dependencies of target regression
[ 87%] Building C object src/test/CMakeFiles/regression.dir/regression.c.o
[ 87%] Building C object src/test/CMakeFiles/regression.dir/regression-component.c.o
[ 88%] Building C object src/test/CMakeFiles/regression.dir/regression-classify.c.o
[ 88%] Building C object src/test/CMakeFiles/regression.dir/regression-utils.c.o
[ 89%] Building C object src/test/CMakeFiles/regression.dir/regression-recur.c.o
[ 89%] Building C object src/test/CMakeFiles/regression.dir/regression-storage.c.o
[ 89%] Building CXX object src/test/CMakeFiles/regression.dir/regression-cxx.cpp.o
[ 90%] Linking CXX executable regression
[ 90%] Built target regression
Scanning dependencies of target parser
[ 90%] Building C object src/test/CMakeFiles/parser.dir/icaltestparser.c.o
[ 91%] Linking C executable parser
[ 91%] Built target parser
Scanning dependencies of target icaltm_test
[ 92%] Building C object src/test/CMakeFiles/icaltm_test.dir/icaltm_test.c.o
[ 92%] Linking C executable icaltm_test
[ 92%] Built target icaltm_test
Scanning dependencies of target stow
[ 92%] Building C object src/test/CMakeFiles/stow.dir/stow.c.o
[ 93%] Linking C executable stow
[ 93%] Built target stow
Scanning dependencies of target recur
[ 93%] Building C object src/test/CMakeFiles/recur.dir/recur.c.o
[ 93%] Linking C executable recur
[ 93%] Built target recur
Scanning dependencies of target testmime
[ 93%] Building C object src/test/CMakeFiles/testmime.dir/testmime.c.o
[ 94%] Linking C executable testmime
[ 94%] Built target testmime
Scanning dependencies of target icalrecur_test
[ 94%] Building C object src/test/CMakeFiles/icalrecur_test.dir/icalrecur_test.c.o
[ 95%] Linking C executable icalrecur_test
[ 95%] Built target icalrecur_test
Scanning dependencies of target testvcal
[ 95%] Building C object src/test/CMakeFiles/testvcal.dir/testvcal.c.o
[ 95%] Linking C executable testvcal
[ 95%] Built target testvcal
Scanning dependencies of target process
[ 95%] Building C object src/test/CMakeFiles/process.dir/process.c.o
[ 96%] Linking C executable process
[ 96%] Built target process
Scanning dependencies of target timezones
[ 97%] Building C object src/test/CMakeFiles/timezones.dir/timezones.c.o
[ 97%] Linking C executable timezones
[ 97%] Built target timezones
Scanning dependencies of target builtin_timezones
[ 97%] Building C object src/test/CMakeFiles/builtin_timezones.dir/builtin_timezones.c.o
[ 97%] Linking C executable builtin_timezones
[ 97%] Built target builtin_timezones
Scanning dependencies of target icalrecurtest
[ 97%] Building C object src/test/CMakeFiles/icalrecurtest.dir/icalrecur_test.c.o
[ 97%] Linking C executable icalrecurtest
[ 97%] Built target icalrecurtest
Scanning dependencies of target doesnothing
[ 98%] Building C object examples/CMakeFiles/doesnothing.dir/access_components.c.o
[ 98%] Building C object examples/CMakeFiles/doesnothing.dir/access_properties_and_parameters.c.o
[ 98%] Building C object examples/CMakeFiles/doesnothing.dir/errors.c.o
[ 99%] Building C object examples/CMakeFiles/doesnothing.dir/main.c.o
[ 99%] Building C object examples/CMakeFiles/doesnothing.dir/parse_text.c.o
[100%] Linking C executable ../bin/doesnothing
[100%] Built target doesnothing
Scanning dependencies of target gtkdoc-libical-glib
[100%] Generating libical-glib documentation
libical-glib-scan.c: In function ‘output_object_actions’:
libical-glib-scan.c:599:30: warning: unused parameter ‘fp’ [-Wunused-parameter]
  599 | output_object_actions (FILE *fp, GType object_type)
      |                        ~~~~~~^~
unknown:0: warning: Value descriptions for ICalParameterKind are missing in source code comment block.
unknown:0: warning: Value descriptions for ICalParameterAction are missing in source code comment block.
unknown:0: warning: Value descriptions for ICalParameterCutype are missing in source code comment block.
unknown:0: warning: Value descriptions for ICalParameterEnable are missing in source code comment block.
unknown:0: warning: Value descriptions for ICalParameterEncoding are missing in source code comment block.
unknown:0: warning: Value descriptions for ICalParameterFbtype are missing in source code comment block.
unknown:0: warning: Value descriptions for ICalParameterLocal are missing in source code comment block.
unknown:0: warning: Value descriptions for ICalParameterPartstat are missing in source code comment block.
unknown:0: warning: Value descriptions for ICalParameterRange are missing in source code comment block.
unknown:0: warning: Value descriptions for ICalParameterRelated are missing in source code comment block.
unknown:0: warning: Value descriptions for ICalParameterReltype are missing in source code comment block.
unknown:0: warning: Value descriptions for ICalParameterRequired are missing in source code comment block.
unknown:0: warning: Value descriptions for ICalParameterRole are missing in source code comment block.
unknown:0: warning: Value descriptions for ICalParameterRsvp are missing in source code comment block.
unknown:0: warning: Value descriptions for ICalParameterScheduleagent are missing in source code comment block.
unknown:0: warning: Value descriptions for ICalParameterScheduleforcesend are missing in source code comment block.
unknown:0: warning: Value descriptions for ICalParameterStayinformed are missing in source code comment block.
unknown:0: warning: Value descriptions for ICalParameterSubstate are missing in source code comment block.
unknown:0: warning: Value descriptions for ICalParameterValue are missing in source code comment block.
unknown:0: warning: Value descriptions for ICalParameterXliccomparetype are missing in source code comment block.
unknown:0: warning: Value descriptions for ICalParameterXlicerrortype are missing in source code comment block.
unknown:0: warning: Value descriptions for ICalPropertyKind are missing in source code comment block.
unknown:0: warning: Value descriptions for ICalValueKind are missing in source code comment block.
unknown:0: warning: Value descriptions for ICalPropertyAction are missing in source code comment block.
unknown:0: warning: Value descriptions for ICalPropertyBusytype are missing in source code comment block.
unknown:0: warning: Value descriptions for ICalPropertyCarlevel are missing in source code comment block.
unknown:0: warning: Value descriptions for ICalProperty_Class are missing in source code comment block.
unknown:0: warning: Value descriptions for ICalPropertyCmd are missing in source code comment block.
unknown:0: warning: Value descriptions for ICalPropertyMethod are missing in source code comment block.
unknown:0: warning: Value descriptions for ICalPropertyPollcompletion are missing in source code comment block.
unknown:0: warning: Value descriptions for ICalPropertyPollmode are missing in source code comment block.
unknown:0: warning: Value descriptions for ICalPropertyQuerylevel are missing in source code comment block.
unknown:0: warning: Value descriptions for ICalPropertyStatus are missing in source code comment block.
unknown:0: warning: Value descriptions for ICalPropertyTaskmode are missing in source code comment block.
unknown:0: warning: Value descriptions for ICalPropertyTransp are missing in source code comment block.
unknown:0: warning: Value descriptions for ICalPropertyXlicclass are missing in source code comment block.
unknown:0: warning: Value descriptions for ICalComponentKind are missing in source code comment block.
unknown:0: warning: Value descriptions for ICalRequestStatus are missing in source code comment block.
unknown:0: warning: Value descriptions for ICalErrorEnum are missing in source code comment block.
unknown:0: warning: Value descriptions for ICalErrorState are missing in source code comment block.
unknown:0: warning: Value descriptions for ICalParserState are missing in source code comment block.
unknown:0: warning: Value descriptions for ICalRecurrenceFrequency are missing in source code comment block.
unknown:0: warning: Value descriptions for ICalRecurrenceWeekday are missing in source code comment block.
unknown:0: warning: Value descriptions for ICalRecurrenceSkip are missing in source code comment block.
unknown:0: warning: Value descriptions for ICalRecurrenceArrayMaxValues are missing in source code comment block.
unknown:0: warning: Value descriptions for ICalRecurrenceArraySizes are missing in source code comment block.
unknown:0: warning: Value descriptions for ICalRestrictionKind are missing in source code comment block.
unknown:0: warning: Value descriptions for ICalUnknowntokenhandling are missing in source code comment block.
html/ICalAttach.html:172: warning: no link for: "GFunc" -> (<span class="type">GFunc</span>).
html/ICalAttach.html:214: warning: no link for: "GBytes" -> (<span class="type">GBytes</span>).
html/ICalAttach.html:343: warning: no link for: "NULL:CAPS" -> (<code class="literal">NULL</code>).
html/ICalRecurrence.html:1095: warning: no link for: "GArray" -> (<span class="type">GArray</span>).
html/ICalTimeSpan.html:147: warning: no link for: "g-object-unref" -> (<code class="function">g_object_unref()</code>).
html/ICalTimezone.html:1183: warning: no link for: "FILE:CAPS" -> (<span class="type">FILE</span>).
html/api-index-full.html:27: warning: no link for: "libical-glib-i-cal-forward-declarations" -> (i-cal-forward-declarations).
[100%] Built target gtkdoc-libical-glib
Scanning dependencies of target gtkdocs
[100%] Built target gtkdocs
Running tests...
Test project /tmp/autopkgtest.lCCRq8/build.7od/src/build
      Start  1: regression
 1/57 Test  #1: regression .......................   Passed    3.12 sec
      Start  2: parser-0
 2/57 Test  #2: parser-0 .........................   Passed    0.08 sec
      Start  3: parser-1-1
 3/57 Test  #3: parser-1-1 .......................   Passed    0.07 sec
      Start  4: parser-1
 4/57 Test  #4: parser-1 .........................   Passed    0.07 sec
      Start  5: parser-2
 5/57 Test  #5: parser-2 .........................   Passed    0.07 sec
      Start  6: parser-2445
 6/57 Test  #6: parser-2445 ......................   Passed    0.08 sec
      Start  7: parser-2446
 7/57 Test  #7: parser-2446 ......................   Passed    0.12 sec
      Start  8: parser-3
 8/57 Test  #8: parser-3 .........................   Passed    0.07 sec
      Start  9: parser-4
 9/57 Test  #9: parser-4 .........................   Passed    0.06 sec
      Start 10: parser-5
10/57 Test #10: parser-5 .........................   Passed    0.07 sec
      Start 11: parser-6
11/57 Test #11: parser-6 .........................   Passed    0.06 sec
      Start 12: parser-7
12/57 Test #12: parser-7 .........................   Passed    0.06 sec
      Start 13: parser-8
13/57 Test #13: parser-8 .........................   Passed    0.07 sec
      Start 14: parser-calendar
14/57 Test #14: parser-calendar ..................   Passed    0.07 sec
      Start 15: parser-caltime
15/57 Test #15: parser-caltime ...................   Passed    0.07 sec
      Start 16: parser-classify
16/57 Test #16: parser-classify ..................   Passed    0.07 sec
      Start 17: parser-crash
17/57 Test #17: parser-crash .....................   Passed    0.07 sec
      Start 18: parser-get_char_test
18/57 Test #18: parser-get_char_test .............   Passed    0.11 sec
      Start 19: parser-incoming
19/57 Test #19: parser-incoming ..................   Passed    0.08 sec
      Start 20: parser-issue250
20/57 Test #20: parser-issue250 ..................   Passed    0.05 sec
      Start 21: parser-issue251
21/57 Test #21: parser-issue251 ..................   Passed    0.06 sec
      Start 22: parser-issue252
22/57 Test #22: parser-issue252 ..................   Passed    0.08 sec
      Start 23: parser-issue253
23/57 Test #23: parser-issue253 ..................   Passed    0.08 sec
      Start 24: parser-issue339
24/57 Test #24: parser-issue339 ..................   Passed    0.06 sec
      Start 25: parser-large
25/57 Test #25: parser-large .....................   Passed    1.32 sec
      Start 26: parser-malloc
26/57 Test #26: parser-malloc ....................   Passed    0.09 sec
      Start 27: parser-overlaps
27/57 Test #27: parser-overlaps ..................   Passed    0.07 sec
      Start 28: parser-process-calendar
28/57 Test #28: parser-process-calendar ..........   Passed    0.07 sec
      Start 29: parser-process-incoming
29/57 Test #29: parser-process-incoming ..........   Passed    0.06 sec
      Start 30: parser-recur-errors
30/57 Test #30: parser-recur-errors ..............   Passed    0.07 sec
      Start 31: parser-restriction
31/57 Test #31: parser-restriction ...............   Passed    0.07 sec
      Start 32: parser-smallcluster
32/57 Test #32: parser-smallcluster ..............   Passed    0.07 sec
      Start 33: parser-spanlist
33/57 Test #33: parser-spanlist ..................   Passed    0.06 sec
      Start 34: parser-stresstest
34/57 Test #34: parser-stresstest ................   Passed    0.09 sec
      Start 35: parser-zday
35/57 Test #35: parser-zday ......................   Passed    0.08 sec
      Start 36: recur
36/57 Test #36: recur ............................   Passed    1.18 sec
      Start 37: icaltm_test
37/57 Test #37: icaltm_test ......................   Passed    1.74 sec
      Start 38: testmime
38/57 Test #38: testmime .........................   Passed    0.05 sec
      Start 39: testvcal
39/57 Test #39: testvcal .........................   Passed    0.07 sec
      Start 40: process
40/57 Test #40: process ..........................   Passed    0.15 sec
      Start 41: timezones
41/57 Test #41: timezones ........................   Passed   10.92 sec
      Start 42: builtin_timezones
42/57 Test #42: builtin_timezones ................   Passed   76.17 sec
      Start 43: icalrecurtest-r
43/57 Test #43: icalrecurtest-r ..................   Passed    2.71 sec
      Start 44: icalrecurtest
44/57 Test #44: icalrecurtest ....................   Passed    0.54 sec
      Start 45: libical-glib-array
45/57 Test #45: libical-glib-array ...............   Passed    1.01 sec
      Start 46: libical-glib-attach
46/57 Test #46: libical-glib-attach ..............   Passed    0.82 sec
      Start 47: libical-glib-component
47/57 Test #47: libical-glib-component ...........   Passed    0.92 sec
      Start 48: libical-glib-comprehensive
48/57 Test #48: libical-glib-comprehensive .......   Passed    0.80 sec
      Start 49: libical-glib-duration
49/57 Test #49: libical-glib-duration ............   Passed    0.76 sec
      Start 50: libical-glib-error
50/57 Test #50: libical-glib-error ...............   Passed    0.78 sec
      Start 51: libical-glib-misc
51/57 Test #51: libical-glib-misc ................   Passed    0.77 sec
      Start 52: libical-glib-parameter
52/57 Test #52: libical-glib-parameter ...........   Passed    0.78 sec
      Start 53: libical-glib-period
53/57 Test #53: libical-glib-period ..............   Passed    0.82 sec
      Start 54: libical-glib-property
54/57 Test #54: libical-glib-property ............   Passed    0.84 sec
      Start 55: libical-glib-recurrence
55/57 Test #55: libical-glib-recurrence ..........   Passed    0.85 sec
      Start 56: libical-glib-timezone
56/57 Test #56: libical-glib-timezone ............   Passed    0.95 sec
      Start 57: libical-glib-value
57/57 Test #57: libical-glib-value ...............   Passed    0.81 sec

100% tests passed, 0 tests failed out of 57

Total Test time (real) = 111.82 sec
autopkgtest: DBG: testbed command exited with code 0
autopkgtest [11:28:01]: test unit-test: -----------------------]
autopkgtest: DBG: testbed executing test finished with exit status 0
autopkgtest: DBG: sending command to testbed: copyup /tmp/autopkgtest.lCCRq8/unit-test-stdout /home/minami/Documents/openkylin-riscv/test/libical3/unit-test-stdout
autopkgtest-virt-qemu: DBG: executing copyup /tmp/autopkgtest.lCCRq8/unit-test-stdout /home/minami/Documents/openkylin-riscv/test/libical3/unit-test-stdout
autopkgtest-virt-qemu: DBG: ['cmdls', "(['/tmp/autopkgtest-qemu.osphywfq/runcmd', 'sh', '-ec', 'cat </tmp/autopkgtest.lCCRq8/unit-test-stdout'], ['cat'])"]
autopkgtest-virt-qemu: DBG: ['srcstdin', "<_io.BufferedReader name='/dev/null'>", 'deststdout', "<_io.BufferedWriter name='/home/minami/Documents/openkylin-riscv/test/libical3/unit-test-stdout'>", 'devnull_read', <_io.BufferedReader name='/dev/null'>]
autopkgtest-virt-qemu: DBG:  +< /tmp/autopkgtest-qemu.osphywfq/runcmd sh -ec cat </tmp/autopkgtest.lCCRq8/unit-test-stdout
autopkgtest-virt-qemu: DBG:  +> cat
autopkgtest-virt-qemu: DBG:  +>?
autopkgtest-virt-qemu: DBG:  +<?
autopkgtest: DBG: got reply from testbed: ok
autopkgtest: DBG: sending command to testbed: copyup /tmp/autopkgtest.lCCRq8/unit-test-stderr /home/minami/Documents/openkylin-riscv/test/libical3/unit-test-stderr
autopkgtest-virt-qemu: DBG: executing copyup /tmp/autopkgtest.lCCRq8/unit-test-stderr /home/minami/Documents/openkylin-riscv/test/libical3/unit-test-stderr
autopkgtest-virt-qemu: DBG: ['cmdls', "(['/tmp/autopkgtest-qemu.osphywfq/runcmd', 'sh', '-ec', 'cat </tmp/autopkgtest.lCCRq8/unit-test-stderr'], ['cat'])"]
autopkgtest-virt-qemu: DBG: ['srcstdin', "<_io.BufferedReader name='/dev/null'>", 'deststdout', "<_io.BufferedWriter name='/home/minami/Documents/openkylin-riscv/test/libical3/unit-test-stderr'>", 'devnull_read', <_io.BufferedReader name='/dev/null'>]
autopkgtest-virt-qemu: DBG:  +< /tmp/autopkgtest-qemu.osphywfq/runcmd sh -ec cat </tmp/autopkgtest.lCCRq8/unit-test-stderr
autopkgtest-virt-qemu: DBG:  +> cat
autopkgtest-virt-qemu: DBG:  +>?
autopkgtest-virt-qemu: DBG:  +<?
autopkgtest: DBG: got reply from testbed: ok
autopkgtest [11:28:02]: test unit-test:  - - - - - - - - - - results - - - - - - - - - -
unit-test            PASS
autopkgtest: DBG: sending command to testbed: copyup /tmp/autopkgtest.lCCRq8/unit-test-artifacts/ /home/minami/Documents/openkylin-riscv/test/libical3/artifacts/
autopkgtest-virt-qemu: DBG: executing copyup /tmp/autopkgtest.lCCRq8/unit-test-artifacts/ /home/minami/Documents/openkylin-riscv/test/libical3/artifacts/
autopkgtest-virt-qemu: DBG: ['cmdls', "(['/tmp/autopkgtest-qemu.osphywfq/runcmd', 'sh', '-ec', 'cd /tmp/autopkgtest.lCCRq8/unit-test-artifacts/; tar --warning=none -c . -f -'], ['tar', '--directory', '/home/minami/Documents/openkylin-riscv/test/libical3/artifacts/', '--warning=none', '--preserve-permissions', '--extract', '--no-same-owner', '-f', '-'])"]
autopkgtest-virt-qemu: DBG: ['srcstdin', "<_io.BufferedReader name='/dev/null'>", 'deststdout', "<_io.BufferedReader name='/dev/null'>", 'devnull_read', <_io.BufferedReader name='/dev/null'>]
autopkgtest-virt-qemu: DBG:  +< /tmp/autopkgtest-qemu.osphywfq/runcmd sh -ec cd /tmp/autopkgtest.lCCRq8/unit-test-artifacts/; tar --warning=none -c . -f -
autopkgtest-virt-qemu: DBG:  +> tar --directory /home/minami/Documents/openkylin-riscv/test/libical3/artifacts/ --warning=none --preserve-permissions --extract --no-same-owner -f -
autopkgtest-virt-qemu: DBG:  +>?
autopkgtest-virt-qemu: DBG:  +<?
autopkgtest: DBG: got reply from testbed: ok
autopkgtest: DBG: testbed command ['rm', '-rf', '/tmp/autopkgtest.lCCRq8/unit-test-artifacts', '/tmp/autopkgtest.lCCRq8/autopkgtest_tmp'], kind short, sout raw, serr pipe, env []
autopkgtest: DBG: testbed command exited with code 0
autopkgtest: DBG: needs_reset, previously=False, requested by run_tests() line 208
autopkgtest [11:28:03]: @@@@@@@@@@@@@@@@@@@@ summary
unit-test            PASS
autopkgtest: DBG: testbed stop
autopkgtest: DBG: testbed close, scratch=/tmp/autopkgtest.lCCRq8
autopkgtest: DBG: sending command to testbed: close
autopkgtest-virt-qemu: DBG: executing close
autopkgtest-virt-qemu: DBG: cleanup...
qemu-system-riscv64: terminating on signal 15 from pid 48565 (/usr/bin/python3)
autopkgtest: DBG: got reply from testbed: ok
autopkgtest: DBG: sending command to testbed: quit
autopkgtest-virt-qemu: DBG: executing quit
autopkgtest-virt-qemu: DBG: cleanup...
