-- The C compiler identification is GNU 9.3.0
-- Check for working C compiler: /usr/bin/cc
-- Check for working C compiler: /usr/bin/cc -- works
-- Detecting C compiler ABI info
-- Detecting C compiler ABI info - done
-- Detecting C compile features
-- Detecting C compile features - done
-- The CXX compiler identification is GNU 9.3.0
-- Check for working CXX compiler: /usr/bin/c++
-- Check for working CXX compiler: /usr/bin/c++ -- works
-- Detecting CXX compiler ABI info
-- Detecting CXX compiler ABI info - done
-- Detecting CXX compile features
-- Detecting CXX compile features - done
-- Found Perl: /usr/bin/perl (found version "5.30.0") 
-- Found ICU version 66.1
-- Found ICU header files in /usr/include
-- Found ICU libraries: /usr/lib/riscv64-linux-gnu/libicuuc.so /usr/lib/riscv64-linux-gnu/libicui18n.so
-- Found Berkeley DB header files in /usr/include
-- Found Berkeley libraries: /usr/lib/riscv64-linux-gnu/libdb.so
-- Looking for include file byteswap.h
-- Looking for include file byteswap.h - found
-- Looking for include file dirent.h
-- Looking for include file dirent.h - found
-- Looking for include file endian.h
-- Looking for include file endian.h - found
-- Looking for include file inttypes.h
-- Looking for include file inttypes.h - found
-- Looking for include file pthread.h
-- Looking for include file pthread.h - found
-- Looking for include file sys/endian.h
-- Looking for include file sys/endian.h - not found
-- Looking for include file sys/param.h
-- Looking for include file sys/param.h - found
-- Looking for include file sys/utsname.h
-- Looking for include file sys/utsname.h - found
-- Looking for include file fcntl.h
-- Looking for include file fcntl.h - found
-- Looking for include file unistd.h
-- Looking for include file unistd.h - found
-- Looking for include file wctype.h
-- Looking for include file wctype.h - found
-- Looking for access
-- Looking for access - found
-- Looking for fork
-- Looking for fork - found
-- Looking for getopt
-- Looking for getopt - found
-- Looking for getpid
-- Looking for getpid - found
-- Looking for getpwent
-- Looking for getpwent - found
-- Looking for gmtime_r
-- Looking for gmtime_r - found
-- Looking for localtime_r
-- Looking for localtime_r - found
-- Looking for mkdir
-- Looking for mkdir - found
-- Looking for open
-- Looking for open - found
-- Looking for nanosleep
-- Looking for nanosleep - found
-- Looking for signal
-- Looking for signal - found
-- Looking for stat
-- Looking for stat - found
-- Looking for strdup
-- Looking for strdup - found
-- Looking for strcasecmp
-- Looking for strcasecmp - found
-- Looking for strncasecmp
-- Looking for strncasecmp - found
-- Looking for read
-- Looking for read - found
-- Looking for unlink
-- Looking for unlink - found
-- Looking for usleep
-- Looking for usleep - found
-- Looking for waitpid
-- Looking for waitpid - found
-- Looking for write
-- Looking for write - found
-- Looking for alarm
-- Looking for alarm - found
-- Looking for backtrace
-- Looking for backtrace - found
-- Looking for iswspace
-- Looking for iswspace - found
-- Looking for setenv
-- Looking for setenv - found
-- Looking for unsetenv
-- Looking for unsetenv - found
-- Looking for snprintf
-- Looking for snprintf - found
-- Looking for GetNumberFormat
-- Looking for GetNumberFormat - not found
-- Looking for sys/types.h
-- Looking for sys/types.h - found
-- Looking for stdint.h
-- Looking for stdint.h - found
-- Looking for stddef.h
-- Looking for stddef.h - found
-- Check size of intptr_t
-- Check size of intptr_t - done
-- Check size of pid_t
-- Check size of pid_t - done
-- Check size of size_t
-- Check size of size_t - done
-- Check size of ssize_t
-- Check size of ssize_t - done
-- Check size of time_t
-- Check size of time_t - done
-- Check size of wint_t
-- Check size of wint_t - failed
-- Looking for pthread.h
-- Looking for pthread.h - found
-- Performing Test CMAKE_HAVE_LIBC_PTHREAD
-- Performing Test CMAKE_HAVE_LIBC_PTHREAD - Success
-- Found Threads: TRUE  
-- Looking for pthread_attr_get_np in pthread
-- Looking for pthread_attr_get_np in pthread - not found
-- Looking for pthread_getattr_np in pthread
-- Looking for pthread_getattr_np in pthread - found
-- Looking for pthread_create in pthread
-- Looking for pthread_create in pthread - found
-- Looking for include files pthread.h, pthread_np.h
-- Looking for include files pthread.h, pthread_np.h - not found
-- Found PkgConfig: /usr/bin/pkg-config (found version "0.29.1") 
-- Checking for module 'gobject-introspection-1.0'
--   Found gobject-introspection-1.0, version 1.71.0
-- Checking for modules 'glib-2.0;gobject-2.0'
--   Found glib-2.0, version 2.64.2
--   Found gobject-2.0, version 2.64.2
-- Checking for module 'libxml-2.0'
--   Found libxml-2.0, version 2.9.10
-- Performing Test HAVE_GCC_UNUSED_BUT_SET
-- Performing Test HAVE_GCC_UNUSED_BUT_SET - Success
-- Performing Test HAVE_GCC_LOGICAL_OP
-- Performing Test HAVE_GCC_LOGICAL_OP - Success
-- Performing Test HAVE_GCC_POINTER_MEMACCESS
-- Performing Test HAVE_GCC_POINTER_MEMACCESS - Success
-- Performing Test HAVE_GCC_FORMAT_SECURITY
-- Performing Test HAVE_GCC_FORMAT_SECURITY - Success
-- Performing Test HAVE_GCC_REDUNDANT_DECLS
-- Performing Test HAVE_GCC_REDUNDANT_DECLS - Success
-- Performing Test HAVE_GXX_UNUSED_BUT_SET
-- Performing Test HAVE_GXX_UNUSED_BUT_SET - Success
-- Performing Test HAVE_GXX_LOGICAL_OP
-- Performing Test HAVE_GXX_LOGICAL_OP - Success
-- Performing Test HAVE_GXX_POINTER_MEMACCESS
-- Performing Test HAVE_GXX_POINTER_MEMACCESS - Success
-- Performing Test HAVE_GXX_REORDER
-- Performing Test HAVE_GXX_REORDER - Success
-- Performing Test HAVE_GXX_FORMAT_SECURITY
-- Performing Test HAVE_GXX_FORMAT_SECURITY - Success
-- Performing Test HAVE_GXX_REDUNDANT_DECLS
-- Performing Test HAVE_GXX_REDUNDANT_DECLS - Success
-- Could NOT find Doxygen (missing: DOXYGEN_EXECUTABLE) 
-- The following features have been enabled:

 * Option WITH_CXX_BINDINGS, build the C++ bindings. Requires a C++ compiler
 * Build types, build both shared and static libraries
 * RSCALE support (RFC7529), build in RSCALE support
 * Berkeley DB storage support, build in support for Berkeley DB storage
 * Option GOBJECT_INTROSPECTION, build GObject introspection "typelib" files
 * Option ICAL_BUILD_DOCS, build API documentation and reference manual
 * Option ICAL_GLIB_VAPI, build Vala "vapi" files
 * Option ICAL_GLIB, build libical-glib interface
 * Option LIBICAL_BUILD_TESTING, build tests
 * libical-glib testing, python3 is required to run the regression tests

-- The following OPTIONAL packages have been found:

 * BDB, Berkeley DB storage, <https://www.oracle.com/database/berkeley-db>
   For Berkeley DB storage support
 * GLib (required version >= 2.32), A library of handy utility functions, <https://www.gtk.org>
   For the optional libical-glib interface
 * PkgConfig
 * LibXML (required version >= 2.7.3), a library providing XML and HTML support, <http://xmlsoft.org>
   For the optional libical-glib interface

-- The following RECOMMENDED packages have been found:

 * ICU, libicu (International Components for Unicode) libraries, <http://www.icu-project.org>
   For RSCALE (RFC7529) support

-- The following REQUIRED packages have been found:

 * Perl
   Required by the libical build system.
 * GObjectIntrospection (required version >= 0.6.7), <https://wiki.gnome.org/Projects/GObjectIntrospection>
   Required in order to build the GObject introspection "typelib" files.

-- The following features have been disabled:

 * Option STATIC_ONLY, build static libraries only
 * Option SHARED_ONLY, build shared libraries only
 * Option ICAL_ERRORS_ARE_FATAL, icalerror_* calls will abort instead of internally signaling an error
 * Option ICAL_ALLOW_EMPTY_PROPERTIES, prevents empty properties from being replaced with X-LIC-ERROR properties
 * Option USE_BUILTIN_TZDATA, use our own timezone data rather then the system timezone data

-- The following OPTIONAL packages have not been found:

 * Doxygen, API Documentation system, <http://www.doxygen.org>
   Needed to build the API documention.

-- Configuring done
-- Generating done
-- Build files have been written to: /tmp/autopkgtest.lCCRq8/build.7od/src/build
Scanning dependencies of target ical-header
[  0%] Generating icalderivedproperty.c
[  1%] Generating icalderivedparameter.c
[  1%] Generating icalrestriction.c
[  2%] Generating icalderivedvalue.c
[  2%] Generating icalderivedproperty.h
[  2%] Generating icalderivedparameter.h
[  3%] Generating icalderivedvalue.h
[  4%] Generating ical.h
[  4%] Built target ical-header
Scanning dependencies of target ical
[  5%] Building C object src/libical/CMakeFiles/ical.dir/icalderivedproperty.c.o
[  5%] Building C object src/libical/CMakeFiles/ical.dir/icalderivedparameter.c.o
[  5%] Building C object src/libical/CMakeFiles/ical.dir/icalrestriction.c.o
[  6%] Building C object src/libical/CMakeFiles/ical.dir/icalderivedvalue.c.o
[  6%] Building C object src/libical/CMakeFiles/ical.dir/icalarray.c.o
[  7%] Building C object src/libical/CMakeFiles/ical.dir/icalattach.c.o
[  7%] Building C object src/libical/CMakeFiles/ical.dir/icalcomponent.c.o
[  7%] Building C object src/libical/CMakeFiles/ical.dir/icalenums.c.o
[  8%] Building C object src/libical/CMakeFiles/ical.dir/icalerror.c.o
[  8%] Building C object src/libical/CMakeFiles/ical.dir/icalmemory.c.o
[  9%] Building C object src/libical/CMakeFiles/ical.dir/icalmime.c.o
[  9%] Building C object src/libical/CMakeFiles/ical.dir/icalparameter.c.o
[  9%] Building C object src/libical/CMakeFiles/ical.dir/icalparser.c.o
[ 10%] Building C object src/libical/CMakeFiles/ical.dir/icalproperty.c.o
[ 10%] Building C object src/libical/CMakeFiles/ical.dir/icalrecur.c.o
[ 11%] Building C object src/libical/CMakeFiles/ical.dir/icaltime.c.o
[ 11%] Building C object src/libical/CMakeFiles/ical.dir/icaltz-util.c.o
[ 12%] Building C object src/libical/CMakeFiles/ical.dir/icaltimezone.c.o
[ 12%] Building C object src/libical/CMakeFiles/ical.dir/icalduration.c.o
[ 12%] Building C object src/libical/CMakeFiles/ical.dir/icalperiod.c.o
[ 13%] Building C object src/libical/CMakeFiles/ical.dir/icaltypes.c.o
[ 13%] Building C object src/libical/CMakeFiles/ical.dir/icalvalue.c.o
[ 14%] Building C object src/libical/CMakeFiles/ical.dir/pvl.c.o
[ 14%] Building C object src/libical/CMakeFiles/ical.dir/sspm.c.o
[ 14%] Building C object src/libical/CMakeFiles/ical.dir/icallangbind.c.o
[ 15%] Building C object src/libical/CMakeFiles/ical.dir/caldate.c.o
[ 15%] Linking C shared library ../../lib/libical.so
[ 18%] Built target ical
Scanning dependencies of target gir-girs-ICal_3_0_gir
[ 19%] Generating ICal-3.0.gir
g-ir-scanner: link: /usr/bin/cc -o /tmp/autopkgtest.lCCRq8/build.7od/src/build/src/libical/tmp-introspectsdommenv/ICal-3.0 /tmp/autopkgtest.lCCRq8/build.7od/src/build/src/libical/tmp-introspectsdommenv/ICal-3.0.o -L. -Wl,-rpath,. -Wl,--no-as-needed -L/tmp/autopkgtest.lCCRq8/build.7od/src/build/lib -Wl,-rpath,/tmp/autopkgtest.lCCRq8/build.7od/src/build/lib -lical -lgio-2.0 -lgobject-2.0 -Wl,--export-dynamic -lgmodule-2.0 -pthread -lglib-2.0
g-ir-scanner: ICal: warning: 763 warnings suppressed (use --warn-all to see them)
[ 19%] Built target gir-girs-ICal_3_0_gir
Scanning dependencies of target ical_cxx-static
[ 19%] Building CXX object src/libical/CMakeFiles/ical_cxx-static.dir/icalparameter_cxx.cpp.o
[ 20%] Building CXX object src/libical/CMakeFiles/ical_cxx-static.dir/icalproperty_cxx.cpp.o
[ 20%] Building CXX object src/libical/CMakeFiles/ical_cxx-static.dir/icalvalue_cxx.cpp.o
[ 20%] Building CXX object src/libical/CMakeFiles/ical_cxx-static.dir/vcomponent_cxx.cpp.o
[ 21%] Linking CXX static library ../../lib/libical_cxx.a
[ 21%] Built target ical_cxx-static
Scanning dependencies of target ical-static
[ 21%] Building C object src/libical/CMakeFiles/ical-static.dir/icalderivedproperty.c.o
[ 21%] Building C object src/libical/CMakeFiles/ical-static.dir/icalderivedparameter.c.o
[ 22%] Building C object src/libical/CMakeFiles/ical-static.dir/icalrestriction.c.o
[ 22%] Building C object src/libical/CMakeFiles/ical-static.dir/icalderivedvalue.c.o
[ 23%] Building C object src/libical/CMakeFiles/ical-static.dir/icalarray.c.o
[ 23%] Building C object src/libical/CMakeFiles/ical-static.dir/icalattach.c.o
[ 23%] Building C object src/libical/CMakeFiles/ical-static.dir/icalcomponent.c.o
[ 24%] Building C object src/libical/CMakeFiles/ical-static.dir/icalenums.c.o
[ 24%] Building C object src/libical/CMakeFiles/ical-static.dir/icalerror.c.o
[ 25%] Building C object src/libical/CMakeFiles/ical-static.dir/icalmemory.c.o
[ 25%] Building C object src/libical/CMakeFiles/ical-static.dir/icalmime.c.o
[ 26%] Building C object src/libical/CMakeFiles/ical-static.dir/icalparameter.c.o
[ 26%] Building C object src/libical/CMakeFiles/ical-static.dir/icalparser.c.o
[ 26%] Building C object src/libical/CMakeFiles/ical-static.dir/icalproperty.c.o
[ 27%] Building C object src/libical/CMakeFiles/ical-static.dir/icalrecur.c.o
[ 27%] Building C object src/libical/CMakeFiles/ical-static.dir/icaltime.c.o
[ 28%] Building C object src/libical/CMakeFiles/ical-static.dir/icaltz-util.c.o
[ 28%] Building C object src/libical/CMakeFiles/ical-static.dir/icaltimezone.c.o
[ 28%] Building C object src/libical/CMakeFiles/ical-static.dir/icalduration.c.o
[ 29%] Building C object src/libical/CMakeFiles/ical-static.dir/icalperiod.c.o
[ 29%] Building C object src/libical/CMakeFiles/ical-static.dir/icaltypes.c.o
[ 30%] Building C object src/libical/CMakeFiles/ical-static.dir/icalvalue.c.o
[ 30%] Building C object src/libical/CMakeFiles/ical-static.dir/pvl.c.o
[ 30%] Building C object src/libical/CMakeFiles/ical-static.dir/sspm.c.o
[ 31%] Building C object src/libical/CMakeFiles/ical-static.dir/icallangbind.c.o
[ 31%] Building C object src/libical/CMakeFiles/ical-static.dir/caldate.c.o
[ 32%] Linking C static library ../../lib/libical.a
[ 35%] Built target ical-static
Scanning dependencies of target ical_cxx
[ 35%] Building CXX object src/libical/CMakeFiles/ical_cxx.dir/icalparameter_cxx.cpp.o
[ 35%] Building CXX object src/libical/CMakeFiles/ical_cxx.dir/icalproperty_cxx.cpp.o
[ 36%] Building CXX object src/libical/CMakeFiles/ical_cxx.dir/icalvalue_cxx.cpp.o
[ 36%] Building CXX object src/libical/CMakeFiles/ical_cxx.dir/vcomponent_cxx.cpp.o
[ 37%] Linking CXX shared library ../../lib/libical_cxx.so
[ 37%] Built target ical_cxx
Scanning dependencies of target gir-typelibs-ICal_3_0_gir
[ 37%] Generating ICal-3.0.typelib
[ 38%] Built target gir-typelibs-ICal_3_0_gir
Scanning dependencies of target icalss-header
[ 38%] Generating icalss.h
[ 38%] Built target icalss-header
Scanning dependencies of target icalss_cxx-static
[ 39%] Building CXX object src/libicalss/CMakeFiles/icalss_cxx-static.dir/icalspanlist_cxx.cpp.o
[ 39%] Linking CXX static library ../../lib/libicalss_cxx.a
[ 39%] Built target icalss_cxx-static
Scanning dependencies of target icalss
[ 40%] Building C object src/libicalss/CMakeFiles/icalss.dir/icalcalendar.c.o
[ 40%] Building C object src/libicalss/CMakeFiles/icalss.dir/icalclassify.c.o
[ 41%] Building C object src/libicalss/CMakeFiles/icalss.dir/icalcluster.c.o
[ 41%] Building C object src/libicalss/CMakeFiles/icalss.dir/icalgauge.c.o
[ 41%] Building C object src/libicalss/CMakeFiles/icalss.dir/icaldirset.c.o
[ 42%] Building C object src/libicalss/CMakeFiles/icalss.dir/icalfileset.c.o
[ 42%] Building C object src/libicalss/CMakeFiles/icalss.dir/icalset.c.o
[ 43%] Building C object src/libicalss/CMakeFiles/icalss.dir/icalspanlist.c.o
[ 43%] Building C object src/libicalss/CMakeFiles/icalss.dir/icalmessage.c.o
[ 44%] Building C object src/libicalss/CMakeFiles/icalss.dir/icalsslexer.c.o
[ 44%] Building C object src/libicalss/CMakeFiles/icalss.dir/icalssyacc.c.o
[ 44%] Building C object src/libicalss/CMakeFiles/icalss.dir/icalbdbset.c.o
[ 45%] Linking C shared library ../../lib/libicalss.so
[ 45%] Built target icalss
Scanning dependencies of target icalss_cxx
[ 46%] Building CXX object src/libicalss/CMakeFiles/icalss_cxx.dir/icalspanlist_cxx.cpp.o
[ 46%] Linking CXX shared library ../../lib/libicalss_cxx.so
[ 46%] Built target icalss_cxx
Scanning dependencies of target icalss-static
[ 47%] Building C object src/libicalss/CMakeFiles/icalss-static.dir/icalcalendar.c.o
[ 47%] Building C object src/libicalss/CMakeFiles/icalss-static.dir/icalclassify.c.o
[ 47%] Building C object src/libicalss/CMakeFiles/icalss-static.dir/icalcluster.c.o
[ 48%] Building C object src/libicalss/CMakeFiles/icalss-static.dir/icalgauge.c.o
[ 48%] Building C object src/libicalss/CMakeFiles/icalss-static.dir/icaldirset.c.o
[ 49%] Building C object src/libicalss/CMakeFiles/icalss-static.dir/icalfileset.c.o
[ 49%] Building C object src/libicalss/CMakeFiles/icalss-static.dir/icalset.c.o
[ 49%] Building C object src/libicalss/CMakeFiles/icalss-static.dir/icalspanlist.c.o
[ 50%] Building C object src/libicalss/CMakeFiles/icalss-static.dir/icalmessage.c.o
[ 50%] Building C object src/libicalss/CMakeFiles/icalss-static.dir/icalsslexer.c.o
[ 51%] Building C object src/libicalss/CMakeFiles/icalss-static.dir/icalssyacc.c.o
[ 51%] Building C object src/libicalss/CMakeFiles/icalss-static.dir/icalbdbset.c.o
[ 51%] Linking C static library ../../lib/libicalss.a
[ 51%] Built target icalss-static
Scanning dependencies of target icalvcal-static
[ 51%] Building C object src/libicalvcal/CMakeFiles/icalvcal-static.dir/icalvcal.c.o
[ 52%] Building C object src/libicalvcal/CMakeFiles/icalvcal-static.dir/vobject.c.o
[ 52%] Building C object src/libicalvcal/CMakeFiles/icalvcal-static.dir/vcaltmp.c.o
[ 53%] Building C object src/libicalvcal/CMakeFiles/icalvcal-static.dir/vcc.c.o
[ 53%] Linking C static library ../../lib/libicalvcal.a
[ 53%] Built target icalvcal-static
Scanning dependencies of target icalvcal
[ 53%] Building C object src/libicalvcal/CMakeFiles/icalvcal.dir/icalvcal.c.o
[ 54%] Building C object src/libicalvcal/CMakeFiles/icalvcal.dir/vobject.c.o
[ 54%] Building C object src/libicalvcal/CMakeFiles/icalvcal.dir/vcaltmp.c.o
[ 55%] Building C object src/libicalvcal/CMakeFiles/icalvcal.dir/vcc.c.o
[ 55%] Linking C shared library ../../lib/libicalvcal.so
[ 55%] Built target icalvcal
Scanning dependencies of target src-generator
[ 55%] Building C object src/libical-glib/CMakeFiles/src-generator.dir/tools/generator.c.o
[ 56%] Building C object src/libical-glib/CMakeFiles/src-generator.dir/tools/xml-parser.c.o
[ 56%] Linking C executable ../../bin/src-generator
[ 56%] Built target src-generator
[ 57%] Generating i-cal-array.h, i-cal-array.c, i-cal-attach.h, i-cal-attach.c, i-cal-comp-iter.h, i-cal-comp-iter.c, i-cal-component.h, i-cal-component.c, i-cal-datetimeperiod.h, i-cal-datetimeperiod.c, i-cal-derived-parameter.h, i-cal-derived-parameter.c, i-cal-derived-property.h, i-cal-derived-property.c, i-cal-derived-value.h, i-cal-derived-value.c, i-cal-duration.h, i-cal-duration.c, i-cal-enums.h, i-cal-enums.c, i-cal-error.h, i-cal-error.c, i-cal-geo.h, i-cal-geo.c, i-cal-memory.h, i-cal-memory.c, i-cal-mime.h, i-cal-mime.c, i-cal-parameter.h, i-cal-parameter.c, i-cal-parser.h, i-cal-parser.c, i-cal-period.h, i-cal-period.c, i-cal-property.h, i-cal-property.c, i-cal-recur-iterator.h, i-cal-recur-iterator.c, i-cal-recurrence.h, i-cal-recurrence.c, i-cal-recur.h, i-cal-recur.c, i-cal-reqstat.h, i-cal-reqstat.c, i-cal-restriction.h, i-cal-restriction.c, i-cal-time-span.h, i-cal-time-span.c, i-cal-time.h, i-cal-time.c, i-cal-timezone.h, i-cal-timezone.c, i-cal-trigger.h, i-cal-trigger.c, i-cal-unknowntokenhandling.h, i-cal-unknowntokenhandling.c, i-cal-value.h, i-cal-value.c, libical-glib-private.h, i-cal-forward-declarations.h
Scanning dependencies of target ical-glib
[ 57%] Building C object src/libical-glib/CMakeFiles/ical-glib.dir/i-cal-array.c.o
[ 57%] Building C object src/libical-glib/CMakeFiles/ical-glib.dir/i-cal-attach.c.o
[ 58%] Building C object src/libical-glib/CMakeFiles/ical-glib.dir/i-cal-comp-iter.c.o
[ 58%] Building C object src/libical-glib/CMakeFiles/ical-glib.dir/i-cal-component.c.o
[ 59%] Building C object src/libical-glib/CMakeFiles/ical-glib.dir/i-cal-datetimeperiod.c.o
[ 59%] Building C object src/libical-glib/CMakeFiles/ical-glib.dir/i-cal-derived-parameter.c.o
[ 60%] Building C object src/libical-glib/CMakeFiles/ical-glib.dir/i-cal-derived-property.c.o
[ 60%] Building C object src/libical-glib/CMakeFiles/ical-glib.dir/i-cal-derived-value.c.o
[ 60%] Building C object src/libical-glib/CMakeFiles/ical-glib.dir/i-cal-duration.c.o
[ 61%] Building C object src/libical-glib/CMakeFiles/ical-glib.dir/i-cal-enums.c.o
[ 61%] Building C object src/libical-glib/CMakeFiles/ical-glib.dir/i-cal-error.c.o
[ 62%] Building C object src/libical-glib/CMakeFiles/ical-glib.dir/i-cal-geo.c.o
[ 62%] Building C object src/libical-glib/CMakeFiles/ical-glib.dir/i-cal-memory.c.o
[ 62%] Building C object src/libical-glib/CMakeFiles/ical-glib.dir/i-cal-mime.c.o
[ 63%] Building C object src/libical-glib/CMakeFiles/ical-glib.dir/i-cal-parameter.c.o
[ 63%] Building C object src/libical-glib/CMakeFiles/ical-glib.dir/i-cal-parser.c.o
[ 64%] Building C object src/libical-glib/CMakeFiles/ical-glib.dir/i-cal-period.c.o
[ 64%] Building C object src/libical-glib/CMakeFiles/ical-glib.dir/i-cal-property.c.o
[ 64%] Building C object src/libical-glib/CMakeFiles/ical-glib.dir/i-cal-recur-iterator.c.o
[ 65%] Building C object src/libical-glib/CMakeFiles/ical-glib.dir/i-cal-recurrence.c.o
[ 65%] Building C object src/libical-glib/CMakeFiles/ical-glib.dir/i-cal-recur.c.o
[ 66%] Building C object src/libical-glib/CMakeFiles/ical-glib.dir/i-cal-reqstat.c.o
[ 66%] Building C object src/libical-glib/CMakeFiles/ical-glib.dir/i-cal-restriction.c.o
[ 66%] Building C object src/libical-glib/CMakeFiles/ical-glib.dir/i-cal-time-span.c.o
[ 67%] Building C object src/libical-glib/CMakeFiles/ical-glib.dir/i-cal-time.c.o
[ 67%] Building C object src/libical-glib/CMakeFiles/ical-glib.dir/i-cal-timezone.c.o
[ 68%] Building C object src/libical-glib/CMakeFiles/ical-glib.dir/i-cal-trigger.c.o
[ 68%] Building C object src/libical-glib/CMakeFiles/ical-glib.dir/i-cal-unknowntokenhandling.c.o
[ 69%] Building C object src/libical-glib/CMakeFiles/ical-glib.dir/i-cal-value.c.o
[ 69%] Building C object src/libical-glib/CMakeFiles/ical-glib.dir/i-cal-object.c.o
/tmp/autopkgtest.lCCRq8/build.7od/src/build/src/libical-glib/i-cal-object.c: In function ‘i_cal_object_class_init’:
/tmp/autopkgtest.lCCRq8/build.7od/src/build/src/libical-glib/i-cal-object.c:216:5: warning: ‘g_type_class_add_private’ is deprecated [-Wdeprecated-declarations]
  216 |     g_type_class_add_private(class, sizeof(ICalObjectPrivate));
      |     ^~~~~~~~~~~~~~~~~~~~~~~~
In file included from /usr/include/glib-2.0/gobject/gobject.h:24,
                 from /usr/include/glib-2.0/gobject/gbinding.h:29,
                 from /usr/include/glib-2.0/glib-object.h:22,
                 from /tmp/autopkgtest.lCCRq8/build.7od/src/build/src/libical-glib/i-cal-object.h:26,
                 from /tmp/autopkgtest.lCCRq8/build.7od/src/build/src/libical-glib/i-cal-object.c:21:
/usr/include/glib-2.0/gobject/gtype.h:1308:10: note: declared here
 1308 | void     g_type_class_add_private       (gpointer                    g_class,
      |          ^~~~~~~~~~~~~~~~~~~~~~~~
/tmp/autopkgtest.lCCRq8/build.7od/src/build/src/libical-glib/i-cal-object.c: In function ‘i_cal_object_init’:
/tmp/autopkgtest.lCCRq8/build.7od/src/build/src/libical-glib/i-cal-object.c:292:13: warning: Deprecated pre-processor symbol, replace with 
  292 |     iobject->priv = G_TYPE_INSTANCE_GET_PRIVATE(iobject, I_CAL_TYPE_OBJECT, ICalObjectPrivate);
      |             ^~~~~~~~~~~~~~~~~~~~~~~~~~~~~~~~~~~~~~~~~~~~~~~~
[ 69%] Linking C shared library ../../lib/libical-glib.so
[ 69%] Built target ical-glib
Scanning dependencies of target gir-typelibs-ICalGLib_3_0_gir
[ 70%] Generating ICalGLib-3.0.gir
/usr/bin/cc -E -DLIBICAL_GLIB_COMPILATION -I. -I/tmp/autopkgtest.lCCRq8/build.7od/src/build/src -I/tmp/autopkgtest.lCCRq8/build.7od/src/build/src/libical -I/tmp/autopkgtest.lCCRq8/build.7od/src/build/src/libical-glib -I/tmp/autopkgtest.lCCRq8/build.7od/src/build/lib -I/tmp/autopkgtest.lCCRq8/build.7od/src/src -I/tmp/autopkgtest.lCCRq8/build.7od/src/src/libical -I/usr/include/glib-2.0 -I/usr/lib/riscv64-linux-gnu/glib-2.0/include -I/tmp/autopkgtest.lCCRq8/build.7od/src/src/libical-glib -o g-ir-cpp-tm2rr7g5.i -C /tmp/autopkgtest.lCCRq8/build.7od/src/build/src/libical-glib/g-ir-cpp-tm2rr7g5.c
/usr/bin/cc -I/usr/include/glib-2.0 -I/usr/lib/riscv64-linux-gnu/glib-2.0/include -I/tmp/autopkgtest.lCCRq8/build.7od/src/build/src/libical-glib -I/tmp/autopkgtest.lCCRq8/build.7od/src/src/libical-glib -I/tmp/autopkgtest.lCCRq8/build.7od/src/build/src/libical -I/tmp/autopkgtest.lCCRq8/build.7od/src/src/libical -I/tmp/autopkgtest.lCCRq8/build.7od/src/build/src/libical-glib -I/usr/include/glib-2.0 -I/usr/lib/riscv64-linux-gnu/glib-2.0/include -I/usr/include/libmount -I/usr/include/blkid -I/usr/include/glib-2.0 -I/usr/lib/riscv64-linux-gnu/glib-2.0/include -I/tmp/autopkgtest.lCCRq8/build.7od/src/build/src -I/tmp/autopkgtest.lCCRq8/build.7od/src/build/src/libical -I/tmp/autopkgtest.lCCRq8/build.7od/src/build/src/libical-glib -I/tmp/autopkgtest.lCCRq8/build.7od/src/build/lib -I/tmp/autopkgtest.lCCRq8/build.7od/src/src -I/tmp/autopkgtest.lCCRq8/build.7od/src/src/libical -c /tmp/autopkgtest.lCCRq8/build.7od/src/build/src/libical-glib/tmp-introspectn3_y0ff9/ICalGLib-3.0.c -o /tmp/autopkgtest.lCCRq8/build.7od/src/build/src/libical-glib/tmp-introspectn3_y0ff9/ICalGLib-3.0.o -Wno-deprecated-declarations -pthread
g-ir-scanner: link: /usr/bin/cc -o /tmp/autopkgtest.lCCRq8/build.7od/src/build/src/libical-glib/tmp-introspectn3_y0ff9/ICalGLib-3.0 /tmp/autopkgtest.lCCRq8/build.7od/src/build/src/libical-glib/tmp-introspectn3_y0ff9/ICalGLib-3.0.o -L. -Wl,-rpath,. -Wl,--no-as-needed -L/tmp/autopkgtest.lCCRq8/build.7od/src/build/lib -Wl,-rpath,/tmp/autopkgtest.lCCRq8/build.7od/src/build/lib -lical-glib -lgio-2.0 -lgobject-2.0 -Wl,--export-dynamic -lgmodule-2.0 -pthread -lglib-2.0
[ 70%] Generating ICalGLib-3.0.typelib
[ 70%] Built target gir-typelibs-ICalGLib_3_0_gir
Scanning dependencies of target valafile
[ 71%] Generating libical-glib.vapi
Generation succeeded - 0 warning(s)
[ 72%] Built target valafile
Scanning dependencies of target vala
[ 72%] Built target vala
Scanning dependencies of target ical-glib-static
[ 72%] Building C object src/libical-glib/CMakeFiles/ical-glib-static.dir/i-cal-array.c.o
[ 73%] Building C object src/libical-glib/CMakeFiles/ical-glib-static.dir/i-cal-attach.c.o
[ 73%] Building C object src/libical-glib/CMakeFiles/ical-glib-static.dir/i-cal-comp-iter.c.o
[ 73%] Building C object src/libical-glib/CMakeFiles/ical-glib-static.dir/i-cal-component.c.o
[ 74%] Building C object src/libical-glib/CMakeFiles/ical-glib-static.dir/i-cal-datetimeperiod.c.o
[ 74%] Building C object src/libical-glib/CMakeFiles/ical-glib-static.dir/i-cal-derived-parameter.c.o
[ 75%] Building C object src/libical-glib/CMakeFiles/ical-glib-static.dir/i-cal-derived-property.c.o
[ 75%] Building C object src/libical-glib/CMakeFiles/ical-glib-static.dir/i-cal-derived-value.c.o
[ 75%] Building C object src/libical-glib/CMakeFiles/ical-glib-static.dir/i-cal-duration.c.o
[ 76%] Building C object src/libical-glib/CMakeFiles/ical-glib-static.dir/i-cal-enums.c.o
[ 76%] Building C object src/libical-glib/CMakeFiles/ical-glib-static.dir/i-cal-error.c.o
[ 77%] Building C object src/libical-glib/CMakeFiles/ical-glib-static.dir/i-cal-geo.c.o
[ 77%] Building C object src/libical-glib/CMakeFiles/ical-glib-static.dir/i-cal-memory.c.o
[ 77%] Building C object src/libical-glib/CMakeFiles/ical-glib-static.dir/i-cal-mime.c.o
[ 78%] Building C object src/libical-glib/CMakeFiles/ical-glib-static.dir/i-cal-parameter.c.o
[ 78%] Building C object src/libical-glib/CMakeFiles/ical-glib-static.dir/i-cal-parser.c.o
[ 79%] Building C object src/libical-glib/CMakeFiles/ical-glib-static.dir/i-cal-period.c.o
[ 79%] Building C object src/libical-glib/CMakeFiles/ical-glib-static.dir/i-cal-property.c.o
[ 80%] Building C object src/libical-glib/CMakeFiles/ical-glib-static.dir/i-cal-recur-iterator.c.o
[ 80%] Building C object src/libical-glib/CMakeFiles/ical-glib-static.dir/i-cal-recurrence.c.o
[ 80%] Building C object src/libical-glib/CMakeFiles/ical-glib-static.dir/i-cal-recur.c.o
[ 81%] Building C object src/libical-glib/CMakeFiles/ical-glib-static.dir/i-cal-reqstat.c.o
[ 81%] Building C object src/libical-glib/CMakeFiles/ical-glib-static.dir/i-cal-restriction.c.o
[ 82%] Building C object src/libical-glib/CMakeFiles/ical-glib-static.dir/i-cal-time-span.c.o
[ 82%] Building C object src/libical-glib/CMakeFiles/ical-glib-static.dir/i-cal-time.c.o
[ 82%] Building C object src/libical-glib/CMakeFiles/ical-glib-static.dir/i-cal-timezone.c.o
[ 83%] Building C object src/libical-glib/CMakeFiles/ical-glib-static.dir/i-cal-trigger.c.o
[ 83%] Building C object src/libical-glib/CMakeFiles/ical-glib-static.dir/i-cal-unknowntokenhandling.c.o
[ 84%] Building C object src/libical-glib/CMakeFiles/ical-glib-static.dir/i-cal-value.c.o
[ 84%] Building C object src/libical-glib/CMakeFiles/ical-glib-static.dir/i-cal-object.c.o
/tmp/autopkgtest.lCCRq8/build.7od/src/build/src/libical-glib/i-cal-object.c: In function ‘i_cal_object_class_init’:
/tmp/autopkgtest.lCCRq8/build.7od/src/build/src/libical-glib/i-cal-object.c:216:5: warning: ‘g_type_class_add_private’ is deprecated [-Wdeprecated-declarations]
  216 |     g_type_class_add_private(class, sizeof(ICalObjectPrivate));
      |     ^~~~~~~~~~~~~~~~~~~~~~~~
In file included from /usr/include/glib-2.0/gobject/gobject.h:24,
                 from /usr/include/glib-2.0/gobject/gbinding.h:29,
                 from /usr/include/glib-2.0/glib-object.h:22,
                 from /tmp/autopkgtest.lCCRq8/build.7od/src/build/src/libical-glib/i-cal-object.h:26,
                 from /tmp/autopkgtest.lCCRq8/build.7od/src/build/src/libical-glib/i-cal-object.c:21:
/usr/include/glib-2.0/gobject/gtype.h:1308:10: note: declared here
 1308 | void     g_type_class_add_private       (gpointer                    g_class,
      |          ^~~~~~~~~~~~~~~~~~~~~~~~
/tmp/autopkgtest.lCCRq8/build.7od/src/build/src/libical-glib/i-cal-object.c: In function ‘i_cal_object_init’:
/tmp/autopkgtest.lCCRq8/build.7od/src/build/src/libical-glib/i-cal-object.c:292:13: warning: Deprecated pre-processor symbol, replace with 
  292 |     iobject->priv = G_TYPE_INSTANCE_GET_PRIVATE(iobject, I_CAL_TYPE_OBJECT, ICalObjectPrivate);
      |             ^~~~~~~~~~~~~~~~~~~~~~~~~~~~~~~~~~~~~~~~~~~~~~~~
[ 84%] Linking C static library ../../lib/libical-glib.a
[ 85%] Built target ical-glib-static
Scanning dependencies of target gir-girs-ICalGLib_3_0_gir
[ 85%] Built target gir-girs-ICalGLib_3_0_gir
Scanning dependencies of target copycluster
[ 86%] Building C object src/test/CMakeFiles/copycluster.dir/copycluster.c.o
[ 86%] Linking C executable copycluster
[ 86%] Built target copycluster
Scanning dependencies of target regression
[ 87%] Building C object src/test/CMakeFiles/regression.dir/regression.c.o
[ 87%] Building C object src/test/CMakeFiles/regression.dir/regression-component.c.o
[ 88%] Building C object src/test/CMakeFiles/regression.dir/regression-classify.c.o
[ 88%] Building C object src/test/CMakeFiles/regression.dir/regression-utils.c.o
[ 89%] Building C object src/test/CMakeFiles/regression.dir/regression-recur.c.o
[ 89%] Building C object src/test/CMakeFiles/regression.dir/regression-storage.c.o
[ 89%] Building CXX object src/test/CMakeFiles/regression.dir/regression-cxx.cpp.o
[ 90%] Linking CXX executable regression
[ 90%] Built target regression
Scanning dependencies of target parser
[ 90%] Building C object src/test/CMakeFiles/parser.dir/icaltestparser.c.o
[ 91%] Linking C executable parser
[ 91%] Built target parser
Scanning dependencies of target icaltm_test
[ 92%] Building C object src/test/CMakeFiles/icaltm_test.dir/icaltm_test.c.o
[ 92%] Linking C executable icaltm_test
[ 92%] Built target icaltm_test
Scanning dependencies of target stow
[ 92%] Building C object src/test/CMakeFiles/stow.dir/stow.c.o
[ 93%] Linking C executable stow
[ 93%] Built target stow
Scanning dependencies of target recur
[ 93%] Building C object src/test/CMakeFiles/recur.dir/recur.c.o
[ 93%] Linking C executable recur
[ 93%] Built target recur
Scanning dependencies of target testmime
[ 93%] Building C object src/test/CMakeFiles/testmime.dir/testmime.c.o
[ 94%] Linking C executable testmime
[ 94%] Built target testmime
Scanning dependencies of target icalrecur_test
[ 94%] Building C object src/test/CMakeFiles/icalrecur_test.dir/icalrecur_test.c.o
[ 95%] Linking C executable icalrecur_test
[ 95%] Built target icalrecur_test
Scanning dependencies of target testvcal
[ 95%] Building C object src/test/CMakeFiles/testvcal.dir/testvcal.c.o
[ 95%] Linking C executable testvcal
[ 95%] Built target testvcal
Scanning dependencies of target process
[ 95%] Building C object src/test/CMakeFiles/process.dir/process.c.o
[ 96%] Linking C executable process
[ 96%] Built target process
Scanning dependencies of target timezones
[ 97%] Building C object src/test/CMakeFiles/timezones.dir/timezones.c.o
[ 97%] Linking C executable timezones
[ 97%] Built target timezones
Scanning dependencies of target builtin_timezones
[ 97%] Building C object src/test/CMakeFiles/builtin_timezones.dir/builtin_timezones.c.o
[ 97%] Linking C executable builtin_timezones
[ 97%] Built target builtin_timezones
Scanning dependencies of target icalrecurtest
[ 97%] Building C object src/test/CMakeFiles/icalrecurtest.dir/icalrecur_test.c.o
[ 97%] Linking C executable icalrecurtest
[ 97%] Built target icalrecurtest
Scanning dependencies of target doesnothing
[ 98%] Building C object examples/CMakeFiles/doesnothing.dir/access_components.c.o
[ 98%] Building C object examples/CMakeFiles/doesnothing.dir/access_properties_and_parameters.c.o
[ 98%] Building C object examples/CMakeFiles/doesnothing.dir/errors.c.o
[ 99%] Building C object examples/CMakeFiles/doesnothing.dir/main.c.o
[ 99%] Building C object examples/CMakeFiles/doesnothing.dir/parse_text.c.o
[100%] Linking C executable ../bin/doesnothing
[100%] Built target doesnothing
Scanning dependencies of target gtkdoc-libical-glib
[100%] Generating libical-glib documentation
libical-glib-scan.c: In function ‘output_object_actions’:
libical-glib-scan.c:599:30: warning: unused parameter ‘fp’ [-Wunused-parameter]
  599 | output_object_actions (FILE *fp, GType object_type)
      |                        ~~~~~~^~
unknown:0: warning: Value descriptions for ICalParameterKind are missing in source code comment block.
unknown:0: warning: Value descriptions for ICalParameterAction are missing in source code comment block.
unknown:0: warning: Value descriptions for ICalParameterCutype are missing in source code comment block.
unknown:0: warning: Value descriptions for ICalParameterEnable are missing in source code comment block.
unknown:0: warning: Value descriptions for ICalParameterEncoding are missing in source code comment block.
unknown:0: warning: Value descriptions for ICalParameterFbtype are missing in source code comment block.
unknown:0: warning: Value descriptions for ICalParameterLocal are missing in source code comment block.
unknown:0: warning: Value descriptions for ICalParameterPartstat are missing in source code comment block.
unknown:0: warning: Value descriptions for ICalParameterRange are missing in source code comment block.
unknown:0: warning: Value descriptions for ICalParameterRelated are missing in source code comment block.
unknown:0: warning: Value descriptions for ICalParameterReltype are missing in source code comment block.
unknown:0: warning: Value descriptions for ICalParameterRequired are missing in source code comment block.
unknown:0: warning: Value descriptions for ICalParameterRole are missing in source code comment block.
unknown:0: warning: Value descriptions for ICalParameterRsvp are missing in source code comment block.
unknown:0: warning: Value descriptions for ICalParameterScheduleagent are missing in source code comment block.
unknown:0: warning: Value descriptions for ICalParameterScheduleforcesend are missing in source code comment block.
unknown:0: warning: Value descriptions for ICalParameterStayinformed are missing in source code comment block.
unknown:0: warning: Value descriptions for ICalParameterSubstate are missing in source code comment block.
unknown:0: warning: Value descriptions for ICalParameterValue are missing in source code comment block.
unknown:0: warning: Value descriptions for ICalParameterXliccomparetype are missing in source code comment block.
unknown:0: warning: Value descriptions for ICalParameterXlicerrortype are missing in source code comment block.
unknown:0: warning: Value descriptions for ICalPropertyKind are missing in source code comment block.
unknown:0: warning: Value descriptions for ICalValueKind are missing in source code comment block.
unknown:0: warning: Value descriptions for ICalPropertyAction are missing in source code comment block.
unknown:0: warning: Value descriptions for ICalPropertyBusytype are missing in source code comment block.
unknown:0: warning: Value descriptions for ICalPropertyCarlevel are missing in source code comment block.
unknown:0: warning: Value descriptions for ICalProperty_Class are missing in source code comment block.
unknown:0: warning: Value descriptions for ICalPropertyCmd are missing in source code comment block.
unknown:0: warning: Value descriptions for ICalPropertyMethod are missing in source code comment block.
unknown:0: warning: Value descriptions for ICalPropertyPollcompletion are missing in source code comment block.
unknown:0: warning: Value descriptions for ICalPropertyPollmode are missing in source code comment block.
unknown:0: warning: Value descriptions for ICalPropertyQuerylevel are missing in source code comment block.
unknown:0: warning: Value descriptions for ICalPropertyStatus are missing in source code comment block.
unknown:0: warning: Value descriptions for ICalPropertyTaskmode are missing in source code comment block.
unknown:0: warning: Value descriptions for ICalPropertyTransp are missing in source code comment block.
unknown:0: warning: Value descriptions for ICalPropertyXlicclass are missing in source code comment block.
unknown:0: warning: Value descriptions for ICalComponentKind are missing in source code comment block.
unknown:0: warning: Value descriptions for ICalRequestStatus are missing in source code comment block.
unknown:0: warning: Value descriptions for ICalErrorEnum are missing in source code comment block.
unknown:0: warning: Value descriptions for ICalErrorState are missing in source code comment block.
unknown:0: warning: Value descriptions for ICalParserState are missing in source code comment block.
unknown:0: warning: Value descriptions for ICalRecurrenceFrequency are missing in source code comment block.
unknown:0: warning: Value descriptions for ICalRecurrenceWeekday are missing in source code comment block.
unknown:0: warning: Value descriptions for ICalRecurrenceSkip are missing in source code comment block.
unknown:0: warning: Value descriptions for ICalRecurrenceArrayMaxValues are missing in source code comment block.
unknown:0: warning: Value descriptions for ICalRecurrenceArraySizes are missing in source code comment block.
unknown:0: warning: Value descriptions for ICalRestrictionKind are missing in source code comment block.
unknown:0: warning: Value descriptions for ICalUnknowntokenhandling are missing in source code comment block.
html/ICalAttach.html:172: warning: no link for: "GFunc" -> (<span class="type">GFunc</span>).
html/ICalAttach.html:214: warning: no link for: "GBytes" -> (<span class="type">GBytes</span>).
html/ICalAttach.html:343: warning: no link for: "NULL:CAPS" -> (<code class="literal">NULL</code>).
html/ICalRecurrence.html:1095: warning: no link for: "GArray" -> (<span class="type">GArray</span>).
html/ICalTimeSpan.html:147: warning: no link for: "g-object-unref" -> (<code class="function">g_object_unref()</code>).
html/ICalTimezone.html:1183: warning: no link for: "FILE:CAPS" -> (<span class="type">FILE</span>).
html/api-index-full.html:27: warning: no link for: "libical-glib-i-cal-forward-declarations" -> (i-cal-forward-declarations).
[100%] Built target gtkdoc-libical-glib
Scanning dependencies of target gtkdocs
[100%] Built target gtkdocs
Running tests...
Test project /tmp/autopkgtest.lCCRq8/build.7od/src/build
      Start  1: regression
 1/57 Test  #1: regression .......................   Passed    3.12 sec
      Start  2: parser-0
 2/57 Test  #2: parser-0 .........................   Passed    0.08 sec
      Start  3: parser-1-1
 3/57 Test  #3: parser-1-1 .......................   Passed    0.07 sec
      Start  4: parser-1
 4/57 Test  #4: parser-1 .........................   Passed    0.07 sec
      Start  5: parser-2
 5/57 Test  #5: parser-2 .........................   Passed    0.07 sec
      Start  6: parser-2445
 6/57 Test  #6: parser-2445 ......................   Passed    0.08 sec
      Start  7: parser-2446
 7/57 Test  #7: parser-2446 ......................   Passed    0.12 sec
      Start  8: parser-3
 8/57 Test  #8: parser-3 .........................   Passed    0.07 sec
      Start  9: parser-4
 9/57 Test  #9: parser-4 .........................   Passed    0.06 sec
      Start 10: parser-5
10/57 Test #10: parser-5 .........................   Passed    0.07 sec
      Start 11: parser-6
11/57 Test #11: parser-6 .........................   Passed    0.06 sec
      Start 12: parser-7
12/57 Test #12: parser-7 .........................   Passed    0.06 sec
      Start 13: parser-8
13/57 Test #13: parser-8 .........................   Passed    0.07 sec
      Start 14: parser-calendar
14/57 Test #14: parser-calendar ..................   Passed    0.07 sec
      Start 15: parser-caltime
15/57 Test #15: parser-caltime ...................   Passed    0.07 sec
      Start 16: parser-classify
16/57 Test #16: parser-classify ..................   Passed    0.07 sec
      Start 17: parser-crash
17/57 Test #17: parser-crash .....................   Passed    0.07 sec
      Start 18: parser-get_char_test
18/57 Test #18: parser-get_char_test .............   Passed    0.11 sec
      Start 19: parser-incoming
19/57 Test #19: parser-incoming ..................   Passed    0.08 sec
      Start 20: parser-issue250
20/57 Test #20: parser-issue250 ..................   Passed    0.05 sec
      Start 21: parser-issue251
21/57 Test #21: parser-issue251 ..................   Passed    0.06 sec
      Start 22: parser-issue252
22/57 Test #22: parser-issue252 ..................   Passed    0.08 sec
      Start 23: parser-issue253
23/57 Test #23: parser-issue253 ..................   Passed    0.08 sec
      Start 24: parser-issue339
24/57 Test #24: parser-issue339 ..................   Passed    0.06 sec
      Start 25: parser-large
25/57 Test #25: parser-large .....................   Passed    1.32 sec
      Start 26: parser-malloc
26/57 Test #26: parser-malloc ....................   Passed    0.09 sec
      Start 27: parser-overlaps
27/57 Test #27: parser-overlaps ..................   Passed    0.07 sec
      Start 28: parser-process-calendar
28/57 Test #28: parser-process-calendar ..........   Passed    0.07 sec
      Start 29: parser-process-incoming
29/57 Test #29: parser-process-incoming ..........   Passed    0.06 sec
      Start 30: parser-recur-errors
30/57 Test #30: parser-recur-errors ..............   Passed    0.07 sec
      Start 31: parser-restriction
31/57 Test #31: parser-restriction ...............   Passed    0.07 sec
      Start 32: parser-smallcluster
32/57 Test #32: parser-smallcluster ..............   Passed    0.07 sec
      Start 33: parser-spanlist
33/57 Test #33: parser-spanlist ..................   Passed    0.06 sec
      Start 34: parser-stresstest
34/57 Test #34: parser-stresstest ................   Passed    0.09 sec
      Start 35: parser-zday
35/57 Test #35: parser-zday ......................   Passed    0.08 sec
      Start 36: recur
36/57 Test #36: recur ............................   Passed    1.18 sec
      Start 37: icaltm_test
37/57 Test #37: icaltm_test ......................   Passed    1.74 sec
      Start 38: testmime
38/57 Test #38: testmime .........................   Passed    0.05 sec
      Start 39: testvcal
39/57 Test #39: testvcal .........................   Passed    0.07 sec
      Start 40: process
40/57 Test #40: process ..........................   Passed    0.15 sec
      Start 41: timezones
41/57 Test #41: timezones ........................   Passed   10.92 sec
      Start 42: builtin_timezones
42/57 Test #42: builtin_timezones ................   Passed   76.17 sec
      Start 43: icalrecurtest-r
43/57 Test #43: icalrecurtest-r ..................   Passed    2.71 sec
      Start 44: icalrecurtest
44/57 Test #44: icalrecurtest ....................   Passed    0.54 sec
      Start 45: libical-glib-array
45/57 Test #45: libical-glib-array ...............   Passed    1.01 sec
      Start 46: libical-glib-attach
46/57 Test #46: libical-glib-attach ..............   Passed    0.82 sec
      Start 47: libical-glib-component
47/57 Test #47: libical-glib-component ...........   Passed    0.92 sec
      Start 48: libical-glib-comprehensive
48/57 Test #48: libical-glib-comprehensive .......   Passed    0.80 sec
      Start 49: libical-glib-duration
49/57 Test #49: libical-glib-duration ............   Passed    0.76 sec
      Start 50: libical-glib-error
50/57 Test #50: libical-glib-error ...............   Passed    0.78 sec
      Start 51: libical-glib-misc
51/57 Test #51: libical-glib-misc ................   Passed    0.77 sec
      Start 52: libical-glib-parameter
52/57 Test #52: libical-glib-parameter ...........   Passed    0.78 sec
      Start 53: libical-glib-period
53/57 Test #53: libical-glib-period ..............   Passed    0.82 sec
      Start 54: libical-glib-property
54/57 Test #54: libical-glib-property ............   Passed    0.84 sec
      Start 55: libical-glib-recurrence
55/57 Test #55: libical-glib-recurrence ..........   Passed    0.85 sec
      Start 56: libical-glib-timezone
56/57 Test #56: libical-glib-timezone ............   Passed    0.95 sec
      Start 57: libical-glib-value
57/57 Test #57: libical-glib-value ...............   Passed    0.81 sec

100% tests passed, 0 tests failed out of 57

Total Test time (real) = 111.82 sec
