t/01-load.t .............. 
1..1
ok 1 - require Crypt::Random::Seed;
ok
t/02-new.t ............... 
1..2
ok 1 - An object of class 'Crypt::Random::Seed' isa 'Crypt::Random::Seed'
ok 2 - An object of class 'Crypt::Random::Seed' isa 'Crypt::Random::Seed'
ok
t/03-can.t ............... 
1..1
ok 1 - Crypt::Random::Seed->can(...)
ok
t/04-win32.t ............. skipped: This testing is for Win32
t/10-name.t .............. 
1..4
ok 1
ok 2
ok 3
ok 4
# 
# Default     blocking method: /dev/random
# Default non-blocking method: /dev/urandom
ok
t/11-random_bytes.t ...... 
1..2
ok 1 - random_bytes(4) returned 4 bytes
ok 2 - CRS->new->random_bytes(1) returned 1 byte
ok
t/12-random_values.t ..... 
1..9
ok 1 - random_values() returns empty array
ok 2 - random_values(undef) returns empty array
ok 3 - random_values(-1) returns empty array
ok 4 - random_values(0) returns empty array
ok 5 - random_values(0.8) returns empty array
ok 6 - random_values(2) returns two values
ok 7 -   first value in range
ok 8 -   second value in range
ok 9 - random_values(2) returns two values
ok
t/13-whitelist.t ......... 
1..4
ok 1 - Only with non-array reference croaks
# You don't have TESHA2 installed.
# This looks like a configuration issue.
# Proceeding since we know from earlier tests you have a source.
ok 2 # skip Missing TESHA2
ok 3 # skip Missing TESHA2
ok 4 - An empty whitelist means no object returned
ok
t/14-blacklist.t ......... 
1..3
ok 1 - Only with non-array reference croaks
ok 2 - Source found
ok 3 - Old method /dev/random was blacklisted.  Chose '/dev/urandom'
ok
t/93-release-kwalitee.t .. skipped: these tests are for release candidate testing
t/94-release-manifest.t .. skipped: these tests are for release candidate testing
All tests successful.
Files=11, Tests=26, 11 wallclock secs ( 0.41 usr  0.36 sys +  7.96 cusr  2.38 csys = 11.11 CPU)
Result: PASS
