t/dd.t ............. 
1..1
# Running under perl version 5.030000 for linux
# Current time local: Sun Feb 19 12:44:09 2023
# Current time GMT:   Sun Feb 19 12:44:09 2023
# Using Test.pm version 1.31
# undef
# dd.t:11: (9, 44, 12, 19, 1, 123, 0, 49, 0)
# dd.t:12: do {
#   my $a = {
#     "__ANON__"        => *Exporter::__ANON__,
#     "as_heavy"        => *Exporter::as_heavy,
#     "Cache"           => *Exporter::Cache,
#     "Debug"           => *Exporter::Debug,
#     "export"          => *Exporter::export,
#     "export_fail"     => *Exporter::export_fail,
#     "export_ok_tags"  => *Exporter::export_ok_tags,
#     "export_tags"     => *Exporter::export_tags,
#     "export_to_level" => *Exporter::export_to_level,
#     "ExportLevel"     => *Exporter::ExportLevel,
#     "FailCache"       => *Exporter::FailCache,
#     "Heavy::"         => *Exporter::Heavy::,
#     "import"          => *Exporter::import,
#     "require_version" => *Exporter::require_version,
#     "Verbose"         => *Exporter::Verbose,
#     "VERSION"         => *Exporter::VERSION,
#   };
#   $a->{"Cache"} = { "Carp" => {}, "Data::Dump" => {}, "Test" => {} };
#   $a->{"Debug"} = \0;
#   $a->{"ExportLevel"} = \0;
#   $a->{"FailCache"} = { Test => {} };
#   $a->{"Heavy::"} = {
#     __ANON__ => *Exporter::Heavy::__ANON__,
#     _push_tags => *Exporter::Heavy::_push_tags,
#     _rebuild_cache => *Exporter::Heavy::_rebuild_cache,
#     BEGIN => *Exporter::Heavy::BEGIN,
#     heavy_export => *Exporter::Heavy::heavy_export,
#     heavy_export_ok_tags => *Exporter::Heavy::heavy_export_ok_tags,
#     heavy_export_tags => *Exporter::Heavy::heavy_export_tags,
#     heavy_export_to_level => *Exporter::Heavy::heavy_export_to_level,
#     heavy_require_version => *Exporter::Heavy::heavy_require_version,
#     VERSION => *Exporter::Heavy::VERSION,
#   };
#   $a->{"Heavy::"}{HASH}{VERSION} = \5.73;
#   $a->{"Verbose"} = \0;
#   $a->{"VERSION"} = \5.73;
#   $a;
# }
ok 1
ok
t/dollar-one.t ..... 
1..6
ok 1
ok 2
ok 3
ok 4
ok 5
ok 6
ok
t/dump.t ........... 
1..38
# Running under perl version 5.030000 for linux
# Current time local: Sun Feb 19 12:44:11 2023
# Current time GMT:   Sun Feb 19 12:44:11 2023
# Using Test.pm version 1.31
ok 1
ok 2
ok 3
ok 4
ok 5
ok 6
ok 7
ok 8
ok 9
ok 10
ok 11
ok 12
ok 13
ok 14
ok 15
ok 16
ok 17
ok 18
ok 19
ok 20
ok 21
ok 22
ok 23
ok 24
ok 25
ok 26
ok 27
ok 28
ok 29
ok 30
ok 31
ok 32
ok 33
ok 34
ok 35
ok 36
ok 37
ok 38
ok
t/eval.t ........... 
1..1
ok 1

$h = do {
  my $a = { af => 15, bf => bless([1, 2], "Foo"), cf => 'fix' };
  $a->{cf} = \$a->{af};
  ($a, $a, \$a, \$a->{af});
};

$s = do {
  my $a = { af => 15, bf => bless([1, 2], "Foo"), cf => 'fix' };
  $a->{cf} = \$a->{af};
  ($a, $a, \$a, \$a->{af});
};
ok
t/filtered.t ....... 
1..41
# Running under perl version 5.030000 for linux
# Current time local: Sun Feb 19 12:44:11 2023
# Current time GMT:   Sun Feb 19 12:44:11 2023
# Using Test.pm version 1.31
ok 1
ok 2
ok 3
ok 4
ok 5
ok 6
ok 7
ok 8
ok 9
ok 10
ok 11
ok 12
ok 13
ok 14
ok 15
ok 16
ok 17
ok 18
ok 19
ok 20
ok 21
ok 22
ok 23
ok 24
ok 25
ok 26
ok 27
ok 28
ok 29
ok 30
ok 31
ok 32
ok 33
ok 34
ok 35
ok 36
ok 37
ok 38
ok 39
ok 40
ok 41
ok
t/glob.t ........... 
1..6
# Running under perl version 5.030000 for linux
# Current time local: Sun Feb 19 12:44:12 2023
# Current time GMT:   Sun Feb 19 12:44:12 2023
# Using Test.pm version 1.31
ok 1
ok 2
ok 3
ok 4
do {
  require Symbol;
  my $a = bless(Symbol::gensym(), "IO::Socket::INET");
  *{$a} = {
    io_socket_domain  => 2,
    io_socket_proto   => 6,
    io_socket_timeout => 5,
    io_socket_type    => 1,
  };
  $a;
}
ok 5
ok 6
ok
t/hash.t ........... 
1..9
# Running under perl version 5.030000 for linux
# Current time local: Sun Feb 19 12:44:12 2023
# Current time GMT:   Sun Feb 19 12:44:12 2023
# Using Test.pm version 1.31
ok 1
ok 2
ok 3
ok 4
ok 5
ok 6
ok 7
ok 8
ok 9
ok
t/quote-unicode.t .. 
1..8
# Running under perl version 5.030000 for linux
# Current time local: Sun Feb 19 12:44:13 2023
# Current time GMT:   Sun Feb 19 12:44:13 2023
# Using Test.pm version 1.31
ok 1
ok 2
ok 3
ok 4
ok 5
ok 6
ok 7
ok 8
ok
t/quote.t .......... 
1..17
# Running under perl version 5.030000 for linux
# Current time local: Sun Feb 19 12:44:13 2023
# Current time GMT:   Sun Feb 19 12:44:13 2023
# Using Test.pm version 1.31
ok 1
ok 2
ok 3
ok 4
ok 5
ok 6
ok 7
ok 8
ok 9
ok 10
ok 11
ok 12
ok 13
ok 14
ok 15
ok 16
ok 17
ok
t/ref.t ............ 
1..2
# Running under perl version 5.030000 for linux
# Current time local: Sun Feb 19 12:44:14 2023
# Current time GMT:   Sun Feb 19 12:44:14 2023
# Using Test.pm version 1.31
ok 1
ok 2
ok
t/regexp.t ......... 
1..1
# Running under perl version 5.030000 for linux
# Current time local: Sun Feb 19 12:44:14 2023
# Current time GMT:   Sun Feb 19 12:44:14 2023
# Using Test.pm version 1.31
ok 1
ok
t/scalar-obj.t ..... 
1..3
do {
  my $a = 42;
  bless \$a, "Foo";
  $a;
}
ok 1
bless(do{\(my $o = 42)}, "Foo")
ok 2
\bless(do{\(my $o = 42)}, "Foo")
ok 3
ok
t/scalar.t ......... 
1..3
do {
  my $a = 42;
  ($a, $a, \$a, \\$a, 42, 42, [\$a]);
};
ok 1
do {
  my $a = \\42;
  ($a, $$a, $$$a, [$$a]);
};
ok 2
do {
  my $a = \[];
  ($a, $$a);
};
ok 3
ok
t/tied.t ........... 
1..4
# Running under perl version 5.030000 for linux
# Current time local: Sun Feb 19 12:44:15 2023
# Current time GMT:   Sun Feb 19 12:44:15 2023
# Using Test.pm version 1.31
ok 1
ok 2
ok 3
ok 4
ok
t/vstring.t ........ 
1..9
# Running under perl version 5.030000 for linux
# Current time local: Sun Feb 19 12:44:16 2023
# Current time GMT:   Sun Feb 19 12:44:16 2023
# Using Test.pm version 1.31
ok 1
ok 2
ok 3
ok 4
ok 5
ok 6
ok 7
ok 8
ok 9
ok
All tests successful.
Files=15, Tests=149,  7 wallclock secs ( 0.66 usr  0.36 sys +  5.19 cusr  1.42 csys =  7.63 CPU)
Result: PASS
