autopkgtest: DBG: testbed init
autopkgtest [03:19:01]: starting date and time: 2023-02-20 03:19:01+0800
autopkgtest [03:19:01]: version 5.28
autopkgtest [03:19:01]: host debian; command line: /usr/bin/autopkgtest /home/minami/Documents/openkylin-riscv/src/libexporter-tiny-perl_1.004000-ok2.dsc -o /home/minami/Documents/openkylin-riscv/test/libexporter-tiny-perl -d -B -- qemu -u root -p openkylin --qemu-architecture=riscv64 -c 8 --ram-size=8192 -d '--qemu-options=-machine virt -kernel /home/minami/Documents/ukylin/u-boot.bin' /home/minami/Documents/openkylin-riscv/testing.qcow2
autopkgtest: DBG: got reply from testbed: ok
autopkgtest: DBG: testbed open, scratch=None
autopkgtest: DBG: sending command to testbed: open
autopkgtest-virt-qemu: DBG: executing open
autopkgtest-virt-qemu: DBG: find_free_port: trying 10022
autopkgtest-virt-qemu: DBG: find_free_port: 10022 is free
autopkgtest-virt-qemu: DBG: autopkgtest does not know how to boot this machine, hopefully nothing special needs to be done?
autopkgtest-virt-qemu: DBG: qemu architecture: riscv64
autopkgtest-virt-qemu: DBG: qemu command: qemu-system-riscv64
autopkgtest-virt-qemu: DBG: execute-timeout: qemu-img info --output=json /home/minami/Documents/openkylin-riscv/testing.qcow2
autopkgtest-virt-qemu: DBG: Creating temporary overlay image in /tmp/autopkgtest-qemu.dodjiq6n/overlay.img
autopkgtest-virt-qemu: DBG: execute-timeout: qemu-img create -f qcow2 -F qcow2 -b /home/minami/Documents/openkylin-riscv/testing.qcow2 /tmp/autopkgtest-qemu.dodjiq6n/overlay.img
autopkgtest-virt-qemu: DBG: Forwarding local port 10022 to VM ssh port 22
autopkgtest-virt-qemu: DBG: Assuming nothing special needs to be done to set up firmware to boot this machine (boot method: none)
autopkgtest-virt-qemu: DBG: full qemu command-line: ['qemu-system-riscv64', '-m', '8192', '-smp', '8', '-nographic', '-device', 'virtio-net-device,netdev=usernet', '-netdev', 'user,id=usernet,hostfwd=tcp:127.0.0.1:10022-:22', '-object', 'rng-random,filename=/dev/urandom,id=rng0', '-device', 'virtio-rng-pci,rng=rng0,id=rng-device0', '-monitor', 'unix:/tmp/autopkgtest-qemu.dodjiq6n/monitor,server=on,wait=off', '-virtfs', 'local,id=autopkgtest,path=/tmp/autopkgtest-qemu.dodjiq6n/shared,security_model=none,mount_tag=autopkgtest', '-device', 'virtio-serial', '-chardev', 'socket,path=/tmp/autopkgtest-qemu.dodjiq6n/hvc0,server=on,wait=off,id=hvc0', '-device', 'virtconsole,chardev=hvc0', '-chardev', 'socket,path=/tmp/autopkgtest-qemu.dodjiq6n/hvc1,server=on,wait=off,id=hvc1', '-device', 'virtconsole,chardev=hvc1', '-serial', 'unix:/tmp/autopkgtest-qemu.dodjiq6n/ttyS0,server=on,wait=off', '-drive', 'index=0,file=/tmp/autopkgtest-qemu.dodjiq6n/overlay.img,format=qcow2,cache=unsafe,if=virtio,discard=unmap', '-machine', 'virt', '-kernel', '/home/minami/Documents/ukylin/u-boot.bin']
autopkgtest-virt-qemu: DBG: expect: b' login: '
autopkgtest-virt-qemu: DBG: expect: found "'login prompt on serial console'"
autopkgtest-virt-qemu: DBG: expect: b'ok'
autopkgtest-virt-qemu: DBG: expect: found "b'ok'"
autopkgtest-virt-qemu: DBG: setup_shell(): there already is a shell on hvc1
qemu-system-riscv64: warning: 9p: degraded performance: a reasonable high msize should be chosen on client/guest side (chosen msize is <= 8192). See https://wiki.qemu.org/Documentation/9psetup#msize for details.
autopkgtest-virt-qemu: DBG: expect: b'b3671394-a266-4170-88fa-d7b7a144f8e9[1]'
autopkgtest-virt-qemu: DBG: expect: found "b'b3671394-a266-4170-88fa-d7b7a144f8e9[1]'"
autopkgtest-virt-qemu: DBG: expect: b'b3671394-a266-4170-88fa-d7b7a144f8e9[2]'
autopkgtest-virt-qemu: DBG: expect: found "b'b3671394-a266-4170-88fa-d7b7a144f8e9[2]'"
autopkgtest-virt-qemu: DBG: expect: b'b3671394-a266-4170-88fa-d7b7a144f8e9[3]'
autopkgtest-virt-qemu: DBG: expect: found "b'b3671394-a266-4170-88fa-d7b7a144f8e9[3]'"
autopkgtest-virt-qemu: DBG: expect: b'/python'
autopkgtest-virt-qemu: DBG: expect: found "b'/python'"
autopkgtest-virt-qemu: DBG: expect: b'# '
autopkgtest-virt-qemu: DBG: expect: found "b'# '"
autopkgtest-virt-qemu: DBG: expect: b'b3671394-a266-4170-88fa-d7b7a144f8e9[4]'
autopkgtest-virt-qemu: DBG: expect: found "b'b3671394-a266-4170-88fa-d7b7a144f8e9[4]'"
autopkgtest-virt-qemu: DBG: execute-timeout: /tmp/autopkgtest-qemu.dodjiq6n/runcmd true
autopkgtest-virt-qemu: DBG: can connect to autopkgtest sh in VM
autopkgtest-virt-qemu: DBG: expect: b'b3671394-a266-4170-88fa-d7b7a144f8e9[5]'
autopkgtest-virt-qemu: DBG: expect: found "b'b3671394-a266-4170-88fa-d7b7a144f8e9[5]'"
autopkgtest-virt-qemu: DBG: determine_normal_user: got user "openkylin"
autopkgtest-virt-qemu: DBG: auxverb = ['/tmp/autopkgtest-qemu.dodjiq6n/runcmd'], downtmp = None
autopkgtest-virt-qemu: DBG: execute-timeout: /tmp/autopkgtest-qemu.dodjiq6n/runcmd mktemp --directory --tmpdir autopkgtest.XXXXXX
autopkgtest-virt-qemu: DBG: execute-timeout: /tmp/autopkgtest-qemu.dodjiq6n/runcmd chmod 1777 /tmp/autopkgtest.Et4Zuu
autopkgtest: DBG: got reply from testbed: ok /tmp/autopkgtest.Et4Zuu
autopkgtest: DBG: sending command to testbed: print-execute-command
autopkgtest-virt-qemu: DBG: executing print-execute-command
autopkgtest: DBG: got reply from testbed: ok /tmp/autopkgtest-qemu.dodjiq6n/runcmd
autopkgtest: DBG: sending command to testbed: capabilities
autopkgtest-virt-qemu: DBG: executing capabilities
autopkgtest: DBG: got reply from testbed: ok isolation-machine reboot revert revert-full-system root-on-testbed suggested-normal-user=openkylin
autopkgtest: DBG: testbed capabilities: ['isolation-machine', 'reboot', 'revert', 'revert-full-system', 'root-on-testbed', 'suggested-normal-user=openkylin', 'has_internet']
autopkgtest: DBG: testbed command ['mkdir', '-p', '/tmp/autopkgtest.Et4Zuu'], kind short, sout raw, serr pipe, env []
autopkgtest: DBG: testbed command exited with code 0
autopkgtest: DBG: sending command to testbed: copydown /usr/share/autopkgtest/lib/in-testbed/wrapper.sh /tmp/autopkgtest.Et4Zuu/wrapper.sh
autopkgtest-virt-qemu: DBG: executing copydown /usr/share/autopkgtest/lib/in-testbed/wrapper.sh /tmp/autopkgtest.Et4Zuu/wrapper.sh
autopkgtest-virt-qemu: DBG: ['cmdls', "(['cat'], ['/tmp/autopkgtest-qemu.dodjiq6n/runcmd', 'sh', '-ec', 'cat >/tmp/autopkgtest.Et4Zuu/wrapper.sh; chmod +x -- /tmp/autopkgtest.Et4Zuu/wrapper.sh'])"]
autopkgtest-virt-qemu: DBG: ['srcstdin', "<_io.BufferedReader name='/usr/share/autopkgtest/lib/in-testbed/wrapper.sh'>", 'deststdout', "<_io.BufferedReader name='/dev/null'>", 'devnull_read', <_io.BufferedReader name='/dev/null'>]
autopkgtest-virt-qemu: DBG:  +< cat
autopkgtest-virt-qemu: DBG:  +> /tmp/autopkgtest-qemu.dodjiq6n/runcmd sh -ec cat >/tmp/autopkgtest.Et4Zuu/wrapper.sh; chmod +x -- /tmp/autopkgtest.Et4Zuu/wrapper.sh
autopkgtest-virt-qemu: DBG:  +>?
autopkgtest-virt-qemu: DBG:  +<?
autopkgtest: DBG: got reply from testbed: ok
autopkgtest: DBG: testbed command ['chmod', '-R', '0755', '--', '/tmp/autopkgtest.Et4Zuu/wrapper.sh'], kind short, sout raw, serr pipe, env []
autopkgtest: DBG: testbed command exited with code 0
autopkgtest: DBG: testbed command ['dpkg', '--print-architecture'], kind short, sout pipe, serr pipe, env []
autopkgtest: DBG: testbed command exited with code 0
autopkgtest [03:19:50]: testbed dpkg architecture: riscv64
autopkgtest: DBG: testbed command ['sh', '-ec', 'command -v eatmydata'], kind short, sout pipe, serr pipe, env []
autopkgtest: DBG: testbed command exited with code 127
autopkgtest: DBG: testbed command ['sh', '-ec', 'command -v dpkg-query'], kind short, sout pipe, serr pipe, env []
autopkgtest: DBG: testbed command exited with code 0
autopkgtest: DBG: testbed command ['sh', '-ec', "dpkg-query --show -f '${Package}\\t${Version}\\n' > /tmp/autopkgtest.Et4Zuu/testbed-packages"], kind short, sout raw, serr pipe, env []
autopkgtest: DBG: testbed command exited with code 0
autopkgtest: DBG: sending command to testbed: copyup /tmp/autopkgtest.Et4Zuu/testbed-packages /home/minami/Documents/openkylin-riscv/test/libexporter-tiny-perl/testbed-packages
autopkgtest-virt-qemu: DBG: executing copyup /tmp/autopkgtest.Et4Zuu/testbed-packages /home/minami/Documents/openkylin-riscv/test/libexporter-tiny-perl/testbed-packages
autopkgtest-virt-qemu: DBG: ['cmdls', "(['/tmp/autopkgtest-qemu.dodjiq6n/runcmd', 'sh', '-ec', 'cat </tmp/autopkgtest.Et4Zuu/testbed-packages'], ['cat'])"]
autopkgtest-virt-qemu: DBG: ['srcstdin', "<_io.BufferedReader name='/dev/null'>", 'deststdout', "<_io.BufferedWriter name='/home/minami/Documents/openkylin-riscv/test/libexporter-tiny-perl/testbed-packages'>", 'devnull_read', <_io.BufferedReader name='/dev/null'>]
autopkgtest-virt-qemu: DBG:  +< /tmp/autopkgtest-qemu.dodjiq6n/runcmd sh -ec cat </tmp/autopkgtest.Et4Zuu/testbed-packages
autopkgtest-virt-qemu: DBG:  +> cat
autopkgtest-virt-qemu: DBG:  +>?
autopkgtest-virt-qemu: DBG:  +<?
autopkgtest: DBG: got reply from testbed: ok
autopkgtest: DBG: testbed supports reboot, creating /tmp/autopkgtest-reboot
autopkgtest: DBG: testbed command ['mkdir', '-p', '/tmp/autopkgtest.Et4Zuu'], kind short, sout raw, serr pipe, env []
autopkgtest: DBG: testbed command exited with code 0
autopkgtest: DBG: sending command to testbed: copydown /usr/share/autopkgtest/lib/in-testbed/reboot.sh /tmp/autopkgtest.Et4Zuu/autopkgtest-reboot
autopkgtest-virt-qemu: DBG: executing copydown /usr/share/autopkgtest/lib/in-testbed/reboot.sh /tmp/autopkgtest.Et4Zuu/autopkgtest-reboot
autopkgtest-virt-qemu: DBG: ['cmdls', "(['cat'], ['/tmp/autopkgtest-qemu.dodjiq6n/runcmd', 'sh', '-ec', 'cat >/tmp/autopkgtest.Et4Zuu/autopkgtest-reboot; chmod +x -- /tmp/autopkgtest.Et4Zuu/autopkgtest-reboot'])"]
autopkgtest-virt-qemu: DBG: ['srcstdin', "<_io.BufferedReader name='/usr/share/autopkgtest/lib/in-testbed/reboot.sh'>", 'deststdout', "<_io.BufferedReader name='/dev/null'>", 'devnull_read', <_io.BufferedReader name='/dev/null'>]
autopkgtest-virt-qemu: DBG:  +< cat
autopkgtest-virt-qemu: DBG:  +> /tmp/autopkgtest-qemu.dodjiq6n/runcmd sh -ec cat >/tmp/autopkgtest.Et4Zuu/autopkgtest-reboot; chmod +x -- /tmp/autopkgtest.Et4Zuu/autopkgtest-reboot
autopkgtest-virt-qemu: DBG:  +>?
autopkgtest-virt-qemu: DBG:  +<?
autopkgtest: DBG: got reply from testbed: ok
autopkgtest: DBG: testbed command ['chmod', '-R', '0755', '--', '/tmp/autopkgtest.Et4Zuu/autopkgtest-reboot'], kind short, sout raw, serr pipe, env []
autopkgtest: DBG: testbed command exited with code 0
autopkgtest: DBG: testbed command ['ln', '-fns', '/tmp/autopkgtest.Et4Zuu/autopkgtest-reboot', '/tmp/autopkgtest-reboot'], kind short, sout raw, serr pipe, env []
autopkgtest: DBG: testbed command exited with code 0
autopkgtest: DBG: testbed command ['ln', '-fns', '/tmp/autopkgtest.Et4Zuu/autopkgtest-reboot', '/sbin/autopkgtest-reboot'], kind short, sout raw, serr pipe, env []
autopkgtest: DBG: testbed command exited with code 0
autopkgtest: DBG: testbed command ['mkdir', '-p', '/tmp/autopkgtest.Et4Zuu'], kind short, sout raw, serr pipe, env []
autopkgtest: DBG: testbed command exited with code 0
autopkgtest: DBG: sending command to testbed: copydown /usr/share/autopkgtest/lib/in-testbed/reboot-prepare.sh /tmp/autopkgtest.Et4Zuu/autopkgtest-reboot-prepare
autopkgtest-virt-qemu: DBG: executing copydown /usr/share/autopkgtest/lib/in-testbed/reboot-prepare.sh /tmp/autopkgtest.Et4Zuu/autopkgtest-reboot-prepare
autopkgtest-virt-qemu: DBG: ['cmdls', "(['cat'], ['/tmp/autopkgtest-qemu.dodjiq6n/runcmd', 'sh', '-ec', 'cat >/tmp/autopkgtest.Et4Zuu/autopkgtest-reboot-prepare; chmod +x -- /tmp/autopkgtest.Et4Zuu/autopkgtest-reboot-prepare'])"]
autopkgtest-virt-qemu: DBG: ['srcstdin', "<_io.BufferedReader name='/usr/share/autopkgtest/lib/in-testbed/reboot-prepare.sh'>", 'deststdout', "<_io.BufferedReader name='/dev/null'>", 'devnull_read', <_io.BufferedReader name='/dev/null'>]
autopkgtest-virt-qemu: DBG:  +< cat
autopkgtest-virt-qemu: DBG:  +> /tmp/autopkgtest-qemu.dodjiq6n/runcmd sh -ec cat >/tmp/autopkgtest.Et4Zuu/autopkgtest-reboot-prepare; chmod +x -- /tmp/autopkgtest.Et4Zuu/autopkgtest-reboot-prepare
autopkgtest-virt-qemu: DBG:  +>?
autopkgtest-virt-qemu: DBG:  +<?
autopkgtest: DBG: got reply from testbed: ok
autopkgtest: DBG: testbed command ['chmod', '-R', '0755', '--', '/tmp/autopkgtest.Et4Zuu/autopkgtest-reboot-prepare'], kind short, sout raw, serr pipe, env []
autopkgtest: DBG: testbed command exited with code 0
autopkgtest: DBG: testbed command ['ln', '-fns', '/tmp/autopkgtest.Et4Zuu/autopkgtest-reboot-prepare', '/tmp/autopkgtest-reboot-prepare'], kind short, sout raw, serr pipe, env []
autopkgtest: DBG: testbed command exited with code 0
autopkgtest: DBG: testbed command ['uname', '-srv'], kind short, sout pipe, serr pipe, env []
autopkgtest: DBG: testbed command exited with code 0
autopkgtest [03:19:57]: testbed running kernel: Linux 5.11.0-1030-generic #34 SMP Fri Mar 11 15:27:17 CST 2022
autopkgtest: DBG: testbed command ['sh', '-c', 'nproc; cat /proc/cpuinfo 2>/dev/null || true'], kind short, sout pipe, serr pipe, env []
autopkgtest: DBG: testbed command exited with code 0
autopkgtest: DBG: Binaries: initialising
autopkgtest [03:19:58]: @@@@@@@@@@@@@@@@@@@@ source /home/minami/Documents/openkylin-riscv/src/libexporter-tiny-perl_1.004000-ok2.dsc
autopkgtest: DBG: blame += /home/minami/Documents/openkylin-riscv/src/libexporter-tiny-perl_1.004000-ok2.dsc
autopkgtest: DBG: testbed reset: modified=False, deps_installed=[], deps_new=[]
autopkgtest: DBG: testbed command ['mkdir', '-p', '/tmp/autopkgtest.Et4Zuu'], kind short, sout raw, serr pipe, env []
autopkgtest: DBG: testbed command exited with code 0
autopkgtest: DBG: sending command to testbed: copydown /home/minami/Documents/openkylin-riscv/src/libexporter-tiny-perl_1.004000-ok2.dsc /tmp/autopkgtest.Et4Zuu/libexporter-tiny-perl_1.004000-ok2.dsc
autopkgtest-virt-qemu: DBG: executing copydown /home/minami/Documents/openkylin-riscv/src/libexporter-tiny-perl_1.004000-ok2.dsc /tmp/autopkgtest.Et4Zuu/libexporter-tiny-perl_1.004000-ok2.dsc
autopkgtest-virt-qemu: DBG: ['cmdls', "(['cat'], ['/tmp/autopkgtest-qemu.dodjiq6n/runcmd', 'sh', '-ec', 'cat >/tmp/autopkgtest.Et4Zuu/libexporter-tiny-perl_1.004000-ok2.dsc'])"]
autopkgtest-virt-qemu: DBG: ['srcstdin', "<_io.BufferedReader name='/home/minami/Documents/openkylin-riscv/src/libexporter-tiny-perl_1.004000-ok2.dsc'>", 'deststdout', "<_io.BufferedReader name='/dev/null'>", 'devnull_read', <_io.BufferedReader name='/dev/null'>]
autopkgtest-virt-qemu: DBG:  +< cat
autopkgtest-virt-qemu: DBG:  +> /tmp/autopkgtest-qemu.dodjiq6n/runcmd sh -ec cat >/tmp/autopkgtest.Et4Zuu/libexporter-tiny-perl_1.004000-ok2.dsc
autopkgtest-virt-qemu: DBG:  +>?
autopkgtest-virt-qemu: DBG:  +<?
autopkgtest: DBG: got reply from testbed: ok
autopkgtest: DBG: testbed command ['chown', '-R', 'openkylin', '--', '/tmp/autopkgtest.Et4Zuu/libexporter-tiny-perl_1.004000-ok2.dsc'], kind short, sout raw, serr pipe, env []
autopkgtest: DBG: testbed command exited with code 0
autopkgtest: DBG: testbed command ['mkdir', '-p', '/tmp/autopkgtest.Et4Zuu'], kind short, sout raw, serr pipe, env []
autopkgtest: DBG: testbed command exited with code 0
autopkgtest: DBG: sending command to testbed: copydown /home/minami/Documents/openkylin-riscv/src/libexporter-tiny-perl_1.004000.orig.tar.gz /tmp/autopkgtest.Et4Zuu/libexporter-tiny-perl_1.004000.orig.tar.gz
autopkgtest-virt-qemu: DBG: executing copydown /home/minami/Documents/openkylin-riscv/src/libexporter-tiny-perl_1.004000.orig.tar.gz /tmp/autopkgtest.Et4Zuu/libexporter-tiny-perl_1.004000.orig.tar.gz
autopkgtest-virt-qemu: DBG: ['cmdls', "(['cat'], ['/tmp/autopkgtest-qemu.dodjiq6n/runcmd', 'sh', '-ec', 'cat >/tmp/autopkgtest.Et4Zuu/libexporter-tiny-perl_1.004000.orig.tar.gz'])"]
autopkgtest-virt-qemu: DBG: ['srcstdin', "<_io.BufferedReader name='/home/minami/Documents/openkylin-riscv/src/libexporter-tiny-perl_1.004000.orig.tar.gz'>", 'deststdout', "<_io.BufferedReader name='/dev/null'>", 'devnull_read', <_io.BufferedReader name='/dev/null'>]
autopkgtest-virt-qemu: DBG:  +< cat
autopkgtest-virt-qemu: DBG:  +> /tmp/autopkgtest-qemu.dodjiq6n/runcmd sh -ec cat >/tmp/autopkgtest.Et4Zuu/libexporter-tiny-perl_1.004000.orig.tar.gz
autopkgtest-virt-qemu: DBG:  +>?
autopkgtest-virt-qemu: DBG:  +<?
autopkgtest: DBG: got reply from testbed: ok
autopkgtest: DBG: testbed command ['chown', '-R', 'openkylin', '--', '/tmp/autopkgtest.Et4Zuu/libexporter-tiny-perl_1.004000.orig.tar.gz'], kind short, sout raw, serr pipe, env []
autopkgtest: DBG: testbed command exited with code 0
autopkgtest: DBG: testbed command ['mkdir', '-p', '/tmp/autopkgtest.Et4Zuu'], kind short, sout raw, serr pipe, env []
autopkgtest: DBG: testbed command exited with code 0
autopkgtest: DBG: sending command to testbed: copydown /home/minami/Documents/openkylin-riscv/src/libexporter-tiny-perl_1.004000-ok2.debian.tar.xz /tmp/autopkgtest.Et4Zuu/libexporter-tiny-perl_1.004000-ok2.debian.tar.xz
autopkgtest-virt-qemu: DBG: executing copydown /home/minami/Documents/openkylin-riscv/src/libexporter-tiny-perl_1.004000-ok2.debian.tar.xz /tmp/autopkgtest.Et4Zuu/libexporter-tiny-perl_1.004000-ok2.debian.tar.xz
autopkgtest-virt-qemu: DBG: ['cmdls', "(['cat'], ['/tmp/autopkgtest-qemu.dodjiq6n/runcmd', 'sh', '-ec', 'cat >/tmp/autopkgtest.Et4Zuu/libexporter-tiny-perl_1.004000-ok2.debian.tar.xz'])"]
autopkgtest-virt-qemu: DBG: ['srcstdin', "<_io.BufferedReader name='/home/minami/Documents/openkylin-riscv/src/libexporter-tiny-perl_1.004000-ok2.debian.tar.xz'>", 'deststdout', "<_io.BufferedReader name='/dev/null'>", 'devnull_read', <_io.BufferedReader name='/dev/null'>]
autopkgtest-virt-qemu: DBG:  +< cat
autopkgtest-virt-qemu: DBG:  +> /tmp/autopkgtest-qemu.dodjiq6n/runcmd sh -ec cat >/tmp/autopkgtest.Et4Zuu/libexporter-tiny-perl_1.004000-ok2.debian.tar.xz
autopkgtest-virt-qemu: DBG:  +>?
autopkgtest-virt-qemu: DBG:  +<?
autopkgtest: DBG: got reply from testbed: ok
autopkgtest: DBG: testbed command ['chown', '-R', 'openkylin', '--', '/tmp/autopkgtest.Et4Zuu/libexporter-tiny-perl_1.004000-ok2.debian.tar.xz'], kind short, sout raw, serr pipe, env []
autopkgtest: DBG: testbed command exited with code 0
autopkgtest: DBG: install_deps: deps_new=[]
autopkgtest: DBG: testbed command ['sh', '-ec', 'command -v dpkg-source'], kind short, sout pipe, serr pipe, env []
autopkgtest: DBG: testbed command exited with code 0
autopkgtest: DBG: testbed command ['sh', '-ec', 'su --shell=/bin/sh openkylin -c \'set -e; exec 3>&1 >&2; set -x; cd /; builddir=$(mktemp -d /tmp/autopkgtest.Et4Zuu/build.XXX); cd $builddir; dpkg-source -x "/tmp/autopkgtest.Et4Zuu/libexporter-tiny-perl_1.004000-ok2.dsc" src; chmod -R a+rX .; cd [a-z0-9]*/.; pwd >&3; sed -n "1 {s/).*//; s/ (/\\n/; p}" debian/changelog >&3\''], kind build, sout pipe, serr raw, env []
+ cd /
+ mktemp -d /tmp/autopkgtest.Et4Zuu/build.XXX
+ builddir=/tmp/autopkgtest.Et4Zuu/build.kAU
+ cd /tmp/autopkgtest.Et4Zuu/build.kAU
+ dpkg-source -x /tmp/autopkgtest.Et4Zuu/libexporter-tiny-perl_1.004000-ok2.dsc src
gpgv: unknown type of key resource 'trustedkeys.kbx'
gpgv: keyblock resource '/tmp/dpkg-verify-sig.vbcNroOJ/trustedkeys.kbx': General error
gpgv: Signature made Tue 25 Oct 2022 01:39:03 AM UTC
gpgv:                using RSA key 64FBB79F5EAE64D792E94CFE0716F00F842CD274
gpgv: Can't check signature: No public key
dpkg-source: warning: cannot verify signature /tmp/autopkgtest.Et4Zuu/libexporter-tiny-perl_1.004000-ok2.dsc
dpkg-source: info: extracting libexporter-tiny-perl in src
dpkg-source: info: unpacking libexporter-tiny-perl_1.004000.orig.tar.gz
dpkg-source: info: unpacking libexporter-tiny-perl_1.004000-ok2.debian.tar.xz
+ chmod -R a+rX .
+ cd src/.
+ pwd
+ sed -n 1 {s/).*//; s/ (/\n/; p} debian/changelog
autopkgtest: DBG: testbed command exited with code 0
autopkgtest [03:20:08]: testing package libexporter-tiny-perl version 1.004000-ok2
autopkgtest: DBG: sending command to testbed: copyup /tmp/autopkgtest.Et4Zuu/build.kAU/src/debian/ /home/minami/Documents/openkylin-riscv/test/libexporter-tiny-perl/pkg/debian/
autopkgtest-virt-qemu: DBG: executing copyup /tmp/autopkgtest.Et4Zuu/build.kAU/src/debian/ /home/minami/Documents/openkylin-riscv/test/libexporter-tiny-perl/pkg/debian/
autopkgtest-virt-qemu: DBG: ['cmdls', "(['/tmp/autopkgtest-qemu.dodjiq6n/runcmd', 'sh', '-ec', 'cd /tmp/autopkgtest.Et4Zuu/build.kAU/src/debian/; tar --warning=none -c . -f -'], ['tar', '--directory', '/home/minami/Documents/openkylin-riscv/test/libexporter-tiny-perl/pkg/debian/', '--warning=none', '--preserve-permissions', '--extract', '--no-same-owner', '-f', '-'])"]
autopkgtest-virt-qemu: DBG: ['srcstdin', "<_io.BufferedReader name='/dev/null'>", 'deststdout', "<_io.BufferedReader name='/dev/null'>", 'devnull_read', <_io.BufferedReader name='/dev/null'>]
autopkgtest-virt-qemu: DBG:  +< /tmp/autopkgtest-qemu.dodjiq6n/runcmd sh -ec cd /tmp/autopkgtest.Et4Zuu/build.kAU/src/debian/; tar --warning=none -c . -f -
autopkgtest-virt-qemu: DBG:  +> tar --directory /home/minami/Documents/openkylin-riscv/test/libexporter-tiny-perl/pkg/debian/ --warning=none --preserve-permissions --extract --no-same-owner -f -
autopkgtest-virt-qemu: DBG:  +>?
autopkgtest-virt-qemu: DBG:  +<?
autopkgtest: DBG: got reply from testbed: ok
autopkgtest: DBG: autodep8 generated control: -----
Test-Command: /usr/share/pkg-perl-autopkgtest/runner build-deps
Depends: @, @builddeps@, pkg-perl-autopkgtest, 
Restrictions: skippable, 
Features: test-name=autodep8-perl-build-deps


Test-Command: /usr/share/pkg-perl-autopkgtest/runner runtime-deps
Depends: @, pkg-perl-autopkgtest, 
Restrictions: skippable, superficial, 
Features: test-name=autodep8-perl


Test-Command: /usr/share/pkg-perl-autopkgtest/runner runtime-deps-and-recommends
Depends: @, pkg-perl-autopkgtest, 
Restrictions: needs-recommends, skippable, superficial, 
Features: test-name=autodep8-perl-recommends


-------
autopkgtest: DBG: processing dependency @
autopkgtest: DBG: synthesised dependency libexporter-tiny-perl
autopkgtest: DBG: processing dependency @builddeps@
autopkgtest: DBG: synthesised dependency debhelper-compat (= 12)
autopkgtest: DBG: synthesised dependency devscripts
autopkgtest: DBG: synthesised dependency perl
autopkgtest: DBG: synthesised dependency libtest-fatal-perl
autopkgtest: DBG: synthesised dependency libtest-warnings-perl
autopkgtest: DBG: synthesised dependency build-essential
autopkgtest: DBG: processing dependency pkg-perl-autopkgtest
autopkgtest: DBG: Test defined: name autodep8-perl-build-deps path None command "/usr/share/pkg-perl-autopkgtest/runner build-deps" restrictions ['skippable'] features ['test-name=autodep8-perl-build-deps'] depends ['libexporter-tiny-perl', 'debhelper-compat (= 12)', 'devscripts', 'perl', 'libtest-fatal-perl', 'libtest-warnings-perl', 'build-essential', 'pkg-perl-autopkgtest'] 
autopkgtest: DBG: processing dependency @
autopkgtest: DBG: synthesised dependency libexporter-tiny-perl
autopkgtest: DBG: processing dependency pkg-perl-autopkgtest
autopkgtest: DBG: Test defined: name autodep8-perl path None command "/usr/share/pkg-perl-autopkgtest/runner runtime-deps" restrictions ['skippable', 'superficial'] features ['test-name=autodep8-perl'] depends ['libexporter-tiny-perl', 'pkg-perl-autopkgtest'] 
autopkgtest: DBG: processing dependency @
autopkgtest: DBG: synthesised dependency libexporter-tiny-perl
autopkgtest: DBG: processing dependency pkg-perl-autopkgtest
autopkgtest: DBG: processing dependency @recommends@
autopkgtest: DBG: Test defined: name autodep8-perl-recommends path None command "/usr/share/pkg-perl-autopkgtest/runner runtime-deps-and-recommends" restrictions ['needs-recommends', 'skippable', 'superficial'] features ['test-name=autodep8-perl-recommends'] depends ['libexporter-tiny-perl', 'pkg-perl-autopkgtest'] 
autopkgtest [03:20:08]: build not needed
autopkgtest: DBG: sending command to testbed: copyup /tmp/autopkgtest.Et4Zuu/build.kAU/src/ /home/minami/Documents/openkylin-riscv/test/libexporter-tiny-perl/tests-tree/
autopkgtest-virt-qemu: DBG: executing copyup /tmp/autopkgtest.Et4Zuu/build.kAU/src/ /home/minami/Documents/openkylin-riscv/test/libexporter-tiny-perl/tests-tree/
autopkgtest-virt-qemu: DBG: ['cmdls', "(['/tmp/autopkgtest-qemu.dodjiq6n/runcmd', 'sh', '-ec', 'cd /tmp/autopkgtest.Et4Zuu/build.kAU/src/; tar --warning=none -c . -f -'], ['tar', '--directory', '/home/minami/Documents/openkylin-riscv/test/libexporter-tiny-perl/tests-tree/', '--warning=none', '--preserve-permissions', '--extract', '--no-same-owner', '-f', '-'])"]
autopkgtest-virt-qemu: DBG: ['srcstdin', "<_io.BufferedReader name='/dev/null'>", 'deststdout', "<_io.BufferedReader name='/dev/null'>", 'devnull_read', <_io.BufferedReader name='/dev/null'>]
autopkgtest-virt-qemu: DBG:  +< /tmp/autopkgtest-qemu.dodjiq6n/runcmd sh -ec cd /tmp/autopkgtest.Et4Zuu/build.kAU/src/; tar --warning=none -c . -f -
autopkgtest-virt-qemu: DBG:  +> tar --directory /home/minami/Documents/openkylin-riscv/test/libexporter-tiny-perl/tests-tree/ --warning=none --preserve-permissions --extract --no-same-owner -f -
autopkgtest-virt-qemu: DBG:  +>?
autopkgtest-virt-qemu: DBG:  +<?
autopkgtest: DBG: got reply from testbed: ok
autopkgtest: DBG: autodep8 generated control: -----
Test-Command: /usr/share/pkg-perl-autopkgtest/runner build-deps
Depends: @, @builddeps@, pkg-perl-autopkgtest, 
Restrictions: skippable, 
Features: test-name=autodep8-perl-build-deps


Test-Command: /usr/share/pkg-perl-autopkgtest/runner runtime-deps
Depends: @, pkg-perl-autopkgtest, 
Restrictions: skippable, superficial, 
Features: test-name=autodep8-perl


Test-Command: /usr/share/pkg-perl-autopkgtest/runner runtime-deps-and-recommends
Depends: @, pkg-perl-autopkgtest, 
Restrictions: needs-recommends, skippable, superficial, 
Features: test-name=autodep8-perl-recommends


-------
autopkgtest: DBG: processing dependency @
autopkgtest: DBG: synthesised dependency libexporter-tiny-perl
autopkgtest: DBG: processing dependency @builddeps@
autopkgtest: DBG: synthesised dependency debhelper-compat (= 12)
autopkgtest: DBG: synthesised dependency devscripts
autopkgtest: DBG: synthesised dependency perl
autopkgtest: DBG: synthesised dependency libtest-fatal-perl
autopkgtest: DBG: synthesised dependency libtest-warnings-perl
autopkgtest: DBG: synthesised dependency build-essential
autopkgtest: DBG: processing dependency pkg-perl-autopkgtest
autopkgtest: DBG: Test defined: name autodep8-perl-build-deps path None command "/usr/share/pkg-perl-autopkgtest/runner build-deps" restrictions ['skippable'] features ['test-name=autodep8-perl-build-deps'] depends ['libexporter-tiny-perl', 'debhelper-compat (= 12)', 'devscripts', 'perl', 'libtest-fatal-perl', 'libtest-warnings-perl', 'build-essential', 'pkg-perl-autopkgtest'] 
autopkgtest: DBG: processing dependency @
autopkgtest: DBG: synthesised dependency libexporter-tiny-perl
autopkgtest: DBG: processing dependency pkg-perl-autopkgtest
autopkgtest: DBG: Test defined: name autodep8-perl path None command "/usr/share/pkg-perl-autopkgtest/runner runtime-deps" restrictions ['skippable', 'superficial'] features ['test-name=autodep8-perl'] depends ['libexporter-tiny-perl', 'pkg-perl-autopkgtest'] 
autopkgtest: DBG: processing dependency @
autopkgtest: DBG: synthesised dependency libexporter-tiny-perl
autopkgtest: DBG: processing dependency pkg-perl-autopkgtest
autopkgtest: DBG: processing dependency @recommends@
autopkgtest: DBG: Test defined: name autodep8-perl-recommends path None command "/usr/share/pkg-perl-autopkgtest/runner runtime-deps-and-recommends" restrictions ['needs-recommends', 'skippable', 'superficial'] features ['test-name=autodep8-perl-recommends'] depends ['libexporter-tiny-perl', 'pkg-perl-autopkgtest'] 
autopkgtest [03:20:09]: test autodep8-perl-build-deps: preparing testbed
autopkgtest: DBG: testbed reset: modified=False, deps_installed=[], deps_new=['libexporter-tiny-perl', 'debhelper-compat (= 12)', 'devscripts', 'perl', 'libtest-fatal-perl', 'libtest-warnings-perl', 'build-essential', 'pkg-perl-autopkgtest']
autopkgtest: DBG: Binaries: no registered binaries, not publishing anything
autopkgtest: DBG: install_deps: deps_new=['libexporter-tiny-perl', 'debhelper-compat (= 12)', 'devscripts', 'perl', 'libtest-fatal-perl', 'libtest-warnings-perl', 'build-essential', 'pkg-perl-autopkgtest']
autopkgtest: DBG: install-deps: satisfying libexporter-tiny-perl, debhelper-compat (= 12), devscripts, perl, libtest-fatal-perl, libtest-warnings-perl, build-essential, pkg-perl-autopkgtest
autopkgtest: DBG: install-deps: architecture resolved: libexporter-tiny-perl, debhelper-compat (= 12), devscripts, perl, libtest-fatal-perl, libtest-warnings-perl, build-essential, pkg-perl-autopkgtest
autopkgtest: DBG: testbed command ['test', '-w', '/var/lib/dpkg/status'], kind short, sout raw, serr raw, env []
autopkgtest: DBG: testbed command exited with code 0
autopkgtest: DBG: can use apt-get on testbed: True
autopkgtest: DBG: testbed command ['mkdir', '-p', '/tmp/autopkgtest.Et4Zuu'], kind short, sout raw, serr pipe, env []
autopkgtest: DBG: testbed command exited with code 0
autopkgtest: DBG: sending command to testbed: copydown /home/minami/Documents/openkylin-riscv/test/libexporter-tiny-perl/1-autopkgtest-satdep.deb /tmp/autopkgtest.Et4Zuu/1-autopkgtest-satdep.deb
autopkgtest-virt-qemu: DBG: executing copydown /home/minami/Documents/openkylin-riscv/test/libexporter-tiny-perl/1-autopkgtest-satdep.deb /tmp/autopkgtest.Et4Zuu/1-autopkgtest-satdep.deb
autopkgtest-virt-qemu: DBG: ['cmdls', "(['cat'], ['/tmp/autopkgtest-qemu.dodjiq6n/runcmd', 'sh', '-ec', 'cat >/tmp/autopkgtest.Et4Zuu/1-autopkgtest-satdep.deb'])"]
autopkgtest-virt-qemu: DBG: ['srcstdin', "<_io.BufferedReader name='/home/minami/Documents/openkylin-riscv/test/libexporter-tiny-perl/1-autopkgtest-satdep.deb'>", 'deststdout', "<_io.BufferedReader name='/dev/null'>", 'devnull_read', <_io.BufferedReader name='/dev/null'>]
autopkgtest-virt-qemu: DBG:  +< cat
autopkgtest-virt-qemu: DBG:  +> /tmp/autopkgtest-qemu.dodjiq6n/runcmd sh -ec cat >/tmp/autopkgtest.Et4Zuu/1-autopkgtest-satdep.deb
autopkgtest-virt-qemu: DBG:  +>?
autopkgtest-virt-qemu: DBG:  +<?
autopkgtest: DBG: got reply from testbed: ok
autopkgtest: DBG: testbed command ['chown', '-R', 'openkylin', '--', '/tmp/autopkgtest.Et4Zuu/1-autopkgtest-satdep.deb'], kind short, sout raw, serr pipe, env []
autopkgtest: DBG: testbed command exited with code 0
autopkgtest: DBG: testbed command ['dpkg', '--unpack', '/tmp/autopkgtest.Et4Zuu/1-autopkgtest-satdep.deb'], kind short, sout pipe, serr pipe, env []
autopkgtest: DBG: testbed command exited with code 0
autopkgtest: DBG: testbed command ['/bin/sh', '-ec', ' apt-get install --assume-yes --fix-broken -o APT::Status-Fd=3 -o APT::Install-Recommends=false -o Dpkg::Options::=--force-confnew -o Debug::pkgProblemResolver=true 3>&2 2>&1'], kind install, sout raw, serr pipe, env ['DEBIAN_FRONTEND=noninteractive', 'APT_LISTBUGS_FRONTEND=none', 'APT_LISTCHANGES_FRONTEND=none']
Reading package lists...
Building dependency tree...
Reading state information...
Correcting dependencies...Starting pkgProblemResolver with broken count: 0
Starting 2 pkgProblemResolver with broken count: 0
Done
 Done
Starting pkgProblemResolver with broken count: 0
Starting 2 pkgProblemResolver with broken count: 0
Done
The following packages were automatically installed and are no longer required:
  libdjvulibre-text libdjvulibre21 libegl-dev libgl-dev libglu1-mesa-dev
  libglx-dev libmpdec2 libvulkan-dev libx11-dev libxau-dev libxcb1-dev
  libxdmcp-dev libxext-dev qt5-qmake qt5-qmake-bin x11proto-core-dev
  x11proto-dev xorg-sgml-doctools xtrans-dev
Use 'apt autoremove' to remove them.
The following additional packages will be installed:
  autoconf autodep8 automake autopoint autotools-dev build-essential
  dctrl-tools debhelper debugedit devscripts dh-autoreconf
  dh-strip-nondeterminism dwz fakeroot g++ g++-9 gcc gcc-9 intltool-debian
  libarchive-zip-perl libb-hooks-op-check-perl libcc1-0
  libclass-method-modifiers-perl libdebhelper-perl libdevel-callchecker-perl
  libdynaloader-functions-perl libencode-locale-perl libexporter-tiny-perl
  libfakeroot libfile-homedir-perl libfile-listing-perl
  libfile-stripnondeterminism-perl libfile-which-perl libhtml-parser-perl
  libhtml-tagset-perl libhtml-tree-perl libhttp-cookies-perl libhttp-date-perl
  libhttp-message-perl libhttp-negotiate-perl libimport-into-perl
  libio-html-perl libio-pty-perl libio-socket-ssl-perl libipc-run-perl
  liblwp-mediatypes-perl liblwp-protocol-https-perl libmodule-runtime-perl
  libmoo-perl libnet-http-perl libnet-ssleay-perl libparams-classify-perl
  librole-tiny-perl libsigsegv2 libstrictures-perl libsub-override-perl
  libsub-quote-perl libtest-fatal-perl libtest-warnings-perl libtimedate-perl
  libtool libtry-tiny-perl libwww-perl libwww-robotrules-perl m4 patchutils
  perl-openssl-defaults pkg-perl-autopkgtest po-debconf wdiff
Suggested packages:
  autoconf-archive gnu-standards autoconf-doc debtags dh-make adequate
  autopkgtest bls-standalone bsd-mailx | mailx check-all-the-things
  cvs-buildpackage devscripts-el diffoscope disorderfs dose-extra duck
  faketime gnuplot how-can-i-help libauthen-sasl-perl libdbd-pg-perl
  libnet-smtps-perl libterm-size-perl libyaml-syck-perl mozilla-devscripts
  mutt piuparts postgresql-client quilt ratt reprotest svn-buildpackage w3m
  gcc-9-doc bison flex gcc-doc gcc-multilib gdb manpages-dev gcc-9-locales
  libdata-dump-perl libcrypt-ssleay-perl libscalar-number-perl
  libbareword-filehandles-perl libindirect-perl libmultidimensional-perl
  libtool-doc gfortran | fortran95-compiler gcj-jdk libsub-name-perl
  libauthen-ntlm-perl m4-doc libmail-box-perl wdiff-doc
Recommended packages:
  at dput | dupload libdistro-info-perl libgit-wrapper-perl
  libgitlab-api-v4-perl liblist-compare-perl libstring-shellquote-perl
  licensecheck lintian python3-debian python3-magic python3-unidiff strace
  unzip debian-keyring equivs libsoap-lite-perl libarchive-cpio-perl
  libhtml-format-perl libclone-perl libclass-xsaccessor-perl libsub-name-perl
  libltdl-dev libdata-dump-perl libhtml-form-perl libhttp-daemon-perl
  libmailtools-perl libmail-sendmail-perl
The following NEW packages will be installed:
  autoconf autodep8 automake autopoint autotools-dev build-essential
  dctrl-tools debhelper debugedit devscripts dh-autoreconf
  dh-strip-nondeterminism dwz fakeroot g++ g++-9 gcc gcc-9 intltool-debian
  libarchive-zip-perl libb-hooks-op-check-perl libcc1-0
  libclass-method-modifiers-perl libdebhelper-perl libdevel-callchecker-perl
  libdynaloader-functions-perl libencode-locale-perl libexporter-tiny-perl
  libfakeroot libfile-homedir-perl libfile-listing-perl
  libfile-stripnondeterminism-perl libfile-which-perl libhtml-parser-perl
  libhtml-tagset-perl libhtml-tree-perl libhttp-cookies-perl libhttp-date-perl
  libhttp-message-perl libhttp-negotiate-perl libimport-into-perl
  libio-html-perl libio-pty-perl libio-socket-ssl-perl libipc-run-perl
  liblwp-mediatypes-perl liblwp-protocol-https-perl libmodule-runtime-perl
  libmoo-perl libnet-http-perl libnet-ssleay-perl libparams-classify-perl
  librole-tiny-perl libsigsegv2 libstrictures-perl libsub-override-perl
  libsub-quote-perl libtest-fatal-perl libtest-warnings-perl libtimedate-perl
  libtool libtry-tiny-perl libwww-perl libwww-robotrules-perl m4 patchutils
  perl-openssl-defaults pkg-perl-autopkgtest po-debconf wdiff
0 upgraded, 70 newly installed, 0 to remove and 18 not upgraded.
1 not fully installed or removed.
Need to get 21.3 MB of archives.
After this operation, 54.2 MB of additional disk space will be used.
Get:1 http://archive.build.openkylin.top/openkylin yangtze/main riscv64 libexporter-tiny-perl all 1.004000-ok2 [42.5 kB]
Get:2 http://ppa.build.openkylin.top/kylinsoft/anything/openkylin yangtze/main riscv64 libio-pty-perl riscv64 1:1.12-ok1 [32.5 kB]
Get:3 http://archive.build.openkylin.top/openkylin yangtze/main riscv64 autotools-dev all 20220506-ok1 [41.6 kB]
Get:4 http://ppa.build.openkylin.top/kylinsoft/anything/openkylin yangtze/main riscv64 autodep8 all 0.22-ok1 [10.1 kB]
Get:5 http://archive.build.openkylin.top/openkylin yangtze/main riscv64 debugedit riscv64 1:5.0-ok1 [71.2 kB]
Get:6 http://ppa.build.openkylin.top/kylinsoft/anything/openkylin yangtze/main riscv64 pkg-perl-autopkgtest all 0.59-ok1 [8,208 B]
Get:7 http://archive.build.openkylin.top/openkylin yangtze/main riscv64 libsigsegv2 riscv64 2.12-ok1 [11.5 kB]
Get:8 http://archive.build.openkylin.top/openkylin yangtze/main riscv64 m4 riscv64 1.4.18-ok2 [191 kB]
Get:9 http://archive.build.openkylin.top/openkylin yangtze/main riscv64 autoconf all 2.71-ok2 [390 kB]
Get:10 http://archive.build.openkylin.top/openkylin yangtze/main riscv64 automake all 1:1.16.5-ok1 [557 kB]
Get:11 http://archive.build.openkylin.top/openkylin yangtze/main riscv64 autopoint all 0.19.8.1-ok1 [410 kB]
Get:12 http://archive.build.openkylin.top/openkylin yangtze/main riscv64 libdebhelper-perl all 13.6-ok1 [61.4 kB]
Get:13 http://archive.build.openkylin.top/openkylin yangtze/main riscv64 libcc1-0 riscv64 10-20200411-ok5 [42.3 kB]
Get:14 http://archive.build.openkylin.top/openkylin yangtze/main riscv64 gcc-9 riscv64 9.3.0-ok4 [7,417 kB]
Get:15 http://archive.build.openkylin.top/openkylin yangtze/main riscv64 gcc riscv64 4:9.3.0-ok7 [5,160 B]
Get:16 http://archive.build.openkylin.top/openkylin yangtze/main riscv64 libtool all 2.4.6-ok1 [159 kB]
Get:17 http://archive.build.openkylin.top/openkylin yangtze/main riscv64 dh-autoreconf all 20-ok1 [16.3 kB]
Get:18 http://archive.build.openkylin.top/openkylin yangtze/main riscv64 libarchive-zip-perl all 1.68-ok1 [90.7 kB]
Get:19 http://archive.build.openkylin.top/openkylin yangtze/main riscv64 libsub-override-perl all 0.09-ok2 [8,374 B]
Get:20 http://archive.build.openkylin.top/openkylin yangtze/main riscv64 libfile-stripnondeterminism-perl all 1.13.0-ok1 [16.8 kB]
Get:21 http://archive.build.openkylin.top/openkylin yangtze/main riscv64 dh-strip-nondeterminism all 1.13.0-ok1 [5,334 B]
Get:22 http://archive.build.openkylin.top/openkylin yangtze/main riscv64 dwz riscv64 0.14-ok1 [123 kB]
Get:23 http://archive.build.openkylin.top/openkylin yangtze/main riscv64 intltool-debian all 0.35.0+20060710.5-ok2 [23.2 kB]
Get:24 http://archive.build.openkylin.top/openkylin yangtze/main riscv64 po-debconf all 1.0.21+nmu1-ok1 [227 kB]
Get:25 http://archive.build.openkylin.top/openkylin yangtze/main riscv64 debhelper all 13.6-ok1 [931 kB]
Get:26 http://archive.build.openkylin.top/openkylin yangtze/main riscv64 libfakeroot riscv64 1.30.1-ok1 [26.1 kB]
Get:27 http://archive.build.openkylin.top/openkylin yangtze/main riscv64 fakeroot riscv64 1.30.1-ok1 [65.2 kB]
Get:28 http://archive.build.openkylin.top/openkylin yangtze/main riscv64 libfile-which-perl all 1.23-ok2 [11.9 kB]
Get:29 http://archive.build.openkylin.top/openkylin yangtze/main riscv64 libfile-homedir-perl all 1.004-ok2 [36.3 kB]
Get:30 http://archive.build.openkylin.top/openkylin yangtze/main riscv64 libipc-run-perl all 20180523.0-ok2 [89.6 kB]
Get:31 http://archive.build.openkylin.top/openkylin yangtze/main riscv64 libclass-method-modifiers-perl all 2.13-ok2 [15.3 kB]
Get:32 http://archive.build.openkylin.top/openkylin yangtze/main riscv64 libb-hooks-op-check-perl riscv64 0.22-ok2 [13.4 kB]
Get:33 http://archive.build.openkylin.top/openkylin yangtze/main riscv64 libdynaloader-functions-perl all 0.003-ok2 [11.8 kB]
Get:34 http://archive.build.openkylin.top/openkylin yangtze/main riscv64 libdevel-callchecker-perl riscv64 0.008-ok3 [13.5 kB]
Get:35 http://archive.build.openkylin.top/openkylin yangtze/main riscv64 libparams-classify-perl riscv64 0.015-ok2 [19.4 kB]
Get:36 http://archive.build.openkylin.top/openkylin yangtze/main riscv64 libmodule-runtime-perl all 0.016-ok2 [15.3 kB]
Get:37 http://archive.build.openkylin.top/openkylin yangtze/main riscv64 libimport-into-perl all 1.002005-ok2 [9,978 B]
Get:38 http://archive.build.openkylin.top/openkylin yangtze/main riscv64 librole-tiny-perl all 2.002004-ok2 [22.0 kB]
Get:39 http://archive.build.openkylin.top/openkylin yangtze/main riscv64 libstrictures-perl all 2.000006-ok2 [15.5 kB]
Get:40 http://archive.build.openkylin.top/openkylin yangtze/main riscv64 libsub-quote-perl all 2.006006-ok2 [19.6 kB]
Get:41 http://archive.build.openkylin.top/openkylin yangtze/main riscv64 libmoo-perl all 2.003006-ok2 [46.5 kB]
Get:42 http://archive.build.openkylin.top/openkylin yangtze/main riscv64 libencode-locale-perl all 1.05-ok2 [11.1 kB]
Get:43 http://archive.build.openkylin.top/openkylin yangtze/main riscv64 libtimedate-perl all 2.3300-ok2 [33.5 kB]
Get:44 http://archive.build.openkylin.top/openkylin yangtze/main riscv64 libhttp-date-perl all 6.05-ok3 [15.9 kB]
Get:45 http://archive.build.openkylin.top/openkylin yangtze/main riscv64 libfile-listing-perl all 6.15-ok2 [17.0 kB]
Get:46 http://archive.build.openkylin.top/openkylin yangtze/main riscv64 libhtml-tagset-perl all 3.20-ok2 [11.0 kB]
Get:47 http://archive.build.openkylin.top/openkylin yangtze/main riscv64 libhtml-parser-perl riscv64 3.76-ok1 [85.2 kB]
Get:48 http://archive.build.openkylin.top/openkylin yangtze/main riscv64 libhtml-tree-perl all 5.07-ok2 [199 kB]
Get:49 http://archive.build.openkylin.top/openkylin yangtze/main riscv64 libio-html-perl all 1.004-ok2 [20.3 kB]
Get:50 http://archive.build.openkylin.top/openkylin yangtze/main riscv64 liblwp-mediatypes-perl all 6.04-ok2 [19.7 kB]
Get:51 http://archive.build.openkylin.top/openkylin yangtze/main riscv64 libhttp-message-perl all 6.36-ok1 [76.3 kB]
Get:52 http://archive.build.openkylin.top/openkylin yangtze/main riscv64 libhttp-cookies-perl all 6.10-ok1 [17.5 kB]
Get:53 http://archive.build.openkylin.top/openkylin yangtze/main riscv64 libhttp-negotiate-perl all 6.01-ok2 [12.0 kB]
Get:54 http://archive.build.openkylin.top/openkylin yangtze/main riscv64 perl-openssl-defaults riscv64 5-ok1 [6,742 B]
Get:55 http://archive.build.openkylin.top/openkylin yangtze/main riscv64 libnet-ssleay-perl riscv64 1.88-ok2 [296 kB]
Get:56 http://archive.build.openkylin.top/openkylin yangtze/main riscv64 libio-socket-ssl-perl all 2.075-ok2 [191 kB]
Get:57 http://archive.build.openkylin.top/openkylin yangtze/main riscv64 libnet-http-perl all 6.22-ok2 [28.1 kB]
Get:58 http://archive.build.openkylin.top/openkylin yangtze/main riscv64 liblwp-protocol-https-perl all 6.10-ok1 [8,848 B]
Get:59 http://archive.build.openkylin.top/openkylin yangtze/main riscv64 libtry-tiny-perl all 0.31-ok1 [20.5 kB]
Get:60 http://archive.build.openkylin.top/openkylin yangtze/main riscv64 libwww-robotrules-perl all 6.02-ok2 [12.3 kB]
Get:61 http://archive.build.openkylin.top/openkylin yangtze/main riscv64 libwww-perl all 6.43-ok2 [140 kB]
Get:62 http://archive.build.openkylin.top/openkylin yangtze/main riscv64 patchutils riscv64 0.3.4-ok2 [68.9 kB]
Get:63 http://archive.build.openkylin.top/openkylin yangtze/main riscv64 wdiff riscv64 1.2.2-ok2 [107 kB]
Get:64 http://archive.build.openkylin.top/openkylin yangtze/main riscv64 devscripts riscv64 2.20.2-ok3 [934 kB]
Get:65 http://archive.build.openkylin.top/openkylin yangtze/main riscv64 libtest-fatal-perl all 0.016-ok1 [17.4 kB]
Get:66 http://archive.build.openkylin.top/openkylin yangtze/main riscv64 libtest-warnings-perl all 0.031-ok2 [21.9 kB]
Get:67 http://archive.build.openkylin.top/openkylin yangtze/main riscv64 g++-9 riscv64 9.3.0-ok4 [7,571 kB]
Get:68 http://archive.build.openkylin.top/openkylin yangtze/main riscv64 g++ riscv64 4:9.3.0-ok7 [1,470 B]
Get:69 http://archive.build.openkylin.top/openkylin yangtze/main riscv64 build-essential riscv64 12.8-ok1 [4,000 B]
Get:70 http://archive.build.openkylin.top/openkylin yangtze/main riscv64 dctrl-tools riscv64 2.24-ok1 [55.6 kB]
Fetched 21.3 MB in 4s (6,006 kB/s)
Selecting previously unselected package libexporter-tiny-perl.
(Reading database ... (Reading database ... 5%(Reading database ... 10%(Reading database ... 15%(Reading database ... 20%(Reading database ... 25%(Reading database ... 30%(Reading database ... 35%(Reading database ... 40%(Reading database ... 45%(Reading database ... 50%(Reading database ... 55%(Reading database ... 60%(Reading database ... 65%(Reading database ... 70%(Reading database ... 75%(Reading database ... 80%(Reading database ... 85%(Reading database ... 90%(Reading database ... 95%(Reading database ... 100%(Reading database ... 161111 files and directories currently installed.)
Preparing to unpack .../00-libexporter-tiny-perl_1.004000-ok2_all.deb ...
Unpacking libexporter-tiny-perl (1.004000-ok2) ...
Selecting previously unselected package autotools-dev.
Preparing to unpack .../01-autotools-dev_20220506-ok1_all.deb ...
Unpacking autotools-dev (20220506-ok1) ...
Selecting previously unselected package debugedit.
Preparing to unpack .../02-debugedit_1%3a5.0-ok1_riscv64.deb ...
Unpacking debugedit (1:5.0-ok1) ...
Selecting previously unselected package libsigsegv2:riscv64.
Preparing to unpack .../03-libsigsegv2_2.12-ok1_riscv64.deb ...
Unpacking libsigsegv2:riscv64 (2.12-ok1) ...
Selecting previously unselected package m4.
Preparing to unpack .../04-m4_1.4.18-ok2_riscv64.deb ...
Unpacking m4 (1.4.18-ok2) ...
Selecting previously unselected package autoconf.
Preparing to unpack .../05-autoconf_2.71-ok2_all.deb ...
Unpacking autoconf (2.71-ok2) ...
Selecting previously unselected package automake.
Preparing to unpack .../06-automake_1%3a1.16.5-ok1_all.deb ...
Unpacking automake (1:1.16.5-ok1) ...
Selecting previously unselected package autopoint.
Preparing to unpack .../07-autopoint_0.19.8.1-ok1_all.deb ...
Unpacking autopoint (0.19.8.1-ok1) ...
Selecting previously unselected package libdebhelper-perl.
Preparing to unpack .../08-libdebhelper-perl_13.6-ok1_all.deb ...
Unpacking libdebhelper-perl (13.6-ok1) ...
Selecting previously unselected package libcc1-0:riscv64.
Preparing to unpack .../09-libcc1-0_10-20200411-ok5_riscv64.deb ...
Unpacking libcc1-0:riscv64 (10-20200411-ok5) ...
Selecting previously unselected package gcc-9.
Preparing to unpack .../10-gcc-9_9.3.0-ok4_riscv64.deb ...
Unpacking gcc-9 (9.3.0-ok4) ...
Selecting previously unselected package gcc.
Preparing to unpack .../11-gcc_4%3a9.3.0-ok7_riscv64.deb ...
Unpacking gcc (4:9.3.0-ok7) ...
Selecting previously unselected package libtool.
Preparing to unpack .../12-libtool_2.4.6-ok1_all.deb ...
Unpacking libtool (2.4.6-ok1) ...
Selecting previously unselected package dh-autoreconf.
Preparing to unpack .../13-dh-autoreconf_20-ok1_all.deb ...
Unpacking dh-autoreconf (20-ok1) ...
Selecting previously unselected package libarchive-zip-perl.
Preparing to unpack .../14-libarchive-zip-perl_1.68-ok1_all.deb ...
Unpacking libarchive-zip-perl (1.68-ok1) ...
Selecting previously unselected package libsub-override-perl.
Preparing to unpack .../15-libsub-override-perl_0.09-ok2_all.deb ...
Unpacking libsub-override-perl (0.09-ok2) ...
Selecting previously unselected package libfile-stripnondeterminism-perl.
Preparing to unpack .../16-libfile-stripnondeterminism-perl_1.13.0-ok1_all.deb ...
Unpacking libfile-stripnondeterminism-perl (1.13.0-ok1) ...
Selecting previously unselected package dh-strip-nondeterminism.
Preparing to unpack .../17-dh-strip-nondeterminism_1.13.0-ok1_all.deb ...
Unpacking dh-strip-nondeterminism (1.13.0-ok1) ...
Selecting previously unselected package dwz.
Preparing to unpack .../18-dwz_0.14-ok1_riscv64.deb ...
Unpacking dwz (0.14-ok1) ...
Selecting previously unselected package intltool-debian.
Preparing to unpack .../19-intltool-debian_0.35.0+20060710.5-ok2_all.deb ...
Unpacking intltool-debian (0.35.0+20060710.5-ok2) ...
Selecting previously unselected package po-debconf.
Preparing to unpack .../20-po-debconf_1.0.21+nmu1-ok1_all.deb ...
Unpacking po-debconf (1.0.21+nmu1-ok1) ...
Selecting previously unselected package debhelper.
Preparing to unpack .../21-debhelper_13.6-ok1_all.deb ...
Unpacking debhelper (13.6-ok1) ...
Selecting previously unselected package libfakeroot:riscv64.
Preparing to unpack .../22-libfakeroot_1.30.1-ok1_riscv64.deb ...
Unpacking libfakeroot:riscv64 (1.30.1-ok1) ...
Selecting previously unselected package fakeroot.
Preparing to unpack .../23-fakeroot_1.30.1-ok1_riscv64.deb ...
Unpacking fakeroot (1.30.1-ok1) ...
Selecting previously unselected package libfile-which-perl.
Preparing to unpack .../24-libfile-which-perl_1.23-ok2_all.deb ...
Unpacking libfile-which-perl (1.23-ok2) ...
Selecting previously unselected package libfile-homedir-perl.
Preparing to unpack .../25-libfile-homedir-perl_1.004-ok2_all.deb ...
Unpacking libfile-homedir-perl (1.004-ok2) ...
Selecting previously unselected package libio-pty-perl.
Preparing to unpack .../26-libio-pty-perl_1%3a1.12-ok1_riscv64.deb ...
Unpacking libio-pty-perl (1:1.12-ok1) ...
Selecting previously unselected package libipc-run-perl.
Preparing to unpack .../27-libipc-run-perl_20180523.0-ok2_all.deb ...
Unpacking libipc-run-perl (20180523.0-ok2) ...
Selecting previously unselected package libclass-method-modifiers-perl.
Preparing to unpack .../28-libclass-method-modifiers-perl_2.13-ok2_all.deb ...
Unpacking libclass-method-modifiers-perl (2.13-ok2) ...
Selecting previously unselected package libb-hooks-op-check-perl:riscv64.
Preparing to unpack .../29-libb-hooks-op-check-perl_0.22-ok2_riscv64.deb ...
Unpacking libb-hooks-op-check-perl:riscv64 (0.22-ok2) ...
Selecting previously unselected package libdynaloader-functions-perl.
Preparing to unpack .../30-libdynaloader-functions-perl_0.003-ok2_all.deb ...
Unpacking libdynaloader-functions-perl (0.003-ok2) ...
Selecting previously unselected package libdevel-callchecker-perl.
Preparing to unpack .../31-libdevel-callchecker-perl_0.008-ok3_riscv64.deb ...
Unpacking libdevel-callchecker-perl (0.008-ok3) ...
Selecting previously unselected package libparams-classify-perl:riscv64.
Preparing to unpack .../32-libparams-classify-perl_0.015-ok2_riscv64.deb ...
Unpacking libparams-classify-perl:riscv64 (0.015-ok2) ...
Selecting previously unselected package libmodule-runtime-perl.
Preparing to unpack .../33-libmodule-runtime-perl_0.016-ok2_all.deb ...
Unpacking libmodule-runtime-perl (0.016-ok2) ...
Selecting previously unselected package libimport-into-perl.
Preparing to unpack .../34-libimport-into-perl_1.002005-ok2_all.deb ...
Unpacking libimport-into-perl (1.002005-ok2) ...
Selecting previously unselected package librole-tiny-perl.
Preparing to unpack .../35-librole-tiny-perl_2.002004-ok2_all.deb ...
Unpacking librole-tiny-perl (2.002004-ok2) ...
Selecting previously unselected package libstrictures-perl.
Preparing to unpack .../36-libstrictures-perl_2.000006-ok2_all.deb ...
Unpacking libstrictures-perl (2.000006-ok2) ...
Selecting previously unselected package libsub-quote-perl.
Preparing to unpack .../37-libsub-quote-perl_2.006006-ok2_all.deb ...
Unpacking libsub-quote-perl (2.006006-ok2) ...
Selecting previously unselected package libmoo-perl.
Preparing to unpack .../38-libmoo-perl_2.003006-ok2_all.deb ...
Unpacking libmoo-perl (2.003006-ok2) ...
Selecting previously unselected package libencode-locale-perl.
Preparing to unpack .../39-libencode-locale-perl_1.05-ok2_all.deb ...
Unpacking libencode-locale-perl (1.05-ok2) ...
Selecting previously unselected package libtimedate-perl.
Preparing to unpack .../40-libtimedate-perl_2.3300-ok2_all.deb ...
Unpacking libtimedate-perl (2.3300-ok2) ...
Selecting previously unselected package libhttp-date-perl.
Preparing to unpack .../41-libhttp-date-perl_6.05-ok3_all.deb ...
Unpacking libhttp-date-perl (6.05-ok3) ...
Selecting previously unselected package libfile-listing-perl.
Preparing to unpack .../42-libfile-listing-perl_6.15-ok2_all.deb ...
Unpacking libfile-listing-perl (6.15-ok2) ...
Selecting previously unselected package libhtml-tagset-perl.
Preparing to unpack .../43-libhtml-tagset-perl_3.20-ok2_all.deb ...
Unpacking libhtml-tagset-perl (3.20-ok2) ...
Selecting previously unselected package libhtml-parser-perl:riscv64.
Preparing to unpack .../44-libhtml-parser-perl_3.76-ok1_riscv64.deb ...
Unpacking libhtml-parser-perl:riscv64 (3.76-ok1) ...
Selecting previously unselected package libhtml-tree-perl.
Preparing to unpack .../45-libhtml-tree-perl_5.07-ok2_all.deb ...
Unpacking libhtml-tree-perl (5.07-ok2) ...
Selecting previously unselected package libio-html-perl.
Preparing to unpack .../46-libio-html-perl_1.004-ok2_all.deb ...
Unpacking libio-html-perl (1.004-ok2) ...
Selecting previously unselected package liblwp-mediatypes-perl.
Preparing to unpack .../47-liblwp-mediatypes-perl_6.04-ok2_all.deb ...
Unpacking liblwp-mediatypes-perl (6.04-ok2) ...
Selecting previously unselected package libhttp-message-perl.
Preparing to unpack .../48-libhttp-message-perl_6.36-ok1_all.deb ...
Unpacking libhttp-message-perl (6.36-ok1) ...
Selecting previously unselected package libhttp-cookies-perl.
Preparing to unpack .../49-libhttp-cookies-perl_6.10-ok1_all.deb ...
Unpacking libhttp-cookies-perl (6.10-ok1) ...
Selecting previously unselected package libhttp-negotiate-perl.
Preparing to unpack .../50-libhttp-negotiate-perl_6.01-ok2_all.deb ...
Unpacking libhttp-negotiate-perl (6.01-ok2) ...
Selecting previously unselected package perl-openssl-defaults:riscv64.
Preparing to unpack .../51-perl-openssl-defaults_5-ok1_riscv64.deb ...
Unpacking perl-openssl-defaults:riscv64 (5-ok1) ...
Selecting previously unselected package libnet-ssleay-perl.
Preparing to unpack .../52-libnet-ssleay-perl_1.88-ok2_riscv64.deb ...
Unpacking libnet-ssleay-perl (1.88-ok2) ...
Selecting previously unselected package libio-socket-ssl-perl.
Preparing to unpack .../53-libio-socket-ssl-perl_2.075-ok2_all.deb ...
Unpacking libio-socket-ssl-perl (2.075-ok2) ...
Selecting previously unselected package libnet-http-perl.
Preparing to unpack .../54-libnet-http-perl_6.22-ok2_all.deb ...
Unpacking libnet-http-perl (6.22-ok2) ...
Selecting previously unselected package liblwp-protocol-https-perl.
Preparing to unpack .../55-liblwp-protocol-https-perl_6.10-ok1_all.deb ...
Unpacking liblwp-protocol-https-perl (6.10-ok1) ...
Selecting previously unselected package libtry-tiny-perl.
Preparing to unpack .../56-libtry-tiny-perl_0.31-ok1_all.deb ...
Unpacking libtry-tiny-perl (0.31-ok1) ...
Selecting previously unselected package libwww-robotrules-perl.
Preparing to unpack .../57-libwww-robotrules-perl_6.02-ok2_all.deb ...
Unpacking libwww-robotrules-perl (6.02-ok2) ...
Selecting previously unselected package libwww-perl.
Preparing to unpack .../58-libwww-perl_6.43-ok2_all.deb ...
Unpacking libwww-perl (6.43-ok2) ...
Selecting previously unselected package patchutils.
Preparing to unpack .../59-patchutils_0.3.4-ok2_riscv64.deb ...
Unpacking patchutils (0.3.4-ok2) ...
Selecting previously unselected package wdiff.
Preparing to unpack .../60-wdiff_1.2.2-ok2_riscv64.deb ...
Unpacking wdiff (1.2.2-ok2) ...
Selecting previously unselected package devscripts.
Preparing to unpack .../61-devscripts_2.20.2-ok3_riscv64.deb ...
Unpacking devscripts (2.20.2-ok3) ...
Selecting previously unselected package libtest-fatal-perl.
Preparing to unpack .../62-libtest-fatal-perl_0.016-ok1_all.deb ...
Unpacking libtest-fatal-perl (0.016-ok1) ...
Selecting previously unselected package libtest-warnings-perl.
Preparing to unpack .../63-libtest-warnings-perl_0.031-ok2_all.deb ...
Unpacking libtest-warnings-perl (0.031-ok2) ...
Selecting previously unselected package g++-9.
Preparing to unpack .../64-g++-9_9.3.0-ok4_riscv64.deb ...
Unpacking g++-9 (9.3.0-ok4) ...
Selecting previously unselected package g++.
Preparing to unpack .../65-g++_4%3a9.3.0-ok7_riscv64.deb ...
Unpacking g++ (4:9.3.0-ok7) ...
Selecting previously unselected package build-essential.
Preparing to unpack .../66-build-essential_12.8-ok1_riscv64.deb ...
Unpacking build-essential (12.8-ok1) ...
Selecting previously unselected package dctrl-tools.
Preparing to unpack .../67-dctrl-tools_2.24-ok1_riscv64.deb ...
Unpacking dctrl-tools (2.24-ok1) ...
Selecting previously unselected package autodep8.
Preparing to unpack .../68-autodep8_0.22-ok1_all.deb ...
Unpacking autodep8 (0.22-ok1) ...
Selecting previously unselected package pkg-perl-autopkgtest.
Preparing to unpack .../69-pkg-perl-autopkgtest_0.59-ok1_all.deb ...
Unpacking pkg-perl-autopkgtest (0.59-ok1) ...
Setting up wdiff (1.2.2-ok2) ...
Setting up libfile-which-perl (1.23-ok2) ...
Setting up libdynaloader-functions-perl (0.003-ok2) ...
Setting up libclass-method-modifiers-perl (2.13-ok2) ...
Setting up libio-pty-perl (1:1.12-ok1) ...
Setting up libarchive-zip-perl (1.68-ok1) ...
Setting up libhtml-tagset-perl (3.20-ok2) ...
Setting up libdebhelper-perl (13.6-ok1) ...
Setting up liblwp-mediatypes-perl (6.04-ok2) ...
Setting up libtry-tiny-perl (0.31-ok1) ...
Setting up libtest-warnings-perl (0.031-ok2) ...
Setting up libtest-fatal-perl (0.016-ok1) ...
Setting up perl-openssl-defaults:riscv64 (5-ok1) ...
Setting up libnet-http-perl (6.22-ok2) ...
Setting up libencode-locale-perl (1.05-ok2) ...
Setting up libfakeroot:riscv64 (1.30.1-ok1) ...
Setting up intltool-debian (0.35.0+20060710.5-ok2) ...
Setting up fakeroot (1.30.1-ok1) ...
update-alternatives: using /usr/bin/fakeroot-sysv to provide /usr/bin/fakeroot (fakeroot) in auto mode
Setting up patchutils (0.3.4-ok2) ...
Setting up autotools-dev (20220506-ok1) ...
Setting up libsigsegv2:riscv64 (2.12-ok1) ...
Setting up libio-html-perl (1.004-ok2) ...
Setting up autopoint (0.19.8.1-ok1) ...
Setting up libb-hooks-op-check-perl:riscv64 (0.22-ok2) ...
Setting up libipc-run-perl (20180523.0-ok2) ...
Setting up libtimedate-perl (2.3300-ok2) ...
Setting up libwww-robotrules-perl (6.02-ok2) ...
Setting up dwz (0.14-ok1) ...
Setting up libhtml-parser-perl:riscv64 (3.76-ok1) ...
Setting up librole-tiny-perl (2.002004-ok2) ...
Setting up debugedit (1:5.0-ok1) ...
Setting up libsub-override-perl (0.09-ok2) ...
Setting up libstrictures-perl (2.000006-ok2) ...
Setting up libsub-quote-perl (2.006006-ok2) ...
Setting up libexporter-tiny-perl (1.004000-ok2) ...
Setting up libfile-homedir-perl (1.004-ok2) ...
Setting up libcc1-0:riscv64 (10-20200411-ok5) ...
Setting up dctrl-tools (2.24-ok1) ...
Setting up autodep8 (0.22-ok1) ...
Setting up libnet-ssleay-perl (1.88-ok2) ...
Setting up libfile-stripnondeterminism-perl (1.13.0-ok1) ...
Setting up gcc-9 (9.3.0-ok4) ...
Setting up libhttp-date-perl (6.05-ok3) ...
Setting up libfile-listing-perl (6.15-ok2) ...
Setting up libtool (2.4.6-ok1) ...
Setting up po-debconf (1.0.21+nmu1-ok1) ...
Setting up libhtml-tree-perl (5.07-ok2) ...
Setting up m4 (1.4.18-ok2) ...
Setting up libdevel-callchecker-perl (0.008-ok3) ...
Setting up gcc (4:9.3.0-ok7) ...
Setting up g++-9 (9.3.0-ok4) ...
Setting up pkg-perl-autopkgtest (0.59-ok1) ...
Setting up autoconf (2.71-ok2) ...
Setting up dh-strip-nondeterminism (1.13.0-ok1) ...
Setting up g++ (4:9.3.0-ok7) ...
update-alternatives: using /usr/bin/g++ to provide /usr/bin/c++ (c++) in auto mode
Setting up build-essential (12.8-ok1) ...
Setting up libio-socket-ssl-perl (2.075-ok2) ...
Setting up libhttp-message-perl (6.36-ok1) ...
Setting up automake (1:1.16.5-ok1) ...
update-alternatives: using /usr/bin/automake-1.16 to provide /usr/bin/automake (automake) in auto mode
Setting up libhttp-negotiate-perl (6.01-ok2) ...
Setting up libhttp-cookies-perl (6.10-ok1) ...
Setting up libparams-classify-perl:riscv64 (0.015-ok2) ...
Setting up dh-autoreconf (20-ok1) ...
Setting up libmodule-runtime-perl (0.016-ok2) ...
Setting up libimport-into-perl (1.002005-ok2) ...
Setting up libmoo-perl (2.003006-ok2) ...
Setting up debhelper (13.6-ok1) ...
Setting up liblwp-protocol-https-perl (6.10-ok1) ...
Setting up libwww-perl (6.43-ok2) ...
Setting up devscripts (2.20.2-ok3) ...
Setting up autopkgtest-satdep (0) ...
Processing triggers for libc-bin (2.36-ok2) ...
Processing triggers for man-db (2.9.1-ok3) ...
Processing triggers for install-info (6.7.0.dfsg.2-ok1) ...
autopkgtest: DBG: testbed command exited with code 0
autopkgtest: DBG: testbed command ['dpkg-query', '--show', '-f', '${Status}', 'libexporter-tiny-perl'], kind short, sout pipe, serr pipe, env []
autopkgtest: DBG: testbed command exited with code 0
autopkgtest: DBG: testbed command ['dpkg', '--status', 'autopkgtest-satdep'], kind short, sout pipe, serr pipe, env []
autopkgtest: DBG: testbed command exited with code 0
autopkgtest: DBG: testbed command ['apt-get', '--simulate', '--quiet', '-o', 'APT::Get::Show-User-Simulation-Note=False', '--auto-remove', 'purge', 'autopkgtest-satdep'], kind short, sout pipe, serr pipe, env []
autopkgtest: DBG: testbed command exited with code 0
autopkgtest: DBG: Marking test dependencies as manually installed: pkg-perl-autopkgtest autodep8 dctrl-tools dh-autoreconf debhelper dh-strip-nondeterminism debugedit devscripts dwz po-debconf intltool-debian libfile-stripnondeterminism-perl libarchive-zip-perl libmoo-perl libimport-into-perl libmodule-runtime-perl libparams-classify-perl libdevel-callchecker-perl libb-hooks-op-check-perl librole-tiny-perl libclass-method-modifiers-perl libdebhelper-perl libdjvulibre21 libdjvulibre-text libdynaloader-functions-perl libegl-dev libexporter-tiny-perl libfile-homedir-perl libfile-which-perl libglu1-mesa-dev libgl-dev libglx-dev libipc-run-perl libio-pty-perl libmpdec2 libstrictures-perl libsub-override-perl libsub-quote-perl libtest-fatal-perl libtest-warnings-perl libvulkan-dev libxext-dev libx11-dev libxcb1-dev libxau-dev libxdmcp-dev patchutils qt5-qmake qt5-qmake-bin x11proto-core-dev x11proto-dev xorg-sgml-doctools xtrans-dev
autopkgtest: DBG: testbed command ['apt-mark', 'manual', '-qq', 'pkg-perl-autopkgtest', 'autodep8', 'dctrl-tools', 'dh-autoreconf', 'debhelper', 'dh-strip-nondeterminism', 'debugedit', 'devscripts', 'dwz', 'po-debconf', 'intltool-debian', 'libfile-stripnondeterminism-perl', 'libarchive-zip-perl', 'libmoo-perl', 'libimport-into-perl', 'libmodule-runtime-perl', 'libparams-classify-perl', 'libdevel-callchecker-perl', 'libb-hooks-op-check-perl', 'librole-tiny-perl'], kind short, sout raw, serr pipe, env []
autopkgtest: DBG: testbed command exited with code 0
autopkgtest: DBG: testbed command ['apt-mark', 'manual', '-qq', 'libclass-method-modifiers-perl', 'libdebhelper-perl', 'libdjvulibre21', 'libdjvulibre-text', 'libdynaloader-functions-perl', 'libegl-dev', 'libexporter-tiny-perl', 'libfile-homedir-perl', 'libfile-which-perl', 'libglu1-mesa-dev', 'libgl-dev', 'libglx-dev', 'libipc-run-perl', 'libio-pty-perl', 'libmpdec2', 'libstrictures-perl', 'libsub-override-perl', 'libsub-quote-perl', 'libtest-fatal-perl', 'libtest-warnings-perl'], kind short, sout raw, serr pipe, env []
autopkgtest: DBG: testbed command exited with code 0
autopkgtest: DBG: testbed command ['apt-mark', 'manual', '-qq', 'libvulkan-dev', 'libxext-dev', 'libx11-dev', 'libxcb1-dev', 'libxau-dev', 'libxdmcp-dev', 'patchutils', 'qt5-qmake', 'qt5-qmake-bin', 'x11proto-core-dev', 'x11proto-dev', 'xorg-sgml-doctools', 'xtrans-dev'], kind short, sout raw, serr pipe, env []
autopkgtest: DBG: testbed command exited with code 0
autopkgtest: DBG: testbed command ['dpkg', '--purge', 'autopkgtest-satdep'], kind short, sout raw, serr raw, env []
(Reading database ... 163561 files and directories currently installed.)
Removing autopkgtest-satdep (0) ...
autopkgtest: DBG: testbed command exited with code 0
autopkgtest: DBG: testbed command ['sh', '-ec', 'command -v dpkg-query'], kind short, sout pipe, serr pipe, env []
autopkgtest: DBG: testbed command exited with code 0
autopkgtest: DBG: testbed command ['sh', '-ec', "dpkg-query --show -f '${Package}\\t${Version}\\n' > /tmp/autopkgtest.Et4Zuu/autodep8-perl-build-deps-packages.all"], kind short, sout raw, serr pipe, env []
autopkgtest: DBG: testbed command exited with code 0
autopkgtest: DBG: sending command to testbed: copyup /tmp/autopkgtest.Et4Zuu/autodep8-perl-build-deps-packages.all /home/minami/Documents/openkylin-riscv/test/libexporter-tiny-perl/autodep8-perl-build-deps-packages.all
autopkgtest-virt-qemu: DBG: executing copyup /tmp/autopkgtest.Et4Zuu/autodep8-perl-build-deps-packages.all /home/minami/Documents/openkylin-riscv/test/libexporter-tiny-perl/autodep8-perl-build-deps-packages.all
autopkgtest-virt-qemu: DBG: ['cmdls', "(['/tmp/autopkgtest-qemu.dodjiq6n/runcmd', 'sh', '-ec', 'cat </tmp/autopkgtest.Et4Zuu/autodep8-perl-build-deps-packages.all'], ['cat'])"]
autopkgtest-virt-qemu: DBG: ['srcstdin', "<_io.BufferedReader name='/dev/null'>", 'deststdout', "<_io.BufferedWriter name='/home/minami/Documents/openkylin-riscv/test/libexporter-tiny-perl/autodep8-perl-build-deps-packages.all'>", 'devnull_read', <_io.BufferedReader name='/dev/null'>]
autopkgtest-virt-qemu: DBG:  +< /tmp/autopkgtest-qemu.dodjiq6n/runcmd sh -ec cat </tmp/autopkgtest.Et4Zuu/autodep8-perl-build-deps-packages.all
autopkgtest-virt-qemu: DBG:  +> cat
autopkgtest-virt-qemu: DBG:  +>?
autopkgtest-virt-qemu: DBG:  +<?
autopkgtest: DBG: got reply from testbed: ok
autopkgtest: DBG: testbed command ['test', '-e', '/tmp/autopkgtest.Et4Zuu/build.kAU/src'], kind short, sout raw, serr raw, env []
autopkgtest: DBG: testbed command exited with code 0
autopkgtest: DBG: copydown: tb path /tmp/autopkgtest.Et4Zuu/build.kAU/src already exists
autopkgtest [03:22:41]: test autodep8-perl-build-deps: /usr/share/pkg-perl-autopkgtest/runner build-deps
autopkgtest [03:22:41]: test autodep8-perl-build-deps: [-----------------------
autopkgtest: DBG: testbed command ['su', '-s', '/bin/bash', 'openkylin', '-c', 'set -e; export USER=`id -nu`; . /etc/profile >/dev/null 2>&1 || true;  . ~/.profile >/dev/null 2>&1 || true; buildtree="/tmp/autopkgtest.Et4Zuu/build.kAU/src"; mkdir -p -m 1777 -- "/tmp/autopkgtest.Et4Zuu/autodep8-perl-build-deps-artifacts"; export AUTOPKGTEST_ARTIFACTS="/tmp/autopkgtest.Et4Zuu/autodep8-perl-build-deps-artifacts"; export ADT_ARTIFACTS="$AUTOPKGTEST_ARTIFACTS"; mkdir -p -m 755 "/tmp/autopkgtest.Et4Zuu/autopkgtest_tmp"; export AUTOPKGTEST_TMP="/tmp/autopkgtest.Et4Zuu/autopkgtest_tmp"; export ADTTMP="$AUTOPKGTEST_TMP"; export DEBIAN_FRONTEND=noninteractive; export LANG=C.UTF-8; export DEB_BUILD_OPTIONS=parallel=8; unset LANGUAGE LC_CTYPE LC_NUMERIC LC_TIME LC_COLLATE   LC_MONETARY LC_MESSAGES LC_PAPER LC_NAME LC_ADDRESS   LC_TELEPHONE LC_MEASUREMENT LC_IDENTIFICATION LC_ALL;cd "$buildtree"; exec /tmp/autopkgtest.Et4Zuu/wrapper.sh --script-pid-file=/tmp/autopkgtest_script_pid --stderr=/tmp/autopkgtest.Et4Zuu/autodep8-perl-build-deps-stderr --stdout=/tmp/autopkgtest.Et4Zuu/autodep8-perl-build-deps-stdout -- bash -ec \'/usr/share/pkg-perl-autopkgtest/runner build-deps\' ;'], kind test, sout raw, serr raw, env []
t/01basic.t .............. 
1..2
# Perl 5.030000
ok 1 - Correctly imported "fib" from Example::Exporter
ok 2 - Did not inadvertantly import "embiggen"
ok
t/02renaming.t ........... 
1..6
# Rename functions using -as
ok 1 - Correctly imported "fibonacci" from Example::Exporter
ok 2 - Did not inadvertantly import "fib"
# Rename functions using -prefix
ok 3 - Correctly imported "myfib" from Example::Exporter
ok 4 - Did not inadvertantly import "fib"
# Rename functions using -suffix
ok 5 - Correctly imported "fibonacci" from Example::Exporter
ok 6 - Did not inadvertantly import "fib"
ok
t/03generators.t ......... 
1..4
ok 1 - embiggen
ok 2 - embiggen_by_2
ok 3 - embiggen_by_42
ok 4 - correct prototype
ok
t/04into.t ............... 
1..2
ok 1
ok 2
ok
t/05shiny.t .............. 
1..3
ok 1
ok 2
ok 3
ok
t/06notwant.t ............ 
1..1
ok 1
ok
t/07regexp.t ............. 
1..2
ok 1
ok 2
ok
t/08tags.t ............... 
1..17
ok 1
ok 2
ok 3
ok 4
ok 5
ok 6
ok 7
ok 8
ok 9
ok 10
ok 11
ok 12
ok 13
ok 14
ok 15
ok 16
ok 17
ok
t/09warnings.t ........... 
1..4
ok 1 - warning about overwriting sub
ok 2 - ... which can be fatalized
ok 3 - ... or suppressed
ok 4 - but importing the exact same sub twice is OK
ok
t/10no.t ................. 
1..9
ok 1 - fib exported
ok 2 - tidied fib
ok 3 - fibo exported
ok 4 - tidied fibo
ok 5 - fib exported
ok 6 - embiggen exported
ok 7 - tidied by regexp
ok 8 - importing scalar works
ok 9 - unimporting scalar works
ok
t/11noncode.t ............ 
1..7
ok 1 - importing scalar
ok 2 - importing array
ok 3 - importing hash
ok 4 - importing scalar does not copy
ok 5 - importing array does not copy
ok 6 - importing hash does not copy
ok 7 - importing non-code symbols into hashrefs
ok
t/12noncodegenerators.t .. 
1..7
ok 1 - importing scalar
ok 2 - importing array
ok 3 - importing hash
ok 4 - importing scalar does not copy
ok 5 - importing array does not copy
ok 6 - importing hash does not copy
ok 7 - importing non-code symbols into hashrefs
ok
t/13doesntexist.t ........ 
1..4
ok 1 - sub that is not marked for export
ok 2 - sub that cannot be found
ok 3 - non-code symbol that is not marked for export
ok 4 - unknown tags get added to globals
ok
t/14lexical.t ............ 
Can't locate Test/Requires.pm in @INC (you may need to install the Test::Requires module) (@INC contains: /tmp/autopkgtest.Et4Zuu/autopkgtest_tmp/smokeVdSW6F/blib/lib /tmp/autopkgtest.Et4Zuu/autopkgtest_tmp/smokeVdSW6F/blib/arch /tmp/autopkgtest.Et4Zuu/autopkgtest_tmp/smokeVdSW6F /etc/perl /usr/local/lib/riscv64-linux-gnu/perl/5.30.0 /usr/local/share/perl/5.30.0 /usr/lib/riscv64-linux-gnu/perl5/5.30 /usr/share/perl5 /usr/lib/riscv64-linux-gnu/perl/5.30 /usr/share/perl/5.30 /usr/local/lib/site_perl /usr/lib/riscv64-linux-gnu/perl-base) at t/14lexical.t line 25.
BEGIN failed--compilation aborted at t/14lexical.t line 25.
Dubious, test returned 2 (wstat 512, 0x200)
No subtests run 

Test Summary Report
-------------------
t/14lexical.t          (Wstat: 512 Tests: 0 Failed: 0)
  Non-zero exit status: 2
  Parse errors: No plan found in TAP output
Files=14, Tests=68, 14 wallclock secs ( 0.52 usr  0.31 sys +  9.91 cusr  3.44 csys = 14.18 CPU)
Result: FAIL
autopkgtest: DBG: testbed command exited with code 1
autopkgtest [03:23:03]: test autodep8-perl-build-deps: -----------------------]
autopkgtest: DBG: testbed executing test finished with exit status 1
autopkgtest: DBG: sending command to testbed: copyup /tmp/autopkgtest.Et4Zuu/autodep8-perl-build-deps-stdout /home/minami/Documents/openkylin-riscv/test/libexporter-tiny-perl/autodep8-perl-build-deps-stdout
autopkgtest-virt-qemu: DBG: executing copyup /tmp/autopkgtest.Et4Zuu/autodep8-perl-build-deps-stdout /home/minami/Documents/openkylin-riscv/test/libexporter-tiny-perl/autodep8-perl-build-deps-stdout
autopkgtest-virt-qemu: DBG: ['cmdls', "(['/tmp/autopkgtest-qemu.dodjiq6n/runcmd', 'sh', '-ec', 'cat </tmp/autopkgtest.Et4Zuu/autodep8-perl-build-deps-stdout'], ['cat'])"]
autopkgtest-virt-qemu: DBG: ['srcstdin', "<_io.BufferedReader name='/dev/null'>", 'deststdout', "<_io.BufferedWriter name='/home/minami/Documents/openkylin-riscv/test/libexporter-tiny-perl/autodep8-perl-build-deps-stdout'>", 'devnull_read', <_io.BufferedReader name='/dev/null'>]
autopkgtest-virt-qemu: DBG:  +< /tmp/autopkgtest-qemu.dodjiq6n/runcmd sh -ec cat </tmp/autopkgtest.Et4Zuu/autodep8-perl-build-deps-stdout
autopkgtest-virt-qemu: DBG:  +> cat
autopkgtest-virt-qemu: DBG:  +>?
autopkgtest-virt-qemu: DBG:  +<?
autopkgtest: DBG: got reply from testbed: ok
autopkgtest: DBG: sending command to testbed: copyup /tmp/autopkgtest.Et4Zuu/autodep8-perl-build-deps-stderr /home/minami/Documents/openkylin-riscv/test/libexporter-tiny-perl/autodep8-perl-build-deps-stderr
autopkgtest-virt-qemu: DBG: executing copyup /tmp/autopkgtest.Et4Zuu/autodep8-perl-build-deps-stderr /home/minami/Documents/openkylin-riscv/test/libexporter-tiny-perl/autodep8-perl-build-deps-stderr
autopkgtest-virt-qemu: DBG: ['cmdls', "(['/tmp/autopkgtest-qemu.dodjiq6n/runcmd', 'sh', '-ec', 'cat </tmp/autopkgtest.Et4Zuu/autodep8-perl-build-deps-stderr'], ['cat'])"]
autopkgtest-virt-qemu: DBG: ['srcstdin', "<_io.BufferedReader name='/dev/null'>", 'deststdout', "<_io.BufferedWriter name='/home/minami/Documents/openkylin-riscv/test/libexporter-tiny-perl/autodep8-perl-build-deps-stderr'>", 'devnull_read', <_io.BufferedReader name='/dev/null'>]
autopkgtest-virt-qemu: DBG:  +< /tmp/autopkgtest-qemu.dodjiq6n/runcmd sh -ec cat </tmp/autopkgtest.Et4Zuu/autodep8-perl-build-deps-stderr
autopkgtest-virt-qemu: DBG:  +> cat
autopkgtest-virt-qemu: DBG:  +>?
autopkgtest-virt-qemu: DBG:  +<?
autopkgtest: DBG: got reply from testbed: ok
autopkgtest [03:23:04]: test autodep8-perl-build-deps:  - - - - - - - - - - results - - - - - - - - - -
autodep8-perl-build-deps FAIL non-zero exit status 1
autopkgtest: DBG: sending command to testbed: copyup /tmp/autopkgtest.Et4Zuu/autodep8-perl-build-deps-artifacts/ /home/minami/Documents/openkylin-riscv/test/libexporter-tiny-perl/artifacts/
autopkgtest-virt-qemu: DBG: executing copyup /tmp/autopkgtest.Et4Zuu/autodep8-perl-build-deps-artifacts/ /home/minami/Documents/openkylin-riscv/test/libexporter-tiny-perl/artifacts/
autopkgtest-virt-qemu: DBG: ['cmdls', "(['/tmp/autopkgtest-qemu.dodjiq6n/runcmd', 'sh', '-ec', 'cd /tmp/autopkgtest.Et4Zuu/autodep8-perl-build-deps-artifacts/; tar --warning=none -c . -f -'], ['tar', '--directory', '/home/minami/Documents/openkylin-riscv/test/libexporter-tiny-perl/artifacts/', '--warning=none', '--preserve-permissions', '--extract', '--no-same-owner', '-f', '-'])"]
autopkgtest-virt-qemu: DBG: ['srcstdin', "<_io.BufferedReader name='/dev/null'>", 'deststdout', "<_io.BufferedReader name='/dev/null'>", 'devnull_read', <_io.BufferedReader name='/dev/null'>]
autopkgtest-virt-qemu: DBG:  +< /tmp/autopkgtest-qemu.dodjiq6n/runcmd sh -ec cd /tmp/autopkgtest.Et4Zuu/autodep8-perl-build-deps-artifacts/; tar --warning=none -c . -f -
autopkgtest-virt-qemu: DBG:  +> tar --directory /home/minami/Documents/openkylin-riscv/test/libexporter-tiny-perl/artifacts/ --warning=none --preserve-permissions --extract --no-same-owner -f -
autopkgtest-virt-qemu: DBG:  +>?
autopkgtest-virt-qemu: DBG:  +<?
autopkgtest: DBG: got reply from testbed: ok
autopkgtest: DBG: testbed command ['rm', '-rf', '/tmp/autopkgtest.Et4Zuu/autodep8-perl-build-deps-artifacts', '/tmp/autopkgtest.Et4Zuu/autopkgtest_tmp'], kind short, sout raw, serr pipe, env []
autopkgtest: DBG: testbed command exited with code 0
autopkgtest [03:23:05]: test autodep8-perl: preparing testbed
autopkgtest: DBG: testbed reset: modified=False, deps_installed=['libexporter-tiny-perl', 'debhelper-compat (= 12)', 'devscripts', 'perl', 'libtest-fatal-perl', 'libtest-warnings-perl', 'build-essential', 'pkg-perl-autopkgtest'], deps_new=['libexporter-tiny-perl', 'pkg-perl-autopkgtest']
autopkgtest: DBG: testbed reset
autopkgtest: DBG: sending command to testbed: revert
autopkgtest-virt-qemu: DBG: executing revert
autopkgtest-virt-qemu: DBG: execute-timeout: /tmp/autopkgtest-qemu.dodjiq6n/runcmd rm -rf -- /tmp/autopkgtest.Et4Zuu
qemu-system-riscv64: terminating on signal 15 from pid 3766592 (/usr/bin/python3)
autopkgtest-virt-qemu: DBG: find_free_port: trying 10022
autopkgtest-virt-qemu: DBG: find_free_port: 10022 is free
autopkgtest-virt-qemu: DBG: autopkgtest does not know how to boot this machine, hopefully nothing special needs to be done?
autopkgtest-virt-qemu: DBG: qemu architecture: riscv64
autopkgtest-virt-qemu: DBG: qemu command: qemu-system-riscv64
autopkgtest-virt-qemu: DBG: execute-timeout: qemu-img info --output=json /home/minami/Documents/openkylin-riscv/testing.qcow2
autopkgtest-virt-qemu: DBG: Creating temporary overlay image in /tmp/autopkgtest-qemu.13gsyvk0/overlay.img
autopkgtest-virt-qemu: DBG: execute-timeout: qemu-img create -f qcow2 -F qcow2 -b /home/minami/Documents/openkylin-riscv/testing.qcow2 /tmp/autopkgtest-qemu.13gsyvk0/overlay.img
autopkgtest-virt-qemu: DBG: Forwarding local port 10022 to VM ssh port 22
autopkgtest-virt-qemu: DBG: Assuming nothing special needs to be done to set up firmware to boot this machine (boot method: none)
autopkgtest-virt-qemu: DBG: full qemu command-line: ['qemu-system-riscv64', '-m', '8192', '-smp', '8', '-nographic', '-device', 'virtio-net-device,netdev=usernet', '-netdev', 'user,id=usernet,hostfwd=tcp:127.0.0.1:10022-:22', '-object', 'rng-random,filename=/dev/urandom,id=rng0', '-device', 'virtio-rng-pci,rng=rng0,id=rng-device0', '-monitor', 'unix:/tmp/autopkgtest-qemu.13gsyvk0/monitor,server=on,wait=off', '-virtfs', 'local,id=autopkgtest,path=/tmp/autopkgtest-qemu.13gsyvk0/shared,security_model=none,mount_tag=autopkgtest', '-device', 'virtio-serial', '-chardev', 'socket,path=/tmp/autopkgtest-qemu.13gsyvk0/hvc0,server=on,wait=off,id=hvc0', '-device', 'virtconsole,chardev=hvc0', '-chardev', 'socket,path=/tmp/autopkgtest-qemu.13gsyvk0/hvc1,server=on,wait=off,id=hvc1', '-device', 'virtconsole,chardev=hvc1', '-serial', 'unix:/tmp/autopkgtest-qemu.13gsyvk0/ttyS0,server=on,wait=off', '-drive', 'index=0,file=/tmp/autopkgtest-qemu.13gsyvk0/overlay.img,format=qcow2,cache=unsafe,if=virtio,discard=unmap', '-machine', 'virt', '-kernel', '/home/minami/Documents/ukylin/u-boot.bin']
autopkgtest-virt-qemu: DBG: expect: b' login: '
autopkgtest-virt-qemu: DBG: expect: found "'login prompt on serial console'"
autopkgtest-virt-qemu: DBG: expect: b'ok'
autopkgtest-virt-qemu: DBG: expect: found "b'ok'"
autopkgtest-virt-qemu: DBG: setup_shell(): there already is a shell on hvc1
qemu-system-riscv64: warning: 9p: degraded performance: a reasonable high msize should be chosen on client/guest side (chosen msize is <= 8192). See https://wiki.qemu.org/Documentation/9psetup#msize for details.
autopkgtest-virt-qemu: DBG: expect: b'6b4e04dc-49fd-4d7f-9202-58398266b8f2[1]'
autopkgtest-virt-qemu: DBG: expect: found "b'6b4e04dc-49fd-4d7f-9202-58398266b8f2[1]'"
autopkgtest-virt-qemu: DBG: expect: b'6b4e04dc-49fd-4d7f-9202-58398266b8f2[2]'
autopkgtest-virt-qemu: DBG: expect: found "b'6b4e04dc-49fd-4d7f-9202-58398266b8f2[2]'"
autopkgtest-virt-qemu: DBG: expect: b'6b4e04dc-49fd-4d7f-9202-58398266b8f2[3]'
autopkgtest-virt-qemu: DBG: expect: found "b'6b4e04dc-49fd-4d7f-9202-58398266b8f2[3]'"
autopkgtest-virt-qemu: DBG: expect: b'/python'
autopkgtest-virt-qemu: DBG: expect: found "b'/python'"
autopkgtest-virt-qemu: DBG: expect: b'# '
autopkgtest-virt-qemu: DBG: expect: found "b'# '"
autopkgtest-virt-qemu: DBG: expect: b'6b4e04dc-49fd-4d7f-9202-58398266b8f2[4]'
autopkgtest-virt-qemu: DBG: expect: found "b'6b4e04dc-49fd-4d7f-9202-58398266b8f2[4]'"
autopkgtest-virt-qemu: DBG: execute-timeout: /tmp/autopkgtest-qemu.13gsyvk0/runcmd true
autopkgtest-virt-qemu: DBG: can connect to autopkgtest sh in VM
autopkgtest-virt-qemu: DBG: expect: b'6b4e04dc-49fd-4d7f-9202-58398266b8f2[5]'
autopkgtest-virt-qemu: DBG: expect: found "b'6b4e04dc-49fd-4d7f-9202-58398266b8f2[5]'"
autopkgtest-virt-qemu: DBG: determine_normal_user: got user "openkylin"
autopkgtest-virt-qemu: DBG: execute-timeout: /tmp/autopkgtest-qemu.13gsyvk0/runcmd mkdir --mode=1777 --parents /tmp/autopkgtest.Et4Zuu
autopkgtest-virt-qemu: DBG: auxverb = ['/tmp/autopkgtest-qemu.13gsyvk0/runcmd'], downtmp = /tmp/autopkgtest.Et4Zuu
autopkgtest: DBG: got reply from testbed: ok /tmp/autopkgtest.Et4Zuu
autopkgtest: DBG: sending command to testbed: print-execute-command
autopkgtest-virt-qemu: DBG: executing print-execute-command
autopkgtest: DBG: got reply from testbed: ok /tmp/autopkgtest-qemu.13gsyvk0/runcmd
autopkgtest: DBG: sending command to testbed: capabilities
autopkgtest-virt-qemu: DBG: executing capabilities
autopkgtest: DBG: got reply from testbed: ok isolation-machine reboot revert revert-full-system root-on-testbed suggested-normal-user=openkylin
autopkgtest: DBG: testbed capabilities: ['isolation-machine', 'reboot', 'revert', 'revert-full-system', 'root-on-testbed', 'suggested-normal-user=openkylin', 'has_internet']
autopkgtest: DBG: testbed command ['mkdir', '-p', '/tmp/autopkgtest.Et4Zuu'], kind short, sout raw, serr pipe, env []
autopkgtest: DBG: testbed command exited with code 0
autopkgtest: DBG: sending command to testbed: copydown /usr/share/autopkgtest/lib/in-testbed/wrapper.sh /tmp/autopkgtest.Et4Zuu/wrapper.sh
autopkgtest-virt-qemu: DBG: executing copydown /usr/share/autopkgtest/lib/in-testbed/wrapper.sh /tmp/autopkgtest.Et4Zuu/wrapper.sh
autopkgtest-virt-qemu: DBG: ['cmdls', "(['cat'], ['/tmp/autopkgtest-qemu.13gsyvk0/runcmd', 'sh', '-ec', 'cat >/tmp/autopkgtest.Et4Zuu/wrapper.sh; chmod +x -- /tmp/autopkgtest.Et4Zuu/wrapper.sh'])"]
autopkgtest-virt-qemu: DBG: ['srcstdin', "<_io.BufferedReader name='/usr/share/autopkgtest/lib/in-testbed/wrapper.sh'>", 'deststdout', "<_io.BufferedReader name='/dev/null'>", 'devnull_read', <_io.BufferedReader name='/dev/null'>]
autopkgtest-virt-qemu: DBG:  +< cat
autopkgtest-virt-qemu: DBG:  +> /tmp/autopkgtest-qemu.13gsyvk0/runcmd sh -ec cat >/tmp/autopkgtest.Et4Zuu/wrapper.sh; chmod +x -- /tmp/autopkgtest.Et4Zuu/wrapper.sh
autopkgtest-virt-qemu: DBG:  +>?
autopkgtest-virt-qemu: DBG:  +<?
autopkgtest: DBG: got reply from testbed: ok
autopkgtest: DBG: testbed command ['chmod', '-R', '0755', '--', '/tmp/autopkgtest.Et4Zuu/wrapper.sh'], kind short, sout raw, serr pipe, env []
autopkgtest: DBG: testbed command exited with code 0
autopkgtest: DBG: testbed command ['dpkg', '--print-architecture'], kind short, sout pipe, serr pipe, env []
autopkgtest: DBG: testbed command exited with code 0
autopkgtest [03:23:54]: testbed dpkg architecture: riscv64
autopkgtest: DBG: testbed command ['sh', '-ec', 'command -v eatmydata'], kind short, sout pipe, serr pipe, env []
autopkgtest: DBG: testbed command exited with code 127
autopkgtest: DBG: testbed command ['sh', '-ec', 'command -v dpkg-query'], kind short, sout pipe, serr pipe, env []
autopkgtest: DBG: testbed command exited with code 0
autopkgtest: DBG: testbed command ['sh', '-ec', "dpkg-query --show -f '${Package}\\t${Version}\\n' > /tmp/autopkgtest.Et4Zuu/testbed-packages"], kind short, sout raw, serr pipe, env []
autopkgtest: DBG: testbed command exited with code 0
autopkgtest: DBG: sending command to testbed: copyup /tmp/autopkgtest.Et4Zuu/testbed-packages /home/minami/Documents/openkylin-riscv/test/libexporter-tiny-perl/testbed-packages
autopkgtest-virt-qemu: DBG: executing copyup /tmp/autopkgtest.Et4Zuu/testbed-packages /home/minami/Documents/openkylin-riscv/test/libexporter-tiny-perl/testbed-packages
autopkgtest-virt-qemu: DBG: ['cmdls', "(['/tmp/autopkgtest-qemu.13gsyvk0/runcmd', 'sh', '-ec', 'cat </tmp/autopkgtest.Et4Zuu/testbed-packages'], ['cat'])"]
autopkgtest-virt-qemu: DBG: ['srcstdin', "<_io.BufferedReader name='/dev/null'>", 'deststdout', "<_io.BufferedWriter name='/home/minami/Documents/openkylin-riscv/test/libexporter-tiny-perl/testbed-packages'>", 'devnull_read', <_io.BufferedReader name='/dev/null'>]
autopkgtest-virt-qemu: DBG:  +< /tmp/autopkgtest-qemu.13gsyvk0/runcmd sh -ec cat </tmp/autopkgtest.Et4Zuu/testbed-packages
autopkgtest-virt-qemu: DBG:  +> cat
autopkgtest-virt-qemu: DBG:  +>?
autopkgtest-virt-qemu: DBG:  +<?
autopkgtest: DBG: got reply from testbed: ok
autopkgtest: DBG: testbed supports reboot, creating /tmp/autopkgtest-reboot
autopkgtest: DBG: testbed command ['mkdir', '-p', '/tmp/autopkgtest.Et4Zuu'], kind short, sout raw, serr pipe, env []
autopkgtest: DBG: testbed command exited with code 0
autopkgtest: DBG: sending command to testbed: copydown /usr/share/autopkgtest/lib/in-testbed/reboot.sh /tmp/autopkgtest.Et4Zuu/autopkgtest-reboot
autopkgtest-virt-qemu: DBG: executing copydown /usr/share/autopkgtest/lib/in-testbed/reboot.sh /tmp/autopkgtest.Et4Zuu/autopkgtest-reboot
autopkgtest-virt-qemu: DBG: ['cmdls', "(['cat'], ['/tmp/autopkgtest-qemu.13gsyvk0/runcmd', 'sh', '-ec', 'cat >/tmp/autopkgtest.Et4Zuu/autopkgtest-reboot; chmod +x -- /tmp/autopkgtest.Et4Zuu/autopkgtest-reboot'])"]
autopkgtest-virt-qemu: DBG: ['srcstdin', "<_io.BufferedReader name='/usr/share/autopkgtest/lib/in-testbed/reboot.sh'>", 'deststdout', "<_io.BufferedReader name='/dev/null'>", 'devnull_read', <_io.BufferedReader name='/dev/null'>]
autopkgtest-virt-qemu: DBG:  +< cat
autopkgtest-virt-qemu: DBG:  +> /tmp/autopkgtest-qemu.13gsyvk0/runcmd sh -ec cat >/tmp/autopkgtest.Et4Zuu/autopkgtest-reboot; chmod +x -- /tmp/autopkgtest.Et4Zuu/autopkgtest-reboot
autopkgtest-virt-qemu: DBG:  +>?
autopkgtest-virt-qemu: DBG:  +<?
autopkgtest: DBG: got reply from testbed: ok
autopkgtest: DBG: testbed command ['chmod', '-R', '0755', '--', '/tmp/autopkgtest.Et4Zuu/autopkgtest-reboot'], kind short, sout raw, serr pipe, env []
autopkgtest: DBG: testbed command exited with code 0
autopkgtest: DBG: testbed command ['ln', '-fns', '/tmp/autopkgtest.Et4Zuu/autopkgtest-reboot', '/tmp/autopkgtest-reboot'], kind short, sout raw, serr pipe, env []
autopkgtest: DBG: testbed command exited with code 0
autopkgtest: DBG: testbed command ['ln', '-fns', '/tmp/autopkgtest.Et4Zuu/autopkgtest-reboot', '/sbin/autopkgtest-reboot'], kind short, sout raw, serr pipe, env []
autopkgtest: DBG: testbed command exited with code 0
autopkgtest: DBG: testbed command ['mkdir', '-p', '/tmp/autopkgtest.Et4Zuu'], kind short, sout raw, serr pipe, env []
autopkgtest: DBG: testbed command exited with code 0
autopkgtest: DBG: sending command to testbed: copydown /usr/share/autopkgtest/lib/in-testbed/reboot-prepare.sh /tmp/autopkgtest.Et4Zuu/autopkgtest-reboot-prepare
autopkgtest-virt-qemu: DBG: executing copydown /usr/share/autopkgtest/lib/in-testbed/reboot-prepare.sh /tmp/autopkgtest.Et4Zuu/autopkgtest-reboot-prepare
autopkgtest-virt-qemu: DBG: ['cmdls', "(['cat'], ['/tmp/autopkgtest-qemu.13gsyvk0/runcmd', 'sh', '-ec', 'cat >/tmp/autopkgtest.Et4Zuu/autopkgtest-reboot-prepare; chmod +x -- /tmp/autopkgtest.Et4Zuu/autopkgtest-reboot-prepare'])"]
autopkgtest-virt-qemu: DBG: ['srcstdin', "<_io.BufferedReader name='/usr/share/autopkgtest/lib/in-testbed/reboot-prepare.sh'>", 'deststdout', "<_io.BufferedReader name='/dev/null'>", 'devnull_read', <_io.BufferedReader name='/dev/null'>]
autopkgtest-virt-qemu: DBG:  +< cat
autopkgtest-virt-qemu: DBG:  +> /tmp/autopkgtest-qemu.13gsyvk0/runcmd sh -ec cat >/tmp/autopkgtest.Et4Zuu/autopkgtest-reboot-prepare; chmod +x -- /tmp/autopkgtest.Et4Zuu/autopkgtest-reboot-prepare
autopkgtest-virt-qemu: DBG:  +>?
autopkgtest-virt-qemu: DBG:  +<?
autopkgtest: DBG: got reply from testbed: ok
autopkgtest: DBG: testbed command ['chmod', '-R', '0755', '--', '/tmp/autopkgtest.Et4Zuu/autopkgtest-reboot-prepare'], kind short, sout raw, serr pipe, env []
autopkgtest: DBG: testbed command exited with code 0
autopkgtest: DBG: testbed command ['ln', '-fns', '/tmp/autopkgtest.Et4Zuu/autopkgtest-reboot-prepare', '/tmp/autopkgtest-reboot-prepare'], kind short, sout raw, serr pipe, env []
autopkgtest: DBG: testbed command exited with code 0
autopkgtest: DBG: testbed command ['uname', '-srv'], kind short, sout pipe, serr pipe, env []
autopkgtest: DBG: testbed command exited with code 0
autopkgtest: DBG: Binaries: no registered binaries, not publishing anything
autopkgtest: DBG: install_deps: deps_new=['libexporter-tiny-perl', 'pkg-perl-autopkgtest']
autopkgtest: DBG: install-deps: satisfying libexporter-tiny-perl, pkg-perl-autopkgtest
autopkgtest: DBG: install-deps: architecture resolved: libexporter-tiny-perl, pkg-perl-autopkgtest
autopkgtest: DBG: testbed command ['test', '-w', '/var/lib/dpkg/status'], kind short, sout raw, serr raw, env []
autopkgtest: DBG: testbed command exited with code 0
autopkgtest: DBG: can use apt-get on testbed: True
autopkgtest: DBG: testbed command ['mkdir', '-p', '/tmp/autopkgtest.Et4Zuu'], kind short, sout raw, serr pipe, env []
autopkgtest: DBG: testbed command exited with code 0
autopkgtest: DBG: sending command to testbed: copydown /home/minami/Documents/openkylin-riscv/test/libexporter-tiny-perl/2-autopkgtest-satdep.deb /tmp/autopkgtest.Et4Zuu/2-autopkgtest-satdep.deb
autopkgtest-virt-qemu: DBG: executing copydown /home/minami/Documents/openkylin-riscv/test/libexporter-tiny-perl/2-autopkgtest-satdep.deb /tmp/autopkgtest.Et4Zuu/2-autopkgtest-satdep.deb
autopkgtest-virt-qemu: DBG: ['cmdls', "(['cat'], ['/tmp/autopkgtest-qemu.13gsyvk0/runcmd', 'sh', '-ec', 'cat >/tmp/autopkgtest.Et4Zuu/2-autopkgtest-satdep.deb'])"]
autopkgtest-virt-qemu: DBG: ['srcstdin', "<_io.BufferedReader name='/home/minami/Documents/openkylin-riscv/test/libexporter-tiny-perl/2-autopkgtest-satdep.deb'>", 'deststdout', "<_io.BufferedReader name='/dev/null'>", 'devnull_read', <_io.BufferedReader name='/dev/null'>]
autopkgtest-virt-qemu: DBG:  +< cat
autopkgtest-virt-qemu: DBG:  +> /tmp/autopkgtest-qemu.13gsyvk0/runcmd sh -ec cat >/tmp/autopkgtest.Et4Zuu/2-autopkgtest-satdep.deb
autopkgtest-virt-qemu: DBG:  +>?
autopkgtest-virt-qemu: DBG:  +<?
autopkgtest: DBG: got reply from testbed: ok
autopkgtest: DBG: testbed command ['chown', '-R', 'openkylin', '--', '/tmp/autopkgtest.Et4Zuu/2-autopkgtest-satdep.deb'], kind short, sout raw, serr pipe, env []
autopkgtest: DBG: testbed command exited with code 0
autopkgtest: DBG: testbed command ['dpkg', '--unpack', '/tmp/autopkgtest.Et4Zuu/2-autopkgtest-satdep.deb'], kind short, sout pipe, serr pipe, env []
autopkgtest: DBG: testbed command exited with code 0
autopkgtest: DBG: testbed command ['/bin/sh', '-ec', ' apt-get install --assume-yes --fix-broken -o APT::Status-Fd=3 -o APT::Install-Recommends=false -o Dpkg::Options::=--force-confnew -o Debug::pkgProblemResolver=true 3>&2 2>&1'], kind install, sout raw, serr pipe, env ['DEBIAN_FRONTEND=noninteractive', 'APT_LISTBUGS_FRONTEND=none', 'APT_LISTCHANGES_FRONTEND=none']
Reading package lists...
Building dependency tree...
Reading state information...
Correcting dependencies...Starting pkgProblemResolver with broken count: 0
Starting 2 pkgProblemResolver with broken count: 0
Done
 Done
Starting pkgProblemResolver with broken count: 0
Starting 2 pkgProblemResolver with broken count: 0
Done
The following packages were automatically installed and are no longer required:
  libdjvulibre-text libdjvulibre21 libegl-dev libgl-dev libglu1-mesa-dev
  libglx-dev libmpdec2 libvulkan-dev libx11-dev libxau-dev libxcb1-dev
  libxdmcp-dev libxext-dev qt5-qmake qt5-qmake-bin x11proto-core-dev
  x11proto-dev xorg-sgml-doctools xtrans-dev
Use 'apt autoremove' to remove them.
The following additional packages will be installed:
  autodep8 dctrl-tools libexporter-tiny-perl pkg-perl-autopkgtest
Suggested packages:
  debtags
The following NEW packages will be installed:
  autodep8 dctrl-tools libexporter-tiny-perl pkg-perl-autopkgtest
0 upgraded, 4 newly installed, 0 to remove and 18 not upgraded.
1 not fully installed or removed.
Need to get 116 kB of archives.
After this operation, 458 kB of additional disk space will be used.
Get:1 http://archive.build.openkylin.top/openkylin yangtze/main riscv64 libexporter-tiny-perl all 1.004000-ok2 [42.5 kB]
Get:2 http://ppa.build.openkylin.top/kylinsoft/anything/openkylin yangtze/main riscv64 autodep8 all 0.22-ok1 [10.1 kB]
Get:3 http://archive.build.openkylin.top/openkylin yangtze/main riscv64 dctrl-tools riscv64 2.24-ok1 [55.6 kB]
Get:4 http://ppa.build.openkylin.top/kylinsoft/anything/openkylin yangtze/main riscv64 pkg-perl-autopkgtest all 0.59-ok1 [8,208 B]
Fetched 116 kB in 1s (213 kB/s)
Selecting previously unselected package libexporter-tiny-perl.
(Reading database ... (Reading database ... 5%(Reading database ... 10%(Reading database ... 15%(Reading database ... 20%(Reading database ... 25%(Reading database ... 30%(Reading database ... 35%(Reading database ... 40%(Reading database ... 45%(Reading database ... 50%(Reading database ... 55%(Reading database ... 60%(Reading database ... 65%(Reading database ... 70%(Reading database ... 75%(Reading database ... 80%(Reading database ... 85%(Reading database ... 90%(Reading database ... 95%(Reading database ... 100%(Reading database ... 161111 files and directories currently installed.)
Preparing to unpack .../libexporter-tiny-perl_1.004000-ok2_all.deb ...
Unpacking libexporter-tiny-perl (1.004000-ok2) ...
Selecting previously unselected package dctrl-tools.
Preparing to unpack .../dctrl-tools_2.24-ok1_riscv64.deb ...
Unpacking dctrl-tools (2.24-ok1) ...
Selecting previously unselected package autodep8.
Preparing to unpack .../autodep8_0.22-ok1_all.deb ...
Unpacking autodep8 (0.22-ok1) ...
Selecting previously unselected package pkg-perl-autopkgtest.
Preparing to unpack .../pkg-perl-autopkgtest_0.59-ok1_all.deb ...
Unpacking pkg-perl-autopkgtest (0.59-ok1) ...
Setting up libexporter-tiny-perl (1.004000-ok2) ...
Setting up dctrl-tools (2.24-ok1) ...
Setting up autodep8 (0.22-ok1) ...
Setting up pkg-perl-autopkgtest (0.59-ok1) ...
Setting up autopkgtest-satdep (0) ...
Processing triggers for man-db (2.9.1-ok3) ...
autopkgtest: DBG: testbed command exited with code 0
autopkgtest: DBG: testbed command ['dpkg-query', '--show', '-f', '${Status}', 'libexporter-tiny-perl'], kind short, sout pipe, serr pipe, env []
autopkgtest: DBG: testbed command exited with code 0
autopkgtest: DBG: testbed command ['dpkg', '--status', 'autopkgtest-satdep'], kind short, sout pipe, serr pipe, env []
autopkgtest: DBG: testbed command exited with code 0
autopkgtest: DBG: testbed command ['apt-get', '--simulate', '--quiet', '-o', 'APT::Get::Show-User-Simulation-Note=False', '--auto-remove', 'purge', 'autopkgtest-satdep'], kind short, sout pipe, serr pipe, env []
autopkgtest: DBG: testbed command exited with code 0
autopkgtest: DBG: Marking test dependencies as manually installed: pkg-perl-autopkgtest autodep8 dctrl-tools libdjvulibre21 libdjvulibre-text libegl-dev libexporter-tiny-perl libglu1-mesa-dev libgl-dev libglx-dev libmpdec2 libvulkan-dev libxext-dev libx11-dev libxcb1-dev libxau-dev libxdmcp-dev qt5-qmake qt5-qmake-bin x11proto-core-dev x11proto-dev xorg-sgml-doctools xtrans-dev
autopkgtest: DBG: testbed command ['apt-mark', 'manual', '-qq', 'pkg-perl-autopkgtest', 'autodep8', 'dctrl-tools', 'libdjvulibre21', 'libdjvulibre-text', 'libegl-dev', 'libexporter-tiny-perl', 'libglu1-mesa-dev', 'libgl-dev', 'libglx-dev', 'libmpdec2', 'libvulkan-dev', 'libxext-dev', 'libx11-dev', 'libxcb1-dev', 'libxau-dev', 'libxdmcp-dev', 'qt5-qmake', 'qt5-qmake-bin', 'x11proto-core-dev'], kind short, sout raw, serr pipe, env []
autopkgtest: DBG: testbed command exited with code 0
autopkgtest: DBG: testbed command ['apt-mark', 'manual', '-qq', 'x11proto-dev', 'xorg-sgml-doctools', 'xtrans-dev'], kind short, sout raw, serr pipe, env []
autopkgtest: DBG: testbed command exited with code 0
autopkgtest: DBG: testbed command ['dpkg', '--purge', 'autopkgtest-satdep'], kind short, sout raw, serr raw, env []
(Reading database ... 161213 files and directories currently installed.)
Removing autopkgtest-satdep (0) ...
autopkgtest: DBG: testbed command exited with code 0
autopkgtest: DBG: testbed command ['sh', '-ec', 'command -v dpkg-query'], kind short, sout pipe, serr pipe, env []
autopkgtest: DBG: testbed command exited with code 0
autopkgtest: DBG: testbed command ['sh', '-ec', "dpkg-query --show -f '${Package}\\t${Version}\\n' > /tmp/autopkgtest.Et4Zuu/autodep8-perl-packages.all"], kind short, sout raw, serr pipe, env []
autopkgtest: DBG: testbed command exited with code 0
autopkgtest: DBG: sending command to testbed: copyup /tmp/autopkgtest.Et4Zuu/autodep8-perl-packages.all /home/minami/Documents/openkylin-riscv/test/libexporter-tiny-perl/autodep8-perl-packages.all
autopkgtest-virt-qemu: DBG: executing copyup /tmp/autopkgtest.Et4Zuu/autodep8-perl-packages.all /home/minami/Documents/openkylin-riscv/test/libexporter-tiny-perl/autodep8-perl-packages.all
autopkgtest-virt-qemu: DBG: ['cmdls', "(['/tmp/autopkgtest-qemu.13gsyvk0/runcmd', 'sh', '-ec', 'cat </tmp/autopkgtest.Et4Zuu/autodep8-perl-packages.all'], ['cat'])"]
autopkgtest-virt-qemu: DBG: ['srcstdin', "<_io.BufferedReader name='/dev/null'>", 'deststdout', "<_io.BufferedWriter name='/home/minami/Documents/openkylin-riscv/test/libexporter-tiny-perl/autodep8-perl-packages.all'>", 'devnull_read', <_io.BufferedReader name='/dev/null'>]
autopkgtest-virt-qemu: DBG:  +< /tmp/autopkgtest-qemu.13gsyvk0/runcmd sh -ec cat </tmp/autopkgtest.Et4Zuu/autodep8-perl-packages.all
autopkgtest-virt-qemu: DBG:  +> cat
autopkgtest-virt-qemu: DBG:  +>?
autopkgtest-virt-qemu: DBG:  +<?
autopkgtest: DBG: got reply from testbed: ok
autopkgtest: DBG: testbed command ['test', '-e', '/tmp/autopkgtest.Et4Zuu/build.kAU/src'], kind short, sout raw, serr raw, env []
autopkgtest: DBG: testbed command exited with code 1
autopkgtest: DBG: testbed command ['mkdir', '-p', '/tmp/autopkgtest.Et4Zuu/build.kAU'], kind short, sout raw, serr pipe, env []
autopkgtest: DBG: testbed command exited with code 0
autopkgtest: DBG: sending command to testbed: copydown /home/minami/Documents/openkylin-riscv/test/libexporter-tiny-perl/tests-tree/ /tmp/autopkgtest.Et4Zuu/build.kAU/src/
autopkgtest-virt-qemu: DBG: executing copydown /home/minami/Documents/openkylin-riscv/test/libexporter-tiny-perl/tests-tree/ /tmp/autopkgtest.Et4Zuu/build.kAU/src/
autopkgtest-virt-qemu: DBG: ['cmdls', "(['tar', '--directory', '/home/minami/Documents/openkylin-riscv/test/libexporter-tiny-perl/tests-tree/', '--warning=none', '-c', '.', '-f', '-'], ['/tmp/autopkgtest-qemu.13gsyvk0/runcmd', 'sh', '-ec', 'if ! test -d /tmp/autopkgtest.Et4Zuu/build.kAU/src/; then mkdir -- /tmp/autopkgtest.Et4Zuu/build.kAU/src/; fi; cd /tmp/autopkgtest.Et4Zuu/build.kAU/src/; tar --warning=none --preserve-permissions --extract --no-same-owner -f -'])"]
autopkgtest-virt-qemu: DBG: ['srcstdin', "<_io.BufferedReader name='/dev/null'>", 'deststdout', "<_io.BufferedReader name='/dev/null'>", 'devnull_read', <_io.BufferedReader name='/dev/null'>]
autopkgtest-virt-qemu: DBG:  +< tar --directory /home/minami/Documents/openkylin-riscv/test/libexporter-tiny-perl/tests-tree/ --warning=none -c . -f -
autopkgtest-virt-qemu: DBG:  +> /tmp/autopkgtest-qemu.13gsyvk0/runcmd sh -ec if ! test -d /tmp/autopkgtest.Et4Zuu/build.kAU/src/; then mkdir -- /tmp/autopkgtest.Et4Zuu/build.kAU/src/; fi; cd /tmp/autopkgtest.Et4Zuu/build.kAU/src/; tar --warning=none --preserve-permissions --extract --no-same-owner -f -
autopkgtest-virt-qemu: DBG:  +>?
autopkgtest-virt-qemu: DBG:  +<?
autopkgtest: DBG: got reply from testbed: ok
autopkgtest: DBG: testbed command ['chown', '-R', 'openkylin', '--', '/tmp/autopkgtest.Et4Zuu/build.kAU/src'], kind short, sout raw, serr pipe, env []
autopkgtest: DBG: testbed command exited with code 0
autopkgtest [03:24:44]: test autodep8-perl: /usr/share/pkg-perl-autopkgtest/runner runtime-deps
autopkgtest [03:24:44]: test autodep8-perl: [-----------------------
autopkgtest: DBG: testbed command ['su', '-s', '/bin/bash', 'openkylin', '-c', 'set -e; export USER=`id -nu`; . /etc/profile >/dev/null 2>&1 || true;  . ~/.profile >/dev/null 2>&1 || true; buildtree="/tmp/autopkgtest.Et4Zuu/build.kAU/src"; mkdir -p -m 1777 -- "/tmp/autopkgtest.Et4Zuu/autodep8-perl-artifacts"; export AUTOPKGTEST_ARTIFACTS="/tmp/autopkgtest.Et4Zuu/autodep8-perl-artifacts"; export ADT_ARTIFACTS="$AUTOPKGTEST_ARTIFACTS"; mkdir -p -m 755 "/tmp/autopkgtest.Et4Zuu/autopkgtest_tmp"; export AUTOPKGTEST_TMP="/tmp/autopkgtest.Et4Zuu/autopkgtest_tmp"; export ADTTMP="$AUTOPKGTEST_TMP"; export DEBIAN_FRONTEND=noninteractive; export LANG=C.UTF-8; export DEB_BUILD_OPTIONS=parallel=8; unset LANGUAGE LC_CTYPE LC_NUMERIC LC_TIME LC_COLLATE   LC_MONETARY LC_MESSAGES LC_PAPER LC_NAME LC_ADDRESS   LC_TELEPHONE LC_MEASUREMENT LC_IDENTIFICATION LC_ALL;cd "$buildtree"; exec /tmp/autopkgtest.Et4Zuu/wrapper.sh --script-pid-file=/tmp/autopkgtest_script_pid --stderr=/tmp/autopkgtest.Et4Zuu/autodep8-perl-stderr --stdout=/tmp/autopkgtest.Et4Zuu/autodep8-perl-stdout -- bash -ec \'/usr/share/pkg-perl-autopkgtest/runner runtime-deps\' ;'], kind test, sout raw, serr raw, env []
/usr/share/pkg-perl-autopkgtest/runtime-deps.d/use.t .. 
1..4
ok 1 -  /usr/bin/perl -w -M"Exporter::Tiny" -e 1 2>&1 exited successfully
ok 2 -  /usr/bin/perl -w -M"Exporter::Tiny" -e 1 2>&1 produced no (non-whitelisted) output
ok 3 - env PERL_DL_NONLAZY=1  /usr/bin/perl -w -M"Exporter::Tiny" -e 1 2>&1 exited successfully
ok 4 - env PERL_DL_NONLAZY=1  /usr/bin/perl -w -M"Exporter::Tiny" -e 1 2>&1 produced no (non-whitelisted) output
ok
All tests successful.
Files=1, Tests=4,  2 wallclock secs ( 0.23 usr  0.11 sys +  1.59 cusr  0.56 csys =  2.49 CPU)
Result: PASS
autopkgtest: DBG: testbed command exited with code 0
autopkgtest [03:24:51]: test autodep8-perl: -----------------------]
autopkgtest: DBG: testbed executing test finished with exit status 0
autopkgtest: DBG: sending command to testbed: copyup /tmp/autopkgtest.Et4Zuu/autodep8-perl-stdout /home/minami/Documents/openkylin-riscv/test/libexporter-tiny-perl/autodep8-perl-stdout
autopkgtest-virt-qemu: DBG: executing copyup /tmp/autopkgtest.Et4Zuu/autodep8-perl-stdout /home/minami/Documents/openkylin-riscv/test/libexporter-tiny-perl/autodep8-perl-stdout
autopkgtest-virt-qemu: DBG: ['cmdls', "(['/tmp/autopkgtest-qemu.13gsyvk0/runcmd', 'sh', '-ec', 'cat </tmp/autopkgtest.Et4Zuu/autodep8-perl-stdout'], ['cat'])"]
autopkgtest-virt-qemu: DBG: ['srcstdin', "<_io.BufferedReader name='/dev/null'>", 'deststdout', "<_io.BufferedWriter name='/home/minami/Documents/openkylin-riscv/test/libexporter-tiny-perl/autodep8-perl-stdout'>", 'devnull_read', <_io.BufferedReader name='/dev/null'>]
autopkgtest-virt-qemu: DBG:  +< /tmp/autopkgtest-qemu.13gsyvk0/runcmd sh -ec cat </tmp/autopkgtest.Et4Zuu/autodep8-perl-stdout
autopkgtest-virt-qemu: DBG:  +> cat
autopkgtest-virt-qemu: DBG:  +>?
autopkgtest-virt-qemu: DBG:  +<?
autopkgtest: DBG: got reply from testbed: ok
autopkgtest: DBG: sending command to testbed: copyup /tmp/autopkgtest.Et4Zuu/autodep8-perl-stderr /home/minami/Documents/openkylin-riscv/test/libexporter-tiny-perl/autodep8-perl-stderr
autopkgtest-virt-qemu: DBG: executing copyup /tmp/autopkgtest.Et4Zuu/autodep8-perl-stderr /home/minami/Documents/openkylin-riscv/test/libexporter-tiny-perl/autodep8-perl-stderr
autopkgtest-virt-qemu: DBG: ['cmdls', "(['/tmp/autopkgtest-qemu.13gsyvk0/runcmd', 'sh', '-ec', 'cat </tmp/autopkgtest.Et4Zuu/autodep8-perl-stderr'], ['cat'])"]
autopkgtest-virt-qemu: DBG: ['srcstdin', "<_io.BufferedReader name='/dev/null'>", 'deststdout', "<_io.BufferedWriter name='/home/minami/Documents/openkylin-riscv/test/libexporter-tiny-perl/autodep8-perl-stderr'>", 'devnull_read', <_io.BufferedReader name='/dev/null'>]
autopkgtest-virt-qemu: DBG:  +< /tmp/autopkgtest-qemu.13gsyvk0/runcmd sh -ec cat </tmp/autopkgtest.Et4Zuu/autodep8-perl-stderr
autopkgtest-virt-qemu: DBG:  +> cat
autopkgtest-virt-qemu: DBG:  +>?
autopkgtest-virt-qemu: DBG:  +<?
autopkgtest: DBG: got reply from testbed: ok
autopkgtest [03:24:52]: test autodep8-perl:  - - - - - - - - - - results - - - - - - - - - -
autodep8-perl        PASS (superficial)
autopkgtest: DBG: sending command to testbed: copyup /tmp/autopkgtest.Et4Zuu/autodep8-perl-artifacts/ /home/minami/Documents/openkylin-riscv/test/libexporter-tiny-perl/artifacts/
autopkgtest-virt-qemu: DBG: executing copyup /tmp/autopkgtest.Et4Zuu/autodep8-perl-artifacts/ /home/minami/Documents/openkylin-riscv/test/libexporter-tiny-perl/artifacts/
autopkgtest-virt-qemu: DBG: ['cmdls', "(['/tmp/autopkgtest-qemu.13gsyvk0/runcmd', 'sh', '-ec', 'cd /tmp/autopkgtest.Et4Zuu/autodep8-perl-artifacts/; tar --warning=none -c . -f -'], ['tar', '--directory', '/home/minami/Documents/openkylin-riscv/test/libexporter-tiny-perl/artifacts/', '--warning=none', '--preserve-permissions', '--extract', '--no-same-owner', '-f', '-'])"]
autopkgtest-virt-qemu: DBG: ['srcstdin', "<_io.BufferedReader name='/dev/null'>", 'deststdout', "<_io.BufferedReader name='/dev/null'>", 'devnull_read', <_io.BufferedReader name='/dev/null'>]
autopkgtest-virt-qemu: DBG:  +< /tmp/autopkgtest-qemu.13gsyvk0/runcmd sh -ec cd /tmp/autopkgtest.Et4Zuu/autodep8-perl-artifacts/; tar --warning=none -c . -f -
autopkgtest-virt-qemu: DBG:  +> tar --directory /home/minami/Documents/openkylin-riscv/test/libexporter-tiny-perl/artifacts/ --warning=none --preserve-permissions --extract --no-same-owner -f -
autopkgtest-virt-qemu: DBG:  +>?
autopkgtest-virt-qemu: DBG:  +<?
autopkgtest: DBG: got reply from testbed: ok
autopkgtest: DBG: testbed command ['rm', '-rf', '/tmp/autopkgtest.Et4Zuu/autodep8-perl-artifacts', '/tmp/autopkgtest.Et4Zuu/autopkgtest_tmp'], kind short, sout raw, serr pipe, env []
autopkgtest: DBG: testbed command exited with code 0
autopkgtest [03:24:53]: test autodep8-perl-recommends: preparing testbed
autopkgtest: DBG: testbed reset: modified=False, deps_installed=['libexporter-tiny-perl', 'pkg-perl-autopkgtest'], deps_new=['libexporter-tiny-perl', 'pkg-perl-autopkgtest']
autopkgtest: DBG: Binaries: no registered binaries, not publishing anything
autopkgtest: DBG: install_deps: deps_new=['libexporter-tiny-perl', 'pkg-perl-autopkgtest']
autopkgtest: DBG: install-deps: satisfying libexporter-tiny-perl, pkg-perl-autopkgtest
autopkgtest: DBG: install-deps: architecture resolved: libexporter-tiny-perl, pkg-perl-autopkgtest
autopkgtest: DBG: testbed command ['test', '-w', '/var/lib/dpkg/status'], kind short, sout raw, serr raw, env []
autopkgtest: DBG: testbed command exited with code 0
autopkgtest: DBG: can use apt-get on testbed: True
autopkgtest: DBG: testbed command ['mkdir', '-p', '/tmp/autopkgtest.Et4Zuu'], kind short, sout raw, serr pipe, env []
autopkgtest: DBG: testbed command exited with code 0
autopkgtest: DBG: sending command to testbed: copydown /home/minami/Documents/openkylin-riscv/test/libexporter-tiny-perl/3-autopkgtest-satdep.deb /tmp/autopkgtest.Et4Zuu/3-autopkgtest-satdep.deb
autopkgtest-virt-qemu: DBG: executing copydown /home/minami/Documents/openkylin-riscv/test/libexporter-tiny-perl/3-autopkgtest-satdep.deb /tmp/autopkgtest.Et4Zuu/3-autopkgtest-satdep.deb
autopkgtest-virt-qemu: DBG: ['cmdls', "(['cat'], ['/tmp/autopkgtest-qemu.13gsyvk0/runcmd', 'sh', '-ec', 'cat >/tmp/autopkgtest.Et4Zuu/3-autopkgtest-satdep.deb'])"]
autopkgtest-virt-qemu: DBG: ['srcstdin', "<_io.BufferedReader name='/home/minami/Documents/openkylin-riscv/test/libexporter-tiny-perl/3-autopkgtest-satdep.deb'>", 'deststdout', "<_io.BufferedReader name='/dev/null'>", 'devnull_read', <_io.BufferedReader name='/dev/null'>]
autopkgtest-virt-qemu: DBG:  +< cat
autopkgtest-virt-qemu: DBG:  +> /tmp/autopkgtest-qemu.13gsyvk0/runcmd sh -ec cat >/tmp/autopkgtest.Et4Zuu/3-autopkgtest-satdep.deb
autopkgtest-virt-qemu: DBG:  +>?
autopkgtest-virt-qemu: DBG:  +<?
autopkgtest: DBG: got reply from testbed: ok
autopkgtest: DBG: testbed command ['chown', '-R', 'openkylin', '--', '/tmp/autopkgtest.Et4Zuu/3-autopkgtest-satdep.deb'], kind short, sout raw, serr pipe, env []
autopkgtest: DBG: testbed command exited with code 0
autopkgtest: DBG: testbed command ['dpkg', '--unpack', '/tmp/autopkgtest.Et4Zuu/3-autopkgtest-satdep.deb'], kind short, sout pipe, serr pipe, env []
autopkgtest: DBG: testbed command exited with code 0
autopkgtest: DBG: testbed command ['/bin/sh', '-ec', ' apt-get install --assume-yes --fix-broken -o APT::Status-Fd=3 -o APT::Install-Recommends=false -o Dpkg::Options::=--force-confnew -o Debug::pkgProblemResolver=true 3>&2 2>&1'], kind install, sout raw, serr pipe, env ['DEBIAN_FRONTEND=noninteractive', 'APT_LISTBUGS_FRONTEND=none', 'APT_LISTCHANGES_FRONTEND=none']
Reading package lists...
Building dependency tree...
Reading state information...
Starting pkgProblemResolver with broken count: 0
Starting 2 pkgProblemResolver with broken count: 0
Done
0 upgraded, 0 newly installed, 0 to remove and 18 not upgraded.
1 not fully installed or removed.
After this operation, 0 B of additional disk space will be used.
Setting up autopkgtest-satdep (0) ...
autopkgtest: DBG: testbed command exited with code 0
autopkgtest: DBG: testbed command ['dpkg-query', '--show', '-f', '${Status}', 'libexporter-tiny-perl'], kind short, sout pipe, serr pipe, env []
autopkgtest: DBG: testbed command exited with code 0
autopkgtest: DBG: testbed command ['dpkg', '--status', 'autopkgtest-satdep'], kind short, sout pipe, serr pipe, env []
autopkgtest: DBG: testbed command exited with code 0
autopkgtest: DBG: testbed command ['apt-get', '--simulate', '--quiet', '-o', 'APT::Get::Show-User-Simulation-Note=False', '--auto-remove', 'purge', 'autopkgtest-satdep'], kind short, sout pipe, serr pipe, env []
autopkgtest: DBG: testbed command exited with code 0
autopkgtest: DBG: testbed command ['dpkg', '--purge', 'autopkgtest-satdep'], kind short, sout raw, serr raw, env []
(Reading database ... 161213 files and directories currently installed.)
Removing autopkgtest-satdep (0) ...
autopkgtest: DBG: testbed command exited with code 0
autopkgtest: DBG: testbed command ['sh', '-ec', 'command -v dpkg-query'], kind short, sout pipe, serr pipe, env []
autopkgtest: DBG: testbed command exited with code 0
autopkgtest: DBG: testbed command ['sh', '-ec', "dpkg-query --show -f '${Package}\\t${Version}\\n' > /tmp/autopkgtest.Et4Zuu/autodep8-perl-recommends-packages.all"], kind short, sout raw, serr pipe, env []
autopkgtest: DBG: testbed command exited with code 0
autopkgtest: DBG: sending command to testbed: copyup /tmp/autopkgtest.Et4Zuu/autodep8-perl-recommends-packages.all /home/minami/Documents/openkylin-riscv/test/libexporter-tiny-perl/autodep8-perl-recommends-packages.all
autopkgtest-virt-qemu: DBG: executing copyup /tmp/autopkgtest.Et4Zuu/autodep8-perl-recommends-packages.all /home/minami/Documents/openkylin-riscv/test/libexporter-tiny-perl/autodep8-perl-recommends-packages.all
autopkgtest-virt-qemu: DBG: ['cmdls', "(['/tmp/autopkgtest-qemu.13gsyvk0/runcmd', 'sh', '-ec', 'cat </tmp/autopkgtest.Et4Zuu/autodep8-perl-recommends-packages.all'], ['cat'])"]
autopkgtest-virt-qemu: DBG: ['srcstdin', "<_io.BufferedReader name='/dev/null'>", 'deststdout', "<_io.BufferedWriter name='/home/minami/Documents/openkylin-riscv/test/libexporter-tiny-perl/autodep8-perl-recommends-packages.all'>", 'devnull_read', <_io.BufferedReader name='/dev/null'>]
autopkgtest-virt-qemu: DBG:  +< /tmp/autopkgtest-qemu.13gsyvk0/runcmd sh -ec cat </tmp/autopkgtest.Et4Zuu/autodep8-perl-recommends-packages.all
autopkgtest-virt-qemu: DBG:  +> cat
autopkgtest-virt-qemu: DBG:  +>?
autopkgtest-virt-qemu: DBG:  +<?
autopkgtest: DBG: got reply from testbed: ok
autopkgtest: DBG: testbed command ['test', '-e', '/tmp/autopkgtest.Et4Zuu/build.kAU/src'], kind short, sout raw, serr raw, env []
autopkgtest: DBG: testbed command exited with code 0
autopkgtest: DBG: copydown: tb path /tmp/autopkgtest.Et4Zuu/build.kAU/src already exists
autopkgtest [03:25:16]: test autodep8-perl-recommends: /usr/share/pkg-perl-autopkgtest/runner runtime-deps-and-recommends
autopkgtest [03:25:16]: test autodep8-perl-recommends: [-----------------------
autopkgtest: DBG: testbed command ['su', '-s', '/bin/bash', 'openkylin', '-c', 'set -e; export USER=`id -nu`; . /etc/profile >/dev/null 2>&1 || true;  . ~/.profile >/dev/null 2>&1 || true; buildtree="/tmp/autopkgtest.Et4Zuu/build.kAU/src"; mkdir -p -m 1777 -- "/tmp/autopkgtest.Et4Zuu/autodep8-perl-recommends-artifacts"; export AUTOPKGTEST_ARTIFACTS="/tmp/autopkgtest.Et4Zuu/autodep8-perl-recommends-artifacts"; export ADT_ARTIFACTS="$AUTOPKGTEST_ARTIFACTS"; mkdir -p -m 755 "/tmp/autopkgtest.Et4Zuu/autopkgtest_tmp"; export AUTOPKGTEST_TMP="/tmp/autopkgtest.Et4Zuu/autopkgtest_tmp"; export ADTTMP="$AUTOPKGTEST_TMP"; export DEBIAN_FRONTEND=noninteractive; export LANG=C.UTF-8; export DEB_BUILD_OPTIONS=parallel=8; unset LANGUAGE LC_CTYPE LC_NUMERIC LC_TIME LC_COLLATE   LC_MONETARY LC_MESSAGES LC_PAPER LC_NAME LC_ADDRESS   LC_TELEPHONE LC_MEASUREMENT LC_IDENTIFICATION LC_ALL;cd "$buildtree"; exec /tmp/autopkgtest.Et4Zuu/wrapper.sh --script-pid-file=/tmp/autopkgtest_script_pid --stderr=/tmp/autopkgtest.Et4Zuu/autodep8-perl-recommends-stderr --stdout=/tmp/autopkgtest.Et4Zuu/autodep8-perl-recommends-stdout -- bash -ec \'/usr/share/pkg-perl-autopkgtest/runner runtime-deps-and-recommends\' ;'], kind test, sout raw, serr raw, env []
/usr/share/pkg-perl-autopkgtest/runtime-deps-and-recommends.d/syntax.t .. 
1..4
ok 1 - Package libexporter-tiny-perl is known to dpkg
ok 2 - Got status information for package libexporter-tiny-perl
ok 3 - Got file list for package libexporter-tiny-perl
# Subtest: all modules in libexporter-tiny-perl pass the syntax check
    1..2
    ok 1 - /usr/bin/perl -wc /usr/share/perl5/Exporter/Shiny.pm exited successfully
    ok 2 - /usr/bin/perl -wc /usr/share/perl5/Exporter/Tiny.pm exited successfully
ok 4 - all modules in libexporter-tiny-perl pass the syntax check
ok
All tests successful.
Files=1, Tests=4,  3 wallclock secs ( 0.23 usr  0.08 sys +  1.62 cusr  0.56 csys =  2.49 CPU)
Result: PASS
autopkgtest: DBG: testbed command exited with code 0
autopkgtest [03:25:23]: test autodep8-perl-recommends: -----------------------]
autopkgtest: DBG: testbed executing test finished with exit status 0
autopkgtest: DBG: sending command to testbed: copyup /tmp/autopkgtest.Et4Zuu/autodep8-perl-recommends-stdout /home/minami/Documents/openkylin-riscv/test/libexporter-tiny-perl/autodep8-perl-recommends-stdout
autopkgtest-virt-qemu: DBG: executing copyup /tmp/autopkgtest.Et4Zuu/autodep8-perl-recommends-stdout /home/minami/Documents/openkylin-riscv/test/libexporter-tiny-perl/autodep8-perl-recommends-stdout
autopkgtest-virt-qemu: DBG: ['cmdls', "(['/tmp/autopkgtest-qemu.13gsyvk0/runcmd', 'sh', '-ec', 'cat </tmp/autopkgtest.Et4Zuu/autodep8-perl-recommends-stdout'], ['cat'])"]
autopkgtest-virt-qemu: DBG: ['srcstdin', "<_io.BufferedReader name='/dev/null'>", 'deststdout', "<_io.BufferedWriter name='/home/minami/Documents/openkylin-riscv/test/libexporter-tiny-perl/autodep8-perl-recommends-stdout'>", 'devnull_read', <_io.BufferedReader name='/dev/null'>]
autopkgtest-virt-qemu: DBG:  +< /tmp/autopkgtest-qemu.13gsyvk0/runcmd sh -ec cat </tmp/autopkgtest.Et4Zuu/autodep8-perl-recommends-stdout
autopkgtest-virt-qemu: DBG:  +> cat
autopkgtest-virt-qemu: DBG:  +>?
autopkgtest-virt-qemu: DBG:  +<?
autopkgtest: DBG: got reply from testbed: ok
autopkgtest: DBG: sending command to testbed: copyup /tmp/autopkgtest.Et4Zuu/autodep8-perl-recommends-stderr /home/minami/Documents/openkylin-riscv/test/libexporter-tiny-perl/autodep8-perl-recommends-stderr
autopkgtest-virt-qemu: DBG: executing copyup /tmp/autopkgtest.Et4Zuu/autodep8-perl-recommends-stderr /home/minami/Documents/openkylin-riscv/test/libexporter-tiny-perl/autodep8-perl-recommends-stderr
autopkgtest-virt-qemu: DBG: ['cmdls', "(['/tmp/autopkgtest-qemu.13gsyvk0/runcmd', 'sh', '-ec', 'cat </tmp/autopkgtest.Et4Zuu/autodep8-perl-recommends-stderr'], ['cat'])"]
autopkgtest-virt-qemu: DBG: ['srcstdin', "<_io.BufferedReader name='/dev/null'>", 'deststdout', "<_io.BufferedWriter name='/home/minami/Documents/openkylin-riscv/test/libexporter-tiny-perl/autodep8-perl-recommends-stderr'>", 'devnull_read', <_io.BufferedReader name='/dev/null'>]
autopkgtest-virt-qemu: DBG:  +< /tmp/autopkgtest-qemu.13gsyvk0/runcmd sh -ec cat </tmp/autopkgtest.Et4Zuu/autodep8-perl-recommends-stderr
autopkgtest-virt-qemu: DBG:  +> cat
autopkgtest-virt-qemu: DBG:  +>?
autopkgtest-virt-qemu: DBG:  +<?
autopkgtest: DBG: got reply from testbed: ok
autopkgtest [03:25:24]: test autodep8-perl-recommends:  - - - - - - - - - - results - - - - - - - - - -
autodep8-perl-recommends PASS (superficial)
autopkgtest: DBG: sending command to testbed: copyup /tmp/autopkgtest.Et4Zuu/autodep8-perl-recommends-artifacts/ /home/minami/Documents/openkylin-riscv/test/libexporter-tiny-perl/artifacts/
autopkgtest-virt-qemu: DBG: executing copyup /tmp/autopkgtest.Et4Zuu/autodep8-perl-recommends-artifacts/ /home/minami/Documents/openkylin-riscv/test/libexporter-tiny-perl/artifacts/
autopkgtest-virt-qemu: DBG: ['cmdls', "(['/tmp/autopkgtest-qemu.13gsyvk0/runcmd', 'sh', '-ec', 'cd /tmp/autopkgtest.Et4Zuu/autodep8-perl-recommends-artifacts/; tar --warning=none -c . -f -'], ['tar', '--directory', '/home/minami/Documents/openkylin-riscv/test/libexporter-tiny-perl/artifacts/', '--warning=none', '--preserve-permissions', '--extract', '--no-same-owner', '-f', '-'])"]
autopkgtest-virt-qemu: DBG: ['srcstdin', "<_io.BufferedReader name='/dev/null'>", 'deststdout', "<_io.BufferedReader name='/dev/null'>", 'devnull_read', <_io.BufferedReader name='/dev/null'>]
autopkgtest-virt-qemu: DBG:  +< /tmp/autopkgtest-qemu.13gsyvk0/runcmd sh -ec cd /tmp/autopkgtest.Et4Zuu/autodep8-perl-recommends-artifacts/; tar --warning=none -c . -f -
autopkgtest-virt-qemu: DBG:  +> tar --directory /home/minami/Documents/openkylin-riscv/test/libexporter-tiny-perl/artifacts/ --warning=none --preserve-permissions --extract --no-same-owner -f -
autopkgtest-virt-qemu: DBG:  +>?
autopkgtest-virt-qemu: DBG:  +<?
autopkgtest: DBG: got reply from testbed: ok
autopkgtest: DBG: testbed command ['rm', '-rf', '/tmp/autopkgtest.Et4Zuu/autodep8-perl-recommends-artifacts', '/tmp/autopkgtest.Et4Zuu/autopkgtest_tmp'], kind short, sout raw, serr pipe, env []
autopkgtest: DBG: testbed command exited with code 0
autopkgtest: DBG: needs_reset, previously=False, requested by run_tests() line 208
autopkgtest [03:25:25]: @@@@@@@@@@@@@@@@@@@@ summary
autodep8-perl-build-deps FAIL non-zero exit status 1
autodep8-perl        PASS (superficial)
autodep8-perl-recommends PASS (superficial)
autopkgtest: DBG: testbed stop
autopkgtest: DBG: testbed close, scratch=/tmp/autopkgtest.Et4Zuu
autopkgtest: DBG: sending command to testbed: close
autopkgtest-virt-qemu: DBG: executing close
autopkgtest-virt-qemu: DBG: cleanup...
qemu-system-riscv64: terminating on signal 15 from pid 3766592 (/usr/bin/python3)
autopkgtest: DBG: got reply from testbed: ok
autopkgtest: DBG: sending command to testbed: quit
autopkgtest-virt-qemu: DBG: executing quit
autopkgtest-virt-qemu: DBG: cleanup...
