-- The C compiler identification is GNU 9.3.0
-- The CXX compiler identification is GNU 9.3.0
-- Check for working C compiler: /usr/bin/cc
-- Check for working C compiler: /usr/bin/cc -- works
-- Detecting C compiler ABI info
-- Detecting C compiler ABI info - done
-- Detecting C compile features
-- Detecting C compile features - done
-- Check for working CXX compiler: /usr/bin/c++
-- Check for working CXX compiler: /usr/bin/c++ -- works
-- Detecting CXX compiler ABI info
-- Detecting CXX compiler ABI info - done
-- Detecting CXX compile features
-- Detecting CXX compile features - done
-- Setting tests build type to Release
-- Performing Test HAS_MARCH_NATIVE
-- Performing Test HAS_MARCH_NATIVE - Failed
-- Configuring done
-- Generating done
-- Build files have been written to: /tmp/autopkgtest.zr174W/build.htx/src/test/googletest-download
Scanning dependencies of target googletest
[ 11%] Creating directories for 'googletest'
[ 22%] Performing download step (DIR copy) for 'googletest'
[ 33%] No patch step for 'googletest'
[ 44%] No update step for 'googletest'
[ 55%] No configure step for 'googletest'
[ 66%] No build step for 'googletest'
[ 77%] No install step for 'googletest'
[ 88%] No test step for 'googletest'
[100%] Completed 'googletest'
[100%] Built target googletest
-- Found Python: /usr/bin/python3.8 (found version "3.8.2") found components: Interpreter 
-- Looking for pthread.h
-- Looking for pthread.h - found
-- Performing Test CMAKE_HAVE_LIBC_PTHREAD
-- Performing Test CMAKE_HAVE_LIBC_PTHREAD - Success
-- Found Threads: TRUE  
-- Configuring done
-- Generating done
-- Build files have been written to: /tmp/autopkgtest.zr174W/build.htx/src/test
Scanning dependencies of target gtest
[  1%] Building CXX object googletest-build/CMakeFiles/gtest.dir/src/gtest-all.cc.o
[  2%] Linking CXX static library ../lib/libgtest.a
[  2%] Built target gtest
Scanning dependencies of target gtest_main
[  4%] Building CXX object googletest-build/CMakeFiles/gtest_main.dir/src/gtest_main.cc.o
[  5%] Linking CXX static library ../lib/libgtest_main.a
[  5%] Built target gtest_main
Scanning dependencies of target test_xvisitor
[  7%] Building CXX object CMakeFiles/test_xvisitor.dir/test_xvisitor.cpp.o
[  8%] Linking CXX executable test_xvisitor
[  8%] Built target test_xvisitor
Scanning dependencies of target test_xsystem
[  9%] Building CXX object CMakeFiles/test_xsystem.dir/test_xsystem.cpp.o
[ 11%] Linking CXX executable test_xsystem
[ 11%] Built target test_xsystem
Scanning dependencies of target test_xproxy_wrapper
[ 12%] Building CXX object CMakeFiles/test_xproxy_wrapper.dir/test_xproxy_wrapper.cpp.o
[ 14%] Linking CXX executable test_xproxy_wrapper
[ 14%] Built target test_xproxy_wrapper
Scanning dependencies of target test_xtype_traits
[ 15%] Building CXX object CMakeFiles/test_xtype_traits.dir/test_xtype_traits.cpp.o
[ 16%] Linking CXX executable test_xtype_traits
[ 16%] Built target test_xtype_traits
Scanning dependencies of target test_xsequence
[ 18%] Building CXX object CMakeFiles/test_xsequence.dir/test_xsequence.cpp.o
[ 19%] Linking CXX executable test_xsequence
[ 19%] Built target test_xsequence
Scanning dependencies of target test_xoptional
[ 21%] Building CXX object CMakeFiles/test_xoptional.dir/test_xoptional.cpp.o
[ 22%] Linking CXX executable test_xoptional
[ 22%] Built target test_xoptional
Scanning dependencies of target test_xbase64
[ 23%] Building CXX object CMakeFiles/test_xbase64.dir/test_xbase64.cpp.o
[ 25%] Linking CXX executable test_xbase64
[ 25%] Built target test_xbase64
Scanning dependencies of target test_xmeta_utils
[ 26%] Building CXX object CMakeFiles/test_xmeta_utils.dir/test_xmeta_utils.cpp.o
[ 28%] Linking CXX executable test_xmeta_utils
[ 28%] Built target test_xmeta_utils
Scanning dependencies of target test_xplatform
[ 29%] Building CXX object CMakeFiles/test_xplatform.dir/test_xplatform.cpp.o
[ 30%] Linking CXX executable test_xplatform
[ 30%] Built target test_xplatform
Scanning dependencies of target test_xcomplex
[ 32%] Building CXX object CMakeFiles/test_xcomplex.dir/test_xcomplex.cpp.o
[ 33%] Linking CXX executable test_xcomplex
[ 33%] Built target test_xcomplex
Scanning dependencies of target test_xcomplex_sequence
[ 35%] Building CXX object CMakeFiles/test_xcomplex_sequence.dir/test_xcomplex_sequence.cpp.o
[ 36%] Linking CXX executable test_xcomplex_sequence
[ 36%] Built target test_xcomplex_sequence
Scanning dependencies of target test_xfunctional
[ 38%] Building CXX object CMakeFiles/test_xfunctional.dir/test_xfunctional.cpp.o
[ 39%] Linking CXX executable test_xfunctional
[ 39%] Built target test_xfunctional
Scanning dependencies of target test_xmultimethods
[ 40%] Building CXX object CMakeFiles/test_xmultimethods.dir/test_xmultimethods.cpp.o
[ 42%] Linking CXX executable test_xmultimethods
[ 42%] Built target test_xmultimethods
Scanning dependencies of target test_xclosure
[ 43%] Building CXX object CMakeFiles/test_xclosure.dir/test_xclosure.cpp.o
[ 45%] Linking CXX executable test_xclosure
[ 45%] Built target test_xclosure
Scanning dependencies of target test_xdynamic_bitset
[ 46%] Building CXX object CMakeFiles/test_xdynamic_bitset.dir/test_xdynamic_bitset.cpp.o
[ 47%] Linking CXX executable test_xdynamic_bitset
[ 47%] Built target test_xdynamic_bitset
Scanning dependencies of target test_xbasic_fixed_string
[ 49%] Building CXX object CMakeFiles/test_xbasic_fixed_string.dir/test_xbasic_fixed_string.cpp.o
[ 50%] Linking CXX executable test_xbasic_fixed_string
[ 50%] Built target test_xbasic_fixed_string
Scanning dependencies of target test_xiterator_base
[ 52%] Building CXX object CMakeFiles/test_xiterator_base.dir/test_xiterator_base.cpp.o
[ 53%] Linking CXX executable test_xiterator_base
[ 53%] Built target test_xiterator_base
Scanning dependencies of target test_xhalf_float
[ 54%] Building CXX object CMakeFiles/test_xhalf_float.dir/test_xhalf_float.cpp.o
[ 56%] Linking CXX executable test_xhalf_float
[ 56%] Built target test_xhalf_float
Scanning dependencies of target test_xtl
[ 57%] Building CXX object CMakeFiles/test_xtl.dir/test_xbase64.cpp.o
[ 59%] Building CXX object CMakeFiles/test_xtl.dir/test_xbasic_fixed_string.cpp.o
[ 60%] Building CXX object CMakeFiles/test_xtl.dir/test_xcomplex.cpp.o
[ 61%] Building CXX object CMakeFiles/test_xtl.dir/test_xcomplex_sequence.cpp.o
[ 63%] Building CXX object CMakeFiles/test_xtl.dir/test_xclosure.cpp.o
[ 64%] Building CXX object CMakeFiles/test_xtl.dir/test_xdynamic_bitset.cpp.o
[ 66%] Building CXX object CMakeFiles/test_xtl.dir/test_xfunctional.cpp.o
[ 67%] Building CXX object CMakeFiles/test_xtl.dir/test_xhalf_float.cpp.o
[ 69%] Building CXX object CMakeFiles/test_xtl.dir/test_xhash.cpp.o
[ 70%] Building CXX object CMakeFiles/test_xtl.dir/test_xhierarchy_generator.cpp.o
[ 71%] Building CXX object CMakeFiles/test_xtl.dir/test_xiterator_base.cpp.o
[ 73%] Building CXX object CMakeFiles/test_xtl.dir/test_xmasked_value.cpp.o
[ 74%] Building CXX object CMakeFiles/test_xtl.dir/test_xmeta_utils.cpp.o
[ 76%] Building CXX object CMakeFiles/test_xtl.dir/test_xmultimethods.cpp.o
[ 77%] Building CXX object CMakeFiles/test_xtl.dir/test_xoptional.cpp.o
[ 78%] Building CXX object CMakeFiles/test_xtl.dir/test_xsequence.cpp.o
[ 80%] Building CXX object CMakeFiles/test_xtl.dir/test_xtype_traits.cpp.o
[ 81%] Building CXX object CMakeFiles/test_xtl.dir/test_xplatform.cpp.o
[ 83%] Building CXX object CMakeFiles/test_xtl.dir/test_xproxy_wrapper.cpp.o
[ 84%] Building CXX object CMakeFiles/test_xtl.dir/test_xsystem.cpp.o
[ 85%] Building CXX object CMakeFiles/test_xtl.dir/test_xvariant.cpp.o
[ 87%] Building CXX object CMakeFiles/test_xtl.dir/test_xvisitor.cpp.o
[ 88%] Linking CXX executable test_xtl
[ 88%] Built target test_xtl
Scanning dependencies of target test_xvariant
[ 90%] Building CXX object CMakeFiles/test_xvariant.dir/test_xvariant.cpp.o
[ 91%] Linking CXX executable test_xvariant
[ 91%] Built target test_xvariant
Scanning dependencies of target test_xhash
[ 92%] Building CXX object CMakeFiles/test_xhash.dir/test_xhash.cpp.o
[ 94%] Linking CXX executable test_xhash
[ 94%] Built target test_xhash
Scanning dependencies of target test_xhierarchy_generator
[ 95%] Building CXX object CMakeFiles/test_xhierarchy_generator.dir/test_xhierarchy_generator.cpp.o
[ 97%] Linking CXX executable test_xhierarchy_generator
[ 97%] Built target test_xhierarchy_generator
Scanning dependencies of target test_xmasked_value
[ 98%] Building CXX object CMakeFiles/test_xmasked_value.dir/test_xmasked_value.cpp.o
[100%] Linking CXX executable test_xmasked_value
[100%] Built target test_xmasked_value
Running tests...
Test project /tmp/autopkgtest.zr174W/build.htx/src/test
      Start  1: test_xbase64
 1/23 Test  #1: test_xbase64 .....................   Passed    0.06 sec
      Start  2: test_xbasic_fixed_string
 2/23 Test  #2: test_xbasic_fixed_string .........   Passed    0.10 sec
      Start  3: test_xcomplex
 3/23 Test  #3: test_xcomplex ....................   Passed    0.07 sec
      Start  4: test_xcomplex_sequence
 4/23 Test  #4: test_xcomplex_sequence ...........   Passed    0.06 sec
      Start  5: test_xclosure
 5/23 Test  #5: test_xclosure ....................   Passed    0.06 sec
      Start  6: test_xdynamic_bitset
 6/23 Test  #6: test_xdynamic_bitset .............   Passed    0.08 sec
      Start  7: test_xfunctional
 7/23 Test  #7: test_xfunctional .................   Passed    0.06 sec
      Start  8: test_xhalf_float
 8/23 Test  #8: test_xhalf_float .................   Passed    0.06 sec
      Start  9: test_xhash
 9/23 Test  #9: test_xhash .......................   Passed   39.17 sec
      Start 10: test_xhierarchy_generator
10/23 Test #10: test_xhierarchy_generator ........   Passed    0.07 sec
      Start 11: test_xiterator_base
11/23 Test #11: test_xiterator_base ..............   Passed    0.06 sec
      Start 12: test_xmasked_value
12/23 Test #12: test_xmasked_value ...............   Passed    0.07 sec
      Start 13: test_xmeta_utils
13/23 Test #13: test_xmeta_utils .................   Passed    0.07 sec
      Start 14: test_xmultimethods
14/23 Test #14: test_xmultimethods ...............   Passed    0.07 sec
      Start 15: test_xoptional
15/23 Test #15: test_xoptional ...................   Passed    0.06 sec
      Start 16: test_xsequence
16/23 Test #16: test_xsequence ...................   Passed    0.06 sec
      Start 17: test_xtype_traits
17/23 Test #17: test_xtype_traits ................   Passed    0.06 sec
      Start 18: test_xplatform
18/23 Test #18: test_xplatform ...................   Passed    0.05 sec
      Start 19: test_xproxy_wrapper
19/23 Test #19: test_xproxy_wrapper ..............   Passed    0.07 sec
      Start 20: test_xsystem
20/23 Test #20: test_xsystem .....................   Passed    0.06 sec
      Start 21: test_xvariant
21/23 Test #21: test_xvariant ....................   Passed    0.07 sec
      Start 22: test_xvisitor
22/23 Test #22: test_xvisitor ....................   Passed    0.06 sec
      Start 23: xtest
23/23 Test #23: xtest ............................   Passed   53.96 sec

100% tests passed, 0 tests failed out of 23

Total Test time (real) =  94.70 sec
