autopkgtest: DBG: testbed init
autopkgtest [12:51:08]: starting date and time: 2023-02-28 12:51:08+0800
autopkgtest [12:51:08]: version 5.28
autopkgtest [12:51:08]: host debian; command line: /usr/bin/autopkgtest /home/minami/Documents/openkylin-riscv/src/xtl_0.7.2-ok1.dsc -o /home/minami/Documents/openkylin-riscv/test/xtl -d -B -- qemu -u root -p openkylin --qemu-architecture=riscv64 -c 8 --ram-size=8192 -d '--qemu-options=-machine virt -kernel /home/minami/Documents/ukylin/u-boot.bin' /home/minami/Documents/openkylin-riscv/t.qcow2
autopkgtest: DBG: got reply from testbed: ok
autopkgtest: DBG: testbed open, scratch=None
autopkgtest: DBG: sending command to testbed: open
autopkgtest-virt-qemu: DBG: executing open
autopkgtest-virt-qemu: DBG: find_free_port: trying 10022
autopkgtest-virt-qemu: DBG: find_free_port: 10022 is free
autopkgtest-virt-qemu: DBG: autopkgtest does not know how to boot this machine, hopefully nothing special needs to be done?
autopkgtest-virt-qemu: DBG: qemu architecture: riscv64
autopkgtest-virt-qemu: DBG: qemu command: qemu-system-riscv64
autopkgtest-virt-qemu: DBG: execute-timeout: qemu-img info --output=json /home/minami/Documents/openkylin-riscv/t.qcow2
autopkgtest-virt-qemu: DBG: Creating temporary overlay image in /tmp/autopkgtest-qemu.acy7y7ka/overlay.img
autopkgtest-virt-qemu: DBG: execute-timeout: qemu-img create -f qcow2 -F qcow2 -b /home/minami/Documents/openkylin-riscv/t.qcow2 /tmp/autopkgtest-qemu.acy7y7ka/overlay.img
autopkgtest-virt-qemu: DBG: Forwarding local port 10022 to VM ssh port 22
autopkgtest-virt-qemu: DBG: Assuming nothing special needs to be done to set up firmware to boot this machine (boot method: none)
autopkgtest-virt-qemu: DBG: full qemu command-line: ['qemu-system-riscv64', '-m', '8192', '-smp', '8', '-nographic', '-object', 'rng-random,filename=/dev/urandom,id=rng0', '-device', 'virtio-rng-pci,rng=rng0,id=rng-device0', '-monitor', 'unix:/tmp/autopkgtest-qemu.acy7y7ka/monitor,server=on,wait=off', '-virtfs', 'local,id=autopkgtest,path=/tmp/autopkgtest-qemu.acy7y7ka/shared,security_model=none,mount_tag=autopkgtest', '-device', 'virtio-net-device,netdev=usernet', '-netdev', 'user,id=usernet,hostfwd=tcp:127.0.0.1:10022-:22', '-device', 'virtio-serial', '-chardev', 'socket,path=/tmp/autopkgtest-qemu.acy7y7ka/hvc0,server=on,wait=off,id=hvc0', '-device', 'virtconsole,chardev=hvc0', '-chardev', 'socket,path=/tmp/autopkgtest-qemu.acy7y7ka/hvc1,server=on,wait=off,id=hvc1', '-device', 'virtconsole,chardev=hvc1', '-serial', 'unix:/tmp/autopkgtest-qemu.acy7y7ka/ttyS0,server=on,wait=off', '-drive', 'index=0,file=/tmp/autopkgtest-qemu.acy7y7ka/overlay.img,format=qcow2,cache=unsafe,if=virtio,discard=unmap', '-machine', 'virt', '-kernel', '/home/minami/Documents/ukylin/u-boot.bin']
autopkgtest-virt-qemu: DBG: expect: b' login: '
autopkgtest-virt-qemu: DBG: expect: found "'login prompt on serial console'"
autopkgtest-virt-qemu: DBG: expect: b'ok'
autopkgtest-virt-qemu: DBG: expect: found "b'ok'"
autopkgtest-virt-qemu: DBG: setup_shell(): there already is a shell on hvc1
qemu-system-riscv64: warning: 9p: degraded performance: a reasonable high msize should be chosen on client/guest side (chosen msize is <= 8192). See https://wiki.qemu.org/Documentation/9psetup#msize for details.
autopkgtest-virt-qemu: DBG: expect: b'16385f0c-c1f1-4441-acea-a2ad1fe98db8[1]'
autopkgtest-virt-qemu: DBG: expect: found "b'16385f0c-c1f1-4441-acea-a2ad1fe98db8[1]'"
autopkgtest-virt-qemu: DBG: expect: b'16385f0c-c1f1-4441-acea-a2ad1fe98db8[2]'
autopkgtest-virt-qemu: DBG: expect: found "b'16385f0c-c1f1-4441-acea-a2ad1fe98db8[2]'"
autopkgtest-virt-qemu: DBG: expect: b'16385f0c-c1f1-4441-acea-a2ad1fe98db8[3]'
autopkgtest-virt-qemu: DBG: expect: found "b'16385f0c-c1f1-4441-acea-a2ad1fe98db8[3]'"
autopkgtest-virt-qemu: DBG: expect: b'/python'
autopkgtest-virt-qemu: DBG: expect: found "b'/python'"
autopkgtest-virt-qemu: DBG: expect: b'# '
autopkgtest-virt-qemu: DBG: expect: found "b'# '"
autopkgtest-virt-qemu: DBG: expect: b'16385f0c-c1f1-4441-acea-a2ad1fe98db8[4]'
autopkgtest-virt-qemu: DBG: expect: found "b'16385f0c-c1f1-4441-acea-a2ad1fe98db8[4]'"
autopkgtest-virt-qemu: DBG: execute-timeout: /tmp/autopkgtest-qemu.acy7y7ka/runcmd true
autopkgtest-virt-qemu: DBG: can connect to autopkgtest sh in VM
autopkgtest-virt-qemu: DBG: expect: b'16385f0c-c1f1-4441-acea-a2ad1fe98db8[5]'
autopkgtest-virt-qemu: DBG: expect: found "b'16385f0c-c1f1-4441-acea-a2ad1fe98db8[5]'"
autopkgtest-virt-qemu: DBG: determine_normal_user: got user "openkylin"
autopkgtest-virt-qemu: DBG: auxverb = ['/tmp/autopkgtest-qemu.acy7y7ka/runcmd'], downtmp = None
autopkgtest-virt-qemu: DBG: execute-timeout: /tmp/autopkgtest-qemu.acy7y7ka/runcmd mktemp --directory --tmpdir autopkgtest.XXXXXX
autopkgtest-virt-qemu: DBG: execute-timeout: /tmp/autopkgtest-qemu.acy7y7ka/runcmd chmod 1777 /tmp/autopkgtest.zr174W
autopkgtest: DBG: got reply from testbed: ok /tmp/autopkgtest.zr174W
autopkgtest: DBG: sending command to testbed: print-execute-command
autopkgtest-virt-qemu: DBG: executing print-execute-command
autopkgtest: DBG: got reply from testbed: ok /tmp/autopkgtest-qemu.acy7y7ka/runcmd
autopkgtest: DBG: sending command to testbed: capabilities
autopkgtest-virt-qemu: DBG: executing capabilities
autopkgtest: DBG: got reply from testbed: ok isolation-machine reboot revert revert-full-system root-on-testbed suggested-normal-user=openkylin
autopkgtest: DBG: testbed capabilities: ['isolation-machine', 'reboot', 'revert', 'revert-full-system', 'root-on-testbed', 'suggested-normal-user=openkylin', 'has_internet']
autopkgtest: DBG: testbed command ['mkdir', '-p', '/tmp/autopkgtest.zr174W'], kind short, sout raw, serr pipe, env []
autopkgtest: DBG: testbed command exited with code 0
autopkgtest: DBG: sending command to testbed: copydown /usr/share/autopkgtest/lib/in-testbed/wrapper.sh /tmp/autopkgtest.zr174W/wrapper.sh
autopkgtest-virt-qemu: DBG: executing copydown /usr/share/autopkgtest/lib/in-testbed/wrapper.sh /tmp/autopkgtest.zr174W/wrapper.sh
autopkgtest-virt-qemu: DBG: ['cmdls', "(['cat'], ['/tmp/autopkgtest-qemu.acy7y7ka/runcmd', 'sh', '-ec', 'cat >/tmp/autopkgtest.zr174W/wrapper.sh; chmod +x -- /tmp/autopkgtest.zr174W/wrapper.sh'])"]
autopkgtest-virt-qemu: DBG: ['srcstdin', "<_io.BufferedReader name='/usr/share/autopkgtest/lib/in-testbed/wrapper.sh'>", 'deststdout', "<_io.BufferedReader name='/dev/null'>", 'devnull_read', <_io.BufferedReader name='/dev/null'>]
autopkgtest-virt-qemu: DBG:  +< cat
autopkgtest-virt-qemu: DBG:  +> /tmp/autopkgtest-qemu.acy7y7ka/runcmd sh -ec cat >/tmp/autopkgtest.zr174W/wrapper.sh; chmod +x -- /tmp/autopkgtest.zr174W/wrapper.sh
autopkgtest-virt-qemu: DBG:  +>?
autopkgtest-virt-qemu: DBG:  +<?
autopkgtest: DBG: got reply from testbed: ok
autopkgtest: DBG: testbed command ['chmod', '-R', '0755', '--', '/tmp/autopkgtest.zr174W/wrapper.sh'], kind short, sout raw, serr pipe, env []
autopkgtest: DBG: testbed command exited with code 0
autopkgtest: DBG: testbed command ['dpkg', '--print-architecture'], kind short, sout pipe, serr pipe, env []
autopkgtest: DBG: testbed command exited with code 0
autopkgtest [12:51:53]: testbed dpkg architecture: riscv64
autopkgtest: DBG: testbed command ['sh', '-ec', 'command -v eatmydata'], kind short, sout pipe, serr pipe, env []
autopkgtest: DBG: testbed command exited with code 127
autopkgtest: DBG: testbed command ['sh', '-ec', 'command -v dpkg-query'], kind short, sout pipe, serr pipe, env []
autopkgtest: DBG: testbed command exited with code 0
autopkgtest: DBG: testbed command ['sh', '-ec', "dpkg-query --show -f '${Package}\\t${Version}\\n' > /tmp/autopkgtest.zr174W/testbed-packages"], kind short, sout raw, serr pipe, env []
autopkgtest: DBG: testbed command exited with code 0
autopkgtest: DBG: sending command to testbed: copyup /tmp/autopkgtest.zr174W/testbed-packages /home/minami/Documents/openkylin-riscv/test/xtl/testbed-packages
autopkgtest-virt-qemu: DBG: executing copyup /tmp/autopkgtest.zr174W/testbed-packages /home/minami/Documents/openkylin-riscv/test/xtl/testbed-packages
autopkgtest-virt-qemu: DBG: ['cmdls', "(['/tmp/autopkgtest-qemu.acy7y7ka/runcmd', 'sh', '-ec', 'cat </tmp/autopkgtest.zr174W/testbed-packages'], ['cat'])"]
autopkgtest-virt-qemu: DBG: ['srcstdin', "<_io.BufferedReader name='/dev/null'>", 'deststdout', "<_io.BufferedWriter name='/home/minami/Documents/openkylin-riscv/test/xtl/testbed-packages'>", 'devnull_read', <_io.BufferedReader name='/dev/null'>]
autopkgtest-virt-qemu: DBG:  +< /tmp/autopkgtest-qemu.acy7y7ka/runcmd sh -ec cat </tmp/autopkgtest.zr174W/testbed-packages
autopkgtest-virt-qemu: DBG:  +> cat
autopkgtest-virt-qemu: DBG:  +>?
autopkgtest-virt-qemu: DBG:  +<?
autopkgtest: DBG: got reply from testbed: ok
autopkgtest: DBG: testbed supports reboot, creating /tmp/autopkgtest-reboot
autopkgtest: DBG: testbed command ['mkdir', '-p', '/tmp/autopkgtest.zr174W'], kind short, sout raw, serr pipe, env []
autopkgtest: DBG: testbed command exited with code 0
autopkgtest: DBG: sending command to testbed: copydown /usr/share/autopkgtest/lib/in-testbed/reboot.sh /tmp/autopkgtest.zr174W/autopkgtest-reboot
autopkgtest-virt-qemu: DBG: executing copydown /usr/share/autopkgtest/lib/in-testbed/reboot.sh /tmp/autopkgtest.zr174W/autopkgtest-reboot
autopkgtest-virt-qemu: DBG: ['cmdls', "(['cat'], ['/tmp/autopkgtest-qemu.acy7y7ka/runcmd', 'sh', '-ec', 'cat >/tmp/autopkgtest.zr174W/autopkgtest-reboot; chmod +x -- /tmp/autopkgtest.zr174W/autopkgtest-reboot'])"]
autopkgtest-virt-qemu: DBG: ['srcstdin', "<_io.BufferedReader name='/usr/share/autopkgtest/lib/in-testbed/reboot.sh'>", 'deststdout', "<_io.BufferedReader name='/dev/null'>", 'devnull_read', <_io.BufferedReader name='/dev/null'>]
autopkgtest-virt-qemu: DBG:  +< cat
autopkgtest-virt-qemu: DBG:  +> /tmp/autopkgtest-qemu.acy7y7ka/runcmd sh -ec cat >/tmp/autopkgtest.zr174W/autopkgtest-reboot; chmod +x -- /tmp/autopkgtest.zr174W/autopkgtest-reboot
autopkgtest-virt-qemu: DBG:  +>?
autopkgtest-virt-qemu: DBG:  +<?
autopkgtest: DBG: got reply from testbed: ok
autopkgtest: DBG: testbed command ['chmod', '-R', '0755', '--', '/tmp/autopkgtest.zr174W/autopkgtest-reboot'], kind short, sout raw, serr pipe, env []
autopkgtest: DBG: testbed command exited with code 0
autopkgtest: DBG: testbed command ['ln', '-fns', '/tmp/autopkgtest.zr174W/autopkgtest-reboot', '/tmp/autopkgtest-reboot'], kind short, sout raw, serr pipe, env []
autopkgtest: DBG: testbed command exited with code 0
autopkgtest: DBG: testbed command ['ln', '-fns', '/tmp/autopkgtest.zr174W/autopkgtest-reboot', '/sbin/autopkgtest-reboot'], kind short, sout raw, serr pipe, env []
autopkgtest: DBG: testbed command exited with code 0
autopkgtest: DBG: testbed command ['mkdir', '-p', '/tmp/autopkgtest.zr174W'], kind short, sout raw, serr pipe, env []
autopkgtest: DBG: testbed command exited with code 0
autopkgtest: DBG: sending command to testbed: copydown /usr/share/autopkgtest/lib/in-testbed/reboot-prepare.sh /tmp/autopkgtest.zr174W/autopkgtest-reboot-prepare
autopkgtest-virt-qemu: DBG: executing copydown /usr/share/autopkgtest/lib/in-testbed/reboot-prepare.sh /tmp/autopkgtest.zr174W/autopkgtest-reboot-prepare
autopkgtest-virt-qemu: DBG: ['cmdls', "(['cat'], ['/tmp/autopkgtest-qemu.acy7y7ka/runcmd', 'sh', '-ec', 'cat >/tmp/autopkgtest.zr174W/autopkgtest-reboot-prepare; chmod +x -- /tmp/autopkgtest.zr174W/autopkgtest-reboot-prepare'])"]
autopkgtest-virt-qemu: DBG: ['srcstdin', "<_io.BufferedReader name='/usr/share/autopkgtest/lib/in-testbed/reboot-prepare.sh'>", 'deststdout', "<_io.BufferedReader name='/dev/null'>", 'devnull_read', <_io.BufferedReader name='/dev/null'>]
autopkgtest-virt-qemu: DBG:  +< cat
autopkgtest-virt-qemu: DBG:  +> /tmp/autopkgtest-qemu.acy7y7ka/runcmd sh -ec cat >/tmp/autopkgtest.zr174W/autopkgtest-reboot-prepare; chmod +x -- /tmp/autopkgtest.zr174W/autopkgtest-reboot-prepare
autopkgtest-virt-qemu: DBG:  +>?
autopkgtest-virt-qemu: DBG:  +<?
autopkgtest: DBG: got reply from testbed: ok
autopkgtest: DBG: testbed command ['chmod', '-R', '0755', '--', '/tmp/autopkgtest.zr174W/autopkgtest-reboot-prepare'], kind short, sout raw, serr pipe, env []
autopkgtest: DBG: testbed command exited with code 0
autopkgtest: DBG: testbed command ['ln', '-fns', '/tmp/autopkgtest.zr174W/autopkgtest-reboot-prepare', '/tmp/autopkgtest-reboot-prepare'], kind short, sout raw, serr pipe, env []
autopkgtest: DBG: testbed command exited with code 0
autopkgtest: DBG: testbed command ['uname', '-srv'], kind short, sout pipe, serr pipe, env []
autopkgtest: DBG: testbed command exited with code 0
autopkgtest [12:52:00]: testbed running kernel: Linux 5.11.0-1030-generic #34 SMP Fri Mar 11 15:27:17 CST 2022
autopkgtest: DBG: testbed command ['sh', '-c', 'nproc; cat /proc/cpuinfo 2>/dev/null || true'], kind short, sout pipe, serr pipe, env []
autopkgtest: DBG: testbed command exited with code 0
autopkgtest: DBG: Binaries: initialising
autopkgtest [12:52:00]: @@@@@@@@@@@@@@@@@@@@ source /home/minami/Documents/openkylin-riscv/src/xtl_0.7.2-ok1.dsc
autopkgtest: DBG: blame += /home/minami/Documents/openkylin-riscv/src/xtl_0.7.2-ok1.dsc
autopkgtest: DBG: testbed reset: modified=False, deps_installed=[], deps_new=[]
autopkgtest: DBG: testbed command ['mkdir', '-p', '/tmp/autopkgtest.zr174W'], kind short, sout raw, serr pipe, env []
autopkgtest: DBG: testbed command exited with code 0
autopkgtest: DBG: sending command to testbed: copydown /home/minami/Documents/openkylin-riscv/src/xtl_0.7.2-ok1.dsc /tmp/autopkgtest.zr174W/xtl_0.7.2-ok1.dsc
autopkgtest-virt-qemu: DBG: executing copydown /home/minami/Documents/openkylin-riscv/src/xtl_0.7.2-ok1.dsc /tmp/autopkgtest.zr174W/xtl_0.7.2-ok1.dsc
autopkgtest-virt-qemu: DBG: ['cmdls', "(['cat'], ['/tmp/autopkgtest-qemu.acy7y7ka/runcmd', 'sh', '-ec', 'cat >/tmp/autopkgtest.zr174W/xtl_0.7.2-ok1.dsc'])"]
autopkgtest-virt-qemu: DBG: ['srcstdin', "<_io.BufferedReader name='/home/minami/Documents/openkylin-riscv/src/xtl_0.7.2-ok1.dsc'>", 'deststdout', "<_io.BufferedReader name='/dev/null'>", 'devnull_read', <_io.BufferedReader name='/dev/null'>]
autopkgtest-virt-qemu: DBG:  +< cat
autopkgtest-virt-qemu: DBG:  +> /tmp/autopkgtest-qemu.acy7y7ka/runcmd sh -ec cat >/tmp/autopkgtest.zr174W/xtl_0.7.2-ok1.dsc
autopkgtest-virt-qemu: DBG:  +>?
autopkgtest-virt-qemu: DBG:  +<?
autopkgtest: DBG: got reply from testbed: ok
autopkgtest: DBG: testbed command ['chown', '-R', 'openkylin', '--', '/tmp/autopkgtest.zr174W/xtl_0.7.2-ok1.dsc'], kind short, sout raw, serr pipe, env []
autopkgtest: DBG: testbed command exited with code 0
autopkgtest: DBG: testbed command ['mkdir', '-p', '/tmp/autopkgtest.zr174W'], kind short, sout raw, serr pipe, env []
autopkgtest: DBG: testbed command exited with code 0
autopkgtest: DBG: sending command to testbed: copydown /home/minami/Documents/openkylin-riscv/src/xtl_0.7.2.orig.tar.gz /tmp/autopkgtest.zr174W/xtl_0.7.2.orig.tar.gz
autopkgtest-virt-qemu: DBG: executing copydown /home/minami/Documents/openkylin-riscv/src/xtl_0.7.2.orig.tar.gz /tmp/autopkgtest.zr174W/xtl_0.7.2.orig.tar.gz
autopkgtest-virt-qemu: DBG: ['cmdls', "(['cat'], ['/tmp/autopkgtest-qemu.acy7y7ka/runcmd', 'sh', '-ec', 'cat >/tmp/autopkgtest.zr174W/xtl_0.7.2.orig.tar.gz'])"]
autopkgtest-virt-qemu: DBG: ['srcstdin', "<_io.BufferedReader name='/home/minami/Documents/openkylin-riscv/src/xtl_0.7.2.orig.tar.gz'>", 'deststdout', "<_io.BufferedReader name='/dev/null'>", 'devnull_read', <_io.BufferedReader name='/dev/null'>]
autopkgtest-virt-qemu: DBG:  +< cat
autopkgtest-virt-qemu: DBG:  +> /tmp/autopkgtest-qemu.acy7y7ka/runcmd sh -ec cat >/tmp/autopkgtest.zr174W/xtl_0.7.2.orig.tar.gz
autopkgtest-virt-qemu: DBG:  +>?
autopkgtest-virt-qemu: DBG:  +<?
autopkgtest: DBG: got reply from testbed: ok
autopkgtest: DBG: testbed command ['chown', '-R', 'openkylin', '--', '/tmp/autopkgtest.zr174W/xtl_0.7.2.orig.tar.gz'], kind short, sout raw, serr pipe, env []
autopkgtest: DBG: testbed command exited with code 0
autopkgtest: DBG: testbed command ['mkdir', '-p', '/tmp/autopkgtest.zr174W'], kind short, sout raw, serr pipe, env []
autopkgtest: DBG: testbed command exited with code 0
autopkgtest: DBG: sending command to testbed: copydown /home/minami/Documents/openkylin-riscv/src/xtl_0.7.2-ok1.debian.tar.xz /tmp/autopkgtest.zr174W/xtl_0.7.2-ok1.debian.tar.xz
autopkgtest-virt-qemu: DBG: executing copydown /home/minami/Documents/openkylin-riscv/src/xtl_0.7.2-ok1.debian.tar.xz /tmp/autopkgtest.zr174W/xtl_0.7.2-ok1.debian.tar.xz
autopkgtest-virt-qemu: DBG: ['cmdls', "(['cat'], ['/tmp/autopkgtest-qemu.acy7y7ka/runcmd', 'sh', '-ec', 'cat >/tmp/autopkgtest.zr174W/xtl_0.7.2-ok1.debian.tar.xz'])"]
autopkgtest-virt-qemu: DBG: ['srcstdin', "<_io.BufferedReader name='/home/minami/Documents/openkylin-riscv/src/xtl_0.7.2-ok1.debian.tar.xz'>", 'deststdout', "<_io.BufferedReader name='/dev/null'>", 'devnull_read', <_io.BufferedReader name='/dev/null'>]
autopkgtest-virt-qemu: DBG:  +< cat
autopkgtest-virt-qemu: DBG:  +> /tmp/autopkgtest-qemu.acy7y7ka/runcmd sh -ec cat >/tmp/autopkgtest.zr174W/xtl_0.7.2-ok1.debian.tar.xz
autopkgtest-virt-qemu: DBG:  +>?
autopkgtest-virt-qemu: DBG:  +<?
autopkgtest: DBG: got reply from testbed: ok
autopkgtest: DBG: testbed command ['chown', '-R', 'openkylin', '--', '/tmp/autopkgtest.zr174W/xtl_0.7.2-ok1.debian.tar.xz'], kind short, sout raw, serr pipe, env []
autopkgtest: DBG: testbed command exited with code 0
autopkgtest: DBG: install_deps: deps_new=[]
autopkgtest: DBG: testbed command ['sh', '-ec', 'command -v dpkg-source'], kind short, sout pipe, serr pipe, env []
autopkgtest: DBG: testbed command exited with code 0
autopkgtest: DBG: testbed command ['sh', '-ec', 'su --shell=/bin/sh openkylin -c \'set -e; exec 3>&1 >&2; set -x; cd /; builddir=$(mktemp -d /tmp/autopkgtest.zr174W/build.XXX); cd $builddir; dpkg-source -x "/tmp/autopkgtest.zr174W/xtl_0.7.2-ok1.dsc" src; chmod -R a+rX .; cd [a-z0-9]*/.; pwd >&3; sed -n "1 {s/).*//; s/ (/\\n/; p}" debian/changelog >&3\''], kind build, sout pipe, serr raw, env []
+ cd /
+ mktemp -d /tmp/autopkgtest.zr174W/build.XXX
+ builddir=/tmp/autopkgtest.zr174W/build.htx
+ cd /tmp/autopkgtest.zr174W/build.htx
+ dpkg-source -x /tmp/autopkgtest.zr174W/xtl_0.7.2-ok1.dsc src
gpgv: unknown type of key resource 'trustedkeys.kbx'
gpgv: keyblock resource '/tmp/dpkg-verify-sig.Pu0SqZGc/trustedkeys.kbx': General error
gpgv: Signature made Mon 30 Jan 2023 01:02:05 PM UTC
gpgv:                using RSA key 64FBB79F5EAE64D792E94CFE0716F00F842CD274
gpgv: Can't check signature: No public key
dpkg-source: warning: cannot verify signature /tmp/autopkgtest.zr174W/xtl_0.7.2-ok1.dsc
dpkg-source: info: extracting xtl in src
dpkg-source: info: unpacking xtl_0.7.2.orig.tar.gz
dpkg-source: info: unpacking xtl_0.7.2-ok1.debian.tar.xz
dpkg-source: info: using patch list from debian/patches/series
dpkg-source: info: applying i386.patch
+ chmod -R a+rX .
+ cd src/.
+ pwd
+ sed -n 1 {s/).*//; s/ (/\n/; p} debian/changelog
autopkgtest: DBG: testbed command exited with code 0
autopkgtest [12:52:10]: testing package xtl version 0.7.2-ok1
autopkgtest: DBG: sending command to testbed: copyup /tmp/autopkgtest.zr174W/build.htx/src/debian/ /home/minami/Documents/openkylin-riscv/test/xtl/pkg/debian/
autopkgtest-virt-qemu: DBG: executing copyup /tmp/autopkgtest.zr174W/build.htx/src/debian/ /home/minami/Documents/openkylin-riscv/test/xtl/pkg/debian/
autopkgtest-virt-qemu: DBG: ['cmdls', "(['/tmp/autopkgtest-qemu.acy7y7ka/runcmd', 'sh', '-ec', 'cd /tmp/autopkgtest.zr174W/build.htx/src/debian/; tar --warning=none -c . -f -'], ['tar', '--directory', '/home/minami/Documents/openkylin-riscv/test/xtl/pkg/debian/', '--warning=none', '--preserve-permissions', '--extract', '--no-same-owner', '-f', '-'])"]
autopkgtest-virt-qemu: DBG: ['srcstdin', "<_io.BufferedReader name='/dev/null'>", 'deststdout', "<_io.BufferedReader name='/dev/null'>", 'devnull_read', <_io.BufferedReader name='/dev/null'>]
autopkgtest-virt-qemu: DBG:  +< /tmp/autopkgtest-qemu.acy7y7ka/runcmd sh -ec cd /tmp/autopkgtest.zr174W/build.htx/src/debian/; tar --warning=none -c . -f -
autopkgtest-virt-qemu: DBG:  +> tar --directory /home/minami/Documents/openkylin-riscv/test/xtl/pkg/debian/ --warning=none --preserve-permissions --extract --no-same-owner -f -
autopkgtest-virt-qemu: DBG:  +>?
autopkgtest-virt-qemu: DBG:  +<?
autopkgtest: DBG: got reply from testbed: ok
autopkgtest: DBG: processing dependency xtl-dev
autopkgtest: DBG: marked alternatives ['xtl-dev'] as a synthesised dependency
autopkgtest: DBG: processing dependency cmake
autopkgtest: DBG: processing dependency libgtest-dev
autopkgtest: DBG: processing dependency g++
autopkgtest: DBG: Test defined: name command1 path None command "cd test && cmake -DGTEST_SRC_DIR=/usr/src/gtest . && make && make test" restrictions ['allow-stderr'] features [] depends ['xtl-dev', 'cmake', 'libgtest-dev', 'g++'] 
autopkgtest [12:52:10]: build not needed
autopkgtest: DBG: sending command to testbed: copyup /tmp/autopkgtest.zr174W/build.htx/src/ /home/minami/Documents/openkylin-riscv/test/xtl/tests-tree/
autopkgtest-virt-qemu: DBG: executing copyup /tmp/autopkgtest.zr174W/build.htx/src/ /home/minami/Documents/openkylin-riscv/test/xtl/tests-tree/
autopkgtest-virt-qemu: DBG: ['cmdls', "(['/tmp/autopkgtest-qemu.acy7y7ka/runcmd', 'sh', '-ec', 'cd /tmp/autopkgtest.zr174W/build.htx/src/; tar --warning=none -c . -f -'], ['tar', '--directory', '/home/minami/Documents/openkylin-riscv/test/xtl/tests-tree/', '--warning=none', '--preserve-permissions', '--extract', '--no-same-owner', '-f', '-'])"]
autopkgtest-virt-qemu: DBG: ['srcstdin', "<_io.BufferedReader name='/dev/null'>", 'deststdout', "<_io.BufferedReader name='/dev/null'>", 'devnull_read', <_io.BufferedReader name='/dev/null'>]
autopkgtest-virt-qemu: DBG:  +< /tmp/autopkgtest-qemu.acy7y7ka/runcmd sh -ec cd /tmp/autopkgtest.zr174W/build.htx/src/; tar --warning=none -c . -f -
autopkgtest-virt-qemu: DBG:  +> tar --directory /home/minami/Documents/openkylin-riscv/test/xtl/tests-tree/ --warning=none --preserve-permissions --extract --no-same-owner -f -
autopkgtest-virt-qemu: DBG:  +>?
autopkgtest-virt-qemu: DBG:  +<?
autopkgtest: DBG: got reply from testbed: ok
autopkgtest: DBG: processing dependency xtl-dev
autopkgtest: DBG: marked alternatives ['xtl-dev'] as a synthesised dependency
autopkgtest: DBG: processing dependency cmake
autopkgtest: DBG: processing dependency libgtest-dev
autopkgtest: DBG: processing dependency g++
autopkgtest: DBG: Test defined: name command1 path None command "cd test && cmake -DGTEST_SRC_DIR=/usr/src/gtest . && make && make test" restrictions ['allow-stderr'] features [] depends ['xtl-dev', 'cmake', 'libgtest-dev', 'g++'] 
autopkgtest [12:52:11]: test command1: preparing testbed
autopkgtest: DBG: testbed reset: modified=False, deps_installed=[], deps_new=['xtl-dev', 'cmake', 'libgtest-dev', 'g++']
autopkgtest: DBG: Binaries: no registered binaries, not publishing anything
autopkgtest: DBG: install_deps: deps_new=['xtl-dev', 'cmake', 'libgtest-dev', 'g++']
autopkgtest: DBG: install-deps: satisfying xtl-dev, cmake, libgtest-dev, g++
autopkgtest: DBG: install-deps: architecture resolved: xtl-dev, cmake, libgtest-dev, g++
autopkgtest: DBG: testbed command ['test', '-w', '/var/lib/dpkg/status'], kind short, sout raw, serr raw, env []
autopkgtest: DBG: testbed command exited with code 0
autopkgtest: DBG: can use apt-get on testbed: True
autopkgtest: DBG: testbed command ['mkdir', '-p', '/tmp/autopkgtest.zr174W'], kind short, sout raw, serr pipe, env []
autopkgtest: DBG: testbed command exited with code 0
autopkgtest: DBG: sending command to testbed: copydown /home/minami/Documents/openkylin-riscv/test/xtl/1-autopkgtest-satdep.deb /tmp/autopkgtest.zr174W/1-autopkgtest-satdep.deb
autopkgtest-virt-qemu: DBG: executing copydown /home/minami/Documents/openkylin-riscv/test/xtl/1-autopkgtest-satdep.deb /tmp/autopkgtest.zr174W/1-autopkgtest-satdep.deb
autopkgtest-virt-qemu: DBG: ['cmdls', "(['cat'], ['/tmp/autopkgtest-qemu.acy7y7ka/runcmd', 'sh', '-ec', 'cat >/tmp/autopkgtest.zr174W/1-autopkgtest-satdep.deb'])"]
autopkgtest-virt-qemu: DBG: ['srcstdin', "<_io.BufferedReader name='/home/minami/Documents/openkylin-riscv/test/xtl/1-autopkgtest-satdep.deb'>", 'deststdout', "<_io.BufferedReader name='/dev/null'>", 'devnull_read', <_io.BufferedReader name='/dev/null'>]
autopkgtest-virt-qemu: DBG:  +< cat
autopkgtest-virt-qemu: DBG:  +> /tmp/autopkgtest-qemu.acy7y7ka/runcmd sh -ec cat >/tmp/autopkgtest.zr174W/1-autopkgtest-satdep.deb
autopkgtest-virt-qemu: DBG:  +>?
autopkgtest-virt-qemu: DBG:  +<?
autopkgtest: DBG: got reply from testbed: ok
autopkgtest: DBG: testbed command ['chown', '-R', 'openkylin', '--', '/tmp/autopkgtest.zr174W/1-autopkgtest-satdep.deb'], kind short, sout raw, serr pipe, env []
autopkgtest: DBG: testbed command exited with code 0
autopkgtest: DBG: testbed command ['dpkg', '--unpack', '/tmp/autopkgtest.zr174W/1-autopkgtest-satdep.deb'], kind short, sout pipe, serr pipe, env []
autopkgtest: DBG: testbed command exited with code 0
autopkgtest: DBG: testbed command ['/bin/sh', '-ec', ' apt-get install --assume-yes --fix-broken -o APT::Status-Fd=3 -o APT::Install-Recommends=false -o Dpkg::Options::=--force-confnew -o Debug::pkgProblemResolver=true 3>&2 2>&1'], kind install, sout raw, serr pipe, env ['DEBIAN_FRONTEND=noninteractive', 'APT_LISTBUGS_FRONTEND=none', 'APT_LISTCHANGES_FRONTEND=none']
Reading package lists...
Building dependency tree...
Reading state information...
Correcting dependencies...Starting pkgProblemResolver with broken count: 0
Starting 2 pkgProblemResolver with broken count: 0
Done
 Done
Starting pkgProblemResolver with broken count: 0
Starting 2 pkgProblemResolver with broken count: 0
Done
The following package was automatically installed and is no longer required:
  libmpdec2
Use 'apt autoremove' to remove it.
The following additional packages will be installed:
  cmake cmake-data g++ g++-9 gcc gcc-9 googletest libcc1-0 libgcc-9-dev
  libgtest-dev libjsoncpp1 librhash0 libstdc++-9-dev xtl-dev
Suggested packages:
  cmake-doc ninja-build gcc-9-doc autoconf automake bison flex gcc-doc
  gcc-multilib gdb libtool manpages-dev gcc-9-locales libstdc++-9-doc
Recommended packages:
  libssl3
The following NEW packages will be installed:
  cmake cmake-data g++ g++-9 gcc gcc-9 googletest libcc1-0 libgcc-9-dev
  libgtest-dev libjsoncpp1 librhash0 libstdc++-9-dev xtl-dev
0 upgraded, 14 newly installed, 0 to remove and 3 not upgraded.
1 not fully installed or removed.
Need to get 27.5 MB of archives.
After this operation, 115 MB of additional disk space will be used.
Get:1 http://archive.build.openkylin.top/openkylin yangtze-proposed/main riscv64 xtl-dev all 0.7.2-ok1 [92.1 kB]
Get:2 http://archive.build.openkylin.top/openkylin yangtze/main riscv64 cmake-data all 3.16.3-ok2 [1,635 kB]
Get:3 http://archive.build.openkylin.top/openkylin yangtze/main riscv64 libjsoncpp1 riscv64 1.7.6-ok1 [72.6 kB]
Get:4 http://archive.build.openkylin.top/openkylin yangtze/main riscv64 librhash0 riscv64 1.4.3-ok2 [152 kB]
Get:5 http://archive.build.openkylin.top/openkylin yangtze/main riscv64 cmake riscv64 3.16.3-ok2 [4,167 kB]
Get:6 http://archive.build.openkylin.top/openkylin yangtze/main riscv64 googletest all 1.12.1-ok1 [511 kB]
Get:7 http://archive.build.openkylin.top/openkylin yangtze/main riscv64 libgtest-dev riscv64 1.12.1-ok1 [788 kB]
Get:8 http://archive.build.openkylin.top/openkylin yangtze/main riscv64 libcc1-0 riscv64 10-20200411-ok5 [42.3 kB]
Get:9 http://archive.build.openkylin.top/openkylin yangtze/main riscv64 libgcc-9-dev riscv64 9.3.0-ok4 [510 kB]
Get:10 http://archive.build.openkylin.top/openkylin yangtze/main riscv64 gcc-9 riscv64 9.3.0-ok4 [7,417 kB]
Get:11 http://archive.build.openkylin.top/openkylin yangtze/main riscv64 libstdc++-9-dev riscv64 9.3.0-ok4 [4,517 kB]
Get:12 http://archive.build.openkylin.top/openkylin yangtze/main riscv64 g++-9 riscv64 9.3.0-ok4 [7,571 kB]
Get:13 http://archive.build.openkylin.top/openkylin yangtze/main riscv64 gcc riscv64 4:9.3.0-ok7 [5,160 B]
Get:14 http://archive.build.openkylin.top/openkylin yangtze/main riscv64 g++ riscv64 4:9.3.0-ok7 [1,470 B]
Fetched 27.5 MB in 4s (7,390 kB/s)
Selecting previously unselected package xtl-dev.
(Reading database ... (Reading database ... 5%(Reading database ... 10%(Reading database ... 15%(Reading database ... 20%(Reading database ... 25%(Reading database ... 30%(Reading database ... 35%(Reading database ... 40%(Reading database ... 45%(Reading database ... 50%(Reading database ... 55%(Reading database ... 60%(Reading database ... 65%(Reading database ... 70%(Reading database ... 75%(Reading database ... 80%(Reading database ... 85%(Reading database ... 90%(Reading database ... 95%(Reading database ... 100%(Reading database ... 156004 files and directories currently installed.)
Preparing to unpack .../00-xtl-dev_0.7.2-ok1_all.deb ...
Unpacking xtl-dev (0.7.2-ok1) ...
Selecting previously unselected package cmake-data.
Preparing to unpack .../01-cmake-data_3.16.3-ok2_all.deb ...
Unpacking cmake-data (3.16.3-ok2) ...
Selecting previously unselected package libjsoncpp1:riscv64.
Preparing to unpack .../02-libjsoncpp1_1.7.6-ok1_riscv64.deb ...
Unpacking libjsoncpp1:riscv64 (1.7.6-ok1) ...
Selecting previously unselected package librhash0:riscv64.
Preparing to unpack .../03-librhash0_1.4.3-ok2_riscv64.deb ...
Unpacking librhash0:riscv64 (1.4.3-ok2) ...
Selecting previously unselected package cmake.
Preparing to unpack .../04-cmake_3.16.3-ok2_riscv64.deb ...
Unpacking cmake (3.16.3-ok2) ...
Selecting previously unselected package googletest.
Preparing to unpack .../05-googletest_1.12.1-ok1_all.deb ...
Unpacking googletest (1.12.1-ok1) ...
Selecting previously unselected package libgtest-dev:riscv64.
Preparing to unpack .../06-libgtest-dev_1.12.1-ok1_riscv64.deb ...
Unpacking libgtest-dev:riscv64 (1.12.1-ok1) ...
Selecting previously unselected package libcc1-0:riscv64.
Preparing to unpack .../07-libcc1-0_10-20200411-ok5_riscv64.deb ...
Unpacking libcc1-0:riscv64 (10-20200411-ok5) ...
Selecting previously unselected package libgcc-9-dev:riscv64.
Preparing to unpack .../08-libgcc-9-dev_9.3.0-ok4_riscv64.deb ...
Unpacking libgcc-9-dev:riscv64 (9.3.0-ok4) ...
Selecting previously unselected package gcc-9.
Preparing to unpack .../09-gcc-9_9.3.0-ok4_riscv64.deb ...
Unpacking gcc-9 (9.3.0-ok4) ...
Selecting previously unselected package libstdc++-9-dev:riscv64.
Preparing to unpack .../10-libstdc++-9-dev_9.3.0-ok4_riscv64.deb ...
Unpacking libstdc++-9-dev:riscv64 (9.3.0-ok4) ...
Selecting previously unselected package g++-9.
Preparing to unpack .../11-g++-9_9.3.0-ok4_riscv64.deb ...
Unpacking g++-9 (9.3.0-ok4) ...
Selecting previously unselected package gcc.
Preparing to unpack .../12-gcc_4%3a9.3.0-ok7_riscv64.deb ...
Unpacking gcc (4:9.3.0-ok7) ...
Selecting previously unselected package g++.
Preparing to unpack .../13-g++_4%3a9.3.0-ok7_riscv64.deb ...
Unpacking g++ (4:9.3.0-ok7) ...
Setting up googletest (1.12.1-ok1) ...
Setting up libgcc-9-dev:riscv64 (9.3.0-ok4) ...
Setting up xtl-dev (0.7.2-ok1) ...
Setting up librhash0:riscv64 (1.4.3-ok2) ...
Setting up cmake-data (3.16.3-ok2) ...
Setting up libcc1-0:riscv64 (10-20200411-ok5) ...
Setting up libjsoncpp1:riscv64 (1.7.6-ok1) ...
Setting up gcc-9 (9.3.0-ok4) ...
Setting up libgtest-dev:riscv64 (1.12.1-ok1) ...
Setting up libstdc++-9-dev:riscv64 (9.3.0-ok4) ...
Setting up gcc (4:9.3.0-ok7) ...
Setting up g++-9 (9.3.0-ok4) ...
Setting up g++ (4:9.3.0-ok7) ...
update-alternatives: using /usr/bin/g++ to provide /usr/bin/c++ (c++) in auto mode
Setting up cmake (3.16.3-ok2) ...
Setting up autopkgtest-satdep (0) ...
Processing triggers for man-db (2.9.1-ok3) ...
Processing triggers for libc-bin (2.36-ok2) ...
autopkgtest: DBG: testbed command exited with code 0
autopkgtest: DBG: testbed command ['dpkg-query', '--show', '-f', '${Status}', 'xtl-dev'], kind short, sout pipe, serr pipe, env []
autopkgtest: DBG: testbed command exited with code 0
autopkgtest: DBG: testbed command ['dpkg', '--status', 'autopkgtest-satdep'], kind short, sout pipe, serr pipe, env []
autopkgtest: DBG: testbed command exited with code 0
autopkgtest: DBG: testbed command ['apt-get', '--simulate', '--quiet', '-o', 'APT::Get::Show-User-Simulation-Note=False', '--auto-remove', 'purge', 'autopkgtest-satdep'], kind short, sout pipe, serr pipe, env []
autopkgtest: DBG: testbed command exited with code 0
autopkgtest: DBG: Marking test dependencies as manually installed: cmake cmake-data g++ g++-9 libgtest-dev googletest libjsoncpp1 libmpdec2 librhash0 libstdc++-9-dev xtl-dev
autopkgtest: DBG: testbed command ['apt-mark', 'manual', '-qq', 'cmake', 'cmake-data', 'g++', 'g++-9', 'libgtest-dev', 'googletest', 'libjsoncpp1', 'libmpdec2', 'librhash0', 'libstdc++-9-dev', 'xtl-dev'], kind short, sout raw, serr pipe, env []
autopkgtest: DBG: testbed command exited with code 0
autopkgtest: DBG: testbed command ['dpkg', '--purge', 'autopkgtest-satdep'], kind short, sout raw, serr raw, env []
(Reading database ... 160072 files and directories currently installed.)
Removing autopkgtest-satdep (0) ...
autopkgtest: DBG: testbed command exited with code 0
autopkgtest: DBG: testbed command ['sh', '-ec', 'command -v dpkg-query'], kind short, sout pipe, serr pipe, env []
autopkgtest: DBG: testbed command exited with code 0
autopkgtest: DBG: testbed command ['sh', '-ec', "dpkg-query --show -f '${Package}\\t${Version}\\n' > /tmp/autopkgtest.zr174W/command1-packages.all"], kind short, sout raw, serr pipe, env []
autopkgtest: DBG: testbed command exited with code 0
autopkgtest: DBG: sending command to testbed: copyup /tmp/autopkgtest.zr174W/command1-packages.all /home/minami/Documents/openkylin-riscv/test/xtl/command1-packages.all
autopkgtest-virt-qemu: DBG: executing copyup /tmp/autopkgtest.zr174W/command1-packages.all /home/minami/Documents/openkylin-riscv/test/xtl/command1-packages.all
autopkgtest-virt-qemu: DBG: ['cmdls', "(['/tmp/autopkgtest-qemu.acy7y7ka/runcmd', 'sh', '-ec', 'cat </tmp/autopkgtest.zr174W/command1-packages.all'], ['cat'])"]
autopkgtest-virt-qemu: DBG: ['srcstdin', "<_io.BufferedReader name='/dev/null'>", 'deststdout', "<_io.BufferedWriter name='/home/minami/Documents/openkylin-riscv/test/xtl/command1-packages.all'>", 'devnull_read', <_io.BufferedReader name='/dev/null'>]
autopkgtest-virt-qemu: DBG:  +< /tmp/autopkgtest-qemu.acy7y7ka/runcmd sh -ec cat </tmp/autopkgtest.zr174W/command1-packages.all
autopkgtest-virt-qemu: DBG:  +> cat
autopkgtest-virt-qemu: DBG:  +>?
autopkgtest-virt-qemu: DBG:  +<?
autopkgtest: DBG: got reply from testbed: ok
autopkgtest: DBG: testbed command ['test', '-e', '/tmp/autopkgtest.zr174W/build.htx/src'], kind short, sout raw, serr raw, env []
autopkgtest: DBG: testbed command exited with code 0
autopkgtest: DBG: copydown: tb path /tmp/autopkgtest.zr174W/build.htx/src already exists
autopkgtest [12:53:05]: test command1: cd test && cmake -DGTEST_SRC_DIR=/usr/src/gtest . && make && make test
autopkgtest [12:53:05]: test command1: [-----------------------
autopkgtest: DBG: testbed command ['su', '-s', '/bin/bash', 'openkylin', '-c', 'set -e; export USER=`id -nu`; . /etc/profile >/dev/null 2>&1 || true;  . ~/.profile >/dev/null 2>&1 || true; buildtree="/tmp/autopkgtest.zr174W/build.htx/src"; mkdir -p -m 1777 -- "/tmp/autopkgtest.zr174W/command1-artifacts"; export AUTOPKGTEST_ARTIFACTS="/tmp/autopkgtest.zr174W/command1-artifacts"; export ADT_ARTIFACTS="$AUTOPKGTEST_ARTIFACTS"; mkdir -p -m 755 "/tmp/autopkgtest.zr174W/autopkgtest_tmp"; export AUTOPKGTEST_TMP="/tmp/autopkgtest.zr174W/autopkgtest_tmp"; export ADTTMP="$AUTOPKGTEST_TMP"; export DEBIAN_FRONTEND=noninteractive; export LANG=C.UTF-8; export DEB_BUILD_OPTIONS=parallel=8; unset LANGUAGE LC_CTYPE LC_NUMERIC LC_TIME LC_COLLATE   LC_MONETARY LC_MESSAGES LC_PAPER LC_NAME LC_ADDRESS   LC_TELEPHONE LC_MEASUREMENT LC_IDENTIFICATION LC_ALL;cd "$buildtree"; exec /tmp/autopkgtest.zr174W/wrapper.sh --script-pid-file=/tmp/autopkgtest_script_pid --stderr=/tmp/autopkgtest.zr174W/command1-stderr --stdout=/tmp/autopkgtest.zr174W/command1-stdout -- bash -ec \'cd test && cmake -DGTEST_SRC_DIR=/usr/src/gtest . && make && make test\' ;'], kind test, sout raw, serr raw, env []
-- The C compiler identification is GNU 9.3.0
-- The CXX compiler identification is GNU 9.3.0
-- Check for working C compiler: /usr/bin/cc
-- Check for working C compiler: /usr/bin/cc -- works
-- Detecting C compiler ABI info
-- Detecting C compiler ABI info - done
-- Detecting C compile features
-- Detecting C compile features - done
-- Check for working CXX compiler: /usr/bin/c++
-- Check for working CXX compiler: /usr/bin/c++ -- works
-- Detecting CXX compiler ABI info
-- Detecting CXX compiler ABI info - done
-- Detecting CXX compile features
-- Detecting CXX compile features - done
-- Setting tests build type to Release
-- Performing Test HAS_MARCH_NATIVE
-- Performing Test HAS_MARCH_NATIVE - Failed
-- Configuring done
-- Generating done
-- Build files have been written to: /tmp/autopkgtest.zr174W/build.htx/src/test/googletest-download
Scanning dependencies of target googletest
[ 11%] Creating directories for 'googletest'
[ 22%] Performing download step (DIR copy) for 'googletest'
[ 33%] No patch step for 'googletest'
[ 44%] No update step for 'googletest'
[ 55%] No configure step for 'googletest'
[ 66%] No build step for 'googletest'
[ 77%] No install step for 'googletest'
[ 88%] No test step for 'googletest'
[100%] Completed 'googletest'
[100%] Built target googletest
-- Found Python: /usr/bin/python3.8 (found version "3.8.2") found components: Interpreter 
-- Looking for pthread.h
-- Looking for pthread.h - found
-- Performing Test CMAKE_HAVE_LIBC_PTHREAD
-- Performing Test CMAKE_HAVE_LIBC_PTHREAD - Success
-- Found Threads: TRUE  
-- Configuring done
-- Generating done
-- Build files have been written to: /tmp/autopkgtest.zr174W/build.htx/src/test
Scanning dependencies of target gtest
[  1%] Building CXX object googletest-build/CMakeFiles/gtest.dir/src/gtest-all.cc.o
In file included from /tmp/autopkgtest.zr174W/build.htx/src/test/googletest-src/src/gtest-all.cc:46:
/tmp/autopkgtest.zr174W/build.htx/src/test/googletest-src/src/gtest-printers.cc: In function ‘void testing::internal::PrintTo(__int128 unsigned, std::ostream*)’:
/tmp/autopkgtest.zr174W/build.htx/src/test/googletest-src/src/gtest-printers.cc:318:16: warning: conversion from ‘int’ to ‘char’ may change value [-Wconversion]
  318 |     *--p = '0' + digit;
      |            ~~~~^~~~~~~
[  2%] Linking CXX static library ../lib/libgtest.a
[  2%] Built target gtest
Scanning dependencies of target gtest_main
[  4%] Building CXX object googletest-build/CMakeFiles/gtest_main.dir/src/gtest_main.cc.o
[  5%] Linking CXX static library ../lib/libgtest_main.a
[  5%] Built target gtest_main
Scanning dependencies of target test_xvisitor
[  7%] Building CXX object CMakeFiles/test_xvisitor.dir/test_xvisitor.cpp.o
[  8%] Linking CXX executable test_xvisitor
[  8%] Built target test_xvisitor
Scanning dependencies of target test_xsystem
[  9%] Building CXX object CMakeFiles/test_xsystem.dir/test_xsystem.cpp.o
[ 11%] Linking CXX executable test_xsystem
[ 11%] Built target test_xsystem
Scanning dependencies of target test_xproxy_wrapper
[ 12%] Building CXX object CMakeFiles/test_xproxy_wrapper.dir/test_xproxy_wrapper.cpp.o
[ 14%] Linking CXX executable test_xproxy_wrapper
[ 14%] Built target test_xproxy_wrapper
Scanning dependencies of target test_xtype_traits
[ 15%] Building CXX object CMakeFiles/test_xtype_traits.dir/test_xtype_traits.cpp.o
[ 16%] Linking CXX executable test_xtype_traits
[ 16%] Built target test_xtype_traits
Scanning dependencies of target test_xsequence
[ 18%] Building CXX object CMakeFiles/test_xsequence.dir/test_xsequence.cpp.o
[ 19%] Linking CXX executable test_xsequence
[ 19%] Built target test_xsequence
Scanning dependencies of target test_xoptional
[ 21%] Building CXX object CMakeFiles/test_xoptional.dir/test_xoptional.cpp.o
[ 22%] Linking CXX executable test_xoptional
[ 22%] Built target test_xoptional
Scanning dependencies of target test_xbase64
[ 23%] Building CXX object CMakeFiles/test_xbase64.dir/test_xbase64.cpp.o
[ 25%] Linking CXX executable test_xbase64
[ 25%] Built target test_xbase64
Scanning dependencies of target test_xmeta_utils
[ 26%] Building CXX object CMakeFiles/test_xmeta_utils.dir/test_xmeta_utils.cpp.o
[ 28%] Linking CXX executable test_xmeta_utils
[ 28%] Built target test_xmeta_utils
Scanning dependencies of target test_xplatform
[ 29%] Building CXX object CMakeFiles/test_xplatform.dir/test_xplatform.cpp.o
[ 30%] Linking CXX executable test_xplatform
[ 30%] Built target test_xplatform
Scanning dependencies of target test_xcomplex
[ 32%] Building CXX object CMakeFiles/test_xcomplex.dir/test_xcomplex.cpp.o
[ 33%] Linking CXX executable test_xcomplex
[ 33%] Built target test_xcomplex
Scanning dependencies of target test_xcomplex_sequence
[ 35%] Building CXX object CMakeFiles/test_xcomplex_sequence.dir/test_xcomplex_sequence.cpp.o
[ 36%] Linking CXX executable test_xcomplex_sequence
[ 36%] Built target test_xcomplex_sequence
Scanning dependencies of target test_xfunctional
[ 38%] Building CXX object CMakeFiles/test_xfunctional.dir/test_xfunctional.cpp.o
[ 39%] Linking CXX executable test_xfunctional
[ 39%] Built target test_xfunctional
Scanning dependencies of target test_xmultimethods
[ 40%] Building CXX object CMakeFiles/test_xmultimethods.dir/test_xmultimethods.cpp.o
[ 42%] Linking CXX executable test_xmultimethods
[ 42%] Built target test_xmultimethods
Scanning dependencies of target test_xclosure
[ 43%] Building CXX object CMakeFiles/test_xclosure.dir/test_xclosure.cpp.o
[ 45%] Linking CXX executable test_xclosure
[ 45%] Built target test_xclosure
Scanning dependencies of target test_xdynamic_bitset
[ 46%] Building CXX object CMakeFiles/test_xdynamic_bitset.dir/test_xdynamic_bitset.cpp.o
[ 47%] Linking CXX executable test_xdynamic_bitset
[ 47%] Built target test_xdynamic_bitset
Scanning dependencies of target test_xbasic_fixed_string
[ 49%] Building CXX object CMakeFiles/test_xbasic_fixed_string.dir/test_xbasic_fixed_string.cpp.o
[ 50%] Linking CXX executable test_xbasic_fixed_string
[ 50%] Built target test_xbasic_fixed_string
Scanning dependencies of target test_xiterator_base
[ 52%] Building CXX object CMakeFiles/test_xiterator_base.dir/test_xiterator_base.cpp.o
[ 53%] Linking CXX executable test_xiterator_base
[ 53%] Built target test_xiterator_base
Scanning dependencies of target test_xhalf_float
[ 54%] Building CXX object CMakeFiles/test_xhalf_float.dir/test_xhalf_float.cpp.o
[ 56%] Linking CXX executable test_xhalf_float
[ 56%] Built target test_xhalf_float
Scanning dependencies of target test_xtl
[ 57%] Building CXX object CMakeFiles/test_xtl.dir/test_xbase64.cpp.o
[ 59%] Building CXX object CMakeFiles/test_xtl.dir/test_xbasic_fixed_string.cpp.o
[ 60%] Building CXX object CMakeFiles/test_xtl.dir/test_xcomplex.cpp.o
[ 61%] Building CXX object CMakeFiles/test_xtl.dir/test_xcomplex_sequence.cpp.o
[ 63%] Building CXX object CMakeFiles/test_xtl.dir/test_xclosure.cpp.o
[ 64%] Building CXX object CMakeFiles/test_xtl.dir/test_xdynamic_bitset.cpp.o
[ 66%] Building CXX object CMakeFiles/test_xtl.dir/test_xfunctional.cpp.o
[ 67%] Building CXX object CMakeFiles/test_xtl.dir/test_xhalf_float.cpp.o
[ 69%] Building CXX object CMakeFiles/test_xtl.dir/test_xhash.cpp.o
[ 70%] Building CXX object CMakeFiles/test_xtl.dir/test_xhierarchy_generator.cpp.o
[ 71%] Building CXX object CMakeFiles/test_xtl.dir/test_xiterator_base.cpp.o
[ 73%] Building CXX object CMakeFiles/test_xtl.dir/test_xmasked_value.cpp.o
[ 74%] Building CXX object CMakeFiles/test_xtl.dir/test_xmeta_utils.cpp.o
[ 76%] Building CXX object CMakeFiles/test_xtl.dir/test_xmultimethods.cpp.o
[ 77%] Building CXX object CMakeFiles/test_xtl.dir/test_xoptional.cpp.o
[ 78%] Building CXX object CMakeFiles/test_xtl.dir/test_xsequence.cpp.o
[ 80%] Building CXX object CMakeFiles/test_xtl.dir/test_xtype_traits.cpp.o
[ 81%] Building CXX object CMakeFiles/test_xtl.dir/test_xplatform.cpp.o
[ 83%] Building CXX object CMakeFiles/test_xtl.dir/test_xproxy_wrapper.cpp.o
[ 84%] Building CXX object CMakeFiles/test_xtl.dir/test_xsystem.cpp.o
[ 85%] Building CXX object CMakeFiles/test_xtl.dir/test_xvariant.cpp.o
[ 87%] Building CXX object CMakeFiles/test_xtl.dir/test_xvisitor.cpp.o
[ 88%] Linking CXX executable test_xtl
[ 88%] Built target test_xtl
Scanning dependencies of target test_xvariant
[ 90%] Building CXX object CMakeFiles/test_xvariant.dir/test_xvariant.cpp.o
[ 91%] Linking CXX executable test_xvariant
[ 91%] Built target test_xvariant
Scanning dependencies of target test_xhash
[ 92%] Building CXX object CMakeFiles/test_xhash.dir/test_xhash.cpp.o
[ 94%] Linking CXX executable test_xhash
[ 94%] Built target test_xhash
Scanning dependencies of target test_xhierarchy_generator
[ 95%] Building CXX object CMakeFiles/test_xhierarchy_generator.dir/test_xhierarchy_generator.cpp.o
[ 97%] Linking CXX executable test_xhierarchy_generator
[ 97%] Built target test_xhierarchy_generator
Scanning dependencies of target test_xmasked_value
[ 98%] Building CXX object CMakeFiles/test_xmasked_value.dir/test_xmasked_value.cpp.o
[100%] Linking CXX executable test_xmasked_value
[100%] Built target test_xmasked_value
Running tests...
Test project /tmp/autopkgtest.zr174W/build.htx/src/test
      Start  1: test_xbase64
 1/23 Test  #1: test_xbase64 .....................   Passed    0.06 sec
      Start  2: test_xbasic_fixed_string
 2/23 Test  #2: test_xbasic_fixed_string .........   Passed    0.10 sec
      Start  3: test_xcomplex
 3/23 Test  #3: test_xcomplex ....................   Passed    0.07 sec
      Start  4: test_xcomplex_sequence
 4/23 Test  #4: test_xcomplex_sequence ...........   Passed    0.06 sec
      Start  5: test_xclosure
 5/23 Test  #5: test_xclosure ....................   Passed    0.06 sec
      Start  6: test_xdynamic_bitset
 6/23 Test  #6: test_xdynamic_bitset .............   Passed    0.08 sec
      Start  7: test_xfunctional
 7/23 Test  #7: test_xfunctional .................   Passed    0.06 sec
      Start  8: test_xhalf_float
 8/23 Test  #8: test_xhalf_float .................   Passed    0.06 sec
      Start  9: test_xhash
 9/23 Test  #9: test_xhash .......................   Passed   39.17 sec
      Start 10: test_xhierarchy_generator
10/23 Test #10: test_xhierarchy_generator ........   Passed    0.07 sec
      Start 11: test_xiterator_base
11/23 Test #11: test_xiterator_base ..............   Passed    0.06 sec
      Start 12: test_xmasked_value
12/23 Test #12: test_xmasked_value ...............   Passed    0.07 sec
      Start 13: test_xmeta_utils
13/23 Test #13: test_xmeta_utils .................   Passed    0.07 sec
      Start 14: test_xmultimethods
14/23 Test #14: test_xmultimethods ...............   Passed    0.07 sec
      Start 15: test_xoptional
15/23 Test #15: test_xoptional ...................   Passed    0.06 sec
      Start 16: test_xsequence
16/23 Test #16: test_xsequence ...................   Passed    0.06 sec
      Start 17: test_xtype_traits
17/23 Test #17: test_xtype_traits ................   Passed    0.06 sec
      Start 18: test_xplatform
18/23 Test #18: test_xplatform ...................   Passed    0.05 sec
      Start 19: test_xproxy_wrapper
19/23 Test #19: test_xproxy_wrapper ..............   Passed    0.07 sec
      Start 20: test_xsystem
20/23 Test #20: test_xsystem .....................   Passed    0.06 sec
      Start 21: test_xvariant
21/23 Test #21: test_xvariant ....................   Passed    0.07 sec
      Start 22: test_xvisitor
22/23 Test #22: test_xvisitor ....................   Passed    0.06 sec
      Start 23: xtest
23/23 Test #23: xtest ............................   Passed   53.96 sec

100% tests passed, 0 tests failed out of 23

Total Test time (real) =  94.70 sec
autopkgtest: DBG: testbed command exited with code 0
autopkgtest [13:15:11]: test command1: -----------------------]
autopkgtest: DBG: testbed executing test finished with exit status 0
autopkgtest: DBG: sending command to testbed: copyup /tmp/autopkgtest.zr174W/command1-stdout /home/minami/Documents/openkylin-riscv/test/xtl/command1-stdout
autopkgtest-virt-qemu: DBG: executing copyup /tmp/autopkgtest.zr174W/command1-stdout /home/minami/Documents/openkylin-riscv/test/xtl/command1-stdout
autopkgtest-virt-qemu: DBG: ['cmdls', "(['/tmp/autopkgtest-qemu.acy7y7ka/runcmd', 'sh', '-ec', 'cat </tmp/autopkgtest.zr174W/command1-stdout'], ['cat'])"]
autopkgtest-virt-qemu: DBG: ['srcstdin', "<_io.BufferedReader name='/dev/null'>", 'deststdout', "<_io.BufferedWriter name='/home/minami/Documents/openkylin-riscv/test/xtl/command1-stdout'>", 'devnull_read', <_io.BufferedReader name='/dev/null'>]
autopkgtest-virt-qemu: DBG:  +< /tmp/autopkgtest-qemu.acy7y7ka/runcmd sh -ec cat </tmp/autopkgtest.zr174W/command1-stdout
autopkgtest-virt-qemu: DBG:  +> cat
autopkgtest-virt-qemu: DBG:  +>?
autopkgtest-virt-qemu: DBG:  +<?
autopkgtest: DBG: got reply from testbed: ok
autopkgtest: DBG: sending command to testbed: copyup /tmp/autopkgtest.zr174W/command1-stderr /home/minami/Documents/openkylin-riscv/test/xtl/command1-stderr
autopkgtest-virt-qemu: DBG: executing copyup /tmp/autopkgtest.zr174W/command1-stderr /home/minami/Documents/openkylin-riscv/test/xtl/command1-stderr
autopkgtest-virt-qemu: DBG: ['cmdls', "(['/tmp/autopkgtest-qemu.acy7y7ka/runcmd', 'sh', '-ec', 'cat </tmp/autopkgtest.zr174W/command1-stderr'], ['cat'])"]
autopkgtest-virt-qemu: DBG: ['srcstdin', "<_io.BufferedReader name='/dev/null'>", 'deststdout', "<_io.BufferedWriter name='/home/minami/Documents/openkylin-riscv/test/xtl/command1-stderr'>", 'devnull_read', <_io.BufferedReader name='/dev/null'>]
autopkgtest-virt-qemu: DBG:  +< /tmp/autopkgtest-qemu.acy7y7ka/runcmd sh -ec cat </tmp/autopkgtest.zr174W/command1-stderr
autopkgtest-virt-qemu: DBG:  +> cat
autopkgtest-virt-qemu: DBG:  +>?
autopkgtest-virt-qemu: DBG:  +<?
autopkgtest: DBG: got reply from testbed: ok
autopkgtest [13:15:12]: test command1:  - - - - - - - - - - results - - - - - - - - - -
command1             PASS
autopkgtest: DBG: sending command to testbed: copyup /tmp/autopkgtest.zr174W/command1-artifacts/ /home/minami/Documents/openkylin-riscv/test/xtl/artifacts/
autopkgtest-virt-qemu: DBG: executing copyup /tmp/autopkgtest.zr174W/command1-artifacts/ /home/minami/Documents/openkylin-riscv/test/xtl/artifacts/
autopkgtest-virt-qemu: DBG: ['cmdls', "(['/tmp/autopkgtest-qemu.acy7y7ka/runcmd', 'sh', '-ec', 'cd /tmp/autopkgtest.zr174W/command1-artifacts/; tar --warning=none -c . -f -'], ['tar', '--directory', '/home/minami/Documents/openkylin-riscv/test/xtl/artifacts/', '--warning=none', '--preserve-permissions', '--extract', '--no-same-owner', '-f', '-'])"]
autopkgtest-virt-qemu: DBG: ['srcstdin', "<_io.BufferedReader name='/dev/null'>", 'deststdout', "<_io.BufferedReader name='/dev/null'>", 'devnull_read', <_io.BufferedReader name='/dev/null'>]
autopkgtest-virt-qemu: DBG:  +< /tmp/autopkgtest-qemu.acy7y7ka/runcmd sh -ec cd /tmp/autopkgtest.zr174W/command1-artifacts/; tar --warning=none -c . -f -
autopkgtest-virt-qemu: DBG:  +> tar --directory /home/minami/Documents/openkylin-riscv/test/xtl/artifacts/ --warning=none --preserve-permissions --extract --no-same-owner -f -
autopkgtest-virt-qemu: DBG:  +>?
autopkgtest-virt-qemu: DBG:  +<?
autopkgtest: DBG: got reply from testbed: ok
autopkgtest: DBG: testbed command ['rm', '-rf', '/tmp/autopkgtest.zr174W/command1-artifacts', '/tmp/autopkgtest.zr174W/autopkgtest_tmp'], kind short, sout raw, serr pipe, env []
autopkgtest: DBG: testbed command exited with code 0
autopkgtest: DBG: needs_reset, previously=False, requested by run_tests() line 208
autopkgtest [13:15:13]: @@@@@@@@@@@@@@@@@@@@ summary
command1             PASS
autopkgtest: DBG: testbed stop
autopkgtest: DBG: testbed close, scratch=/tmp/autopkgtest.zr174W
autopkgtest: DBG: sending command to testbed: close
autopkgtest-virt-qemu: DBG: executing close
autopkgtest-virt-qemu: DBG: cleanup...
qemu-system-riscv64: terminating on signal 15 from pid 115051 (/usr/bin/python3)
autopkgtest: DBG: got reply from testbed: ok
autopkgtest: DBG: sending command to testbed: quit
autopkgtest-virt-qemu: DBG: executing quit
autopkgtest-virt-qemu: DBG: cleanup...
