autopkgtest: DBG: testbed init
autopkgtest [13:04:20]: starting date and time: 2023-02-25 13:04:20+0800
autopkgtest [13:04:20]: version 5.28
autopkgtest [13:04:20]: host debian; command line: /usr/bin/autopkgtest /home/minami/Documents/openkylin-riscv/src/superlu_5.2.1+dfsg1-ok1.dsc -o /home/minami/Documents/openkylin-riscv/test/superlu -d -B -- qemu -u root -p openkylin --qemu-architecture=riscv64 -c 8 --ram-size=8192 -d '--qemu-options=-machine virt -kernel /home/minami/Documents/ukylin/u-boot.bin' /home/minami/Documents/openkylin-riscv/t.qcow2
autopkgtest: DBG: got reply from testbed: ok
autopkgtest: DBG: testbed open, scratch=None
autopkgtest: DBG: sending command to testbed: open
autopkgtest-virt-qemu: DBG: executing open
autopkgtest-virt-qemu: DBG: find_free_port: trying 10022
autopkgtest-virt-qemu: DBG: find_free_port: 10022 is free
autopkgtest-virt-qemu: DBG: autopkgtest does not know how to boot this machine, hopefully nothing special needs to be done?
autopkgtest-virt-qemu: DBG: qemu architecture: riscv64
autopkgtest-virt-qemu: DBG: qemu command: qemu-system-riscv64
autopkgtest-virt-qemu: DBG: execute-timeout: qemu-img info --output=json /home/minami/Documents/openkylin-riscv/t.qcow2
autopkgtest-virt-qemu: DBG: Creating temporary overlay image in /tmp/autopkgtest-qemu.fhdjgiuv/overlay.img
autopkgtest-virt-qemu: DBG: execute-timeout: qemu-img create -f qcow2 -F qcow2 -b /home/minami/Documents/openkylin-riscv/t.qcow2 /tmp/autopkgtest-qemu.fhdjgiuv/overlay.img
autopkgtest-virt-qemu: DBG: Forwarding local port 10022 to VM ssh port 22
autopkgtest-virt-qemu: DBG: Assuming nothing special needs to be done to set up firmware to boot this machine (boot method: none)
autopkgtest-virt-qemu: DBG: full qemu command-line: ['qemu-system-riscv64', '-m', '8192', '-smp', '8', '-nographic', '-device', 'virtio-net-device,netdev=usernet', '-netdev', 'user,id=usernet,hostfwd=tcp:127.0.0.1:10022-:22', '-object', 'rng-random,filename=/dev/urandom,id=rng0', '-device', 'virtio-rng-pci,rng=rng0,id=rng-device0', '-monitor', 'unix:/tmp/autopkgtest-qemu.fhdjgiuv/monitor,server=on,wait=off', '-virtfs', 'local,id=autopkgtest,path=/tmp/autopkgtest-qemu.fhdjgiuv/shared,security_model=none,mount_tag=autopkgtest', '-device', 'virtio-serial', '-chardev', 'socket,path=/tmp/autopkgtest-qemu.fhdjgiuv/hvc0,server=on,wait=off,id=hvc0', '-device', 'virtconsole,chardev=hvc0', '-chardev', 'socket,path=/tmp/autopkgtest-qemu.fhdjgiuv/hvc1,server=on,wait=off,id=hvc1', '-device', 'virtconsole,chardev=hvc1', '-serial', 'unix:/tmp/autopkgtest-qemu.fhdjgiuv/ttyS0,server=on,wait=off', '-drive', 'index=0,file=/tmp/autopkgtest-qemu.fhdjgiuv/overlay.img,format=qcow2,cache=unsafe,if=virtio,discard=unmap', '-machine', 'virt', '-kernel', '/home/minami/Documents/ukylin/u-boot.bin']
autopkgtest-virt-qemu: DBG: expect: b' login: '
autopkgtest-virt-qemu: DBG: expect: found "'login prompt on serial console'"
autopkgtest-virt-qemu: DBG: expect: b'ok'
autopkgtest-virt-qemu: DBG: expect: found "b'ok'"
autopkgtest-virt-qemu: DBG: setup_shell(): there already is a shell on hvc1
qemu-system-riscv64: warning: 9p: degraded performance: a reasonable high msize should be chosen on client/guest side (chosen msize is <= 8192). See https://wiki.qemu.org/Documentation/9psetup#msize for details.
autopkgtest-virt-qemu: DBG: expect: b'c30b1132-5bb1-4799-b830-2c9ef596d523[1]'
autopkgtest-virt-qemu: DBG: expect: found "b'c30b1132-5bb1-4799-b830-2c9ef596d523[1]'"
autopkgtest-virt-qemu: DBG: expect: b'c30b1132-5bb1-4799-b830-2c9ef596d523[2]'
autopkgtest-virt-qemu: DBG: expect: found "b'c30b1132-5bb1-4799-b830-2c9ef596d523[2]'"
autopkgtest-virt-qemu: DBG: expect: b'c30b1132-5bb1-4799-b830-2c9ef596d523[3]'
autopkgtest-virt-qemu: DBG: expect: found "b'c30b1132-5bb1-4799-b830-2c9ef596d523[3]'"
autopkgtest-virt-qemu: DBG: expect: b'/python'
autopkgtest-virt-qemu: DBG: expect: found "b'/python'"
autopkgtest-virt-qemu: DBG: expect: b'# '
autopkgtest-virt-qemu: DBG: expect: found "b'# '"
autopkgtest-virt-qemu: DBG: expect: b'c30b1132-5bb1-4799-b830-2c9ef596d523[4]'
autopkgtest-virt-qemu: DBG: expect: found "b'c30b1132-5bb1-4799-b830-2c9ef596d523[4]'"
autopkgtest-virt-qemu: DBG: execute-timeout: /tmp/autopkgtest-qemu.fhdjgiuv/runcmd true
autopkgtest-virt-qemu: DBG: can connect to autopkgtest sh in VM
autopkgtest-virt-qemu: DBG: expect: b'c30b1132-5bb1-4799-b830-2c9ef596d523[5]'
autopkgtest-virt-qemu: DBG: expect: found "b'c30b1132-5bb1-4799-b830-2c9ef596d523[5]'"
autopkgtest-virt-qemu: DBG: determine_normal_user: got user "openkylin"
autopkgtest-virt-qemu: DBG: auxverb = ['/tmp/autopkgtest-qemu.fhdjgiuv/runcmd'], downtmp = None
autopkgtest-virt-qemu: DBG: execute-timeout: /tmp/autopkgtest-qemu.fhdjgiuv/runcmd mktemp --directory --tmpdir autopkgtest.XXXXXX
autopkgtest-virt-qemu: DBG: execute-timeout: /tmp/autopkgtest-qemu.fhdjgiuv/runcmd chmod 1777 /tmp/autopkgtest.p8e2FV
autopkgtest: DBG: got reply from testbed: ok /tmp/autopkgtest.p8e2FV
autopkgtest: DBG: sending command to testbed: print-execute-command
autopkgtest-virt-qemu: DBG: executing print-execute-command
autopkgtest: DBG: got reply from testbed: ok /tmp/autopkgtest-qemu.fhdjgiuv/runcmd
autopkgtest: DBG: sending command to testbed: capabilities
autopkgtest-virt-qemu: DBG: executing capabilities
autopkgtest: DBG: got reply from testbed: ok isolation-machine reboot revert revert-full-system root-on-testbed suggested-normal-user=openkylin
autopkgtest: DBG: testbed capabilities: ['isolation-machine', 'reboot', 'revert', 'revert-full-system', 'root-on-testbed', 'suggested-normal-user=openkylin', 'has_internet']
autopkgtest: DBG: testbed command ['mkdir', '-p', '/tmp/autopkgtest.p8e2FV'], kind short, sout raw, serr pipe, env []
autopkgtest: DBG: testbed command exited with code 0
autopkgtest: DBG: sending command to testbed: copydown /usr/share/autopkgtest/lib/in-testbed/wrapper.sh /tmp/autopkgtest.p8e2FV/wrapper.sh
autopkgtest-virt-qemu: DBG: executing copydown /usr/share/autopkgtest/lib/in-testbed/wrapper.sh /tmp/autopkgtest.p8e2FV/wrapper.sh
autopkgtest-virt-qemu: DBG: ['cmdls', "(['cat'], ['/tmp/autopkgtest-qemu.fhdjgiuv/runcmd', 'sh', '-ec', 'cat >/tmp/autopkgtest.p8e2FV/wrapper.sh; chmod +x -- /tmp/autopkgtest.p8e2FV/wrapper.sh'])"]
autopkgtest-virt-qemu: DBG: ['srcstdin', "<_io.BufferedReader name='/usr/share/autopkgtest/lib/in-testbed/wrapper.sh'>", 'deststdout', "<_io.BufferedReader name='/dev/null'>", 'devnull_read', <_io.BufferedReader name='/dev/null'>]
autopkgtest-virt-qemu: DBG:  +< cat
autopkgtest-virt-qemu: DBG:  +> /tmp/autopkgtest-qemu.fhdjgiuv/runcmd sh -ec cat >/tmp/autopkgtest.p8e2FV/wrapper.sh; chmod +x -- /tmp/autopkgtest.p8e2FV/wrapper.sh
autopkgtest-virt-qemu: DBG:  +>?
autopkgtest-virt-qemu: DBG:  +<?
autopkgtest: DBG: got reply from testbed: ok
autopkgtest: DBG: testbed command ['chmod', '-R', '0755', '--', '/tmp/autopkgtest.p8e2FV/wrapper.sh'], kind short, sout raw, serr pipe, env []
autopkgtest: DBG: testbed command exited with code 0
autopkgtest: DBG: testbed command ['dpkg', '--print-architecture'], kind short, sout pipe, serr pipe, env []
autopkgtest: DBG: testbed command exited with code 0
autopkgtest [13:05:08]: testbed dpkg architecture: riscv64
autopkgtest: DBG: testbed command ['sh', '-ec', 'command -v eatmydata'], kind short, sout pipe, serr pipe, env []
autopkgtest: DBG: testbed command exited with code 127
autopkgtest: DBG: testbed command ['sh', '-ec', 'command -v dpkg-query'], kind short, sout pipe, serr pipe, env []
autopkgtest: DBG: testbed command exited with code 0
autopkgtest: DBG: testbed command ['sh', '-ec', "dpkg-query --show -f '${Package}\\t${Version}\\n' > /tmp/autopkgtest.p8e2FV/testbed-packages"], kind short, sout raw, serr pipe, env []
autopkgtest: DBG: testbed command exited with code 0
autopkgtest: DBG: sending command to testbed: copyup /tmp/autopkgtest.p8e2FV/testbed-packages /home/minami/Documents/openkylin-riscv/test/superlu/testbed-packages
autopkgtest-virt-qemu: DBG: executing copyup /tmp/autopkgtest.p8e2FV/testbed-packages /home/minami/Documents/openkylin-riscv/test/superlu/testbed-packages
autopkgtest-virt-qemu: DBG: ['cmdls', "(['/tmp/autopkgtest-qemu.fhdjgiuv/runcmd', 'sh', '-ec', 'cat </tmp/autopkgtest.p8e2FV/testbed-packages'], ['cat'])"]
autopkgtest-virt-qemu: DBG: ['srcstdin', "<_io.BufferedReader name='/dev/null'>", 'deststdout', "<_io.BufferedWriter name='/home/minami/Documents/openkylin-riscv/test/superlu/testbed-packages'>", 'devnull_read', <_io.BufferedReader name='/dev/null'>]
autopkgtest-virt-qemu: DBG:  +< /tmp/autopkgtest-qemu.fhdjgiuv/runcmd sh -ec cat </tmp/autopkgtest.p8e2FV/testbed-packages
autopkgtest-virt-qemu: DBG:  +> cat
autopkgtest-virt-qemu: DBG:  +>?
autopkgtest-virt-qemu: DBG:  +<?
autopkgtest: DBG: got reply from testbed: ok
autopkgtest: DBG: testbed supports reboot, creating /tmp/autopkgtest-reboot
autopkgtest: DBG: testbed command ['mkdir', '-p', '/tmp/autopkgtest.p8e2FV'], kind short, sout raw, serr pipe, env []
autopkgtest: DBG: testbed command exited with code 0
autopkgtest: DBG: sending command to testbed: copydown /usr/share/autopkgtest/lib/in-testbed/reboot.sh /tmp/autopkgtest.p8e2FV/autopkgtest-reboot
autopkgtest-virt-qemu: DBG: executing copydown /usr/share/autopkgtest/lib/in-testbed/reboot.sh /tmp/autopkgtest.p8e2FV/autopkgtest-reboot
autopkgtest-virt-qemu: DBG: ['cmdls', "(['cat'], ['/tmp/autopkgtest-qemu.fhdjgiuv/runcmd', 'sh', '-ec', 'cat >/tmp/autopkgtest.p8e2FV/autopkgtest-reboot; chmod +x -- /tmp/autopkgtest.p8e2FV/autopkgtest-reboot'])"]
autopkgtest-virt-qemu: DBG: ['srcstdin', "<_io.BufferedReader name='/usr/share/autopkgtest/lib/in-testbed/reboot.sh'>", 'deststdout', "<_io.BufferedReader name='/dev/null'>", 'devnull_read', <_io.BufferedReader name='/dev/null'>]
autopkgtest-virt-qemu: DBG:  +< cat
autopkgtest-virt-qemu: DBG:  +> /tmp/autopkgtest-qemu.fhdjgiuv/runcmd sh -ec cat >/tmp/autopkgtest.p8e2FV/autopkgtest-reboot; chmod +x -- /tmp/autopkgtest.p8e2FV/autopkgtest-reboot
autopkgtest-virt-qemu: DBG:  +>?
autopkgtest-virt-qemu: DBG:  +<?
autopkgtest: DBG: got reply from testbed: ok
autopkgtest: DBG: testbed command ['chmod', '-R', '0755', '--', '/tmp/autopkgtest.p8e2FV/autopkgtest-reboot'], kind short, sout raw, serr pipe, env []
autopkgtest: DBG: testbed command exited with code 0
autopkgtest: DBG: testbed command ['ln', '-fns', '/tmp/autopkgtest.p8e2FV/autopkgtest-reboot', '/tmp/autopkgtest-reboot'], kind short, sout raw, serr pipe, env []
autopkgtest: DBG: testbed command exited with code 0
autopkgtest: DBG: testbed command ['ln', '-fns', '/tmp/autopkgtest.p8e2FV/autopkgtest-reboot', '/sbin/autopkgtest-reboot'], kind short, sout raw, serr pipe, env []
autopkgtest: DBG: testbed command exited with code 0
autopkgtest: DBG: testbed command ['mkdir', '-p', '/tmp/autopkgtest.p8e2FV'], kind short, sout raw, serr pipe, env []
autopkgtest: DBG: testbed command exited with code 0
autopkgtest: DBG: sending command to testbed: copydown /usr/share/autopkgtest/lib/in-testbed/reboot-prepare.sh /tmp/autopkgtest.p8e2FV/autopkgtest-reboot-prepare
autopkgtest-virt-qemu: DBG: executing copydown /usr/share/autopkgtest/lib/in-testbed/reboot-prepare.sh /tmp/autopkgtest.p8e2FV/autopkgtest-reboot-prepare
autopkgtest-virt-qemu: DBG: ['cmdls', "(['cat'], ['/tmp/autopkgtest-qemu.fhdjgiuv/runcmd', 'sh', '-ec', 'cat >/tmp/autopkgtest.p8e2FV/autopkgtest-reboot-prepare; chmod +x -- /tmp/autopkgtest.p8e2FV/autopkgtest-reboot-prepare'])"]
autopkgtest-virt-qemu: DBG: ['srcstdin', "<_io.BufferedReader name='/usr/share/autopkgtest/lib/in-testbed/reboot-prepare.sh'>", 'deststdout', "<_io.BufferedReader name='/dev/null'>", 'devnull_read', <_io.BufferedReader name='/dev/null'>]
autopkgtest-virt-qemu: DBG:  +< cat
autopkgtest-virt-qemu: DBG:  +> /tmp/autopkgtest-qemu.fhdjgiuv/runcmd sh -ec cat >/tmp/autopkgtest.p8e2FV/autopkgtest-reboot-prepare; chmod +x -- /tmp/autopkgtest.p8e2FV/autopkgtest-reboot-prepare
autopkgtest-virt-qemu: DBG:  +>?
autopkgtest-virt-qemu: DBG:  +<?
autopkgtest: DBG: got reply from testbed: ok
autopkgtest: DBG: testbed command ['chmod', '-R', '0755', '--', '/tmp/autopkgtest.p8e2FV/autopkgtest-reboot-prepare'], kind short, sout raw, serr pipe, env []
autopkgtest: DBG: testbed command exited with code 0
autopkgtest: DBG: testbed command ['ln', '-fns', '/tmp/autopkgtest.p8e2FV/autopkgtest-reboot-prepare', '/tmp/autopkgtest-reboot-prepare'], kind short, sout raw, serr pipe, env []
autopkgtest: DBG: testbed command exited with code 0
autopkgtest: DBG: testbed command ['uname', '-srv'], kind short, sout pipe, serr pipe, env []
autopkgtest: DBG: testbed command exited with code 0
autopkgtest [13:05:15]: testbed running kernel: Linux 5.11.0-1030-generic #34 SMP Fri Mar 11 15:27:17 CST 2022
autopkgtest: DBG: testbed command ['sh', '-c', 'nproc; cat /proc/cpuinfo 2>/dev/null || true'], kind short, sout pipe, serr pipe, env []
autopkgtest: DBG: testbed command exited with code 0
autopkgtest: DBG: Binaries: initialising
autopkgtest [13:05:16]: @@@@@@@@@@@@@@@@@@@@ source /home/minami/Documents/openkylin-riscv/src/superlu_5.2.1+dfsg1-ok1.dsc
autopkgtest: DBG: blame += /home/minami/Documents/openkylin-riscv/src/superlu_5.2.1+dfsg1-ok1.dsc
autopkgtest: DBG: testbed reset: modified=False, deps_installed=[], deps_new=[]
autopkgtest: DBG: testbed command ['mkdir', '-p', '/tmp/autopkgtest.p8e2FV'], kind short, sout raw, serr pipe, env []
autopkgtest: DBG: testbed command exited with code 0
autopkgtest: DBG: sending command to testbed: copydown /home/minami/Documents/openkylin-riscv/src/superlu_5.2.1%2Bdfsg1-ok1.dsc /tmp/autopkgtest.p8e2FV/superlu_5.2.1%2Bdfsg1-ok1.dsc
autopkgtest-virt-qemu: DBG: executing copydown /home/minami/Documents/openkylin-riscv/src/superlu_5.2.1%2Bdfsg1-ok1.dsc /tmp/autopkgtest.p8e2FV/superlu_5.2.1%2Bdfsg1-ok1.dsc
autopkgtest-virt-qemu: DBG: ['cmdls', "(['cat'], ['/tmp/autopkgtest-qemu.fhdjgiuv/runcmd', 'sh', '-ec', 'cat >/tmp/autopkgtest.p8e2FV/superlu_5.2.1+dfsg1-ok1.dsc'])"]
autopkgtest-virt-qemu: DBG: ['srcstdin', "<_io.BufferedReader name='/home/minami/Documents/openkylin-riscv/src/superlu_5.2.1+dfsg1-ok1.dsc'>", 'deststdout', "<_io.BufferedReader name='/dev/null'>", 'devnull_read', <_io.BufferedReader name='/dev/null'>]
autopkgtest-virt-qemu: DBG:  +< cat
autopkgtest-virt-qemu: DBG:  +> /tmp/autopkgtest-qemu.fhdjgiuv/runcmd sh -ec cat >/tmp/autopkgtest.p8e2FV/superlu_5.2.1+dfsg1-ok1.dsc
autopkgtest-virt-qemu: DBG:  +>?
autopkgtest-virt-qemu: DBG:  +<?
autopkgtest: DBG: got reply from testbed: ok
autopkgtest: DBG: testbed command ['chown', '-R', 'openkylin', '--', '/tmp/autopkgtest.p8e2FV/superlu_5.2.1+dfsg1-ok1.dsc'], kind short, sout raw, serr pipe, env []
autopkgtest: DBG: testbed command exited with code 0
autopkgtest: DBG: testbed command ['mkdir', '-p', '/tmp/autopkgtest.p8e2FV'], kind short, sout raw, serr pipe, env []
autopkgtest: DBG: testbed command exited with code 0
autopkgtest: DBG: sending command to testbed: copydown /home/minami/Documents/openkylin-riscv/src/superlu_5.2.1%2Bdfsg1.orig.tar.xz /tmp/autopkgtest.p8e2FV/superlu_5.2.1%2Bdfsg1.orig.tar.xz
autopkgtest-virt-qemu: DBG: executing copydown /home/minami/Documents/openkylin-riscv/src/superlu_5.2.1%2Bdfsg1.orig.tar.xz /tmp/autopkgtest.p8e2FV/superlu_5.2.1%2Bdfsg1.orig.tar.xz
autopkgtest-virt-qemu: DBG: ['cmdls', "(['cat'], ['/tmp/autopkgtest-qemu.fhdjgiuv/runcmd', 'sh', '-ec', 'cat >/tmp/autopkgtest.p8e2FV/superlu_5.2.1+dfsg1.orig.tar.xz'])"]
autopkgtest-virt-qemu: DBG: ['srcstdin', "<_io.BufferedReader name='/home/minami/Documents/openkylin-riscv/src/superlu_5.2.1+dfsg1.orig.tar.xz'>", 'deststdout', "<_io.BufferedReader name='/dev/null'>", 'devnull_read', <_io.BufferedReader name='/dev/null'>]
autopkgtest-virt-qemu: DBG:  +< cat
autopkgtest-virt-qemu: DBG:  +> /tmp/autopkgtest-qemu.fhdjgiuv/runcmd sh -ec cat >/tmp/autopkgtest.p8e2FV/superlu_5.2.1+dfsg1.orig.tar.xz
autopkgtest-virt-qemu: DBG:  +>?
autopkgtest-virt-qemu: DBG:  +<?
autopkgtest: DBG: got reply from testbed: ok
autopkgtest: DBG: testbed command ['chown', '-R', 'openkylin', '--', '/tmp/autopkgtest.p8e2FV/superlu_5.2.1+dfsg1.orig.tar.xz'], kind short, sout raw, serr pipe, env []
autopkgtest: DBG: testbed command exited with code 0
autopkgtest: DBG: testbed command ['mkdir', '-p', '/tmp/autopkgtest.p8e2FV'], kind short, sout raw, serr pipe, env []
autopkgtest: DBG: testbed command exited with code 0
autopkgtest: DBG: sending command to testbed: copydown /home/minami/Documents/openkylin-riscv/src/superlu_5.2.1%2Bdfsg1-ok1.debian.tar.xz /tmp/autopkgtest.p8e2FV/superlu_5.2.1%2Bdfsg1-ok1.debian.tar.xz
autopkgtest-virt-qemu: DBG: executing copydown /home/minami/Documents/openkylin-riscv/src/superlu_5.2.1%2Bdfsg1-ok1.debian.tar.xz /tmp/autopkgtest.p8e2FV/superlu_5.2.1%2Bdfsg1-ok1.debian.tar.xz
autopkgtest-virt-qemu: DBG: ['cmdls', "(['cat'], ['/tmp/autopkgtest-qemu.fhdjgiuv/runcmd', 'sh', '-ec', 'cat >/tmp/autopkgtest.p8e2FV/superlu_5.2.1+dfsg1-ok1.debian.tar.xz'])"]
autopkgtest-virt-qemu: DBG: ['srcstdin', "<_io.BufferedReader name='/home/minami/Documents/openkylin-riscv/src/superlu_5.2.1+dfsg1-ok1.debian.tar.xz'>", 'deststdout', "<_io.BufferedReader name='/dev/null'>", 'devnull_read', <_io.BufferedReader name='/dev/null'>]
autopkgtest-virt-qemu: DBG:  +< cat
autopkgtest-virt-qemu: DBG:  +> /tmp/autopkgtest-qemu.fhdjgiuv/runcmd sh -ec cat >/tmp/autopkgtest.p8e2FV/superlu_5.2.1+dfsg1-ok1.debian.tar.xz
autopkgtest-virt-qemu: DBG:  +>?
autopkgtest-virt-qemu: DBG:  +<?
autopkgtest: DBG: got reply from testbed: ok
autopkgtest: DBG: testbed command ['chown', '-R', 'openkylin', '--', '/tmp/autopkgtest.p8e2FV/superlu_5.2.1+dfsg1-ok1.debian.tar.xz'], kind short, sout raw, serr pipe, env []
autopkgtest: DBG: testbed command exited with code 0
autopkgtest: DBG: install_deps: deps_new=[]
autopkgtest: DBG: testbed command ['sh', '-ec', 'command -v dpkg-source'], kind short, sout pipe, serr pipe, env []
autopkgtest: DBG: testbed command exited with code 0
autopkgtest: DBG: testbed command ['sh', '-ec', 'su --shell=/bin/sh openkylin -c \'set -e; exec 3>&1 >&2; set -x; cd /; builddir=$(mktemp -d /tmp/autopkgtest.p8e2FV/build.XXX); cd $builddir; dpkg-source -x "/tmp/autopkgtest.p8e2FV/superlu_5.2.1+dfsg1-ok1.dsc" src; chmod -R a+rX .; cd [a-z0-9]*/.; pwd >&3; sed -n "1 {s/).*//; s/ (/\\n/; p}" debian/changelog >&3\''], kind build, sout pipe, serr raw, env []
+ cd /
+ mktemp -d /tmp/autopkgtest.p8e2FV/build.XXX
+ builddir=/tmp/autopkgtest.p8e2FV/build.VEC
+ cd /tmp/autopkgtest.p8e2FV/build.VEC
+ dpkg-source -x /tmp/autopkgtest.p8e2FV/superlu_5.2.1+dfsg1-ok1.dsc src
gpgv: unknown type of key resource 'trustedkeys.kbx'
gpgv: keyblock resource '/tmp/dpkg-verify-sig.9yywCPCh/trustedkeys.kbx': General error
gpgv: Signature made Sat 14 May 2022 07:08:37 AM UTC
gpgv:                using RSA key 64FBB79F5EAE64D792E94CFE0716F00F842CD274
gpgv: Can't check signature: No public key
dpkg-source: warning: cannot verify signature /tmp/autopkgtest.p8e2FV/superlu_5.2.1+dfsg1-ok1.dsc
dpkg-source: info: extracting superlu in src
dpkg-source: info: unpacking superlu_5.2.1+dfsg1.orig.tar.xz
dpkg-source: info: unpacking superlu_5.2.1+dfsg1-ok1.debian.tar.xz
dpkg-source: info: using patch list from debian/patches/series
dpkg-source: info: applying mc64ad-stub.patch
+ chmod -R a+rX .
+ cd src/.
+ pwd
+ sed -n 1 {s/).*//; s/ (/\n/; p} debian/changelog
autopkgtest: DBG: testbed command exited with code 0
autopkgtest [13:05:27]: testing package superlu version 5.2.1+dfsg1-ok1
autopkgtest: DBG: sending command to testbed: copyup /tmp/autopkgtest.p8e2FV/build.VEC/src/debian/ /home/minami/Documents/openkylin-riscv/test/superlu/pkg/debian/
autopkgtest-virt-qemu: DBG: executing copyup /tmp/autopkgtest.p8e2FV/build.VEC/src/debian/ /home/minami/Documents/openkylin-riscv/test/superlu/pkg/debian/
autopkgtest-virt-qemu: DBG: ['cmdls', "(['/tmp/autopkgtest-qemu.fhdjgiuv/runcmd', 'sh', '-ec', 'cd /tmp/autopkgtest.p8e2FV/build.VEC/src/debian/; tar --warning=none -c . -f -'], ['tar', '--directory', '/home/minami/Documents/openkylin-riscv/test/superlu/pkg/debian/', '--warning=none', '--preserve-permissions', '--extract', '--no-same-owner', '-f', '-'])"]
autopkgtest-virt-qemu: DBG: ['srcstdin', "<_io.BufferedReader name='/dev/null'>", 'deststdout', "<_io.BufferedReader name='/dev/null'>", 'devnull_read', <_io.BufferedReader name='/dev/null'>]
autopkgtest-virt-qemu: DBG:  +< /tmp/autopkgtest-qemu.fhdjgiuv/runcmd sh -ec cd /tmp/autopkgtest.p8e2FV/build.VEC/src/debian/; tar --warning=none -c . -f -
autopkgtest-virt-qemu: DBG:  +> tar --directory /home/minami/Documents/openkylin-riscv/test/superlu/pkg/debian/ --warning=none --preserve-permissions --extract --no-same-owner -f -
autopkgtest-virt-qemu: DBG:  +>?
autopkgtest-virt-qemu: DBG:  +<?
autopkgtest: DBG: got reply from testbed: ok
autopkgtest: DBG: processing dependency @
autopkgtest: DBG: synthesised dependency libsuperlu5
autopkgtest: DBG: synthesised dependency libsuperlu-dev
autopkgtest: DBG: synthesised dependency libsuperlu-doc
autopkgtest: DBG: processing dependency @builddeps@
autopkgtest: DBG: synthesised dependency debhelper (>= 12)
autopkgtest: DBG: synthesised dependency gcc (>= 3.0)
autopkgtest: DBG: synthesised dependency gfortran
autopkgtest: DBG: synthesised dependency cmake
autopkgtest: DBG: synthesised dependency libblas-dev | libopenblas-dev | libatlas-base-dev | libblas.so
autopkgtest: DBG: synthesised dependency build-essential
autopkgtest: DBG: Test defined: name test-superlu path debian/tests/test-superlu command "None" restrictions [] features [] depends ['libsuperlu5', 'libsuperlu-dev', 'libsuperlu-doc', 'debhelper (>= 12)', 'gcc (>= 3.0)', 'gfortran', 'cmake', 'libblas-dev | libopenblas-dev | libatlas-base-dev | libblas.so', 'build-essential'] 
autopkgtest [13:05:27]: build not needed
autopkgtest: DBG: sending command to testbed: copyup /tmp/autopkgtest.p8e2FV/build.VEC/src/ /home/minami/Documents/openkylin-riscv/test/superlu/tests-tree/
autopkgtest-virt-qemu: DBG: executing copyup /tmp/autopkgtest.p8e2FV/build.VEC/src/ /home/minami/Documents/openkylin-riscv/test/superlu/tests-tree/
autopkgtest-virt-qemu: DBG: ['cmdls', "(['/tmp/autopkgtest-qemu.fhdjgiuv/runcmd', 'sh', '-ec', 'cd /tmp/autopkgtest.p8e2FV/build.VEC/src/; tar --warning=none -c . -f -'], ['tar', '--directory', '/home/minami/Documents/openkylin-riscv/test/superlu/tests-tree/', '--warning=none', '--preserve-permissions', '--extract', '--no-same-owner', '-f', '-'])"]
autopkgtest-virt-qemu: DBG: ['srcstdin', "<_io.BufferedReader name='/dev/null'>", 'deststdout', "<_io.BufferedReader name='/dev/null'>", 'devnull_read', <_io.BufferedReader name='/dev/null'>]
autopkgtest-virt-qemu: DBG:  +< /tmp/autopkgtest-qemu.fhdjgiuv/runcmd sh -ec cd /tmp/autopkgtest.p8e2FV/build.VEC/src/; tar --warning=none -c . -f -
autopkgtest-virt-qemu: DBG:  +> tar --directory /home/minami/Documents/openkylin-riscv/test/superlu/tests-tree/ --warning=none --preserve-permissions --extract --no-same-owner -f -
autopkgtest-virt-qemu: DBG:  +>?
autopkgtest-virt-qemu: DBG:  +<?
autopkgtest: DBG: got reply from testbed: ok
autopkgtest: DBG: processing dependency @
autopkgtest: DBG: synthesised dependency libsuperlu5
autopkgtest: DBG: synthesised dependency libsuperlu-dev
autopkgtest: DBG: synthesised dependency libsuperlu-doc
autopkgtest: DBG: processing dependency @builddeps@
autopkgtest: DBG: synthesised dependency debhelper (>= 12)
autopkgtest: DBG: synthesised dependency gcc (>= 3.0)
autopkgtest: DBG: synthesised dependency gfortran
autopkgtest: DBG: synthesised dependency cmake
autopkgtest: DBG: synthesised dependency libblas-dev | libopenblas-dev | libatlas-base-dev | libblas.so
autopkgtest: DBG: synthesised dependency build-essential
autopkgtest: DBG: Test defined: name test-superlu path debian/tests/test-superlu command "None" restrictions [] features [] depends ['libsuperlu5', 'libsuperlu-dev', 'libsuperlu-doc', 'debhelper (>= 12)', 'gcc (>= 3.0)', 'gfortran', 'cmake', 'libblas-dev | libopenblas-dev | libatlas-base-dev | libblas.so', 'build-essential'] 
autopkgtest [13:05:29]: test test-superlu: preparing testbed
autopkgtest: DBG: testbed reset: modified=False, deps_installed=[], deps_new=['libsuperlu5', 'libsuperlu-dev', 'libsuperlu-doc', 'debhelper (>= 12)', 'gcc (>= 3.0)', 'gfortran', 'cmake', 'libblas-dev | libopenblas-dev | libatlas-base-dev | libblas.so', 'build-essential']
autopkgtest: DBG: Binaries: no registered binaries, not publishing anything
autopkgtest: DBG: install_deps: deps_new=['libsuperlu5', 'libsuperlu-dev', 'libsuperlu-doc', 'debhelper (>= 12)', 'gcc (>= 3.0)', 'gfortran', 'cmake', 'libblas-dev | libopenblas-dev | libatlas-base-dev | libblas.so', 'build-essential']
autopkgtest: DBG: install-deps: satisfying libsuperlu5, libsuperlu-dev, libsuperlu-doc, debhelper (>= 12), gcc (>= 3.0), gfortran, cmake, libblas-dev | libopenblas-dev | libatlas-base-dev | libblas.so, build-essential
autopkgtest: DBG: install-deps: architecture resolved: libsuperlu5, libsuperlu-dev, libsuperlu-doc, debhelper (>= 12), gcc (>= 3.0), gfortran, cmake, libblas-dev | libopenblas-dev | libatlas-base-dev | libblas.so, build-essential
autopkgtest: DBG: testbed command ['test', '-w', '/var/lib/dpkg/status'], kind short, sout raw, serr raw, env []
autopkgtest: DBG: testbed command exited with code 0
autopkgtest: DBG: can use apt-get on testbed: True
autopkgtest: DBG: testbed command ['mkdir', '-p', '/tmp/autopkgtest.p8e2FV'], kind short, sout raw, serr pipe, env []
autopkgtest: DBG: testbed command exited with code 0
autopkgtest: DBG: sending command to testbed: copydown /home/minami/Documents/openkylin-riscv/test/superlu/1-autopkgtest-satdep.deb /tmp/autopkgtest.p8e2FV/1-autopkgtest-satdep.deb
autopkgtest-virt-qemu: DBG: executing copydown /home/minami/Documents/openkylin-riscv/test/superlu/1-autopkgtest-satdep.deb /tmp/autopkgtest.p8e2FV/1-autopkgtest-satdep.deb
autopkgtest-virt-qemu: DBG: ['cmdls', "(['cat'], ['/tmp/autopkgtest-qemu.fhdjgiuv/runcmd', 'sh', '-ec', 'cat >/tmp/autopkgtest.p8e2FV/1-autopkgtest-satdep.deb'])"]
autopkgtest-virt-qemu: DBG: ['srcstdin', "<_io.BufferedReader name='/home/minami/Documents/openkylin-riscv/test/superlu/1-autopkgtest-satdep.deb'>", 'deststdout', "<_io.BufferedReader name='/dev/null'>", 'devnull_read', <_io.BufferedReader name='/dev/null'>]
autopkgtest-virt-qemu: DBG:  +< cat
autopkgtest-virt-qemu: DBG:  +> /tmp/autopkgtest-qemu.fhdjgiuv/runcmd sh -ec cat >/tmp/autopkgtest.p8e2FV/1-autopkgtest-satdep.deb
autopkgtest-virt-qemu: DBG:  +>?
autopkgtest-virt-qemu: DBG:  +<?
autopkgtest: DBG: got reply from testbed: ok
autopkgtest: DBG: testbed command ['chown', '-R', 'openkylin', '--', '/tmp/autopkgtest.p8e2FV/1-autopkgtest-satdep.deb'], kind short, sout raw, serr pipe, env []
autopkgtest: DBG: testbed command exited with code 0
autopkgtest: DBG: testbed command ['dpkg', '--unpack', '/tmp/autopkgtest.p8e2FV/1-autopkgtest-satdep.deb'], kind short, sout pipe, serr pipe, env []
autopkgtest: DBG: testbed command exited with code 0
autopkgtest: DBG: testbed command ['/bin/sh', '-ec', ' apt-get install --assume-yes --fix-broken -o APT::Status-Fd=3 -o APT::Install-Recommends=false -o Dpkg::Options::=--force-confnew -o Debug::pkgProblemResolver=true 3>&2 2>&1'], kind install, sout raw, serr pipe, env ['DEBIAN_FRONTEND=noninteractive', 'APT_LISTBUGS_FRONTEND=none', 'APT_LISTCHANGES_FRONTEND=none']
Reading package lists...
Building dependency tree...
Reading state information...
Correcting dependencies...Starting pkgProblemResolver with broken count: 0
Starting 2 pkgProblemResolver with broken count: 0
Done
 Done
Starting pkgProblemResolver with broken count: 0
Starting 2 pkgProblemResolver with broken count: 0
Done
The following package was automatically installed and is no longer required:
  libmpdec2
Use 'apt autoremove' to remove it.
The following additional packages will be installed:
  autoconf automake autopoint autotools-dev build-essential cmake cmake-data
  debhelper debugedit dh-autoreconf dh-strip-nondeterminism dwz g++ g++-9 gcc
  gcc-9 gfortran gfortran-9 intltool-debian libarchive-zip-perl libblas-dev
  libcc1-0 libdebhelper-perl libdw1 libfile-stripnondeterminism-perl
  libgcc-9-dev libgfortran-9-dev libjsoncpp1 librhash0 libsigsegv2
  libstdc++-9-dev libsub-override-perl libsuperlu-dev libsuperlu-doc libtool
  m4 po-debconf
Suggested packages:
  autoconf-archive gnu-standards autoconf-doc cmake-doc ninja-build dh-make
  gcc-9-doc bison flex gcc-doc gcc-multilib gdb manpages-dev gcc-9-locales
  gfortran-doc gfortran-9-doc libcoarrays-dev liblapack-doc libstdc++-9-doc
  libtool-doc gcj-jdk m4-doc libmail-box-perl
Recommended packages:
  libarchive-cpio-perl libssl3 libltdl-dev libmail-sendmail-perl
The following NEW packages will be installed:
  autoconf automake autopoint autotools-dev build-essential cmake cmake-data
  debhelper debugedit dh-autoreconf dh-strip-nondeterminism dwz g++ g++-9 gcc
  gcc-9 gfortran gfortran-9 intltool-debian libarchive-zip-perl libblas-dev
  libcc1-0 libdebhelper-perl libdw1 libfile-stripnondeterminism-perl
  libgcc-9-dev libgfortran-9-dev libjsoncpp1 librhash0 libsigsegv2
  libstdc++-9-dev libsub-override-perl libsuperlu-dev libsuperlu-doc libtool
  m4 po-debconf
0 upgraded, 37 newly installed, 0 to remove and 3 not upgraded.
1 not fully installed or removed.
Need to get 38.3 MB of archives.
After this operation, 153 MB of additional disk space will be used.
Get:1 http://archive.build.openkylin.top/openkylin yangtze/main riscv64 libblas-dev riscv64 3.9.0-ok1 [261 kB]
Get:2 http://archive.build.openkylin.top/openkylin yangtze/main riscv64 libsuperlu-dev riscv64 5.2.1+dfsg1-ok1 [16.4 kB]
Get:3 http://archive.build.openkylin.top/openkylin yangtze/main riscv64 libsuperlu-doc all 5.2.1+dfsg1-ok1 [217 kB]
Get:4 http://archive.build.openkylin.top/openkylin yangtze/main riscv64 autotools-dev all 20220506-ok1 [41.6 kB]
Get:5 http://archive.build.openkylin.top/openkylin yangtze/main riscv64 libsigsegv2 riscv64 2.12-ok1 [11.5 kB]
Get:6 http://archive.build.openkylin.top/openkylin yangtze/main riscv64 m4 riscv64 1.4.18-ok2 [191 kB]
Get:7 http://archive.build.openkylin.top/openkylin yangtze/main riscv64 autoconf all 2.71-ok2 [390 kB]
Get:8 http://archive.build.openkylin.top/openkylin yangtze/main riscv64 automake all 1:1.16.5-ok1 [557 kB]
Get:9 http://archive.build.openkylin.top/openkylin yangtze/main riscv64 autopoint all 0.19.8.1-ok1 [410 kB]
Get:10 http://archive.build.openkylin.top/openkylin yangtze-proposed/main riscv64 libdebhelper-perl all 13.11.4-ok1 [63.6 kB]
Get:11 http://archive.build.openkylin.top/openkylin yangtze/main riscv64 libcc1-0 riscv64 10-20200411-ok5 [42.3 kB]
Get:12 http://archive.build.openkylin.top/openkylin yangtze/main riscv64 libgcc-9-dev riscv64 9.3.0-ok4 [510 kB]
Get:13 http://archive.build.openkylin.top/openkylin yangtze/main riscv64 gcc-9 riscv64 9.3.0-ok4 [7,417 kB]
Get:14 http://archive.build.openkylin.top/openkylin yangtze/main riscv64 gcc riscv64 4:9.3.0-ok7 [5,160 B]
Get:15 http://archive.build.openkylin.top/openkylin yangtze/main riscv64 libtool all 2.4.6-ok1 [159 kB]
Get:16 http://archive.build.openkylin.top/openkylin yangtze/main riscv64 dh-autoreconf all 20-ok1 [16.3 kB]
Get:17 http://archive.build.openkylin.top/openkylin yangtze/main riscv64 libarchive-zip-perl all 1.68-ok1 [90.7 kB]
Get:18 http://archive.build.openkylin.top/openkylin yangtze/main riscv64 libsub-override-perl all 0.09-ok2 [8,374 B]
Get:19 http://archive.build.openkylin.top/openkylin yangtze/main riscv64 libfile-stripnondeterminism-perl all 1.13.0-ok1 [16.8 kB]
Get:20 http://archive.build.openkylin.top/openkylin yangtze/main riscv64 dh-strip-nondeterminism all 1.13.0-ok1 [5,334 B]
Get:21 http://archive.build.openkylin.top/openkylin yangtze/main riscv64 libdw1 riscv64 0.187-ok1 [229 kB]
Get:22 http://archive.build.openkylin.top/openkylin yangtze/main riscv64 debugedit riscv64 1:5.0-ok1 [71.2 kB]
Get:23 http://archive.build.openkylin.top/openkylin yangtze/main riscv64 dwz riscv64 0.14-ok1 [123 kB]
Get:24 http://archive.build.openkylin.top/openkylin yangtze/main riscv64 intltool-debian all 0.35.0+20060710.5-ok2 [23.2 kB]
Get:25 http://archive.build.openkylin.top/openkylin yangtze/main riscv64 po-debconf all 1.0.21+nmu1-ok1 [227 kB]
Get:26 http://archive.build.openkylin.top/openkylin yangtze-proposed/main riscv64 debhelper all 13.11.4-ok1 [924 kB]
Get:27 http://archive.build.openkylin.top/openkylin yangtze/main riscv64 libgfortran-9-dev riscv64 9.3.0-ok4 [1,080 kB]
Get:28 http://archive.build.openkylin.top/openkylin yangtze/main riscv64 gfortran-9 riscv64 9.3.0-ok4 [7,101 kB]
Get:29 http://archive.build.openkylin.top/openkylin yangtze/main riscv64 gfortran riscv64 4:9.3.0-ok7 [1,282 B]
Get:30 http://archive.build.openkylin.top/openkylin yangtze/main riscv64 cmake-data all 3.16.3-ok2 [1,635 kB]
Get:31 http://archive.build.openkylin.top/openkylin yangtze/main riscv64 libjsoncpp1 riscv64 1.7.6-ok1 [72.6 kB]
Get:32 http://archive.build.openkylin.top/openkylin yangtze/main riscv64 librhash0 riscv64 1.4.3-ok2 [152 kB]
Get:33 http://archive.build.openkylin.top/openkylin yangtze/main riscv64 cmake riscv64 3.16.3-ok2 [4,167 kB]
Get:34 http://archive.build.openkylin.top/openkylin yangtze/main riscv64 libstdc++-9-dev riscv64 9.3.0-ok4 [4,517 kB]
Get:35 http://archive.build.openkylin.top/openkylin yangtze/main riscv64 g++-9 riscv64 9.3.0-ok4 [7,571 kB]
Get:36 http://archive.build.openkylin.top/openkylin yangtze/main riscv64 g++ riscv64 4:9.3.0-ok7 [1,470 B]
Get:37 http://archive.build.openkylin.top/openkylin yangtze/main riscv64 build-essential riscv64 12.8-ok1 [4,000 B]
Fetched 38.3 MB in 5s (7,055 kB/s)
Selecting previously unselected package libblas-dev:riscv64.
(Reading database ... (Reading database ... 5%(Reading database ... 10%(Reading database ... 15%(Reading database ... 20%(Reading database ... 25%(Reading database ... 30%(Reading database ... 35%(Reading database ... 40%(Reading database ... 45%(Reading database ... 50%(Reading database ... 55%(Reading database ... 60%(Reading database ... 65%(Reading database ... 70%(Reading database ... 75%(Reading database ... 80%(Reading database ... 85%(Reading database ... 90%(Reading database ... 95%(Reading database ... 100%(Reading database ... 156004 files and directories currently installed.)
Preparing to unpack .../00-libblas-dev_3.9.0-ok1_riscv64.deb ...
Unpacking libblas-dev:riscv64 (3.9.0-ok1) ...
Selecting previously unselected package libsuperlu-dev:riscv64.
Preparing to unpack .../01-libsuperlu-dev_5.2.1+dfsg1-ok1_riscv64.deb ...
Unpacking libsuperlu-dev:riscv64 (5.2.1+dfsg1-ok1) ...
Selecting previously unselected package libsuperlu-doc.
Preparing to unpack .../02-libsuperlu-doc_5.2.1+dfsg1-ok1_all.deb ...
Unpacking libsuperlu-doc (5.2.1+dfsg1-ok1) ...
Selecting previously unselected package autotools-dev.
Preparing to unpack .../03-autotools-dev_20220506-ok1_all.deb ...
Unpacking autotools-dev (20220506-ok1) ...
Selecting previously unselected package libsigsegv2:riscv64.
Preparing to unpack .../04-libsigsegv2_2.12-ok1_riscv64.deb ...
Unpacking libsigsegv2:riscv64 (2.12-ok1) ...
Selecting previously unselected package m4.
Preparing to unpack .../05-m4_1.4.18-ok2_riscv64.deb ...
Unpacking m4 (1.4.18-ok2) ...
Selecting previously unselected package autoconf.
Preparing to unpack .../06-autoconf_2.71-ok2_all.deb ...
Unpacking autoconf (2.71-ok2) ...
Selecting previously unselected package automake.
Preparing to unpack .../07-automake_1%3a1.16.5-ok1_all.deb ...
Unpacking automake (1:1.16.5-ok1) ...
Selecting previously unselected package autopoint.
Preparing to unpack .../08-autopoint_0.19.8.1-ok1_all.deb ...
Unpacking autopoint (0.19.8.1-ok1) ...
Selecting previously unselected package libdebhelper-perl.
Preparing to unpack .../09-libdebhelper-perl_13.11.4-ok1_all.deb ...
Unpacking libdebhelper-perl (13.11.4-ok1) ...
Selecting previously unselected package libcc1-0:riscv64.
Preparing to unpack .../10-libcc1-0_10-20200411-ok5_riscv64.deb ...
Unpacking libcc1-0:riscv64 (10-20200411-ok5) ...
Selecting previously unselected package libgcc-9-dev:riscv64.
Preparing to unpack .../11-libgcc-9-dev_9.3.0-ok4_riscv64.deb ...
Unpacking libgcc-9-dev:riscv64 (9.3.0-ok4) ...
Selecting previously unselected package gcc-9.
Preparing to unpack .../12-gcc-9_9.3.0-ok4_riscv64.deb ...
Unpacking gcc-9 (9.3.0-ok4) ...
Selecting previously unselected package gcc.
Preparing to unpack .../13-gcc_4%3a9.3.0-ok7_riscv64.deb ...
Unpacking gcc (4:9.3.0-ok7) ...
Selecting previously unselected package libtool.
Preparing to unpack .../14-libtool_2.4.6-ok1_all.deb ...
Unpacking libtool (2.4.6-ok1) ...
Selecting previously unselected package dh-autoreconf.
Preparing to unpack .../15-dh-autoreconf_20-ok1_all.deb ...
Unpacking dh-autoreconf (20-ok1) ...
Selecting previously unselected package libarchive-zip-perl.
Preparing to unpack .../16-libarchive-zip-perl_1.68-ok1_all.deb ...
Unpacking libarchive-zip-perl (1.68-ok1) ...
Selecting previously unselected package libsub-override-perl.
Preparing to unpack .../17-libsub-override-perl_0.09-ok2_all.deb ...
Unpacking libsub-override-perl (0.09-ok2) ...
Selecting previously unselected package libfile-stripnondeterminism-perl.
Preparing to unpack .../18-libfile-stripnondeterminism-perl_1.13.0-ok1_all.deb ...
Unpacking libfile-stripnondeterminism-perl (1.13.0-ok1) ...
Selecting previously unselected package dh-strip-nondeterminism.
Preparing to unpack .../19-dh-strip-nondeterminism_1.13.0-ok1_all.deb ...
Unpacking dh-strip-nondeterminism (1.13.0-ok1) ...
Selecting previously unselected package libdw1:riscv64.
Preparing to unpack .../20-libdw1_0.187-ok1_riscv64.deb ...
Unpacking libdw1:riscv64 (0.187-ok1) ...
Selecting previously unselected package debugedit.
Preparing to unpack .../21-debugedit_1%3a5.0-ok1_riscv64.deb ...
Unpacking debugedit (1:5.0-ok1) ...
Selecting previously unselected package dwz.
Preparing to unpack .../22-dwz_0.14-ok1_riscv64.deb ...
Unpacking dwz (0.14-ok1) ...
Selecting previously unselected package intltool-debian.
Preparing to unpack .../23-intltool-debian_0.35.0+20060710.5-ok2_all.deb ...
Unpacking intltool-debian (0.35.0+20060710.5-ok2) ...
Selecting previously unselected package po-debconf.
Preparing to unpack .../24-po-debconf_1.0.21+nmu1-ok1_all.deb ...
Unpacking po-debconf (1.0.21+nmu1-ok1) ...
Selecting previously unselected package debhelper.
Preparing to unpack .../25-debhelper_13.11.4-ok1_all.deb ...
Unpacking debhelper (13.11.4-ok1) ...
Selecting previously unselected package libgfortran-9-dev:riscv64.
Preparing to unpack .../26-libgfortran-9-dev_9.3.0-ok4_riscv64.deb ...
Unpacking libgfortran-9-dev:riscv64 (9.3.0-ok4) ...
Selecting previously unselected package gfortran-9.
Preparing to unpack .../27-gfortran-9_9.3.0-ok4_riscv64.deb ...
Unpacking gfortran-9 (9.3.0-ok4) ...
Selecting previously unselected package gfortran.
Preparing to unpack .../28-gfortran_4%3a9.3.0-ok7_riscv64.deb ...
Unpacking gfortran (4:9.3.0-ok7) ...
Selecting previously unselected package cmake-data.
Preparing to unpack .../29-cmake-data_3.16.3-ok2_all.deb ...
Unpacking cmake-data (3.16.3-ok2) ...
Selecting previously unselected package libjsoncpp1:riscv64.
Preparing to unpack .../30-libjsoncpp1_1.7.6-ok1_riscv64.deb ...
Unpacking libjsoncpp1:riscv64 (1.7.6-ok1) ...
Selecting previously unselected package librhash0:riscv64.
Preparing to unpack .../31-librhash0_1.4.3-ok2_riscv64.deb ...
Unpacking librhash0:riscv64 (1.4.3-ok2) ...
Selecting previously unselected package cmake.
Preparing to unpack .../32-cmake_3.16.3-ok2_riscv64.deb ...
Unpacking cmake (3.16.3-ok2) ...
Selecting previously unselected package libstdc++-9-dev:riscv64.
Preparing to unpack .../33-libstdc++-9-dev_9.3.0-ok4_riscv64.deb ...
Unpacking libstdc++-9-dev:riscv64 (9.3.0-ok4) ...
Selecting previously unselected package g++-9.
Preparing to unpack .../34-g++-9_9.3.0-ok4_riscv64.deb ...
Unpacking g++-9 (9.3.0-ok4) ...
Selecting previously unselected package g++.
Preparing to unpack .../35-g++_4%3a9.3.0-ok7_riscv64.deb ...
Unpacking g++ (4:9.3.0-ok7) ...
Selecting previously unselected package build-essential.
Preparing to unpack .../36-build-essential_12.8-ok1_riscv64.deb ...
Unpacking build-essential (12.8-ok1) ...
Setting up libdw1:riscv64 (0.187-ok1) ...
Setting up libarchive-zip-perl (1.68-ok1) ...
Setting up libdebhelper-perl (13.11.4-ok1) ...
Setting up intltool-debian (0.35.0+20060710.5-ok2) ...
Setting up libgcc-9-dev:riscv64 (9.3.0-ok4) ...
Setting up autotools-dev (20220506-ok1) ...
Setting up libsigsegv2:riscv64 (2.12-ok1) ...
Setting up autopoint (0.19.8.1-ok1) ...
Setting up libsuperlu-doc (5.2.1+dfsg1-ok1) ...
Setting up dwz (0.14-ok1) ...
Setting up librhash0:riscv64 (1.4.3-ok2) ...
Setting up debugedit (1:5.0-ok1) ...
Setting up libsub-override-perl (0.09-ok2) ...
Setting up cmake-data (3.16.3-ok2) ...
Setting up libcc1-0:riscv64 (10-20200411-ok5) ...
Setting up libblas-dev:riscv64 (3.9.0-ok1) ...
update-alternatives: using /usr/lib/riscv64-linux-gnu/blas/libblas.so to provide /usr/lib/riscv64-linux-gnu/libblas.so (libblas.so-riscv64-linux-gnu) in auto mode
Setting up libjsoncpp1:riscv64 (1.7.6-ok1) ...
Setting up libfile-stripnondeterminism-perl (1.13.0-ok1) ...
Setting up gcc-9 (9.3.0-ok4) ...
Setting up libstdc++-9-dev:riscv64 (9.3.0-ok4) ...
Setting up libtool (2.4.6-ok1) ...
Setting up po-debconf (1.0.21+nmu1-ok1) ...
Setting up libgfortran-9-dev:riscv64 (9.3.0-ok4) ...
Setting up m4 (1.4.18-ok2) ...
Setting up gcc (4:9.3.0-ok7) ...
Setting up g++-9 (9.3.0-ok4) ...
Setting up autoconf (2.71-ok2) ...
Setting up dh-strip-nondeterminism (1.13.0-ok1) ...
Setting up g++ (4:9.3.0-ok7) ...
update-alternatives: using /usr/bin/g++ to provide /usr/bin/c++ (c++) in auto mode
Setting up cmake (3.16.3-ok2) ...
Setting up build-essential (12.8-ok1) ...
Setting up libsuperlu-dev:riscv64 (5.2.1+dfsg1-ok1) ...
Setting up automake (1:1.16.5-ok1) ...
update-alternatives: using /usr/bin/automake-1.16 to provide /usr/bin/automake (automake) in auto mode
Setting up gfortran-9 (9.3.0-ok4) ...
Setting up gfortran (4:9.3.0-ok7) ...
update-alternatives: using /usr/bin/gfortran to provide /usr/bin/f95 (f95) in auto mode
update-alternatives: using /usr/bin/gfortran to provide /usr/bin/f77 (f77) in auto mode
Setting up dh-autoreconf (20-ok1) ...
Setting up debhelper (13.11.4-ok1) ...
Setting up autopkgtest-satdep (0) ...
Processing triggers for man-db (2.9.1-ok3) ...
Processing triggers for install-info (6.7.0.dfsg.2-ok1) ...
Processing triggers for libc-bin (2.36-ok2) ...
autopkgtest: DBG: testbed command exited with code 0
autopkgtest: DBG: testbed command ['dpkg-query', '--show', '-f', '${Status}', 'libsuperlu5'], kind short, sout pipe, serr pipe, env []
autopkgtest: DBG: testbed command exited with code 0
autopkgtest: DBG: testbed command ['dpkg-query', '--show', '-f', '${Status}', 'libsuperlu-dev'], kind short, sout pipe, serr pipe, env []
autopkgtest: DBG: testbed command exited with code 0
autopkgtest: DBG: testbed command ['dpkg-query', '--show', '-f', '${Status}', 'libsuperlu-doc'], kind short, sout pipe, serr pipe, env []
autopkgtest: DBG: testbed command exited with code 0
autopkgtest: DBG: testbed command ['dpkg', '--status', 'autopkgtest-satdep'], kind short, sout pipe, serr pipe, env []
autopkgtest: DBG: testbed command exited with code 0
autopkgtest: DBG: testbed command ['apt-get', '--simulate', '--quiet', '-o', 'APT::Get::Show-User-Simulation-Note=False', '--auto-remove', 'purge', 'autopkgtest-satdep'], kind short, sout pipe, serr pipe, env []
autopkgtest: DBG: testbed command exited with code 0
autopkgtest: DBG: Marking test dependencies as manually installed: cmake cmake-data debhelper dh-autoreconf debugedit dh-strip-nondeterminism dwz po-debconf intltool-debian libfile-stripnondeterminism-perl libarchive-zip-perl libsuperlu-dev libblas-dev libdebhelper-perl libdw1 libjsoncpp1 libmpdec2 librhash0 libsub-override-perl libsuperlu-doc
autopkgtest: DBG: testbed command ['apt-mark', 'manual', '-qq', 'cmake', 'cmake-data', 'debhelper', 'dh-autoreconf', 'debugedit', 'dh-strip-nondeterminism', 'dwz', 'po-debconf', 'intltool-debian', 'libfile-stripnondeterminism-perl', 'libarchive-zip-perl', 'libsuperlu-dev', 'libblas-dev', 'libdebhelper-perl', 'libdw1', 'libjsoncpp1', 'libmpdec2', 'librhash0', 'libsub-override-perl', 'libsuperlu-doc'], kind short, sout raw, serr pipe, env []
autopkgtest: DBG: testbed command exited with code 0
autopkgtest: DBG: testbed command ['dpkg', '--purge', 'autopkgtest-satdep'], kind short, sout raw, serr raw, env []
(Reading database ... 161117 files and directories currently installed.)
Removing autopkgtest-satdep (0) ...
autopkgtest: DBG: testbed command exited with code 0
autopkgtest: DBG: testbed command ['sh', '-ec', 'command -v dpkg-query'], kind short, sout pipe, serr pipe, env []
autopkgtest: DBG: testbed command exited with code 0
autopkgtest: DBG: testbed command ['sh', '-ec', "dpkg-query --show -f '${Package}\\t${Version}\\n' > /tmp/autopkgtest.p8e2FV/test-superlu-packages.all"], kind short, sout raw, serr pipe, env []
autopkgtest: DBG: testbed command exited with code 0
autopkgtest: DBG: sending command to testbed: copyup /tmp/autopkgtest.p8e2FV/test-superlu-packages.all /home/minami/Documents/openkylin-riscv/test/superlu/test-superlu-packages.all
autopkgtest-virt-qemu: DBG: executing copyup /tmp/autopkgtest.p8e2FV/test-superlu-packages.all /home/minami/Documents/openkylin-riscv/test/superlu/test-superlu-packages.all
autopkgtest-virt-qemu: DBG: ['cmdls', "(['/tmp/autopkgtest-qemu.fhdjgiuv/runcmd', 'sh', '-ec', 'cat </tmp/autopkgtest.p8e2FV/test-superlu-packages.all'], ['cat'])"]
autopkgtest-virt-qemu: DBG: ['srcstdin', "<_io.BufferedReader name='/dev/null'>", 'deststdout', "<_io.BufferedWriter name='/home/minami/Documents/openkylin-riscv/test/superlu/test-superlu-packages.all'>", 'devnull_read', <_io.BufferedReader name='/dev/null'>]
autopkgtest-virt-qemu: DBG:  +< /tmp/autopkgtest-qemu.fhdjgiuv/runcmd sh -ec cat </tmp/autopkgtest.p8e2FV/test-superlu-packages.all
autopkgtest-virt-qemu: DBG:  +> cat
autopkgtest-virt-qemu: DBG:  +>?
autopkgtest-virt-qemu: DBG:  +<?
autopkgtest: DBG: got reply from testbed: ok
autopkgtest: DBG: testbed command ['test', '-e', '/tmp/autopkgtest.p8e2FV/build.VEC/src'], kind short, sout raw, serr raw, env []
autopkgtest: DBG: testbed command exited with code 0
autopkgtest: DBG: copydown: tb path /tmp/autopkgtest.p8e2FV/build.VEC/src already exists
autopkgtest [13:07:09]: test test-superlu: [-----------------------
autopkgtest: DBG: testbed command ['su', '-s', '/bin/bash', 'openkylin', '-c', 'set -e; export USER=`id -nu`; . /etc/profile >/dev/null 2>&1 || true;  . ~/.profile >/dev/null 2>&1 || true; buildtree="/tmp/autopkgtest.p8e2FV/build.VEC/src"; mkdir -p -m 1777 -- "/tmp/autopkgtest.p8e2FV/test-superlu-artifacts"; export AUTOPKGTEST_ARTIFACTS="/tmp/autopkgtest.p8e2FV/test-superlu-artifacts"; export ADT_ARTIFACTS="$AUTOPKGTEST_ARTIFACTS"; mkdir -p -m 755 "/tmp/autopkgtest.p8e2FV/autopkgtest_tmp"; export AUTOPKGTEST_TMP="/tmp/autopkgtest.p8e2FV/autopkgtest_tmp"; export ADTTMP="$AUTOPKGTEST_TMP"; export DEBIAN_FRONTEND=noninteractive; export LANG=C.UTF-8; export DEB_BUILD_OPTIONS=parallel=8; unset LANGUAGE LC_CTYPE LC_NUMERIC LC_TIME LC_COLLATE   LC_MONETARY LC_MESSAGES LC_PAPER LC_NAME LC_ADDRESS   LC_TELEPHONE LC_MEASUREMENT LC_IDENTIFICATION LC_ALL;cd "$buildtree"; chmod +x /tmp/autopkgtest.p8e2FV/build.VEC/src/debian/tests/test-superlu; exec /tmp/autopkgtest.p8e2FV/wrapper.sh --script-pid-file=/tmp/autopkgtest_script_pid --stderr=/tmp/autopkgtest.p8e2FV/test-superlu-stderr --stdout=/tmp/autopkgtest.p8e2FV/test-superlu-stdout -- /tmp/autopkgtest.p8e2FV/build.VEC/src/debian/tests/test-superlu ;'], kind test, sout raw, serr raw, env []
-- The C compiler identification is GNU 9.3.0
-- Check for working C compiler: /usr/bin/cc
-- Check for working C compiler: /usr/bin/cc -- works
-- Detecting C compiler ABI info
-- Detecting C compiler ABI info - done
-- Detecting C compile features
-- Detecting C compile features - done
-- The Fortran compiler identification is GNU 9.3.0
-- Check for working Fortran compiler: /usr/bin/gfortran
-- Check for working Fortran compiler: /usr/bin/gfortran  -- works
-- Detecting Fortran compiler ABI info
-- Detecting Fortran compiler ABI info - done
-- Checking whether /usr/bin/gfortran supports Fortran 90
-- Checking whether /usr/bin/gfortran supports Fortran 90 -- yes
-- Configuring done
-- Generating done
-- Build files have been written to: /tmp/autopkgtest.p8e2FV/build.VEC/src/testdir
Test project /tmp/autopkgtest.p8e2FV/build.VEC/src/testdir
      Start  1: s_test_9_2_0_LA
 1/24 Test  #1: s_test_9_2_0_LA ..................   Passed    0.32 sec
      Start  2: s_test_9_2_10000000_LA
 2/24 Test  #2: s_test_9_2_10000000_LA ...........   Passed    0.29 sec
      Start  3: s_test_19_2_0_LA
 3/24 Test  #3: s_test_19_2_0_LA .................   Passed    0.30 sec
      Start  4: s_test_19_2_10000000_LA
 4/24 Test  #4: s_test_19_2_10000000_LA ..........   Passed    0.29 sec
      Start  5: s_test_2_0_SP
 5/24 Test  #5: s_test_2_0_SP ....................   Passed    0.29 sec
      Start  6: s_test_2_10000000_SP
 6/24 Test  #6: s_test_2_10000000_SP .............   Passed    0.31 sec
      Start  7: d_test_9_2_0_LA
 7/24 Test  #7: d_test_9_2_0_LA ..................   Passed    0.30 sec
      Start  8: d_test_9_2_10000000_LA
 8/24 Test  #8: d_test_9_2_10000000_LA ...........   Passed    0.30 sec
      Start  9: d_test_19_2_0_LA
 9/24 Test  #9: d_test_19_2_0_LA .................   Passed    0.29 sec
      Start 10: d_test_19_2_10000000_LA
10/24 Test #10: d_test_19_2_10000000_LA ..........   Passed    0.30 sec
      Start 11: d_test_2_0_SP
11/24 Test #11: d_test_2_0_SP ....................   Passed    0.29 sec
      Start 12: d_test_2_10000000_SP
12/24 Test #12: d_test_2_10000000_SP .............   Passed    0.29 sec
      Start 13: c_test_9_2_0_LA
13/24 Test #13: c_test_9_2_0_LA ..................   Passed    0.30 sec
      Start 14: c_test_9_2_10000000_LA
14/24 Test #14: c_test_9_2_10000000_LA ...........   Passed    0.29 sec
      Start 15: c_test_19_2_0_LA
15/24 Test #15: c_test_19_2_0_LA .................   Passed    0.29 sec
      Start 16: c_test_19_2_10000000_LA
16/24 Test #16: c_test_19_2_10000000_LA ..........   Passed    0.30 sec
      Start 17: c_test_2_0_SP
17/24 Test #17: c_test_2_0_SP ....................   Passed    0.32 sec
      Start 18: c_test_2_10000000_SP
18/24 Test #18: c_test_2_10000000_SP .............   Passed    0.29 sec
      Start 19: z_test_9_2_0_LA
19/24 Test #19: z_test_9_2_0_LA ..................   Passed    0.30 sec
      Start 20: z_test_9_2_10000000_LA
20/24 Test #20: z_test_9_2_10000000_LA ...........   Passed    0.44 sec
      Start 21: z_test_19_2_0_LA
21/24 Test #21: z_test_19_2_0_LA .................   Passed    0.30 sec
      Start 22: z_test_19_2_10000000_LA
22/24 Test #22: z_test_19_2_10000000_LA ..........   Passed    0.29 sec
      Start 23: z_test_2_0_SP
23/24 Test #23: z_test_2_0_SP ....................   Passed    0.31 sec
      Start 24: z_test_2_10000000_SP
24/24 Test #24: z_test_2_10000000_SP .............   Passed    0.33 sec

100% tests passed, 0 tests failed out of 24

Total Test time (real) =   7.59 sec
autopkgtest: DBG: testbed command exited with code 0
autopkgtest [13:07:36]: test test-superlu: -----------------------]
autopkgtest: DBG: testbed executing test finished with exit status 0
autopkgtest: DBG: sending command to testbed: copyup /tmp/autopkgtest.p8e2FV/test-superlu-stdout /home/minami/Documents/openkylin-riscv/test/superlu/test-superlu-stdout
autopkgtest-virt-qemu: DBG: executing copyup /tmp/autopkgtest.p8e2FV/test-superlu-stdout /home/minami/Documents/openkylin-riscv/test/superlu/test-superlu-stdout
autopkgtest-virt-qemu: DBG: ['cmdls', "(['/tmp/autopkgtest-qemu.fhdjgiuv/runcmd', 'sh', '-ec', 'cat </tmp/autopkgtest.p8e2FV/test-superlu-stdout'], ['cat'])"]
autopkgtest-virt-qemu: DBG: ['srcstdin', "<_io.BufferedReader name='/dev/null'>", 'deststdout', "<_io.BufferedWriter name='/home/minami/Documents/openkylin-riscv/test/superlu/test-superlu-stdout'>", 'devnull_read', <_io.BufferedReader name='/dev/null'>]
autopkgtest-virt-qemu: DBG:  +< /tmp/autopkgtest-qemu.fhdjgiuv/runcmd sh -ec cat </tmp/autopkgtest.p8e2FV/test-superlu-stdout
autopkgtest-virt-qemu: DBG:  +> cat
autopkgtest-virt-qemu: DBG:  +>?
autopkgtest-virt-qemu: DBG:  +<?
autopkgtest: DBG: got reply from testbed: ok
autopkgtest: DBG: sending command to testbed: copyup /tmp/autopkgtest.p8e2FV/test-superlu-stderr /home/minami/Documents/openkylin-riscv/test/superlu/test-superlu-stderr
autopkgtest-virt-qemu: DBG: executing copyup /tmp/autopkgtest.p8e2FV/test-superlu-stderr /home/minami/Documents/openkylin-riscv/test/superlu/test-superlu-stderr
autopkgtest-virt-qemu: DBG: ['cmdls', "(['/tmp/autopkgtest-qemu.fhdjgiuv/runcmd', 'sh', '-ec', 'cat </tmp/autopkgtest.p8e2FV/test-superlu-stderr'], ['cat'])"]
autopkgtest-virt-qemu: DBG: ['srcstdin', "<_io.BufferedReader name='/dev/null'>", 'deststdout', "<_io.BufferedWriter name='/home/minami/Documents/openkylin-riscv/test/superlu/test-superlu-stderr'>", 'devnull_read', <_io.BufferedReader name='/dev/null'>]
autopkgtest-virt-qemu: DBG:  +< /tmp/autopkgtest-qemu.fhdjgiuv/runcmd sh -ec cat </tmp/autopkgtest.p8e2FV/test-superlu-stderr
autopkgtest-virt-qemu: DBG:  +> cat
autopkgtest-virt-qemu: DBG:  +>?
autopkgtest-virt-qemu: DBG:  +<?
autopkgtest: DBG: got reply from testbed: ok
autopkgtest [13:07:37]: test test-superlu:  - - - - - - - - - - results - - - - - - - - - -
test-superlu         PASS
autopkgtest: DBG: sending command to testbed: copyup /tmp/autopkgtest.p8e2FV/test-superlu-artifacts/ /home/minami/Documents/openkylin-riscv/test/superlu/artifacts/
autopkgtest-virt-qemu: DBG: executing copyup /tmp/autopkgtest.p8e2FV/test-superlu-artifacts/ /home/minami/Documents/openkylin-riscv/test/superlu/artifacts/
autopkgtest-virt-qemu: DBG: ['cmdls', "(['/tmp/autopkgtest-qemu.fhdjgiuv/runcmd', 'sh', '-ec', 'cd /tmp/autopkgtest.p8e2FV/test-superlu-artifacts/; tar --warning=none -c . -f -'], ['tar', '--directory', '/home/minami/Documents/openkylin-riscv/test/superlu/artifacts/', '--warning=none', '--preserve-permissions', '--extract', '--no-same-owner', '-f', '-'])"]
autopkgtest-virt-qemu: DBG: ['srcstdin', "<_io.BufferedReader name='/dev/null'>", 'deststdout', "<_io.BufferedReader name='/dev/null'>", 'devnull_read', <_io.BufferedReader name='/dev/null'>]
autopkgtest-virt-qemu: DBG:  +< /tmp/autopkgtest-qemu.fhdjgiuv/runcmd sh -ec cd /tmp/autopkgtest.p8e2FV/test-superlu-artifacts/; tar --warning=none -c . -f -
autopkgtest-virt-qemu: DBG:  +> tar --directory /home/minami/Documents/openkylin-riscv/test/superlu/artifacts/ --warning=none --preserve-permissions --extract --no-same-owner -f -
autopkgtest-virt-qemu: DBG:  +>?
autopkgtest-virt-qemu: DBG:  +<?
autopkgtest: DBG: got reply from testbed: ok
autopkgtest: DBG: testbed command ['rm', '-rf', '/tmp/autopkgtest.p8e2FV/test-superlu-artifacts', '/tmp/autopkgtest.p8e2FV/autopkgtest_tmp'], kind short, sout raw, serr pipe, env []
autopkgtest: DBG: testbed command exited with code 0
autopkgtest: DBG: needs_reset, previously=False, requested by run_tests() line 208
autopkgtest [13:07:38]: @@@@@@@@@@@@@@@@@@@@ summary
test-superlu         PASS
autopkgtest: DBG: testbed stop
autopkgtest: DBG: testbed close, scratch=/tmp/autopkgtest.p8e2FV
autopkgtest: DBG: sending command to testbed: close
autopkgtest-virt-qemu: DBG: executing close
autopkgtest-virt-qemu: DBG: cleanup...
qemu-system-riscv64: terminating on signal 15 from pid 991177 (/usr/bin/python3)
autopkgtest: DBG: got reply from testbed: ok
autopkgtest: DBG: sending command to testbed: quit
autopkgtest-virt-qemu: DBG: executing quit
autopkgtest-virt-qemu: DBG: cleanup...
