-- The C compiler identification is GNU 9.3.0
-- Check for working C compiler: /usr/bin/cc
-- Check for working C compiler: /usr/bin/cc -- works
-- Detecting C compiler ABI info
-- Detecting C compiler ABI info - done
-- Detecting C compile features
-- Detecting C compile features - done
-- The Fortran compiler identification is GNU 9.3.0
-- Check for working Fortran compiler: /usr/bin/gfortran
-- Check for working Fortran compiler: /usr/bin/gfortran  -- works
-- Detecting Fortran compiler ABI info
-- Detecting Fortran compiler ABI info - done
-- Checking whether /usr/bin/gfortran supports Fortran 90
-- Checking whether /usr/bin/gfortran supports Fortran 90 -- yes
-- Configuring done
-- Generating done
-- Build files have been written to: /tmp/autopkgtest.p8e2FV/build.VEC/src/testdir
Test project /tmp/autopkgtest.p8e2FV/build.VEC/src/testdir
      Start  1: s_test_9_2_0_LA
 1/24 Test  #1: s_test_9_2_0_LA ..................   Passed    0.32 sec
      Start  2: s_test_9_2_10000000_LA
 2/24 Test  #2: s_test_9_2_10000000_LA ...........   Passed    0.29 sec
      Start  3: s_test_19_2_0_LA
 3/24 Test  #3: s_test_19_2_0_LA .................   Passed    0.30 sec
      Start  4: s_test_19_2_10000000_LA
 4/24 Test  #4: s_test_19_2_10000000_LA ..........   Passed    0.29 sec
      Start  5: s_test_2_0_SP
 5/24 Test  #5: s_test_2_0_SP ....................   Passed    0.29 sec
      Start  6: s_test_2_10000000_SP
 6/24 Test  #6: s_test_2_10000000_SP .............   Passed    0.31 sec
      Start  7: d_test_9_2_0_LA
 7/24 Test  #7: d_test_9_2_0_LA ..................   Passed    0.30 sec
      Start  8: d_test_9_2_10000000_LA
 8/24 Test  #8: d_test_9_2_10000000_LA ...........   Passed    0.30 sec
      Start  9: d_test_19_2_0_LA
 9/24 Test  #9: d_test_19_2_0_LA .................   Passed    0.29 sec
      Start 10: d_test_19_2_10000000_LA
10/24 Test #10: d_test_19_2_10000000_LA ..........   Passed    0.30 sec
      Start 11: d_test_2_0_SP
11/24 Test #11: d_test_2_0_SP ....................   Passed    0.29 sec
      Start 12: d_test_2_10000000_SP
12/24 Test #12: d_test_2_10000000_SP .............   Passed    0.29 sec
      Start 13: c_test_9_2_0_LA
13/24 Test #13: c_test_9_2_0_LA ..................   Passed    0.30 sec
      Start 14: c_test_9_2_10000000_LA
14/24 Test #14: c_test_9_2_10000000_LA ...........   Passed    0.29 sec
      Start 15: c_test_19_2_0_LA
15/24 Test #15: c_test_19_2_0_LA .................   Passed    0.29 sec
      Start 16: c_test_19_2_10000000_LA
16/24 Test #16: c_test_19_2_10000000_LA ..........   Passed    0.30 sec
      Start 17: c_test_2_0_SP
17/24 Test #17: c_test_2_0_SP ....................   Passed    0.32 sec
      Start 18: c_test_2_10000000_SP
18/24 Test #18: c_test_2_10000000_SP .............   Passed    0.29 sec
      Start 19: z_test_9_2_0_LA
19/24 Test #19: z_test_9_2_0_LA ..................   Passed    0.30 sec
      Start 20: z_test_9_2_10000000_LA
20/24 Test #20: z_test_9_2_10000000_LA ...........   Passed    0.44 sec
      Start 21: z_test_19_2_0_LA
21/24 Test #21: z_test_19_2_0_LA .................   Passed    0.30 sec
      Start 22: z_test_19_2_10000000_LA
22/24 Test #22: z_test_19_2_10000000_LA ..........   Passed    0.29 sec
      Start 23: z_test_2_0_SP
23/24 Test #23: z_test_2_0_SP ....................   Passed    0.31 sec
      Start 24: z_test_2_10000000_SP
24/24 Test #24: z_test_2_10000000_SP .............   Passed    0.33 sec

100% tests passed, 0 tests failed out of 24

Total Test time (real) =   7.59 sec
