t/00-basic.t .................... 
ok 1 - use B::Hooks::EndOfScope;
ok 2 - on_scope_end imported
ok 3 - .. and has the right prototype
ok 4 - first callback invoked
ok 5 - .. but the second is invoked later
ok 6 - value still set at runtime
1..6
ok
t/00-report-prereqs.t ........... 
1..1
# 
# Versions for all modules listed in static metadata (including optional ones):
# 
# === Configure Requires ===
# 
#     Module              Want Have
#     ------------------- ---- ----
#     ExtUtils::MakeMaker  any 7.34
#     Text::ParseWords     any 3.30
# 
# === Test Requires ===
# 
#     Module              Want     Have
#     ------------------- ---- --------
#     ExtUtils::MakeMaker  any     7.34
#     File::Glob           any     1.32
#     File::Spec           any     3.78
#     IPC::Open2           any     1.04
#     Test::More          0.88 1.302162
#     lib                  any     0.65
# 
# === Test Recommends ===
# 
#     Module         Want     Have
#     ---------- -------- --------
#     CPAN::Meta 2.120900 2.150010
# 
# === Runtime Requires ===
# 
#     Module                         Want     Have
#     -------------------------- -------- --------
#     Module::Implementation         0.05     0.09
#     Scalar::Util                    any     1.50
#     Sub::Exporter::Progressive 0.001006 0.001013
#     strict                          any     1.11
#     warnings                        any     1.44
# 
# === Other Modules ===
# 
#     Module             Have
#     --------------- -------
#     DynaLoader         1.45
#     Encode             3.01
#     File::Temp       0.2309
#     JSON::PP           4.02
#     Module::Runtime   0.016
#     Sub::Name       missing
#     Try::Tiny          0.31
#     YAML            missing
#     autodie            2.29
# 
ok 1 - Reported prereqs
ok
t/01-eval.t ..................... 
ok 1 - callback invoked
1..1
ok
t/02-localise.t ................. 
ok 1
ok 2
ok 3
ok 4
ok 5
ok 6
ok 7
ok 8
ok 9
1..9
ok
t/05-exception_xs.t ............. 
ok 1
ok 2
ok 3 - no segfault
1..3
ok
t/06-exception_pp.t ............. skipped: Skipping PP fallback test in XS mode
t/07-nested.t ................... 
1..1
ok 1 - on_scope_end used in module where loading module used on_scope_end
ok
t/10-test_without_vm_pure_pp.t .. 
# retesting t/00-basic.t
   ok 1 - use B::Hooks::EndOfScope;
   ok 2 - on_scope_end imported
   ok 3 - .. and has the right prototype
   ok 4 - first callback invoked
   ok 5 - .. but the second is invoked later
   ok 6 - value still set at runtime
   1..6
ok 1 - Wstat 0 from: /usr/bin/perl -MDevel::Hide=Variable::Magic t/00-basic.t
# retesting t/01-eval.t
   ok 1 - callback invoked
   1..1
ok 2 - Wstat 0 from: /usr/bin/perl -MDevel::Hide=Variable::Magic t/01-eval.t
# retesting t/02-localise.t
   ok 1
   ok 2
   ok 3
   ok 4
   ok 5
   ok 6
   ok 7
   ok 8
   ok 9
   1..9
ok 3 - Wstat 0 from: /usr/bin/perl -MDevel::Hide=Variable::Magic t/02-localise.t
# retesting t/05-exception_xs.t
   1..0 # SKIP Skiping XS test in PP mode
ok 4 - Wstat 0 from: /usr/bin/perl -MDevel::Hide=Variable::Magic t/05-exception_xs.t
# retesting t/06-exception_pp.t
   ok 1 - Warning on lost callback exception correctly emited
   1..1
ok 5 - Wstat 0 from: /usr/bin/perl -MDevel::Hide=Variable::Magic t/06-exception_pp.t
# retesting t/07-nested.t
   1..1
   ok 1 - on_scope_end used in module where loading module used on_scope_end
ok 6 - Wstat 0 from: /usr/bin/perl -MDevel::Hide=Variable::Magic t/07-nested.t
1..6
ok
t/11-direct_xs.t ................ 
ok 1 - on_scope_end imported
ok 2 - .. and has the right prototype
ok 3 - value set at compiletime
ok 4 - value still set at runtime
1..4
ok
t/12-direct_pp.t ................ 
ok 1 - on_scope_end imported
ok 2 - .. and has the right prototype
ok 3 - value set at compiletime
ok 4 - value still set at runtime
1..4
ok
All tests successful.
Files=10, Tests=35, 18 wallclock secs ( 0.48 usr  0.23 sys + 13.65 cusr  3.92 csys = 18.28 CPU)
Result: PASS
