autopkgtest: DBG: testbed init
autopkgtest [19:05:13]: starting date and time: 2023-02-16 19:05:13+0800
autopkgtest [19:05:13]: version 5.28
autopkgtest [19:05:13]: host debian; command line: /usr/bin/autopkgtest /home/minami/Documents/openkylin-riscv/src/libb-hooks-endofscope-perl_0.26-ok1.dsc -o /home/minami/Documents/openkylin-riscv/test/libb-hooks-endofscope-perl -d -B -- qemu -u root -p openkylin --qemu-architecture=riscv64 -c 8 --ram-size=8192 -d '--qemu-options=-machine virt -kernel /home/minami/Documents/ukylin/u-boot.bin' /home/minami/Documents/openkylin-riscv/testing.qcow2
autopkgtest: DBG: got reply from testbed: ok
autopkgtest: DBG: testbed open, scratch=None
autopkgtest: DBG: sending command to testbed: open
autopkgtest-virt-qemu: DBG: executing open
autopkgtest-virt-qemu: DBG: find_free_port: trying 10022
autopkgtest-virt-qemu: DBG: find_free_port: 10022 is free
autopkgtest-virt-qemu: DBG: autopkgtest does not know how to boot this machine, hopefully nothing special needs to be done?
autopkgtest-virt-qemu: DBG: qemu architecture: riscv64
autopkgtest-virt-qemu: DBG: qemu command: qemu-system-riscv64
autopkgtest-virt-qemu: DBG: execute-timeout: qemu-img info --output=json /home/minami/Documents/openkylin-riscv/testing.qcow2
autopkgtest-virt-qemu: DBG: Creating temporary overlay image in /tmp/autopkgtest-qemu.psm6dqoh/overlay.img
autopkgtest-virt-qemu: DBG: execute-timeout: qemu-img create -f qcow2 -F qcow2 -b /home/minami/Documents/openkylin-riscv/testing.qcow2 /tmp/autopkgtest-qemu.psm6dqoh/overlay.img
autopkgtest-virt-qemu: DBG: Forwarding local port 10022 to VM ssh port 22
autopkgtest-virt-qemu: DBG: Assuming nothing special needs to be done to set up firmware to boot this machine (boot method: none)
autopkgtest-virt-qemu: DBG: full qemu command-line: ['qemu-system-riscv64', '-m', '8192', '-smp', '8', '-nographic', '-device', 'virtio-net-device,netdev=usernet', '-netdev', 'user,id=usernet,hostfwd=tcp:127.0.0.1:10022-:22', '-object', 'rng-random,filename=/dev/urandom,id=rng0', '-device', 'virtio-rng-pci,rng=rng0,id=rng-device0', '-monitor', 'unix:/tmp/autopkgtest-qemu.psm6dqoh/monitor,server=on,wait=off', '-virtfs', 'local,id=autopkgtest,path=/tmp/autopkgtest-qemu.psm6dqoh/shared,security_model=none,mount_tag=autopkgtest', '-device', 'virtio-serial', '-chardev', 'socket,path=/tmp/autopkgtest-qemu.psm6dqoh/hvc0,server=on,wait=off,id=hvc0', '-device', 'virtconsole,chardev=hvc0', '-chardev', 'socket,path=/tmp/autopkgtest-qemu.psm6dqoh/hvc1,server=on,wait=off,id=hvc1', '-device', 'virtconsole,chardev=hvc1', '-serial', 'unix:/tmp/autopkgtest-qemu.psm6dqoh/ttyS0,server=on,wait=off', '-drive', 'index=0,file=/tmp/autopkgtest-qemu.psm6dqoh/overlay.img,format=qcow2,cache=unsafe,if=virtio,discard=unmap', '-machine', 'virt', '-kernel', '/home/minami/Documents/ukylin/u-boot.bin']
autopkgtest-virt-qemu: DBG: expect: b' login: '
autopkgtest-virt-qemu: DBG: expect: found "'login prompt on serial console'"
autopkgtest-virt-qemu: DBG: expect: b'ok'
autopkgtest-virt-qemu: DBG: expect: found "b'ok'"
autopkgtest-virt-qemu: DBG: setup_shell(): there already is a shell on hvc1
qemu-system-riscv64: warning: 9p: degraded performance: a reasonable high msize should be chosen on client/guest side (chosen msize is <= 8192). See https://wiki.qemu.org/Documentation/9psetup#msize for details.
autopkgtest-virt-qemu: DBG: expect: b'20f27db0-6ff3-4da9-99c3-94cf1c171c30[1]'
autopkgtest-virt-qemu: DBG: expect: found "b'20f27db0-6ff3-4da9-99c3-94cf1c171c30[1]'"
autopkgtest-virt-qemu: DBG: expect: b'20f27db0-6ff3-4da9-99c3-94cf1c171c30[2]'
autopkgtest-virt-qemu: DBG: expect: found "b'20f27db0-6ff3-4da9-99c3-94cf1c171c30[2]'"
autopkgtest-virt-qemu: DBG: expect: b'20f27db0-6ff3-4da9-99c3-94cf1c171c30[3]'
autopkgtest-virt-qemu: DBG: expect: found "b'20f27db0-6ff3-4da9-99c3-94cf1c171c30[3]'"
autopkgtest-virt-qemu: DBG: expect: b'/python'
autopkgtest-virt-qemu: DBG: expect: found "b'/python'"
autopkgtest-virt-qemu: DBG: expect: b'# '
autopkgtest-virt-qemu: DBG: expect: found "b'# '"
autopkgtest-virt-qemu: DBG: expect: b'20f27db0-6ff3-4da9-99c3-94cf1c171c30[4]'
autopkgtest-virt-qemu: DBG: expect: found "b'20f27db0-6ff3-4da9-99c3-94cf1c171c30[4]'"
autopkgtest-virt-qemu: DBG: execute-timeout: /tmp/autopkgtest-qemu.psm6dqoh/runcmd true
autopkgtest-virt-qemu: DBG: can connect to autopkgtest sh in VM
autopkgtest-virt-qemu: DBG: expect: b'20f27db0-6ff3-4da9-99c3-94cf1c171c30[5]'
autopkgtest-virt-qemu: DBG: expect: found "b'20f27db0-6ff3-4da9-99c3-94cf1c171c30[5]'"
autopkgtest-virt-qemu: DBG: determine_normal_user: got user "openkylin"
autopkgtest-virt-qemu: DBG: auxverb = ['/tmp/autopkgtest-qemu.psm6dqoh/runcmd'], downtmp = None
autopkgtest-virt-qemu: DBG: execute-timeout: /tmp/autopkgtest-qemu.psm6dqoh/runcmd mktemp --directory --tmpdir autopkgtest.XXXXXX
autopkgtest-virt-qemu: DBG: execute-timeout: /tmp/autopkgtest-qemu.psm6dqoh/runcmd chmod 1777 /tmp/autopkgtest.gfNE7k
autopkgtest: DBG: got reply from testbed: ok /tmp/autopkgtest.gfNE7k
autopkgtest: DBG: sending command to testbed: print-execute-command
autopkgtest-virt-qemu: DBG: executing print-execute-command
autopkgtest: DBG: got reply from testbed: ok /tmp/autopkgtest-qemu.psm6dqoh/runcmd
autopkgtest: DBG: sending command to testbed: capabilities
autopkgtest-virt-qemu: DBG: executing capabilities
autopkgtest: DBG: got reply from testbed: ok isolation-machine reboot revert revert-full-system root-on-testbed suggested-normal-user=openkylin
autopkgtest: DBG: testbed capabilities: ['isolation-machine', 'reboot', 'revert', 'revert-full-system', 'root-on-testbed', 'suggested-normal-user=openkylin', 'has_internet']
autopkgtest: DBG: testbed command ['mkdir', '-p', '/tmp/autopkgtest.gfNE7k'], kind short, sout raw, serr pipe, env []
autopkgtest: DBG: testbed command exited with code 0
autopkgtest: DBG: sending command to testbed: copydown /usr/share/autopkgtest/lib/in-testbed/wrapper.sh /tmp/autopkgtest.gfNE7k/wrapper.sh
autopkgtest-virt-qemu: DBG: executing copydown /usr/share/autopkgtest/lib/in-testbed/wrapper.sh /tmp/autopkgtest.gfNE7k/wrapper.sh
autopkgtest-virt-qemu: DBG: ['cmdls', "(['cat'], ['/tmp/autopkgtest-qemu.psm6dqoh/runcmd', 'sh', '-ec', 'cat >/tmp/autopkgtest.gfNE7k/wrapper.sh; chmod +x -- /tmp/autopkgtest.gfNE7k/wrapper.sh'])"]
autopkgtest-virt-qemu: DBG: ['srcstdin', "<_io.BufferedReader name='/usr/share/autopkgtest/lib/in-testbed/wrapper.sh'>", 'deststdout', "<_io.BufferedReader name='/dev/null'>", 'devnull_read', <_io.BufferedReader name='/dev/null'>]
autopkgtest-virt-qemu: DBG:  +< cat
autopkgtest-virt-qemu: DBG:  +> /tmp/autopkgtest-qemu.psm6dqoh/runcmd sh -ec cat >/tmp/autopkgtest.gfNE7k/wrapper.sh; chmod +x -- /tmp/autopkgtest.gfNE7k/wrapper.sh
autopkgtest-virt-qemu: DBG:  +>?
autopkgtest-virt-qemu: DBG:  +<?
autopkgtest: DBG: got reply from testbed: ok
autopkgtest: DBG: testbed command ['chmod', '-R', '0755', '--', '/tmp/autopkgtest.gfNE7k/wrapper.sh'], kind short, sout raw, serr pipe, env []
autopkgtest: DBG: testbed command exited with code 0
autopkgtest: DBG: testbed command ['dpkg', '--print-architecture'], kind short, sout pipe, serr pipe, env []
autopkgtest: DBG: testbed command exited with code 0
autopkgtest [19:05:58]: testbed dpkg architecture: riscv64
autopkgtest: DBG: testbed command ['sh', '-ec', 'command -v eatmydata'], kind short, sout pipe, serr pipe, env []
autopkgtest: DBG: testbed command exited with code 127
autopkgtest: DBG: testbed command ['sh', '-ec', 'command -v dpkg-query'], kind short, sout pipe, serr pipe, env []
autopkgtest: DBG: testbed command exited with code 0
autopkgtest: DBG: testbed command ['sh', '-ec', "dpkg-query --show -f '${Package}\\t${Version}\\n' > /tmp/autopkgtest.gfNE7k/testbed-packages"], kind short, sout raw, serr pipe, env []
autopkgtest: DBG: testbed command exited with code 0
autopkgtest: DBG: sending command to testbed: copyup /tmp/autopkgtest.gfNE7k/testbed-packages /home/minami/Documents/openkylin-riscv/test/libb-hooks-endofscope-perl/testbed-packages
autopkgtest-virt-qemu: DBG: executing copyup /tmp/autopkgtest.gfNE7k/testbed-packages /home/minami/Documents/openkylin-riscv/test/libb-hooks-endofscope-perl/testbed-packages
autopkgtest-virt-qemu: DBG: ['cmdls', "(['/tmp/autopkgtest-qemu.psm6dqoh/runcmd', 'sh', '-ec', 'cat </tmp/autopkgtest.gfNE7k/testbed-packages'], ['cat'])"]
autopkgtest-virt-qemu: DBG: ['srcstdin', "<_io.BufferedReader name='/dev/null'>", 'deststdout', "<_io.BufferedWriter name='/home/minami/Documents/openkylin-riscv/test/libb-hooks-endofscope-perl/testbed-packages'>", 'devnull_read', <_io.BufferedReader name='/dev/null'>]
autopkgtest-virt-qemu: DBG:  +< /tmp/autopkgtest-qemu.psm6dqoh/runcmd sh -ec cat </tmp/autopkgtest.gfNE7k/testbed-packages
autopkgtest-virt-qemu: DBG:  +> cat
autopkgtest-virt-qemu: DBG:  +>?
autopkgtest-virt-qemu: DBG:  +<?
autopkgtest: DBG: got reply from testbed: ok
autopkgtest: DBG: testbed supports reboot, creating /tmp/autopkgtest-reboot
autopkgtest: DBG: testbed command ['mkdir', '-p', '/tmp/autopkgtest.gfNE7k'], kind short, sout raw, serr pipe, env []
autopkgtest: DBG: testbed command exited with code 0
autopkgtest: DBG: sending command to testbed: copydown /usr/share/autopkgtest/lib/in-testbed/reboot.sh /tmp/autopkgtest.gfNE7k/autopkgtest-reboot
autopkgtest-virt-qemu: DBG: executing copydown /usr/share/autopkgtest/lib/in-testbed/reboot.sh /tmp/autopkgtest.gfNE7k/autopkgtest-reboot
autopkgtest-virt-qemu: DBG: ['cmdls', "(['cat'], ['/tmp/autopkgtest-qemu.psm6dqoh/runcmd', 'sh', '-ec', 'cat >/tmp/autopkgtest.gfNE7k/autopkgtest-reboot; chmod +x -- /tmp/autopkgtest.gfNE7k/autopkgtest-reboot'])"]
autopkgtest-virt-qemu: DBG: ['srcstdin', "<_io.BufferedReader name='/usr/share/autopkgtest/lib/in-testbed/reboot.sh'>", 'deststdout', "<_io.BufferedReader name='/dev/null'>", 'devnull_read', <_io.BufferedReader name='/dev/null'>]
autopkgtest-virt-qemu: DBG:  +< cat
autopkgtest-virt-qemu: DBG:  +> /tmp/autopkgtest-qemu.psm6dqoh/runcmd sh -ec cat >/tmp/autopkgtest.gfNE7k/autopkgtest-reboot; chmod +x -- /tmp/autopkgtest.gfNE7k/autopkgtest-reboot
autopkgtest-virt-qemu: DBG:  +>?
autopkgtest-virt-qemu: DBG:  +<?
autopkgtest: DBG: got reply from testbed: ok
autopkgtest: DBG: testbed command ['chmod', '-R', '0755', '--', '/tmp/autopkgtest.gfNE7k/autopkgtest-reboot'], kind short, sout raw, serr pipe, env []
autopkgtest: DBG: testbed command exited with code 0
autopkgtest: DBG: testbed command ['ln', '-fns', '/tmp/autopkgtest.gfNE7k/autopkgtest-reboot', '/tmp/autopkgtest-reboot'], kind short, sout raw, serr pipe, env []
autopkgtest: DBG: testbed command exited with code 0
autopkgtest: DBG: testbed command ['ln', '-fns', '/tmp/autopkgtest.gfNE7k/autopkgtest-reboot', '/sbin/autopkgtest-reboot'], kind short, sout raw, serr pipe, env []
autopkgtest: DBG: testbed command exited with code 0
autopkgtest: DBG: testbed command ['mkdir', '-p', '/tmp/autopkgtest.gfNE7k'], kind short, sout raw, serr pipe, env []
autopkgtest: DBG: testbed command exited with code 0
autopkgtest: DBG: sending command to testbed: copydown /usr/share/autopkgtest/lib/in-testbed/reboot-prepare.sh /tmp/autopkgtest.gfNE7k/autopkgtest-reboot-prepare
autopkgtest-virt-qemu: DBG: executing copydown /usr/share/autopkgtest/lib/in-testbed/reboot-prepare.sh /tmp/autopkgtest.gfNE7k/autopkgtest-reboot-prepare
autopkgtest-virt-qemu: DBG: ['cmdls', "(['cat'], ['/tmp/autopkgtest-qemu.psm6dqoh/runcmd', 'sh', '-ec', 'cat >/tmp/autopkgtest.gfNE7k/autopkgtest-reboot-prepare; chmod +x -- /tmp/autopkgtest.gfNE7k/autopkgtest-reboot-prepare'])"]
autopkgtest-virt-qemu: DBG: ['srcstdin', "<_io.BufferedReader name='/usr/share/autopkgtest/lib/in-testbed/reboot-prepare.sh'>", 'deststdout', "<_io.BufferedReader name='/dev/null'>", 'devnull_read', <_io.BufferedReader name='/dev/null'>]
autopkgtest-virt-qemu: DBG:  +< cat
autopkgtest-virt-qemu: DBG:  +> /tmp/autopkgtest-qemu.psm6dqoh/runcmd sh -ec cat >/tmp/autopkgtest.gfNE7k/autopkgtest-reboot-prepare; chmod +x -- /tmp/autopkgtest.gfNE7k/autopkgtest-reboot-prepare
autopkgtest-virt-qemu: DBG:  +>?
autopkgtest-virt-qemu: DBG:  +<?
autopkgtest: DBG: got reply from testbed: ok
autopkgtest: DBG: testbed command ['chmod', '-R', '0755', '--', '/tmp/autopkgtest.gfNE7k/autopkgtest-reboot-prepare'], kind short, sout raw, serr pipe, env []
autopkgtest: DBG: testbed command exited with code 0
autopkgtest: DBG: testbed command ['ln', '-fns', '/tmp/autopkgtest.gfNE7k/autopkgtest-reboot-prepare', '/tmp/autopkgtest-reboot-prepare'], kind short, sout raw, serr pipe, env []
autopkgtest: DBG: testbed command exited with code 0
autopkgtest: DBG: testbed command ['uname', '-srv'], kind short, sout pipe, serr pipe, env []
autopkgtest: DBG: testbed command exited with code 0
autopkgtest [19:06:06]: testbed running kernel: Linux 5.11.0-1030-generic #34 SMP Fri Mar 11 15:27:17 CST 2022
autopkgtest: DBG: testbed command ['sh', '-c', 'nproc; cat /proc/cpuinfo 2>/dev/null || true'], kind short, sout pipe, serr pipe, env []
autopkgtest: DBG: testbed command exited with code 0
autopkgtest: DBG: Binaries: initialising
autopkgtest [19:06:06]: @@@@@@@@@@@@@@@@@@@@ source /home/minami/Documents/openkylin-riscv/src/libb-hooks-endofscope-perl_0.26-ok1.dsc
autopkgtest: DBG: blame += /home/minami/Documents/openkylin-riscv/src/libb-hooks-endofscope-perl_0.26-ok1.dsc
autopkgtest: DBG: testbed reset: modified=False, deps_installed=[], deps_new=[]
autopkgtest: DBG: testbed command ['mkdir', '-p', '/tmp/autopkgtest.gfNE7k'], kind short, sout raw, serr pipe, env []
autopkgtest: DBG: testbed command exited with code 0
autopkgtest: DBG: sending command to testbed: copydown /home/minami/Documents/openkylin-riscv/src/libb-hooks-endofscope-perl_0.26-ok1.dsc /tmp/autopkgtest.gfNE7k/libb-hooks-endofscope-perl_0.26-ok1.dsc
autopkgtest-virt-qemu: DBG: executing copydown /home/minami/Documents/openkylin-riscv/src/libb-hooks-endofscope-perl_0.26-ok1.dsc /tmp/autopkgtest.gfNE7k/libb-hooks-endofscope-perl_0.26-ok1.dsc
autopkgtest-virt-qemu: DBG: ['cmdls', "(['cat'], ['/tmp/autopkgtest-qemu.psm6dqoh/runcmd', 'sh', '-ec', 'cat >/tmp/autopkgtest.gfNE7k/libb-hooks-endofscope-perl_0.26-ok1.dsc'])"]
autopkgtest-virt-qemu: DBG: ['srcstdin', "<_io.BufferedReader name='/home/minami/Documents/openkylin-riscv/src/libb-hooks-endofscope-perl_0.26-ok1.dsc'>", 'deststdout', "<_io.BufferedReader name='/dev/null'>", 'devnull_read', <_io.BufferedReader name='/dev/null'>]
autopkgtest-virt-qemu: DBG:  +< cat
autopkgtest-virt-qemu: DBG:  +> /tmp/autopkgtest-qemu.psm6dqoh/runcmd sh -ec cat >/tmp/autopkgtest.gfNE7k/libb-hooks-endofscope-perl_0.26-ok1.dsc
autopkgtest-virt-qemu: DBG:  +>?
autopkgtest-virt-qemu: DBG:  +<?
autopkgtest: DBG: got reply from testbed: ok
autopkgtest: DBG: testbed command ['chown', '-R', 'openkylin', '--', '/tmp/autopkgtest.gfNE7k/libb-hooks-endofscope-perl_0.26-ok1.dsc'], kind short, sout raw, serr pipe, env []
autopkgtest: DBG: testbed command exited with code 0
autopkgtest: DBG: testbed command ['mkdir', '-p', '/tmp/autopkgtest.gfNE7k'], kind short, sout raw, serr pipe, env []
autopkgtest: DBG: testbed command exited with code 0
autopkgtest: DBG: sending command to testbed: copydown /home/minami/Documents/openkylin-riscv/src/libb-hooks-endofscope-perl_0.26.orig.tar.gz /tmp/autopkgtest.gfNE7k/libb-hooks-endofscope-perl_0.26.orig.tar.gz
autopkgtest-virt-qemu: DBG: executing copydown /home/minami/Documents/openkylin-riscv/src/libb-hooks-endofscope-perl_0.26.orig.tar.gz /tmp/autopkgtest.gfNE7k/libb-hooks-endofscope-perl_0.26.orig.tar.gz
autopkgtest-virt-qemu: DBG: ['cmdls', "(['cat'], ['/tmp/autopkgtest-qemu.psm6dqoh/runcmd', 'sh', '-ec', 'cat >/tmp/autopkgtest.gfNE7k/libb-hooks-endofscope-perl_0.26.orig.tar.gz'])"]
autopkgtest-virt-qemu: DBG: ['srcstdin', "<_io.BufferedReader name='/home/minami/Documents/openkylin-riscv/src/libb-hooks-endofscope-perl_0.26.orig.tar.gz'>", 'deststdout', "<_io.BufferedReader name='/dev/null'>", 'devnull_read', <_io.BufferedReader name='/dev/null'>]
autopkgtest-virt-qemu: DBG:  +< cat
autopkgtest-virt-qemu: DBG:  +> /tmp/autopkgtest-qemu.psm6dqoh/runcmd sh -ec cat >/tmp/autopkgtest.gfNE7k/libb-hooks-endofscope-perl_0.26.orig.tar.gz
autopkgtest-virt-qemu: DBG:  +>?
autopkgtest-virt-qemu: DBG:  +<?
autopkgtest: DBG: got reply from testbed: ok
autopkgtest: DBG: testbed command ['chown', '-R', 'openkylin', '--', '/tmp/autopkgtest.gfNE7k/libb-hooks-endofscope-perl_0.26.orig.tar.gz'], kind short, sout raw, serr pipe, env []
autopkgtest: DBG: testbed command exited with code 0
autopkgtest: DBG: testbed command ['mkdir', '-p', '/tmp/autopkgtest.gfNE7k'], kind short, sout raw, serr pipe, env []
autopkgtest: DBG: testbed command exited with code 0
autopkgtest: DBG: sending command to testbed: copydown /home/minami/Documents/openkylin-riscv/src/libb-hooks-endofscope-perl_0.26-ok1.debian.tar.xz /tmp/autopkgtest.gfNE7k/libb-hooks-endofscope-perl_0.26-ok1.debian.tar.xz
autopkgtest-virt-qemu: DBG: executing copydown /home/minami/Documents/openkylin-riscv/src/libb-hooks-endofscope-perl_0.26-ok1.debian.tar.xz /tmp/autopkgtest.gfNE7k/libb-hooks-endofscope-perl_0.26-ok1.debian.tar.xz
autopkgtest-virt-qemu: DBG: ['cmdls', "(['cat'], ['/tmp/autopkgtest-qemu.psm6dqoh/runcmd', 'sh', '-ec', 'cat >/tmp/autopkgtest.gfNE7k/libb-hooks-endofscope-perl_0.26-ok1.debian.tar.xz'])"]
autopkgtest-virt-qemu: DBG: ['srcstdin', "<_io.BufferedReader name='/home/minami/Documents/openkylin-riscv/src/libb-hooks-endofscope-perl_0.26-ok1.debian.tar.xz'>", 'deststdout', "<_io.BufferedReader name='/dev/null'>", 'devnull_read', <_io.BufferedReader name='/dev/null'>]
autopkgtest-virt-qemu: DBG:  +< cat
autopkgtest-virt-qemu: DBG:  +> /tmp/autopkgtest-qemu.psm6dqoh/runcmd sh -ec cat >/tmp/autopkgtest.gfNE7k/libb-hooks-endofscope-perl_0.26-ok1.debian.tar.xz
autopkgtest-virt-qemu: DBG:  +>?
autopkgtest-virt-qemu: DBG:  +<?
autopkgtest: DBG: got reply from testbed: ok
autopkgtest: DBG: testbed command ['chown', '-R', 'openkylin', '--', '/tmp/autopkgtest.gfNE7k/libb-hooks-endofscope-perl_0.26-ok1.debian.tar.xz'], kind short, sout raw, serr pipe, env []
autopkgtest: DBG: testbed command exited with code 0
autopkgtest: DBG: install_deps: deps_new=[]
autopkgtest: DBG: testbed command ['sh', '-ec', 'command -v dpkg-source'], kind short, sout pipe, serr pipe, env []
autopkgtest: DBG: testbed command exited with code 0
autopkgtest: DBG: testbed command ['sh', '-ec', 'su --shell=/bin/sh openkylin -c \'set -e; exec 3>&1 >&2; set -x; cd /; builddir=$(mktemp -d /tmp/autopkgtest.gfNE7k/build.XXX); cd $builddir; dpkg-source -x "/tmp/autopkgtest.gfNE7k/libb-hooks-endofscope-perl_0.26-ok1.dsc" src; chmod -R a+rX .; cd [a-z0-9]*/.; pwd >&3; sed -n "1 {s/).*//; s/ (/\\n/; p}" debian/changelog >&3\''], kind build, sout pipe, serr raw, env []
+ cd /
+ mktemp -d /tmp/autopkgtest.gfNE7k/build.XXX
+ builddir=/tmp/autopkgtest.gfNE7k/build.o6B
+ cd /tmp/autopkgtest.gfNE7k/build.o6B
+ dpkg-source -x /tmp/autopkgtest.gfNE7k/libb-hooks-endofscope-perl_0.26-ok1.dsc src
gpgv: unknown type of key resource 'trustedkeys.kbx'
gpgv: keyblock resource '/tmp/dpkg-verify-sig.rU_jxmfW/trustedkeys.kbx': General error
gpgv: Signature made Wed 28 Sep 2022 06:36:55 AM UTC
gpgv:                using RSA key 64FBB79F5EAE64D792E94CFE0716F00F842CD274
gpgv: Can't check signature: No public key
dpkg-source: warning: cannot verify signature /tmp/autopkgtest.gfNE7k/libb-hooks-endofscope-perl_0.26-ok1.dsc
dpkg-source: info: extracting libb-hooks-endofscope-perl in src
dpkg-source: info: unpacking libb-hooks-endofscope-perl_0.26.orig.tar.gz
dpkg-source: info: unpacking libb-hooks-endofscope-perl_0.26-ok1.debian.tar.xz
+ chmod -R a+rX .
+ cd src/.
+ pwd
+ sed -n 1 {s/).*//; s/ (/\n/; p} debian/changelog
autopkgtest: DBG: testbed command exited with code 0
autopkgtest [19:06:16]: testing package libb-hooks-endofscope-perl version 0.26-ok1
autopkgtest: DBG: sending command to testbed: copyup /tmp/autopkgtest.gfNE7k/build.o6B/src/debian/ /home/minami/Documents/openkylin-riscv/test/libb-hooks-endofscope-perl/pkg/debian/
autopkgtest-virt-qemu: DBG: executing copyup /tmp/autopkgtest.gfNE7k/build.o6B/src/debian/ /home/minami/Documents/openkylin-riscv/test/libb-hooks-endofscope-perl/pkg/debian/
autopkgtest-virt-qemu: DBG: ['cmdls', "(['/tmp/autopkgtest-qemu.psm6dqoh/runcmd', 'sh', '-ec', 'cd /tmp/autopkgtest.gfNE7k/build.o6B/src/debian/; tar --warning=none -c . -f -'], ['tar', '--directory', '/home/minami/Documents/openkylin-riscv/test/libb-hooks-endofscope-perl/pkg/debian/', '--warning=none', '--preserve-permissions', '--extract', '--no-same-owner', '-f', '-'])"]
autopkgtest-virt-qemu: DBG: ['srcstdin', "<_io.BufferedReader name='/dev/null'>", 'deststdout', "<_io.BufferedReader name='/dev/null'>", 'devnull_read', <_io.BufferedReader name='/dev/null'>]
autopkgtest-virt-qemu: DBG:  +< /tmp/autopkgtest-qemu.psm6dqoh/runcmd sh -ec cd /tmp/autopkgtest.gfNE7k/build.o6B/src/debian/; tar --warning=none -c . -f -
autopkgtest-virt-qemu: DBG:  +> tar --directory /home/minami/Documents/openkylin-riscv/test/libb-hooks-endofscope-perl/pkg/debian/ --warning=none --preserve-permissions --extract --no-same-owner -f -
autopkgtest-virt-qemu: DBG:  +>?
autopkgtest-virt-qemu: DBG:  +<?
autopkgtest: DBG: got reply from testbed: ok
autopkgtest: DBG: autodep8 generated control: -----
Test-Command: /usr/share/pkg-perl-autopkgtest/runner build-deps
Depends: @, @builddeps@, pkg-perl-autopkgtest, 
Restrictions: skippable, 
Features: test-name=autodep8-perl-build-deps


Test-Command: /usr/share/pkg-perl-autopkgtest/runner runtime-deps
Depends: @, pkg-perl-autopkgtest, 
Restrictions: skippable, superficial, 
Features: test-name=autodep8-perl


Test-Command: /usr/share/pkg-perl-autopkgtest/runner runtime-deps-and-recommends
Depends: @, pkg-perl-autopkgtest, 
Restrictions: needs-recommends, skippable, superficial, 
Features: test-name=autodep8-perl-recommends


-------
autopkgtest: DBG: processing dependency @
autopkgtest: DBG: synthesised dependency libb-hooks-endofscope-perl
autopkgtest: DBG: processing dependency @builddeps@
autopkgtest: DBG: synthesised dependency debhelper-compat (= 13)
autopkgtest: DBG: synthesised dependency libdevel-hide-perl
autopkgtest: DBG: synthesised dependency libextutils-hascompiler-perl
autopkgtest: DBG: synthesised dependency libmodule-implementation-perl
autopkgtest: DBG: synthesised dependency libsub-exporter-progressive-perl
autopkgtest: DBG: synthesised dependency libvariable-magic-perl
autopkgtest: DBG: synthesised dependency perl
autopkgtest: DBG: synthesised dependency build-essential
autopkgtest: DBG: processing dependency pkg-perl-autopkgtest
autopkgtest: DBG: Test defined: name autodep8-perl-build-deps path None command "/usr/share/pkg-perl-autopkgtest/runner build-deps" restrictions ['skippable'] features ['test-name=autodep8-perl-build-deps'] depends ['libb-hooks-endofscope-perl', 'debhelper-compat (= 13)', 'libdevel-hide-perl', 'libextutils-hascompiler-perl', 'libmodule-implementation-perl', 'libsub-exporter-progressive-perl', 'libvariable-magic-perl', 'perl', 'build-essential', 'pkg-perl-autopkgtest'] 
autopkgtest: DBG: processing dependency @
autopkgtest: DBG: synthesised dependency libb-hooks-endofscope-perl
autopkgtest: DBG: processing dependency pkg-perl-autopkgtest
autopkgtest: DBG: Test defined: name autodep8-perl path None command "/usr/share/pkg-perl-autopkgtest/runner runtime-deps" restrictions ['skippable', 'superficial'] features ['test-name=autodep8-perl'] depends ['libb-hooks-endofscope-perl', 'pkg-perl-autopkgtest'] 
autopkgtest: DBG: processing dependency @
autopkgtest: DBG: synthesised dependency libb-hooks-endofscope-perl
autopkgtest: DBG: processing dependency pkg-perl-autopkgtest
autopkgtest: DBG: processing dependency @recommends@
autopkgtest: DBG: Test defined: name autodep8-perl-recommends path None command "/usr/share/pkg-perl-autopkgtest/runner runtime-deps-and-recommends" restrictions ['needs-recommends', 'skippable', 'superficial'] features ['test-name=autodep8-perl-recommends'] depends ['libb-hooks-endofscope-perl', 'pkg-perl-autopkgtest'] 
autopkgtest [19:06:17]: build not needed
autopkgtest: DBG: sending command to testbed: copyup /tmp/autopkgtest.gfNE7k/build.o6B/src/ /home/minami/Documents/openkylin-riscv/test/libb-hooks-endofscope-perl/tests-tree/
autopkgtest-virt-qemu: DBG: executing copyup /tmp/autopkgtest.gfNE7k/build.o6B/src/ /home/minami/Documents/openkylin-riscv/test/libb-hooks-endofscope-perl/tests-tree/
autopkgtest-virt-qemu: DBG: ['cmdls', "(['/tmp/autopkgtest-qemu.psm6dqoh/runcmd', 'sh', '-ec', 'cd /tmp/autopkgtest.gfNE7k/build.o6B/src/; tar --warning=none -c . -f -'], ['tar', '--directory', '/home/minami/Documents/openkylin-riscv/test/libb-hooks-endofscope-perl/tests-tree/', '--warning=none', '--preserve-permissions', '--extract', '--no-same-owner', '-f', '-'])"]
autopkgtest-virt-qemu: DBG: ['srcstdin', "<_io.BufferedReader name='/dev/null'>", 'deststdout', "<_io.BufferedReader name='/dev/null'>", 'devnull_read', <_io.BufferedReader name='/dev/null'>]
autopkgtest-virt-qemu: DBG:  +< /tmp/autopkgtest-qemu.psm6dqoh/runcmd sh -ec cd /tmp/autopkgtest.gfNE7k/build.o6B/src/; tar --warning=none -c . -f -
autopkgtest-virt-qemu: DBG:  +> tar --directory /home/minami/Documents/openkylin-riscv/test/libb-hooks-endofscope-perl/tests-tree/ --warning=none --preserve-permissions --extract --no-same-owner -f -
autopkgtest-virt-qemu: DBG:  +>?
autopkgtest-virt-qemu: DBG:  +<?
autopkgtest: DBG: got reply from testbed: ok
autopkgtest: DBG: autodep8 generated control: -----
Test-Command: /usr/share/pkg-perl-autopkgtest/runner build-deps
Depends: @, @builddeps@, pkg-perl-autopkgtest, 
Restrictions: skippable, 
Features: test-name=autodep8-perl-build-deps


Test-Command: /usr/share/pkg-perl-autopkgtest/runner runtime-deps
Depends: @, pkg-perl-autopkgtest, 
Restrictions: skippable, superficial, 
Features: test-name=autodep8-perl


Test-Command: /usr/share/pkg-perl-autopkgtest/runner runtime-deps-and-recommends
Depends: @, pkg-perl-autopkgtest, 
Restrictions: needs-recommends, skippable, superficial, 
Features: test-name=autodep8-perl-recommends


-------
autopkgtest: DBG: processing dependency @
autopkgtest: DBG: synthesised dependency libb-hooks-endofscope-perl
autopkgtest: DBG: processing dependency @builddeps@
autopkgtest: DBG: synthesised dependency debhelper-compat (= 13)
autopkgtest: DBG: synthesised dependency libdevel-hide-perl
autopkgtest: DBG: synthesised dependency libextutils-hascompiler-perl
autopkgtest: DBG: synthesised dependency libmodule-implementation-perl
autopkgtest: DBG: synthesised dependency libsub-exporter-progressive-perl
autopkgtest: DBG: synthesised dependency libvariable-magic-perl
autopkgtest: DBG: synthesised dependency perl
autopkgtest: DBG: synthesised dependency build-essential
autopkgtest: DBG: processing dependency pkg-perl-autopkgtest
autopkgtest: DBG: Test defined: name autodep8-perl-build-deps path None command "/usr/share/pkg-perl-autopkgtest/runner build-deps" restrictions ['skippable'] features ['test-name=autodep8-perl-build-deps'] depends ['libb-hooks-endofscope-perl', 'debhelper-compat (= 13)', 'libdevel-hide-perl', 'libextutils-hascompiler-perl', 'libmodule-implementation-perl', 'libsub-exporter-progressive-perl', 'libvariable-magic-perl', 'perl', 'build-essential', 'pkg-perl-autopkgtest'] 
autopkgtest: DBG: processing dependency @
autopkgtest: DBG: synthesised dependency libb-hooks-endofscope-perl
autopkgtest: DBG: processing dependency pkg-perl-autopkgtest
autopkgtest: DBG: Test defined: name autodep8-perl path None command "/usr/share/pkg-perl-autopkgtest/runner runtime-deps" restrictions ['skippable', 'superficial'] features ['test-name=autodep8-perl'] depends ['libb-hooks-endofscope-perl', 'pkg-perl-autopkgtest'] 
autopkgtest: DBG: processing dependency @
autopkgtest: DBG: synthesised dependency libb-hooks-endofscope-perl
autopkgtest: DBG: processing dependency pkg-perl-autopkgtest
autopkgtest: DBG: processing dependency @recommends@
autopkgtest: DBG: Test defined: name autodep8-perl-recommends path None command "/usr/share/pkg-perl-autopkgtest/runner runtime-deps-and-recommends" restrictions ['needs-recommends', 'skippable', 'superficial'] features ['test-name=autodep8-perl-recommends'] depends ['libb-hooks-endofscope-perl', 'pkg-perl-autopkgtest'] 
autopkgtest [19:06:17]: test autodep8-perl-build-deps: preparing testbed
autopkgtest: DBG: testbed reset: modified=False, deps_installed=[], deps_new=['libb-hooks-endofscope-perl', 'debhelper-compat (= 13)', 'libdevel-hide-perl', 'libextutils-hascompiler-perl', 'libmodule-implementation-perl', 'libsub-exporter-progressive-perl', 'libvariable-magic-perl', 'perl', 'build-essential', 'pkg-perl-autopkgtest']
autopkgtest: DBG: Binaries: no registered binaries, not publishing anything
autopkgtest: DBG: install_deps: deps_new=['libb-hooks-endofscope-perl', 'debhelper-compat (= 13)', 'libdevel-hide-perl', 'libextutils-hascompiler-perl', 'libmodule-implementation-perl', 'libsub-exporter-progressive-perl', 'libvariable-magic-perl', 'perl', 'build-essential', 'pkg-perl-autopkgtest']
autopkgtest: DBG: install-deps: satisfying libb-hooks-endofscope-perl, debhelper-compat (= 13), libdevel-hide-perl, libextutils-hascompiler-perl, libmodule-implementation-perl, libsub-exporter-progressive-perl, libvariable-magic-perl, perl, build-essential, pkg-perl-autopkgtest
autopkgtest: DBG: install-deps: architecture resolved: libb-hooks-endofscope-perl, debhelper-compat (= 13), libdevel-hide-perl, libextutils-hascompiler-perl, libmodule-implementation-perl, libsub-exporter-progressive-perl, libvariable-magic-perl, perl, build-essential, pkg-perl-autopkgtest
autopkgtest: DBG: testbed command ['test', '-w', '/var/lib/dpkg/status'], kind short, sout raw, serr raw, env []
autopkgtest: DBG: testbed command exited with code 0
autopkgtest: DBG: can use apt-get on testbed: True
autopkgtest: DBG: testbed command ['mkdir', '-p', '/tmp/autopkgtest.gfNE7k'], kind short, sout raw, serr pipe, env []
autopkgtest: DBG: testbed command exited with code 0
autopkgtest: DBG: sending command to testbed: copydown /home/minami/Documents/openkylin-riscv/test/libb-hooks-endofscope-perl/1-autopkgtest-satdep.deb /tmp/autopkgtest.gfNE7k/1-autopkgtest-satdep.deb
autopkgtest-virt-qemu: DBG: executing copydown /home/minami/Documents/openkylin-riscv/test/libb-hooks-endofscope-perl/1-autopkgtest-satdep.deb /tmp/autopkgtest.gfNE7k/1-autopkgtest-satdep.deb
autopkgtest-virt-qemu: DBG: ['cmdls', "(['cat'], ['/tmp/autopkgtest-qemu.psm6dqoh/runcmd', 'sh', '-ec', 'cat >/tmp/autopkgtest.gfNE7k/1-autopkgtest-satdep.deb'])"]
autopkgtest-virt-qemu: DBG: ['srcstdin', "<_io.BufferedReader name='/home/minami/Documents/openkylin-riscv/test/libb-hooks-endofscope-perl/1-autopkgtest-satdep.deb'>", 'deststdout', "<_io.BufferedReader name='/dev/null'>", 'devnull_read', <_io.BufferedReader name='/dev/null'>]
autopkgtest-virt-qemu: DBG:  +< cat
autopkgtest-virt-qemu: DBG:  +> /tmp/autopkgtest-qemu.psm6dqoh/runcmd sh -ec cat >/tmp/autopkgtest.gfNE7k/1-autopkgtest-satdep.deb
autopkgtest-virt-qemu: DBG:  +>?
autopkgtest-virt-qemu: DBG:  +<?
autopkgtest: DBG: got reply from testbed: ok
autopkgtest: DBG: testbed command ['chown', '-R', 'openkylin', '--', '/tmp/autopkgtest.gfNE7k/1-autopkgtest-satdep.deb'], kind short, sout raw, serr pipe, env []
autopkgtest: DBG: testbed command exited with code 0
autopkgtest: DBG: testbed command ['dpkg', '--unpack', '/tmp/autopkgtest.gfNE7k/1-autopkgtest-satdep.deb'], kind short, sout pipe, serr pipe, env []
autopkgtest: DBG: testbed command exited with code 0
autopkgtest: DBG: testbed command ['/bin/sh', '-ec', ' apt-get install --assume-yes --fix-broken -o APT::Status-Fd=3 -o APT::Install-Recommends=false -o Dpkg::Options::=--force-confnew -o Debug::pkgProblemResolver=true 3>&2 2>&1'], kind install, sout raw, serr pipe, env ['DEBIAN_FRONTEND=noninteractive', 'APT_LISTBUGS_FRONTEND=none', 'APT_LISTCHANGES_FRONTEND=none']
Reading package lists...
Building dependency tree...
Reading state information...
Correcting dependencies...Starting pkgProblemResolver with broken count: 0
Starting 2 pkgProblemResolver with broken count: 0
Done
 Done
Starting pkgProblemResolver with broken count: 0
Starting 2 pkgProblemResolver with broken count: 0
Done
The following packages were automatically installed and are no longer required:
  libdjvulibre-text libdjvulibre21 libegl-dev libgl-dev libglu1-mesa-dev
  libglx-dev libmpdec2 libvulkan-dev libx11-dev libxau-dev libxcb1-dev
  libxdmcp-dev libxext-dev qt5-qmake qt5-qmake-bin x11proto-core-dev
  x11proto-dev xorg-sgml-doctools xtrans-dev
Use 'apt autoremove' to remove them.
The following additional packages will be installed:
  autoconf autodep8 automake autopoint autotools-dev build-essential
  dctrl-tools debhelper debugedit dh-autoreconf dh-strip-nondeterminism dwz
  g++ g++-9 gcc gcc-9 intltool-debian libarchive-zip-perl
  libb-hooks-endofscope-perl libb-hooks-op-check-perl libcc1-0
  libdebhelper-perl libdevel-callchecker-perl libdevel-hide-perl
  libdynaloader-functions-perl libextutils-hascompiler-perl
  libfile-stripnondeterminism-perl libmodule-implementation-perl
  libmodule-runtime-perl libparams-classify-perl libsigsegv2
  libsub-exporter-progressive-perl libsub-override-perl libtool
  libtry-tiny-perl libvariable-magic-perl m4 pkg-perl-autopkgtest po-debconf
Suggested packages:
  autoconf-archive gnu-standards autoconf-doc debtags dh-make gcc-9-doc bison
  flex gcc-doc gcc-multilib gdb manpages-dev gcc-9-locales
  libscalar-number-perl libtool-doc gfortran | fortran95-compiler gcj-jdk
  libsub-name-perl m4-doc libmail-box-perl
Recommended packages:
  libarchive-cpio-perl libltdl-dev libmail-sendmail-perl
The following NEW packages will be installed:
  autoconf autodep8 automake autopoint autotools-dev build-essential
  dctrl-tools debhelper debugedit dh-autoreconf dh-strip-nondeterminism dwz
  g++ g++-9 gcc gcc-9 intltool-debian libarchive-zip-perl
  libb-hooks-endofscope-perl libb-hooks-op-check-perl libcc1-0
  libdebhelper-perl libdevel-callchecker-perl libdevel-hide-perl
  libdynaloader-functions-perl libextutils-hascompiler-perl
  libfile-stripnondeterminism-perl libmodule-implementation-perl
  libmodule-runtime-perl libparams-classify-perl libsigsegv2
  libsub-exporter-progressive-perl libsub-override-perl libtool
  libtry-tiny-perl libvariable-magic-perl m4 pkg-perl-autopkgtest po-debconf
0 upgraded, 39 newly installed, 0 to remove and 18 not upgraded.
1 not fully installed or removed.
Need to get 18.6 MB of archives.
After this operation, 46.1 MB of additional disk space will be used.
Get:1 http://archive.build.openkylin.top/openkylin yangtze/main riscv64 libb-hooks-op-check-perl riscv64 0.22-ok2 [13.4 kB]
Get:2 http://archive.build.openkylin.top/openkylin yangtze/main riscv64 libdynaloader-functions-perl all 0.003-ok2 [11.8 kB]
Get:3 http://ppa.build.openkylin.top/kylinsoft/anything/openkylin yangtze/main riscv64 libextutils-hascompiler-perl all 0.021-ok1 [7,114 B]
Get:4 http://archive.build.openkylin.top/openkylin yangtze/main riscv64 libdevel-callchecker-perl riscv64 0.008-ok3 [13.5 kB]
Get:5 http://archive.build.openkylin.top/openkylin yangtze/main riscv64 libparams-classify-perl riscv64 0.015-ok2 [19.4 kB]
Get:6 http://archive.build.openkylin.top/openkylin yangtze/main riscv64 libmodule-runtime-perl all 0.016-ok2 [15.3 kB]
Get:7 http://archive.build.openkylin.top/openkylin yangtze/main riscv64 libtry-tiny-perl all 0.31-ok1 [20.5 kB]
Get:8 http://archive.build.openkylin.top/openkylin yangtze/main riscv64 libmodule-implementation-perl all 0.09-ok2 [11.5 kB]
Get:9 http://ppa.build.openkylin.top/kylinsoft/anything/openkylin yangtze/main riscv64 autodep8 all 0.22-ok1 [10.1 kB]
Get:10 http://ppa.build.openkylin.top/kylinsoft/anything/openkylin yangtze/main riscv64 pkg-perl-autopkgtest all 0.59-ok1 [8,208 B]
Get:11 http://archive.build.openkylin.top/openkylin yangtze/main riscv64 libsub-exporter-progressive-perl all 0.001013-ok2 [12.8 kB]
Get:12 http://archive.build.openkylin.top/openkylin yangtze/main riscv64 libvariable-magic-perl riscv64 0.62-ok2 [33.5 kB]
Get:13 http://archive.build.openkylin.top/openkylin yangtze/main riscv64 libb-hooks-endofscope-perl all 0.26-ok1 [20.7 kB]
Get:14 http://archive.build.openkylin.top/openkylin yangtze/main riscv64 autotools-dev all 20220506-ok1 [41.6 kB]
Get:15 http://archive.build.openkylin.top/openkylin yangtze/main riscv64 debugedit riscv64 1:5.0-ok1 [71.2 kB]
Get:16 http://archive.build.openkylin.top/openkylin yangtze/main riscv64 libsigsegv2 riscv64 2.12-ok1 [11.5 kB]
Get:17 http://archive.build.openkylin.top/openkylin yangtze/main riscv64 m4 riscv64 1.4.18-ok2 [191 kB]
Get:18 http://archive.build.openkylin.top/openkylin yangtze/main riscv64 autoconf all 2.71-ok2 [390 kB]
Get:19 http://archive.build.openkylin.top/openkylin yangtze/main riscv64 automake all 1:1.16.5-ok1 [557 kB]
Get:20 http://archive.build.openkylin.top/openkylin yangtze/main riscv64 autopoint all 0.19.8.1-ok1 [410 kB]
Get:21 http://archive.build.openkylin.top/openkylin yangtze/main riscv64 libdebhelper-perl all 13.6-ok1 [61.4 kB]
Get:22 http://archive.build.openkylin.top/openkylin yangtze/main riscv64 libcc1-0 riscv64 10-20200411-ok5 [42.3 kB]
Get:23 http://archive.build.openkylin.top/openkylin yangtze/main riscv64 gcc-9 riscv64 9.3.0-ok4 [7,417 kB]
Get:24 http://archive.build.openkylin.top/openkylin yangtze/main riscv64 gcc riscv64 4:9.3.0-ok7 [5,160 B]
Get:25 http://archive.build.openkylin.top/openkylin yangtze/main riscv64 libtool all 2.4.6-ok1 [159 kB]
Get:26 http://archive.build.openkylin.top/openkylin yangtze/main riscv64 dh-autoreconf all 20-ok1 [16.3 kB]
Get:27 http://archive.build.openkylin.top/openkylin yangtze/main riscv64 libarchive-zip-perl all 1.68-ok1 [90.7 kB]
Get:28 http://archive.build.openkylin.top/openkylin yangtze/main riscv64 libsub-override-perl all 0.09-ok2 [8,374 B]
Get:29 http://archive.build.openkylin.top/openkylin yangtze/main riscv64 libfile-stripnondeterminism-perl all 1.13.0-ok1 [16.8 kB]
Get:30 http://archive.build.openkylin.top/openkylin yangtze/main riscv64 dh-strip-nondeterminism all 1.13.0-ok1 [5,334 B]
Get:31 http://archive.build.openkylin.top/openkylin yangtze/main riscv64 dwz riscv64 0.14-ok1 [123 kB]
Get:32 http://archive.build.openkylin.top/openkylin yangtze/main riscv64 intltool-debian all 0.35.0+20060710.5-ok2 [23.2 kB]
Get:33 http://archive.build.openkylin.top/openkylin yangtze/main riscv64 po-debconf all 1.0.21+nmu1-ok1 [227 kB]
Get:34 http://archive.build.openkylin.top/openkylin yangtze/main riscv64 debhelper all 13.6-ok1 [931 kB]
Get:35 http://archive.build.openkylin.top/openkylin yangtze/main riscv64 libdevel-hide-perl all 0.0015-ok2 [11.5 kB]
Get:36 http://archive.build.openkylin.top/openkylin yangtze/main riscv64 g++-9 riscv64 9.3.0-ok4 [7,571 kB]
Get:37 http://archive.build.openkylin.top/openkylin yangtze/main riscv64 g++ riscv64 4:9.3.0-ok7 [1,470 B]
Get:38 http://archive.build.openkylin.top/openkylin yangtze/main riscv64 build-essential riscv64 12.8-ok1 [4,000 B]
Get:39 http://archive.build.openkylin.top/openkylin yangtze/main riscv64 dctrl-tools riscv64 2.24-ok1 [55.6 kB]
Fetched 18.6 MB in 6s (3,021 kB/s)
Selecting previously unselected package libb-hooks-op-check-perl:riscv64.
(Reading database ... (Reading database ... 5%(Reading database ... 10%(Reading database ... 15%(Reading database ... 20%(Reading database ... 25%(Reading database ... 30%(Reading database ... 35%(Reading database ... 40%(Reading database ... 45%(Reading database ... 50%(Reading database ... 55%(Reading database ... 60%(Reading database ... 65%(Reading database ... 70%(Reading database ... 75%(Reading database ... 80%(Reading database ... 85%(Reading database ... 90%(Reading database ... 95%(Reading database ... 100%(Reading database ... 161111 files and directories currently installed.)
Preparing to unpack .../00-libb-hooks-op-check-perl_0.22-ok2_riscv64.deb ...
Unpacking libb-hooks-op-check-perl:riscv64 (0.22-ok2) ...
Selecting previously unselected package libdynaloader-functions-perl.
Preparing to unpack .../01-libdynaloader-functions-perl_0.003-ok2_all.deb ...
Unpacking libdynaloader-functions-perl (0.003-ok2) ...
Selecting previously unselected package libdevel-callchecker-perl.
Preparing to unpack .../02-libdevel-callchecker-perl_0.008-ok3_riscv64.deb ...
Unpacking libdevel-callchecker-perl (0.008-ok3) ...
Selecting previously unselected package libparams-classify-perl:riscv64.
Preparing to unpack .../03-libparams-classify-perl_0.015-ok2_riscv64.deb ...
Unpacking libparams-classify-perl:riscv64 (0.015-ok2) ...
Selecting previously unselected package libmodule-runtime-perl.
Preparing to unpack .../04-libmodule-runtime-perl_0.016-ok2_all.deb ...
Unpacking libmodule-runtime-perl (0.016-ok2) ...
Selecting previously unselected package libtry-tiny-perl.
Preparing to unpack .../05-libtry-tiny-perl_0.31-ok1_all.deb ...
Unpacking libtry-tiny-perl (0.31-ok1) ...
Selecting previously unselected package libmodule-implementation-perl.
Preparing to unpack .../06-libmodule-implementation-perl_0.09-ok2_all.deb ...
Unpacking libmodule-implementation-perl (0.09-ok2) ...
Selecting previously unselected package libsub-exporter-progressive-perl.
Preparing to unpack .../07-libsub-exporter-progressive-perl_0.001013-ok2_all.deb ...
Unpacking libsub-exporter-progressive-perl (0.001013-ok2) ...
Selecting previously unselected package libvariable-magic-perl.
Preparing to unpack .../08-libvariable-magic-perl_0.62-ok2_riscv64.deb ...
Unpacking libvariable-magic-perl (0.62-ok2) ...
Selecting previously unselected package libb-hooks-endofscope-perl.
Preparing to unpack .../09-libb-hooks-endofscope-perl_0.26-ok1_all.deb ...
Unpacking libb-hooks-endofscope-perl (0.26-ok1) ...
Selecting previously unselected package autotools-dev.
Preparing to unpack .../10-autotools-dev_20220506-ok1_all.deb ...
Unpacking autotools-dev (20220506-ok1) ...
Selecting previously unselected package debugedit.
Preparing to unpack .../11-debugedit_1%3a5.0-ok1_riscv64.deb ...
Unpacking debugedit (1:5.0-ok1) ...
Selecting previously unselected package libsigsegv2:riscv64.
Preparing to unpack .../12-libsigsegv2_2.12-ok1_riscv64.deb ...
Unpacking libsigsegv2:riscv64 (2.12-ok1) ...
Selecting previously unselected package m4.
Preparing to unpack .../13-m4_1.4.18-ok2_riscv64.deb ...
Unpacking m4 (1.4.18-ok2) ...
Selecting previously unselected package autoconf.
Preparing to unpack .../14-autoconf_2.71-ok2_all.deb ...
Unpacking autoconf (2.71-ok2) ...
Selecting previously unselected package automake.
Preparing to unpack .../15-automake_1%3a1.16.5-ok1_all.deb ...
Unpacking automake (1:1.16.5-ok1) ...
Selecting previously unselected package autopoint.
Preparing to unpack .../16-autopoint_0.19.8.1-ok1_all.deb ...
Unpacking autopoint (0.19.8.1-ok1) ...
Selecting previously unselected package libdebhelper-perl.
Preparing to unpack .../17-libdebhelper-perl_13.6-ok1_all.deb ...
Unpacking libdebhelper-perl (13.6-ok1) ...
Selecting previously unselected package libcc1-0:riscv64.
Preparing to unpack .../18-libcc1-0_10-20200411-ok5_riscv64.deb ...
Unpacking libcc1-0:riscv64 (10-20200411-ok5) ...
Selecting previously unselected package gcc-9.
Preparing to unpack .../19-gcc-9_9.3.0-ok4_riscv64.deb ...
Unpacking gcc-9 (9.3.0-ok4) ...
Selecting previously unselected package gcc.
Preparing to unpack .../20-gcc_4%3a9.3.0-ok7_riscv64.deb ...
Unpacking gcc (4:9.3.0-ok7) ...
Selecting previously unselected package libtool.
Preparing to unpack .../21-libtool_2.4.6-ok1_all.deb ...
Unpacking libtool (2.4.6-ok1) ...
Selecting previously unselected package dh-autoreconf.
Preparing to unpack .../22-dh-autoreconf_20-ok1_all.deb ...
Unpacking dh-autoreconf (20-ok1) ...
Selecting previously unselected package libarchive-zip-perl.
Preparing to unpack .../23-libarchive-zip-perl_1.68-ok1_all.deb ...
Unpacking libarchive-zip-perl (1.68-ok1) ...
Selecting previously unselected package libsub-override-perl.
Preparing to unpack .../24-libsub-override-perl_0.09-ok2_all.deb ...
Unpacking libsub-override-perl (0.09-ok2) ...
Selecting previously unselected package libfile-stripnondeterminism-perl.
Preparing to unpack .../25-libfile-stripnondeterminism-perl_1.13.0-ok1_all.deb ...
Unpacking libfile-stripnondeterminism-perl (1.13.0-ok1) ...
Selecting previously unselected package dh-strip-nondeterminism.
Preparing to unpack .../26-dh-strip-nondeterminism_1.13.0-ok1_all.deb ...
Unpacking dh-strip-nondeterminism (1.13.0-ok1) ...
Selecting previously unselected package dwz.
Preparing to unpack .../27-dwz_0.14-ok1_riscv64.deb ...
Unpacking dwz (0.14-ok1) ...
Selecting previously unselected package intltool-debian.
Preparing to unpack .../28-intltool-debian_0.35.0+20060710.5-ok2_all.deb ...
Unpacking intltool-debian (0.35.0+20060710.5-ok2) ...
Selecting previously unselected package po-debconf.
Preparing to unpack .../29-po-debconf_1.0.21+nmu1-ok1_all.deb ...
Unpacking po-debconf (1.0.21+nmu1-ok1) ...
Selecting previously unselected package debhelper.
Preparing to unpack .../30-debhelper_13.6-ok1_all.deb ...
Unpacking debhelper (13.6-ok1) ...
Selecting previously unselected package libdevel-hide-perl.
Preparing to unpack .../31-libdevel-hide-perl_0.0015-ok2_all.deb ...
Unpacking libdevel-hide-perl (0.0015-ok2) ...
Selecting previously unselected package libextutils-hascompiler-perl.
Preparing to unpack .../32-libextutils-hascompiler-perl_0.021-ok1_all.deb ...
Unpacking libextutils-hascompiler-perl (0.021-ok1) ...
Selecting previously unselected package g++-9.
Preparing to unpack .../33-g++-9_9.3.0-ok4_riscv64.deb ...
Unpacking g++-9 (9.3.0-ok4) ...
Selecting previously unselected package g++.
Preparing to unpack .../34-g++_4%3a9.3.0-ok7_riscv64.deb ...
Unpacking g++ (4:9.3.0-ok7) ...
Selecting previously unselected package build-essential.
Preparing to unpack .../35-build-essential_12.8-ok1_riscv64.deb ...
Unpacking build-essential (12.8-ok1) ...
Selecting previously unselected package dctrl-tools.
Preparing to unpack .../36-dctrl-tools_2.24-ok1_riscv64.deb ...
Unpacking dctrl-tools (2.24-ok1) ...
Selecting previously unselected package autodep8.
Preparing to unpack .../37-autodep8_0.22-ok1_all.deb ...
Unpacking autodep8 (0.22-ok1) ...
Selecting previously unselected package pkg-perl-autopkgtest.
Preparing to unpack .../38-pkg-perl-autopkgtest_0.59-ok1_all.deb ...
Unpacking pkg-perl-autopkgtest (0.59-ok1) ...
Setting up libdevel-hide-perl (0.0015-ok2) ...
Setting up libdynaloader-functions-perl (0.003-ok2) ...
Setting up libarchive-zip-perl (1.68-ok1) ...
Setting up libdebhelper-perl (13.6-ok1) ...
Setting up libtry-tiny-perl (0.31-ok1) ...
Setting up libextutils-hascompiler-perl (0.021-ok1) ...
Setting up intltool-debian (0.35.0+20060710.5-ok2) ...
Setting up autotools-dev (20220506-ok1) ...
Setting up libsigsegv2:riscv64 (2.12-ok1) ...
Setting up libvariable-magic-perl (0.62-ok2) ...
Setting up autopoint (0.19.8.1-ok1) ...
Setting up libb-hooks-op-check-perl:riscv64 (0.22-ok2) ...
Setting up libsub-exporter-progressive-perl (0.001013-ok2) ...
Setting up dwz (0.14-ok1) ...
Setting up debugedit (1:5.0-ok1) ...
Setting up libsub-override-perl (0.09-ok2) ...
Setting up libcc1-0:riscv64 (10-20200411-ok5) ...
Setting up dctrl-tools (2.24-ok1) ...
Setting up autodep8 (0.22-ok1) ...
Setting up libfile-stripnondeterminism-perl (1.13.0-ok1) ...
Setting up gcc-9 (9.3.0-ok4) ...
Setting up libtool (2.4.6-ok1) ...
Setting up po-debconf (1.0.21+nmu1-ok1) ...
Setting up m4 (1.4.18-ok2) ...
Setting up libdevel-callchecker-perl (0.008-ok3) ...
Setting up gcc (4:9.3.0-ok7) ...
Setting up g++-9 (9.3.0-ok4) ...
Setting up pkg-perl-autopkgtest (0.59-ok1) ...
Setting up autoconf (2.71-ok2) ...
Setting up dh-strip-nondeterminism (1.13.0-ok1) ...
Setting up g++ (4:9.3.0-ok7) ...
update-alternatives: using /usr/bin/g++ to provide /usr/bin/c++ (c++) in auto mode
Setting up build-essential (12.8-ok1) ...
Setting up automake (1:1.16.5-ok1) ...
update-alternatives: using /usr/bin/automake-1.16 to provide /usr/bin/automake (automake) in auto mode
Setting up libparams-classify-perl:riscv64 (0.015-ok2) ...
Setting up dh-autoreconf (20-ok1) ...
Setting up libmodule-runtime-perl (0.016-ok2) ...
Setting up libmodule-implementation-perl (0.09-ok2) ...
Setting up debhelper (13.6-ok1) ...
Setting up libb-hooks-endofscope-perl (0.26-ok1) ...
Setting up autopkgtest-satdep (0) ...
Processing triggers for man-db (2.9.1-ok3) ...
Processing triggers for install-info (6.7.0.dfsg.2-ok1) ...
Processing triggers for libc-bin (2.36-ok2) ...
autopkgtest: DBG: testbed command exited with code 0
autopkgtest: DBG: testbed command ['dpkg-query', '--show', '-f', '${Status}', 'libb-hooks-endofscope-perl'], kind short, sout pipe, serr pipe, env []
autopkgtest: DBG: testbed command exited with code 0
autopkgtest: DBG: testbed command ['dpkg', '--status', 'autopkgtest-satdep'], kind short, sout pipe, serr pipe, env []
autopkgtest: DBG: testbed command exited with code 0
autopkgtest: DBG: testbed command ['apt-get', '--simulate', '--quiet', '-o', 'APT::Get::Show-User-Simulation-Note=False', '--auto-remove', 'purge', 'autopkgtest-satdep'], kind short, sout pipe, serr pipe, env []
autopkgtest: DBG: testbed command exited with code 0
autopkgtest: DBG: Marking test dependencies as manually installed: pkg-perl-autopkgtest autodep8 dctrl-tools dh-autoreconf debhelper dh-strip-nondeterminism debugedit dwz po-debconf intltool-debian libfile-stripnondeterminism-perl libarchive-zip-perl libb-hooks-endofscope-perl libmodule-implementation-perl libmodule-runtime-perl libparams-classify-perl libdevel-callchecker-perl libb-hooks-op-check-perl libdebhelper-perl libdevel-hide-perl libdjvulibre21 libdjvulibre-text libdynaloader-functions-perl libegl-dev libextutils-hascompiler-perl libglu1-mesa-dev libgl-dev libglx-dev libmpdec2 libsub-exporter-progressive-perl libsub-override-perl libtry-tiny-perl libvariable-magic-perl libvulkan-dev libxext-dev libx11-dev libxcb1-dev libxau-dev libxdmcp-dev qt5-qmake qt5-qmake-bin x11proto-core-dev x11proto-dev xorg-sgml-doctools xtrans-dev
autopkgtest: DBG: testbed command ['apt-mark', 'manual', '-qq', 'pkg-perl-autopkgtest', 'autodep8', 'dctrl-tools', 'dh-autoreconf', 'debhelper', 'dh-strip-nondeterminism', 'debugedit', 'dwz', 'po-debconf', 'intltool-debian', 'libfile-stripnondeterminism-perl', 'libarchive-zip-perl', 'libb-hooks-endofscope-perl', 'libmodule-implementation-perl', 'libmodule-runtime-perl', 'libparams-classify-perl', 'libdevel-callchecker-perl', 'libb-hooks-op-check-perl', 'libdebhelper-perl', 'libdevel-hide-perl'], kind short, sout raw, serr pipe, env []
autopkgtest: DBG: testbed command exited with code 0
autopkgtest: DBG: testbed command ['apt-mark', 'manual', '-qq', 'libdjvulibre21', 'libdjvulibre-text', 'libdynaloader-functions-perl', 'libegl-dev', 'libextutils-hascompiler-perl', 'libglu1-mesa-dev', 'libgl-dev', 'libglx-dev', 'libmpdec2', 'libsub-exporter-progressive-perl', 'libsub-override-perl', 'libtry-tiny-perl', 'libvariable-magic-perl', 'libvulkan-dev', 'libxext-dev', 'libx11-dev', 'libxcb1-dev', 'libxau-dev', 'libxdmcp-dev', 'qt5-qmake'], kind short, sout raw, serr pipe, env []
autopkgtest: DBG: testbed command exited with code 0
autopkgtest: DBG: testbed command ['apt-mark', 'manual', '-qq', 'qt5-qmake-bin', 'x11proto-core-dev', 'x11proto-dev', 'xorg-sgml-doctools', 'xtrans-dev'], kind short, sout raw, serr pipe, env []
autopkgtest: DBG: testbed command exited with code 0
autopkgtest: DBG: testbed command ['dpkg', '--purge', 'autopkgtest-satdep'], kind short, sout raw, serr raw, env []
(Reading database ... 162397 files and directories currently installed.)
Removing autopkgtest-satdep (0) ...
autopkgtest: DBG: testbed command exited with code 0
autopkgtest: DBG: testbed command ['sh', '-ec', 'command -v dpkg-query'], kind short, sout pipe, serr pipe, env []
autopkgtest: DBG: testbed command exited with code 0
autopkgtest: DBG: testbed command ['sh', '-ec', "dpkg-query --show -f '${Package}\\t${Version}\\n' > /tmp/autopkgtest.gfNE7k/autodep8-perl-build-deps-packages.all"], kind short, sout raw, serr pipe, env []
autopkgtest: DBG: testbed command exited with code 0
autopkgtest: DBG: sending command to testbed: copyup /tmp/autopkgtest.gfNE7k/autodep8-perl-build-deps-packages.all /home/minami/Documents/openkylin-riscv/test/libb-hooks-endofscope-perl/autodep8-perl-build-deps-packages.all
autopkgtest-virt-qemu: DBG: executing copyup /tmp/autopkgtest.gfNE7k/autodep8-perl-build-deps-packages.all /home/minami/Documents/openkylin-riscv/test/libb-hooks-endofscope-perl/autodep8-perl-build-deps-packages.all
autopkgtest-virt-qemu: DBG: ['cmdls', "(['/tmp/autopkgtest-qemu.psm6dqoh/runcmd', 'sh', '-ec', 'cat </tmp/autopkgtest.gfNE7k/autodep8-perl-build-deps-packages.all'], ['cat'])"]
autopkgtest-virt-qemu: DBG: ['srcstdin', "<_io.BufferedReader name='/dev/null'>", 'deststdout', "<_io.BufferedWriter name='/home/minami/Documents/openkylin-riscv/test/libb-hooks-endofscope-perl/autodep8-perl-build-deps-packages.all'>", 'devnull_read', <_io.BufferedReader name='/dev/null'>]
autopkgtest-virt-qemu: DBG:  +< /tmp/autopkgtest-qemu.psm6dqoh/runcmd sh -ec cat </tmp/autopkgtest.gfNE7k/autodep8-perl-build-deps-packages.all
autopkgtest-virt-qemu: DBG:  +> cat
autopkgtest-virt-qemu: DBG:  +>?
autopkgtest-virt-qemu: DBG:  +<?
autopkgtest: DBG: got reply from testbed: ok
autopkgtest: DBG: testbed command ['test', '-e', '/tmp/autopkgtest.gfNE7k/build.o6B/src'], kind short, sout raw, serr raw, env []
autopkgtest: DBG: testbed command exited with code 0
autopkgtest: DBG: copydown: tb path /tmp/autopkgtest.gfNE7k/build.o6B/src already exists
autopkgtest [19:07:54]: test autodep8-perl-build-deps: /usr/share/pkg-perl-autopkgtest/runner build-deps
autopkgtest [19:07:54]: test autodep8-perl-build-deps: [-----------------------
autopkgtest: DBG: testbed command ['su', '-s', '/bin/bash', 'openkylin', '-c', 'set -e; export USER=`id -nu`; . /etc/profile >/dev/null 2>&1 || true;  . ~/.profile >/dev/null 2>&1 || true; buildtree="/tmp/autopkgtest.gfNE7k/build.o6B/src"; mkdir -p -m 1777 -- "/tmp/autopkgtest.gfNE7k/autodep8-perl-build-deps-artifacts"; export AUTOPKGTEST_ARTIFACTS="/tmp/autopkgtest.gfNE7k/autodep8-perl-build-deps-artifacts"; export ADT_ARTIFACTS="$AUTOPKGTEST_ARTIFACTS"; mkdir -p -m 755 "/tmp/autopkgtest.gfNE7k/autopkgtest_tmp"; export AUTOPKGTEST_TMP="/tmp/autopkgtest.gfNE7k/autopkgtest_tmp"; export ADTTMP="$AUTOPKGTEST_TMP"; export DEBIAN_FRONTEND=noninteractive; export LANG=C.UTF-8; export DEB_BUILD_OPTIONS=parallel=8; unset LANGUAGE LC_CTYPE LC_NUMERIC LC_TIME LC_COLLATE   LC_MONETARY LC_MESSAGES LC_PAPER LC_NAME LC_ADDRESS   LC_TELEPHONE LC_MEASUREMENT LC_IDENTIFICATION LC_ALL;cd "$buildtree"; exec /tmp/autopkgtest.gfNE7k/wrapper.sh --script-pid-file=/tmp/autopkgtest_script_pid --stderr=/tmp/autopkgtest.gfNE7k/autodep8-perl-build-deps-stderr --stdout=/tmp/autopkgtest.gfNE7k/autodep8-perl-build-deps-stdout -- bash -ec \'/usr/share/pkg-perl-autopkgtest/runner build-deps\' ;'], kind test, sout raw, serr raw, env []
t/00-basic.t .................... 
ok 1 - use B::Hooks::EndOfScope;
ok 2 - on_scope_end imported
ok 3 - .. and has the right prototype
ok 4 - first callback invoked
ok 5 - .. but the second is invoked later
ok 6 - value still set at runtime
1..6
ok
t/00-report-prereqs.t ........... 
1..1
# 
# Versions for all modules listed in static metadata (including optional ones):
# 
# === Configure Requires ===
# 
#     Module              Want Have
#     ------------------- ---- ----
#     ExtUtils::MakeMaker  any 7.34
#     Text::ParseWords     any 3.30
# 
# === Test Requires ===
# 
#     Module              Want     Have
#     ------------------- ---- --------
#     ExtUtils::MakeMaker  any     7.34
#     File::Glob           any     1.32
#     File::Spec           any     3.78
#     IPC::Open2           any     1.04
#     Test::More          0.88 1.302162
#     lib                  any     0.65
# 
# === Test Recommends ===
# 
#     Module         Want     Have
#     ---------- -------- --------
#     CPAN::Meta 2.120900 2.150010
# 
# === Runtime Requires ===
# 
#     Module                         Want     Have
#     -------------------------- -------- --------
#     Module::Implementation         0.05     0.09
#     Scalar::Util                    any     1.50
#     Sub::Exporter::Progressive 0.001006 0.001013
#     strict                          any     1.11
#     warnings                        any     1.44
# 
# === Other Modules ===
# 
#     Module             Have
#     --------------- -------
#     DynaLoader         1.45
#     Encode             3.01
#     File::Temp       0.2309
#     JSON::PP           4.02
#     Module::Runtime   0.016
#     Sub::Name       missing
#     Try::Tiny          0.31
#     YAML            missing
#     autodie            2.29
# 
ok 1 - Reported prereqs
ok
t/01-eval.t ..................... 
ok 1 - callback invoked
1..1
ok
t/02-localise.t ................. 
ok 1
ok 2
ok 3
ok 4
ok 5
ok 6
ok 7
ok 8
ok 9
1..9
ok
t/05-exception_xs.t ............. 
ok 1
ok 2
ok 3 - no segfault
1..3
ok
t/06-exception_pp.t ............. skipped: Skipping PP fallback test in XS mode
t/07-nested.t ................... 
1..1
ok 1 - on_scope_end used in module where loading module used on_scope_end
ok
t/10-test_without_vm_pure_pp.t .. 
# retesting t/00-basic.t
   ok 1 - use B::Hooks::EndOfScope;
   ok 2 - on_scope_end imported
   ok 3 - .. and has the right prototype
   ok 4 - first callback invoked
   ok 5 - .. but the second is invoked later
   ok 6 - value still set at runtime
   1..6
ok 1 - Wstat 0 from: /usr/bin/perl -MDevel::Hide=Variable::Magic t/00-basic.t
# retesting t/01-eval.t
   ok 1 - callback invoked
   1..1
ok 2 - Wstat 0 from: /usr/bin/perl -MDevel::Hide=Variable::Magic t/01-eval.t
# retesting t/02-localise.t
   ok 1
   ok 2
   ok 3
   ok 4
   ok 5
   ok 6
   ok 7
   ok 8
   ok 9
   1..9
ok 3 - Wstat 0 from: /usr/bin/perl -MDevel::Hide=Variable::Magic t/02-localise.t
# retesting t/05-exception_xs.t
   1..0 # SKIP Skiping XS test in PP mode
ok 4 - Wstat 0 from: /usr/bin/perl -MDevel::Hide=Variable::Magic t/05-exception_xs.t
# retesting t/06-exception_pp.t
   ok 1 - Warning on lost callback exception correctly emited
   1..1
ok 5 - Wstat 0 from: /usr/bin/perl -MDevel::Hide=Variable::Magic t/06-exception_pp.t
# retesting t/07-nested.t
   1..1
   ok 1 - on_scope_end used in module where loading module used on_scope_end
ok 6 - Wstat 0 from: /usr/bin/perl -MDevel::Hide=Variable::Magic t/07-nested.t
1..6
ok
t/11-direct_xs.t ................ 
ok 1 - on_scope_end imported
ok 2 - .. and has the right prototype
ok 3 - value set at compiletime
ok 4 - value still set at runtime
1..4
ok
t/12-direct_pp.t ................ 
ok 1 - on_scope_end imported
ok 2 - .. and has the right prototype
ok 3 - value set at compiletime
ok 4 - value still set at runtime
1..4
ok
All tests successful.
Files=10, Tests=35, 18 wallclock secs ( 0.48 usr  0.23 sys + 13.65 cusr  3.92 csys = 18.28 CPU)
Result: PASS
autopkgtest: DBG: testbed command exited with code 0
autopkgtest [19:08:20]: test autodep8-perl-build-deps: -----------------------]
autopkgtest: DBG: testbed executing test finished with exit status 0
autopkgtest: DBG: sending command to testbed: copyup /tmp/autopkgtest.gfNE7k/autodep8-perl-build-deps-stdout /home/minami/Documents/openkylin-riscv/test/libb-hooks-endofscope-perl/autodep8-perl-build-deps-stdout
autopkgtest-virt-qemu: DBG: executing copyup /tmp/autopkgtest.gfNE7k/autodep8-perl-build-deps-stdout /home/minami/Documents/openkylin-riscv/test/libb-hooks-endofscope-perl/autodep8-perl-build-deps-stdout
autopkgtest-virt-qemu: DBG: ['cmdls', "(['/tmp/autopkgtest-qemu.psm6dqoh/runcmd', 'sh', '-ec', 'cat </tmp/autopkgtest.gfNE7k/autodep8-perl-build-deps-stdout'], ['cat'])"]
autopkgtest-virt-qemu: DBG: ['srcstdin', "<_io.BufferedReader name='/dev/null'>", 'deststdout', "<_io.BufferedWriter name='/home/minami/Documents/openkylin-riscv/test/libb-hooks-endofscope-perl/autodep8-perl-build-deps-stdout'>", 'devnull_read', <_io.BufferedReader name='/dev/null'>]
autopkgtest-virt-qemu: DBG:  +< /tmp/autopkgtest-qemu.psm6dqoh/runcmd sh -ec cat </tmp/autopkgtest.gfNE7k/autodep8-perl-build-deps-stdout
autopkgtest-virt-qemu: DBG:  +> cat
autopkgtest-virt-qemu: DBG:  +>?
autopkgtest-virt-qemu: DBG:  +<?
autopkgtest: DBG: got reply from testbed: ok
autopkgtest: DBG: sending command to testbed: copyup /tmp/autopkgtest.gfNE7k/autodep8-perl-build-deps-stderr /home/minami/Documents/openkylin-riscv/test/libb-hooks-endofscope-perl/autodep8-perl-build-deps-stderr
autopkgtest-virt-qemu: DBG: executing copyup /tmp/autopkgtest.gfNE7k/autodep8-perl-build-deps-stderr /home/minami/Documents/openkylin-riscv/test/libb-hooks-endofscope-perl/autodep8-perl-build-deps-stderr
autopkgtest-virt-qemu: DBG: ['cmdls', "(['/tmp/autopkgtest-qemu.psm6dqoh/runcmd', 'sh', '-ec', 'cat </tmp/autopkgtest.gfNE7k/autodep8-perl-build-deps-stderr'], ['cat'])"]
autopkgtest-virt-qemu: DBG: ['srcstdin', "<_io.BufferedReader name='/dev/null'>", 'deststdout', "<_io.BufferedWriter name='/home/minami/Documents/openkylin-riscv/test/libb-hooks-endofscope-perl/autodep8-perl-build-deps-stderr'>", 'devnull_read', <_io.BufferedReader name='/dev/null'>]
autopkgtest-virt-qemu: DBG:  +< /tmp/autopkgtest-qemu.psm6dqoh/runcmd sh -ec cat </tmp/autopkgtest.gfNE7k/autodep8-perl-build-deps-stderr
autopkgtest-virt-qemu: DBG:  +> cat
autopkgtest-virt-qemu: DBG:  +>?
autopkgtest-virt-qemu: DBG:  +<?
autopkgtest: DBG: got reply from testbed: ok
autopkgtest [19:08:21]: test autodep8-perl-build-deps:  - - - - - - - - - - results - - - - - - - - - -
autodep8-perl-build-deps PASS
autopkgtest: DBG: sending command to testbed: copyup /tmp/autopkgtest.gfNE7k/autodep8-perl-build-deps-artifacts/ /home/minami/Documents/openkylin-riscv/test/libb-hooks-endofscope-perl/artifacts/
autopkgtest-virt-qemu: DBG: executing copyup /tmp/autopkgtest.gfNE7k/autodep8-perl-build-deps-artifacts/ /home/minami/Documents/openkylin-riscv/test/libb-hooks-endofscope-perl/artifacts/
autopkgtest-virt-qemu: DBG: ['cmdls', "(['/tmp/autopkgtest-qemu.psm6dqoh/runcmd', 'sh', '-ec', 'cd /tmp/autopkgtest.gfNE7k/autodep8-perl-build-deps-artifacts/; tar --warning=none -c . -f -'], ['tar', '--directory', '/home/minami/Documents/openkylin-riscv/test/libb-hooks-endofscope-perl/artifacts/', '--warning=none', '--preserve-permissions', '--extract', '--no-same-owner', '-f', '-'])"]
autopkgtest-virt-qemu: DBG: ['srcstdin', "<_io.BufferedReader name='/dev/null'>", 'deststdout', "<_io.BufferedReader name='/dev/null'>", 'devnull_read', <_io.BufferedReader name='/dev/null'>]
autopkgtest-virt-qemu: DBG:  +< /tmp/autopkgtest-qemu.psm6dqoh/runcmd sh -ec cd /tmp/autopkgtest.gfNE7k/autodep8-perl-build-deps-artifacts/; tar --warning=none -c . -f -
autopkgtest-virt-qemu: DBG:  +> tar --directory /home/minami/Documents/openkylin-riscv/test/libb-hooks-endofscope-perl/artifacts/ --warning=none --preserve-permissions --extract --no-same-owner -f -
autopkgtest-virt-qemu: DBG:  +>?
autopkgtest-virt-qemu: DBG:  +<?
autopkgtest: DBG: got reply from testbed: ok
autopkgtest: DBG: testbed command ['rm', '-rf', '/tmp/autopkgtest.gfNE7k/autodep8-perl-build-deps-artifacts', '/tmp/autopkgtest.gfNE7k/autopkgtest_tmp'], kind short, sout raw, serr pipe, env []
autopkgtest: DBG: testbed command exited with code 0
autopkgtest [19:08:22]: test autodep8-perl: preparing testbed
autopkgtest: DBG: testbed reset: modified=False, deps_installed=['libb-hooks-endofscope-perl', 'debhelper-compat (= 13)', 'libdevel-hide-perl', 'libextutils-hascompiler-perl', 'libmodule-implementation-perl', 'libsub-exporter-progressive-perl', 'libvariable-magic-perl', 'perl', 'build-essential', 'pkg-perl-autopkgtest'], deps_new=['libb-hooks-endofscope-perl', 'pkg-perl-autopkgtest']
autopkgtest: DBG: testbed reset
autopkgtest: DBG: sending command to testbed: revert
autopkgtest-virt-qemu: DBG: executing revert
autopkgtest-virt-qemu: DBG: execute-timeout: /tmp/autopkgtest-qemu.psm6dqoh/runcmd rm -rf -- /tmp/autopkgtest.gfNE7k
qemu-system-riscv64: terminating on signal 15 from pid 243876 (/usr/bin/python3)
autopkgtest-virt-qemu: DBG: find_free_port: trying 10022
autopkgtest-virt-qemu: DBG: find_free_port: 10022 is free
autopkgtest-virt-qemu: DBG: autopkgtest does not know how to boot this machine, hopefully nothing special needs to be done?
autopkgtest-virt-qemu: DBG: qemu architecture: riscv64
autopkgtest-virt-qemu: DBG: qemu command: qemu-system-riscv64
autopkgtest-virt-qemu: DBG: execute-timeout: qemu-img info --output=json /home/minami/Documents/openkylin-riscv/testing.qcow2
autopkgtest-virt-qemu: DBG: Creating temporary overlay image in /tmp/autopkgtest-qemu.rsa1wmtu/overlay.img
autopkgtest-virt-qemu: DBG: execute-timeout: qemu-img create -f qcow2 -F qcow2 -b /home/minami/Documents/openkylin-riscv/testing.qcow2 /tmp/autopkgtest-qemu.rsa1wmtu/overlay.img
autopkgtest-virt-qemu: DBG: Forwarding local port 10022 to VM ssh port 22
autopkgtest-virt-qemu: DBG: Assuming nothing special needs to be done to set up firmware to boot this machine (boot method: none)
autopkgtest-virt-qemu: DBG: full qemu command-line: ['qemu-system-riscv64', '-m', '8192', '-smp', '8', '-nographic', '-device', 'virtio-net-device,netdev=usernet', '-netdev', 'user,id=usernet,hostfwd=tcp:127.0.0.1:10022-:22', '-object', 'rng-random,filename=/dev/urandom,id=rng0', '-device', 'virtio-rng-pci,rng=rng0,id=rng-device0', '-monitor', 'unix:/tmp/autopkgtest-qemu.rsa1wmtu/monitor,server=on,wait=off', '-virtfs', 'local,id=autopkgtest,path=/tmp/autopkgtest-qemu.rsa1wmtu/shared,security_model=none,mount_tag=autopkgtest', '-device', 'virtio-serial', '-chardev', 'socket,path=/tmp/autopkgtest-qemu.rsa1wmtu/hvc0,server=on,wait=off,id=hvc0', '-device', 'virtconsole,chardev=hvc0', '-chardev', 'socket,path=/tmp/autopkgtest-qemu.rsa1wmtu/hvc1,server=on,wait=off,id=hvc1', '-device', 'virtconsole,chardev=hvc1', '-serial', 'unix:/tmp/autopkgtest-qemu.rsa1wmtu/ttyS0,server=on,wait=off', '-drive', 'index=0,file=/tmp/autopkgtest-qemu.rsa1wmtu/overlay.img,format=qcow2,cache=unsafe,if=virtio,discard=unmap', '-machine', 'virt', '-kernel', '/home/minami/Documents/ukylin/u-boot.bin']
autopkgtest-virt-qemu: DBG: expect: b' login: '
autopkgtest-virt-qemu: DBG: expect: found "'login prompt on serial console'"
autopkgtest-virt-qemu: DBG: expect: b'ok'
autopkgtest-virt-qemu: DBG: expect: found "b'ok'"
autopkgtest-virt-qemu: DBG: setup_shell(): there already is a shell on hvc1
qemu-system-riscv64: warning: 9p: degraded performance: a reasonable high msize should be chosen on client/guest side (chosen msize is <= 8192). See https://wiki.qemu.org/Documentation/9psetup#msize for details.
autopkgtest-virt-qemu: DBG: expect: b'54919a38-a0c2-4f20-bd36-7c6ac9b40a4b[1]'
autopkgtest-virt-qemu: DBG: expect: found "b'54919a38-a0c2-4f20-bd36-7c6ac9b40a4b[1]'"
autopkgtest-virt-qemu: DBG: expect: b'54919a38-a0c2-4f20-bd36-7c6ac9b40a4b[2]'
autopkgtest-virt-qemu: DBG: expect: found "b'54919a38-a0c2-4f20-bd36-7c6ac9b40a4b[2]'"
autopkgtest-virt-qemu: DBG: expect: b'54919a38-a0c2-4f20-bd36-7c6ac9b40a4b[3]'
autopkgtest-virt-qemu: DBG: expect: found "b'54919a38-a0c2-4f20-bd36-7c6ac9b40a4b[3]'"
autopkgtest-virt-qemu: DBG: expect: b'/python'
autopkgtest-virt-qemu: DBG: expect: found "b'/python'"
autopkgtest-virt-qemu: DBG: expect: b'# '
autopkgtest-virt-qemu: DBG: expect: found "b'# '"
autopkgtest-virt-qemu: DBG: expect: b'54919a38-a0c2-4f20-bd36-7c6ac9b40a4b[4]'
autopkgtest-virt-qemu: DBG: expect: found "b'54919a38-a0c2-4f20-bd36-7c6ac9b40a4b[4]'"
autopkgtest-virt-qemu: DBG: execute-timeout: /tmp/autopkgtest-qemu.rsa1wmtu/runcmd true
autopkgtest-virt-qemu: DBG: can connect to autopkgtest sh in VM
autopkgtest-virt-qemu: DBG: expect: b'54919a38-a0c2-4f20-bd36-7c6ac9b40a4b[5]'
autopkgtest-virt-qemu: DBG: expect: found "b'54919a38-a0c2-4f20-bd36-7c6ac9b40a4b[5]'"
autopkgtest-virt-qemu: DBG: determine_normal_user: got user "openkylin"
autopkgtest-virt-qemu: DBG: execute-timeout: /tmp/autopkgtest-qemu.rsa1wmtu/runcmd mkdir --mode=1777 --parents /tmp/autopkgtest.gfNE7k
autopkgtest-virt-qemu: DBG: auxverb = ['/tmp/autopkgtest-qemu.rsa1wmtu/runcmd'], downtmp = /tmp/autopkgtest.gfNE7k
autopkgtest: DBG: got reply from testbed: ok /tmp/autopkgtest.gfNE7k
autopkgtest: DBG: sending command to testbed: print-execute-command
autopkgtest-virt-qemu: DBG: executing print-execute-command
autopkgtest: DBG: got reply from testbed: ok /tmp/autopkgtest-qemu.rsa1wmtu/runcmd
autopkgtest: DBG: sending command to testbed: capabilities
autopkgtest-virt-qemu: DBG: executing capabilities
autopkgtest: DBG: got reply from testbed: ok isolation-machine reboot revert revert-full-system root-on-testbed suggested-normal-user=openkylin
autopkgtest: DBG: testbed capabilities: ['isolation-machine', 'reboot', 'revert', 'revert-full-system', 'root-on-testbed', 'suggested-normal-user=openkylin', 'has_internet']
autopkgtest: DBG: testbed command ['mkdir', '-p', '/tmp/autopkgtest.gfNE7k'], kind short, sout raw, serr pipe, env []
autopkgtest: DBG: testbed command exited with code 0
autopkgtest: DBG: sending command to testbed: copydown /usr/share/autopkgtest/lib/in-testbed/wrapper.sh /tmp/autopkgtest.gfNE7k/wrapper.sh
autopkgtest-virt-qemu: DBG: executing copydown /usr/share/autopkgtest/lib/in-testbed/wrapper.sh /tmp/autopkgtest.gfNE7k/wrapper.sh
autopkgtest-virt-qemu: DBG: ['cmdls', "(['cat'], ['/tmp/autopkgtest-qemu.rsa1wmtu/runcmd', 'sh', '-ec', 'cat >/tmp/autopkgtest.gfNE7k/wrapper.sh; chmod +x -- /tmp/autopkgtest.gfNE7k/wrapper.sh'])"]
autopkgtest-virt-qemu: DBG: ['srcstdin', "<_io.BufferedReader name='/usr/share/autopkgtest/lib/in-testbed/wrapper.sh'>", 'deststdout', "<_io.BufferedReader name='/dev/null'>", 'devnull_read', <_io.BufferedReader name='/dev/null'>]
autopkgtest-virt-qemu: DBG:  +< cat
autopkgtest-virt-qemu: DBG:  +> /tmp/autopkgtest-qemu.rsa1wmtu/runcmd sh -ec cat >/tmp/autopkgtest.gfNE7k/wrapper.sh; chmod +x -- /tmp/autopkgtest.gfNE7k/wrapper.sh
autopkgtest-virt-qemu: DBG:  +>?
autopkgtest-virt-qemu: DBG:  +<?
autopkgtest: DBG: got reply from testbed: ok
autopkgtest: DBG: testbed command ['chmod', '-R', '0755', '--', '/tmp/autopkgtest.gfNE7k/wrapper.sh'], kind short, sout raw, serr pipe, env []
autopkgtest: DBG: testbed command exited with code 0
autopkgtest: DBG: testbed command ['dpkg', '--print-architecture'], kind short, sout pipe, serr pipe, env []
autopkgtest: DBG: testbed command exited with code 0
autopkgtest [19:09:08]: testbed dpkg architecture: riscv64
autopkgtest: DBG: testbed command ['sh', '-ec', 'command -v eatmydata'], kind short, sout pipe, serr pipe, env []
autopkgtest: DBG: testbed command exited with code 127
autopkgtest: DBG: testbed command ['sh', '-ec', 'command -v dpkg-query'], kind short, sout pipe, serr pipe, env []
autopkgtest: DBG: testbed command exited with code 0
autopkgtest: DBG: testbed command ['sh', '-ec', "dpkg-query --show -f '${Package}\\t${Version}\\n' > /tmp/autopkgtest.gfNE7k/testbed-packages"], kind short, sout raw, serr pipe, env []
autopkgtest: DBG: testbed command exited with code 0
autopkgtest: DBG: sending command to testbed: copyup /tmp/autopkgtest.gfNE7k/testbed-packages /home/minami/Documents/openkylin-riscv/test/libb-hooks-endofscope-perl/testbed-packages
autopkgtest-virt-qemu: DBG: executing copyup /tmp/autopkgtest.gfNE7k/testbed-packages /home/minami/Documents/openkylin-riscv/test/libb-hooks-endofscope-perl/testbed-packages
autopkgtest-virt-qemu: DBG: ['cmdls', "(['/tmp/autopkgtest-qemu.rsa1wmtu/runcmd', 'sh', '-ec', 'cat </tmp/autopkgtest.gfNE7k/testbed-packages'], ['cat'])"]
autopkgtest-virt-qemu: DBG: ['srcstdin', "<_io.BufferedReader name='/dev/null'>", 'deststdout', "<_io.BufferedWriter name='/home/minami/Documents/openkylin-riscv/test/libb-hooks-endofscope-perl/testbed-packages'>", 'devnull_read', <_io.BufferedReader name='/dev/null'>]
autopkgtest-virt-qemu: DBG:  +< /tmp/autopkgtest-qemu.rsa1wmtu/runcmd sh -ec cat </tmp/autopkgtest.gfNE7k/testbed-packages
autopkgtest-virt-qemu: DBG:  +> cat
autopkgtest-virt-qemu: DBG:  +>?
autopkgtest-virt-qemu: DBG:  +<?
autopkgtest: DBG: got reply from testbed: ok
autopkgtest: DBG: testbed supports reboot, creating /tmp/autopkgtest-reboot
autopkgtest: DBG: testbed command ['mkdir', '-p', '/tmp/autopkgtest.gfNE7k'], kind short, sout raw, serr pipe, env []
autopkgtest: DBG: testbed command exited with code 0
autopkgtest: DBG: sending command to testbed: copydown /usr/share/autopkgtest/lib/in-testbed/reboot.sh /tmp/autopkgtest.gfNE7k/autopkgtest-reboot
autopkgtest-virt-qemu: DBG: executing copydown /usr/share/autopkgtest/lib/in-testbed/reboot.sh /tmp/autopkgtest.gfNE7k/autopkgtest-reboot
autopkgtest-virt-qemu: DBG: ['cmdls', "(['cat'], ['/tmp/autopkgtest-qemu.rsa1wmtu/runcmd', 'sh', '-ec', 'cat >/tmp/autopkgtest.gfNE7k/autopkgtest-reboot; chmod +x -- /tmp/autopkgtest.gfNE7k/autopkgtest-reboot'])"]
autopkgtest-virt-qemu: DBG: ['srcstdin', "<_io.BufferedReader name='/usr/share/autopkgtest/lib/in-testbed/reboot.sh'>", 'deststdout', "<_io.BufferedReader name='/dev/null'>", 'devnull_read', <_io.BufferedReader name='/dev/null'>]
autopkgtest-virt-qemu: DBG:  +< cat
autopkgtest-virt-qemu: DBG:  +> /tmp/autopkgtest-qemu.rsa1wmtu/runcmd sh -ec cat >/tmp/autopkgtest.gfNE7k/autopkgtest-reboot; chmod +x -- /tmp/autopkgtest.gfNE7k/autopkgtest-reboot
autopkgtest-virt-qemu: DBG:  +>?
autopkgtest-virt-qemu: DBG:  +<?
autopkgtest: DBG: got reply from testbed: ok
autopkgtest: DBG: testbed command ['chmod', '-R', '0755', '--', '/tmp/autopkgtest.gfNE7k/autopkgtest-reboot'], kind short, sout raw, serr pipe, env []
autopkgtest: DBG: testbed command exited with code 0
autopkgtest: DBG: testbed command ['ln', '-fns', '/tmp/autopkgtest.gfNE7k/autopkgtest-reboot', '/tmp/autopkgtest-reboot'], kind short, sout raw, serr pipe, env []
autopkgtest: DBG: testbed command exited with code 0
autopkgtest: DBG: testbed command ['ln', '-fns', '/tmp/autopkgtest.gfNE7k/autopkgtest-reboot', '/sbin/autopkgtest-reboot'], kind short, sout raw, serr pipe, env []
autopkgtest: DBG: testbed command exited with code 0
autopkgtest: DBG: testbed command ['mkdir', '-p', '/tmp/autopkgtest.gfNE7k'], kind short, sout raw, serr pipe, env []
autopkgtest: DBG: testbed command exited with code 0
autopkgtest: DBG: sending command to testbed: copydown /usr/share/autopkgtest/lib/in-testbed/reboot-prepare.sh /tmp/autopkgtest.gfNE7k/autopkgtest-reboot-prepare
autopkgtest-virt-qemu: DBG: executing copydown /usr/share/autopkgtest/lib/in-testbed/reboot-prepare.sh /tmp/autopkgtest.gfNE7k/autopkgtest-reboot-prepare
autopkgtest-virt-qemu: DBG: ['cmdls', "(['cat'], ['/tmp/autopkgtest-qemu.rsa1wmtu/runcmd', 'sh', '-ec', 'cat >/tmp/autopkgtest.gfNE7k/autopkgtest-reboot-prepare; chmod +x -- /tmp/autopkgtest.gfNE7k/autopkgtest-reboot-prepare'])"]
autopkgtest-virt-qemu: DBG: ['srcstdin', "<_io.BufferedReader name='/usr/share/autopkgtest/lib/in-testbed/reboot-prepare.sh'>", 'deststdout', "<_io.BufferedReader name='/dev/null'>", 'devnull_read', <_io.BufferedReader name='/dev/null'>]
autopkgtest-virt-qemu: DBG:  +< cat
autopkgtest-virt-qemu: DBG:  +> /tmp/autopkgtest-qemu.rsa1wmtu/runcmd sh -ec cat >/tmp/autopkgtest.gfNE7k/autopkgtest-reboot-prepare; chmod +x -- /tmp/autopkgtest.gfNE7k/autopkgtest-reboot-prepare
autopkgtest-virt-qemu: DBG:  +>?
autopkgtest-virt-qemu: DBG:  +<?
autopkgtest: DBG: got reply from testbed: ok
autopkgtest: DBG: testbed command ['chmod', '-R', '0755', '--', '/tmp/autopkgtest.gfNE7k/autopkgtest-reboot-prepare'], kind short, sout raw, serr pipe, env []
autopkgtest: DBG: testbed command exited with code 0
autopkgtest: DBG: testbed command ['ln', '-fns', '/tmp/autopkgtest.gfNE7k/autopkgtest-reboot-prepare', '/tmp/autopkgtest-reboot-prepare'], kind short, sout raw, serr pipe, env []
autopkgtest: DBG: testbed command exited with code 0
autopkgtest: DBG: testbed command ['uname', '-srv'], kind short, sout pipe, serr pipe, env []
autopkgtest: DBG: testbed command exited with code 0
autopkgtest: DBG: Binaries: no registered binaries, not publishing anything
autopkgtest: DBG: install_deps: deps_new=['libb-hooks-endofscope-perl', 'pkg-perl-autopkgtest']
autopkgtest: DBG: install-deps: satisfying libb-hooks-endofscope-perl, pkg-perl-autopkgtest
autopkgtest: DBG: install-deps: architecture resolved: libb-hooks-endofscope-perl, pkg-perl-autopkgtest
autopkgtest: DBG: testbed command ['test', '-w', '/var/lib/dpkg/status'], kind short, sout raw, serr raw, env []
autopkgtest: DBG: testbed command exited with code 0
autopkgtest: DBG: can use apt-get on testbed: True
autopkgtest: DBG: testbed command ['mkdir', '-p', '/tmp/autopkgtest.gfNE7k'], kind short, sout raw, serr pipe, env []
autopkgtest: DBG: testbed command exited with code 0
autopkgtest: DBG: sending command to testbed: copydown /home/minami/Documents/openkylin-riscv/test/libb-hooks-endofscope-perl/2-autopkgtest-satdep.deb /tmp/autopkgtest.gfNE7k/2-autopkgtest-satdep.deb
autopkgtest-virt-qemu: DBG: executing copydown /home/minami/Documents/openkylin-riscv/test/libb-hooks-endofscope-perl/2-autopkgtest-satdep.deb /tmp/autopkgtest.gfNE7k/2-autopkgtest-satdep.deb
autopkgtest-virt-qemu: DBG: ['cmdls', "(['cat'], ['/tmp/autopkgtest-qemu.rsa1wmtu/runcmd', 'sh', '-ec', 'cat >/tmp/autopkgtest.gfNE7k/2-autopkgtest-satdep.deb'])"]
autopkgtest-virt-qemu: DBG: ['srcstdin', "<_io.BufferedReader name='/home/minami/Documents/openkylin-riscv/test/libb-hooks-endofscope-perl/2-autopkgtest-satdep.deb'>", 'deststdout', "<_io.BufferedReader name='/dev/null'>", 'devnull_read', <_io.BufferedReader name='/dev/null'>]
autopkgtest-virt-qemu: DBG:  +< cat
autopkgtest-virt-qemu: DBG:  +> /tmp/autopkgtest-qemu.rsa1wmtu/runcmd sh -ec cat >/tmp/autopkgtest.gfNE7k/2-autopkgtest-satdep.deb
autopkgtest-virt-qemu: DBG:  +>?
autopkgtest-virt-qemu: DBG:  +<?
autopkgtest: DBG: got reply from testbed: ok
autopkgtest: DBG: testbed command ['chown', '-R', 'openkylin', '--', '/tmp/autopkgtest.gfNE7k/2-autopkgtest-satdep.deb'], kind short, sout raw, serr pipe, env []
autopkgtest: DBG: testbed command exited with code 0
autopkgtest: DBG: testbed command ['dpkg', '--unpack', '/tmp/autopkgtest.gfNE7k/2-autopkgtest-satdep.deb'], kind short, sout pipe, serr pipe, env []
autopkgtest: DBG: testbed command exited with code 0
autopkgtest: DBG: testbed command ['/bin/sh', '-ec', ' apt-get install --assume-yes --fix-broken -o APT::Status-Fd=3 -o APT::Install-Recommends=false -o Dpkg::Options::=--force-confnew -o Debug::pkgProblemResolver=true 3>&2 2>&1'], kind install, sout raw, serr pipe, env ['DEBIAN_FRONTEND=noninteractive', 'APT_LISTBUGS_FRONTEND=none', 'APT_LISTCHANGES_FRONTEND=none']
Reading package lists...
Building dependency tree...
Reading state information...
Correcting dependencies...Starting pkgProblemResolver with broken count: 0
Starting 2 pkgProblemResolver with broken count: 0
Done
 Done
Starting pkgProblemResolver with broken count: 0
Starting 2 pkgProblemResolver with broken count: 0
Done
The following packages were automatically installed and are no longer required:
  libdjvulibre-text libdjvulibre21 libegl-dev libgl-dev libglu1-mesa-dev
  libglx-dev libmpdec2 libvulkan-dev libx11-dev libxau-dev libxcb1-dev
  libxdmcp-dev libxext-dev qt5-qmake qt5-qmake-bin x11proto-core-dev
  x11proto-dev xorg-sgml-doctools xtrans-dev
Use 'apt autoremove' to remove them.
The following additional packages will be installed:
  autodep8 dctrl-tools libb-hooks-endofscope-perl libb-hooks-op-check-perl
  libdevel-callchecker-perl libdynaloader-functions-perl
  libmodule-implementation-perl libmodule-runtime-perl libparams-classify-perl
  libsub-exporter-progressive-perl libtry-tiny-perl libvariable-magic-perl
  pkg-perl-autopkgtest
Suggested packages:
  debtags libscalar-number-perl libsub-name-perl
The following NEW packages will be installed:
  autodep8 dctrl-tools libb-hooks-endofscope-perl libb-hooks-op-check-perl
  libdevel-callchecker-perl libdynaloader-functions-perl
  libmodule-implementation-perl libmodule-runtime-perl libparams-classify-perl
  libsub-exporter-progressive-perl libtry-tiny-perl libvariable-magic-perl
  pkg-perl-autopkgtest
0 upgraded, 13 newly installed, 0 to remove and 18 not upgraded.
1 not fully installed or removed.
Need to get 246 kB of archives.
After this operation, 839 kB of additional disk space will be used.
Get:1 http://ppa.build.openkylin.top/kylinsoft/anything/openkylin yangtze/main riscv64 autodep8 all 0.22-ok1 [10.1 kB]
Get:2 http://archive.build.openkylin.top/openkylin yangtze/main riscv64 libb-hooks-op-check-perl riscv64 0.22-ok2 [13.4 kB]
Get:3 http://ppa.build.openkylin.top/kylinsoft/anything/openkylin yangtze/main riscv64 pkg-perl-autopkgtest all 0.59-ok1 [8,208 B]
Get:4 http://archive.build.openkylin.top/openkylin yangtze/main riscv64 libdynaloader-functions-perl all 0.003-ok2 [11.8 kB]
Get:5 http://archive.build.openkylin.top/openkylin yangtze/main riscv64 libdevel-callchecker-perl riscv64 0.008-ok3 [13.5 kB]
Get:6 http://archive.build.openkylin.top/openkylin yangtze/main riscv64 libparams-classify-perl riscv64 0.015-ok2 [19.4 kB]
Get:7 http://archive.build.openkylin.top/openkylin yangtze/main riscv64 libmodule-runtime-perl all 0.016-ok2 [15.3 kB]
Get:8 http://archive.build.openkylin.top/openkylin yangtze/main riscv64 libtry-tiny-perl all 0.31-ok1 [20.5 kB]
Get:9 http://archive.build.openkylin.top/openkylin yangtze/main riscv64 libmodule-implementation-perl all 0.09-ok2 [11.5 kB]
Get:10 http://archive.build.openkylin.top/openkylin yangtze/main riscv64 libsub-exporter-progressive-perl all 0.001013-ok2 [12.8 kB]
Get:11 http://archive.build.openkylin.top/openkylin yangtze/main riscv64 libvariable-magic-perl riscv64 0.62-ok2 [33.5 kB]
Get:12 http://archive.build.openkylin.top/openkylin yangtze/main riscv64 libb-hooks-endofscope-perl all 0.26-ok1 [20.7 kB]
Get:13 http://archive.build.openkylin.top/openkylin yangtze/main riscv64 dctrl-tools riscv64 2.24-ok1 [55.6 kB]
Fetched 246 kB in 11s (23.3 kB/s)
Selecting previously unselected package libb-hooks-op-check-perl:riscv64.
(Reading database ... (Reading database ... 5%(Reading database ... 10%(Reading database ... 15%(Reading database ... 20%(Reading database ... 25%(Reading database ... 30%(Reading database ... 35%(Reading database ... 40%(Reading database ... 45%(Reading database ... 50%(Reading database ... 55%(Reading database ... 60%(Reading database ... 65%(Reading database ... 70%(Reading database ... 75%(Reading database ... 80%(Reading database ... 85%(Reading database ... 90%(Reading database ... 95%(Reading database ... 100%(Reading database ... 161111 files and directories currently installed.)
Preparing to unpack .../00-libb-hooks-op-check-perl_0.22-ok2_riscv64.deb ...
Unpacking libb-hooks-op-check-perl:riscv64 (0.22-ok2) ...
Selecting previously unselected package libdynaloader-functions-perl.
Preparing to unpack .../01-libdynaloader-functions-perl_0.003-ok2_all.deb ...
Unpacking libdynaloader-functions-perl (0.003-ok2) ...
Selecting previously unselected package libdevel-callchecker-perl.
Preparing to unpack .../02-libdevel-callchecker-perl_0.008-ok3_riscv64.deb ...
Unpacking libdevel-callchecker-perl (0.008-ok3) ...
Selecting previously unselected package libparams-classify-perl:riscv64.
Preparing to unpack .../03-libparams-classify-perl_0.015-ok2_riscv64.deb ...
Unpacking libparams-classify-perl:riscv64 (0.015-ok2) ...
Selecting previously unselected package libmodule-runtime-perl.
Preparing to unpack .../04-libmodule-runtime-perl_0.016-ok2_all.deb ...
Unpacking libmodule-runtime-perl (0.016-ok2) ...
Selecting previously unselected package libtry-tiny-perl.
Preparing to unpack .../05-libtry-tiny-perl_0.31-ok1_all.deb ...
Unpacking libtry-tiny-perl (0.31-ok1) ...
Selecting previously unselected package libmodule-implementation-perl.
Preparing to unpack .../06-libmodule-implementation-perl_0.09-ok2_all.deb ...
Unpacking libmodule-implementation-perl (0.09-ok2) ...
Selecting previously unselected package libsub-exporter-progressive-perl.
Preparing to unpack .../07-libsub-exporter-progressive-perl_0.001013-ok2_all.deb ...
Unpacking libsub-exporter-progressive-perl (0.001013-ok2) ...
Selecting previously unselected package libvariable-magic-perl.
Preparing to unpack .../08-libvariable-magic-perl_0.62-ok2_riscv64.deb ...
Unpacking libvariable-magic-perl (0.62-ok2) ...
Selecting previously unselected package libb-hooks-endofscope-perl.
Preparing to unpack .../09-libb-hooks-endofscope-perl_0.26-ok1_all.deb ...
Unpacking libb-hooks-endofscope-perl (0.26-ok1) ...
Selecting previously unselected package dctrl-tools.
Preparing to unpack .../10-dctrl-tools_2.24-ok1_riscv64.deb ...
Unpacking dctrl-tools (2.24-ok1) ...
Selecting previously unselected package autodep8.
Preparing to unpack .../11-autodep8_0.22-ok1_all.deb ...
Unpacking autodep8 (0.22-ok1) ...
Selecting previously unselected package pkg-perl-autopkgtest.
Preparing to unpack .../12-pkg-perl-autopkgtest_0.59-ok1_all.deb ...
Unpacking pkg-perl-autopkgtest (0.59-ok1) ...
Setting up libdynaloader-functions-perl (0.003-ok2) ...
Setting up libtry-tiny-perl (0.31-ok1) ...
Setting up libvariable-magic-perl (0.62-ok2) ...
Setting up libb-hooks-op-check-perl:riscv64 (0.22-ok2) ...
Setting up libsub-exporter-progressive-perl (0.001013-ok2) ...
Setting up dctrl-tools (2.24-ok1) ...
Setting up autodep8 (0.22-ok1) ...
Setting up libdevel-callchecker-perl (0.008-ok3) ...
Setting up pkg-perl-autopkgtest (0.59-ok1) ...
Setting up libparams-classify-perl:riscv64 (0.015-ok2) ...
Setting up libmodule-runtime-perl (0.016-ok2) ...
Setting up libmodule-implementation-perl (0.09-ok2) ...
Setting up libb-hooks-endofscope-perl (0.26-ok1) ...
Setting up autopkgtest-satdep (0) ...
Processing triggers for man-db (2.9.1-ok3) ...
autopkgtest: DBG: testbed command exited with code 0
autopkgtest: DBG: testbed command ['dpkg-query', '--show', '-f', '${Status}', 'libb-hooks-endofscope-perl'], kind short, sout pipe, serr pipe, env []
autopkgtest: DBG: testbed command exited with code 0
autopkgtest: DBG: testbed command ['dpkg', '--status', 'autopkgtest-satdep'], kind short, sout pipe, serr pipe, env []
autopkgtest: DBG: testbed command exited with code 0
autopkgtest: DBG: testbed command ['apt-get', '--simulate', '--quiet', '-o', 'APT::Get::Show-User-Simulation-Note=False', '--auto-remove', 'purge', 'autopkgtest-satdep'], kind short, sout pipe, serr pipe, env []
autopkgtest: DBG: testbed command exited with code 0
autopkgtest: DBG: Marking test dependencies as manually installed: pkg-perl-autopkgtest autodep8 dctrl-tools libb-hooks-endofscope-perl libmodule-implementation-perl libmodule-runtime-perl libparams-classify-perl libdevel-callchecker-perl libb-hooks-op-check-perl libdjvulibre21 libdjvulibre-text libdynaloader-functions-perl libegl-dev libglu1-mesa-dev libgl-dev libglx-dev libmpdec2 libsub-exporter-progressive-perl libtry-tiny-perl libvariable-magic-perl libvulkan-dev libxext-dev libx11-dev libxcb1-dev libxau-dev libxdmcp-dev qt5-qmake qt5-qmake-bin x11proto-core-dev x11proto-dev xorg-sgml-doctools xtrans-dev
autopkgtest: DBG: testbed command ['apt-mark', 'manual', '-qq', 'pkg-perl-autopkgtest', 'autodep8', 'dctrl-tools', 'libb-hooks-endofscope-perl', 'libmodule-implementation-perl', 'libmodule-runtime-perl', 'libparams-classify-perl', 'libdevel-callchecker-perl', 'libb-hooks-op-check-perl', 'libdjvulibre21', 'libdjvulibre-text', 'libdynaloader-functions-perl', 'libegl-dev', 'libglu1-mesa-dev', 'libgl-dev', 'libglx-dev', 'libmpdec2', 'libsub-exporter-progressive-perl', 'libtry-tiny-perl', 'libvariable-magic-perl'], kind short, sout raw, serr pipe, env []
autopkgtest: DBG: testbed command exited with code 0
autopkgtest: DBG: testbed command ['apt-mark', 'manual', '-qq', 'libvulkan-dev', 'libxext-dev', 'libx11-dev', 'libxcb1-dev', 'libxau-dev', 'libxdmcp-dev', 'qt5-qmake', 'qt5-qmake-bin', 'x11proto-core-dev', 'x11proto-dev', 'xorg-sgml-doctools', 'xtrans-dev'], kind short, sout raw, serr pipe, env []
autopkgtest: DBG: testbed command exited with code 0
autopkgtest: DBG: testbed command ['dpkg', '--purge', 'autopkgtest-satdep'], kind short, sout raw, serr raw, env []
(Reading database ... 161295 files and directories currently installed.)
Removing autopkgtest-satdep (0) ...
autopkgtest: DBG: testbed command exited with code 0
autopkgtest: DBG: testbed command ['sh', '-ec', 'command -v dpkg-query'], kind short, sout pipe, serr pipe, env []
autopkgtest: DBG: testbed command exited with code 0
autopkgtest: DBG: testbed command ['sh', '-ec', "dpkg-query --show -f '${Package}\\t${Version}\\n' > /tmp/autopkgtest.gfNE7k/autodep8-perl-packages.all"], kind short, sout raw, serr pipe, env []
autopkgtest: DBG: testbed command exited with code 0
autopkgtest: DBG: sending command to testbed: copyup /tmp/autopkgtest.gfNE7k/autodep8-perl-packages.all /home/minami/Documents/openkylin-riscv/test/libb-hooks-endofscope-perl/autodep8-perl-packages.all
autopkgtest-virt-qemu: DBG: executing copyup /tmp/autopkgtest.gfNE7k/autodep8-perl-packages.all /home/minami/Documents/openkylin-riscv/test/libb-hooks-endofscope-perl/autodep8-perl-packages.all
autopkgtest-virt-qemu: DBG: ['cmdls', "(['/tmp/autopkgtest-qemu.rsa1wmtu/runcmd', 'sh', '-ec', 'cat </tmp/autopkgtest.gfNE7k/autodep8-perl-packages.all'], ['cat'])"]
autopkgtest-virt-qemu: DBG: ['srcstdin', "<_io.BufferedReader name='/dev/null'>", 'deststdout', "<_io.BufferedWriter name='/home/minami/Documents/openkylin-riscv/test/libb-hooks-endofscope-perl/autodep8-perl-packages.all'>", 'devnull_read', <_io.BufferedReader name='/dev/null'>]
autopkgtest-virt-qemu: DBG:  +< /tmp/autopkgtest-qemu.rsa1wmtu/runcmd sh -ec cat </tmp/autopkgtest.gfNE7k/autodep8-perl-packages.all
autopkgtest-virt-qemu: DBG:  +> cat
autopkgtest-virt-qemu: DBG:  +>?
autopkgtest-virt-qemu: DBG:  +<?
autopkgtest: DBG: got reply from testbed: ok
autopkgtest: DBG: testbed command ['test', '-e', '/tmp/autopkgtest.gfNE7k/build.o6B/src'], kind short, sout raw, serr raw, env []
autopkgtest: DBG: testbed command exited with code 1
autopkgtest: DBG: testbed command ['mkdir', '-p', '/tmp/autopkgtest.gfNE7k/build.o6B'], kind short, sout raw, serr pipe, env []
autopkgtest: DBG: testbed command exited with code 0
autopkgtest: DBG: sending command to testbed: copydown /home/minami/Documents/openkylin-riscv/test/libb-hooks-endofscope-perl/tests-tree/ /tmp/autopkgtest.gfNE7k/build.o6B/src/
autopkgtest-virt-qemu: DBG: executing copydown /home/minami/Documents/openkylin-riscv/test/libb-hooks-endofscope-perl/tests-tree/ /tmp/autopkgtest.gfNE7k/build.o6B/src/
autopkgtest-virt-qemu: DBG: ['cmdls', "(['tar', '--directory', '/home/minami/Documents/openkylin-riscv/test/libb-hooks-endofscope-perl/tests-tree/', '--warning=none', '-c', '.', '-f', '-'], ['/tmp/autopkgtest-qemu.rsa1wmtu/runcmd', 'sh', '-ec', 'if ! test -d /tmp/autopkgtest.gfNE7k/build.o6B/src/; then mkdir -- /tmp/autopkgtest.gfNE7k/build.o6B/src/; fi; cd /tmp/autopkgtest.gfNE7k/build.o6B/src/; tar --warning=none --preserve-permissions --extract --no-same-owner -f -'])"]
autopkgtest-virt-qemu: DBG: ['srcstdin', "<_io.BufferedReader name='/dev/null'>", 'deststdout', "<_io.BufferedReader name='/dev/null'>", 'devnull_read', <_io.BufferedReader name='/dev/null'>]
autopkgtest-virt-qemu: DBG:  +< tar --directory /home/minami/Documents/openkylin-riscv/test/libb-hooks-endofscope-perl/tests-tree/ --warning=none -c . -f -
autopkgtest-virt-qemu: DBG:  +> /tmp/autopkgtest-qemu.rsa1wmtu/runcmd sh -ec if ! test -d /tmp/autopkgtest.gfNE7k/build.o6B/src/; then mkdir -- /tmp/autopkgtest.gfNE7k/build.o6B/src/; fi; cd /tmp/autopkgtest.gfNE7k/build.o6B/src/; tar --warning=none --preserve-permissions --extract --no-same-owner -f -
autopkgtest-virt-qemu: DBG:  +>?
autopkgtest-virt-qemu: DBG:  +<?
autopkgtest: DBG: got reply from testbed: ok
autopkgtest: DBG: testbed command ['chown', '-R', 'openkylin', '--', '/tmp/autopkgtest.gfNE7k/build.o6B/src'], kind short, sout raw, serr pipe, env []
autopkgtest: DBG: testbed command exited with code 0
autopkgtest [19:10:13]: test autodep8-perl: /usr/share/pkg-perl-autopkgtest/runner runtime-deps
autopkgtest [19:10:13]: test autodep8-perl: [-----------------------
autopkgtest: DBG: testbed command ['su', '-s', '/bin/bash', 'openkylin', '-c', 'set -e; export USER=`id -nu`; . /etc/profile >/dev/null 2>&1 || true;  . ~/.profile >/dev/null 2>&1 || true; buildtree="/tmp/autopkgtest.gfNE7k/build.o6B/src"; mkdir -p -m 1777 -- "/tmp/autopkgtest.gfNE7k/autodep8-perl-artifacts"; export AUTOPKGTEST_ARTIFACTS="/tmp/autopkgtest.gfNE7k/autodep8-perl-artifacts"; export ADT_ARTIFACTS="$AUTOPKGTEST_ARTIFACTS"; mkdir -p -m 755 "/tmp/autopkgtest.gfNE7k/autopkgtest_tmp"; export AUTOPKGTEST_TMP="/tmp/autopkgtest.gfNE7k/autopkgtest_tmp"; export ADTTMP="$AUTOPKGTEST_TMP"; export DEBIAN_FRONTEND=noninteractive; export LANG=C.UTF-8; export DEB_BUILD_OPTIONS=parallel=8; unset LANGUAGE LC_CTYPE LC_NUMERIC LC_TIME LC_COLLATE   LC_MONETARY LC_MESSAGES LC_PAPER LC_NAME LC_ADDRESS   LC_TELEPHONE LC_MEASUREMENT LC_IDENTIFICATION LC_ALL;cd "$buildtree"; exec /tmp/autopkgtest.gfNE7k/wrapper.sh --script-pid-file=/tmp/autopkgtest_script_pid --stderr=/tmp/autopkgtest.gfNE7k/autodep8-perl-stderr --stdout=/tmp/autopkgtest.gfNE7k/autodep8-perl-stdout -- bash -ec \'/usr/share/pkg-perl-autopkgtest/runner runtime-deps\' ;'], kind test, sout raw, serr raw, env []
/usr/share/pkg-perl-autopkgtest/runtime-deps.d/use.t .. 
1..4
ok 1 -  /usr/bin/perl -w -M"B::Hooks::EndOfScope" -e 1 2>&1 exited successfully
ok 2 -  /usr/bin/perl -w -M"B::Hooks::EndOfScope" -e 1 2>&1 produced no (non-whitelisted) output
ok 3 - env PERL_DL_NONLAZY=1  /usr/bin/perl -w -M"B::Hooks::EndOfScope" -e 1 2>&1 exited successfully
ok 4 - env PERL_DL_NONLAZY=1  /usr/bin/perl -w -M"B::Hooks::EndOfScope" -e 1 2>&1 produced no (non-whitelisted) output
ok
All tests successful.
Files=1, Tests=4,  3 wallclock secs ( 0.27 usr  0.08 sys +  2.33 cusr  0.56 csys =  3.24 CPU)
Result: PASS
autopkgtest: DBG: testbed command exited with code 0
autopkgtest [19:10:21]: test autodep8-perl: -----------------------]
autopkgtest: DBG: testbed executing test finished with exit status 0
autopkgtest: DBG: sending command to testbed: copyup /tmp/autopkgtest.gfNE7k/autodep8-perl-stdout /home/minami/Documents/openkylin-riscv/test/libb-hooks-endofscope-perl/autodep8-perl-stdout
autopkgtest-virt-qemu: DBG: executing copyup /tmp/autopkgtest.gfNE7k/autodep8-perl-stdout /home/minami/Documents/openkylin-riscv/test/libb-hooks-endofscope-perl/autodep8-perl-stdout
autopkgtest-virt-qemu: DBG: ['cmdls', "(['/tmp/autopkgtest-qemu.rsa1wmtu/runcmd', 'sh', '-ec', 'cat </tmp/autopkgtest.gfNE7k/autodep8-perl-stdout'], ['cat'])"]
autopkgtest-virt-qemu: DBG: ['srcstdin', "<_io.BufferedReader name='/dev/null'>", 'deststdout', "<_io.BufferedWriter name='/home/minami/Documents/openkylin-riscv/test/libb-hooks-endofscope-perl/autodep8-perl-stdout'>", 'devnull_read', <_io.BufferedReader name='/dev/null'>]
autopkgtest-virt-qemu: DBG:  +< /tmp/autopkgtest-qemu.rsa1wmtu/runcmd sh -ec cat </tmp/autopkgtest.gfNE7k/autodep8-perl-stdout
autopkgtest-virt-qemu: DBG:  +> cat
autopkgtest-virt-qemu: DBG:  +>?
autopkgtest-virt-qemu: DBG:  +<?
autopkgtest: DBG: got reply from testbed: ok
autopkgtest: DBG: sending command to testbed: copyup /tmp/autopkgtest.gfNE7k/autodep8-perl-stderr /home/minami/Documents/openkylin-riscv/test/libb-hooks-endofscope-perl/autodep8-perl-stderr
autopkgtest-virt-qemu: DBG: executing copyup /tmp/autopkgtest.gfNE7k/autodep8-perl-stderr /home/minami/Documents/openkylin-riscv/test/libb-hooks-endofscope-perl/autodep8-perl-stderr
autopkgtest-virt-qemu: DBG: ['cmdls', "(['/tmp/autopkgtest-qemu.rsa1wmtu/runcmd', 'sh', '-ec', 'cat </tmp/autopkgtest.gfNE7k/autodep8-perl-stderr'], ['cat'])"]
autopkgtest-virt-qemu: DBG: ['srcstdin', "<_io.BufferedReader name='/dev/null'>", 'deststdout', "<_io.BufferedWriter name='/home/minami/Documents/openkylin-riscv/test/libb-hooks-endofscope-perl/autodep8-perl-stderr'>", 'devnull_read', <_io.BufferedReader name='/dev/null'>]
autopkgtest-virt-qemu: DBG:  +< /tmp/autopkgtest-qemu.rsa1wmtu/runcmd sh -ec cat </tmp/autopkgtest.gfNE7k/autodep8-perl-stderr
autopkgtest-virt-qemu: DBG:  +> cat
autopkgtest-virt-qemu: DBG:  +>?
autopkgtest-virt-qemu: DBG:  +<?
autopkgtest: DBG: got reply from testbed: ok
autopkgtest [19:10:22]: test autodep8-perl:  - - - - - - - - - - results - - - - - - - - - -
autodep8-perl        PASS (superficial)
autopkgtest: DBG: sending command to testbed: copyup /tmp/autopkgtest.gfNE7k/autodep8-perl-artifacts/ /home/minami/Documents/openkylin-riscv/test/libb-hooks-endofscope-perl/artifacts/
autopkgtest-virt-qemu: DBG: executing copyup /tmp/autopkgtest.gfNE7k/autodep8-perl-artifacts/ /home/minami/Documents/openkylin-riscv/test/libb-hooks-endofscope-perl/artifacts/
autopkgtest-virt-qemu: DBG: ['cmdls', "(['/tmp/autopkgtest-qemu.rsa1wmtu/runcmd', 'sh', '-ec', 'cd /tmp/autopkgtest.gfNE7k/autodep8-perl-artifacts/; tar --warning=none -c . -f -'], ['tar', '--directory', '/home/minami/Documents/openkylin-riscv/test/libb-hooks-endofscope-perl/artifacts/', '--warning=none', '--preserve-permissions', '--extract', '--no-same-owner', '-f', '-'])"]
autopkgtest-virt-qemu: DBG: ['srcstdin', "<_io.BufferedReader name='/dev/null'>", 'deststdout', "<_io.BufferedReader name='/dev/null'>", 'devnull_read', <_io.BufferedReader name='/dev/null'>]
autopkgtest-virt-qemu: DBG:  +< /tmp/autopkgtest-qemu.rsa1wmtu/runcmd sh -ec cd /tmp/autopkgtest.gfNE7k/autodep8-perl-artifacts/; tar --warning=none -c . -f -
autopkgtest-virt-qemu: DBG:  +> tar --directory /home/minami/Documents/openkylin-riscv/test/libb-hooks-endofscope-perl/artifacts/ --warning=none --preserve-permissions --extract --no-same-owner -f -
autopkgtest-virt-qemu: DBG:  +>?
autopkgtest-virt-qemu: DBG:  +<?
autopkgtest: DBG: got reply from testbed: ok
autopkgtest: DBG: testbed command ['rm', '-rf', '/tmp/autopkgtest.gfNE7k/autodep8-perl-artifacts', '/tmp/autopkgtest.gfNE7k/autopkgtest_tmp'], kind short, sout raw, serr pipe, env []
autopkgtest: DBG: testbed command exited with code 0
autopkgtest [19:10:23]: test autodep8-perl-recommends: preparing testbed
autopkgtest: DBG: testbed reset: modified=False, deps_installed=['libb-hooks-endofscope-perl', 'pkg-perl-autopkgtest'], deps_new=['libb-hooks-endofscope-perl', 'pkg-perl-autopkgtest']
autopkgtest: DBG: Binaries: no registered binaries, not publishing anything
autopkgtest: DBG: install_deps: deps_new=['libb-hooks-endofscope-perl', 'pkg-perl-autopkgtest']
autopkgtest: DBG: install-deps: satisfying libb-hooks-endofscope-perl, pkg-perl-autopkgtest
autopkgtest: DBG: install-deps: architecture resolved: libb-hooks-endofscope-perl, pkg-perl-autopkgtest
autopkgtest: DBG: testbed command ['test', '-w', '/var/lib/dpkg/status'], kind short, sout raw, serr raw, env []
autopkgtest: DBG: testbed command exited with code 0
autopkgtest: DBG: can use apt-get on testbed: True
autopkgtest: DBG: testbed command ['mkdir', '-p', '/tmp/autopkgtest.gfNE7k'], kind short, sout raw, serr pipe, env []
autopkgtest: DBG: testbed command exited with code 0
autopkgtest: DBG: sending command to testbed: copydown /home/minami/Documents/openkylin-riscv/test/libb-hooks-endofscope-perl/3-autopkgtest-satdep.deb /tmp/autopkgtest.gfNE7k/3-autopkgtest-satdep.deb
autopkgtest-virt-qemu: DBG: executing copydown /home/minami/Documents/openkylin-riscv/test/libb-hooks-endofscope-perl/3-autopkgtest-satdep.deb /tmp/autopkgtest.gfNE7k/3-autopkgtest-satdep.deb
autopkgtest-virt-qemu: DBG: ['cmdls', "(['cat'], ['/tmp/autopkgtest-qemu.rsa1wmtu/runcmd', 'sh', '-ec', 'cat >/tmp/autopkgtest.gfNE7k/3-autopkgtest-satdep.deb'])"]
autopkgtest-virt-qemu: DBG: ['srcstdin', "<_io.BufferedReader name='/home/minami/Documents/openkylin-riscv/test/libb-hooks-endofscope-perl/3-autopkgtest-satdep.deb'>", 'deststdout', "<_io.BufferedReader name='/dev/null'>", 'devnull_read', <_io.BufferedReader name='/dev/null'>]
autopkgtest-virt-qemu: DBG:  +< cat
autopkgtest-virt-qemu: DBG:  +> /tmp/autopkgtest-qemu.rsa1wmtu/runcmd sh -ec cat >/tmp/autopkgtest.gfNE7k/3-autopkgtest-satdep.deb
autopkgtest-virt-qemu: DBG:  +>?
autopkgtest-virt-qemu: DBG:  +<?
autopkgtest: DBG: got reply from testbed: ok
autopkgtest: DBG: testbed command ['chown', '-R', 'openkylin', '--', '/tmp/autopkgtest.gfNE7k/3-autopkgtest-satdep.deb'], kind short, sout raw, serr pipe, env []
autopkgtest: DBG: testbed command exited with code 0
autopkgtest: DBG: testbed command ['dpkg', '--unpack', '/tmp/autopkgtest.gfNE7k/3-autopkgtest-satdep.deb'], kind short, sout pipe, serr pipe, env []
autopkgtest: DBG: testbed command exited with code 0
autopkgtest: DBG: testbed command ['/bin/sh', '-ec', ' apt-get install --assume-yes --fix-broken -o APT::Status-Fd=3 -o APT::Install-Recommends=false -o Dpkg::Options::=--force-confnew -o Debug::pkgProblemResolver=true 3>&2 2>&1'], kind install, sout raw, serr pipe, env ['DEBIAN_FRONTEND=noninteractive', 'APT_LISTBUGS_FRONTEND=none', 'APT_LISTCHANGES_FRONTEND=none']
Reading package lists...
Building dependency tree...
Reading state information...
Starting pkgProblemResolver with broken count: 0
Starting 2 pkgProblemResolver with broken count: 0
Done
0 upgraded, 0 newly installed, 0 to remove and 18 not upgraded.
1 not fully installed or removed.
After this operation, 0 B of additional disk space will be used.
Setting up autopkgtest-satdep (0) ...
autopkgtest: DBG: testbed command exited with code 0
autopkgtest: DBG: testbed command ['dpkg-query', '--show', '-f', '${Status}', 'libb-hooks-endofscope-perl'], kind short, sout pipe, serr pipe, env []
autopkgtest: DBG: testbed command exited with code 0
autopkgtest: DBG: testbed command ['dpkg', '--status', 'autopkgtest-satdep'], kind short, sout pipe, serr pipe, env []
autopkgtest: DBG: testbed command exited with code 0
autopkgtest: DBG: testbed command ['apt-get', '--simulate', '--quiet', '-o', 'APT::Get::Show-User-Simulation-Note=False', '--auto-remove', 'purge', 'autopkgtest-satdep'], kind short, sout pipe, serr pipe, env []
autopkgtest: DBG: testbed command exited with code 0
autopkgtest: DBG: testbed command ['dpkg', '--purge', 'autopkgtest-satdep'], kind short, sout raw, serr raw, env []
(Reading database ... 161295 files and directories currently installed.)
Removing autopkgtest-satdep (0) ...
autopkgtest: DBG: testbed command exited with code 0
autopkgtest: DBG: testbed command ['sh', '-ec', 'command -v dpkg-query'], kind short, sout pipe, serr pipe, env []
autopkgtest: DBG: testbed command exited with code 0
autopkgtest: DBG: testbed command ['sh', '-ec', "dpkg-query --show -f '${Package}\\t${Version}\\n' > /tmp/autopkgtest.gfNE7k/autodep8-perl-recommends-packages.all"], kind short, sout raw, serr pipe, env []
autopkgtest: DBG: testbed command exited with code 0
autopkgtest: DBG: sending command to testbed: copyup /tmp/autopkgtest.gfNE7k/autodep8-perl-recommends-packages.all /home/minami/Documents/openkylin-riscv/test/libb-hooks-endofscope-perl/autodep8-perl-recommends-packages.all
autopkgtest-virt-qemu: DBG: executing copyup /tmp/autopkgtest.gfNE7k/autodep8-perl-recommends-packages.all /home/minami/Documents/openkylin-riscv/test/libb-hooks-endofscope-perl/autodep8-perl-recommends-packages.all
autopkgtest-virt-qemu: DBG: ['cmdls', "(['/tmp/autopkgtest-qemu.rsa1wmtu/runcmd', 'sh', '-ec', 'cat </tmp/autopkgtest.gfNE7k/autodep8-perl-recommends-packages.all'], ['cat'])"]
autopkgtest-virt-qemu: DBG: ['srcstdin', "<_io.BufferedReader name='/dev/null'>", 'deststdout', "<_io.BufferedWriter name='/home/minami/Documents/openkylin-riscv/test/libb-hooks-endofscope-perl/autodep8-perl-recommends-packages.all'>", 'devnull_read', <_io.BufferedReader name='/dev/null'>]
autopkgtest-virt-qemu: DBG:  +< /tmp/autopkgtest-qemu.rsa1wmtu/runcmd sh -ec cat </tmp/autopkgtest.gfNE7k/autodep8-perl-recommends-packages.all
autopkgtest-virt-qemu: DBG:  +> cat
autopkgtest-virt-qemu: DBG:  +>?
autopkgtest-virt-qemu: DBG:  +<?
autopkgtest: DBG: got reply from testbed: ok
autopkgtest: DBG: testbed command ['test', '-e', '/tmp/autopkgtest.gfNE7k/build.o6B/src'], kind short, sout raw, serr raw, env []
autopkgtest: DBG: testbed command exited with code 0
autopkgtest: DBG: copydown: tb path /tmp/autopkgtest.gfNE7k/build.o6B/src already exists
autopkgtest [19:10:45]: test autodep8-perl-recommends: /usr/share/pkg-perl-autopkgtest/runner runtime-deps-and-recommends
autopkgtest [19:10:45]: test autodep8-perl-recommends: [-----------------------
autopkgtest: DBG: testbed command ['su', '-s', '/bin/bash', 'openkylin', '-c', 'set -e; export USER=`id -nu`; . /etc/profile >/dev/null 2>&1 || true;  . ~/.profile >/dev/null 2>&1 || true; buildtree="/tmp/autopkgtest.gfNE7k/build.o6B/src"; mkdir -p -m 1777 -- "/tmp/autopkgtest.gfNE7k/autodep8-perl-recommends-artifacts"; export AUTOPKGTEST_ARTIFACTS="/tmp/autopkgtest.gfNE7k/autodep8-perl-recommends-artifacts"; export ADT_ARTIFACTS="$AUTOPKGTEST_ARTIFACTS"; mkdir -p -m 755 "/tmp/autopkgtest.gfNE7k/autopkgtest_tmp"; export AUTOPKGTEST_TMP="/tmp/autopkgtest.gfNE7k/autopkgtest_tmp"; export ADTTMP="$AUTOPKGTEST_TMP"; export DEBIAN_FRONTEND=noninteractive; export LANG=C.UTF-8; export DEB_BUILD_OPTIONS=parallel=8; unset LANGUAGE LC_CTYPE LC_NUMERIC LC_TIME LC_COLLATE   LC_MONETARY LC_MESSAGES LC_PAPER LC_NAME LC_ADDRESS   LC_TELEPHONE LC_MEASUREMENT LC_IDENTIFICATION LC_ALL;cd "$buildtree"; exec /tmp/autopkgtest.gfNE7k/wrapper.sh --script-pid-file=/tmp/autopkgtest_script_pid --stderr=/tmp/autopkgtest.gfNE7k/autodep8-perl-recommends-stderr --stdout=/tmp/autopkgtest.gfNE7k/autodep8-perl-recommends-stdout -- bash -ec \'/usr/share/pkg-perl-autopkgtest/runner runtime-deps-and-recommends\' ;'], kind test, sout raw, serr raw, env []
/usr/share/pkg-perl-autopkgtest/runtime-deps-and-recommends.d/syntax.t .. 
1..4
ok 1 - Package libb-hooks-endofscope-perl is known to dpkg
ok 2 - Got status information for package libb-hooks-endofscope-perl
ok 3 - Got file list for package libb-hooks-endofscope-perl
# Subtest: all modules in libb-hooks-endofscope-perl pass the syntax check
    1..5
    ok 1 - /usr/bin/perl -wc /usr/share/perl5/B/Hooks/EndOfScope/PP/FieldHash.pm exited successfully
    ok 2 - /usr/bin/perl -wc /usr/share/perl5/B/Hooks/EndOfScope/PP/HintHash.pm exited successfully
    ok 3 - /usr/bin/perl -wc /usr/share/perl5/B/Hooks/EndOfScope/PP.pm exited successfully
    ok 4 - /usr/bin/perl -wc /usr/share/perl5/B/Hooks/EndOfScope/XS.pm exited successfully
    ok 5 - /usr/bin/perl -wc /usr/share/perl5/B/Hooks/EndOfScope.pm exited successfully
ok 4 - all modules in libb-hooks-endofscope-perl pass the syntax check
ok
All tests successful.
Files=1, Tests=4,  4 wallclock secs ( 0.24 usr  0.08 sys +  2.42 cusr  0.72 csys =  3.46 CPU)
Result: PASS
autopkgtest: DBG: testbed command exited with code 0
autopkgtest [19:10:52]: test autodep8-perl-recommends: -----------------------]
autopkgtest: DBG: testbed executing test finished with exit status 0
autopkgtest: DBG: sending command to testbed: copyup /tmp/autopkgtest.gfNE7k/autodep8-perl-recommends-stdout /home/minami/Documents/openkylin-riscv/test/libb-hooks-endofscope-perl/autodep8-perl-recommends-stdout
autopkgtest-virt-qemu: DBG: executing copyup /tmp/autopkgtest.gfNE7k/autodep8-perl-recommends-stdout /home/minami/Documents/openkylin-riscv/test/libb-hooks-endofscope-perl/autodep8-perl-recommends-stdout
autopkgtest-virt-qemu: DBG: ['cmdls', "(['/tmp/autopkgtest-qemu.rsa1wmtu/runcmd', 'sh', '-ec', 'cat </tmp/autopkgtest.gfNE7k/autodep8-perl-recommends-stdout'], ['cat'])"]
autopkgtest-virt-qemu: DBG: ['srcstdin', "<_io.BufferedReader name='/dev/null'>", 'deststdout', "<_io.BufferedWriter name='/home/minami/Documents/openkylin-riscv/test/libb-hooks-endofscope-perl/autodep8-perl-recommends-stdout'>", 'devnull_read', <_io.BufferedReader name='/dev/null'>]
autopkgtest-virt-qemu: DBG:  +< /tmp/autopkgtest-qemu.rsa1wmtu/runcmd sh -ec cat </tmp/autopkgtest.gfNE7k/autodep8-perl-recommends-stdout
autopkgtest-virt-qemu: DBG:  +> cat
autopkgtest-virt-qemu: DBG:  +>?
autopkgtest-virt-qemu: DBG:  +<?
autopkgtest: DBG: got reply from testbed: ok
autopkgtest: DBG: sending command to testbed: copyup /tmp/autopkgtest.gfNE7k/autodep8-perl-recommends-stderr /home/minami/Documents/openkylin-riscv/test/libb-hooks-endofscope-perl/autodep8-perl-recommends-stderr
autopkgtest-virt-qemu: DBG: executing copyup /tmp/autopkgtest.gfNE7k/autodep8-perl-recommends-stderr /home/minami/Documents/openkylin-riscv/test/libb-hooks-endofscope-perl/autodep8-perl-recommends-stderr
autopkgtest-virt-qemu: DBG: ['cmdls', "(['/tmp/autopkgtest-qemu.rsa1wmtu/runcmd', 'sh', '-ec', 'cat </tmp/autopkgtest.gfNE7k/autodep8-perl-recommends-stderr'], ['cat'])"]
autopkgtest-virt-qemu: DBG: ['srcstdin', "<_io.BufferedReader name='/dev/null'>", 'deststdout', "<_io.BufferedWriter name='/home/minami/Documents/openkylin-riscv/test/libb-hooks-endofscope-perl/autodep8-perl-recommends-stderr'>", 'devnull_read', <_io.BufferedReader name='/dev/null'>]
autopkgtest-virt-qemu: DBG:  +< /tmp/autopkgtest-qemu.rsa1wmtu/runcmd sh -ec cat </tmp/autopkgtest.gfNE7k/autodep8-perl-recommends-stderr
autopkgtest-virt-qemu: DBG:  +> cat
autopkgtest-virt-qemu: DBG:  +>?
autopkgtest-virt-qemu: DBG:  +<?
autopkgtest: DBG: got reply from testbed: ok
autopkgtest [19:10:53]: test autodep8-perl-recommends:  - - - - - - - - - - results - - - - - - - - - -
autodep8-perl-recommends PASS (superficial)
autopkgtest: DBG: sending command to testbed: copyup /tmp/autopkgtest.gfNE7k/autodep8-perl-recommends-artifacts/ /home/minami/Documents/openkylin-riscv/test/libb-hooks-endofscope-perl/artifacts/
autopkgtest-virt-qemu: DBG: executing copyup /tmp/autopkgtest.gfNE7k/autodep8-perl-recommends-artifacts/ /home/minami/Documents/openkylin-riscv/test/libb-hooks-endofscope-perl/artifacts/
autopkgtest-virt-qemu: DBG: ['cmdls', "(['/tmp/autopkgtest-qemu.rsa1wmtu/runcmd', 'sh', '-ec', 'cd /tmp/autopkgtest.gfNE7k/autodep8-perl-recommends-artifacts/; tar --warning=none -c . -f -'], ['tar', '--directory', '/home/minami/Documents/openkylin-riscv/test/libb-hooks-endofscope-perl/artifacts/', '--warning=none', '--preserve-permissions', '--extract', '--no-same-owner', '-f', '-'])"]
autopkgtest-virt-qemu: DBG: ['srcstdin', "<_io.BufferedReader name='/dev/null'>", 'deststdout', "<_io.BufferedReader name='/dev/null'>", 'devnull_read', <_io.BufferedReader name='/dev/null'>]
autopkgtest-virt-qemu: DBG:  +< /tmp/autopkgtest-qemu.rsa1wmtu/runcmd sh -ec cd /tmp/autopkgtest.gfNE7k/autodep8-perl-recommends-artifacts/; tar --warning=none -c . -f -
autopkgtest-virt-qemu: DBG:  +> tar --directory /home/minami/Documents/openkylin-riscv/test/libb-hooks-endofscope-perl/artifacts/ --warning=none --preserve-permissions --extract --no-same-owner -f -
autopkgtest-virt-qemu: DBG:  +>?
autopkgtest-virt-qemu: DBG:  +<?
autopkgtest: DBG: got reply from testbed: ok
autopkgtest: DBG: testbed command ['rm', '-rf', '/tmp/autopkgtest.gfNE7k/autodep8-perl-recommends-artifacts', '/tmp/autopkgtest.gfNE7k/autopkgtest_tmp'], kind short, sout raw, serr pipe, env []
autopkgtest: DBG: testbed command exited with code 0
autopkgtest: DBG: needs_reset, previously=False, requested by run_tests() line 208
autopkgtest [19:10:54]: @@@@@@@@@@@@@@@@@@@@ summary
autodep8-perl-build-deps PASS
autodep8-perl        PASS (superficial)
autodep8-perl-recommends PASS (superficial)
autopkgtest: DBG: testbed stop
autopkgtest: DBG: testbed close, scratch=/tmp/autopkgtest.gfNE7k
autopkgtest: DBG: sending command to testbed: close
autopkgtest-virt-qemu: DBG: executing close
autopkgtest-virt-qemu: DBG: cleanup...
qemu-system-riscv64: terminating on signal 15 from pid 243876 (/usr/bin/python3)
autopkgtest: DBG: got reply from testbed: ok
autopkgtest: DBG: sending command to testbed: quit
autopkgtest-virt-qemu: DBG: executing quit
autopkgtest-virt-qemu: DBG: cleanup...
