t/00-load.t ............ 
1..1
ok 1 - Can load module
ok
t/analyze-binary.t ..... 
ok 1 - analyze_binary ok
ok 2 - analyze_binary wrong
1..2
ok
t/cmdline-LIBS-INC.t ... 
1..3
ok 1 - linked OK: LIBS=-lm
ok 2 - linked OK: LIBS=-lm, LIBS=-lbazbam, LIBS=-LDevel-Assert-testlib-C_J6dml2
ok 3 - linked OK: "LIBS=-lm -lbazbam -LDevel-Assert-testlib-C_J6dml2"
ok
t/custom-function.t .... 
1..5
ok 1 - failed to build: wrong result
ok 2 - failed to build: Can't link/include
ok 3 - function exists
ok 4 - function exists and other function returns right value
ok 5 - function returns right value
ok
t/dash-l-libs.t ........ 
1..1
ok 1 - LIBS => '-lm -lbazbam -LDevel-Assert-testlib-aIKjT1LH'
ok
t/exit_with_message.t .. 
1..1
ok 1 - missing hlagh detected non-fatally
ok
t/flags.t .............. 
ok 1 - ccflags ok
ok 2 - ccflags wrong
1..2
ok
t/found.t .............. 
1..8
ok 1 - lib => 'm'
ok 2 - ... and check_lib is true
ok 3 - lib => 'c'
ok 4 - ... and check_lib is true
ok 5 - lib => ['m', 'c']
ok 6 - ... and check_lib is true
ok 7 - lib => 'bazbam', libpath => 'Devel-Assert-testlib-QPKQeS0l'
ok 8 - ... and check_lib is true
ok
t/headers.t ............ 
1..5
ok 1 - incpath => '.',  header => 'headerfile.h'
ok 2 - INC => '-t/inc', header => 'headerfile.h'
ok 3 - incpath => '.',         header => 't/inc/headerfile.h'
ok 4 - incpath => [qw(t/inc)], header => 'headerfile.h'
ok 5 - INC => '-I. -It/inc',   header => 'headerfile.h'
ok
t/not_found.t .......... 
1..12
ok 1 - died on 'lib => 'foo''
ok 2 - missing 'foo' detected
ok 3 - ... and check_lib is false
ok 4 - died on 'lib => [qw/m foo/]'
ok 5 - missing 'foo' detected
ok 6 - ... and check_lib is false
ok 7 - died on 'lib => [qw/foo m/]'
ok 8 - missing 'foo' detected
ok 9 - ... and check_lib is false
ok 10 - died on 'lib => [qw/foo bar/]'
ok 11 - missing 'foo', 'bar' detected
ok 12 - ... and check_lib is false
ok
All tests successful.
Files=10, Tests=40, 51 wallclock secs ( 0.58 usr  0.24 sys + 31.20 cusr 24.23 csys = 56.25 CPU)
Result: PASS
