t/allfcns.t ....... 
1..1
ok 1
ok
t/bit-sha3-224.t .. 
1..3
ok 1
ok 2
ok 3
ok
t/bit-sha3-256.t .. 
1..3
ok 1
ok 2
ok 3
ok
t/bit-sha3-384.t .. 
1..3
ok 1
ok 2
ok 3
ok
t/bit-sha3-512.t .. 
1..3
ok 1
ok 2
ok 3
ok
t/bit-shake128.t .. 
1..2
ok 1
ok 2
ok
t/bit-shake256.t .. 
1..2
ok 1
ok 2
ok
t/bitorder.t ...... 
1..3
ok 1
ok 2
ok 3
ok
t/podcover.t ...... skipped: Test::Pod::Coverage 0.08 required
t/sha3-224.t ...... 
1..3
ok 1
ok 2
ok 3
ok
t/sha3-256.t ...... 
1..3
ok 1
ok 2
ok 3
ok
t/sha3-384.t ...... 
1..3
ok 1
ok 2
ok 3
ok
t/sha3-512.t ...... 
1..3
ok 1
ok 2
ok 3
ok
All tests successful.
Files=13, Tests=32,  5 wallclock secs ( 0.50 usr  0.31 sys +  3.42 cusr  1.26 csys =  5.49 CPU)
Result: PASS
