t/00-basic.t .... 
ok 1 - use Crypt::SSLeay;
ok 2 - use Crypt::SSLeay::CTX;
ok 3 - use Crypt::SSLeay::Conn;
ok 4 - use Crypt::SSLeay::Err;
ok 5 - use Crypt::SSLeay::MainContext;
ok 6 - use Crypt::SSLeay::X509;
ok 7 - use Crypt::SSLeay::Version;
ok 8 - use Net::SSL;
ok 9 - POD test for SSLeay.pm
ok 10 - POD test for lib/Net/SSL.pm
ok 11 - Crypt::SSLeay POD coverage
ok 12 - Crypt::SSLeay::Version POD coverage
ok 13 - Net::SSL POD coverage
ok 14 - 'main context' isa 'Crypt::SSLeay::CTX'
1..14
ok
t/01-connect.t .. 
1..8
ok 1 - Net::SSL->new - expected failure
ok 2 # skip nothing listening on localhost:443
ok 3 # skip nothing listening on localhost:443
ok 4 # skip nothing listening on localhost:443
ok 5 # skip nothing listening on localhost:443
ok 6 # skip nothing listening on localhost:443
ok 7 # skip nothing listening on localhost:443
ok 8 # skip nothing listening on localhost:443
ok
t/03-version.t .. 
ok 1 - openssl_built_on returns a defined value
# built on: Sun Nov 27 11:57:17 2022 UTC
ok 2 - openssl_built_on return value looks valid
ok 3 - openssl_cflags returns a defined value
# compiler: gcc -fPIC -pthread -Wa,--noexecstack -Wall -Wa,--noexecstack -g -O2 -ffile-prefix-map=/build/openssl-g3V4VA/openssl-1.1.1f=. -fstack-protector-strong -Wformat -Werror=format-security -DOPENSSL_TLS_SECURITY_LEVEL=2 -DOPENSSL_USE_NODELETE -DOPENSSL_PIC -DNDEBUG -Wdate-time -D_FORTIFY_SOURCE=2
ok 4 - openssl_cflags return value looks valid
ok 5 - openssl_dir returns a defined value
# OPENSSLDIR: "/usr/lib/ssl"
ok 6 - openssl_dir return value looks valid
ok 7 - openssl_platform returns a defined value
# platform: debian-riscv64
ok 8 - openssl_version returns a defined value
# OpenSSL 1.1.1f  31 Mar 2020
ok 9 - openssl_version return value looks valid
ok 10 - openssl_int_version returns a defined value
# 0x1010106f
ok 11 - OpenSSL version geq lowest known version
1..11
ok
t/manifest.t .... skipped: Author tests not required for installation
All tests successful.
Files=4, Tests=33,  7 wallclock secs ( 0.48 usr  0.22 sys +  4.41 cusr  1.53 csys =  6.64 CPU)
Result: PASS
