autopkgtest: DBG: testbed init
autopkgtest [19:35:42]: starting date and time: 2023-02-19 19:35:42+0800
autopkgtest [19:35:42]: version 5.28
autopkgtest [19:35:42]: host debian; command line: /usr/bin/autopkgtest /home/minami/Documents/openkylin-riscv/src/libcrypt-ssleay-perl_0.73.06-ok2.dsc -o /home/minami/Documents/openkylin-riscv/test/libcrypt-ssleay-perl -d -B -- qemu -u root -p openkylin --qemu-architecture=riscv64 -c 8 --ram-size=8192 -d '--qemu-options=-machine virt -kernel /home/minami/Documents/ukylin/u-boot.bin' /home/minami/Documents/openkylin-riscv/testing.qcow2
autopkgtest: DBG: got reply from testbed: ok
autopkgtest: DBG: testbed open, scratch=None
autopkgtest: DBG: sending command to testbed: open
autopkgtest-virt-qemu: DBG: executing open
autopkgtest-virt-qemu: DBG: find_free_port: trying 10022
autopkgtest-virt-qemu: DBG: find_free_port: 10022 is free
autopkgtest-virt-qemu: DBG: autopkgtest does not know how to boot this machine, hopefully nothing special needs to be done?
autopkgtest-virt-qemu: DBG: qemu architecture: riscv64
autopkgtest-virt-qemu: DBG: qemu command: qemu-system-riscv64
autopkgtest-virt-qemu: DBG: execute-timeout: qemu-img info --output=json /home/minami/Documents/openkylin-riscv/testing.qcow2
autopkgtest-virt-qemu: DBG: Creating temporary overlay image in /tmp/autopkgtest-qemu.q86k3kv8/overlay.img
autopkgtest-virt-qemu: DBG: execute-timeout: qemu-img create -f qcow2 -F qcow2 -b /home/minami/Documents/openkylin-riscv/testing.qcow2 /tmp/autopkgtest-qemu.q86k3kv8/overlay.img
autopkgtest-virt-qemu: DBG: Forwarding local port 10022 to VM ssh port 22
autopkgtest-virt-qemu: DBG: Assuming nothing special needs to be done to set up firmware to boot this machine (boot method: none)
autopkgtest-virt-qemu: DBG: full qemu command-line: ['qemu-system-riscv64', '-m', '8192', '-smp', '8', '-nographic', '-device', 'virtio-net-device,netdev=usernet', '-netdev', 'user,id=usernet,hostfwd=tcp:127.0.0.1:10022-:22', '-object', 'rng-random,filename=/dev/urandom,id=rng0', '-device', 'virtio-rng-pci,rng=rng0,id=rng-device0', '-monitor', 'unix:/tmp/autopkgtest-qemu.q86k3kv8/monitor,server=on,wait=off', '-virtfs', 'local,id=autopkgtest,path=/tmp/autopkgtest-qemu.q86k3kv8/shared,security_model=none,mount_tag=autopkgtest', '-device', 'virtio-serial', '-chardev', 'socket,path=/tmp/autopkgtest-qemu.q86k3kv8/hvc0,server=on,wait=off,id=hvc0', '-device', 'virtconsole,chardev=hvc0', '-chardev', 'socket,path=/tmp/autopkgtest-qemu.q86k3kv8/hvc1,server=on,wait=off,id=hvc1', '-device', 'virtconsole,chardev=hvc1', '-serial', 'unix:/tmp/autopkgtest-qemu.q86k3kv8/ttyS0,server=on,wait=off', '-drive', 'index=0,file=/tmp/autopkgtest-qemu.q86k3kv8/overlay.img,format=qcow2,cache=unsafe,if=virtio,discard=unmap', '-machine', 'virt', '-kernel', '/home/minami/Documents/ukylin/u-boot.bin']
autopkgtest-virt-qemu: DBG: expect: b' login: '
autopkgtest-virt-qemu: DBG: expect: found "'login prompt on serial console'"
autopkgtest-virt-qemu: DBG: expect: b'ok'
autopkgtest-virt-qemu: DBG: expect: found "b'ok'"
autopkgtest-virt-qemu: DBG: setup_shell(): there already is a shell on hvc1
qemu-system-riscv64: warning: 9p: degraded performance: a reasonable high msize should be chosen on client/guest side (chosen msize is <= 8192). See https://wiki.qemu.org/Documentation/9psetup#msize for details.
autopkgtest-virt-qemu: DBG: expect: b'99bb6585-a692-4701-8001-1404e3e1b18a[1]'
autopkgtest-virt-qemu: DBG: expect: found "b'99bb6585-a692-4701-8001-1404e3e1b18a[1]'"
autopkgtest-virt-qemu: DBG: expect: b'99bb6585-a692-4701-8001-1404e3e1b18a[2]'
autopkgtest-virt-qemu: DBG: expect: found "b'99bb6585-a692-4701-8001-1404e3e1b18a[2]'"
autopkgtest-virt-qemu: DBG: expect: b'99bb6585-a692-4701-8001-1404e3e1b18a[3]'
autopkgtest-virt-qemu: DBG: expect: found "b'99bb6585-a692-4701-8001-1404e3e1b18a[3]'"
autopkgtest-virt-qemu: DBG: expect: b'/python'
autopkgtest-virt-qemu: DBG: expect: found "b'/python'"
autopkgtest-virt-qemu: DBG: expect: b'# '
autopkgtest-virt-qemu: DBG: expect: found "b'# '"
autopkgtest-virt-qemu: DBG: expect: b'99bb6585-a692-4701-8001-1404e3e1b18a[4]'
autopkgtest-virt-qemu: DBG: expect: found "b'99bb6585-a692-4701-8001-1404e3e1b18a[4]'"
autopkgtest-virt-qemu: DBG: execute-timeout: /tmp/autopkgtest-qemu.q86k3kv8/runcmd true
autopkgtest-virt-qemu: DBG: can connect to autopkgtest sh in VM
autopkgtest-virt-qemu: DBG: expect: b'99bb6585-a692-4701-8001-1404e3e1b18a[5]'
autopkgtest-virt-qemu: DBG: expect: found "b'99bb6585-a692-4701-8001-1404e3e1b18a[5]'"
autopkgtest-virt-qemu: DBG: determine_normal_user: got user "openkylin"
autopkgtest-virt-qemu: DBG: auxverb = ['/tmp/autopkgtest-qemu.q86k3kv8/runcmd'], downtmp = None
autopkgtest-virt-qemu: DBG: execute-timeout: /tmp/autopkgtest-qemu.q86k3kv8/runcmd mktemp --directory --tmpdir autopkgtest.XXXXXX
autopkgtest-virt-qemu: DBG: execute-timeout: /tmp/autopkgtest-qemu.q86k3kv8/runcmd chmod 1777 /tmp/autopkgtest.rmt4Ws
autopkgtest: DBG: got reply from testbed: ok /tmp/autopkgtest.rmt4Ws
autopkgtest: DBG: sending command to testbed: print-execute-command
autopkgtest-virt-qemu: DBG: executing print-execute-command
autopkgtest: DBG: got reply from testbed: ok /tmp/autopkgtest-qemu.q86k3kv8/runcmd
autopkgtest: DBG: sending command to testbed: capabilities
autopkgtest-virt-qemu: DBG: executing capabilities
autopkgtest: DBG: got reply from testbed: ok isolation-machine reboot revert revert-full-system root-on-testbed suggested-normal-user=openkylin
autopkgtest: DBG: testbed capabilities: ['isolation-machine', 'reboot', 'revert', 'revert-full-system', 'root-on-testbed', 'suggested-normal-user=openkylin', 'has_internet']
autopkgtest: DBG: testbed command ['mkdir', '-p', '/tmp/autopkgtest.rmt4Ws'], kind short, sout raw, serr pipe, env []
autopkgtest: DBG: testbed command exited with code 0
autopkgtest: DBG: sending command to testbed: copydown /usr/share/autopkgtest/lib/in-testbed/wrapper.sh /tmp/autopkgtest.rmt4Ws/wrapper.sh
autopkgtest-virt-qemu: DBG: executing copydown /usr/share/autopkgtest/lib/in-testbed/wrapper.sh /tmp/autopkgtest.rmt4Ws/wrapper.sh
autopkgtest-virt-qemu: DBG: ['cmdls', "(['cat'], ['/tmp/autopkgtest-qemu.q86k3kv8/runcmd', 'sh', '-ec', 'cat >/tmp/autopkgtest.rmt4Ws/wrapper.sh; chmod +x -- /tmp/autopkgtest.rmt4Ws/wrapper.sh'])"]
autopkgtest-virt-qemu: DBG: ['srcstdin', "<_io.BufferedReader name='/usr/share/autopkgtest/lib/in-testbed/wrapper.sh'>", 'deststdout', "<_io.BufferedReader name='/dev/null'>", 'devnull_read', <_io.BufferedReader name='/dev/null'>]
autopkgtest-virt-qemu: DBG:  +< cat
autopkgtest-virt-qemu: DBG:  +> /tmp/autopkgtest-qemu.q86k3kv8/runcmd sh -ec cat >/tmp/autopkgtest.rmt4Ws/wrapper.sh; chmod +x -- /tmp/autopkgtest.rmt4Ws/wrapper.sh
autopkgtest-virt-qemu: DBG:  +>?
autopkgtest-virt-qemu: DBG:  +<?
autopkgtest: DBG: got reply from testbed: ok
autopkgtest: DBG: testbed command ['chmod', '-R', '0755', '--', '/tmp/autopkgtest.rmt4Ws/wrapper.sh'], kind short, sout raw, serr pipe, env []
autopkgtest: DBG: testbed command exited with code 0
autopkgtest: DBG: testbed command ['dpkg', '--print-architecture'], kind short, sout pipe, serr pipe, env []
autopkgtest: DBG: testbed command exited with code 0
autopkgtest [19:36:32]: testbed dpkg architecture: riscv64
autopkgtest: DBG: testbed command ['sh', '-ec', 'command -v eatmydata'], kind short, sout pipe, serr pipe, env []
autopkgtest: DBG: testbed command exited with code 127
autopkgtest: DBG: testbed command ['sh', '-ec', 'command -v dpkg-query'], kind short, sout pipe, serr pipe, env []
autopkgtest: DBG: testbed command exited with code 0
autopkgtest: DBG: testbed command ['sh', '-ec', "dpkg-query --show -f '${Package}\\t${Version}\\n' > /tmp/autopkgtest.rmt4Ws/testbed-packages"], kind short, sout raw, serr pipe, env []
autopkgtest: DBG: testbed command exited with code 0
autopkgtest: DBG: sending command to testbed: copyup /tmp/autopkgtest.rmt4Ws/testbed-packages /home/minami/Documents/openkylin-riscv/test/libcrypt-ssleay-perl/testbed-packages
autopkgtest-virt-qemu: DBG: executing copyup /tmp/autopkgtest.rmt4Ws/testbed-packages /home/minami/Documents/openkylin-riscv/test/libcrypt-ssleay-perl/testbed-packages
autopkgtest-virt-qemu: DBG: ['cmdls', "(['/tmp/autopkgtest-qemu.q86k3kv8/runcmd', 'sh', '-ec', 'cat </tmp/autopkgtest.rmt4Ws/testbed-packages'], ['cat'])"]
autopkgtest-virt-qemu: DBG: ['srcstdin', "<_io.BufferedReader name='/dev/null'>", 'deststdout', "<_io.BufferedWriter name='/home/minami/Documents/openkylin-riscv/test/libcrypt-ssleay-perl/testbed-packages'>", 'devnull_read', <_io.BufferedReader name='/dev/null'>]
autopkgtest-virt-qemu: DBG:  +< /tmp/autopkgtest-qemu.q86k3kv8/runcmd sh -ec cat </tmp/autopkgtest.rmt4Ws/testbed-packages
autopkgtest-virt-qemu: DBG:  +> cat
autopkgtest-virt-qemu: DBG:  +>?
autopkgtest-virt-qemu: DBG:  +<?
autopkgtest: DBG: got reply from testbed: ok
autopkgtest: DBG: testbed supports reboot, creating /tmp/autopkgtest-reboot
autopkgtest: DBG: testbed command ['mkdir', '-p', '/tmp/autopkgtest.rmt4Ws'], kind short, sout raw, serr pipe, env []
autopkgtest: DBG: testbed command exited with code 0
autopkgtest: DBG: sending command to testbed: copydown /usr/share/autopkgtest/lib/in-testbed/reboot.sh /tmp/autopkgtest.rmt4Ws/autopkgtest-reboot
autopkgtest-virt-qemu: DBG: executing copydown /usr/share/autopkgtest/lib/in-testbed/reboot.sh /tmp/autopkgtest.rmt4Ws/autopkgtest-reboot
autopkgtest-virt-qemu: DBG: ['cmdls', "(['cat'], ['/tmp/autopkgtest-qemu.q86k3kv8/runcmd', 'sh', '-ec', 'cat >/tmp/autopkgtest.rmt4Ws/autopkgtest-reboot; chmod +x -- /tmp/autopkgtest.rmt4Ws/autopkgtest-reboot'])"]
autopkgtest-virt-qemu: DBG: ['srcstdin', "<_io.BufferedReader name='/usr/share/autopkgtest/lib/in-testbed/reboot.sh'>", 'deststdout', "<_io.BufferedReader name='/dev/null'>", 'devnull_read', <_io.BufferedReader name='/dev/null'>]
autopkgtest-virt-qemu: DBG:  +< cat
autopkgtest-virt-qemu: DBG:  +> /tmp/autopkgtest-qemu.q86k3kv8/runcmd sh -ec cat >/tmp/autopkgtest.rmt4Ws/autopkgtest-reboot; chmod +x -- /tmp/autopkgtest.rmt4Ws/autopkgtest-reboot
autopkgtest-virt-qemu: DBG:  +>?
autopkgtest-virt-qemu: DBG:  +<?
autopkgtest: DBG: got reply from testbed: ok
autopkgtest: DBG: testbed command ['chmod', '-R', '0755', '--', '/tmp/autopkgtest.rmt4Ws/autopkgtest-reboot'], kind short, sout raw, serr pipe, env []
autopkgtest: DBG: testbed command exited with code 0
autopkgtest: DBG: testbed command ['ln', '-fns', '/tmp/autopkgtest.rmt4Ws/autopkgtest-reboot', '/tmp/autopkgtest-reboot'], kind short, sout raw, serr pipe, env []
autopkgtest: DBG: testbed command exited with code 0
autopkgtest: DBG: testbed command ['ln', '-fns', '/tmp/autopkgtest.rmt4Ws/autopkgtest-reboot', '/sbin/autopkgtest-reboot'], kind short, sout raw, serr pipe, env []
autopkgtest: DBG: testbed command exited with code 0
autopkgtest: DBG: testbed command ['mkdir', '-p', '/tmp/autopkgtest.rmt4Ws'], kind short, sout raw, serr pipe, env []
autopkgtest: DBG: testbed command exited with code 0
autopkgtest: DBG: sending command to testbed: copydown /usr/share/autopkgtest/lib/in-testbed/reboot-prepare.sh /tmp/autopkgtest.rmt4Ws/autopkgtest-reboot-prepare
autopkgtest-virt-qemu: DBG: executing copydown /usr/share/autopkgtest/lib/in-testbed/reboot-prepare.sh /tmp/autopkgtest.rmt4Ws/autopkgtest-reboot-prepare
autopkgtest-virt-qemu: DBG: ['cmdls', "(['cat'], ['/tmp/autopkgtest-qemu.q86k3kv8/runcmd', 'sh', '-ec', 'cat >/tmp/autopkgtest.rmt4Ws/autopkgtest-reboot-prepare; chmod +x -- /tmp/autopkgtest.rmt4Ws/autopkgtest-reboot-prepare'])"]
autopkgtest-virt-qemu: DBG: ['srcstdin', "<_io.BufferedReader name='/usr/share/autopkgtest/lib/in-testbed/reboot-prepare.sh'>", 'deststdout', "<_io.BufferedReader name='/dev/null'>", 'devnull_read', <_io.BufferedReader name='/dev/null'>]
autopkgtest-virt-qemu: DBG:  +< cat
autopkgtest-virt-qemu: DBG:  +> /tmp/autopkgtest-qemu.q86k3kv8/runcmd sh -ec cat >/tmp/autopkgtest.rmt4Ws/autopkgtest-reboot-prepare; chmod +x -- /tmp/autopkgtest.rmt4Ws/autopkgtest-reboot-prepare
autopkgtest-virt-qemu: DBG:  +>?
autopkgtest-virt-qemu: DBG:  +<?
autopkgtest: DBG: got reply from testbed: ok
autopkgtest: DBG: testbed command ['chmod', '-R', '0755', '--', '/tmp/autopkgtest.rmt4Ws/autopkgtest-reboot-prepare'], kind short, sout raw, serr pipe, env []
autopkgtest: DBG: testbed command exited with code 0
autopkgtest: DBG: testbed command ['ln', '-fns', '/tmp/autopkgtest.rmt4Ws/autopkgtest-reboot-prepare', '/tmp/autopkgtest-reboot-prepare'], kind short, sout raw, serr pipe, env []
autopkgtest: DBG: testbed command exited with code 0
autopkgtest: DBG: testbed command ['uname', '-srv'], kind short, sout pipe, serr pipe, env []
autopkgtest: DBG: testbed command exited with code 0
autopkgtest [19:36:40]: testbed running kernel: Linux 5.11.0-1030-generic #34 SMP Fri Mar 11 15:27:17 CST 2022
autopkgtest: DBG: testbed command ['sh', '-c', 'nproc; cat /proc/cpuinfo 2>/dev/null || true'], kind short, sout pipe, serr pipe, env []
autopkgtest: DBG: testbed command exited with code 0
autopkgtest: DBG: Binaries: initialising
autopkgtest [19:36:40]: @@@@@@@@@@@@@@@@@@@@ source /home/minami/Documents/openkylin-riscv/src/libcrypt-ssleay-perl_0.73.06-ok2.dsc
autopkgtest: DBG: blame += /home/minami/Documents/openkylin-riscv/src/libcrypt-ssleay-perl_0.73.06-ok2.dsc
autopkgtest: DBG: testbed reset: modified=False, deps_installed=[], deps_new=[]
autopkgtest: DBG: testbed command ['mkdir', '-p', '/tmp/autopkgtest.rmt4Ws'], kind short, sout raw, serr pipe, env []
autopkgtest: DBG: testbed command exited with code 0
autopkgtest: DBG: sending command to testbed: copydown /home/minami/Documents/openkylin-riscv/src/libcrypt-ssleay-perl_0.73.06-ok2.dsc /tmp/autopkgtest.rmt4Ws/libcrypt-ssleay-perl_0.73.06-ok2.dsc
autopkgtest-virt-qemu: DBG: executing copydown /home/minami/Documents/openkylin-riscv/src/libcrypt-ssleay-perl_0.73.06-ok2.dsc /tmp/autopkgtest.rmt4Ws/libcrypt-ssleay-perl_0.73.06-ok2.dsc
autopkgtest-virt-qemu: DBG: ['cmdls', "(['cat'], ['/tmp/autopkgtest-qemu.q86k3kv8/runcmd', 'sh', '-ec', 'cat >/tmp/autopkgtest.rmt4Ws/libcrypt-ssleay-perl_0.73.06-ok2.dsc'])"]
autopkgtest-virt-qemu: DBG: ['srcstdin', "<_io.BufferedReader name='/home/minami/Documents/openkylin-riscv/src/libcrypt-ssleay-perl_0.73.06-ok2.dsc'>", 'deststdout', "<_io.BufferedReader name='/dev/null'>", 'devnull_read', <_io.BufferedReader name='/dev/null'>]
autopkgtest-virt-qemu: DBG:  +< cat
autopkgtest-virt-qemu: DBG:  +> /tmp/autopkgtest-qemu.q86k3kv8/runcmd sh -ec cat >/tmp/autopkgtest.rmt4Ws/libcrypt-ssleay-perl_0.73.06-ok2.dsc
autopkgtest-virt-qemu: DBG:  +>?
autopkgtest-virt-qemu: DBG:  +<?
autopkgtest: DBG: got reply from testbed: ok
autopkgtest: DBG: testbed command ['chown', '-R', 'openkylin', '--', '/tmp/autopkgtest.rmt4Ws/libcrypt-ssleay-perl_0.73.06-ok2.dsc'], kind short, sout raw, serr pipe, env []
autopkgtest: DBG: testbed command exited with code 0
autopkgtest: DBG: testbed command ['mkdir', '-p', '/tmp/autopkgtest.rmt4Ws'], kind short, sout raw, serr pipe, env []
autopkgtest: DBG: testbed command exited with code 0
autopkgtest: DBG: sending command to testbed: copydown /home/minami/Documents/openkylin-riscv/src/libcrypt-ssleay-perl_0.73.06.orig.tar.gz /tmp/autopkgtest.rmt4Ws/libcrypt-ssleay-perl_0.73.06.orig.tar.gz
autopkgtest-virt-qemu: DBG: executing copydown /home/minami/Documents/openkylin-riscv/src/libcrypt-ssleay-perl_0.73.06.orig.tar.gz /tmp/autopkgtest.rmt4Ws/libcrypt-ssleay-perl_0.73.06.orig.tar.gz
autopkgtest-virt-qemu: DBG: ['cmdls', "(['cat'], ['/tmp/autopkgtest-qemu.q86k3kv8/runcmd', 'sh', '-ec', 'cat >/tmp/autopkgtest.rmt4Ws/libcrypt-ssleay-perl_0.73.06.orig.tar.gz'])"]
autopkgtest-virt-qemu: DBG: ['srcstdin', "<_io.BufferedReader name='/home/minami/Documents/openkylin-riscv/src/libcrypt-ssleay-perl_0.73.06.orig.tar.gz'>", 'deststdout', "<_io.BufferedReader name='/dev/null'>", 'devnull_read', <_io.BufferedReader name='/dev/null'>]
autopkgtest-virt-qemu: DBG:  +< cat
autopkgtest-virt-qemu: DBG:  +> /tmp/autopkgtest-qemu.q86k3kv8/runcmd sh -ec cat >/tmp/autopkgtest.rmt4Ws/libcrypt-ssleay-perl_0.73.06.orig.tar.gz
autopkgtest-virt-qemu: DBG:  +>?
autopkgtest-virt-qemu: DBG:  +<?
autopkgtest: DBG: got reply from testbed: ok
autopkgtest: DBG: testbed command ['chown', '-R', 'openkylin', '--', '/tmp/autopkgtest.rmt4Ws/libcrypt-ssleay-perl_0.73.06.orig.tar.gz'], kind short, sout raw, serr pipe, env []
autopkgtest: DBG: testbed command exited with code 0
autopkgtest: DBG: testbed command ['mkdir', '-p', '/tmp/autopkgtest.rmt4Ws'], kind short, sout raw, serr pipe, env []
autopkgtest: DBG: testbed command exited with code 0
autopkgtest: DBG: sending command to testbed: copydown /home/minami/Documents/openkylin-riscv/src/libcrypt-ssleay-perl_0.73.06-ok2.debian.tar.xz /tmp/autopkgtest.rmt4Ws/libcrypt-ssleay-perl_0.73.06-ok2.debian.tar.xz
autopkgtest-virt-qemu: DBG: executing copydown /home/minami/Documents/openkylin-riscv/src/libcrypt-ssleay-perl_0.73.06-ok2.debian.tar.xz /tmp/autopkgtest.rmt4Ws/libcrypt-ssleay-perl_0.73.06-ok2.debian.tar.xz
autopkgtest-virt-qemu: DBG: ['cmdls', "(['cat'], ['/tmp/autopkgtest-qemu.q86k3kv8/runcmd', 'sh', '-ec', 'cat >/tmp/autopkgtest.rmt4Ws/libcrypt-ssleay-perl_0.73.06-ok2.debian.tar.xz'])"]
autopkgtest-virt-qemu: DBG: ['srcstdin', "<_io.BufferedReader name='/home/minami/Documents/openkylin-riscv/src/libcrypt-ssleay-perl_0.73.06-ok2.debian.tar.xz'>", 'deststdout', "<_io.BufferedReader name='/dev/null'>", 'devnull_read', <_io.BufferedReader name='/dev/null'>]
autopkgtest-virt-qemu: DBG:  +< cat
autopkgtest-virt-qemu: DBG:  +> /tmp/autopkgtest-qemu.q86k3kv8/runcmd sh -ec cat >/tmp/autopkgtest.rmt4Ws/libcrypt-ssleay-perl_0.73.06-ok2.debian.tar.xz
autopkgtest-virt-qemu: DBG:  +>?
autopkgtest-virt-qemu: DBG:  +<?
autopkgtest: DBG: got reply from testbed: ok
autopkgtest: DBG: testbed command ['chown', '-R', 'openkylin', '--', '/tmp/autopkgtest.rmt4Ws/libcrypt-ssleay-perl_0.73.06-ok2.debian.tar.xz'], kind short, sout raw, serr pipe, env []
autopkgtest: DBG: testbed command exited with code 0
autopkgtest: DBG: install_deps: deps_new=[]
autopkgtest: DBG: testbed command ['sh', '-ec', 'command -v dpkg-source'], kind short, sout pipe, serr pipe, env []
autopkgtest: DBG: testbed command exited with code 0
autopkgtest: DBG: testbed command ['sh', '-ec', 'su --shell=/bin/sh openkylin -c \'set -e; exec 3>&1 >&2; set -x; cd /; builddir=$(mktemp -d /tmp/autopkgtest.rmt4Ws/build.XXX); cd $builddir; dpkg-source -x "/tmp/autopkgtest.rmt4Ws/libcrypt-ssleay-perl_0.73.06-ok2.dsc" src; chmod -R a+rX .; cd [a-z0-9]*/.; pwd >&3; sed -n "1 {s/).*//; s/ (/\\n/; p}" debian/changelog >&3\''], kind build, sout pipe, serr raw, env []
+ cd /
+ mktemp -d /tmp/autopkgtest.rmt4Ws/build.XXX
+ builddir=/tmp/autopkgtest.rmt4Ws/build.B8g
+ cd /tmp/autopkgtest.rmt4Ws/build.B8g
+ dpkg-source -x /tmp/autopkgtest.rmt4Ws/libcrypt-ssleay-perl_0.73.06-ok2.dsc src
gpgv: unknown type of key resource 'trustedkeys.kbx'
gpgv: keyblock resource '/tmp/dpkg-verify-sig.MoFVMxss/trustedkeys.kbx': General error
gpgv: Signature made Thu 22 Sep 2022 06:54:51 AM UTC
gpgv:                using RSA key 64FBB79F5EAE64D792E94CFE0716F00F842CD274
gpgv: Can't check signature: No public key
dpkg-source: warning: cannot verify signature /tmp/autopkgtest.rmt4Ws/libcrypt-ssleay-perl_0.73.06-ok2.dsc
dpkg-source: info: extracting libcrypt-ssleay-perl in src
dpkg-source: info: unpacking libcrypt-ssleay-perl_0.73.06.orig.tar.gz
dpkg-source: info: unpacking libcrypt-ssleay-perl_0.73.06-ok2.debian.tar.xz
+ chmod -R a+rX .
+ cd src/.
+ pwd
+ sed -n 1 {s/).*//; s/ (/\n/; p} debian/changelog
autopkgtest: DBG: testbed command exited with code 0
autopkgtest [19:36:51]: testing package libcrypt-ssleay-perl version 0.73.06-ok2
autopkgtest: DBG: sending command to testbed: copyup /tmp/autopkgtest.rmt4Ws/build.B8g/src/debian/ /home/minami/Documents/openkylin-riscv/test/libcrypt-ssleay-perl/pkg/debian/
autopkgtest-virt-qemu: DBG: executing copyup /tmp/autopkgtest.rmt4Ws/build.B8g/src/debian/ /home/minami/Documents/openkylin-riscv/test/libcrypt-ssleay-perl/pkg/debian/
autopkgtest-virt-qemu: DBG: ['cmdls', "(['/tmp/autopkgtest-qemu.q86k3kv8/runcmd', 'sh', '-ec', 'cd /tmp/autopkgtest.rmt4Ws/build.B8g/src/debian/; tar --warning=none -c . -f -'], ['tar', '--directory', '/home/minami/Documents/openkylin-riscv/test/libcrypt-ssleay-perl/pkg/debian/', '--warning=none', '--preserve-permissions', '--extract', '--no-same-owner', '-f', '-'])"]
autopkgtest-virt-qemu: DBG: ['srcstdin', "<_io.BufferedReader name='/dev/null'>", 'deststdout', "<_io.BufferedReader name='/dev/null'>", 'devnull_read', <_io.BufferedReader name='/dev/null'>]
autopkgtest-virt-qemu: DBG:  +< /tmp/autopkgtest-qemu.q86k3kv8/runcmd sh -ec cd /tmp/autopkgtest.rmt4Ws/build.B8g/src/debian/; tar --warning=none -c . -f -
autopkgtest-virt-qemu: DBG:  +> tar --directory /home/minami/Documents/openkylin-riscv/test/libcrypt-ssleay-perl/pkg/debian/ --warning=none --preserve-permissions --extract --no-same-owner -f -
autopkgtest-virt-qemu: DBG:  +>?
autopkgtest-virt-qemu: DBG:  +<?
autopkgtest: DBG: got reply from testbed: ok
autopkgtest: DBG: autodep8 generated control: -----
Test-Command: /usr/share/pkg-perl-autopkgtest/runner build-deps
Depends: @, @builddeps@, pkg-perl-autopkgtest, 
Restrictions: skippable, 
Features: test-name=autodep8-perl-build-deps


Test-Command: /usr/share/pkg-perl-autopkgtest/runner runtime-deps
Depends: @, pkg-perl-autopkgtest, 
Restrictions: skippable, superficial, 
Features: test-name=autodep8-perl


Test-Command: /usr/share/pkg-perl-autopkgtest/runner runtime-deps-and-recommends
Depends: @, pkg-perl-autopkgtest, 
Restrictions: needs-recommends, skippable, superficial, 
Features: test-name=autodep8-perl-recommends


-------
autopkgtest: DBG: processing dependency @
autopkgtest: DBG: synthesised dependency libcrypt-ssleay-perl
autopkgtest: DBG: processing dependency @builddeps@
autopkgtest: DBG: synthesised dependency debhelper (>= 10)
autopkgtest: DBG: synthesised dependency libbytes-random-secure-perl
autopkgtest: DBG: synthesised dependency libdevel-checklib-perl (>= 1.09)
autopkgtest: DBG: synthesised dependency libssl-dev
autopkgtest: DBG: synthesised dependency libtest-pod-coverage-perl
autopkgtest: DBG: synthesised dependency libtest-pod-perl
autopkgtest: DBG: synthesised dependency openssl
autopkgtest: DBG: synthesised dependency perl-openssl-defaults
autopkgtest: DBG: synthesised dependency perl
autopkgtest: DBG: synthesised dependency perl (>= 5.19.8) | libio-socket-ip-perl (>= 0.26)
autopkgtest: DBG: synthesised dependency build-essential
autopkgtest: DBG: processing dependency pkg-perl-autopkgtest
autopkgtest: DBG: Test defined: name autodep8-perl-build-deps path None command "/usr/share/pkg-perl-autopkgtest/runner build-deps" restrictions ['skippable'] features ['test-name=autodep8-perl-build-deps'] depends ['libcrypt-ssleay-perl', 'debhelper (>= 10)', 'libbytes-random-secure-perl', 'libdevel-checklib-perl (>= 1.09)', 'libssl-dev', 'libtest-pod-coverage-perl', 'libtest-pod-perl', 'openssl', 'perl-openssl-defaults', 'perl', 'perl (>= 5.19.8) | libio-socket-ip-perl (>= 0.26)', 'build-essential', 'pkg-perl-autopkgtest'] 
autopkgtest: DBG: processing dependency @
autopkgtest: DBG: synthesised dependency libcrypt-ssleay-perl
autopkgtest: DBG: processing dependency pkg-perl-autopkgtest
autopkgtest: DBG: Test defined: name autodep8-perl path None command "/usr/share/pkg-perl-autopkgtest/runner runtime-deps" restrictions ['skippable', 'superficial'] features ['test-name=autodep8-perl'] depends ['libcrypt-ssleay-perl', 'pkg-perl-autopkgtest'] 
autopkgtest: DBG: processing dependency @
autopkgtest: DBG: synthesised dependency libcrypt-ssleay-perl
autopkgtest: DBG: processing dependency pkg-perl-autopkgtest
autopkgtest: DBG: processing dependency @recommends@
autopkgtest: DBG: synthesised dependency perl (>= 5.19.8) | libio-socket-ip-perl (>= 0.26)
autopkgtest: DBG: Test defined: name autodep8-perl-recommends path None command "/usr/share/pkg-perl-autopkgtest/runner runtime-deps-and-recommends" restrictions ['needs-recommends', 'skippable', 'superficial'] features ['test-name=autodep8-perl-recommends'] depends ['libcrypt-ssleay-perl', 'pkg-perl-autopkgtest', 'perl (>= 5.19.8) | libio-socket-ip-perl (>= 0.26)'] 
autopkgtest [19:36:51]: build not needed
autopkgtest: DBG: sending command to testbed: copyup /tmp/autopkgtest.rmt4Ws/build.B8g/src/ /home/minami/Documents/openkylin-riscv/test/libcrypt-ssleay-perl/tests-tree/
autopkgtest-virt-qemu: DBG: executing copyup /tmp/autopkgtest.rmt4Ws/build.B8g/src/ /home/minami/Documents/openkylin-riscv/test/libcrypt-ssleay-perl/tests-tree/
autopkgtest-virt-qemu: DBG: ['cmdls', "(['/tmp/autopkgtest-qemu.q86k3kv8/runcmd', 'sh', '-ec', 'cd /tmp/autopkgtest.rmt4Ws/build.B8g/src/; tar --warning=none -c . -f -'], ['tar', '--directory', '/home/minami/Documents/openkylin-riscv/test/libcrypt-ssleay-perl/tests-tree/', '--warning=none', '--preserve-permissions', '--extract', '--no-same-owner', '-f', '-'])"]
autopkgtest-virt-qemu: DBG: ['srcstdin', "<_io.BufferedReader name='/dev/null'>", 'deststdout', "<_io.BufferedReader name='/dev/null'>", 'devnull_read', <_io.BufferedReader name='/dev/null'>]
autopkgtest-virt-qemu: DBG:  +< /tmp/autopkgtest-qemu.q86k3kv8/runcmd sh -ec cd /tmp/autopkgtest.rmt4Ws/build.B8g/src/; tar --warning=none -c . -f -
autopkgtest-virt-qemu: DBG:  +> tar --directory /home/minami/Documents/openkylin-riscv/test/libcrypt-ssleay-perl/tests-tree/ --warning=none --preserve-permissions --extract --no-same-owner -f -
autopkgtest-virt-qemu: DBG:  +>?
autopkgtest-virt-qemu: DBG:  +<?
autopkgtest: DBG: got reply from testbed: ok
autopkgtest: DBG: autodep8 generated control: -----
Test-Command: /usr/share/pkg-perl-autopkgtest/runner build-deps
Depends: @, @builddeps@, pkg-perl-autopkgtest, 
Restrictions: skippable, 
Features: test-name=autodep8-perl-build-deps


Test-Command: /usr/share/pkg-perl-autopkgtest/runner runtime-deps
Depends: @, pkg-perl-autopkgtest, 
Restrictions: skippable, superficial, 
Features: test-name=autodep8-perl


Test-Command: /usr/share/pkg-perl-autopkgtest/runner runtime-deps-and-recommends
Depends: @, pkg-perl-autopkgtest, 
Restrictions: needs-recommends, skippable, superficial, 
Features: test-name=autodep8-perl-recommends


-------
autopkgtest: DBG: processing dependency @
autopkgtest: DBG: synthesised dependency libcrypt-ssleay-perl
autopkgtest: DBG: processing dependency @builddeps@
autopkgtest: DBG: synthesised dependency debhelper (>= 10)
autopkgtest: DBG: synthesised dependency libbytes-random-secure-perl
autopkgtest: DBG: synthesised dependency libdevel-checklib-perl (>= 1.09)
autopkgtest: DBG: synthesised dependency libssl-dev
autopkgtest: DBG: synthesised dependency libtest-pod-coverage-perl
autopkgtest: DBG: synthesised dependency libtest-pod-perl
autopkgtest: DBG: synthesised dependency openssl
autopkgtest: DBG: synthesised dependency perl-openssl-defaults
autopkgtest: DBG: synthesised dependency perl
autopkgtest: DBG: synthesised dependency perl (>= 5.19.8) | libio-socket-ip-perl (>= 0.26)
autopkgtest: DBG: synthesised dependency build-essential
autopkgtest: DBG: processing dependency pkg-perl-autopkgtest
autopkgtest: DBG: Test defined: name autodep8-perl-build-deps path None command "/usr/share/pkg-perl-autopkgtest/runner build-deps" restrictions ['skippable'] features ['test-name=autodep8-perl-build-deps'] depends ['libcrypt-ssleay-perl', 'debhelper (>= 10)', 'libbytes-random-secure-perl', 'libdevel-checklib-perl (>= 1.09)', 'libssl-dev', 'libtest-pod-coverage-perl', 'libtest-pod-perl', 'openssl', 'perl-openssl-defaults', 'perl', 'perl (>= 5.19.8) | libio-socket-ip-perl (>= 0.26)', 'build-essential', 'pkg-perl-autopkgtest'] 
autopkgtest: DBG: processing dependency @
autopkgtest: DBG: synthesised dependency libcrypt-ssleay-perl
autopkgtest: DBG: processing dependency pkg-perl-autopkgtest
autopkgtest: DBG: Test defined: name autodep8-perl path None command "/usr/share/pkg-perl-autopkgtest/runner runtime-deps" restrictions ['skippable', 'superficial'] features ['test-name=autodep8-perl'] depends ['libcrypt-ssleay-perl', 'pkg-perl-autopkgtest'] 
autopkgtest: DBG: processing dependency @
autopkgtest: DBG: synthesised dependency libcrypt-ssleay-perl
autopkgtest: DBG: processing dependency pkg-perl-autopkgtest
autopkgtest: DBG: processing dependency @recommends@
autopkgtest: DBG: synthesised dependency perl (>= 5.19.8) | libio-socket-ip-perl (>= 0.26)
autopkgtest: DBG: Test defined: name autodep8-perl-recommends path None command "/usr/share/pkg-perl-autopkgtest/runner runtime-deps-and-recommends" restrictions ['needs-recommends', 'skippable', 'superficial'] features ['test-name=autodep8-perl-recommends'] depends ['libcrypt-ssleay-perl', 'pkg-perl-autopkgtest', 'perl (>= 5.19.8) | libio-socket-ip-perl (>= 0.26)'] 
autopkgtest [19:36:52]: test autodep8-perl-build-deps: preparing testbed
autopkgtest: DBG: testbed reset: modified=False, deps_installed=[], deps_new=['libcrypt-ssleay-perl', 'debhelper (>= 10)', 'libbytes-random-secure-perl', 'libdevel-checklib-perl (>= 1.09)', 'libssl-dev', 'libtest-pod-coverage-perl', 'libtest-pod-perl', 'openssl', 'perl-openssl-defaults', 'perl', 'perl (>= 5.19.8) | libio-socket-ip-perl (>= 0.26)', 'build-essential', 'pkg-perl-autopkgtest']
autopkgtest: DBG: Binaries: no registered binaries, not publishing anything
autopkgtest: DBG: install_deps: deps_new=['libcrypt-ssleay-perl', 'debhelper (>= 10)', 'libbytes-random-secure-perl', 'libdevel-checklib-perl (>= 1.09)', 'libssl-dev', 'libtest-pod-coverage-perl', 'libtest-pod-perl', 'openssl', 'perl-openssl-defaults', 'perl', 'perl (>= 5.19.8) | libio-socket-ip-perl (>= 0.26)', 'build-essential', 'pkg-perl-autopkgtest']
autopkgtest: DBG: install-deps: satisfying libcrypt-ssleay-perl, debhelper (>= 10), libbytes-random-secure-perl, libdevel-checklib-perl (>= 1.09), libssl-dev, libtest-pod-coverage-perl, libtest-pod-perl, openssl, perl-openssl-defaults, perl, perl (>= 5.19.8) | libio-socket-ip-perl (>= 0.26), build-essential, pkg-perl-autopkgtest
autopkgtest: DBG: install-deps: architecture resolved: libcrypt-ssleay-perl, debhelper (>= 10), libbytes-random-secure-perl, libdevel-checklib-perl (>= 1.09), libssl-dev, libtest-pod-coverage-perl, libtest-pod-perl, openssl, perl-openssl-defaults, perl, perl (>= 5.19.8) | libio-socket-ip-perl (>= 0.26), build-essential, pkg-perl-autopkgtest
autopkgtest: DBG: testbed command ['test', '-w', '/var/lib/dpkg/status'], kind short, sout raw, serr raw, env []
autopkgtest: DBG: testbed command exited with code 0
autopkgtest: DBG: can use apt-get on testbed: True
autopkgtest: DBG: testbed command ['mkdir', '-p', '/tmp/autopkgtest.rmt4Ws'], kind short, sout raw, serr pipe, env []
autopkgtest: DBG: testbed command exited with code 0
autopkgtest: DBG: sending command to testbed: copydown /home/minami/Documents/openkylin-riscv/test/libcrypt-ssleay-perl/1-autopkgtest-satdep.deb /tmp/autopkgtest.rmt4Ws/1-autopkgtest-satdep.deb
autopkgtest-virt-qemu: DBG: executing copydown /home/minami/Documents/openkylin-riscv/test/libcrypt-ssleay-perl/1-autopkgtest-satdep.deb /tmp/autopkgtest.rmt4Ws/1-autopkgtest-satdep.deb
autopkgtest-virt-qemu: DBG: ['cmdls', "(['cat'], ['/tmp/autopkgtest-qemu.q86k3kv8/runcmd', 'sh', '-ec', 'cat >/tmp/autopkgtest.rmt4Ws/1-autopkgtest-satdep.deb'])"]
autopkgtest-virt-qemu: DBG: ['srcstdin', "<_io.BufferedReader name='/home/minami/Documents/openkylin-riscv/test/libcrypt-ssleay-perl/1-autopkgtest-satdep.deb'>", 'deststdout', "<_io.BufferedReader name='/dev/null'>", 'devnull_read', <_io.BufferedReader name='/dev/null'>]
autopkgtest-virt-qemu: DBG:  +< cat
autopkgtest-virt-qemu: DBG:  +> /tmp/autopkgtest-qemu.q86k3kv8/runcmd sh -ec cat >/tmp/autopkgtest.rmt4Ws/1-autopkgtest-satdep.deb
autopkgtest-virt-qemu: DBG:  +>?
autopkgtest-virt-qemu: DBG:  +<?
autopkgtest: DBG: got reply from testbed: ok
autopkgtest: DBG: testbed command ['chown', '-R', 'openkylin', '--', '/tmp/autopkgtest.rmt4Ws/1-autopkgtest-satdep.deb'], kind short, sout raw, serr pipe, env []
autopkgtest: DBG: testbed command exited with code 0
autopkgtest: DBG: testbed command ['dpkg', '--unpack', '/tmp/autopkgtest.rmt4Ws/1-autopkgtest-satdep.deb'], kind short, sout pipe, serr pipe, env []
autopkgtest: DBG: testbed command exited with code 0
autopkgtest: DBG: testbed command ['/bin/sh', '-ec', ' apt-get install --assume-yes --fix-broken -o APT::Status-Fd=3 -o APT::Install-Recommends=false -o Dpkg::Options::=--force-confnew -o Debug::pkgProblemResolver=true 3>&2 2>&1'], kind install, sout raw, serr pipe, env ['DEBIAN_FRONTEND=noninteractive', 'APT_LISTBUGS_FRONTEND=none', 'APT_LISTCHANGES_FRONTEND=none']
Reading package lists...
Building dependency tree...
Reading state information...
Correcting dependencies...Starting pkgProblemResolver with broken count: 0
Starting 2 pkgProblemResolver with broken count: 0
Done
 Done
Starting pkgProblemResolver with broken count: 0
Starting 2 pkgProblemResolver with broken count: 0
Done
The following packages were automatically installed and are no longer required:
  libdjvulibre-text libdjvulibre21 libegl-dev libgl-dev libglu1-mesa-dev
  libglx-dev libmpdec2 libvulkan-dev libx11-dev libxau-dev libxcb1-dev
  libxdmcp-dev libxext-dev qt5-qmake qt5-qmake-bin x11proto-core-dev
  x11proto-dev xorg-sgml-doctools xtrans-dev
Use 'apt autoremove' to remove them.
The following additional packages will be installed:
  autoconf autodep8 automake autopoint autotools-dev build-essential
  dctrl-tools debhelper debugedit dh-autoreconf dh-strip-nondeterminism dwz
  g++ g++-9 gcc gcc-9 intltool-debian libarchive-zip-perl
  libbytes-random-secure-perl libcc1-0 libcrypt-random-seed-perl
  libcrypt-ssleay-perl libdebhelper-perl libdevel-checklib-perl
  libdevel-symdump-perl libfile-stripnondeterminism-perl
  libmath-random-isaac-perl libpod-coverage-perl libsigsegv2 libssl-dev
  libsub-override-perl libtest-pod-coverage-perl libtest-pod-perl libtool m4
  perl-openssl-defaults pkg-perl-autopkgtest po-debconf
Suggested packages:
  autoconf-archive gnu-standards autoconf-doc debtags dh-make gcc-9-doc bison
  flex gcc-doc gcc-multilib gdb manpages-dev gcc-9-locales libssl-doc
  libtool-doc gfortran | fortran95-compiler gcj-jdk m4-doc libmail-box-perl
Recommended packages:
  libarchive-cpio-perl libmath-random-isaac-xs-perl libltdl-dev
  libmail-sendmail-perl
The following NEW packages will be installed:
  autoconf autodep8 automake autopoint autotools-dev build-essential
  dctrl-tools debhelper debugedit dh-autoreconf dh-strip-nondeterminism dwz
  g++ g++-9 gcc gcc-9 intltool-debian libarchive-zip-perl
  libbytes-random-secure-perl libcc1-0 libcrypt-random-seed-perl
  libcrypt-ssleay-perl libdebhelper-perl libdevel-checklib-perl
  libdevel-symdump-perl libfile-stripnondeterminism-perl
  libmath-random-isaac-perl libpod-coverage-perl libsigsegv2 libssl-dev
  libsub-override-perl libtest-pod-coverage-perl libtest-pod-perl libtool m4
  perl-openssl-defaults pkg-perl-autopkgtest po-debconf
0 upgraded, 38 newly installed, 0 to remove and 18 not upgraded.
1 not fully installed or removed.
Need to get 21.8 MB of archives.
After this operation, 68.9 MB of additional disk space will be used.
Get:1 http://archive.build.openkylin.top/openkylin yangtze/main riscv64 perl-openssl-defaults riscv64 5-ok1 [6,742 B]
Get:2 http://ppa.build.openkylin.top/kylinsoft/anything/openkylin yangtze/main riscv64 libdevel-symdump-perl all 2.18-ok1 [12.4 kB]
Get:3 http://archive.build.openkylin.top/openkylin yangtze/main riscv64 libcrypt-random-seed-perl all 0.03-ok2 [20.3 kB]
Get:4 http://ppa.build.openkylin.top/kylinsoft/anything/openkylin yangtze/main riscv64 autodep8 all 0.22-ok1 [10.1 kB]
Get:5 http://ppa.build.openkylin.top/kylinsoft/anything/openkylin yangtze/main riscv64 pkg-perl-autopkgtest all 0.59-ok1 [8,208 B]
Get:6 http://archive.build.openkylin.top/openkylin yangtze/main riscv64 libmath-random-isaac-perl all 1.004-ok2 [18.9 kB]
Get:7 http://archive.build.openkylin.top/openkylin yangtze/main riscv64 libbytes-random-secure-perl all 0.29-ok2 [26.7 kB]
Get:8 http://archive.build.openkylin.top/openkylin yangtze/main riscv64 libcrypt-ssleay-perl riscv64 0.73.06-ok2 [44.9 kB]
Get:9 http://archive.build.openkylin.top/openkylin yangtze/main riscv64 autotools-dev all 20220506-ok1 [41.6 kB]
Get:10 http://archive.build.openkylin.top/openkylin yangtze/main riscv64 debugedit riscv64 1:5.0-ok1 [71.2 kB]
Get:11 http://archive.build.openkylin.top/openkylin yangtze/main riscv64 libsigsegv2 riscv64 2.12-ok1 [11.5 kB]
Get:12 http://archive.build.openkylin.top/openkylin yangtze/main riscv64 m4 riscv64 1.4.18-ok2 [191 kB]
Get:13 http://archive.build.openkylin.top/openkylin yangtze/main riscv64 autoconf all 2.71-ok2 [390 kB]
Get:14 http://archive.build.openkylin.top/openkylin yangtze/main riscv64 automake all 1:1.16.5-ok1 [557 kB]
Get:15 http://archive.build.openkylin.top/openkylin yangtze/main riscv64 autopoint all 0.19.8.1-ok1 [410 kB]
Get:16 http://archive.build.openkylin.top/openkylin yangtze/main riscv64 libdebhelper-perl all 13.6-ok1 [61.4 kB]
Get:17 http://archive.build.openkylin.top/openkylin yangtze/main riscv64 libcc1-0 riscv64 10-20200411-ok5 [42.3 kB]
Get:18 http://archive.build.openkylin.top/openkylin yangtze/main riscv64 gcc-9 riscv64 9.3.0-ok4 [7,417 kB]
Get:19 http://archive.build.openkylin.top/openkylin yangtze/main riscv64 gcc riscv64 4:9.3.0-ok7 [5,160 B]
Get:20 http://archive.build.openkylin.top/openkylin yangtze/main riscv64 libtool all 2.4.6-ok1 [159 kB]
Get:21 http://archive.build.openkylin.top/openkylin yangtze/main riscv64 dh-autoreconf all 20-ok1 [16.3 kB]
Get:22 http://archive.build.openkylin.top/openkylin yangtze/main riscv64 libarchive-zip-perl all 1.68-ok1 [90.7 kB]
Get:23 http://archive.build.openkylin.top/openkylin yangtze/main riscv64 libsub-override-perl all 0.09-ok2 [8,374 B]
Get:24 http://archive.build.openkylin.top/openkylin yangtze/main riscv64 libfile-stripnondeterminism-perl all 1.13.0-ok1 [16.8 kB]
Get:25 http://archive.build.openkylin.top/openkylin yangtze/main riscv64 dh-strip-nondeterminism all 1.13.0-ok1 [5,334 B]
Get:26 http://archive.build.openkylin.top/openkylin yangtze/main riscv64 dwz riscv64 0.14-ok1 [123 kB]
Get:27 http://archive.build.openkylin.top/openkylin yangtze/main riscv64 intltool-debian all 0.35.0+20060710.5-ok2 [23.2 kB]
Get:28 http://archive.build.openkylin.top/openkylin yangtze/main riscv64 po-debconf all 1.0.21+nmu1-ok1 [227 kB]
Get:29 http://archive.build.openkylin.top/openkylin yangtze/main riscv64 debhelper all 13.6-ok1 [931 kB]
Get:30 http://archive.build.openkylin.top/openkylin yangtze/main riscv64 libdevel-checklib-perl all 1.16-ok1 [16.1 kB]
Get:31 http://archive.build.openkylin.top/openkylin yangtze/main riscv64 libssl-dev riscv64 1.1.1f-ok3 [3,157 kB]
Get:32 http://archive.build.openkylin.top/openkylin yangtze/main riscv64 libpod-coverage-perl all 0.23-ok2 [17.6 kB]
Get:33 http://archive.build.openkylin.top/openkylin yangtze/main riscv64 libtest-pod-coverage-perl all 1.10-ok2 [8,662 B]
Get:34 http://archive.build.openkylin.top/openkylin yangtze/main riscv64 libtest-pod-perl all 1.52-ok2 [8,444 B]
Get:35 http://archive.build.openkylin.top/openkylin yangtze/main riscv64 g++-9 riscv64 9.3.0-ok4 [7,571 kB]
Get:36 http://archive.build.openkylin.top/openkylin yangtze/main riscv64 g++ riscv64 4:9.3.0-ok7 [1,470 B]
Get:37 http://archive.build.openkylin.top/openkylin yangtze/main riscv64 build-essential riscv64 12.8-ok1 [4,000 B]
Get:38 http://archive.build.openkylin.top/openkylin yangtze/main riscv64 dctrl-tools riscv64 2.24-ok1 [55.6 kB]
Fetched 21.8 MB in 4s (5,853 kB/s)
Selecting previously unselected package perl-openssl-defaults:riscv64.
(Reading database ... (Reading database ... 5%(Reading database ... 10%(Reading database ... 15%(Reading database ... 20%(Reading database ... 25%(Reading database ... 30%(Reading database ... 35%(Reading database ... 40%(Reading database ... 45%(Reading database ... 50%(Reading database ... 55%(Reading database ... 60%(Reading database ... 65%(Reading database ... 70%(Reading database ... 75%(Reading database ... 80%(Reading database ... 85%(Reading database ... 90%(Reading database ... 95%(Reading database ... 100%(Reading database ... 161111 files and directories currently installed.)
Preparing to unpack .../00-perl-openssl-defaults_5-ok1_riscv64.deb ...
Unpacking perl-openssl-defaults:riscv64 (5-ok1) ...
Selecting previously unselected package libcrypt-random-seed-perl.
Preparing to unpack .../01-libcrypt-random-seed-perl_0.03-ok2_all.deb ...
Unpacking libcrypt-random-seed-perl (0.03-ok2) ...
Selecting previously unselected package libmath-random-isaac-perl.
Preparing to unpack .../02-libmath-random-isaac-perl_1.004-ok2_all.deb ...
Unpacking libmath-random-isaac-perl (1.004-ok2) ...
Selecting previously unselected package libbytes-random-secure-perl.
Preparing to unpack .../03-libbytes-random-secure-perl_0.29-ok2_all.deb ...
Unpacking libbytes-random-secure-perl (0.29-ok2) ...
Selecting previously unselected package libcrypt-ssleay-perl.
Preparing to unpack .../04-libcrypt-ssleay-perl_0.73.06-ok2_riscv64.deb ...
Unpacking libcrypt-ssleay-perl (0.73.06-ok2) ...
Selecting previously unselected package autotools-dev.
Preparing to unpack .../05-autotools-dev_20220506-ok1_all.deb ...
Unpacking autotools-dev (20220506-ok1) ...
Selecting previously unselected package debugedit.
Preparing to unpack .../06-debugedit_1%3a5.0-ok1_riscv64.deb ...
Unpacking debugedit (1:5.0-ok1) ...
Selecting previously unselected package libsigsegv2:riscv64.
Preparing to unpack .../07-libsigsegv2_2.12-ok1_riscv64.deb ...
Unpacking libsigsegv2:riscv64 (2.12-ok1) ...
Selecting previously unselected package m4.
Preparing to unpack .../08-m4_1.4.18-ok2_riscv64.deb ...
Unpacking m4 (1.4.18-ok2) ...
Selecting previously unselected package autoconf.
Preparing to unpack .../09-autoconf_2.71-ok2_all.deb ...
Unpacking autoconf (2.71-ok2) ...
Selecting previously unselected package automake.
Preparing to unpack .../10-automake_1%3a1.16.5-ok1_all.deb ...
Unpacking automake (1:1.16.5-ok1) ...
Selecting previously unselected package autopoint.
Preparing to unpack .../11-autopoint_0.19.8.1-ok1_all.deb ...
Unpacking autopoint (0.19.8.1-ok1) ...
Selecting previously unselected package libdebhelper-perl.
Preparing to unpack .../12-libdebhelper-perl_13.6-ok1_all.deb ...
Unpacking libdebhelper-perl (13.6-ok1) ...
Selecting previously unselected package libcc1-0:riscv64.
Preparing to unpack .../13-libcc1-0_10-20200411-ok5_riscv64.deb ...
Unpacking libcc1-0:riscv64 (10-20200411-ok5) ...
Selecting previously unselected package gcc-9.
Preparing to unpack .../14-gcc-9_9.3.0-ok4_riscv64.deb ...
Unpacking gcc-9 (9.3.0-ok4) ...
Selecting previously unselected package gcc.
Preparing to unpack .../15-gcc_4%3a9.3.0-ok7_riscv64.deb ...
Unpacking gcc (4:9.3.0-ok7) ...
Selecting previously unselected package libtool.
Preparing to unpack .../16-libtool_2.4.6-ok1_all.deb ...
Unpacking libtool (2.4.6-ok1) ...
Selecting previously unselected package dh-autoreconf.
Preparing to unpack .../17-dh-autoreconf_20-ok1_all.deb ...
Unpacking dh-autoreconf (20-ok1) ...
Selecting previously unselected package libarchive-zip-perl.
Preparing to unpack .../18-libarchive-zip-perl_1.68-ok1_all.deb ...
Unpacking libarchive-zip-perl (1.68-ok1) ...
Selecting previously unselected package libsub-override-perl.
Preparing to unpack .../19-libsub-override-perl_0.09-ok2_all.deb ...
Unpacking libsub-override-perl (0.09-ok2) ...
Selecting previously unselected package libfile-stripnondeterminism-perl.
Preparing to unpack .../20-libfile-stripnondeterminism-perl_1.13.0-ok1_all.deb ...
Unpacking libfile-stripnondeterminism-perl (1.13.0-ok1) ...
Selecting previously unselected package dh-strip-nondeterminism.
Preparing to unpack .../21-dh-strip-nondeterminism_1.13.0-ok1_all.deb ...
Unpacking dh-strip-nondeterminism (1.13.0-ok1) ...
Selecting previously unselected package dwz.
Preparing to unpack .../22-dwz_0.14-ok1_riscv64.deb ...
Unpacking dwz (0.14-ok1) ...
Selecting previously unselected package intltool-debian.
Preparing to unpack .../23-intltool-debian_0.35.0+20060710.5-ok2_all.deb ...
Unpacking intltool-debian (0.35.0+20060710.5-ok2) ...
Selecting previously unselected package po-debconf.
Preparing to unpack .../24-po-debconf_1.0.21+nmu1-ok1_all.deb ...
Unpacking po-debconf (1.0.21+nmu1-ok1) ...
Selecting previously unselected package debhelper.
Preparing to unpack .../25-debhelper_13.6-ok1_all.deb ...
Unpacking debhelper (13.6-ok1) ...
Selecting previously unselected package libdevel-checklib-perl.
Preparing to unpack .../26-libdevel-checklib-perl_1.16-ok1_all.deb ...
Unpacking libdevel-checklib-perl (1.16-ok1) ...
Selecting previously unselected package libssl-dev:riscv64.
Preparing to unpack .../27-libssl-dev_1.1.1f-ok3_riscv64.deb ...
Unpacking libssl-dev:riscv64 (1.1.1f-ok3) ...
Selecting previously unselected package libdevel-symdump-perl.
Preparing to unpack .../28-libdevel-symdump-perl_2.18-ok1_all.deb ...
Unpacking libdevel-symdump-perl (2.18-ok1) ...
Selecting previously unselected package libpod-coverage-perl.
Preparing to unpack .../29-libpod-coverage-perl_0.23-ok2_all.deb ...
Unpacking libpod-coverage-perl (0.23-ok2) ...
Selecting previously unselected package libtest-pod-coverage-perl.
Preparing to unpack .../30-libtest-pod-coverage-perl_1.10-ok2_all.deb ...
Unpacking libtest-pod-coverage-perl (1.10-ok2) ...
Selecting previously unselected package libtest-pod-perl.
Preparing to unpack .../31-libtest-pod-perl_1.52-ok2_all.deb ...
Unpacking libtest-pod-perl (1.52-ok2) ...
Selecting previously unselected package g++-9.
Preparing to unpack .../32-g++-9_9.3.0-ok4_riscv64.deb ...
Unpacking g++-9 (9.3.0-ok4) ...
Selecting previously unselected package g++.
Preparing to unpack .../33-g++_4%3a9.3.0-ok7_riscv64.deb ...
Unpacking g++ (4:9.3.0-ok7) ...
Selecting previously unselected package build-essential.
Preparing to unpack .../34-build-essential_12.8-ok1_riscv64.deb ...
Unpacking build-essential (12.8-ok1) ...
Selecting previously unselected package dctrl-tools.
Preparing to unpack .../35-dctrl-tools_2.24-ok1_riscv64.deb ...
Unpacking dctrl-tools (2.24-ok1) ...
Selecting previously unselected package autodep8.
Preparing to unpack .../36-autodep8_0.22-ok1_all.deb ...
Unpacking autodep8 (0.22-ok1) ...
Selecting previously unselected package pkg-perl-autopkgtest.
Preparing to unpack .../37-pkg-perl-autopkgtest_0.59-ok1_all.deb ...
Unpacking pkg-perl-autopkgtest (0.59-ok1) ...
Setting up libmath-random-isaac-perl (1.004-ok2) ...
Setting up libarchive-zip-perl (1.68-ok1) ...
Setting up libdebhelper-perl (13.6-ok1) ...
Setting up libtest-pod-perl (1.52-ok2) ...
Setting up perl-openssl-defaults:riscv64 (5-ok1) ...
Setting up intltool-debian (0.35.0+20060710.5-ok2) ...
Setting up autotools-dev (20220506-ok1) ...
Setting up libcrypt-random-seed-perl (0.03-ok2) ...
Setting up libsigsegv2:riscv64 (2.12-ok1) ...
Setting up libssl-dev:riscv64 (1.1.1f-ok3) ...
Setting up autopoint (0.19.8.1-ok1) ...
Setting up dwz (0.14-ok1) ...
Setting up debugedit (1:5.0-ok1) ...
Setting up libsub-override-perl (0.09-ok2) ...
Setting up libdevel-symdump-perl (2.18-ok1) ...
Setting up libcc1-0:riscv64 (10-20200411-ok5) ...
Setting up dctrl-tools (2.24-ok1) ...
Setting up autodep8 (0.22-ok1) ...
Setting up libfile-stripnondeterminism-perl (1.13.0-ok1) ...
Setting up gcc-9 (9.3.0-ok4) ...
Setting up libtool (2.4.6-ok1) ...
Setting up po-debconf (1.0.21+nmu1-ok1) ...
Setting up libpod-coverage-perl (0.23-ok2) ...
Setting up m4 (1.4.18-ok2) ...
Setting up gcc (4:9.3.0-ok7) ...
Setting up libbytes-random-secure-perl (0.29-ok2) ...
Setting up g++-9 (9.3.0-ok4) ...
Setting up pkg-perl-autopkgtest (0.59-ok1) ...
Setting up autoconf (2.71-ok2) ...
Setting up dh-strip-nondeterminism (1.13.0-ok1) ...
Setting up g++ (4:9.3.0-ok7) ...
update-alternatives: using /usr/bin/g++ to provide /usr/bin/c++ (c++) in auto mode
Setting up libcrypt-ssleay-perl (0.73.06-ok2) ...
Setting up build-essential (12.8-ok1) ...
Setting up libtest-pod-coverage-perl (1.10-ok2) ...
Setting up automake (1:1.16.5-ok1) ...
update-alternatives: using /usr/bin/automake-1.16 to provide /usr/bin/automake (automake) in auto mode
Setting up libdevel-checklib-perl (1.16-ok1) ...
Setting up dh-autoreconf (20-ok1) ...
Setting up debhelper (13.6-ok1) ...
Setting up autopkgtest-satdep (0) ...
Processing triggers for man-db (2.9.1-ok3) ...
Processing triggers for install-info (6.7.0.dfsg.2-ok1) ...
Processing triggers for libc-bin (2.36-ok2) ...
autopkgtest: DBG: testbed command exited with code 0
autopkgtest: DBG: testbed command ['dpkg-query', '--show', '-f', '${Status}', 'libcrypt-ssleay-perl'], kind short, sout pipe, serr pipe, env []
autopkgtest: DBG: testbed command exited with code 0
autopkgtest: DBG: testbed command ['dpkg', '--status', 'autopkgtest-satdep'], kind short, sout pipe, serr pipe, env []
autopkgtest: DBG: testbed command exited with code 0
autopkgtest: DBG: testbed command ['apt-get', '--simulate', '--quiet', '-o', 'APT::Get::Show-User-Simulation-Note=False', '--auto-remove', 'purge', 'autopkgtest-satdep'], kind short, sout pipe, serr pipe, env []
autopkgtest: DBG: testbed command exited with code 0
autopkgtest: DBG: Marking test dependencies as manually installed: pkg-perl-autopkgtest autodep8 dctrl-tools dh-autoreconf debhelper dh-strip-nondeterminism debugedit dwz po-debconf intltool-debian libfile-stripnondeterminism-perl libarchive-zip-perl libcrypt-ssleay-perl libbytes-random-secure-perl libcrypt-random-seed-perl libdebhelper-perl libdevel-checklib-perl libtest-pod-coverage-perl libpod-coverage-perl libdevel-symdump-perl libdjvulibre21 libdjvulibre-text libegl-dev libglu1-mesa-dev libgl-dev libglx-dev libmath-random-isaac-perl libmpdec2 libssl-dev libsub-override-perl libtest-pod-perl libvulkan-dev libxext-dev libx11-dev libxcb1-dev libxau-dev libxdmcp-dev perl-openssl-defaults qt5-qmake qt5-qmake-bin x11proto-core-dev x11proto-dev xorg-sgml-doctools xtrans-dev
autopkgtest: DBG: testbed command ['apt-mark', 'manual', '-qq', 'pkg-perl-autopkgtest', 'autodep8', 'dctrl-tools', 'dh-autoreconf', 'debhelper', 'dh-strip-nondeterminism', 'debugedit', 'dwz', 'po-debconf', 'intltool-debian', 'libfile-stripnondeterminism-perl', 'libarchive-zip-perl', 'libcrypt-ssleay-perl', 'libbytes-random-secure-perl', 'libcrypt-random-seed-perl', 'libdebhelper-perl', 'libdevel-checklib-perl', 'libtest-pod-coverage-perl', 'libpod-coverage-perl', 'libdevel-symdump-perl'], kind short, sout raw, serr pipe, env []
autopkgtest: DBG: testbed command exited with code 0
autopkgtest: DBG: testbed command ['apt-mark', 'manual', '-qq', 'libdjvulibre21', 'libdjvulibre-text', 'libegl-dev', 'libglu1-mesa-dev', 'libgl-dev', 'libglx-dev', 'libmath-random-isaac-perl', 'libmpdec2', 'libssl-dev', 'libsub-override-perl', 'libtest-pod-perl', 'libvulkan-dev', 'libxext-dev', 'libx11-dev', 'libxcb1-dev', 'libxau-dev', 'libxdmcp-dev', 'perl-openssl-defaults', 'qt5-qmake', 'qt5-qmake-bin'], kind short, sout raw, serr pipe, env []
autopkgtest: DBG: testbed command exited with code 0
autopkgtest: DBG: testbed command ['apt-mark', 'manual', '-qq', 'x11proto-core-dev', 'x11proto-dev', 'xorg-sgml-doctools', 'xtrans-dev'], kind short, sout raw, serr pipe, env []
autopkgtest: DBG: testbed command exited with code 0
autopkgtest: DBG: testbed command ['dpkg', '--purge', 'autopkgtest-satdep'], kind short, sout raw, serr raw, env []
(Reading database ... 162514 files and directories currently installed.)
Removing autopkgtest-satdep (0) ...
autopkgtest: DBG: testbed command exited with code 0
autopkgtest: DBG: testbed command ['sh', '-ec', 'command -v dpkg-query'], kind short, sout pipe, serr pipe, env []
autopkgtest: DBG: testbed command exited with code 0
autopkgtest: DBG: testbed command ['sh', '-ec', "dpkg-query --show -f '${Package}\\t${Version}\\n' > /tmp/autopkgtest.rmt4Ws/autodep8-perl-build-deps-packages.all"], kind short, sout raw, serr pipe, env []
autopkgtest: DBG: testbed command exited with code 0
autopkgtest: DBG: sending command to testbed: copyup /tmp/autopkgtest.rmt4Ws/autodep8-perl-build-deps-packages.all /home/minami/Documents/openkylin-riscv/test/libcrypt-ssleay-perl/autodep8-perl-build-deps-packages.all
autopkgtest-virt-qemu: DBG: executing copyup /tmp/autopkgtest.rmt4Ws/autodep8-perl-build-deps-packages.all /home/minami/Documents/openkylin-riscv/test/libcrypt-ssleay-perl/autodep8-perl-build-deps-packages.all
autopkgtest-virt-qemu: DBG: ['cmdls', "(['/tmp/autopkgtest-qemu.q86k3kv8/runcmd', 'sh', '-ec', 'cat </tmp/autopkgtest.rmt4Ws/autodep8-perl-build-deps-packages.all'], ['cat'])"]
autopkgtest-virt-qemu: DBG: ['srcstdin', "<_io.BufferedReader name='/dev/null'>", 'deststdout', "<_io.BufferedWriter name='/home/minami/Documents/openkylin-riscv/test/libcrypt-ssleay-perl/autodep8-perl-build-deps-packages.all'>", 'devnull_read', <_io.BufferedReader name='/dev/null'>]
autopkgtest-virt-qemu: DBG:  +< /tmp/autopkgtest-qemu.q86k3kv8/runcmd sh -ec cat </tmp/autopkgtest.rmt4Ws/autodep8-perl-build-deps-packages.all
autopkgtest-virt-qemu: DBG:  +> cat
autopkgtest-virt-qemu: DBG:  +>?
autopkgtest-virt-qemu: DBG:  +<?
autopkgtest: DBG: got reply from testbed: ok
autopkgtest: DBG: testbed command ['test', '-e', '/tmp/autopkgtest.rmt4Ws/build.B8g/src'], kind short, sout raw, serr raw, env []
autopkgtest: DBG: testbed command exited with code 0
autopkgtest: DBG: copydown: tb path /tmp/autopkgtest.rmt4Ws/build.B8g/src already exists
autopkgtest [19:38:40]: test autodep8-perl-build-deps: /usr/share/pkg-perl-autopkgtest/runner build-deps
autopkgtest [19:38:40]: test autodep8-perl-build-deps: [-----------------------
autopkgtest: DBG: testbed command ['su', '-s', '/bin/bash', 'openkylin', '-c', 'set -e; export USER=`id -nu`; . /etc/profile >/dev/null 2>&1 || true;  . ~/.profile >/dev/null 2>&1 || true; buildtree="/tmp/autopkgtest.rmt4Ws/build.B8g/src"; mkdir -p -m 1777 -- "/tmp/autopkgtest.rmt4Ws/autodep8-perl-build-deps-artifacts"; export AUTOPKGTEST_ARTIFACTS="/tmp/autopkgtest.rmt4Ws/autodep8-perl-build-deps-artifacts"; export ADT_ARTIFACTS="$AUTOPKGTEST_ARTIFACTS"; mkdir -p -m 755 "/tmp/autopkgtest.rmt4Ws/autopkgtest_tmp"; export AUTOPKGTEST_TMP="/tmp/autopkgtest.rmt4Ws/autopkgtest_tmp"; export ADTTMP="$AUTOPKGTEST_TMP"; export DEBIAN_FRONTEND=noninteractive; export LANG=C.UTF-8; export DEB_BUILD_OPTIONS=parallel=8; unset LANGUAGE LC_CTYPE LC_NUMERIC LC_TIME LC_COLLATE   LC_MONETARY LC_MESSAGES LC_PAPER LC_NAME LC_ADDRESS   LC_TELEPHONE LC_MEASUREMENT LC_IDENTIFICATION LC_ALL;cd "$buildtree"; exec /tmp/autopkgtest.rmt4Ws/wrapper.sh --script-pid-file=/tmp/autopkgtest_script_pid --stderr=/tmp/autopkgtest.rmt4Ws/autodep8-perl-build-deps-stderr --stdout=/tmp/autopkgtest.rmt4Ws/autodep8-perl-build-deps-stdout -- bash -ec \'/usr/share/pkg-perl-autopkgtest/runner build-deps\' ;'], kind test, sout raw, serr raw, env []
t/00-basic.t .... 
ok 1 - use Crypt::SSLeay;
ok 2 - use Crypt::SSLeay::CTX;
ok 3 - use Crypt::SSLeay::Conn;
ok 4 - use Crypt::SSLeay::Err;
ok 5 - use Crypt::SSLeay::MainContext;
ok 6 - use Crypt::SSLeay::X509;
ok 7 - use Crypt::SSLeay::Version;
ok 8 - use Net::SSL;
ok 9 - POD test for SSLeay.pm
ok 10 - POD test for lib/Net/SSL.pm
ok 11 - Crypt::SSLeay POD coverage
ok 12 - Crypt::SSLeay::Version POD coverage
ok 13 - Net::SSL POD coverage
ok 14 - 'main context' isa 'Crypt::SSLeay::CTX'
1..14
ok
t/01-connect.t .. 
1..8
ok 1 - Net::SSL->new - expected failure
ok 2 # skip nothing listening on localhost:443
ok 3 # skip nothing listening on localhost:443
ok 4 # skip nothing listening on localhost:443
ok 5 # skip nothing listening on localhost:443
ok 6 # skip nothing listening on localhost:443
ok 7 # skip nothing listening on localhost:443
ok 8 # skip nothing listening on localhost:443
ok
t/03-version.t .. 
ok 1 - openssl_built_on returns a defined value
# built on: Sun Nov 27 11:57:17 2022 UTC
ok 2 - openssl_built_on return value looks valid
ok 3 - openssl_cflags returns a defined value
# compiler: gcc -fPIC -pthread -Wa,--noexecstack -Wall -Wa,--noexecstack -g -O2 -ffile-prefix-map=/build/openssl-g3V4VA/openssl-1.1.1f=. -fstack-protector-strong -Wformat -Werror=format-security -DOPENSSL_TLS_SECURITY_LEVEL=2 -DOPENSSL_USE_NODELETE -DOPENSSL_PIC -DNDEBUG -Wdate-time -D_FORTIFY_SOURCE=2
ok 4 - openssl_cflags return value looks valid
ok 5 - openssl_dir returns a defined value
# OPENSSLDIR: "/usr/lib/ssl"
ok 6 - openssl_dir return value looks valid
ok 7 - openssl_platform returns a defined value
# platform: debian-riscv64
ok 8 - openssl_version returns a defined value
# OpenSSL 1.1.1f  31 Mar 2020
ok 9 - openssl_version return value looks valid
ok 10 - openssl_int_version returns a defined value
# 0x1010106f
ok 11 - OpenSSL version geq lowest known version
1..11
ok
t/manifest.t .... skipped: Author tests not required for installation
All tests successful.
Files=4, Tests=33,  7 wallclock secs ( 0.48 usr  0.22 sys +  4.41 cusr  1.53 csys =  6.64 CPU)
Result: PASS
autopkgtest: DBG: testbed command exited with code 0
autopkgtest [19:38:56]: test autodep8-perl-build-deps: -----------------------]
autopkgtest: DBG: testbed executing test finished with exit status 0
autopkgtest: DBG: sending command to testbed: copyup /tmp/autopkgtest.rmt4Ws/autodep8-perl-build-deps-stdout /home/minami/Documents/openkylin-riscv/test/libcrypt-ssleay-perl/autodep8-perl-build-deps-stdout
autopkgtest-virt-qemu: DBG: executing copyup /tmp/autopkgtest.rmt4Ws/autodep8-perl-build-deps-stdout /home/minami/Documents/openkylin-riscv/test/libcrypt-ssleay-perl/autodep8-perl-build-deps-stdout
autopkgtest-virt-qemu: DBG: ['cmdls', "(['/tmp/autopkgtest-qemu.q86k3kv8/runcmd', 'sh', '-ec', 'cat </tmp/autopkgtest.rmt4Ws/autodep8-perl-build-deps-stdout'], ['cat'])"]
autopkgtest-virt-qemu: DBG: ['srcstdin', "<_io.BufferedReader name='/dev/null'>", 'deststdout', "<_io.BufferedWriter name='/home/minami/Documents/openkylin-riscv/test/libcrypt-ssleay-perl/autodep8-perl-build-deps-stdout'>", 'devnull_read', <_io.BufferedReader name='/dev/null'>]
autopkgtest-virt-qemu: DBG:  +< /tmp/autopkgtest-qemu.q86k3kv8/runcmd sh -ec cat </tmp/autopkgtest.rmt4Ws/autodep8-perl-build-deps-stdout
autopkgtest-virt-qemu: DBG:  +> cat
autopkgtest-virt-qemu: DBG:  +>?
autopkgtest-virt-qemu: DBG:  +<?
autopkgtest: DBG: got reply from testbed: ok
autopkgtest: DBG: sending command to testbed: copyup /tmp/autopkgtest.rmt4Ws/autodep8-perl-build-deps-stderr /home/minami/Documents/openkylin-riscv/test/libcrypt-ssleay-perl/autodep8-perl-build-deps-stderr
autopkgtest-virt-qemu: DBG: executing copyup /tmp/autopkgtest.rmt4Ws/autodep8-perl-build-deps-stderr /home/minami/Documents/openkylin-riscv/test/libcrypt-ssleay-perl/autodep8-perl-build-deps-stderr
autopkgtest-virt-qemu: DBG: ['cmdls', "(['/tmp/autopkgtest-qemu.q86k3kv8/runcmd', 'sh', '-ec', 'cat </tmp/autopkgtest.rmt4Ws/autodep8-perl-build-deps-stderr'], ['cat'])"]
autopkgtest-virt-qemu: DBG: ['srcstdin', "<_io.BufferedReader name='/dev/null'>", 'deststdout', "<_io.BufferedWriter name='/home/minami/Documents/openkylin-riscv/test/libcrypt-ssleay-perl/autodep8-perl-build-deps-stderr'>", 'devnull_read', <_io.BufferedReader name='/dev/null'>]
autopkgtest-virt-qemu: DBG:  +< /tmp/autopkgtest-qemu.q86k3kv8/runcmd sh -ec cat </tmp/autopkgtest.rmt4Ws/autodep8-perl-build-deps-stderr
autopkgtest-virt-qemu: DBG:  +> cat
autopkgtest-virt-qemu: DBG:  +>?
autopkgtest-virt-qemu: DBG:  +<?
autopkgtest: DBG: got reply from testbed: ok
autopkgtest [19:38:57]: test autodep8-perl-build-deps:  - - - - - - - - - - results - - - - - - - - - -
autodep8-perl-build-deps PASS
autopkgtest: DBG: sending command to testbed: copyup /tmp/autopkgtest.rmt4Ws/autodep8-perl-build-deps-artifacts/ /home/minami/Documents/openkylin-riscv/test/libcrypt-ssleay-perl/artifacts/
autopkgtest-virt-qemu: DBG: executing copyup /tmp/autopkgtest.rmt4Ws/autodep8-perl-build-deps-artifacts/ /home/minami/Documents/openkylin-riscv/test/libcrypt-ssleay-perl/artifacts/
autopkgtest-virt-qemu: DBG: ['cmdls', "(['/tmp/autopkgtest-qemu.q86k3kv8/runcmd', 'sh', '-ec', 'cd /tmp/autopkgtest.rmt4Ws/autodep8-perl-build-deps-artifacts/; tar --warning=none -c . -f -'], ['tar', '--directory', '/home/minami/Documents/openkylin-riscv/test/libcrypt-ssleay-perl/artifacts/', '--warning=none', '--preserve-permissions', '--extract', '--no-same-owner', '-f', '-'])"]
autopkgtest-virt-qemu: DBG: ['srcstdin', "<_io.BufferedReader name='/dev/null'>", 'deststdout', "<_io.BufferedReader name='/dev/null'>", 'devnull_read', <_io.BufferedReader name='/dev/null'>]
autopkgtest-virt-qemu: DBG:  +< /tmp/autopkgtest-qemu.q86k3kv8/runcmd sh -ec cd /tmp/autopkgtest.rmt4Ws/autodep8-perl-build-deps-artifacts/; tar --warning=none -c . -f -
autopkgtest-virt-qemu: DBG:  +> tar --directory /home/minami/Documents/openkylin-riscv/test/libcrypt-ssleay-perl/artifacts/ --warning=none --preserve-permissions --extract --no-same-owner -f -
autopkgtest-virt-qemu: DBG:  +>?
autopkgtest-virt-qemu: DBG:  +<?
autopkgtest: DBG: got reply from testbed: ok
autopkgtest: DBG: testbed command ['rm', '-rf', '/tmp/autopkgtest.rmt4Ws/autodep8-perl-build-deps-artifacts', '/tmp/autopkgtest.rmt4Ws/autopkgtest_tmp'], kind short, sout raw, serr pipe, env []
autopkgtest: DBG: testbed command exited with code 0
autopkgtest [19:38:58]: test autodep8-perl: preparing testbed
autopkgtest: DBG: testbed reset: modified=False, deps_installed=['libcrypt-ssleay-perl', 'debhelper (>= 10)', 'libbytes-random-secure-perl', 'libdevel-checklib-perl (>= 1.09)', 'libssl-dev', 'libtest-pod-coverage-perl', 'libtest-pod-perl', 'openssl', 'perl-openssl-defaults', 'perl', 'perl (>= 5.19.8) | libio-socket-ip-perl (>= 0.26)', 'build-essential', 'pkg-perl-autopkgtest'], deps_new=['libcrypt-ssleay-perl', 'pkg-perl-autopkgtest']
autopkgtest: DBG: testbed reset
autopkgtest: DBG: sending command to testbed: revert
autopkgtest-virt-qemu: DBG: executing revert
autopkgtest-virt-qemu: DBG: execute-timeout: /tmp/autopkgtest-qemu.q86k3kv8/runcmd rm -rf -- /tmp/autopkgtest.rmt4Ws
qemu-system-riscv64: terminating on signal 15 from pid 3472658 (/usr/bin/python3)
autopkgtest-virt-qemu: DBG: find_free_port: trying 10022
autopkgtest-virt-qemu: DBG: find_free_port: 10022 is free
autopkgtest-virt-qemu: DBG: autopkgtest does not know how to boot this machine, hopefully nothing special needs to be done?
autopkgtest-virt-qemu: DBG: qemu architecture: riscv64
autopkgtest-virt-qemu: DBG: qemu command: qemu-system-riscv64
autopkgtest-virt-qemu: DBG: execute-timeout: qemu-img info --output=json /home/minami/Documents/openkylin-riscv/testing.qcow2
autopkgtest-virt-qemu: DBG: Creating temporary overlay image in /tmp/autopkgtest-qemu.9aglxscz/overlay.img
autopkgtest-virt-qemu: DBG: execute-timeout: qemu-img create -f qcow2 -F qcow2 -b /home/minami/Documents/openkylin-riscv/testing.qcow2 /tmp/autopkgtest-qemu.9aglxscz/overlay.img
autopkgtest-virt-qemu: DBG: Forwarding local port 10022 to VM ssh port 22
autopkgtest-virt-qemu: DBG: Assuming nothing special needs to be done to set up firmware to boot this machine (boot method: none)
autopkgtest-virt-qemu: DBG: full qemu command-line: ['qemu-system-riscv64', '-m', '8192', '-smp', '8', '-nographic', '-device', 'virtio-net-device,netdev=usernet', '-netdev', 'user,id=usernet,hostfwd=tcp:127.0.0.1:10022-:22', '-object', 'rng-random,filename=/dev/urandom,id=rng0', '-device', 'virtio-rng-pci,rng=rng0,id=rng-device0', '-monitor', 'unix:/tmp/autopkgtest-qemu.9aglxscz/monitor,server=on,wait=off', '-virtfs', 'local,id=autopkgtest,path=/tmp/autopkgtest-qemu.9aglxscz/shared,security_model=none,mount_tag=autopkgtest', '-device', 'virtio-serial', '-chardev', 'socket,path=/tmp/autopkgtest-qemu.9aglxscz/hvc0,server=on,wait=off,id=hvc0', '-device', 'virtconsole,chardev=hvc0', '-chardev', 'socket,path=/tmp/autopkgtest-qemu.9aglxscz/hvc1,server=on,wait=off,id=hvc1', '-device', 'virtconsole,chardev=hvc1', '-serial', 'unix:/tmp/autopkgtest-qemu.9aglxscz/ttyS0,server=on,wait=off', '-drive', 'index=0,file=/tmp/autopkgtest-qemu.9aglxscz/overlay.img,format=qcow2,cache=unsafe,if=virtio,discard=unmap', '-machine', 'virt', '-kernel', '/home/minami/Documents/ukylin/u-boot.bin']
autopkgtest-virt-qemu: DBG: expect: b' login: '
autopkgtest-virt-qemu: DBG: expect: found "'login prompt on serial console'"
autopkgtest-virt-qemu: DBG: expect: b'ok'
autopkgtest-virt-qemu: DBG: expect: found "b'ok'"
autopkgtest-virt-qemu: DBG: setup_shell(): there already is a shell on hvc1
qemu-system-riscv64: warning: 9p: degraded performance: a reasonable high msize should be chosen on client/guest side (chosen msize is <= 8192). See https://wiki.qemu.org/Documentation/9psetup#msize for details.
autopkgtest-virt-qemu: DBG: expect: b'fb3ad3ff-d5f8-4c4e-95ca-d4f4ffa465be[1]'
autopkgtest-virt-qemu: DBG: expect: found "b'fb3ad3ff-d5f8-4c4e-95ca-d4f4ffa465be[1]'"
autopkgtest-virt-qemu: DBG: expect: b'fb3ad3ff-d5f8-4c4e-95ca-d4f4ffa465be[2]'
autopkgtest-virt-qemu: DBG: expect: found "b'fb3ad3ff-d5f8-4c4e-95ca-d4f4ffa465be[2]'"
autopkgtest-virt-qemu: DBG: expect: b'fb3ad3ff-d5f8-4c4e-95ca-d4f4ffa465be[3]'
autopkgtest-virt-qemu: DBG: expect: found "b'fb3ad3ff-d5f8-4c4e-95ca-d4f4ffa465be[3]'"
autopkgtest-virt-qemu: DBG: expect: b'/python'
autopkgtest-virt-qemu: DBG: expect: found "b'/python'"
autopkgtest-virt-qemu: DBG: expect: b'# '
autopkgtest-virt-qemu: DBG: expect: found "b'# '"
autopkgtest-virt-qemu: DBG: expect: b'fb3ad3ff-d5f8-4c4e-95ca-d4f4ffa465be[4]'
autopkgtest-virt-qemu: DBG: expect: found "b'fb3ad3ff-d5f8-4c4e-95ca-d4f4ffa465be[4]'"
autopkgtest-virt-qemu: DBG: execute-timeout: /tmp/autopkgtest-qemu.9aglxscz/runcmd true
autopkgtest-virt-qemu: DBG: can connect to autopkgtest sh in VM
autopkgtest-virt-qemu: DBG: expect: b'fb3ad3ff-d5f8-4c4e-95ca-d4f4ffa465be[5]'
autopkgtest-virt-qemu: DBG: expect: found "b'fb3ad3ff-d5f8-4c4e-95ca-d4f4ffa465be[5]'"
autopkgtest-virt-qemu: DBG: determine_normal_user: got user "openkylin"
autopkgtest-virt-qemu: DBG: execute-timeout: /tmp/autopkgtest-qemu.9aglxscz/runcmd mkdir --mode=1777 --parents /tmp/autopkgtest.rmt4Ws
autopkgtest-virt-qemu: DBG: auxverb = ['/tmp/autopkgtest-qemu.9aglxscz/runcmd'], downtmp = /tmp/autopkgtest.rmt4Ws
autopkgtest: DBG: got reply from testbed: ok /tmp/autopkgtest.rmt4Ws
autopkgtest: DBG: sending command to testbed: print-execute-command
autopkgtest-virt-qemu: DBG: executing print-execute-command
autopkgtest: DBG: got reply from testbed: ok /tmp/autopkgtest-qemu.9aglxscz/runcmd
autopkgtest: DBG: sending command to testbed: capabilities
autopkgtest-virt-qemu: DBG: executing capabilities
autopkgtest: DBG: got reply from testbed: ok isolation-machine reboot revert revert-full-system root-on-testbed suggested-normal-user=openkylin
autopkgtest: DBG: testbed capabilities: ['isolation-machine', 'reboot', 'revert', 'revert-full-system', 'root-on-testbed', 'suggested-normal-user=openkylin', 'has_internet']
autopkgtest: DBG: testbed command ['mkdir', '-p', '/tmp/autopkgtest.rmt4Ws'], kind short, sout raw, serr pipe, env []
autopkgtest: DBG: testbed command exited with code 0
autopkgtest: DBG: sending command to testbed: copydown /usr/share/autopkgtest/lib/in-testbed/wrapper.sh /tmp/autopkgtest.rmt4Ws/wrapper.sh
autopkgtest-virt-qemu: DBG: executing copydown /usr/share/autopkgtest/lib/in-testbed/wrapper.sh /tmp/autopkgtest.rmt4Ws/wrapper.sh
autopkgtest-virt-qemu: DBG: ['cmdls', "(['cat'], ['/tmp/autopkgtest-qemu.9aglxscz/runcmd', 'sh', '-ec', 'cat >/tmp/autopkgtest.rmt4Ws/wrapper.sh; chmod +x -- /tmp/autopkgtest.rmt4Ws/wrapper.sh'])"]
autopkgtest-virt-qemu: DBG: ['srcstdin', "<_io.BufferedReader name='/usr/share/autopkgtest/lib/in-testbed/wrapper.sh'>", 'deststdout', "<_io.BufferedReader name='/dev/null'>", 'devnull_read', <_io.BufferedReader name='/dev/null'>]
autopkgtest-virt-qemu: DBG:  +< cat
autopkgtest-virt-qemu: DBG:  +> /tmp/autopkgtest-qemu.9aglxscz/runcmd sh -ec cat >/tmp/autopkgtest.rmt4Ws/wrapper.sh; chmod +x -- /tmp/autopkgtest.rmt4Ws/wrapper.sh
autopkgtest-virt-qemu: DBG:  +>?
autopkgtest-virt-qemu: DBG:  +<?
autopkgtest: DBG: got reply from testbed: ok
autopkgtest: DBG: testbed command ['chmod', '-R', '0755', '--', '/tmp/autopkgtest.rmt4Ws/wrapper.sh'], kind short, sout raw, serr pipe, env []
autopkgtest: DBG: testbed command exited with code 0
autopkgtest: DBG: testbed command ['dpkg', '--print-architecture'], kind short, sout pipe, serr pipe, env []
autopkgtest: DBG: testbed command exited with code 0
autopkgtest [19:39:47]: testbed dpkg architecture: riscv64
autopkgtest: DBG: testbed command ['sh', '-ec', 'command -v eatmydata'], kind short, sout pipe, serr pipe, env []
autopkgtest: DBG: testbed command exited with code 127
autopkgtest: DBG: testbed command ['sh', '-ec', 'command -v dpkg-query'], kind short, sout pipe, serr pipe, env []
autopkgtest: DBG: testbed command exited with code 0
autopkgtest: DBG: testbed command ['sh', '-ec', "dpkg-query --show -f '${Package}\\t${Version}\\n' > /tmp/autopkgtest.rmt4Ws/testbed-packages"], kind short, sout raw, serr pipe, env []
autopkgtest: DBG: testbed command exited with code 0
autopkgtest: DBG: sending command to testbed: copyup /tmp/autopkgtest.rmt4Ws/testbed-packages /home/minami/Documents/openkylin-riscv/test/libcrypt-ssleay-perl/testbed-packages
autopkgtest-virt-qemu: DBG: executing copyup /tmp/autopkgtest.rmt4Ws/testbed-packages /home/minami/Documents/openkylin-riscv/test/libcrypt-ssleay-perl/testbed-packages
autopkgtest-virt-qemu: DBG: ['cmdls', "(['/tmp/autopkgtest-qemu.9aglxscz/runcmd', 'sh', '-ec', 'cat </tmp/autopkgtest.rmt4Ws/testbed-packages'], ['cat'])"]
autopkgtest-virt-qemu: DBG: ['srcstdin', "<_io.BufferedReader name='/dev/null'>", 'deststdout', "<_io.BufferedWriter name='/home/minami/Documents/openkylin-riscv/test/libcrypt-ssleay-perl/testbed-packages'>", 'devnull_read', <_io.BufferedReader name='/dev/null'>]
autopkgtest-virt-qemu: DBG:  +< /tmp/autopkgtest-qemu.9aglxscz/runcmd sh -ec cat </tmp/autopkgtest.rmt4Ws/testbed-packages
autopkgtest-virt-qemu: DBG:  +> cat
autopkgtest-virt-qemu: DBG:  +>?
autopkgtest-virt-qemu: DBG:  +<?
autopkgtest: DBG: got reply from testbed: ok
autopkgtest: DBG: testbed supports reboot, creating /tmp/autopkgtest-reboot
autopkgtest: DBG: testbed command ['mkdir', '-p', '/tmp/autopkgtest.rmt4Ws'], kind short, sout raw, serr pipe, env []
autopkgtest: DBG: testbed command exited with code 0
autopkgtest: DBG: sending command to testbed: copydown /usr/share/autopkgtest/lib/in-testbed/reboot.sh /tmp/autopkgtest.rmt4Ws/autopkgtest-reboot
autopkgtest-virt-qemu: DBG: executing copydown /usr/share/autopkgtest/lib/in-testbed/reboot.sh /tmp/autopkgtest.rmt4Ws/autopkgtest-reboot
autopkgtest-virt-qemu: DBG: ['cmdls', "(['cat'], ['/tmp/autopkgtest-qemu.9aglxscz/runcmd', 'sh', '-ec', 'cat >/tmp/autopkgtest.rmt4Ws/autopkgtest-reboot; chmod +x -- /tmp/autopkgtest.rmt4Ws/autopkgtest-reboot'])"]
autopkgtest-virt-qemu: DBG: ['srcstdin', "<_io.BufferedReader name='/usr/share/autopkgtest/lib/in-testbed/reboot.sh'>", 'deststdout', "<_io.BufferedReader name='/dev/null'>", 'devnull_read', <_io.BufferedReader name='/dev/null'>]
autopkgtest-virt-qemu: DBG:  +< cat
autopkgtest-virt-qemu: DBG:  +> /tmp/autopkgtest-qemu.9aglxscz/runcmd sh -ec cat >/tmp/autopkgtest.rmt4Ws/autopkgtest-reboot; chmod +x -- /tmp/autopkgtest.rmt4Ws/autopkgtest-reboot
autopkgtest-virt-qemu: DBG:  +>?
autopkgtest-virt-qemu: DBG:  +<?
autopkgtest: DBG: got reply from testbed: ok
autopkgtest: DBG: testbed command ['chmod', '-R', '0755', '--', '/tmp/autopkgtest.rmt4Ws/autopkgtest-reboot'], kind short, sout raw, serr pipe, env []
autopkgtest: DBG: testbed command exited with code 0
autopkgtest: DBG: testbed command ['ln', '-fns', '/tmp/autopkgtest.rmt4Ws/autopkgtest-reboot', '/tmp/autopkgtest-reboot'], kind short, sout raw, serr pipe, env []
autopkgtest: DBG: testbed command exited with code 0
autopkgtest: DBG: testbed command ['ln', '-fns', '/tmp/autopkgtest.rmt4Ws/autopkgtest-reboot', '/sbin/autopkgtest-reboot'], kind short, sout raw, serr pipe, env []
autopkgtest: DBG: testbed command exited with code 0
autopkgtest: DBG: testbed command ['mkdir', '-p', '/tmp/autopkgtest.rmt4Ws'], kind short, sout raw, serr pipe, env []
autopkgtest: DBG: testbed command exited with code 0
autopkgtest: DBG: sending command to testbed: copydown /usr/share/autopkgtest/lib/in-testbed/reboot-prepare.sh /tmp/autopkgtest.rmt4Ws/autopkgtest-reboot-prepare
autopkgtest-virt-qemu: DBG: executing copydown /usr/share/autopkgtest/lib/in-testbed/reboot-prepare.sh /tmp/autopkgtest.rmt4Ws/autopkgtest-reboot-prepare
autopkgtest-virt-qemu: DBG: ['cmdls', "(['cat'], ['/tmp/autopkgtest-qemu.9aglxscz/runcmd', 'sh', '-ec', 'cat >/tmp/autopkgtest.rmt4Ws/autopkgtest-reboot-prepare; chmod +x -- /tmp/autopkgtest.rmt4Ws/autopkgtest-reboot-prepare'])"]
autopkgtest-virt-qemu: DBG: ['srcstdin', "<_io.BufferedReader name='/usr/share/autopkgtest/lib/in-testbed/reboot-prepare.sh'>", 'deststdout', "<_io.BufferedReader name='/dev/null'>", 'devnull_read', <_io.BufferedReader name='/dev/null'>]
autopkgtest-virt-qemu: DBG:  +< cat
autopkgtest-virt-qemu: DBG:  +> /tmp/autopkgtest-qemu.9aglxscz/runcmd sh -ec cat >/tmp/autopkgtest.rmt4Ws/autopkgtest-reboot-prepare; chmod +x -- /tmp/autopkgtest.rmt4Ws/autopkgtest-reboot-prepare
autopkgtest-virt-qemu: DBG:  +>?
autopkgtest-virt-qemu: DBG:  +<?
autopkgtest: DBG: got reply from testbed: ok
autopkgtest: DBG: testbed command ['chmod', '-R', '0755', '--', '/tmp/autopkgtest.rmt4Ws/autopkgtest-reboot-prepare'], kind short, sout raw, serr pipe, env []
autopkgtest: DBG: testbed command exited with code 0
autopkgtest: DBG: testbed command ['ln', '-fns', '/tmp/autopkgtest.rmt4Ws/autopkgtest-reboot-prepare', '/tmp/autopkgtest-reboot-prepare'], kind short, sout raw, serr pipe, env []
autopkgtest: DBG: testbed command exited with code 0
autopkgtest: DBG: testbed command ['uname', '-srv'], kind short, sout pipe, serr pipe, env []
autopkgtest: DBG: testbed command exited with code 0
autopkgtest: DBG: Binaries: no registered binaries, not publishing anything
autopkgtest: DBG: install_deps: deps_new=['libcrypt-ssleay-perl', 'pkg-perl-autopkgtest']
autopkgtest: DBG: install-deps: satisfying libcrypt-ssleay-perl, pkg-perl-autopkgtest
autopkgtest: DBG: install-deps: architecture resolved: libcrypt-ssleay-perl, pkg-perl-autopkgtest
autopkgtest: DBG: testbed command ['test', '-w', '/var/lib/dpkg/status'], kind short, sout raw, serr raw, env []
autopkgtest: DBG: testbed command exited with code 0
autopkgtest: DBG: can use apt-get on testbed: True
autopkgtest: DBG: testbed command ['mkdir', '-p', '/tmp/autopkgtest.rmt4Ws'], kind short, sout raw, serr pipe, env []
autopkgtest: DBG: testbed command exited with code 0
autopkgtest: DBG: sending command to testbed: copydown /home/minami/Documents/openkylin-riscv/test/libcrypt-ssleay-perl/2-autopkgtest-satdep.deb /tmp/autopkgtest.rmt4Ws/2-autopkgtest-satdep.deb
autopkgtest-virt-qemu: DBG: executing copydown /home/minami/Documents/openkylin-riscv/test/libcrypt-ssleay-perl/2-autopkgtest-satdep.deb /tmp/autopkgtest.rmt4Ws/2-autopkgtest-satdep.deb
autopkgtest-virt-qemu: DBG: ['cmdls', "(['cat'], ['/tmp/autopkgtest-qemu.9aglxscz/runcmd', 'sh', '-ec', 'cat >/tmp/autopkgtest.rmt4Ws/2-autopkgtest-satdep.deb'])"]
autopkgtest-virt-qemu: DBG: ['srcstdin', "<_io.BufferedReader name='/home/minami/Documents/openkylin-riscv/test/libcrypt-ssleay-perl/2-autopkgtest-satdep.deb'>", 'deststdout', "<_io.BufferedReader name='/dev/null'>", 'devnull_read', <_io.BufferedReader name='/dev/null'>]
autopkgtest-virt-qemu: DBG:  +< cat
autopkgtest-virt-qemu: DBG:  +> /tmp/autopkgtest-qemu.9aglxscz/runcmd sh -ec cat >/tmp/autopkgtest.rmt4Ws/2-autopkgtest-satdep.deb
autopkgtest-virt-qemu: DBG:  +>?
autopkgtest-virt-qemu: DBG:  +<?
autopkgtest: DBG: got reply from testbed: ok
autopkgtest: DBG: testbed command ['chown', '-R', 'openkylin', '--', '/tmp/autopkgtest.rmt4Ws/2-autopkgtest-satdep.deb'], kind short, sout raw, serr pipe, env []
autopkgtest: DBG: testbed command exited with code 0
autopkgtest: DBG: testbed command ['dpkg', '--unpack', '/tmp/autopkgtest.rmt4Ws/2-autopkgtest-satdep.deb'], kind short, sout pipe, serr pipe, env []
autopkgtest: DBG: testbed command exited with code 0
autopkgtest: DBG: testbed command ['/bin/sh', '-ec', ' apt-get install --assume-yes --fix-broken -o APT::Status-Fd=3 -o APT::Install-Recommends=false -o Dpkg::Options::=--force-confnew -o Debug::pkgProblemResolver=true 3>&2 2>&1'], kind install, sout raw, serr pipe, env ['DEBIAN_FRONTEND=noninteractive', 'APT_LISTBUGS_FRONTEND=none', 'APT_LISTCHANGES_FRONTEND=none']
Reading package lists...
Building dependency tree...
Reading state information...
Correcting dependencies...Starting pkgProblemResolver with broken count: 0
Starting 2 pkgProblemResolver with broken count: 0
Done
 Done
Starting pkgProblemResolver with broken count: 0
Starting 2 pkgProblemResolver with broken count: 0
Done
The following packages were automatically installed and are no longer required:
  libdjvulibre-text libdjvulibre21 libegl-dev libgl-dev libglu1-mesa-dev
  libglx-dev libmpdec2 libvulkan-dev libx11-dev libxau-dev libxcb1-dev
  libxdmcp-dev libxext-dev qt5-qmake qt5-qmake-bin x11proto-core-dev
  x11proto-dev xorg-sgml-doctools xtrans-dev
Use 'apt autoremove' to remove them.
The following additional packages will be installed:
  autodep8 dctrl-tools libbytes-random-secure-perl libcrypt-random-seed-perl
  libcrypt-ssleay-perl libmath-random-isaac-perl perl-openssl-defaults
  pkg-perl-autopkgtest
Suggested packages:
  debtags
Recommended packages:
  libmath-random-isaac-xs-perl
The following NEW packages will be installed:
  autodep8 dctrl-tools libbytes-random-secure-perl libcrypt-random-seed-perl
  libcrypt-ssleay-perl libmath-random-isaac-perl perl-openssl-defaults
  pkg-perl-autopkgtest
0 upgraded, 8 newly installed, 0 to remove and 18 not upgraded.
1 not fully installed or removed.
Need to get 191 kB of archives.
After this operation, 663 kB of additional disk space will be used.
Get:1 http://ppa.build.openkylin.top/kylinsoft/anything/openkylin yangtze/main riscv64 autodep8 all 0.22-ok1 [10.1 kB]
Get:2 http://archive.build.openkylin.top/openkylin yangtze/main riscv64 perl-openssl-defaults riscv64 5-ok1 [6,742 B]
Get:3 http://ppa.build.openkylin.top/kylinsoft/anything/openkylin yangtze/main riscv64 pkg-perl-autopkgtest all 0.59-ok1 [8,208 B]
Get:4 http://archive.build.openkylin.top/openkylin yangtze/main riscv64 libcrypt-random-seed-perl all 0.03-ok2 [20.3 kB]
Get:5 http://archive.build.openkylin.top/openkylin yangtze/main riscv64 libmath-random-isaac-perl all 1.004-ok2 [18.9 kB]
Get:6 http://archive.build.openkylin.top/openkylin yangtze/main riscv64 libbytes-random-secure-perl all 0.29-ok2 [26.7 kB]
Get:7 http://archive.build.openkylin.top/openkylin yangtze/main riscv64 libcrypt-ssleay-perl riscv64 0.73.06-ok2 [44.9 kB]
Get:8 http://archive.build.openkylin.top/openkylin yangtze/main riscv64 dctrl-tools riscv64 2.24-ok1 [55.6 kB]
Fetched 191 kB in 1s (326 kB/s)
Selecting previously unselected package perl-openssl-defaults:riscv64.
(Reading database ... (Reading database ... 5%(Reading database ... 10%(Reading database ... 15%(Reading database ... 20%(Reading database ... 25%(Reading database ... 30%(Reading database ... 35%(Reading database ... 40%(Reading database ... 45%(Reading database ... 50%(Reading database ... 55%(Reading database ... 60%(Reading database ... 65%(Reading database ... 70%(Reading database ... 75%(Reading database ... 80%(Reading database ... 85%(Reading database ... 90%(Reading database ... 95%(Reading database ... 100%(Reading database ... 161111 files and directories currently installed.)
Preparing to unpack .../0-perl-openssl-defaults_5-ok1_riscv64.deb ...
Unpacking perl-openssl-defaults:riscv64 (5-ok1) ...
Selecting previously unselected package libcrypt-random-seed-perl.
Preparing to unpack .../1-libcrypt-random-seed-perl_0.03-ok2_all.deb ...
Unpacking libcrypt-random-seed-perl (0.03-ok2) ...
Selecting previously unselected package libmath-random-isaac-perl.
Preparing to unpack .../2-libmath-random-isaac-perl_1.004-ok2_all.deb ...
Unpacking libmath-random-isaac-perl (1.004-ok2) ...
Selecting previously unselected package libbytes-random-secure-perl.
Preparing to unpack .../3-libbytes-random-secure-perl_0.29-ok2_all.deb ...
Unpacking libbytes-random-secure-perl (0.29-ok2) ...
Selecting previously unselected package libcrypt-ssleay-perl.
Preparing to unpack .../4-libcrypt-ssleay-perl_0.73.06-ok2_riscv64.deb ...
Unpacking libcrypt-ssleay-perl (0.73.06-ok2) ...
Selecting previously unselected package dctrl-tools.
Preparing to unpack .../5-dctrl-tools_2.24-ok1_riscv64.deb ...
Unpacking dctrl-tools (2.24-ok1) ...
Selecting previously unselected package autodep8.
Preparing to unpack .../6-autodep8_0.22-ok1_all.deb ...
Unpacking autodep8 (0.22-ok1) ...
Selecting previously unselected package pkg-perl-autopkgtest.
Preparing to unpack .../7-pkg-perl-autopkgtest_0.59-ok1_all.deb ...
Unpacking pkg-perl-autopkgtest (0.59-ok1) ...
Setting up libmath-random-isaac-perl (1.004-ok2) ...
Setting up perl-openssl-defaults:riscv64 (5-ok1) ...
Setting up libcrypt-random-seed-perl (0.03-ok2) ...
Setting up dctrl-tools (2.24-ok1) ...
Setting up autodep8 (0.22-ok1) ...
Setting up libbytes-random-secure-perl (0.29-ok2) ...
Setting up pkg-perl-autopkgtest (0.59-ok1) ...
Setting up libcrypt-ssleay-perl (0.73.06-ok2) ...
Setting up autopkgtest-satdep (0) ...
Processing triggers for man-db (2.9.1-ok3) ...
autopkgtest: DBG: testbed command exited with code 0
autopkgtest: DBG: testbed command ['dpkg-query', '--show', '-f', '${Status}', 'libcrypt-ssleay-perl'], kind short, sout pipe, serr pipe, env []
autopkgtest: DBG: testbed command exited with code 0
autopkgtest: DBG: testbed command ['dpkg', '--status', 'autopkgtest-satdep'], kind short, sout pipe, serr pipe, env []
autopkgtest: DBG: testbed command exited with code 0
autopkgtest: DBG: testbed command ['apt-get', '--simulate', '--quiet', '-o', 'APT::Get::Show-User-Simulation-Note=False', '--auto-remove', 'purge', 'autopkgtest-satdep'], kind short, sout pipe, serr pipe, env []
autopkgtest: DBG: testbed command exited with code 0
autopkgtest: DBG: Marking test dependencies as manually installed: pkg-perl-autopkgtest autodep8 dctrl-tools libcrypt-ssleay-perl libbytes-random-secure-perl libcrypt-random-seed-perl libdjvulibre21 libdjvulibre-text libegl-dev libglu1-mesa-dev libgl-dev libglx-dev libmath-random-isaac-perl libmpdec2 libvulkan-dev libxext-dev libx11-dev libxcb1-dev libxau-dev libxdmcp-dev perl-openssl-defaults qt5-qmake qt5-qmake-bin x11proto-core-dev x11proto-dev xorg-sgml-doctools xtrans-dev
autopkgtest: DBG: testbed command ['apt-mark', 'manual', '-qq', 'pkg-perl-autopkgtest', 'autodep8', 'dctrl-tools', 'libcrypt-ssleay-perl', 'libbytes-random-secure-perl', 'libcrypt-random-seed-perl', 'libdjvulibre21', 'libdjvulibre-text', 'libegl-dev', 'libglu1-mesa-dev', 'libgl-dev', 'libglx-dev', 'libmath-random-isaac-perl', 'libmpdec2', 'libvulkan-dev', 'libxext-dev', 'libx11-dev', 'libxcb1-dev', 'libxau-dev', 'libxdmcp-dev'], kind short, sout raw, serr pipe, env []
autopkgtest: DBG: testbed command exited with code 0
autopkgtest: DBG: testbed command ['apt-mark', 'manual', '-qq', 'perl-openssl-defaults', 'qt5-qmake', 'qt5-qmake-bin', 'x11proto-core-dev', 'x11proto-dev', 'xorg-sgml-doctools', 'xtrans-dev'], kind short, sout raw, serr pipe, env []
autopkgtest: DBG: testbed command exited with code 0
autopkgtest: DBG: testbed command ['dpkg', '--purge', 'autopkgtest-satdep'], kind short, sout raw, serr raw, env []
(Reading database ... 161256 files and directories currently installed.)
Removing autopkgtest-satdep (0) ...
autopkgtest: DBG: testbed command exited with code 0
autopkgtest: DBG: testbed command ['sh', '-ec', 'command -v dpkg-query'], kind short, sout pipe, serr pipe, env []
autopkgtest: DBG: testbed command exited with code 0
autopkgtest: DBG: testbed command ['sh', '-ec', "dpkg-query --show -f '${Package}\\t${Version}\\n' > /tmp/autopkgtest.rmt4Ws/autodep8-perl-packages.all"], kind short, sout raw, serr pipe, env []
autopkgtest: DBG: testbed command exited with code 0
autopkgtest: DBG: sending command to testbed: copyup /tmp/autopkgtest.rmt4Ws/autodep8-perl-packages.all /home/minami/Documents/openkylin-riscv/test/libcrypt-ssleay-perl/autodep8-perl-packages.all
autopkgtest-virt-qemu: DBG: executing copyup /tmp/autopkgtest.rmt4Ws/autodep8-perl-packages.all /home/minami/Documents/openkylin-riscv/test/libcrypt-ssleay-perl/autodep8-perl-packages.all
autopkgtest-virt-qemu: DBG: ['cmdls', "(['/tmp/autopkgtest-qemu.9aglxscz/runcmd', 'sh', '-ec', 'cat </tmp/autopkgtest.rmt4Ws/autodep8-perl-packages.all'], ['cat'])"]
autopkgtest-virt-qemu: DBG: ['srcstdin', "<_io.BufferedReader name='/dev/null'>", 'deststdout', "<_io.BufferedWriter name='/home/minami/Documents/openkylin-riscv/test/libcrypt-ssleay-perl/autodep8-perl-packages.all'>", 'devnull_read', <_io.BufferedReader name='/dev/null'>]
autopkgtest-virt-qemu: DBG:  +< /tmp/autopkgtest-qemu.9aglxscz/runcmd sh -ec cat </tmp/autopkgtest.rmt4Ws/autodep8-perl-packages.all
autopkgtest-virt-qemu: DBG:  +> cat
autopkgtest-virt-qemu: DBG:  +>?
autopkgtest-virt-qemu: DBG:  +<?
autopkgtest: DBG: got reply from testbed: ok
autopkgtest: DBG: testbed command ['test', '-e', '/tmp/autopkgtest.rmt4Ws/build.B8g/src'], kind short, sout raw, serr raw, env []
autopkgtest: DBG: testbed command exited with code 1
autopkgtest: DBG: testbed command ['mkdir', '-p', '/tmp/autopkgtest.rmt4Ws/build.B8g'], kind short, sout raw, serr pipe, env []
autopkgtest: DBG: testbed command exited with code 0
autopkgtest: DBG: sending command to testbed: copydown /home/minami/Documents/openkylin-riscv/test/libcrypt-ssleay-perl/tests-tree/ /tmp/autopkgtest.rmt4Ws/build.B8g/src/
autopkgtest-virt-qemu: DBG: executing copydown /home/minami/Documents/openkylin-riscv/test/libcrypt-ssleay-perl/tests-tree/ /tmp/autopkgtest.rmt4Ws/build.B8g/src/
autopkgtest-virt-qemu: DBG: ['cmdls', "(['tar', '--directory', '/home/minami/Documents/openkylin-riscv/test/libcrypt-ssleay-perl/tests-tree/', '--warning=none', '-c', '.', '-f', '-'], ['/tmp/autopkgtest-qemu.9aglxscz/runcmd', 'sh', '-ec', 'if ! test -d /tmp/autopkgtest.rmt4Ws/build.B8g/src/; then mkdir -- /tmp/autopkgtest.rmt4Ws/build.B8g/src/; fi; cd /tmp/autopkgtest.rmt4Ws/build.B8g/src/; tar --warning=none --preserve-permissions --extract --no-same-owner -f -'])"]
autopkgtest-virt-qemu: DBG: ['srcstdin', "<_io.BufferedReader name='/dev/null'>", 'deststdout', "<_io.BufferedReader name='/dev/null'>", 'devnull_read', <_io.BufferedReader name='/dev/null'>]
autopkgtest-virt-qemu: DBG:  +< tar --directory /home/minami/Documents/openkylin-riscv/test/libcrypt-ssleay-perl/tests-tree/ --warning=none -c . -f -
autopkgtest-virt-qemu: DBG:  +> /tmp/autopkgtest-qemu.9aglxscz/runcmd sh -ec if ! test -d /tmp/autopkgtest.rmt4Ws/build.B8g/src/; then mkdir -- /tmp/autopkgtest.rmt4Ws/build.B8g/src/; fi; cd /tmp/autopkgtest.rmt4Ws/build.B8g/src/; tar --warning=none --preserve-permissions --extract --no-same-owner -f -
autopkgtest-virt-qemu: DBG:  +>?
autopkgtest-virt-qemu: DBG:  +<?
autopkgtest: DBG: got reply from testbed: ok
autopkgtest: DBG: testbed command ['chown', '-R', 'openkylin', '--', '/tmp/autopkgtest.rmt4Ws/build.B8g/src'], kind short, sout raw, serr pipe, env []
autopkgtest: DBG: testbed command exited with code 0
autopkgtest [19:40:43]: test autodep8-perl: /usr/share/pkg-perl-autopkgtest/runner runtime-deps
autopkgtest [19:40:43]: test autodep8-perl: [-----------------------
autopkgtest: DBG: testbed command ['su', '-s', '/bin/bash', 'openkylin', '-c', 'set -e; export USER=`id -nu`; . /etc/profile >/dev/null 2>&1 || true;  . ~/.profile >/dev/null 2>&1 || true; buildtree="/tmp/autopkgtest.rmt4Ws/build.B8g/src"; mkdir -p -m 1777 -- "/tmp/autopkgtest.rmt4Ws/autodep8-perl-artifacts"; export AUTOPKGTEST_ARTIFACTS="/tmp/autopkgtest.rmt4Ws/autodep8-perl-artifacts"; export ADT_ARTIFACTS="$AUTOPKGTEST_ARTIFACTS"; mkdir -p -m 755 "/tmp/autopkgtest.rmt4Ws/autopkgtest_tmp"; export AUTOPKGTEST_TMP="/tmp/autopkgtest.rmt4Ws/autopkgtest_tmp"; export ADTTMP="$AUTOPKGTEST_TMP"; export DEBIAN_FRONTEND=noninteractive; export LANG=C.UTF-8; export DEB_BUILD_OPTIONS=parallel=8; unset LANGUAGE LC_CTYPE LC_NUMERIC LC_TIME LC_COLLATE   LC_MONETARY LC_MESSAGES LC_PAPER LC_NAME LC_ADDRESS   LC_TELEPHONE LC_MEASUREMENT LC_IDENTIFICATION LC_ALL;cd "$buildtree"; exec /tmp/autopkgtest.rmt4Ws/wrapper.sh --script-pid-file=/tmp/autopkgtest_script_pid --stderr=/tmp/autopkgtest.rmt4Ws/autodep8-perl-stderr --stdout=/tmp/autopkgtest.rmt4Ws/autodep8-perl-stdout -- bash -ec \'/usr/share/pkg-perl-autopkgtest/runner runtime-deps\' ;'], kind test, sout raw, serr raw, env []
/usr/share/pkg-perl-autopkgtest/runtime-deps.d/use.t .. 
1..4
ok 1 -  /usr/bin/perl -w -M"Crypt::SSLeay" -e 1 2>&1 exited successfully
ok 2 -  /usr/bin/perl -w -M"Crypt::SSLeay" -e 1 2>&1 produced no (non-whitelisted) output
ok 3 - env PERL_DL_NONLAZY=1  /usr/bin/perl -w -M"Crypt::SSLeay" -e 1 2>&1 exited successfully
ok 4 - env PERL_DL_NONLAZY=1  /usr/bin/perl -w -M"Crypt::SSLeay" -e 1 2>&1 produced no (non-whitelisted) output
ok
All tests successful.
Files=1, Tests=4,  4 wallclock secs ( 0.30 usr  0.11 sys +  2.24 cusr  0.70 csys =  3.35 CPU)
Result: PASS
autopkgtest: DBG: testbed command exited with code 0
autopkgtest [19:40:52]: test autodep8-perl: -----------------------]
autopkgtest: DBG: testbed executing test finished with exit status 0
autopkgtest: DBG: sending command to testbed: copyup /tmp/autopkgtest.rmt4Ws/autodep8-perl-stdout /home/minami/Documents/openkylin-riscv/test/libcrypt-ssleay-perl/autodep8-perl-stdout
autopkgtest-virt-qemu: DBG: executing copyup /tmp/autopkgtest.rmt4Ws/autodep8-perl-stdout /home/minami/Documents/openkylin-riscv/test/libcrypt-ssleay-perl/autodep8-perl-stdout
autopkgtest-virt-qemu: DBG: ['cmdls', "(['/tmp/autopkgtest-qemu.9aglxscz/runcmd', 'sh', '-ec', 'cat </tmp/autopkgtest.rmt4Ws/autodep8-perl-stdout'], ['cat'])"]
autopkgtest-virt-qemu: DBG: ['srcstdin', "<_io.BufferedReader name='/dev/null'>", 'deststdout', "<_io.BufferedWriter name='/home/minami/Documents/openkylin-riscv/test/libcrypt-ssleay-perl/autodep8-perl-stdout'>", 'devnull_read', <_io.BufferedReader name='/dev/null'>]
autopkgtest-virt-qemu: DBG:  +< /tmp/autopkgtest-qemu.9aglxscz/runcmd sh -ec cat </tmp/autopkgtest.rmt4Ws/autodep8-perl-stdout
autopkgtest-virt-qemu: DBG:  +> cat
autopkgtest-virt-qemu: DBG:  +>?
autopkgtest-virt-qemu: DBG:  +<?
autopkgtest: DBG: got reply from testbed: ok
autopkgtest: DBG: sending command to testbed: copyup /tmp/autopkgtest.rmt4Ws/autodep8-perl-stderr /home/minami/Documents/openkylin-riscv/test/libcrypt-ssleay-perl/autodep8-perl-stderr
autopkgtest-virt-qemu: DBG: executing copyup /tmp/autopkgtest.rmt4Ws/autodep8-perl-stderr /home/minami/Documents/openkylin-riscv/test/libcrypt-ssleay-perl/autodep8-perl-stderr
autopkgtest-virt-qemu: DBG: ['cmdls', "(['/tmp/autopkgtest-qemu.9aglxscz/runcmd', 'sh', '-ec', 'cat </tmp/autopkgtest.rmt4Ws/autodep8-perl-stderr'], ['cat'])"]
autopkgtest-virt-qemu: DBG: ['srcstdin', "<_io.BufferedReader name='/dev/null'>", 'deststdout', "<_io.BufferedWriter name='/home/minami/Documents/openkylin-riscv/test/libcrypt-ssleay-perl/autodep8-perl-stderr'>", 'devnull_read', <_io.BufferedReader name='/dev/null'>]
autopkgtest-virt-qemu: DBG:  +< /tmp/autopkgtest-qemu.9aglxscz/runcmd sh -ec cat </tmp/autopkgtest.rmt4Ws/autodep8-perl-stderr
autopkgtest-virt-qemu: DBG:  +> cat
autopkgtest-virt-qemu: DBG:  +>?
autopkgtest-virt-qemu: DBG:  +<?
autopkgtest: DBG: got reply from testbed: ok
autopkgtest [19:40:53]: test autodep8-perl:  - - - - - - - - - - results - - - - - - - - - -
autodep8-perl        PASS (superficial)
autopkgtest: DBG: sending command to testbed: copyup /tmp/autopkgtest.rmt4Ws/autodep8-perl-artifacts/ /home/minami/Documents/openkylin-riscv/test/libcrypt-ssleay-perl/artifacts/
autopkgtest-virt-qemu: DBG: executing copyup /tmp/autopkgtest.rmt4Ws/autodep8-perl-artifacts/ /home/minami/Documents/openkylin-riscv/test/libcrypt-ssleay-perl/artifacts/
autopkgtest-virt-qemu: DBG: ['cmdls', "(['/tmp/autopkgtest-qemu.9aglxscz/runcmd', 'sh', '-ec', 'cd /tmp/autopkgtest.rmt4Ws/autodep8-perl-artifacts/; tar --warning=none -c . -f -'], ['tar', '--directory', '/home/minami/Documents/openkylin-riscv/test/libcrypt-ssleay-perl/artifacts/', '--warning=none', '--preserve-permissions', '--extract', '--no-same-owner', '-f', '-'])"]
autopkgtest-virt-qemu: DBG: ['srcstdin', "<_io.BufferedReader name='/dev/null'>", 'deststdout', "<_io.BufferedReader name='/dev/null'>", 'devnull_read', <_io.BufferedReader name='/dev/null'>]
autopkgtest-virt-qemu: DBG:  +< /tmp/autopkgtest-qemu.9aglxscz/runcmd sh -ec cd /tmp/autopkgtest.rmt4Ws/autodep8-perl-artifacts/; tar --warning=none -c . -f -
autopkgtest-virt-qemu: DBG:  +> tar --directory /home/minami/Documents/openkylin-riscv/test/libcrypt-ssleay-perl/artifacts/ --warning=none --preserve-permissions --extract --no-same-owner -f -
autopkgtest-virt-qemu: DBG:  +>?
autopkgtest-virt-qemu: DBG:  +<?
autopkgtest: DBG: got reply from testbed: ok
autopkgtest: DBG: testbed command ['rm', '-rf', '/tmp/autopkgtest.rmt4Ws/autodep8-perl-artifacts', '/tmp/autopkgtest.rmt4Ws/autopkgtest_tmp'], kind short, sout raw, serr pipe, env []
autopkgtest: DBG: testbed command exited with code 0
autopkgtest [19:40:54]: test autodep8-perl-recommends: preparing testbed
autopkgtest: DBG: testbed reset: modified=False, deps_installed=['libcrypt-ssleay-perl', 'pkg-perl-autopkgtest'], deps_new=['libcrypt-ssleay-perl', 'pkg-perl-autopkgtest', 'perl (>= 5.19.8) | libio-socket-ip-perl (>= 0.26)']
autopkgtest: DBG: Binaries: no registered binaries, not publishing anything
autopkgtest: DBG: install_deps: deps_new=['libcrypt-ssleay-perl', 'pkg-perl-autopkgtest', 'perl (>= 5.19.8) | libio-socket-ip-perl (>= 0.26)']
autopkgtest: DBG: install-deps: satisfying libcrypt-ssleay-perl, pkg-perl-autopkgtest, perl (>= 5.19.8) | libio-socket-ip-perl (>= 0.26)
autopkgtest: DBG: install-deps: architecture resolved: libcrypt-ssleay-perl, pkg-perl-autopkgtest, perl (>= 5.19.8) | libio-socket-ip-perl (>= 0.26)
autopkgtest: DBG: testbed command ['test', '-w', '/var/lib/dpkg/status'], kind short, sout raw, serr raw, env []
autopkgtest: DBG: testbed command exited with code 0
autopkgtest: DBG: can use apt-get on testbed: True
autopkgtest: DBG: testbed command ['mkdir', '-p', '/tmp/autopkgtest.rmt4Ws'], kind short, sout raw, serr pipe, env []
autopkgtest: DBG: testbed command exited with code 0
autopkgtest: DBG: sending command to testbed: copydown /home/minami/Documents/openkylin-riscv/test/libcrypt-ssleay-perl/3-autopkgtest-satdep.deb /tmp/autopkgtest.rmt4Ws/3-autopkgtest-satdep.deb
autopkgtest-virt-qemu: DBG: executing copydown /home/minami/Documents/openkylin-riscv/test/libcrypt-ssleay-perl/3-autopkgtest-satdep.deb /tmp/autopkgtest.rmt4Ws/3-autopkgtest-satdep.deb
autopkgtest-virt-qemu: DBG: ['cmdls', "(['cat'], ['/tmp/autopkgtest-qemu.9aglxscz/runcmd', 'sh', '-ec', 'cat >/tmp/autopkgtest.rmt4Ws/3-autopkgtest-satdep.deb'])"]
autopkgtest-virt-qemu: DBG: ['srcstdin', "<_io.BufferedReader name='/home/minami/Documents/openkylin-riscv/test/libcrypt-ssleay-perl/3-autopkgtest-satdep.deb'>", 'deststdout', "<_io.BufferedReader name='/dev/null'>", 'devnull_read', <_io.BufferedReader name='/dev/null'>]
autopkgtest-virt-qemu: DBG:  +< cat
autopkgtest-virt-qemu: DBG:  +> /tmp/autopkgtest-qemu.9aglxscz/runcmd sh -ec cat >/tmp/autopkgtest.rmt4Ws/3-autopkgtest-satdep.deb
autopkgtest-virt-qemu: DBG:  +>?
autopkgtest-virt-qemu: DBG:  +<?
autopkgtest: DBG: got reply from testbed: ok
autopkgtest: DBG: testbed command ['chown', '-R', 'openkylin', '--', '/tmp/autopkgtest.rmt4Ws/3-autopkgtest-satdep.deb'], kind short, sout raw, serr pipe, env []
autopkgtest: DBG: testbed command exited with code 0
autopkgtest: DBG: testbed command ['dpkg', '--unpack', '/tmp/autopkgtest.rmt4Ws/3-autopkgtest-satdep.deb'], kind short, sout pipe, serr pipe, env []
autopkgtest: DBG: testbed command exited with code 0
autopkgtest: DBG: testbed command ['/bin/sh', '-ec', ' apt-get install --assume-yes --fix-broken -o APT::Status-Fd=3 -o APT::Install-Recommends=false -o Dpkg::Options::=--force-confnew -o Debug::pkgProblemResolver=true 3>&2 2>&1'], kind install, sout raw, serr pipe, env ['DEBIAN_FRONTEND=noninteractive', 'APT_LISTBUGS_FRONTEND=none', 'APT_LISTCHANGES_FRONTEND=none']
Reading package lists...
Building dependency tree...
Reading state information...
Starting pkgProblemResolver with broken count: 0
Starting 2 pkgProblemResolver with broken count: 0
Done
0 upgraded, 0 newly installed, 0 to remove and 18 not upgraded.
1 not fully installed or removed.
After this operation, 0 B of additional disk space will be used.
Setting up autopkgtest-satdep (0) ...
autopkgtest: DBG: testbed command exited with code 0
autopkgtest: DBG: testbed command ['dpkg-query', '--show', '-f', '${Status}', 'libcrypt-ssleay-perl'], kind short, sout pipe, serr pipe, env []
autopkgtest: DBG: testbed command exited with code 0
autopkgtest: DBG: testbed command ['dpkg', '--status', 'autopkgtest-satdep'], kind short, sout pipe, serr pipe, env []
autopkgtest: DBG: testbed command exited with code 0
autopkgtest: DBG: testbed command ['apt-get', '--simulate', '--quiet', '-o', 'APT::Get::Show-User-Simulation-Note=False', '--auto-remove', 'purge', 'autopkgtest-satdep'], kind short, sout pipe, serr pipe, env []
autopkgtest: DBG: testbed command exited with code 0
autopkgtest: DBG: testbed command ['dpkg', '--purge', 'autopkgtest-satdep'], kind short, sout raw, serr raw, env []
(Reading database ... 161256 files and directories currently installed.)
Removing autopkgtest-satdep (0) ...
autopkgtest: DBG: testbed command exited with code 0
autopkgtest: DBG: testbed command ['sh', '-ec', 'command -v dpkg-query'], kind short, sout pipe, serr pipe, env []
autopkgtest: DBG: testbed command exited with code 0
autopkgtest: DBG: testbed command ['sh', '-ec', "dpkg-query --show -f '${Package}\\t${Version}\\n' > /tmp/autopkgtest.rmt4Ws/autodep8-perl-recommends-packages.all"], kind short, sout raw, serr pipe, env []
autopkgtest: DBG: testbed command exited with code 0
autopkgtest: DBG: sending command to testbed: copyup /tmp/autopkgtest.rmt4Ws/autodep8-perl-recommends-packages.all /home/minami/Documents/openkylin-riscv/test/libcrypt-ssleay-perl/autodep8-perl-recommends-packages.all
autopkgtest-virt-qemu: DBG: executing copyup /tmp/autopkgtest.rmt4Ws/autodep8-perl-recommends-packages.all /home/minami/Documents/openkylin-riscv/test/libcrypt-ssleay-perl/autodep8-perl-recommends-packages.all
autopkgtest-virt-qemu: DBG: ['cmdls', "(['/tmp/autopkgtest-qemu.9aglxscz/runcmd', 'sh', '-ec', 'cat </tmp/autopkgtest.rmt4Ws/autodep8-perl-recommends-packages.all'], ['cat'])"]
autopkgtest-virt-qemu: DBG: ['srcstdin', "<_io.BufferedReader name='/dev/null'>", 'deststdout', "<_io.BufferedWriter name='/home/minami/Documents/openkylin-riscv/test/libcrypt-ssleay-perl/autodep8-perl-recommends-packages.all'>", 'devnull_read', <_io.BufferedReader name='/dev/null'>]
autopkgtest-virt-qemu: DBG:  +< /tmp/autopkgtest-qemu.9aglxscz/runcmd sh -ec cat </tmp/autopkgtest.rmt4Ws/autodep8-perl-recommends-packages.all
autopkgtest-virt-qemu: DBG:  +> cat
autopkgtest-virt-qemu: DBG:  +>?
autopkgtest-virt-qemu: DBG:  +<?
autopkgtest: DBG: got reply from testbed: ok
autopkgtest: DBG: testbed command ['test', '-e', '/tmp/autopkgtest.rmt4Ws/build.B8g/src'], kind short, sout raw, serr raw, env []
autopkgtest: DBG: testbed command exited with code 0
autopkgtest: DBG: copydown: tb path /tmp/autopkgtest.rmt4Ws/build.B8g/src already exists
autopkgtest [19:41:18]: test autodep8-perl-recommends: /usr/share/pkg-perl-autopkgtest/runner runtime-deps-and-recommends
autopkgtest [19:41:18]: test autodep8-perl-recommends: [-----------------------
autopkgtest: DBG: testbed command ['su', '-s', '/bin/bash', 'openkylin', '-c', 'set -e; export USER=`id -nu`; . /etc/profile >/dev/null 2>&1 || true;  . ~/.profile >/dev/null 2>&1 || true; buildtree="/tmp/autopkgtest.rmt4Ws/build.B8g/src"; mkdir -p -m 1777 -- "/tmp/autopkgtest.rmt4Ws/autodep8-perl-recommends-artifacts"; export AUTOPKGTEST_ARTIFACTS="/tmp/autopkgtest.rmt4Ws/autodep8-perl-recommends-artifacts"; export ADT_ARTIFACTS="$AUTOPKGTEST_ARTIFACTS"; mkdir -p -m 755 "/tmp/autopkgtest.rmt4Ws/autopkgtest_tmp"; export AUTOPKGTEST_TMP="/tmp/autopkgtest.rmt4Ws/autopkgtest_tmp"; export ADTTMP="$AUTOPKGTEST_TMP"; export DEBIAN_FRONTEND=noninteractive; export LANG=C.UTF-8; export DEB_BUILD_OPTIONS=parallel=8; unset LANGUAGE LC_CTYPE LC_NUMERIC LC_TIME LC_COLLATE   LC_MONETARY LC_MESSAGES LC_PAPER LC_NAME LC_ADDRESS   LC_TELEPHONE LC_MEASUREMENT LC_IDENTIFICATION LC_ALL;cd "$buildtree"; exec /tmp/autopkgtest.rmt4Ws/wrapper.sh --script-pid-file=/tmp/autopkgtest_script_pid --stderr=/tmp/autopkgtest.rmt4Ws/autodep8-perl-recommends-stderr --stdout=/tmp/autopkgtest.rmt4Ws/autodep8-perl-recommends-stdout -- bash -ec \'/usr/share/pkg-perl-autopkgtest/runner runtime-deps-and-recommends\' ;'], kind test, sout raw, serr raw, env []
/usr/share/pkg-perl-autopkgtest/runtime-deps-and-recommends.d/syntax.t .. 
1..4
ok 1 - Package libcrypt-ssleay-perl is known to dpkg
ok 2 - Got status information for package libcrypt-ssleay-perl
ok 3 - Got file list for package libcrypt-ssleay-perl
# Subtest: all modules in libcrypt-ssleay-perl pass the syntax check
    1..8
    ok 1 - /usr/bin/perl -wc /usr/lib/riscv64-linux-gnu/perl5/5.30/Crypt/SSLeay/CTX.pm exited successfully
    ok 2 - /usr/bin/perl -wc /usr/lib/riscv64-linux-gnu/perl5/5.30/Crypt/SSLeay/Conn.pm exited successfully
    ok 3 - /usr/bin/perl -wc /usr/lib/riscv64-linux-gnu/perl5/5.30/Crypt/SSLeay/Err.pm exited successfully
    ok 4 - /usr/bin/perl -wc /usr/lib/riscv64-linux-gnu/perl5/5.30/Crypt/SSLeay/MainContext.pm exited successfully
    # Useless use of a constant ("Crypt::SSLeay::Version") in void context at /usr/lib/riscv64-linux-gnu/perl5/5.30/Crypt/SSLeay/Version.pm line 18.
    ok 5 - /usr/bin/perl -wc /usr/lib/riscv64-linux-gnu/perl5/5.30/Crypt/SSLeay/Version.pm exited successfully
    ok 6 - /usr/bin/perl -wc /usr/lib/riscv64-linux-gnu/perl5/5.30/Crypt/SSLeay/X509.pm exited successfully
    ok 7 - /usr/bin/perl -wc /usr/lib/riscv64-linux-gnu/perl5/5.30/Crypt/SSLeay.pm exited successfully
    # Name "Net::SSL::syswrite" used only once: possible typo at /usr/lib/riscv64-linux-gnu/perl5/5.30/Net/SSL.pm line 216.
    # Name "Net::SSL::sysread" used only once: possible typo at /usr/lib/riscv64-linux-gnu/perl5/5.30/Net/SSL.pm line 215.
    ok 8 - /usr/bin/perl -wc /usr/lib/riscv64-linux-gnu/perl5/5.30/Net/SSL.pm exited successfully
ok 4 - all modules in libcrypt-ssleay-perl pass the syntax check
ok
All tests successful.
Files=1, Tests=4,  4 wallclock secs ( 0.27 usr  0.10 sys +  2.85 cusr  1.04 csys =  4.26 CPU)
Result: PASS
autopkgtest: DBG: testbed command exited with code 0
autopkgtest [19:41:27]: test autodep8-perl-recommends: -----------------------]
autopkgtest: DBG: testbed executing test finished with exit status 0
autopkgtest: DBG: sending command to testbed: copyup /tmp/autopkgtest.rmt4Ws/autodep8-perl-recommends-stdout /home/minami/Documents/openkylin-riscv/test/libcrypt-ssleay-perl/autodep8-perl-recommends-stdout
autopkgtest-virt-qemu: DBG: executing copyup /tmp/autopkgtest.rmt4Ws/autodep8-perl-recommends-stdout /home/minami/Documents/openkylin-riscv/test/libcrypt-ssleay-perl/autodep8-perl-recommends-stdout
autopkgtest-virt-qemu: DBG: ['cmdls', "(['/tmp/autopkgtest-qemu.9aglxscz/runcmd', 'sh', '-ec', 'cat </tmp/autopkgtest.rmt4Ws/autodep8-perl-recommends-stdout'], ['cat'])"]
autopkgtest-virt-qemu: DBG: ['srcstdin', "<_io.BufferedReader name='/dev/null'>", 'deststdout', "<_io.BufferedWriter name='/home/minami/Documents/openkylin-riscv/test/libcrypt-ssleay-perl/autodep8-perl-recommends-stdout'>", 'devnull_read', <_io.BufferedReader name='/dev/null'>]
autopkgtest-virt-qemu: DBG:  +< /tmp/autopkgtest-qemu.9aglxscz/runcmd sh -ec cat </tmp/autopkgtest.rmt4Ws/autodep8-perl-recommends-stdout
autopkgtest-virt-qemu: DBG:  +> cat
autopkgtest-virt-qemu: DBG:  +>?
autopkgtest-virt-qemu: DBG:  +<?
autopkgtest: DBG: got reply from testbed: ok
autopkgtest: DBG: sending command to testbed: copyup /tmp/autopkgtest.rmt4Ws/autodep8-perl-recommends-stderr /home/minami/Documents/openkylin-riscv/test/libcrypt-ssleay-perl/autodep8-perl-recommends-stderr
autopkgtest-virt-qemu: DBG: executing copyup /tmp/autopkgtest.rmt4Ws/autodep8-perl-recommends-stderr /home/minami/Documents/openkylin-riscv/test/libcrypt-ssleay-perl/autodep8-perl-recommends-stderr
autopkgtest-virt-qemu: DBG: ['cmdls', "(['/tmp/autopkgtest-qemu.9aglxscz/runcmd', 'sh', '-ec', 'cat </tmp/autopkgtest.rmt4Ws/autodep8-perl-recommends-stderr'], ['cat'])"]
autopkgtest-virt-qemu: DBG: ['srcstdin', "<_io.BufferedReader name='/dev/null'>", 'deststdout', "<_io.BufferedWriter name='/home/minami/Documents/openkylin-riscv/test/libcrypt-ssleay-perl/autodep8-perl-recommends-stderr'>", 'devnull_read', <_io.BufferedReader name='/dev/null'>]
autopkgtest-virt-qemu: DBG:  +< /tmp/autopkgtest-qemu.9aglxscz/runcmd sh -ec cat </tmp/autopkgtest.rmt4Ws/autodep8-perl-recommends-stderr
autopkgtest-virt-qemu: DBG:  +> cat
autopkgtest-virt-qemu: DBG:  +>?
autopkgtest-virt-qemu: DBG:  +<?
autopkgtest: DBG: got reply from testbed: ok
autopkgtest [19:41:28]: test autodep8-perl-recommends:  - - - - - - - - - - results - - - - - - - - - -
autodep8-perl-recommends PASS (superficial)
autopkgtest: DBG: sending command to testbed: copyup /tmp/autopkgtest.rmt4Ws/autodep8-perl-recommends-artifacts/ /home/minami/Documents/openkylin-riscv/test/libcrypt-ssleay-perl/artifacts/
autopkgtest-virt-qemu: DBG: executing copyup /tmp/autopkgtest.rmt4Ws/autodep8-perl-recommends-artifacts/ /home/minami/Documents/openkylin-riscv/test/libcrypt-ssleay-perl/artifacts/
autopkgtest-virt-qemu: DBG: ['cmdls', "(['/tmp/autopkgtest-qemu.9aglxscz/runcmd', 'sh', '-ec', 'cd /tmp/autopkgtest.rmt4Ws/autodep8-perl-recommends-artifacts/; tar --warning=none -c . -f -'], ['tar', '--directory', '/home/minami/Documents/openkylin-riscv/test/libcrypt-ssleay-perl/artifacts/', '--warning=none', '--preserve-permissions', '--extract', '--no-same-owner', '-f', '-'])"]
autopkgtest-virt-qemu: DBG: ['srcstdin', "<_io.BufferedReader name='/dev/null'>", 'deststdout', "<_io.BufferedReader name='/dev/null'>", 'devnull_read', <_io.BufferedReader name='/dev/null'>]
autopkgtest-virt-qemu: DBG:  +< /tmp/autopkgtest-qemu.9aglxscz/runcmd sh -ec cd /tmp/autopkgtest.rmt4Ws/autodep8-perl-recommends-artifacts/; tar --warning=none -c . -f -
autopkgtest-virt-qemu: DBG:  +> tar --directory /home/minami/Documents/openkylin-riscv/test/libcrypt-ssleay-perl/artifacts/ --warning=none --preserve-permissions --extract --no-same-owner -f -
autopkgtest-virt-qemu: DBG:  +>?
autopkgtest-virt-qemu: DBG:  +<?
autopkgtest: DBG: got reply from testbed: ok
autopkgtest: DBG: testbed command ['rm', '-rf', '/tmp/autopkgtest.rmt4Ws/autodep8-perl-recommends-artifacts', '/tmp/autopkgtest.rmt4Ws/autopkgtest_tmp'], kind short, sout raw, serr pipe, env []
autopkgtest: DBG: testbed command exited with code 0
autopkgtest: DBG: needs_reset, previously=False, requested by run_tests() line 208
autopkgtest [19:41:29]: @@@@@@@@@@@@@@@@@@@@ summary
autodep8-perl-build-deps PASS
autodep8-perl        PASS (superficial)
autodep8-perl-recommends PASS (superficial)
autopkgtest: DBG: testbed stop
autopkgtest: DBG: testbed close, scratch=/tmp/autopkgtest.rmt4Ws
autopkgtest: DBG: sending command to testbed: close
autopkgtest-virt-qemu: DBG: executing close
autopkgtest-virt-qemu: DBG: cleanup...
qemu-system-riscv64: terminating on signal 15 from pid 3472658 (/usr/bin/python3)
autopkgtest: DBG: got reply from testbed: ok
autopkgtest: DBG: sending command to testbed: quit
autopkgtest-virt-qemu: DBG: executing quit
autopkgtest-virt-qemu: DBG: cleanup...
