t/00.load.t ......... 
1..1
ok 1 - use IO::Interactive;
# Testing IO::Interactive 1.023
ok
t/busy.t ............ 
1..2
ok 1
ok 2
ok
t/interactive.t ..... 
1..2
ok 1
ok 2
ok
t/is_interactive.t .. 
ok 1
ok 2
ok 3 # skip not connected to a terminal
ok 4 # skip not connected to a terminal
ok 5 # skip not connected to a terminal
ok 6 # skip not connected to a terminal
ok 7 # skip not connected to a terminal
ok 8 # skip not connected to a terminal
ok 9 # skip not connected to a terminal
1..9
ok
All tests successful.
Files=4, Tests=14,  6 wallclock secs ( 0.35 usr  0.22 sys +  2.48 cusr  0.82 csys =  3.87 CPU)
Result: PASS
