t/00-report-prereqs.t .. 
1..1
# 
# Versions for all modules listed in static metadata (including optional ones):
# 
# === Configure Requires ===
# 
#     Module              Want Have
#     ------------------- ---- ----
#     ExtUtils::MakeMaker  any 7.34
# 
# === Test Requires ===
# 
#     Module              Want     Have
#     ------------------- ---- --------
#     ExtUtils::MakeMaker  any     7.34
#     File::Spec           any     3.78
#     HTTP::Response       any     6.36
#     Test                 any     1.31
#     Test::More           any 1.302162
#     URI                  any     1.76
#     warnings             any     1.44
# 
# === Test Recommends ===
# 
#     Module         Want     Have
#     ---------- -------- --------
#     CPAN::Meta 2.120900 2.150010
# 
# === Runtime Requires ===
# 
#     Module              Want Have
#     ------------------- ---- ----
#     Carp                 any 1.50
#     HTTP::Date             6 6.05
#     HTTP::Headers::Util    6 6.36
#     HTTP::Request        any 6.36
#     locale               any 1.09
#     strict               any 1.11
# 
ok 1 - Reported prereqs
ok
t/10-original_spec.t ... 
1..20
ok 1 - 1.1: res: found the cookie
ok 2 - 1.2: req: customer
ok 3 - 1.2: req: version
ok 4 - 1.2: res: two cookies found
ok 5 - 1.3: req: first cookie found
ok 6 - 1.3: req: second cookie found
ok 7 - 1.3: res: three cookies found
ok 8 - 1.4: req: first cookie found
ok 9 - 1.4: req: second cookie found
ok 10 - 1.4: req: no shipping cookie
ok 11 - 1.4: res: three cookies found
ok 12 - 1.5: req: first cookie found
ok 13 - 1.5: req: second cookie found
ok 14 - 1.5: req: third cookie found
ok 15 - 1.5: res: three cookies found
ok 16 - 2.1: req: cookie found
ok 17 - 2.1: res: one cookie found
ok 18 - 2.2: req: first cookie found
ok 19 - 2.2: req: second cookie found
ok 20 - 2.2: res: three cookies found
ok
t/11-rfc_2965.t ........ 
1..13
ok 1 - 1.1-2: res: found the cookie
ok 2 - 1.3-4: req: contains header
ok 3 - 1.3-4: res: found the cookies
ok 4 - 1.5-6: req: contains cust
ok 5 - 1.5-6: req: contains part
ok 6 - 1.5-6: res: found the cookies
ok 7 - 1.7-8: req: contains cust
ok 8 - 1.7-8: req: contains part
ok 9 - 1.7-8: req: contains shipping
ok 10 - 1.7-8: res: found the cookies
ok 11 - 2: acme: res: one cookie
ok 12 - 2: acme/ammo: res: two cookies
ok 13 - 2: acme/parts: res: one cookie
ok
t/cookies.t ............ 
1..81
# Running under perl version 5.030000 for linux
# Current time local: Mon Feb 20 05:25:01 2023
# Current time GMT:   Mon Feb 20 05:25:01 2023
# Using Test.pm version 1.31
ok 1
ok 2
ok 3
ok 4
ok 5
ok 6
ok 7
ok 8
ok 9
ok 10
Set-Cookie3: CUSTOMER=WILE_E_COYOTE; path="/"; domain=www.acme.com; path_spec; expires="2024-11-09 23:12:40Z"; version=0
Set-Cookie3: PART_NUMBER=ROCKET_LAUNCHER_0001; path="/"; domain=www.acme.com; path_spec; discard; version=0
Set-Cookie3: SHIPPING=FEDEX; path="/foo"; domain=www.acme.com; path_spec; discard; version=0
ok 11
ok 12
Set-Cookie3: PART_NUMBER=ROCKET_LAUNCHER_0001; path="/"; domain=www.acme.com; path_spec; discard; version=0
Set-Cookie3: PART_NUMBER=RIDING_ROCKET_0023; path="/ammo"; domain=www.acme.com; path_spec; discard; version=0
ok 13
ok 14
ok 15
ok 16
ok 17
ok 18
FINAL COOKIE: $Version=1; Shipping=FedEx; $Path="/acme"; Part_Number=Rocket_Launcher_0001; $Path="/acme"; Customer=WILE_E_COYOTE; $Path="/acme"
ok 19
ok 20
Set-Cookie3: Customer=WILE_E_COYOTE; path="/acme"; domain=www.acme.com; path_spec; version=1
Set-Cookie3: Part_Number=Rocket_Launcher_0001; path="/acme"; domain=www.acme.com; path_spec; version=1
Set-Cookie3: Shipping=FedEx; path="/acme"; domain=www.acme.com; path_spec; version=1
ok 21
ok 22
ok 23
Set-Cookie3: Part_Number=Rocket_Launcher_0001; path="/acme"; domain=www.acme.com; path_spec; version=1
Set-Cookie3: Part_Number=Riding_Rocket_0023; path="/acme/ammo"; domain=www.acme.com; path_spec; version=1
ok 24
ok 25
ok 26
ok 27
ok 28
ok 29
ok 30
ok 31
ok 32
ok 33
ok 34
ok 35
Set-Cookie3: foo=bar; path="/foo%2F%25/@@%0Anew%E5"; domain=www.acme.com; version=1
ok 36
ok 37
ok 38
ok 39
ok 40
ok 41
Set-Cookie3: Customer=WILE_E_COYOTE; path="/"; domain=.acme.com; discard; version=0
Set-Cookie3: PART_NUMBER="3,4"; path="/"; domain=foo.bar.acme.com; discard; version=0
ok 42
ok 43
---
ok 44
Cookie: $Version=1; foo1=bar; $Port; foo3=bar; foo2=bar; $Domain=".local"
ok 45
ok 46
Set-Cookie3: foo2=bar; path="/"; domain=.local; version=1
Set-Cookie3: foo1=bar; path="/"; domain=example.local; port=_80; discard; version=1
Set-Cookie3: foo3=bar; path="/"; domain=example.local; version=1
---
Test for empty path...
200 OK
Set-Cookie: JSESSIONID=ABCDERANDOM123; Path=

ok 47
ok 48
ok 49
ok 50
Set-Cookie3: trip.appServer=1111-0000-x-024; path="/"; domain=.trip.com; path_spec; discard; version=0
Set-Cookie3: JSESSIONID=fkumjm7nt1.JS24; path="/trs"; domain=www.trip.com; path_spec; discard; version=1
ok 51
ok 52
ok 53
ok 54
ok 55
ok 56
ok 57
ok 58
ok 59
ok 60
ok 61
ok 62
ok 63
ok 64
ok 65
ok 66
ok 67
ok 68
ok 69
ok 70
ok 71
ok 72
ok 73
ok 74
ok 75
ok 76
ok 77
ok 78
ok 79
ok 80
ok 81
ok
t/issue26.t ............ 
ok 1
1..1
ok
t/issue32.t ............ 
ok 1
ok 2 - Parse b;c;d
ok 3 - Parse "b;c;\"d";blah=32;foo="/"
1..3
ok
t/publicsuffix.t ....... 
not ok 1 - No .co.uk cookies stored in the jar # TODO Unexpected cookies stored
#   Failed (TODO) test 'No .co.uk cookies stored in the jar'
#   at t/publicsuffix.t line 25.
#          got: '1'
#     expected: '0'
not ok 2 - No cookies sent to www.google.co.uk # TODO Unexpected cookies stored
#   Failed (TODO) test 'No cookies sent to www.google.co.uk'
#   at t/publicsuffix.t line 32.
#          got: 'security=fail'
#     expected: undef
ok 3 - No cookies sent to www.google.com
not ok 4 - No .com cookies stored in the jar # TODO Unexpected cookies stored
#   Failed (TODO) test 'No .com cookies stored in the jar'
#   at t/publicsuffix.t line 49.
#          got: '1'
#     expected: '0'
not ok 5 - No cookies sent to www.google.com # TODO Unexpected cookies stored
#   Failed (TODO) test 'No cookies sent to www.google.com'
#   at t/publicsuffix.t line 56.
#          got: 'dotcom=pwned'
#     expected: undef
1..5
ok
All tests successful.
Files=7, Tests=124,  9 wallclock secs ( 0.49 usr  0.17 sys +  6.92 cusr  2.03 csys =  9.61 CPU)
Result: PASS
