autopkgtest: DBG: testbed init
autopkgtest [21:53:02]: starting date and time: 2023-02-23 21:53:02+0800
autopkgtest [21:53:02]: version 5.28
autopkgtest [21:53:02]: host debian; command line: /usr/bin/autopkgtest /home/minami/Documents/openkylin-riscv/src/liblog-any-perl_1.710-ok2.dsc -o /home/minami/Documents/openkylin-riscv/test/liblog-any-perl -d -B -- qemu -u root -p openkylin --qemu-architecture=riscv64 -c 8 --ram-size=8192 -d '--qemu-options=-machine virt -kernel /home/minami/Documents/ukylin/u-boot.bin' /home/minami/Documents/openkylin-riscv/update.qcow2
autopkgtest: DBG: got reply from testbed: ok
autopkgtest: DBG: testbed open, scratch=None
autopkgtest: DBG: sending command to testbed: open
autopkgtest-virt-qemu: DBG: executing open
autopkgtest-virt-qemu: DBG: find_free_port: trying 10022
autopkgtest-virt-qemu: DBG: find_free_port: 10022 is free
autopkgtest-virt-qemu: DBG: autopkgtest does not know how to boot this machine, hopefully nothing special needs to be done?
autopkgtest-virt-qemu: DBG: qemu architecture: riscv64
autopkgtest-virt-qemu: DBG: qemu command: qemu-system-riscv64
autopkgtest-virt-qemu: DBG: execute-timeout: qemu-img info --output=json /home/minami/Documents/openkylin-riscv/update.qcow2
autopkgtest-virt-qemu: DBG: Creating temporary overlay image in /tmp/autopkgtest-qemu.17166n0p/overlay.img
autopkgtest-virt-qemu: DBG: execute-timeout: qemu-img create -f qcow2 -F qcow2 -b /home/minami/Documents/openkylin-riscv/update.qcow2 /tmp/autopkgtest-qemu.17166n0p/overlay.img
autopkgtest-virt-qemu: DBG: Forwarding local port 10022 to VM ssh port 22
autopkgtest-virt-qemu: DBG: Assuming nothing special needs to be done to set up firmware to boot this machine (boot method: none)
autopkgtest-virt-qemu: DBG: full qemu command-line: ['qemu-system-riscv64', '-m', '8192', '-smp', '8', '-nographic', '-device', 'virtio-net-device,netdev=usernet', '-netdev', 'user,id=usernet,hostfwd=tcp:127.0.0.1:10022-:22', '-object', 'rng-random,filename=/dev/urandom,id=rng0', '-device', 'virtio-rng-pci,rng=rng0,id=rng-device0', '-monitor', 'unix:/tmp/autopkgtest-qemu.17166n0p/monitor,server=on,wait=off', '-virtfs', 'local,id=autopkgtest,path=/tmp/autopkgtest-qemu.17166n0p/shared,security_model=none,mount_tag=autopkgtest', '-device', 'virtio-serial', '-chardev', 'socket,path=/tmp/autopkgtest-qemu.17166n0p/hvc0,server=on,wait=off,id=hvc0', '-device', 'virtconsole,chardev=hvc0', '-chardev', 'socket,path=/tmp/autopkgtest-qemu.17166n0p/hvc1,server=on,wait=off,id=hvc1', '-device', 'virtconsole,chardev=hvc1', '-serial', 'unix:/tmp/autopkgtest-qemu.17166n0p/ttyS0,server=on,wait=off', '-drive', 'index=0,file=/tmp/autopkgtest-qemu.17166n0p/overlay.img,format=qcow2,cache=unsafe,if=virtio,discard=unmap', '-machine', 'virt', '-kernel', '/home/minami/Documents/ukylin/u-boot.bin']
autopkgtest-virt-qemu: DBG: expect: b' login: '
autopkgtest-virt-qemu: DBG: expect: found "'login prompt on serial console'"
autopkgtest-virt-qemu: DBG: expect: b'ok'
autopkgtest-virt-qemu: DBG: expect: found "b'ok'"
autopkgtest-virt-qemu: DBG: setup_shell(): there already is a shell on hvc1
qemu-system-riscv64: warning: 9p: degraded performance: a reasonable high msize should be chosen on client/guest side (chosen msize is <= 8192). See https://wiki.qemu.org/Documentation/9psetup#msize for details.
autopkgtest-virt-qemu: DBG: expect: b'04897188-4013-47e7-b86e-4f75bcfb2b1a[1]'
autopkgtest-virt-qemu: DBG: expect: found "b'04897188-4013-47e7-b86e-4f75bcfb2b1a[1]'"
autopkgtest-virt-qemu: DBG: expect: b'04897188-4013-47e7-b86e-4f75bcfb2b1a[2]'
autopkgtest-virt-qemu: DBG: expect: found "b'04897188-4013-47e7-b86e-4f75bcfb2b1a[2]'"
autopkgtest-virt-qemu: DBG: expect: b'04897188-4013-47e7-b86e-4f75bcfb2b1a[3]'
autopkgtest-virt-qemu: DBG: expect: found "b'04897188-4013-47e7-b86e-4f75bcfb2b1a[3]'"
autopkgtest-virt-qemu: DBG: expect: b'/python'
autopkgtest-virt-qemu: DBG: expect: found "b'/python'"
autopkgtest-virt-qemu: DBG: expect: b'# '
autopkgtest-virt-qemu: DBG: expect: found "b'# '"
autopkgtest-virt-qemu: DBG: expect: b'04897188-4013-47e7-b86e-4f75bcfb2b1a[4]'
autopkgtest-virt-qemu: DBG: expect: found "b'04897188-4013-47e7-b86e-4f75bcfb2b1a[4]'"
autopkgtest-virt-qemu: DBG: execute-timeout: /tmp/autopkgtest-qemu.17166n0p/runcmd true
autopkgtest-virt-qemu: DBG: can connect to autopkgtest sh in VM
autopkgtest-virt-qemu: DBG: expect: b'04897188-4013-47e7-b86e-4f75bcfb2b1a[5]'
autopkgtest-virt-qemu: DBG: expect: found "b'04897188-4013-47e7-b86e-4f75bcfb2b1a[5]'"
autopkgtest-virt-qemu: DBG: determine_normal_user: got user "openkylin"
autopkgtest-virt-qemu: DBG: auxverb = ['/tmp/autopkgtest-qemu.17166n0p/runcmd'], downtmp = None
autopkgtest-virt-qemu: DBG: execute-timeout: /tmp/autopkgtest-qemu.17166n0p/runcmd mktemp --directory --tmpdir autopkgtest.XXXXXX
autopkgtest-virt-qemu: DBG: execute-timeout: /tmp/autopkgtest-qemu.17166n0p/runcmd chmod 1777 /tmp/autopkgtest.ZAc9BH
autopkgtest: DBG: got reply from testbed: ok /tmp/autopkgtest.ZAc9BH
autopkgtest: DBG: sending command to testbed: print-execute-command
autopkgtest-virt-qemu: DBG: executing print-execute-command
autopkgtest: DBG: got reply from testbed: ok /tmp/autopkgtest-qemu.17166n0p/runcmd
autopkgtest: DBG: sending command to testbed: capabilities
autopkgtest-virt-qemu: DBG: executing capabilities
autopkgtest: DBG: got reply from testbed: ok isolation-machine reboot revert revert-full-system root-on-testbed suggested-normal-user=openkylin
autopkgtest: DBG: testbed capabilities: ['isolation-machine', 'reboot', 'revert', 'revert-full-system', 'root-on-testbed', 'suggested-normal-user=openkylin', 'has_internet']
autopkgtest: DBG: testbed command ['mkdir', '-p', '/tmp/autopkgtest.ZAc9BH'], kind short, sout raw, serr pipe, env []
autopkgtest: DBG: testbed command exited with code 0
autopkgtest: DBG: sending command to testbed: copydown /usr/share/autopkgtest/lib/in-testbed/wrapper.sh /tmp/autopkgtest.ZAc9BH/wrapper.sh
autopkgtest-virt-qemu: DBG: executing copydown /usr/share/autopkgtest/lib/in-testbed/wrapper.sh /tmp/autopkgtest.ZAc9BH/wrapper.sh
autopkgtest-virt-qemu: DBG: ['cmdls', "(['cat'], ['/tmp/autopkgtest-qemu.17166n0p/runcmd', 'sh', '-ec', 'cat >/tmp/autopkgtest.ZAc9BH/wrapper.sh; chmod +x -- /tmp/autopkgtest.ZAc9BH/wrapper.sh'])"]
autopkgtest-virt-qemu: DBG: ['srcstdin', "<_io.BufferedReader name='/usr/share/autopkgtest/lib/in-testbed/wrapper.sh'>", 'deststdout', "<_io.BufferedReader name='/dev/null'>", 'devnull_read', <_io.BufferedReader name='/dev/null'>]
autopkgtest-virt-qemu: DBG:  +< cat
autopkgtest-virt-qemu: DBG:  +> /tmp/autopkgtest-qemu.17166n0p/runcmd sh -ec cat >/tmp/autopkgtest.ZAc9BH/wrapper.sh; chmod +x -- /tmp/autopkgtest.ZAc9BH/wrapper.sh
autopkgtest-virt-qemu: DBG:  +>?
autopkgtest-virt-qemu: DBG:  +<?
autopkgtest: DBG: got reply from testbed: ok
autopkgtest: DBG: testbed command ['chmod', '-R', '0755', '--', '/tmp/autopkgtest.ZAc9BH/wrapper.sh'], kind short, sout raw, serr pipe, env []
autopkgtest: DBG: testbed command exited with code 0
autopkgtest: DBG: testbed command ['dpkg', '--print-architecture'], kind short, sout pipe, serr pipe, env []
autopkgtest: DBG: testbed command exited with code 0
autopkgtest [21:53:59]: testbed dpkg architecture: riscv64
autopkgtest: DBG: testbed command ['sh', '-ec', 'command -v eatmydata'], kind short, sout pipe, serr pipe, env []
autopkgtest: DBG: testbed command exited with code 127
autopkgtest: DBG: testbed command ['sh', '-ec', 'command -v dpkg-query'], kind short, sout pipe, serr pipe, env []
autopkgtest: DBG: testbed command exited with code 0
autopkgtest: DBG: testbed command ['sh', '-ec', "dpkg-query --show -f '${Package}\\t${Version}\\n' > /tmp/autopkgtest.ZAc9BH/testbed-packages"], kind short, sout raw, serr pipe, env []
autopkgtest: DBG: testbed command exited with code 0
autopkgtest: DBG: sending command to testbed: copyup /tmp/autopkgtest.ZAc9BH/testbed-packages /home/minami/Documents/openkylin-riscv/test/liblog-any-perl/testbed-packages
autopkgtest-virt-qemu: DBG: executing copyup /tmp/autopkgtest.ZAc9BH/testbed-packages /home/minami/Documents/openkylin-riscv/test/liblog-any-perl/testbed-packages
autopkgtest-virt-qemu: DBG: ['cmdls', "(['/tmp/autopkgtest-qemu.17166n0p/runcmd', 'sh', '-ec', 'cat </tmp/autopkgtest.ZAc9BH/testbed-packages'], ['cat'])"]
autopkgtest-virt-qemu: DBG: ['srcstdin', "<_io.BufferedReader name='/dev/null'>", 'deststdout', "<_io.BufferedWriter name='/home/minami/Documents/openkylin-riscv/test/liblog-any-perl/testbed-packages'>", 'devnull_read', <_io.BufferedReader name='/dev/null'>]
autopkgtest-virt-qemu: DBG:  +< /tmp/autopkgtest-qemu.17166n0p/runcmd sh -ec cat </tmp/autopkgtest.ZAc9BH/testbed-packages
autopkgtest-virt-qemu: DBG:  +> cat
autopkgtest-virt-qemu: DBG:  +>?
autopkgtest-virt-qemu: DBG:  +<?
autopkgtest: DBG: got reply from testbed: ok
autopkgtest: DBG: testbed supports reboot, creating /tmp/autopkgtest-reboot
autopkgtest: DBG: testbed command ['mkdir', '-p', '/tmp/autopkgtest.ZAc9BH'], kind short, sout raw, serr pipe, env []
autopkgtest: DBG: testbed command exited with code 0
autopkgtest: DBG: sending command to testbed: copydown /usr/share/autopkgtest/lib/in-testbed/reboot.sh /tmp/autopkgtest.ZAc9BH/autopkgtest-reboot
autopkgtest-virt-qemu: DBG: executing copydown /usr/share/autopkgtest/lib/in-testbed/reboot.sh /tmp/autopkgtest.ZAc9BH/autopkgtest-reboot
autopkgtest-virt-qemu: DBG: ['cmdls', "(['cat'], ['/tmp/autopkgtest-qemu.17166n0p/runcmd', 'sh', '-ec', 'cat >/tmp/autopkgtest.ZAc9BH/autopkgtest-reboot; chmod +x -- /tmp/autopkgtest.ZAc9BH/autopkgtest-reboot'])"]
autopkgtest-virt-qemu: DBG: ['srcstdin', "<_io.BufferedReader name='/usr/share/autopkgtest/lib/in-testbed/reboot.sh'>", 'deststdout', "<_io.BufferedReader name='/dev/null'>", 'devnull_read', <_io.BufferedReader name='/dev/null'>]
autopkgtest-virt-qemu: DBG:  +< cat
autopkgtest-virt-qemu: DBG:  +> /tmp/autopkgtest-qemu.17166n0p/runcmd sh -ec cat >/tmp/autopkgtest.ZAc9BH/autopkgtest-reboot; chmod +x -- /tmp/autopkgtest.ZAc9BH/autopkgtest-reboot
autopkgtest-virt-qemu: DBG:  +>?
autopkgtest-virt-qemu: DBG:  +<?
autopkgtest: DBG: got reply from testbed: ok
autopkgtest: DBG: testbed command ['chmod', '-R', '0755', '--', '/tmp/autopkgtest.ZAc9BH/autopkgtest-reboot'], kind short, sout raw, serr pipe, env []
autopkgtest: DBG: testbed command exited with code 0
autopkgtest: DBG: testbed command ['ln', '-fns', '/tmp/autopkgtest.ZAc9BH/autopkgtest-reboot', '/tmp/autopkgtest-reboot'], kind short, sout raw, serr pipe, env []
autopkgtest: DBG: testbed command exited with code 0
autopkgtest: DBG: testbed command ['ln', '-fns', '/tmp/autopkgtest.ZAc9BH/autopkgtest-reboot', '/sbin/autopkgtest-reboot'], kind short, sout raw, serr pipe, env []
autopkgtest: DBG: testbed command exited with code 0
autopkgtest: DBG: testbed command ['mkdir', '-p', '/tmp/autopkgtest.ZAc9BH'], kind short, sout raw, serr pipe, env []
autopkgtest: DBG: testbed command exited with code 0
autopkgtest: DBG: sending command to testbed: copydown /usr/share/autopkgtest/lib/in-testbed/reboot-prepare.sh /tmp/autopkgtest.ZAc9BH/autopkgtest-reboot-prepare
autopkgtest-virt-qemu: DBG: executing copydown /usr/share/autopkgtest/lib/in-testbed/reboot-prepare.sh /tmp/autopkgtest.ZAc9BH/autopkgtest-reboot-prepare
autopkgtest-virt-qemu: DBG: ['cmdls', "(['cat'], ['/tmp/autopkgtest-qemu.17166n0p/runcmd', 'sh', '-ec', 'cat >/tmp/autopkgtest.ZAc9BH/autopkgtest-reboot-prepare; chmod +x -- /tmp/autopkgtest.ZAc9BH/autopkgtest-reboot-prepare'])"]
autopkgtest-virt-qemu: DBG: ['srcstdin', "<_io.BufferedReader name='/usr/share/autopkgtest/lib/in-testbed/reboot-prepare.sh'>", 'deststdout', "<_io.BufferedReader name='/dev/null'>", 'devnull_read', <_io.BufferedReader name='/dev/null'>]
autopkgtest-virt-qemu: DBG:  +< cat
autopkgtest-virt-qemu: DBG:  +> /tmp/autopkgtest-qemu.17166n0p/runcmd sh -ec cat >/tmp/autopkgtest.ZAc9BH/autopkgtest-reboot-prepare; chmod +x -- /tmp/autopkgtest.ZAc9BH/autopkgtest-reboot-prepare
autopkgtest-virt-qemu: DBG:  +>?
autopkgtest-virt-qemu: DBG:  +<?
autopkgtest: DBG: got reply from testbed: ok
autopkgtest: DBG: testbed command ['chmod', '-R', '0755', '--', '/tmp/autopkgtest.ZAc9BH/autopkgtest-reboot-prepare'], kind short, sout raw, serr pipe, env []
autopkgtest: DBG: testbed command exited with code 0
autopkgtest: DBG: testbed command ['ln', '-fns', '/tmp/autopkgtest.ZAc9BH/autopkgtest-reboot-prepare', '/tmp/autopkgtest-reboot-prepare'], kind short, sout raw, serr pipe, env []
autopkgtest: DBG: testbed command exited with code 0
autopkgtest: DBG: testbed command ['uname', '-srv'], kind short, sout pipe, serr pipe, env []
autopkgtest: DBG: testbed command exited with code 0
autopkgtest [21:54:09]: testbed running kernel: Linux 5.11.0-1030-generic #34 SMP Fri Mar 11 15:27:17 CST 2022
autopkgtest: DBG: testbed command ['sh', '-c', 'nproc; cat /proc/cpuinfo 2>/dev/null || true'], kind short, sout pipe, serr pipe, env []
autopkgtest: DBG: testbed command exited with code 0
autopkgtest: DBG: Binaries: initialising
autopkgtest [21:54:10]: @@@@@@@@@@@@@@@@@@@@ source /home/minami/Documents/openkylin-riscv/src/liblog-any-perl_1.710-ok2.dsc
autopkgtest: DBG: blame += /home/minami/Documents/openkylin-riscv/src/liblog-any-perl_1.710-ok2.dsc
autopkgtest: DBG: testbed reset: modified=False, deps_installed=[], deps_new=[]
autopkgtest: DBG: testbed command ['mkdir', '-p', '/tmp/autopkgtest.ZAc9BH'], kind short, sout raw, serr pipe, env []
autopkgtest: DBG: testbed command exited with code 0
autopkgtest: DBG: sending command to testbed: copydown /home/minami/Documents/openkylin-riscv/src/liblog-any-perl_1.710-ok2.dsc /tmp/autopkgtest.ZAc9BH/liblog-any-perl_1.710-ok2.dsc
autopkgtest-virt-qemu: DBG: executing copydown /home/minami/Documents/openkylin-riscv/src/liblog-any-perl_1.710-ok2.dsc /tmp/autopkgtest.ZAc9BH/liblog-any-perl_1.710-ok2.dsc
autopkgtest-virt-qemu: DBG: ['cmdls', "(['cat'], ['/tmp/autopkgtest-qemu.17166n0p/runcmd', 'sh', '-ec', 'cat >/tmp/autopkgtest.ZAc9BH/liblog-any-perl_1.710-ok2.dsc'])"]
autopkgtest-virt-qemu: DBG: ['srcstdin', "<_io.BufferedReader name='/home/minami/Documents/openkylin-riscv/src/liblog-any-perl_1.710-ok2.dsc'>", 'deststdout', "<_io.BufferedReader name='/dev/null'>", 'devnull_read', <_io.BufferedReader name='/dev/null'>]
autopkgtest-virt-qemu: DBG:  +< cat
autopkgtest-virt-qemu: DBG:  +> /tmp/autopkgtest-qemu.17166n0p/runcmd sh -ec cat >/tmp/autopkgtest.ZAc9BH/liblog-any-perl_1.710-ok2.dsc
autopkgtest-virt-qemu: DBG:  +>?
autopkgtest-virt-qemu: DBG:  +<?
autopkgtest: DBG: got reply from testbed: ok
autopkgtest: DBG: testbed command ['chown', '-R', 'openkylin', '--', '/tmp/autopkgtest.ZAc9BH/liblog-any-perl_1.710-ok2.dsc'], kind short, sout raw, serr pipe, env []
autopkgtest: DBG: testbed command exited with code 0
autopkgtest: DBG: testbed command ['mkdir', '-p', '/tmp/autopkgtest.ZAc9BH'], kind short, sout raw, serr pipe, env []
autopkgtest: DBG: testbed command exited with code 0
autopkgtest: DBG: sending command to testbed: copydown /home/minami/Documents/openkylin-riscv/src/liblog-any-perl_1.710.orig.tar.gz /tmp/autopkgtest.ZAc9BH/liblog-any-perl_1.710.orig.tar.gz
autopkgtest-virt-qemu: DBG: executing copydown /home/minami/Documents/openkylin-riscv/src/liblog-any-perl_1.710.orig.tar.gz /tmp/autopkgtest.ZAc9BH/liblog-any-perl_1.710.orig.tar.gz
autopkgtest-virt-qemu: DBG: ['cmdls', "(['cat'], ['/tmp/autopkgtest-qemu.17166n0p/runcmd', 'sh', '-ec', 'cat >/tmp/autopkgtest.ZAc9BH/liblog-any-perl_1.710.orig.tar.gz'])"]
autopkgtest-virt-qemu: DBG: ['srcstdin', "<_io.BufferedReader name='/home/minami/Documents/openkylin-riscv/src/liblog-any-perl_1.710.orig.tar.gz'>", 'deststdout', "<_io.BufferedReader name='/dev/null'>", 'devnull_read', <_io.BufferedReader name='/dev/null'>]
autopkgtest-virt-qemu: DBG:  +< cat
autopkgtest-virt-qemu: DBG:  +> /tmp/autopkgtest-qemu.17166n0p/runcmd sh -ec cat >/tmp/autopkgtest.ZAc9BH/liblog-any-perl_1.710.orig.tar.gz
autopkgtest-virt-qemu: DBG:  +>?
autopkgtest-virt-qemu: DBG:  +<?
autopkgtest: DBG: got reply from testbed: ok
autopkgtest: DBG: testbed command ['chown', '-R', 'openkylin', '--', '/tmp/autopkgtest.ZAc9BH/liblog-any-perl_1.710.orig.tar.gz'], kind short, sout raw, serr pipe, env []
autopkgtest: DBG: testbed command exited with code 0
autopkgtest: DBG: testbed command ['mkdir', '-p', '/tmp/autopkgtest.ZAc9BH'], kind short, sout raw, serr pipe, env []
autopkgtest: DBG: testbed command exited with code 0
autopkgtest: DBG: sending command to testbed: copydown /home/minami/Documents/openkylin-riscv/src/liblog-any-perl_1.710-ok2.debian.tar.xz /tmp/autopkgtest.ZAc9BH/liblog-any-perl_1.710-ok2.debian.tar.xz
autopkgtest-virt-qemu: DBG: executing copydown /home/minami/Documents/openkylin-riscv/src/liblog-any-perl_1.710-ok2.debian.tar.xz /tmp/autopkgtest.ZAc9BH/liblog-any-perl_1.710-ok2.debian.tar.xz
autopkgtest-virt-qemu: DBG: ['cmdls', "(['cat'], ['/tmp/autopkgtest-qemu.17166n0p/runcmd', 'sh', '-ec', 'cat >/tmp/autopkgtest.ZAc9BH/liblog-any-perl_1.710-ok2.debian.tar.xz'])"]
autopkgtest-virt-qemu: DBG: ['srcstdin', "<_io.BufferedReader name='/home/minami/Documents/openkylin-riscv/src/liblog-any-perl_1.710-ok2.debian.tar.xz'>", 'deststdout', "<_io.BufferedReader name='/dev/null'>", 'devnull_read', <_io.BufferedReader name='/dev/null'>]
autopkgtest-virt-qemu: DBG:  +< cat
autopkgtest-virt-qemu: DBG:  +> /tmp/autopkgtest-qemu.17166n0p/runcmd sh -ec cat >/tmp/autopkgtest.ZAc9BH/liblog-any-perl_1.710-ok2.debian.tar.xz
autopkgtest-virt-qemu: DBG:  +>?
autopkgtest-virt-qemu: DBG:  +<?
autopkgtest: DBG: got reply from testbed: ok
autopkgtest: DBG: testbed command ['chown', '-R', 'openkylin', '--', '/tmp/autopkgtest.ZAc9BH/liblog-any-perl_1.710-ok2.debian.tar.xz'], kind short, sout raw, serr pipe, env []
autopkgtest: DBG: testbed command exited with code 0
autopkgtest: DBG: install_deps: deps_new=[]
autopkgtest: DBG: testbed command ['sh', '-ec', 'command -v dpkg-source'], kind short, sout pipe, serr pipe, env []
autopkgtest: DBG: testbed command exited with code 0
autopkgtest: DBG: testbed command ['sh', '-ec', 'su --shell=/bin/sh openkylin -c \'set -e; exec 3>&1 >&2; set -x; cd /; builddir=$(mktemp -d /tmp/autopkgtest.ZAc9BH/build.XXX); cd $builddir; dpkg-source -x "/tmp/autopkgtest.ZAc9BH/liblog-any-perl_1.710-ok2.dsc" src; chmod -R a+rX .; cd [a-z0-9]*/.; pwd >&3; sed -n "1 {s/).*//; s/ (/\\n/; p}" debian/changelog >&3\''], kind build, sout pipe, serr raw, env []
+ cd /
+ mktemp -d /tmp/autopkgtest.ZAc9BH/build.XXX
+ builddir=/tmp/autopkgtest.ZAc9BH/build.nmD
+ cd /tmp/autopkgtest.ZAc9BH/build.nmD
+ dpkg-source -x /tmp/autopkgtest.ZAc9BH/liblog-any-perl_1.710-ok2.dsc src
gpgv: unknown type of key resource 'trustedkeys.kbx'
gpgv: keyblock resource '/tmp/dpkg-verify-sig.kQ4ND5Ro/trustedkeys.kbx': General error
gpgv: Signature made Fri 16 Sep 2022 02:27:59 AM UTC
gpgv:                using RSA key 64FBB79F5EAE64D792E94CFE0716F00F842CD274
gpgv: Can't check signature: No public key
dpkg-source: warning: cannot verify signature /tmp/autopkgtest.ZAc9BH/liblog-any-perl_1.710-ok2.dsc
dpkg-source: info: extracting liblog-any-perl in src
dpkg-source: info: unpacking liblog-any-perl_1.710.orig.tar.gz
dpkg-source: info: unpacking liblog-any-perl_1.710-ok2.debian.tar.xz
+ chmod -R a+rX .
+ cd src/.
+ pwd
+ sed -n 1 {s/).*//; s/ (/\n/; p} debian/changelog
autopkgtest: DBG: testbed command exited with code 0
autopkgtest [21:54:22]: testing package liblog-any-perl version 1.710-ok2
autopkgtest: DBG: sending command to testbed: copyup /tmp/autopkgtest.ZAc9BH/build.nmD/src/debian/ /home/minami/Documents/openkylin-riscv/test/liblog-any-perl/pkg/debian/
autopkgtest-virt-qemu: DBG: executing copyup /tmp/autopkgtest.ZAc9BH/build.nmD/src/debian/ /home/minami/Documents/openkylin-riscv/test/liblog-any-perl/pkg/debian/
autopkgtest-virt-qemu: DBG: ['cmdls', "(['/tmp/autopkgtest-qemu.17166n0p/runcmd', 'sh', '-ec', 'cd /tmp/autopkgtest.ZAc9BH/build.nmD/src/debian/; tar --warning=none -c . -f -'], ['tar', '--directory', '/home/minami/Documents/openkylin-riscv/test/liblog-any-perl/pkg/debian/', '--warning=none', '--preserve-permissions', '--extract', '--no-same-owner', '-f', '-'])"]
autopkgtest-virt-qemu: DBG: ['srcstdin', "<_io.BufferedReader name='/dev/null'>", 'deststdout', "<_io.BufferedReader name='/dev/null'>", 'devnull_read', <_io.BufferedReader name='/dev/null'>]
autopkgtest-virt-qemu: DBG:  +< /tmp/autopkgtest-qemu.17166n0p/runcmd sh -ec cd /tmp/autopkgtest.ZAc9BH/build.nmD/src/debian/; tar --warning=none -c . -f -
autopkgtest-virt-qemu: DBG:  +> tar --directory /home/minami/Documents/openkylin-riscv/test/liblog-any-perl/pkg/debian/ --warning=none --preserve-permissions --extract --no-same-owner -f -
autopkgtest-virt-qemu: DBG:  +>?
autopkgtest-virt-qemu: DBG:  +<?
autopkgtest: DBG: got reply from testbed: ok
autopkgtest: DBG: autodep8 generated control: -----
Test-Command: /usr/share/pkg-perl-autopkgtest/runner build-deps
Depends: @, @builddeps@, pkg-perl-autopkgtest, 
Restrictions: skippable, 
Features: test-name=autodep8-perl-build-deps


Test-Command: /usr/share/pkg-perl-autopkgtest/runner runtime-deps
Depends: @, pkg-perl-autopkgtest, 
Restrictions: skippable, superficial, 
Features: test-name=autodep8-perl


Test-Command: /usr/share/pkg-perl-autopkgtest/runner runtime-deps-and-recommends
Depends: @, pkg-perl-autopkgtest, 
Restrictions: needs-recommends, skippable, superficial, 
Features: test-name=autodep8-perl-recommends


-------
autopkgtest: DBG: processing dependency @
autopkgtest: DBG: synthesised dependency liblog-any-perl
autopkgtest: DBG: processing dependency @builddeps@
autopkgtest: DBG: synthesised dependency debhelper-compat (= 13)
autopkgtest: DBG: synthesised dependency libscalar-list-utils-perl
autopkgtest: DBG: synthesised dependency perl
autopkgtest: DBG: synthesised dependency build-essential
autopkgtest: DBG: processing dependency pkg-perl-autopkgtest
autopkgtest: DBG: Test defined: name autodep8-perl-build-deps path None command "/usr/share/pkg-perl-autopkgtest/runner build-deps" restrictions ['skippable'] features ['test-name=autodep8-perl-build-deps'] depends ['liblog-any-perl', 'debhelper-compat (= 13)', 'libscalar-list-utils-perl', 'perl', 'build-essential', 'pkg-perl-autopkgtest'] 
autopkgtest: DBG: processing dependency @
autopkgtest: DBG: synthesised dependency liblog-any-perl
autopkgtest: DBG: processing dependency pkg-perl-autopkgtest
autopkgtest: DBG: Test defined: name autodep8-perl path None command "/usr/share/pkg-perl-autopkgtest/runner runtime-deps" restrictions ['skippable', 'superficial'] features ['test-name=autodep8-perl'] depends ['liblog-any-perl', 'pkg-perl-autopkgtest'] 
autopkgtest: DBG: processing dependency @
autopkgtest: DBG: synthesised dependency liblog-any-perl
autopkgtest: DBG: processing dependency pkg-perl-autopkgtest
autopkgtest: DBG: processing dependency @recommends@
autopkgtest: DBG: Test defined: name autodep8-perl-recommends path None command "/usr/share/pkg-perl-autopkgtest/runner runtime-deps-and-recommends" restrictions ['needs-recommends', 'skippable', 'superficial'] features ['test-name=autodep8-perl-recommends'] depends ['liblog-any-perl', 'pkg-perl-autopkgtest'] 
autopkgtest [21:54:23]: build not needed
autopkgtest: DBG: sending command to testbed: copyup /tmp/autopkgtest.ZAc9BH/build.nmD/src/ /home/minami/Documents/openkylin-riscv/test/liblog-any-perl/tests-tree/
autopkgtest-virt-qemu: DBG: executing copyup /tmp/autopkgtest.ZAc9BH/build.nmD/src/ /home/minami/Documents/openkylin-riscv/test/liblog-any-perl/tests-tree/
autopkgtest-virt-qemu: DBG: ['cmdls', "(['/tmp/autopkgtest-qemu.17166n0p/runcmd', 'sh', '-ec', 'cd /tmp/autopkgtest.ZAc9BH/build.nmD/src/; tar --warning=none -c . -f -'], ['tar', '--directory', '/home/minami/Documents/openkylin-riscv/test/liblog-any-perl/tests-tree/', '--warning=none', '--preserve-permissions', '--extract', '--no-same-owner', '-f', '-'])"]
autopkgtest-virt-qemu: DBG: ['srcstdin', "<_io.BufferedReader name='/dev/null'>", 'deststdout', "<_io.BufferedReader name='/dev/null'>", 'devnull_read', <_io.BufferedReader name='/dev/null'>]
autopkgtest-virt-qemu: DBG:  +< /tmp/autopkgtest-qemu.17166n0p/runcmd sh -ec cd /tmp/autopkgtest.ZAc9BH/build.nmD/src/; tar --warning=none -c . -f -
autopkgtest-virt-qemu: DBG:  +> tar --directory /home/minami/Documents/openkylin-riscv/test/liblog-any-perl/tests-tree/ --warning=none --preserve-permissions --extract --no-same-owner -f -
autopkgtest-virt-qemu: DBG:  +>?
autopkgtest-virt-qemu: DBG:  +<?
autopkgtest: DBG: got reply from testbed: ok
autopkgtest: DBG: autodep8 generated control: -----
Test-Command: /usr/share/pkg-perl-autopkgtest/runner build-deps
Depends: @, @builddeps@, pkg-perl-autopkgtest, 
Restrictions: skippable, 
Features: test-name=autodep8-perl-build-deps


Test-Command: /usr/share/pkg-perl-autopkgtest/runner runtime-deps
Depends: @, pkg-perl-autopkgtest, 
Restrictions: skippable, superficial, 
Features: test-name=autodep8-perl


Test-Command: /usr/share/pkg-perl-autopkgtest/runner runtime-deps-and-recommends
Depends: @, pkg-perl-autopkgtest, 
Restrictions: needs-recommends, skippable, superficial, 
Features: test-name=autodep8-perl-recommends


-------
autopkgtest: DBG: processing dependency @
autopkgtest: DBG: synthesised dependency liblog-any-perl
autopkgtest: DBG: processing dependency @builddeps@
autopkgtest: DBG: synthesised dependency debhelper-compat (= 13)
autopkgtest: DBG: synthesised dependency libscalar-list-utils-perl
autopkgtest: DBG: synthesised dependency perl
autopkgtest: DBG: synthesised dependency build-essential
autopkgtest: DBG: processing dependency pkg-perl-autopkgtest
autopkgtest: DBG: Test defined: name autodep8-perl-build-deps path None command "/usr/share/pkg-perl-autopkgtest/runner build-deps" restrictions ['skippable'] features ['test-name=autodep8-perl-build-deps'] depends ['liblog-any-perl', 'debhelper-compat (= 13)', 'libscalar-list-utils-perl', 'perl', 'build-essential', 'pkg-perl-autopkgtest'] 
autopkgtest: DBG: processing dependency @
autopkgtest: DBG: synthesised dependency liblog-any-perl
autopkgtest: DBG: processing dependency pkg-perl-autopkgtest
autopkgtest: DBG: Test defined: name autodep8-perl path None command "/usr/share/pkg-perl-autopkgtest/runner runtime-deps" restrictions ['skippable', 'superficial'] features ['test-name=autodep8-perl'] depends ['liblog-any-perl', 'pkg-perl-autopkgtest'] 
autopkgtest: DBG: processing dependency @
autopkgtest: DBG: synthesised dependency liblog-any-perl
autopkgtest: DBG: processing dependency pkg-perl-autopkgtest
autopkgtest: DBG: processing dependency @recommends@
autopkgtest: DBG: Test defined: name autodep8-perl-recommends path None command "/usr/share/pkg-perl-autopkgtest/runner runtime-deps-and-recommends" restrictions ['needs-recommends', 'skippable', 'superficial'] features ['test-name=autodep8-perl-recommends'] depends ['liblog-any-perl', 'pkg-perl-autopkgtest'] 
autopkgtest [21:54:24]: test autodep8-perl-build-deps: preparing testbed
autopkgtest: DBG: testbed reset: modified=False, deps_installed=[], deps_new=['liblog-any-perl', 'debhelper-compat (= 13)', 'libscalar-list-utils-perl', 'perl', 'build-essential', 'pkg-perl-autopkgtest']
autopkgtest: DBG: Binaries: no registered binaries, not publishing anything
autopkgtest: DBG: install_deps: deps_new=['liblog-any-perl', 'debhelper-compat (= 13)', 'libscalar-list-utils-perl', 'perl', 'build-essential', 'pkg-perl-autopkgtest']
autopkgtest: DBG: install-deps: satisfying liblog-any-perl, debhelper-compat (= 13), libscalar-list-utils-perl, perl, build-essential, pkg-perl-autopkgtest
autopkgtest: DBG: install-deps: architecture resolved: liblog-any-perl, debhelper-compat (= 13), libscalar-list-utils-perl, perl, build-essential, pkg-perl-autopkgtest
autopkgtest: DBG: testbed command ['test', '-w', '/var/lib/dpkg/status'], kind short, sout raw, serr raw, env []
autopkgtest: DBG: testbed command exited with code 0
autopkgtest: DBG: can use apt-get on testbed: True
autopkgtest: DBG: testbed command ['mkdir', '-p', '/tmp/autopkgtest.ZAc9BH'], kind short, sout raw, serr pipe, env []
autopkgtest: DBG: testbed command exited with code 0
autopkgtest: DBG: sending command to testbed: copydown /home/minami/Documents/openkylin-riscv/test/liblog-any-perl/1-autopkgtest-satdep.deb /tmp/autopkgtest.ZAc9BH/1-autopkgtest-satdep.deb
autopkgtest-virt-qemu: DBG: executing copydown /home/minami/Documents/openkylin-riscv/test/liblog-any-perl/1-autopkgtest-satdep.deb /tmp/autopkgtest.ZAc9BH/1-autopkgtest-satdep.deb
autopkgtest-virt-qemu: DBG: ['cmdls', "(['cat'], ['/tmp/autopkgtest-qemu.17166n0p/runcmd', 'sh', '-ec', 'cat >/tmp/autopkgtest.ZAc9BH/1-autopkgtest-satdep.deb'])"]
autopkgtest-virt-qemu: DBG: ['srcstdin', "<_io.BufferedReader name='/home/minami/Documents/openkylin-riscv/test/liblog-any-perl/1-autopkgtest-satdep.deb'>", 'deststdout', "<_io.BufferedReader name='/dev/null'>", 'devnull_read', <_io.BufferedReader name='/dev/null'>]
autopkgtest-virt-qemu: DBG:  +< cat
autopkgtest-virt-qemu: DBG:  +> /tmp/autopkgtest-qemu.17166n0p/runcmd sh -ec cat >/tmp/autopkgtest.ZAc9BH/1-autopkgtest-satdep.deb
autopkgtest-virt-qemu: DBG:  +>?
autopkgtest-virt-qemu: DBG:  +<?
autopkgtest: DBG: got reply from testbed: ok
autopkgtest: DBG: testbed command ['chown', '-R', 'openkylin', '--', '/tmp/autopkgtest.ZAc9BH/1-autopkgtest-satdep.deb'], kind short, sout raw, serr pipe, env []
autopkgtest: DBG: testbed command exited with code 0
autopkgtest: DBG: testbed command ['dpkg', '--unpack', '/tmp/autopkgtest.ZAc9BH/1-autopkgtest-satdep.deb'], kind short, sout pipe, serr pipe, env []
autopkgtest: DBG: testbed command exited with code 0
autopkgtest: DBG: testbed command ['/bin/sh', '-ec', ' apt-get install --assume-yes --fix-broken -o APT::Status-Fd=3 -o APT::Install-Recommends=false -o Dpkg::Options::=--force-confnew -o Debug::pkgProblemResolver=true 3>&2 2>&1'], kind install, sout raw, serr pipe, env ['DEBIAN_FRONTEND=noninteractive', 'APT_LISTBUGS_FRONTEND=none', 'APT_LISTCHANGES_FRONTEND=none']
Reading package lists...
Building dependency tree...
Reading state information...
Correcting dependencies...Starting pkgProblemResolver with broken count: 0
Starting 2 pkgProblemResolver with broken count: 0
Done
 Done
Starting pkgProblemResolver with broken count: 0
Starting 2 pkgProblemResolver with broken count: 0
Done
The following packages were automatically installed and are no longer required:
  kylin-font-viewer libdjvulibre-text libdjvulibre21 libegl-dev libffi-dev
  libgl-dev libglib2.0-dev-bin libglu1-mesa-dev libglx-dev libgsettings-qt-dev
  libmount-dev libmpdec2 libpcre16-3 libpcre3-dev libpcre32-3 libpcrecpp0v5
  libvulkan-dev libx11-dev libxau-dev libxcb1-dev libxdmcp-dev libxext-dev
  pkg-config python3-distutils python3-lib2to3 qt5-qmake qt5-qmake-bin
  x11proto-core-dev x11proto-dev xorg-sgml-doctools xtrans-dev zlib1g-dev
Use 'apt autoremove' to remove them.
The following additional packages will be installed:
  autoconf autodep8 automake autopoint autotools-dev build-essential
  dctrl-tools debhelper debugedit dh-autoreconf dh-strip-nondeterminism dwz
  g++ g++-9 gcc gcc-9 intltool-debian libarchive-zip-perl libcc1-0
  libdebhelper-perl libfile-stripnondeterminism-perl liblog-any-perl
  libsigsegv2 libsub-override-perl libtool m4 pkg-perl-autopkgtest po-debconf
Suggested packages:
  autoconf-archive gnu-standards autoconf-doc debtags dh-make gcc-9-doc bison
  flex gcc-doc gcc-multilib gdb manpages-dev gcc-9-locales libtool-doc
  gfortran | fortran95-compiler gcj-jdk m4-doc libmail-box-perl
Recommended packages:
  libarchive-cpio-perl libltdl-dev libmail-sendmail-perl
The following NEW packages will be installed:
  autoconf autodep8 automake autopoint autotools-dev build-essential
  dctrl-tools debhelper debugedit dh-autoreconf dh-strip-nondeterminism dwz
  g++ g++-9 gcc gcc-9 intltool-debian libarchive-zip-perl libcc1-0
  libdebhelper-perl libfile-stripnondeterminism-perl liblog-any-perl
  libsigsegv2 libsub-override-perl libtool m4 pkg-perl-autopkgtest po-debconf
0 upgraded, 28 newly installed, 0 to remove and 1 not upgraded.
1 not fully installed or removed.
Need to get 18.5 MB of archives.
After this operation, 45.7 MB of additional disk space will be used.
Get:1 http://ppa.build.openkylin.top/kylinsoft/anything/openkylin yangtze/main riscv64 autodep8 all 0.22-ok1 [10.1 kB]
Get:2 http://archive.build.openkylin.top/openkylin yangtze/main riscv64 liblog-any-perl all 1.710-ok2 [74.1 kB]
Get:3 http://ppa.build.openkylin.top/kylinsoft/anything/openkylin yangtze/main riscv64 pkg-perl-autopkgtest all 0.59-ok1 [8,208 B]
Get:4 http://archive.build.openkylin.top/openkylin yangtze/main riscv64 autotools-dev all 20220506-ok1 [41.6 kB]
Get:5 http://archive.build.openkylin.top/openkylin yangtze/main riscv64 libsigsegv2 riscv64 2.12-ok1 [11.5 kB]
Get:6 http://archive.build.openkylin.top/openkylin yangtze/main riscv64 m4 riscv64 1.4.18-ok2 [191 kB]
Get:7 http://archive.build.openkylin.top/openkylin yangtze/main riscv64 autoconf all 2.71-ok2 [390 kB]
Get:8 http://archive.build.openkylin.top/openkylin yangtze/main riscv64 automake all 1:1.16.5-ok1 [557 kB]
Get:9 http://archive.build.openkylin.top/openkylin yangtze/main riscv64 autopoint all 0.19.8.1-ok1 [410 kB]
Get:10 http://archive.build.openkylin.top/openkylin yangtze-proposed/main riscv64 libdebhelper-perl all 13.11.4-ok1 [63.6 kB]
Get:11 http://archive.build.openkylin.top/openkylin yangtze/main riscv64 libcc1-0 riscv64 10-20200411-ok5 [42.3 kB]
Get:12 http://archive.build.openkylin.top/openkylin yangtze/main riscv64 gcc-9 riscv64 9.3.0-ok4 [7,417 kB]
Get:13 http://archive.build.openkylin.top/openkylin yangtze/main riscv64 gcc riscv64 4:9.3.0-ok7 [5,160 B]
Get:14 http://archive.build.openkylin.top/openkylin yangtze/main riscv64 libtool all 2.4.6-ok1 [159 kB]
Get:15 http://archive.build.openkylin.top/openkylin yangtze/main riscv64 dh-autoreconf all 20-ok1 [16.3 kB]
Get:16 http://archive.build.openkylin.top/openkylin yangtze/main riscv64 libarchive-zip-perl all 1.68-ok1 [90.7 kB]
Get:17 http://archive.build.openkylin.top/openkylin yangtze/main riscv64 libsub-override-perl all 0.09-ok2 [8,374 B]
Get:18 http://archive.build.openkylin.top/openkylin yangtze/main riscv64 libfile-stripnondeterminism-perl all 1.13.0-ok1 [16.8 kB]
Get:19 http://archive.build.openkylin.top/openkylin yangtze/main riscv64 dh-strip-nondeterminism all 1.13.0-ok1 [5,334 B]
Get:20 http://archive.build.openkylin.top/openkylin yangtze/main riscv64 debugedit riscv64 1:5.0-ok1 [71.2 kB]
Get:21 http://archive.build.openkylin.top/openkylin yangtze/main riscv64 dwz riscv64 0.14-ok1 [123 kB]
Get:22 http://archive.build.openkylin.top/openkylin yangtze/main riscv64 intltool-debian all 0.35.0+20060710.5-ok2 [23.2 kB]
Get:23 http://archive.build.openkylin.top/openkylin yangtze/main riscv64 po-debconf all 1.0.21+nmu1-ok1 [227 kB]
Get:24 http://archive.build.openkylin.top/openkylin yangtze-proposed/main riscv64 debhelper all 13.11.4-ok1 [924 kB]
Get:25 http://archive.build.openkylin.top/openkylin yangtze/main riscv64 g++-9 riscv64 9.3.0-ok4 [7,571 kB]
Get:26 http://archive.build.openkylin.top/openkylin yangtze/main riscv64 g++ riscv64 4:9.3.0-ok7 [1,470 B]
Get:27 http://archive.build.openkylin.top/openkylin yangtze/main riscv64 build-essential riscv64 12.8-ok1 [4,000 B]
Get:28 http://archive.build.openkylin.top/openkylin yangtze/main riscv64 dctrl-tools riscv64 2.24-ok1 [55.6 kB]
Fetched 18.5 MB in 4s (4,844 kB/s)
Selecting previously unselected package liblog-any-perl.
(Reading database ... (Reading database ... 5%(Reading database ... 10%(Reading database ... 15%(Reading database ... 20%(Reading database ... 25%(Reading database ... 30%(Reading database ... 35%(Reading database ... 40%(Reading database ... 45%(Reading database ... 50%(Reading database ... 55%(Reading database ... 60%(Reading database ... 65%(Reading database ... 70%(Reading database ... 75%(Reading database ... 80%(Reading database ... 85%(Reading database ... 90%(Reading database ... 95%(Reading database ... 100%(Reading database ... 160820 files and directories currently installed.)
Preparing to unpack .../00-liblog-any-perl_1.710-ok2_all.deb ...
Unpacking liblog-any-perl (1.710-ok2) ...
Selecting previously unselected package autotools-dev.
Preparing to unpack .../01-autotools-dev_20220506-ok1_all.deb ...
Unpacking autotools-dev (20220506-ok1) ...
Selecting previously unselected package libsigsegv2:riscv64.
Preparing to unpack .../02-libsigsegv2_2.12-ok1_riscv64.deb ...
Unpacking libsigsegv2:riscv64 (2.12-ok1) ...
Selecting previously unselected package m4.
Preparing to unpack .../03-m4_1.4.18-ok2_riscv64.deb ...
Unpacking m4 (1.4.18-ok2) ...
Selecting previously unselected package autoconf.
Preparing to unpack .../04-autoconf_2.71-ok2_all.deb ...
Unpacking autoconf (2.71-ok2) ...
Selecting previously unselected package automake.
Preparing to unpack .../05-automake_1%3a1.16.5-ok1_all.deb ...
Unpacking automake (1:1.16.5-ok1) ...
Selecting previously unselected package autopoint.
Preparing to unpack .../06-autopoint_0.19.8.1-ok1_all.deb ...
Unpacking autopoint (0.19.8.1-ok1) ...
Selecting previously unselected package libdebhelper-perl.
Preparing to unpack .../07-libdebhelper-perl_13.11.4-ok1_all.deb ...
Unpacking libdebhelper-perl (13.11.4-ok1) ...
Selecting previously unselected package libcc1-0:riscv64.
Preparing to unpack .../08-libcc1-0_10-20200411-ok5_riscv64.deb ...
Unpacking libcc1-0:riscv64 (10-20200411-ok5) ...
Selecting previously unselected package gcc-9.
Preparing to unpack .../09-gcc-9_9.3.0-ok4_riscv64.deb ...
Unpacking gcc-9 (9.3.0-ok4) ...
Selecting previously unselected package gcc.
Preparing to unpack .../10-gcc_4%3a9.3.0-ok7_riscv64.deb ...
Unpacking gcc (4:9.3.0-ok7) ...
Selecting previously unselected package libtool.
Preparing to unpack .../11-libtool_2.4.6-ok1_all.deb ...
Unpacking libtool (2.4.6-ok1) ...
Selecting previously unselected package dh-autoreconf.
Preparing to unpack .../12-dh-autoreconf_20-ok1_all.deb ...
Unpacking dh-autoreconf (20-ok1) ...
Selecting previously unselected package libarchive-zip-perl.
Preparing to unpack .../13-libarchive-zip-perl_1.68-ok1_all.deb ...
Unpacking libarchive-zip-perl (1.68-ok1) ...
Selecting previously unselected package libsub-override-perl.
Preparing to unpack .../14-libsub-override-perl_0.09-ok2_all.deb ...
Unpacking libsub-override-perl (0.09-ok2) ...
Selecting previously unselected package libfile-stripnondeterminism-perl.
Preparing to unpack .../15-libfile-stripnondeterminism-perl_1.13.0-ok1_all.deb ...
Unpacking libfile-stripnondeterminism-perl (1.13.0-ok1) ...
Selecting previously unselected package dh-strip-nondeterminism.
Preparing to unpack .../16-dh-strip-nondeterminism_1.13.0-ok1_all.deb ...
Unpacking dh-strip-nondeterminism (1.13.0-ok1) ...
Selecting previously unselected package debugedit.
Preparing to unpack .../17-debugedit_1%3a5.0-ok1_riscv64.deb ...
Unpacking debugedit (1:5.0-ok1) ...
Selecting previously unselected package dwz.
Preparing to unpack .../18-dwz_0.14-ok1_riscv64.deb ...
Unpacking dwz (0.14-ok1) ...
Selecting previously unselected package intltool-debian.
Preparing to unpack .../19-intltool-debian_0.35.0+20060710.5-ok2_all.deb ...
Unpacking intltool-debian (0.35.0+20060710.5-ok2) ...
Selecting previously unselected package po-debconf.
Preparing to unpack .../20-po-debconf_1.0.21+nmu1-ok1_all.deb ...
Unpacking po-debconf (1.0.21+nmu1-ok1) ...
Selecting previously unselected package debhelper.
Preparing to unpack .../21-debhelper_13.11.4-ok1_all.deb ...
Unpacking debhelper (13.11.4-ok1) ...
Selecting previously unselected package g++-9.
Preparing to unpack .../22-g++-9_9.3.0-ok4_riscv64.deb ...
Unpacking g++-9 (9.3.0-ok4) ...
Selecting previously unselected package g++.
Preparing to unpack .../23-g++_4%3a9.3.0-ok7_riscv64.deb ...
Unpacking g++ (4:9.3.0-ok7) ...
Selecting previously unselected package build-essential.
Preparing to unpack .../24-build-essential_12.8-ok1_riscv64.deb ...
Unpacking build-essential (12.8-ok1) ...
Selecting previously unselected package dctrl-tools.
Preparing to unpack .../25-dctrl-tools_2.24-ok1_riscv64.deb ...
Unpacking dctrl-tools (2.24-ok1) ...
Selecting previously unselected package autodep8.
Preparing to unpack .../26-autodep8_0.22-ok1_all.deb ...
Unpacking autodep8 (0.22-ok1) ...
Selecting previously unselected package pkg-perl-autopkgtest.
Preparing to unpack .../27-pkg-perl-autopkgtest_0.59-ok1_all.deb ...
Unpacking pkg-perl-autopkgtest (0.59-ok1) ...
Setting up libarchive-zip-perl (1.68-ok1) ...
Setting up liblog-any-perl (1.710-ok2) ...
Setting up libdebhelper-perl (13.11.4-ok1) ...
Setting up intltool-debian (0.35.0+20060710.5-ok2) ...
Setting up autotools-dev (20220506-ok1) ...
Setting up libsigsegv2:riscv64 (2.12-ok1) ...
Setting up autopoint (0.19.8.1-ok1) ...
Setting up dwz (0.14-ok1) ...
Setting up debugedit (1:5.0-ok1) ...
Setting up libsub-override-perl (0.09-ok2) ...
Setting up libcc1-0:riscv64 (10-20200411-ok5) ...
Setting up dctrl-tools (2.24-ok1) ...
Setting up autodep8 (0.22-ok1) ...
Setting up libfile-stripnondeterminism-perl (1.13.0-ok1) ...
Setting up gcc-9 (9.3.0-ok4) ...
Setting up libtool (2.4.6-ok1) ...
Setting up po-debconf (1.0.21+nmu1-ok1) ...
Setting up m4 (1.4.18-ok2) ...
Setting up gcc (4:9.3.0-ok7) ...
Setting up g++-9 (9.3.0-ok4) ...
Setting up pkg-perl-autopkgtest (0.59-ok1) ...
Setting up autoconf (2.71-ok2) ...
Setting up dh-strip-nondeterminism (1.13.0-ok1) ...
Setting up g++ (4:9.3.0-ok7) ...
update-alternatives: using /usr/bin/g++ to provide /usr/bin/c++ (c++) in auto mode
Setting up build-essential (12.8-ok1) ...
Setting up automake (1:1.16.5-ok1) ...
update-alternatives: using /usr/bin/automake-1.16 to provide /usr/bin/automake (automake) in auto mode
Setting up dh-autoreconf (20-ok1) ...
Setting up debhelper (13.11.4-ok1) ...
Setting up autopkgtest-satdep (0) ...
Processing triggers for man-db (2.9.1-ok3) ...
Processing triggers for install-info (6.7.0.dfsg.2-ok1) ...
Processing triggers for libc-bin (2.36-ok2) ...
autopkgtest: DBG: testbed command exited with code 0
autopkgtest: DBG: testbed command ['dpkg-query', '--show', '-f', '${Status}', 'liblog-any-perl'], kind short, sout pipe, serr pipe, env []
autopkgtest: DBG: testbed command exited with code 0
autopkgtest: DBG: testbed command ['dpkg', '--status', 'autopkgtest-satdep'], kind short, sout pipe, serr pipe, env []
autopkgtest: DBG: testbed command exited with code 0
autopkgtest: DBG: testbed command ['apt-get', '--simulate', '--quiet', '-o', 'APT::Get::Show-User-Simulation-Note=False', '--auto-remove', 'purge', 'autopkgtest-satdep'], kind short, sout pipe, serr pipe, env []
autopkgtest: DBG: testbed command exited with code 0
autopkgtest: DBG: Marking test dependencies as manually installed: pkg-perl-autopkgtest autodep8 dctrl-tools dh-autoreconf debhelper dh-strip-nondeterminism debugedit dwz po-debconf intltool-debian kylin-font-viewer libfile-stripnondeterminism-perl libarchive-zip-perl libdebhelper-perl libdjvulibre21 libdjvulibre-text libegl-dev libffi-dev libglu1-mesa-dev libgl-dev libglib2.0-dev-bin libglx-dev libgsettings-qt-dev liblog-any-perl libmount-dev libmpdec2 libpcre3-dev libpcre16-3 libpcre32-3 libpcrecpp0v5 libsub-override-perl libvulkan-dev libxext-dev libx11-dev libxcb1-dev libxau-dev libxdmcp-dev pkg-config python3-distutils python3-lib2to3 qt5-qmake qt5-qmake-bin x11proto-core-dev x11proto-dev xorg-sgml-doctools xtrans-dev zlib1g-dev
autopkgtest: DBG: testbed command ['apt-mark', 'manual', '-qq', 'pkg-perl-autopkgtest', 'autodep8', 'dctrl-tools', 'dh-autoreconf', 'debhelper', 'dh-strip-nondeterminism', 'debugedit', 'dwz', 'po-debconf', 'intltool-debian', 'kylin-font-viewer', 'libfile-stripnondeterminism-perl', 'libarchive-zip-perl', 'libdebhelper-perl', 'libdjvulibre21', 'libdjvulibre-text', 'libegl-dev', 'libffi-dev', 'libglu1-mesa-dev', 'libgl-dev'], kind short, sout raw, serr pipe, env []
autopkgtest: DBG: testbed command exited with code 0
autopkgtest: DBG: testbed command ['apt-mark', 'manual', '-qq', 'libglib2.0-dev-bin', 'libglx-dev', 'libgsettings-qt-dev', 'liblog-any-perl', 'libmount-dev', 'libmpdec2', 'libpcre3-dev', 'libpcre16-3', 'libpcre32-3', 'libpcrecpp0v5', 'libsub-override-perl', 'libvulkan-dev', 'libxext-dev', 'libx11-dev', 'libxcb1-dev', 'libxau-dev', 'libxdmcp-dev', 'pkg-config', 'python3-distutils', 'python3-lib2to3'], kind short, sout raw, serr pipe, env []
autopkgtest: DBG: testbed command exited with code 0
autopkgtest: DBG: testbed command ['apt-mark', 'manual', '-qq', 'qt5-qmake', 'qt5-qmake-bin', 'x11proto-core-dev', 'x11proto-dev', 'xorg-sgml-doctools', 'xtrans-dev', 'zlib1g-dev'], kind short, sout raw, serr pipe, env []
autopkgtest: DBG: testbed command exited with code 0
autopkgtest: DBG: testbed command ['dpkg', '--purge', 'autopkgtest-satdep'], kind short, sout raw, serr raw, env []
(Reading database ... 162027 files and directories currently installed.)
Removing autopkgtest-satdep (0) ...
autopkgtest: DBG: testbed command exited with code 0
autopkgtest: DBG: testbed command ['sh', '-ec', 'command -v dpkg-query'], kind short, sout pipe, serr pipe, env []
autopkgtest: DBG: testbed command exited with code 0
autopkgtest: DBG: testbed command ['sh', '-ec', "dpkg-query --show -f '${Package}\\t${Version}\\n' > /tmp/autopkgtest.ZAc9BH/autodep8-perl-build-deps-packages.all"], kind short, sout raw, serr pipe, env []
autopkgtest: DBG: testbed command exited with code 0
autopkgtest: DBG: sending command to testbed: copyup /tmp/autopkgtest.ZAc9BH/autodep8-perl-build-deps-packages.all /home/minami/Documents/openkylin-riscv/test/liblog-any-perl/autodep8-perl-build-deps-packages.all
autopkgtest-virt-qemu: DBG: executing copyup /tmp/autopkgtest.ZAc9BH/autodep8-perl-build-deps-packages.all /home/minami/Documents/openkylin-riscv/test/liblog-any-perl/autodep8-perl-build-deps-packages.all
autopkgtest-virt-qemu: DBG: ['cmdls', "(['/tmp/autopkgtest-qemu.17166n0p/runcmd', 'sh', '-ec', 'cat </tmp/autopkgtest.ZAc9BH/autodep8-perl-build-deps-packages.all'], ['cat'])"]
autopkgtest-virt-qemu: DBG: ['srcstdin', "<_io.BufferedReader name='/dev/null'>", 'deststdout', "<_io.BufferedWriter name='/home/minami/Documents/openkylin-riscv/test/liblog-any-perl/autodep8-perl-build-deps-packages.all'>", 'devnull_read', <_io.BufferedReader name='/dev/null'>]
autopkgtest-virt-qemu: DBG:  +< /tmp/autopkgtest-qemu.17166n0p/runcmd sh -ec cat </tmp/autopkgtest.ZAc9BH/autodep8-perl-build-deps-packages.all
autopkgtest-virt-qemu: DBG:  +> cat
autopkgtest-virt-qemu: DBG:  +>?
autopkgtest-virt-qemu: DBG:  +<?
autopkgtest: DBG: got reply from testbed: ok
autopkgtest: DBG: testbed command ['test', '-e', '/tmp/autopkgtest.ZAc9BH/build.nmD/src'], kind short, sout raw, serr raw, env []
autopkgtest: DBG: testbed command exited with code 0
autopkgtest: DBG: copydown: tb path /tmp/autopkgtest.ZAc9BH/build.nmD/src already exists
autopkgtest [21:56:07]: test autodep8-perl-build-deps: /usr/share/pkg-perl-autopkgtest/runner build-deps
autopkgtest [21:56:07]: test autodep8-perl-build-deps: [-----------------------
autopkgtest: DBG: testbed command ['su', '-s', '/bin/bash', 'openkylin', '-c', 'set -e; export USER=`id -nu`; . /etc/profile >/dev/null 2>&1 || true;  . ~/.profile >/dev/null 2>&1 || true; buildtree="/tmp/autopkgtest.ZAc9BH/build.nmD/src"; mkdir -p -m 1777 -- "/tmp/autopkgtest.ZAc9BH/autodep8-perl-build-deps-artifacts"; export AUTOPKGTEST_ARTIFACTS="/tmp/autopkgtest.ZAc9BH/autodep8-perl-build-deps-artifacts"; export ADT_ARTIFACTS="$AUTOPKGTEST_ARTIFACTS"; mkdir -p -m 755 "/tmp/autopkgtest.ZAc9BH/autopkgtest_tmp"; export AUTOPKGTEST_TMP="/tmp/autopkgtest.ZAc9BH/autopkgtest_tmp"; export ADTTMP="$AUTOPKGTEST_TMP"; export DEBIAN_FRONTEND=noninteractive; export LANG=C.UTF-8; export DEB_BUILD_OPTIONS=parallel=8; unset LANGUAGE LC_CTYPE LC_NUMERIC LC_TIME LC_COLLATE   LC_MONETARY LC_MESSAGES LC_PAPER LC_NAME LC_ADDRESS   LC_TELEPHONE LC_MEASUREMENT LC_IDENTIFICATION LC_ALL;cd "$buildtree"; exec /tmp/autopkgtest.ZAc9BH/wrapper.sh --script-pid-file=/tmp/autopkgtest_script_pid --stderr=/tmp/autopkgtest.ZAc9BH/autodep8-perl-build-deps-stderr --stdout=/tmp/autopkgtest.ZAc9BH/autodep8-perl-build-deps-stdout -- bash -ec \'/usr/share/pkg-perl-autopkgtest/runner build-deps\' ;'], kind test, sout raw, serr raw, env []
t/00-report-prereqs.t ....... 
1..1
# 
# Versions for all modules listed in static metadata (including optional ones):
# 
# === Configure Requires ===
# 
#     Module              Want Have
#     ------------------- ---- ----
#     ExtUtils::MakeMaker  any 7.34
# 
# === Test Requires ===
# 
#     Module              Want     Have
#     ------------------- ---- --------
#     ExtUtils::MakeMaker  any     7.34
#     File::Spec           any     3.78
#     IO::Handle           any     1.40
#     IPC::Open3           any     1.20
#     Test::More           any 1.302162
# 
# === Test Recommends ===
# 
#     Module         Want     Have
#     ---------- -------- --------
#     CPAN::Meta 2.120900 2.150010
# 
ok 1
ok
t/adapter-import.t .......... 
1..1
ok 1 - stdout
ok
t/capture.t ................. 
1..12
ok 1 - main logged to arrayref
ok 2 - main logged flattened arguments
ok 3 - Foo logged to arrayref
ok 4 - main logged to coderef
ok 5 - Foo logged to coderef
ok 6 - main logged text-only to arrayref
ok 7 - main logged flattened arguments
ok 8 - Foo ->trace was ignored
ok 9 - main logged full data
ok 10 - main logged combined context
ok 11 - Foo logged full data
ok 12 - Foo logged combined context
ok
t/context.t ................. 
1..2
ok 1 - text log is correct
ok 2 - structured log is correct
ok
t/default-adapter-env.t ..... 
1..4
ok 1 - 'we have a proxy...' isa 'Log::Any::Proxy'
ok 2 - ...but it's not the null proxy
ok 3 - 'correct adapter set' isa 'Log::Any::Adapter::Test'
ok 4 - adapter got error string
ok
t/default-adapter-params.t .. 
1..1
ok 1 - log_level specified in default_adapter was applied
ok
t/default-adapter-use.t ..... 
1..3
ok 1 - 'we have a proxy...' isa 'Log::Any::Proxy'
ok 2 - ...but it's not the null proxy
ok 3 - Log captured on STDERR
ok
t/default-adapter.t ......... 
1..4
ok 1 - got error
ok 2 - got debug
ok 3 - got multi-line
ok 4 - log is empty
ok
t/default-vs-test.t ......... 
1..4
ok 1 - got error
ok 2 - got debug
ok 3 - got multi-line
ok 4 - log is empty
ok
t/errors-adapter.t .......... 
1..3
ok 1 - adapter = Blah
ok 2 - adapter = +My::Adapter::Blah
ok 3 - adapter = ''
ok
t/filescreen.t .............. 
1..33
ok 1 - file won't log debugs
ok 2 - file will log warnings
ok 3 - debug not logged to file
ok 4 - warn logged to file
ok 5 - warn logged UTF-8 to file
ok 6 - file will log trace lexically
ok 7 - log defaults to trace level
ok 8 - one warning issued
ok 9 - warning is correct
ok 10 - warn logged raw to file
ok 11 - got warning printing UTF-8 as raw
ok 12 - emergency log level file will log emergency
ok 13 - emergency log level file will not log alert
ok 14 - stdout won't log debugs
ok 15 - stdout will log warnings
ok 16 - debug not logged to stdout
ok 17 - warn logged to stdout
ok 18 - stdout will log trace lexically
ok 19 - log defaults to trace level
ok 20 - one warning issued
ok 21 - warning is correct
ok 22 - emergency log level file will log emergency
ok 23 - emergency log level file will not log alert
ok 24 - stderr won't log debugs
ok 25 - stderr will log warnings
ok 26 - debug not logged to stderr
ok 27 - warn logged to stderr
ok 28 - stderr will log trace lexically
ok 29 - log defaults to trace level
ok 30 - one warning issued
ok 31 - warning is correct
ok 32 - emergency log level file will log emergency
ok 33 - emergency log level file will not log alert
ok
t/import.t .................. 
1..2
ok 1 - logged correctly
ok 2 - logged correctly
ok
t/inner-adapter.t ........... 
1..2
ok 1 - setting inner package as adapter is OK
ok 2 - logged a message via inner adapter
ok
t/log-any-test.t ............ 
1..5
ok 1 - got error
ok 2 - got debug
ok 3 - got multi-line
ok 4 - log is empty
not ok 5 - this is TODO on purpose # TODO to do
#   Failed (TODO) test 'this is TODO on purpose'
#   at t/log-any-test.t line 21.
# could not find message matching (?^:should not be there)
# log contains no messages
ok
t/memory.t .................. 
1..37
ok 1 - memoization - no cat
ok 2 - memoization - cat
ok 3 - 'Foo::log before set' isa 'Log::Any::Adapter::Null'
ok 4 - 'Bar::log before set' isa 'Log::Any::Adapter::Null'
ok 5 - 'Baz::log before set' isa 'Log::Any::Adapter::Null'
ok 6 - 'main_log before set' isa 'Log::Any::Adapter::Null'
ok 7 - no consumer yet
ok 8 - 'Foo::log after first set' isa 'Log::Any::Adapter::Test'
ok 9 - 'Bar::log after first set' isa 'Log::Any::Adapter::Test'
ok 10 - 'Baz::log after first set' isa 'Log::Any::Adapter::Null'
ok 11 - 'main_log after first set' isa 'Log::Any::Adapter::Null'
ok 12 - consumer active
ok 13 - 'Foo::log after second set' isa 'Log::Any::Adapter::Test'
ok 14 - 'Bar::log after second set' isa 'Log::Any::Adapter::Test'
ok 15 - 'Baz::log after second set' isa 'Log::Any::Adapter::Test'
ok 16 - 'main_log after second set' isa 'Log::Any::Adapter::Test'
ok 17 - consumer active
ok 18 - Foo::log and Bar::log are different
ok 19 - memoization - no cat
ok 20 - memoization - cat
ok 21 - Foo::log has empty buffer
ok 22 - Bar::log has empty buffer
ok 23 - Bar::log has empty buffer
ok 24 - Foo::log and Bar::log are different objects
ok 25 - Foo log appeared in memory
ok 26 - Bar log appeared in memory
ok 27 - main log appeared in memory
ok 28 - 'Foo::log' isa 'Log::Any::Adapter::Null'
ok 29 - 'Bar::log' isa 'Log::Any::Adapter::Null'
ok 30 - 'Baz::log' isa 'Log::Any::Adapter::Test'
ok 31 - 'main_log' isa 'Log::Any::Adapter::Test'
ok 32 - 'Foo::log' isa 'Log::Any::Adapter::Null'
ok 33 - 'Bar::log' isa 'Log::Any::Adapter::Null'
ok 34 - 'Baz::log' isa 'Log::Any::Adapter::Null'
ok 35 - 'main_log' isa 'Log::Any::Adapter::Null'
ok 36 - 'Foo::log in lexical scope' isa 'Log::Any::Adapter::Test'
ok 37 - 'Foo::log outside lexical scope' isa 'Log::Any::Adapter::Null'
ok
t/multiplex.t ............... 
1..16
ok 1 - require Log::Any::Adapter::Multiplex;
ok 2 - adapters are required
ok 3 - adapters must be a hash
ok 4 - adapters must be a hash
ok 5 - adapters values must be arrays
ok 6 - Multiplex set up as expected
ok 7 - multiplex logging off for both destinations
ok 8 - multiplex logging on for one destination
ok 9 - multiplex logging on for other destination
ok 10 - multiplex logging on for both destinations
ok 11 - Arguments passed to structured adapter
ok 12 - Arguments passed to unstructured adapter
ok 13 - Passed appropriate structured args
ok 14 - Passed appropriate unstructured args
ok 15 - structured adapter not called when not logging
ok 16 - unstructured adapter not called when not logging
ok
t/null-proxy.t .............. 
1..14
ok 1 - 'no adapter proxy is Null' isa 'Log::Any::Proxy::Null'
ok 2 - 'no adapter proxy with formatter is Null' isa 'Log::Any::Proxy::Null'
ok 3 - 'explicit proxy class is correct' isa 'Log::Any::Proxy::Test'
ok 4 - output of test method is returned
ok 5 - 'no adapter proxy is still Null after logging' isa 'Log::Any::Proxy::Null'
ok 6 - output of test method is returned
ok 7 - 'no adapter proxy with formatter is still Null after logging' isa 'Log::Any::Proxy::Null'
ok 8 - 'existing logger reblessed' isa 'Log::Any::Proxy'
ok 9 - 'existing logger reblessed' isa 'Log::Any::Proxy'
ok 10 - 'explicit proxy class is not reblessed' isa 'Log::Any::Proxy::Test'
ok 11 - log is logged
ok 12 - output of test method is returned
ok 13 - proxy attributes are preserved
ok 14 - output of test method is returned
ok
t/proxy.t ................... 
1..18
ok 1 - prefix added
ok 2 - log message built is returned
ok 3 - arguments concatenated
ok 4 - log message built is returned
ok 5 - default formatter expands coderefs
ok 6 - log message built is returned
ok 7 - default formatter does not expand coderefs as sprintf args
ok 8 - log message built is returned
ok 9 - log contains '(?^:Einstein)'
ok 10 - no warning
ok 11 - filter has category and numeric level
ok 12 - log message run through filter is returned
ok 13 - formatter has category and numeric level
ok 14 - log message run through formatter is returned
ok 15 - category override
ok 16 - log message with category and run through filter is returned
ok 17 - clone keeps existing properties and allows override
ok 18 - log message is returned
ok
t/release-backcompat.t ...... skipped: these tests are for release candidate testing
t/replace_log.t ............. 
1..1
ok 1 - main log appeared in memory
ok
t/sprintf.t ................. 
1..1
ok 1 - message was formatted
ok
t/stringify.t ............... 
1..1
ok 1 - URI was correctly stringified
ok
t/structured-logging.t ...... 
1..2
ok 1 - text log correct
ok 2 - identical output of normal log lines when using structured log adapter
ok
t/syslog.t .................. 
1..27
ok 1 - Log::Any alert maps to the right syslog priority
ok 2 - Log::Any passed through the right message
ok 3 - Log::Any critical maps to the right syslog priority
ok 4 - Log::Any passed through the right message
ok 5 - Log::Any debug maps to the right syslog priority
ok 6 - Log::Any passed through the right message
ok 7 - Log::Any emergency maps to the right syslog priority
ok 8 - Log::Any passed through the right message
ok 9 - Log::Any error maps to the right syslog priority
ok 10 - Log::Any passed through the right message
ok 11 - Log::Any info maps to the right syslog priority
ok 12 - Log::Any passed through the right message
ok 13 - Log::Any notice maps to the right syslog priority
ok 14 - Log::Any passed through the right message
ok 15 - Log::Any trace maps to the right syslog priority
ok 16 - Log::Any passed through the right message
ok 17 - Log::Any warning maps to the right syslog priority
ok 18 - Log::Any passed through the right message
ok 19 - log opened with correct name
ok 20 - log opened with correct options
ok 21 - log opened with correct facility
ok 22 - log opened with correct name
ok 23 - log opened with correct options
ok 24 - log opened with correct facility
ok 25 - no log written because log_level too high
ok 26 - emergency log is logged
ok 27 - emergency log is logged
ok
t/util.t .................... 
1..3
ok 1 - warn alias is correct
ok 2 - Warn alias is correct
ok 3 - WARN alias is correct
ok
t/valid-methods.t ........... 
1..87
ok 1 - !is_trace
ok 2 - !is_debug
ok 3 - !is_info
ok 4 - !is_notice
ok 5 - !is_warning
ok 6 - !is_error
ok 7 - !is_critical
ok 8 - !is_alert
ok 9 - !is_emergency
ok 10
ok 11 - trace runs
ok 12 - tracef runs
ok 13 - debug runs
ok 14 - debugf runs
ok 15 - info runs
ok 16 - infof runs
ok 17 - notice runs
ok 18 - noticef runs
ok 19 - warning runs
ok 20 - warningf runs
ok 21 - error runs
ok 22 - errorf runs
ok 23 - critical runs
ok 24 - criticalf runs
ok 25 - alert runs
ok 26 - alertf runs
ok 27 - emergency runs
ok 28 - emergencyf runs
ok 29 - bad method
ok 30 - !is_trace
ok 31 - !is_debug
ok 32 - !is_info
ok 33 - !is_notice
ok 34 - !is_warning
ok 35 - !is_error
ok 36 - !is_critical
ok 37 - !is_alert
ok 38 - !is_emergency
ok 39
ok 40 - trace runs
ok 41 - tracef runs
ok 42 - debug runs
ok 43 - debugf runs
ok 44 - info runs
ok 45 - infof runs
ok 46 - notice runs
ok 47 - noticef runs
ok 48 - warning runs
ok 49 - warningf runs
ok 50 - error runs
ok 51 - errorf runs
ok 52 - critical runs
ok 53 - criticalf runs
ok 54 - alert runs
ok 55 - alertf runs
ok 56 - emergency runs
ok 57 - emergencyf runs
ok 58 - bad method
ok 59 - !is_trace
ok 60 - !is_debug
ok 61 - !is_info
ok 62 - !is_notice
ok 63 - !is_warning
ok 64 - !is_error
ok 65 - !is_critical
ok 66 - !is_alert
ok 67 - !is_emergency
ok 68
ok 69 - trace runs
ok 70 - tracef runs
ok 71 - debug runs
ok 72 - debugf runs
ok 73 - info runs
ok 74 - infof runs
ok 75 - notice runs
ok 76 - noticef runs
ok 77 - warning runs
ok 78 - warningf runs
ok 79 - error runs
ok 80 - errorf runs
ok 81 - critical runs
ok 82 - criticalf runs
ok 83 - alert runs
ok 84 - alertf runs
ok 85 - emergency runs
ok 86 - emergencyf runs
ok 87 - bad method
ok
All tests successful.
Files=26, Tests=284, 39 wallclock secs ( 1.21 usr  0.58 sys + 30.06 cusr  7.96 csys = 39.81 CPU)
Result: PASS
autopkgtest: DBG: testbed command exited with code 0
autopkgtest [21:56:56]: test autodep8-perl-build-deps: -----------------------]
autopkgtest: DBG: testbed executing test finished with exit status 0
autopkgtest: DBG: sending command to testbed: copyup /tmp/autopkgtest.ZAc9BH/autodep8-perl-build-deps-stdout /home/minami/Documents/openkylin-riscv/test/liblog-any-perl/autodep8-perl-build-deps-stdout
autopkgtest-virt-qemu: DBG: executing copyup /tmp/autopkgtest.ZAc9BH/autodep8-perl-build-deps-stdout /home/minami/Documents/openkylin-riscv/test/liblog-any-perl/autodep8-perl-build-deps-stdout
autopkgtest-virt-qemu: DBG: ['cmdls', "(['/tmp/autopkgtest-qemu.17166n0p/runcmd', 'sh', '-ec', 'cat </tmp/autopkgtest.ZAc9BH/autodep8-perl-build-deps-stdout'], ['cat'])"]
autopkgtest-virt-qemu: DBG: ['srcstdin', "<_io.BufferedReader name='/dev/null'>", 'deststdout', "<_io.BufferedWriter name='/home/minami/Documents/openkylin-riscv/test/liblog-any-perl/autodep8-perl-build-deps-stdout'>", 'devnull_read', <_io.BufferedReader name='/dev/null'>]
autopkgtest-virt-qemu: DBG:  +< /tmp/autopkgtest-qemu.17166n0p/runcmd sh -ec cat </tmp/autopkgtest.ZAc9BH/autodep8-perl-build-deps-stdout
autopkgtest-virt-qemu: DBG:  +> cat
autopkgtest-virt-qemu: DBG:  +>?
autopkgtest-virt-qemu: DBG:  +<?
autopkgtest: DBG: got reply from testbed: ok
autopkgtest: DBG: sending command to testbed: copyup /tmp/autopkgtest.ZAc9BH/autodep8-perl-build-deps-stderr /home/minami/Documents/openkylin-riscv/test/liblog-any-perl/autodep8-perl-build-deps-stderr
autopkgtest-virt-qemu: DBG: executing copyup /tmp/autopkgtest.ZAc9BH/autodep8-perl-build-deps-stderr /home/minami/Documents/openkylin-riscv/test/liblog-any-perl/autodep8-perl-build-deps-stderr
autopkgtest-virt-qemu: DBG: ['cmdls', "(['/tmp/autopkgtest-qemu.17166n0p/runcmd', 'sh', '-ec', 'cat </tmp/autopkgtest.ZAc9BH/autodep8-perl-build-deps-stderr'], ['cat'])"]
autopkgtest-virt-qemu: DBG: ['srcstdin', "<_io.BufferedReader name='/dev/null'>", 'deststdout', "<_io.BufferedWriter name='/home/minami/Documents/openkylin-riscv/test/liblog-any-perl/autodep8-perl-build-deps-stderr'>", 'devnull_read', <_io.BufferedReader name='/dev/null'>]
autopkgtest-virt-qemu: DBG:  +< /tmp/autopkgtest-qemu.17166n0p/runcmd sh -ec cat </tmp/autopkgtest.ZAc9BH/autodep8-perl-build-deps-stderr
autopkgtest-virt-qemu: DBG:  +> cat
autopkgtest-virt-qemu: DBG:  +>?
autopkgtest-virt-qemu: DBG:  +<?
autopkgtest: DBG: got reply from testbed: ok
autopkgtest [21:56:57]: test autodep8-perl-build-deps:  - - - - - - - - - - results - - - - - - - - - -
autodep8-perl-build-deps PASS
autopkgtest: DBG: sending command to testbed: copyup /tmp/autopkgtest.ZAc9BH/autodep8-perl-build-deps-artifacts/ /home/minami/Documents/openkylin-riscv/test/liblog-any-perl/artifacts/
autopkgtest-virt-qemu: DBG: executing copyup /tmp/autopkgtest.ZAc9BH/autodep8-perl-build-deps-artifacts/ /home/minami/Documents/openkylin-riscv/test/liblog-any-perl/artifacts/
autopkgtest-virt-qemu: DBG: ['cmdls', "(['/tmp/autopkgtest-qemu.17166n0p/runcmd', 'sh', '-ec', 'cd /tmp/autopkgtest.ZAc9BH/autodep8-perl-build-deps-artifacts/; tar --warning=none -c . -f -'], ['tar', '--directory', '/home/minami/Documents/openkylin-riscv/test/liblog-any-perl/artifacts/', '--warning=none', '--preserve-permissions', '--extract', '--no-same-owner', '-f', '-'])"]
autopkgtest-virt-qemu: DBG: ['srcstdin', "<_io.BufferedReader name='/dev/null'>", 'deststdout', "<_io.BufferedReader name='/dev/null'>", 'devnull_read', <_io.BufferedReader name='/dev/null'>]
autopkgtest-virt-qemu: DBG:  +< /tmp/autopkgtest-qemu.17166n0p/runcmd sh -ec cd /tmp/autopkgtest.ZAc9BH/autodep8-perl-build-deps-artifacts/; tar --warning=none -c . -f -
autopkgtest-virt-qemu: DBG:  +> tar --directory /home/minami/Documents/openkylin-riscv/test/liblog-any-perl/artifacts/ --warning=none --preserve-permissions --extract --no-same-owner -f -
autopkgtest-virt-qemu: DBG:  +>?
autopkgtest-virt-qemu: DBG:  +<?
autopkgtest: DBG: got reply from testbed: ok
autopkgtest: DBG: testbed command ['rm', '-rf', '/tmp/autopkgtest.ZAc9BH/autodep8-perl-build-deps-artifacts', '/tmp/autopkgtest.ZAc9BH/autopkgtest_tmp'], kind short, sout raw, serr pipe, env []
autopkgtest: DBG: testbed command exited with code 0
autopkgtest [21:56:58]: test autodep8-perl: preparing testbed
autopkgtest: DBG: testbed reset: modified=False, deps_installed=['liblog-any-perl', 'debhelper-compat (= 13)', 'libscalar-list-utils-perl', 'perl', 'build-essential', 'pkg-perl-autopkgtest'], deps_new=['liblog-any-perl', 'pkg-perl-autopkgtest']
autopkgtest: DBG: testbed reset
autopkgtest: DBG: sending command to testbed: revert
autopkgtest-virt-qemu: DBG: executing revert
autopkgtest-virt-qemu: DBG: execute-timeout: /tmp/autopkgtest-qemu.17166n0p/runcmd rm -rf -- /tmp/autopkgtest.ZAc9BH
qemu-system-riscv64: terminating on signal 15 from pid 117866 (/usr/bin/python3)
autopkgtest-virt-qemu: DBG: find_free_port: trying 10022
autopkgtest-virt-qemu: DBG: find_free_port: 10022 is free
autopkgtest-virt-qemu: DBG: autopkgtest does not know how to boot this machine, hopefully nothing special needs to be done?
autopkgtest-virt-qemu: DBG: qemu architecture: riscv64
autopkgtest-virt-qemu: DBG: qemu command: qemu-system-riscv64
autopkgtest-virt-qemu: DBG: execute-timeout: qemu-img info --output=json /home/minami/Documents/openkylin-riscv/update.qcow2
autopkgtest-virt-qemu: DBG: Creating temporary overlay image in /tmp/autopkgtest-qemu._2o03642/overlay.img
autopkgtest-virt-qemu: DBG: execute-timeout: qemu-img create -f qcow2 -F qcow2 -b /home/minami/Documents/openkylin-riscv/update.qcow2 /tmp/autopkgtest-qemu._2o03642/overlay.img
autopkgtest-virt-qemu: DBG: Forwarding local port 10022 to VM ssh port 22
autopkgtest-virt-qemu: DBG: Assuming nothing special needs to be done to set up firmware to boot this machine (boot method: none)
autopkgtest-virt-qemu: DBG: full qemu command-line: ['qemu-system-riscv64', '-m', '8192', '-smp', '8', '-nographic', '-device', 'virtio-net-device,netdev=usernet', '-netdev', 'user,id=usernet,hostfwd=tcp:127.0.0.1:10022-:22', '-object', 'rng-random,filename=/dev/urandom,id=rng0', '-device', 'virtio-rng-pci,rng=rng0,id=rng-device0', '-monitor', 'unix:/tmp/autopkgtest-qemu._2o03642/monitor,server=on,wait=off', '-virtfs', 'local,id=autopkgtest,path=/tmp/autopkgtest-qemu._2o03642/shared,security_model=none,mount_tag=autopkgtest', '-device', 'virtio-serial', '-chardev', 'socket,path=/tmp/autopkgtest-qemu._2o03642/hvc0,server=on,wait=off,id=hvc0', '-device', 'virtconsole,chardev=hvc0', '-chardev', 'socket,path=/tmp/autopkgtest-qemu._2o03642/hvc1,server=on,wait=off,id=hvc1', '-device', 'virtconsole,chardev=hvc1', '-serial', 'unix:/tmp/autopkgtest-qemu._2o03642/ttyS0,server=on,wait=off', '-drive', 'index=0,file=/tmp/autopkgtest-qemu._2o03642/overlay.img,format=qcow2,cache=unsafe,if=virtio,discard=unmap', '-machine', 'virt', '-kernel', '/home/minami/Documents/ukylin/u-boot.bin']
autopkgtest-virt-qemu: DBG: expect: b' login: '
autopkgtest-virt-qemu: DBG: expect: found "'login prompt on serial console'"
autopkgtest-virt-qemu: DBG: expect: b'ok'
autopkgtest-virt-qemu: DBG: expect: found "b'ok'"
autopkgtest-virt-qemu: DBG: setup_shell(): there already is a shell on hvc1
qemu-system-riscv64: warning: 9p: degraded performance: a reasonable high msize should be chosen on client/guest side (chosen msize is <= 8192). See https://wiki.qemu.org/Documentation/9psetup#msize for details.
autopkgtest-virt-qemu: DBG: expect: b'a4b5c7cb-79aa-447f-8393-1849ee2e39b7[1]'
autopkgtest-virt-qemu: DBG: expect: found "b'a4b5c7cb-79aa-447f-8393-1849ee2e39b7[1]'"
autopkgtest-virt-qemu: DBG: expect: b'a4b5c7cb-79aa-447f-8393-1849ee2e39b7[2]'
autopkgtest-virt-qemu: DBG: expect: found "b'a4b5c7cb-79aa-447f-8393-1849ee2e39b7[2]'"
autopkgtest-virt-qemu: DBG: expect: b'a4b5c7cb-79aa-447f-8393-1849ee2e39b7[3]'
autopkgtest-virt-qemu: DBG: expect: found "b'a4b5c7cb-79aa-447f-8393-1849ee2e39b7[3]'"
autopkgtest-virt-qemu: DBG: expect: b'/python'
autopkgtest-virt-qemu: DBG: expect: found "b'/python'"
autopkgtest-virt-qemu: DBG: expect: b'# '
autopkgtest-virt-qemu: DBG: expect: found "b'# '"
autopkgtest-virt-qemu: DBG: expect: b'a4b5c7cb-79aa-447f-8393-1849ee2e39b7[4]'
autopkgtest-virt-qemu: DBG: expect: found "b'a4b5c7cb-79aa-447f-8393-1849ee2e39b7[4]'"
autopkgtest-virt-qemu: DBG: execute-timeout: /tmp/autopkgtest-qemu._2o03642/runcmd true
autopkgtest-virt-qemu: DBG: can connect to autopkgtest sh in VM
autopkgtest-virt-qemu: DBG: expect: b'a4b5c7cb-79aa-447f-8393-1849ee2e39b7[5]'
autopkgtest-virt-qemu: DBG: expect: found "b'a4b5c7cb-79aa-447f-8393-1849ee2e39b7[5]'"
autopkgtest-virt-qemu: DBG: determine_normal_user: got user "openkylin"
autopkgtest-virt-qemu: DBG: execute-timeout: /tmp/autopkgtest-qemu._2o03642/runcmd mkdir --mode=1777 --parents /tmp/autopkgtest.ZAc9BH
autopkgtest-virt-qemu: DBG: auxverb = ['/tmp/autopkgtest-qemu._2o03642/runcmd'], downtmp = /tmp/autopkgtest.ZAc9BH
autopkgtest: DBG: got reply from testbed: ok /tmp/autopkgtest.ZAc9BH
autopkgtest: DBG: sending command to testbed: print-execute-command
autopkgtest-virt-qemu: DBG: executing print-execute-command
autopkgtest: DBG: got reply from testbed: ok /tmp/autopkgtest-qemu._2o03642/runcmd
autopkgtest: DBG: sending command to testbed: capabilities
autopkgtest-virt-qemu: DBG: executing capabilities
autopkgtest: DBG: got reply from testbed: ok isolation-machine reboot revert revert-full-system root-on-testbed suggested-normal-user=openkylin
autopkgtest: DBG: testbed capabilities: ['isolation-machine', 'reboot', 'revert', 'revert-full-system', 'root-on-testbed', 'suggested-normal-user=openkylin', 'has_internet']
autopkgtest: DBG: testbed command ['mkdir', '-p', '/tmp/autopkgtest.ZAc9BH'], kind short, sout raw, serr pipe, env []
autopkgtest: DBG: testbed command exited with code 0
autopkgtest: DBG: sending command to testbed: copydown /usr/share/autopkgtest/lib/in-testbed/wrapper.sh /tmp/autopkgtest.ZAc9BH/wrapper.sh
autopkgtest-virt-qemu: DBG: executing copydown /usr/share/autopkgtest/lib/in-testbed/wrapper.sh /tmp/autopkgtest.ZAc9BH/wrapper.sh
autopkgtest-virt-qemu: DBG: ['cmdls', "(['cat'], ['/tmp/autopkgtest-qemu._2o03642/runcmd', 'sh', '-ec', 'cat >/tmp/autopkgtest.ZAc9BH/wrapper.sh; chmod +x -- /tmp/autopkgtest.ZAc9BH/wrapper.sh'])"]
autopkgtest-virt-qemu: DBG: ['srcstdin', "<_io.BufferedReader name='/usr/share/autopkgtest/lib/in-testbed/wrapper.sh'>", 'deststdout', "<_io.BufferedReader name='/dev/null'>", 'devnull_read', <_io.BufferedReader name='/dev/null'>]
autopkgtest-virt-qemu: DBG:  +< cat
autopkgtest-virt-qemu: DBG:  +> /tmp/autopkgtest-qemu._2o03642/runcmd sh -ec cat >/tmp/autopkgtest.ZAc9BH/wrapper.sh; chmod +x -- /tmp/autopkgtest.ZAc9BH/wrapper.sh
autopkgtest-virt-qemu: DBG:  +>?
autopkgtest-virt-qemu: DBG:  +<?
autopkgtest: DBG: got reply from testbed: ok
autopkgtest: DBG: testbed command ['chmod', '-R', '0755', '--', '/tmp/autopkgtest.ZAc9BH/wrapper.sh'], kind short, sout raw, serr pipe, env []
autopkgtest: DBG: testbed command exited with code 0
autopkgtest: DBG: testbed command ['dpkg', '--print-architecture'], kind short, sout pipe, serr pipe, env []
autopkgtest: DBG: testbed command exited with code 0
autopkgtest [21:57:54]: testbed dpkg architecture: riscv64
autopkgtest: DBG: testbed command ['sh', '-ec', 'command -v eatmydata'], kind short, sout pipe, serr pipe, env []
autopkgtest: DBG: testbed command exited with code 127
autopkgtest: DBG: testbed command ['sh', '-ec', 'command -v dpkg-query'], kind short, sout pipe, serr pipe, env []
autopkgtest: DBG: testbed command exited with code 0
autopkgtest: DBG: testbed command ['sh', '-ec', "dpkg-query --show -f '${Package}\\t${Version}\\n' > /tmp/autopkgtest.ZAc9BH/testbed-packages"], kind short, sout raw, serr pipe, env []
autopkgtest: DBG: testbed command exited with code 0
autopkgtest: DBG: sending command to testbed: copyup /tmp/autopkgtest.ZAc9BH/testbed-packages /home/minami/Documents/openkylin-riscv/test/liblog-any-perl/testbed-packages
autopkgtest-virt-qemu: DBG: executing copyup /tmp/autopkgtest.ZAc9BH/testbed-packages /home/minami/Documents/openkylin-riscv/test/liblog-any-perl/testbed-packages
autopkgtest-virt-qemu: DBG: ['cmdls', "(['/tmp/autopkgtest-qemu._2o03642/runcmd', 'sh', '-ec', 'cat </tmp/autopkgtest.ZAc9BH/testbed-packages'], ['cat'])"]
autopkgtest-virt-qemu: DBG: ['srcstdin', "<_io.BufferedReader name='/dev/null'>", 'deststdout', "<_io.BufferedWriter name='/home/minami/Documents/openkylin-riscv/test/liblog-any-perl/testbed-packages'>", 'devnull_read', <_io.BufferedReader name='/dev/null'>]
autopkgtest-virt-qemu: DBG:  +< /tmp/autopkgtest-qemu._2o03642/runcmd sh -ec cat </tmp/autopkgtest.ZAc9BH/testbed-packages
autopkgtest-virt-qemu: DBG:  +> cat
autopkgtest-virt-qemu: DBG:  +>?
autopkgtest-virt-qemu: DBG:  +<?
autopkgtest: DBG: got reply from testbed: ok
autopkgtest: DBG: testbed supports reboot, creating /tmp/autopkgtest-reboot
autopkgtest: DBG: testbed command ['mkdir', '-p', '/tmp/autopkgtest.ZAc9BH'], kind short, sout raw, serr pipe, env []
autopkgtest: DBG: testbed command exited with code 0
autopkgtest: DBG: sending command to testbed: copydown /usr/share/autopkgtest/lib/in-testbed/reboot.sh /tmp/autopkgtest.ZAc9BH/autopkgtest-reboot
autopkgtest-virt-qemu: DBG: executing copydown /usr/share/autopkgtest/lib/in-testbed/reboot.sh /tmp/autopkgtest.ZAc9BH/autopkgtest-reboot
autopkgtest-virt-qemu: DBG: ['cmdls', "(['cat'], ['/tmp/autopkgtest-qemu._2o03642/runcmd', 'sh', '-ec', 'cat >/tmp/autopkgtest.ZAc9BH/autopkgtest-reboot; chmod +x -- /tmp/autopkgtest.ZAc9BH/autopkgtest-reboot'])"]
autopkgtest-virt-qemu: DBG: ['srcstdin', "<_io.BufferedReader name='/usr/share/autopkgtest/lib/in-testbed/reboot.sh'>", 'deststdout', "<_io.BufferedReader name='/dev/null'>", 'devnull_read', <_io.BufferedReader name='/dev/null'>]
autopkgtest-virt-qemu: DBG:  +< cat
autopkgtest-virt-qemu: DBG:  +> /tmp/autopkgtest-qemu._2o03642/runcmd sh -ec cat >/tmp/autopkgtest.ZAc9BH/autopkgtest-reboot; chmod +x -- /tmp/autopkgtest.ZAc9BH/autopkgtest-reboot
autopkgtest-virt-qemu: DBG:  +>?
autopkgtest-virt-qemu: DBG:  +<?
autopkgtest: DBG: got reply from testbed: ok
autopkgtest: DBG: testbed command ['chmod', '-R', '0755', '--', '/tmp/autopkgtest.ZAc9BH/autopkgtest-reboot'], kind short, sout raw, serr pipe, env []
autopkgtest: DBG: testbed command exited with code 0
autopkgtest: DBG: testbed command ['ln', '-fns', '/tmp/autopkgtest.ZAc9BH/autopkgtest-reboot', '/tmp/autopkgtest-reboot'], kind short, sout raw, serr pipe, env []
autopkgtest: DBG: testbed command exited with code 0
autopkgtest: DBG: testbed command ['ln', '-fns', '/tmp/autopkgtest.ZAc9BH/autopkgtest-reboot', '/sbin/autopkgtest-reboot'], kind short, sout raw, serr pipe, env []
autopkgtest: DBG: testbed command exited with code 0
autopkgtest: DBG: testbed command ['mkdir', '-p', '/tmp/autopkgtest.ZAc9BH'], kind short, sout raw, serr pipe, env []
autopkgtest: DBG: testbed command exited with code 0
autopkgtest: DBG: sending command to testbed: copydown /usr/share/autopkgtest/lib/in-testbed/reboot-prepare.sh /tmp/autopkgtest.ZAc9BH/autopkgtest-reboot-prepare
autopkgtest-virt-qemu: DBG: executing copydown /usr/share/autopkgtest/lib/in-testbed/reboot-prepare.sh /tmp/autopkgtest.ZAc9BH/autopkgtest-reboot-prepare
autopkgtest-virt-qemu: DBG: ['cmdls', "(['cat'], ['/tmp/autopkgtest-qemu._2o03642/runcmd', 'sh', '-ec', 'cat >/tmp/autopkgtest.ZAc9BH/autopkgtest-reboot-prepare; chmod +x -- /tmp/autopkgtest.ZAc9BH/autopkgtest-reboot-prepare'])"]
autopkgtest-virt-qemu: DBG: ['srcstdin', "<_io.BufferedReader name='/usr/share/autopkgtest/lib/in-testbed/reboot-prepare.sh'>", 'deststdout', "<_io.BufferedReader name='/dev/null'>", 'devnull_read', <_io.BufferedReader name='/dev/null'>]
autopkgtest-virt-qemu: DBG:  +< cat
autopkgtest-virt-qemu: DBG:  +> /tmp/autopkgtest-qemu._2o03642/runcmd sh -ec cat >/tmp/autopkgtest.ZAc9BH/autopkgtest-reboot-prepare; chmod +x -- /tmp/autopkgtest.ZAc9BH/autopkgtest-reboot-prepare
autopkgtest-virt-qemu: DBG:  +>?
autopkgtest-virt-qemu: DBG:  +<?
autopkgtest: DBG: got reply from testbed: ok
autopkgtest: DBG: testbed command ['chmod', '-R', '0755', '--', '/tmp/autopkgtest.ZAc9BH/autopkgtest-reboot-prepare'], kind short, sout raw, serr pipe, env []
autopkgtest: DBG: testbed command exited with code 0
autopkgtest: DBG: testbed command ['ln', '-fns', '/tmp/autopkgtest.ZAc9BH/autopkgtest-reboot-prepare', '/tmp/autopkgtest-reboot-prepare'], kind short, sout raw, serr pipe, env []
autopkgtest: DBG: testbed command exited with code 0
autopkgtest: DBG: testbed command ['uname', '-srv'], kind short, sout pipe, serr pipe, env []
autopkgtest: DBG: testbed command exited with code 0
autopkgtest: DBG: Binaries: no registered binaries, not publishing anything
autopkgtest: DBG: install_deps: deps_new=['liblog-any-perl', 'pkg-perl-autopkgtest']
autopkgtest: DBG: install-deps: satisfying liblog-any-perl, pkg-perl-autopkgtest
autopkgtest: DBG: install-deps: architecture resolved: liblog-any-perl, pkg-perl-autopkgtest
autopkgtest: DBG: testbed command ['test', '-w', '/var/lib/dpkg/status'], kind short, sout raw, serr raw, env []
autopkgtest: DBG: testbed command exited with code 0
autopkgtest: DBG: can use apt-get on testbed: True
autopkgtest: DBG: testbed command ['mkdir', '-p', '/tmp/autopkgtest.ZAc9BH'], kind short, sout raw, serr pipe, env []
autopkgtest: DBG: testbed command exited with code 0
autopkgtest: DBG: sending command to testbed: copydown /home/minami/Documents/openkylin-riscv/test/liblog-any-perl/2-autopkgtest-satdep.deb /tmp/autopkgtest.ZAc9BH/2-autopkgtest-satdep.deb
autopkgtest-virt-qemu: DBG: executing copydown /home/minami/Documents/openkylin-riscv/test/liblog-any-perl/2-autopkgtest-satdep.deb /tmp/autopkgtest.ZAc9BH/2-autopkgtest-satdep.deb
autopkgtest-virt-qemu: DBG: ['cmdls', "(['cat'], ['/tmp/autopkgtest-qemu._2o03642/runcmd', 'sh', '-ec', 'cat >/tmp/autopkgtest.ZAc9BH/2-autopkgtest-satdep.deb'])"]
autopkgtest-virt-qemu: DBG: ['srcstdin', "<_io.BufferedReader name='/home/minami/Documents/openkylin-riscv/test/liblog-any-perl/2-autopkgtest-satdep.deb'>", 'deststdout', "<_io.BufferedReader name='/dev/null'>", 'devnull_read', <_io.BufferedReader name='/dev/null'>]
autopkgtest-virt-qemu: DBG:  +< cat
autopkgtest-virt-qemu: DBG:  +> /tmp/autopkgtest-qemu._2o03642/runcmd sh -ec cat >/tmp/autopkgtest.ZAc9BH/2-autopkgtest-satdep.deb
autopkgtest-virt-qemu: DBG:  +>?
autopkgtest-virt-qemu: DBG:  +<?
autopkgtest: DBG: got reply from testbed: ok
autopkgtest: DBG: testbed command ['chown', '-R', 'openkylin', '--', '/tmp/autopkgtest.ZAc9BH/2-autopkgtest-satdep.deb'], kind short, sout raw, serr pipe, env []
autopkgtest: DBG: testbed command exited with code 0
autopkgtest: DBG: testbed command ['dpkg', '--unpack', '/tmp/autopkgtest.ZAc9BH/2-autopkgtest-satdep.deb'], kind short, sout pipe, serr pipe, env []
autopkgtest: DBG: testbed command exited with code 0
autopkgtest: DBG: testbed command ['/bin/sh', '-ec', ' apt-get install --assume-yes --fix-broken -o APT::Status-Fd=3 -o APT::Install-Recommends=false -o Dpkg::Options::=--force-confnew -o Debug::pkgProblemResolver=true 3>&2 2>&1'], kind install, sout raw, serr pipe, env ['DEBIAN_FRONTEND=noninteractive', 'APT_LISTBUGS_FRONTEND=none', 'APT_LISTCHANGES_FRONTEND=none']
Reading package lists...
Building dependency tree...
Reading state information...
Correcting dependencies...Starting pkgProblemResolver with broken count: 0
Starting 2 pkgProblemResolver with broken count: 0
Done
 Done
Starting pkgProblemResolver with broken count: 0
Starting 2 pkgProblemResolver with broken count: 0
Done
The following packages were automatically installed and are no longer required:
  kylin-font-viewer libdjvulibre-text libdjvulibre21 libegl-dev libffi-dev
  libgl-dev libglib2.0-dev-bin libglu1-mesa-dev libglx-dev libgsettings-qt-dev
  libmount-dev libmpdec2 libpcre16-3 libpcre3-dev libpcre32-3 libpcrecpp0v5
  libvulkan-dev libx11-dev libxau-dev libxcb1-dev libxdmcp-dev libxext-dev
  pkg-config python3-distutils python3-lib2to3 qt5-qmake qt5-qmake-bin
  x11proto-core-dev x11proto-dev xorg-sgml-doctools xtrans-dev zlib1g-dev
Use 'apt autoremove' to remove them.
The following additional packages will be installed:
  autodep8 dctrl-tools liblog-any-perl pkg-perl-autopkgtest
Suggested packages:
  debtags
The following NEW packages will be installed:
  autodep8 dctrl-tools liblog-any-perl pkg-perl-autopkgtest
0 upgraded, 4 newly installed, 0 to remove and 1 not upgraded.
1 not fully installed or removed.
Need to get 148 kB of archives.
After this operation, 532 kB of additional disk space will be used.
Get:1 http://archive.build.openkylin.top/openkylin yangtze/main riscv64 liblog-any-perl all 1.710-ok2 [74.1 kB]
Get:2 http://ppa.build.openkylin.top/kylinsoft/anything/openkylin yangtze/main riscv64 autodep8 all 0.22-ok1 [10.1 kB]
Get:3 http://ppa.build.openkylin.top/kylinsoft/anything/openkylin yangtze/main riscv64 pkg-perl-autopkgtest all 0.59-ok1 [8,208 B]
Get:4 http://archive.build.openkylin.top/openkylin yangtze/main riscv64 dctrl-tools riscv64 2.24-ok1 [55.6 kB]
Fetched 148 kB in 1s (229 kB/s)
Selecting previously unselected package liblog-any-perl.
(Reading database ... (Reading database ... 5%(Reading database ... 10%(Reading database ... 15%(Reading database ... 20%(Reading database ... 25%(Reading database ... 30%(Reading database ... 35%(Reading database ... 40%(Reading database ... 45%(Reading database ... 50%(Reading database ... 55%(Reading database ... 60%(Reading database ... 65%(Reading database ... 70%(Reading database ... 75%(Reading database ... 80%(Reading database ... 85%(Reading database ... 90%(Reading database ... 95%(Reading database ... 100%(Reading database ... 160820 files and directories currently installed.)
Preparing to unpack .../liblog-any-perl_1.710-ok2_all.deb ...
Unpacking liblog-any-perl (1.710-ok2) ...
Selecting previously unselected package dctrl-tools.
Preparing to unpack .../dctrl-tools_2.24-ok1_riscv64.deb ...
Unpacking dctrl-tools (2.24-ok1) ...
Selecting previously unselected package autodep8.
Preparing to unpack .../autodep8_0.22-ok1_all.deb ...
Unpacking autodep8 (0.22-ok1) ...
Selecting previously unselected package pkg-perl-autopkgtest.
Preparing to unpack .../pkg-perl-autopkgtest_0.59-ok1_all.deb ...
Unpacking pkg-perl-autopkgtest (0.59-ok1) ...
Setting up liblog-any-perl (1.710-ok2) ...
Setting up dctrl-tools (2.24-ok1) ...
Setting up autodep8 (0.22-ok1) ...
Setting up pkg-perl-autopkgtest (0.59-ok1) ...
Setting up autopkgtest-satdep (0) ...
Processing triggers for man-db (2.9.1-ok3) ...
autopkgtest: DBG: testbed command exited with code 0
autopkgtest: DBG: testbed command ['dpkg-query', '--show', '-f', '${Status}', 'liblog-any-perl'], kind short, sout pipe, serr pipe, env []
autopkgtest: DBG: testbed command exited with code 0
autopkgtest: DBG: testbed command ['dpkg', '--status', 'autopkgtest-satdep'], kind short, sout pipe, serr pipe, env []
autopkgtest: DBG: testbed command exited with code 0
autopkgtest: DBG: testbed command ['apt-get', '--simulate', '--quiet', '-o', 'APT::Get::Show-User-Simulation-Note=False', '--auto-remove', 'purge', 'autopkgtest-satdep'], kind short, sout pipe, serr pipe, env []
autopkgtest: DBG: testbed command exited with code 0
autopkgtest: DBG: Marking test dependencies as manually installed: pkg-perl-autopkgtest autodep8 dctrl-tools kylin-font-viewer libdjvulibre21 libdjvulibre-text libegl-dev libffi-dev libglu1-mesa-dev libgl-dev libglib2.0-dev-bin libglx-dev libgsettings-qt-dev liblog-any-perl libmount-dev libmpdec2 libpcre3-dev libpcre16-3 libpcre32-3 libpcrecpp0v5 libvulkan-dev libxext-dev libx11-dev libxcb1-dev libxau-dev libxdmcp-dev pkg-config python3-distutils python3-lib2to3 qt5-qmake qt5-qmake-bin x11proto-core-dev x11proto-dev xorg-sgml-doctools xtrans-dev zlib1g-dev
autopkgtest: DBG: testbed command ['apt-mark', 'manual', '-qq', 'pkg-perl-autopkgtest', 'autodep8', 'dctrl-tools', 'kylin-font-viewer', 'libdjvulibre21', 'libdjvulibre-text', 'libegl-dev', 'libffi-dev', 'libglu1-mesa-dev', 'libgl-dev', 'libglib2.0-dev-bin', 'libglx-dev', 'libgsettings-qt-dev', 'liblog-any-perl', 'libmount-dev', 'libmpdec2', 'libpcre3-dev', 'libpcre16-3', 'libpcre32-3', 'libpcrecpp0v5'], kind short, sout raw, serr pipe, env []
autopkgtest: DBG: testbed command exited with code 0
autopkgtest: DBG: testbed command ['apt-mark', 'manual', '-qq', 'libvulkan-dev', 'libxext-dev', 'libx11-dev', 'libxcb1-dev', 'libxau-dev', 'libxdmcp-dev', 'pkg-config', 'python3-distutils', 'python3-lib2to3', 'qt5-qmake', 'qt5-qmake-bin', 'x11proto-core-dev', 'x11proto-dev', 'xorg-sgml-doctools', 'xtrans-dev', 'zlib1g-dev'], kind short, sout raw, serr pipe, env []
autopkgtest: DBG: testbed command exited with code 0
autopkgtest: DBG: testbed command ['dpkg', '--purge', 'autopkgtest-satdep'], kind short, sout raw, serr raw, env []
(Reading database ... 160937 files and directories currently installed.)
Removing autopkgtest-satdep (0) ...
autopkgtest: DBG: testbed command exited with code 0
autopkgtest: DBG: testbed command ['sh', '-ec', 'command -v dpkg-query'], kind short, sout pipe, serr pipe, env []
autopkgtest: DBG: testbed command exited with code 0
autopkgtest: DBG: testbed command ['sh', '-ec', "dpkg-query --show -f '${Package}\\t${Version}\\n' > /tmp/autopkgtest.ZAc9BH/autodep8-perl-packages.all"], kind short, sout raw, serr pipe, env []
autopkgtest: DBG: testbed command exited with code 0
autopkgtest: DBG: sending command to testbed: copyup /tmp/autopkgtest.ZAc9BH/autodep8-perl-packages.all /home/minami/Documents/openkylin-riscv/test/liblog-any-perl/autodep8-perl-packages.all
autopkgtest-virt-qemu: DBG: executing copyup /tmp/autopkgtest.ZAc9BH/autodep8-perl-packages.all /home/minami/Documents/openkylin-riscv/test/liblog-any-perl/autodep8-perl-packages.all
autopkgtest-virt-qemu: DBG: ['cmdls', "(['/tmp/autopkgtest-qemu._2o03642/runcmd', 'sh', '-ec', 'cat </tmp/autopkgtest.ZAc9BH/autodep8-perl-packages.all'], ['cat'])"]
autopkgtest-virt-qemu: DBG: ['srcstdin', "<_io.BufferedReader name='/dev/null'>", 'deststdout', "<_io.BufferedWriter name='/home/minami/Documents/openkylin-riscv/test/liblog-any-perl/autodep8-perl-packages.all'>", 'devnull_read', <_io.BufferedReader name='/dev/null'>]
autopkgtest-virt-qemu: DBG:  +< /tmp/autopkgtest-qemu._2o03642/runcmd sh -ec cat </tmp/autopkgtest.ZAc9BH/autodep8-perl-packages.all
autopkgtest-virt-qemu: DBG:  +> cat
autopkgtest-virt-qemu: DBG:  +>?
autopkgtest-virt-qemu: DBG:  +<?
autopkgtest: DBG: got reply from testbed: ok
autopkgtest: DBG: testbed command ['test', '-e', '/tmp/autopkgtest.ZAc9BH/build.nmD/src'], kind short, sout raw, serr raw, env []
autopkgtest: DBG: testbed command exited with code 1
autopkgtest: DBG: testbed command ['mkdir', '-p', '/tmp/autopkgtest.ZAc9BH/build.nmD'], kind short, sout raw, serr pipe, env []
autopkgtest: DBG: testbed command exited with code 0
autopkgtest: DBG: sending command to testbed: copydown /home/minami/Documents/openkylin-riscv/test/liblog-any-perl/tests-tree/ /tmp/autopkgtest.ZAc9BH/build.nmD/src/
autopkgtest-virt-qemu: DBG: executing copydown /home/minami/Documents/openkylin-riscv/test/liblog-any-perl/tests-tree/ /tmp/autopkgtest.ZAc9BH/build.nmD/src/
autopkgtest-virt-qemu: DBG: ['cmdls', "(['tar', '--directory', '/home/minami/Documents/openkylin-riscv/test/liblog-any-perl/tests-tree/', '--warning=none', '-c', '.', '-f', '-'], ['/tmp/autopkgtest-qemu._2o03642/runcmd', 'sh', '-ec', 'if ! test -d /tmp/autopkgtest.ZAc9BH/build.nmD/src/; then mkdir -- /tmp/autopkgtest.ZAc9BH/build.nmD/src/; fi; cd /tmp/autopkgtest.ZAc9BH/build.nmD/src/; tar --warning=none --preserve-permissions --extract --no-same-owner -f -'])"]
autopkgtest-virt-qemu: DBG: ['srcstdin', "<_io.BufferedReader name='/dev/null'>", 'deststdout', "<_io.BufferedReader name='/dev/null'>", 'devnull_read', <_io.BufferedReader name='/dev/null'>]
autopkgtest-virt-qemu: DBG:  +< tar --directory /home/minami/Documents/openkylin-riscv/test/liblog-any-perl/tests-tree/ --warning=none -c . -f -
autopkgtest-virt-qemu: DBG:  +> /tmp/autopkgtest-qemu._2o03642/runcmd sh -ec if ! test -d /tmp/autopkgtest.ZAc9BH/build.nmD/src/; then mkdir -- /tmp/autopkgtest.ZAc9BH/build.nmD/src/; fi; cd /tmp/autopkgtest.ZAc9BH/build.nmD/src/; tar --warning=none --preserve-permissions --extract --no-same-owner -f -
autopkgtest-virt-qemu: DBG:  +>?
autopkgtest-virt-qemu: DBG:  +<?
autopkgtest: DBG: got reply from testbed: ok
autopkgtest: DBG: testbed command ['chown', '-R', 'openkylin', '--', '/tmp/autopkgtest.ZAc9BH/build.nmD/src'], kind short, sout raw, serr pipe, env []
autopkgtest: DBG: testbed command exited with code 0
autopkgtest [21:58:58]: test autodep8-perl: /usr/share/pkg-perl-autopkgtest/runner runtime-deps
autopkgtest [21:58:58]: test autodep8-perl: [-----------------------
autopkgtest: DBG: testbed command ['su', '-s', '/bin/bash', 'openkylin', '-c', 'set -e; export USER=`id -nu`; . /etc/profile >/dev/null 2>&1 || true;  . ~/.profile >/dev/null 2>&1 || true; buildtree="/tmp/autopkgtest.ZAc9BH/build.nmD/src"; mkdir -p -m 1777 -- "/tmp/autopkgtest.ZAc9BH/autodep8-perl-artifacts"; export AUTOPKGTEST_ARTIFACTS="/tmp/autopkgtest.ZAc9BH/autodep8-perl-artifacts"; export ADT_ARTIFACTS="$AUTOPKGTEST_ARTIFACTS"; mkdir -p -m 755 "/tmp/autopkgtest.ZAc9BH/autopkgtest_tmp"; export AUTOPKGTEST_TMP="/tmp/autopkgtest.ZAc9BH/autopkgtest_tmp"; export ADTTMP="$AUTOPKGTEST_TMP"; export DEBIAN_FRONTEND=noninteractive; export LANG=C.UTF-8; export DEB_BUILD_OPTIONS=parallel=8; unset LANGUAGE LC_CTYPE LC_NUMERIC LC_TIME LC_COLLATE   LC_MONETARY LC_MESSAGES LC_PAPER LC_NAME LC_ADDRESS   LC_TELEPHONE LC_MEASUREMENT LC_IDENTIFICATION LC_ALL;cd "$buildtree"; exec /tmp/autopkgtest.ZAc9BH/wrapper.sh --script-pid-file=/tmp/autopkgtest_script_pid --stderr=/tmp/autopkgtest.ZAc9BH/autodep8-perl-stderr --stdout=/tmp/autopkgtest.ZAc9BH/autodep8-perl-stdout -- bash -ec \'/usr/share/pkg-perl-autopkgtest/runner runtime-deps\' ;'], kind test, sout raw, serr raw, env []
/usr/share/pkg-perl-autopkgtest/runtime-deps.d/use.t .. 
1..4
ok 1 -  /usr/bin/perl -w -M"Log::Any" -e 1 2>&1 exited successfully
ok 2 -  /usr/bin/perl -w -M"Log::Any" -e 1 2>&1 produced no (non-whitelisted) output
ok 3 - env PERL_DL_NONLAZY=1  /usr/bin/perl -w -M"Log::Any" -e 1 2>&1 exited successfully
ok 4 - env PERL_DL_NONLAZY=1  /usr/bin/perl -w -M"Log::Any" -e 1 2>&1 produced no (non-whitelisted) output
ok
All tests successful.
Files=1, Tests=4,  3 wallclock secs ( 0.31 usr  0.13 sys +  2.58 cusr  0.60 csys =  3.62 CPU)
Result: PASS
autopkgtest: DBG: testbed command exited with code 0
autopkgtest [21:59:08]: test autodep8-perl: -----------------------]
autopkgtest: DBG: testbed executing test finished with exit status 0
autopkgtest: DBG: sending command to testbed: copyup /tmp/autopkgtest.ZAc9BH/autodep8-perl-stdout /home/minami/Documents/openkylin-riscv/test/liblog-any-perl/autodep8-perl-stdout
autopkgtest-virt-qemu: DBG: executing copyup /tmp/autopkgtest.ZAc9BH/autodep8-perl-stdout /home/minami/Documents/openkylin-riscv/test/liblog-any-perl/autodep8-perl-stdout
autopkgtest-virt-qemu: DBG: ['cmdls', "(['/tmp/autopkgtest-qemu._2o03642/runcmd', 'sh', '-ec', 'cat </tmp/autopkgtest.ZAc9BH/autodep8-perl-stdout'], ['cat'])"]
autopkgtest-virt-qemu: DBG: ['srcstdin', "<_io.BufferedReader name='/dev/null'>", 'deststdout', "<_io.BufferedWriter name='/home/minami/Documents/openkylin-riscv/test/liblog-any-perl/autodep8-perl-stdout'>", 'devnull_read', <_io.BufferedReader name='/dev/null'>]
autopkgtest-virt-qemu: DBG:  +< /tmp/autopkgtest-qemu._2o03642/runcmd sh -ec cat </tmp/autopkgtest.ZAc9BH/autodep8-perl-stdout
autopkgtest-virt-qemu: DBG:  +> cat
autopkgtest-virt-qemu: DBG:  +>?
autopkgtest-virt-qemu: DBG:  +<?
autopkgtest: DBG: got reply from testbed: ok
autopkgtest: DBG: sending command to testbed: copyup /tmp/autopkgtest.ZAc9BH/autodep8-perl-stderr /home/minami/Documents/openkylin-riscv/test/liblog-any-perl/autodep8-perl-stderr
autopkgtest-virt-qemu: DBG: executing copyup /tmp/autopkgtest.ZAc9BH/autodep8-perl-stderr /home/minami/Documents/openkylin-riscv/test/liblog-any-perl/autodep8-perl-stderr
autopkgtest-virt-qemu: DBG: ['cmdls', "(['/tmp/autopkgtest-qemu._2o03642/runcmd', 'sh', '-ec', 'cat </tmp/autopkgtest.ZAc9BH/autodep8-perl-stderr'], ['cat'])"]
autopkgtest-virt-qemu: DBG: ['srcstdin', "<_io.BufferedReader name='/dev/null'>", 'deststdout', "<_io.BufferedWriter name='/home/minami/Documents/openkylin-riscv/test/liblog-any-perl/autodep8-perl-stderr'>", 'devnull_read', <_io.BufferedReader name='/dev/null'>]
autopkgtest-virt-qemu: DBG:  +< /tmp/autopkgtest-qemu._2o03642/runcmd sh -ec cat </tmp/autopkgtest.ZAc9BH/autodep8-perl-stderr
autopkgtest-virt-qemu: DBG:  +> cat
autopkgtest-virt-qemu: DBG:  +>?
autopkgtest-virt-qemu: DBG:  +<?
autopkgtest: DBG: got reply from testbed: ok
autopkgtest [21:59:09]: test autodep8-perl:  - - - - - - - - - - results - - - - - - - - - -
autodep8-perl        PASS (superficial)
autopkgtest: DBG: sending command to testbed: copyup /tmp/autopkgtest.ZAc9BH/autodep8-perl-artifacts/ /home/minami/Documents/openkylin-riscv/test/liblog-any-perl/artifacts/
autopkgtest-virt-qemu: DBG: executing copyup /tmp/autopkgtest.ZAc9BH/autodep8-perl-artifacts/ /home/minami/Documents/openkylin-riscv/test/liblog-any-perl/artifacts/
autopkgtest-virt-qemu: DBG: ['cmdls', "(['/tmp/autopkgtest-qemu._2o03642/runcmd', 'sh', '-ec', 'cd /tmp/autopkgtest.ZAc9BH/autodep8-perl-artifacts/; tar --warning=none -c . -f -'], ['tar', '--directory', '/home/minami/Documents/openkylin-riscv/test/liblog-any-perl/artifacts/', '--warning=none', '--preserve-permissions', '--extract', '--no-same-owner', '-f', '-'])"]
autopkgtest-virt-qemu: DBG: ['srcstdin', "<_io.BufferedReader name='/dev/null'>", 'deststdout', "<_io.BufferedReader name='/dev/null'>", 'devnull_read', <_io.BufferedReader name='/dev/null'>]
autopkgtest-virt-qemu: DBG:  +< /tmp/autopkgtest-qemu._2o03642/runcmd sh -ec cd /tmp/autopkgtest.ZAc9BH/autodep8-perl-artifacts/; tar --warning=none -c . -f -
autopkgtest-virt-qemu: DBG:  +> tar --directory /home/minami/Documents/openkylin-riscv/test/liblog-any-perl/artifacts/ --warning=none --preserve-permissions --extract --no-same-owner -f -
autopkgtest-virt-qemu: DBG:  +>?
autopkgtest-virt-qemu: DBG:  +<?
autopkgtest: DBG: got reply from testbed: ok
autopkgtest: DBG: testbed command ['rm', '-rf', '/tmp/autopkgtest.ZAc9BH/autodep8-perl-artifacts', '/tmp/autopkgtest.ZAc9BH/autopkgtest_tmp'], kind short, sout raw, serr pipe, env []
autopkgtest: DBG: testbed command exited with code 0
autopkgtest [21:59:10]: test autodep8-perl-recommends: preparing testbed
autopkgtest: DBG: testbed reset: modified=False, deps_installed=['liblog-any-perl', 'pkg-perl-autopkgtest'], deps_new=['liblog-any-perl', 'pkg-perl-autopkgtest']
autopkgtest: DBG: Binaries: no registered binaries, not publishing anything
autopkgtest: DBG: install_deps: deps_new=['liblog-any-perl', 'pkg-perl-autopkgtest']
autopkgtest: DBG: install-deps: satisfying liblog-any-perl, pkg-perl-autopkgtest
autopkgtest: DBG: install-deps: architecture resolved: liblog-any-perl, pkg-perl-autopkgtest
autopkgtest: DBG: testbed command ['test', '-w', '/var/lib/dpkg/status'], kind short, sout raw, serr raw, env []
autopkgtest: DBG: testbed command exited with code 0
autopkgtest: DBG: can use apt-get on testbed: True
autopkgtest: DBG: testbed command ['mkdir', '-p', '/tmp/autopkgtest.ZAc9BH'], kind short, sout raw, serr pipe, env []
autopkgtest: DBG: testbed command exited with code 0
autopkgtest: DBG: sending command to testbed: copydown /home/minami/Documents/openkylin-riscv/test/liblog-any-perl/3-autopkgtest-satdep.deb /tmp/autopkgtest.ZAc9BH/3-autopkgtest-satdep.deb
autopkgtest-virt-qemu: DBG: executing copydown /home/minami/Documents/openkylin-riscv/test/liblog-any-perl/3-autopkgtest-satdep.deb /tmp/autopkgtest.ZAc9BH/3-autopkgtest-satdep.deb
autopkgtest-virt-qemu: DBG: ['cmdls', "(['cat'], ['/tmp/autopkgtest-qemu._2o03642/runcmd', 'sh', '-ec', 'cat >/tmp/autopkgtest.ZAc9BH/3-autopkgtest-satdep.deb'])"]
autopkgtest-virt-qemu: DBG: ['srcstdin', "<_io.BufferedReader name='/home/minami/Documents/openkylin-riscv/test/liblog-any-perl/3-autopkgtest-satdep.deb'>", 'deststdout', "<_io.BufferedReader name='/dev/null'>", 'devnull_read', <_io.BufferedReader name='/dev/null'>]
autopkgtest-virt-qemu: DBG:  +< cat
autopkgtest-virt-qemu: DBG:  +> /tmp/autopkgtest-qemu._2o03642/runcmd sh -ec cat >/tmp/autopkgtest.ZAc9BH/3-autopkgtest-satdep.deb
autopkgtest-virt-qemu: DBG:  +>?
autopkgtest-virt-qemu: DBG:  +<?
autopkgtest: DBG: got reply from testbed: ok
autopkgtest: DBG: testbed command ['chown', '-R', 'openkylin', '--', '/tmp/autopkgtest.ZAc9BH/3-autopkgtest-satdep.deb'], kind short, sout raw, serr pipe, env []
autopkgtest: DBG: testbed command exited with code 0
autopkgtest: DBG: testbed command ['dpkg', '--unpack', '/tmp/autopkgtest.ZAc9BH/3-autopkgtest-satdep.deb'], kind short, sout pipe, serr pipe, env []
autopkgtest: DBG: testbed command exited with code 0
autopkgtest: DBG: testbed command ['/bin/sh', '-ec', ' apt-get install --assume-yes --fix-broken -o APT::Status-Fd=3 -o APT::Install-Recommends=false -o Dpkg::Options::=--force-confnew -o Debug::pkgProblemResolver=true 3>&2 2>&1'], kind install, sout raw, serr pipe, env ['DEBIAN_FRONTEND=noninteractive', 'APT_LISTBUGS_FRONTEND=none', 'APT_LISTCHANGES_FRONTEND=none']
Reading package lists...
Building dependency tree...
Reading state information...
Starting pkgProblemResolver with broken count: 0
Starting 2 pkgProblemResolver with broken count: 0
Done
0 upgraded, 0 newly installed, 0 to remove and 1 not upgraded.
1 not fully installed or removed.
After this operation, 0 B of additional disk space will be used.
Setting up autopkgtest-satdep (0) ...
autopkgtest: DBG: testbed command exited with code 0
autopkgtest: DBG: testbed command ['dpkg-query', '--show', '-f', '${Status}', 'liblog-any-perl'], kind short, sout pipe, serr pipe, env []
autopkgtest: DBG: testbed command exited with code 0
autopkgtest: DBG: testbed command ['dpkg', '--status', 'autopkgtest-satdep'], kind short, sout pipe, serr pipe, env []
autopkgtest: DBG: testbed command exited with code 0
autopkgtest: DBG: testbed command ['apt-get', '--simulate', '--quiet', '-o', 'APT::Get::Show-User-Simulation-Note=False', '--auto-remove', 'purge', 'autopkgtest-satdep'], kind short, sout pipe, serr pipe, env []
autopkgtest: DBG: testbed command exited with code 0
autopkgtest: DBG: testbed command ['dpkg', '--purge', 'autopkgtest-satdep'], kind short, sout raw, serr raw, env []
(Reading database ... 160937 files and directories currently installed.)
Removing autopkgtest-satdep (0) ...
autopkgtest: DBG: testbed command exited with code 0
autopkgtest: DBG: testbed command ['sh', '-ec', 'command -v dpkg-query'], kind short, sout pipe, serr pipe, env []
autopkgtest: DBG: testbed command exited with code 0
autopkgtest: DBG: testbed command ['sh', '-ec', "dpkg-query --show -f '${Package}\\t${Version}\\n' > /tmp/autopkgtest.ZAc9BH/autodep8-perl-recommends-packages.all"], kind short, sout raw, serr pipe, env []
autopkgtest: DBG: testbed command exited with code 0
autopkgtest: DBG: sending command to testbed: copyup /tmp/autopkgtest.ZAc9BH/autodep8-perl-recommends-packages.all /home/minami/Documents/openkylin-riscv/test/liblog-any-perl/autodep8-perl-recommends-packages.all
autopkgtest-virt-qemu: DBG: executing copyup /tmp/autopkgtest.ZAc9BH/autodep8-perl-recommends-packages.all /home/minami/Documents/openkylin-riscv/test/liblog-any-perl/autodep8-perl-recommends-packages.all
autopkgtest-virt-qemu: DBG: ['cmdls', "(['/tmp/autopkgtest-qemu._2o03642/runcmd', 'sh', '-ec', 'cat </tmp/autopkgtest.ZAc9BH/autodep8-perl-recommends-packages.all'], ['cat'])"]
autopkgtest-virt-qemu: DBG: ['srcstdin', "<_io.BufferedReader name='/dev/null'>", 'deststdout', "<_io.BufferedWriter name='/home/minami/Documents/openkylin-riscv/test/liblog-any-perl/autodep8-perl-recommends-packages.all'>", 'devnull_read', <_io.BufferedReader name='/dev/null'>]
autopkgtest-virt-qemu: DBG:  +< /tmp/autopkgtest-qemu._2o03642/runcmd sh -ec cat </tmp/autopkgtest.ZAc9BH/autodep8-perl-recommends-packages.all
autopkgtest-virt-qemu: DBG:  +> cat
autopkgtest-virt-qemu: DBG:  +>?
autopkgtest-virt-qemu: DBG:  +<?
autopkgtest: DBG: got reply from testbed: ok
autopkgtest: DBG: testbed command ['test', '-e', '/tmp/autopkgtest.ZAc9BH/build.nmD/src'], kind short, sout raw, serr raw, env []
autopkgtest: DBG: testbed command exited with code 0
autopkgtest: DBG: copydown: tb path /tmp/autopkgtest.ZAc9BH/build.nmD/src already exists
autopkgtest [21:59:38]: test autodep8-perl-recommends: /usr/share/pkg-perl-autopkgtest/runner runtime-deps-and-recommends
autopkgtest [21:59:38]: test autodep8-perl-recommends: [-----------------------
autopkgtest: DBG: testbed command ['su', '-s', '/bin/bash', 'openkylin', '-c', 'set -e; export USER=`id -nu`; . /etc/profile >/dev/null 2>&1 || true;  . ~/.profile >/dev/null 2>&1 || true; buildtree="/tmp/autopkgtest.ZAc9BH/build.nmD/src"; mkdir -p -m 1777 -- "/tmp/autopkgtest.ZAc9BH/autodep8-perl-recommends-artifacts"; export AUTOPKGTEST_ARTIFACTS="/tmp/autopkgtest.ZAc9BH/autodep8-perl-recommends-artifacts"; export ADT_ARTIFACTS="$AUTOPKGTEST_ARTIFACTS"; mkdir -p -m 755 "/tmp/autopkgtest.ZAc9BH/autopkgtest_tmp"; export AUTOPKGTEST_TMP="/tmp/autopkgtest.ZAc9BH/autopkgtest_tmp"; export ADTTMP="$AUTOPKGTEST_TMP"; export DEBIAN_FRONTEND=noninteractive; export LANG=C.UTF-8; export DEB_BUILD_OPTIONS=parallel=8; unset LANGUAGE LC_CTYPE LC_NUMERIC LC_TIME LC_COLLATE   LC_MONETARY LC_MESSAGES LC_PAPER LC_NAME LC_ADDRESS   LC_TELEPHONE LC_MEASUREMENT LC_IDENTIFICATION LC_ALL;cd "$buildtree"; exec /tmp/autopkgtest.ZAc9BH/wrapper.sh --script-pid-file=/tmp/autopkgtest_script_pid --stderr=/tmp/autopkgtest.ZAc9BH/autodep8-perl-recommends-stderr --stdout=/tmp/autopkgtest.ZAc9BH/autodep8-perl-recommends-stdout -- bash -ec \'/usr/share/pkg-perl-autopkgtest/runner runtime-deps-and-recommends\' ;'], kind test, sout raw, serr raw, env []
/usr/share/pkg-perl-autopkgtest/runtime-deps-and-recommends.d/syntax.t .. 
1..4
ok 1 - Package liblog-any-perl is known to dpkg
ok 2 - Got status information for package liblog-any-perl
ok 3 - Got file list for package liblog-any-perl
# Subtest: all modules in liblog-any-perl pass the syntax check
    1..17
    ok 1 - /usr/bin/perl -wc /usr/share/perl5/Log/Any/Adapter/Base.pm exited successfully
    ok 2 - /usr/bin/perl -wc /usr/share/perl5/Log/Any/Adapter/Capture.pm exited successfully
    ok 3 - /usr/bin/perl -wc /usr/share/perl5/Log/Any/Adapter/File.pm exited successfully
    ok 4 - /usr/bin/perl -wc /usr/share/perl5/Log/Any/Adapter/Multiplex.pm exited successfully
    ok 5 - /usr/bin/perl -wc /usr/share/perl5/Log/Any/Adapter/Null.pm exited successfully
    ok 6 - /usr/bin/perl -wc /usr/share/perl5/Log/Any/Adapter/Stderr.pm exited successfully
    ok 7 - /usr/bin/perl -wc /usr/share/perl5/Log/Any/Adapter/Stdout.pm exited successfully
    ok 8 - /usr/bin/perl -wc /usr/share/perl5/Log/Any/Adapter/Syslog.pm exited successfully
    ok 9 - /usr/bin/perl -wc /usr/share/perl5/Log/Any/Adapter/Test.pm exited successfully
    ok 10 - /usr/bin/perl -wc /usr/share/perl5/Log/Any/Adapter/Util.pm exited successfully
    ok 11 - /usr/bin/perl -wc /usr/share/perl5/Log/Any/Adapter.pm exited successfully
    ok 12 - /usr/bin/perl -wc /usr/share/perl5/Log/Any/Manager.pm exited successfully
    # Subroutine new redefined at /usr/share/perl5/Log/Any/Proxy/Null.pm line 17.
    # Subroutine inflate_nulls redefined at /usr/share/perl5/Log/Any/Proxy/Null.pm line 23.
    ok 13 - /usr/bin/perl -wc /usr/share/perl5/Log/Any/Proxy/Null.pm exited successfully
    ok 14 - /usr/bin/perl -wc /usr/share/perl5/Log/Any/Proxy/Test.pm exited successfully
    # Subroutine _stringify_params redefined at /usr/share/perl5/Log/Any/Proxy.pm line 13.
    # Subroutine _default_formatter redefined at /usr/share/perl5/Log/Any/Proxy.pm line 28.
    # Subroutine new redefined at /usr/share/perl5/Log/Any/Proxy.pm line 43.
    # Subroutine clone redefined at /usr/share/perl5/Log/Any/Proxy.pm line 63.
    # Subroutine init redefined at /usr/share/perl5/Log/Any/Proxy.pm line 68.
    ok 15 - /usr/bin/perl -wc /usr/share/perl5/Log/Any/Proxy.pm exited successfully
    ok 16 - /usr/bin/perl -wc /usr/share/perl5/Log/Any/Test.pm exited successfully
    # Subroutine _manager redefined at /usr/share/perl5/Log/Any.pm line 29.
    # Subroutine has_consumer redefined at /usr/share/perl5/Log/Any.pm line 30.
    # Subroutine import redefined at /usr/share/perl5/Log/Any.pm line 33.
    # Subroutine _export_to_caller redefined at /usr/share/perl5/Log/Any.pm line 41.
    # Subroutine get_logger redefined at /usr/share/perl5/Log/Any.pm line 72.
    # Subroutine _get_proxy_class redefined at /usr/share/perl5/Log/Any.pm line 104.
    # Subroutine set_adapter redefined at /usr/share/perl5/Log/Any.pm line 119.
    ok 17 - /usr/bin/perl -wc /usr/share/perl5/Log/Any.pm exited successfully
ok 4 - all modules in liblog-any-perl pass the syntax check
ok
All tests successful.
Files=1, Tests=4, 11 wallclock secs ( 0.35 usr  0.11 sys +  7.61 cusr  2.19 csys = 10.26 CPU)
Result: PASS
autopkgtest: DBG: testbed command exited with code 0
autopkgtest [21:59:54]: test autodep8-perl-recommends: -----------------------]
autopkgtest: DBG: testbed executing test finished with exit status 0
autopkgtest: DBG: sending command to testbed: copyup /tmp/autopkgtest.ZAc9BH/autodep8-perl-recommends-stdout /home/minami/Documents/openkylin-riscv/test/liblog-any-perl/autodep8-perl-recommends-stdout
autopkgtest-virt-qemu: DBG: executing copyup /tmp/autopkgtest.ZAc9BH/autodep8-perl-recommends-stdout /home/minami/Documents/openkylin-riscv/test/liblog-any-perl/autodep8-perl-recommends-stdout
autopkgtest-virt-qemu: DBG: ['cmdls', "(['/tmp/autopkgtest-qemu._2o03642/runcmd', 'sh', '-ec', 'cat </tmp/autopkgtest.ZAc9BH/autodep8-perl-recommends-stdout'], ['cat'])"]
autopkgtest-virt-qemu: DBG: ['srcstdin', "<_io.BufferedReader name='/dev/null'>", 'deststdout', "<_io.BufferedWriter name='/home/minami/Documents/openkylin-riscv/test/liblog-any-perl/autodep8-perl-recommends-stdout'>", 'devnull_read', <_io.BufferedReader name='/dev/null'>]
autopkgtest-virt-qemu: DBG:  +< /tmp/autopkgtest-qemu._2o03642/runcmd sh -ec cat </tmp/autopkgtest.ZAc9BH/autodep8-perl-recommends-stdout
autopkgtest-virt-qemu: DBG:  +> cat
autopkgtest-virt-qemu: DBG:  +>?
autopkgtest-virt-qemu: DBG:  +<?
autopkgtest: DBG: got reply from testbed: ok
autopkgtest: DBG: sending command to testbed: copyup /tmp/autopkgtest.ZAc9BH/autodep8-perl-recommends-stderr /home/minami/Documents/openkylin-riscv/test/liblog-any-perl/autodep8-perl-recommends-stderr
autopkgtest-virt-qemu: DBG: executing copyup /tmp/autopkgtest.ZAc9BH/autodep8-perl-recommends-stderr /home/minami/Documents/openkylin-riscv/test/liblog-any-perl/autodep8-perl-recommends-stderr
autopkgtest-virt-qemu: DBG: ['cmdls', "(['/tmp/autopkgtest-qemu._2o03642/runcmd', 'sh', '-ec', 'cat </tmp/autopkgtest.ZAc9BH/autodep8-perl-recommends-stderr'], ['cat'])"]
autopkgtest-virt-qemu: DBG: ['srcstdin', "<_io.BufferedReader name='/dev/null'>", 'deststdout', "<_io.BufferedWriter name='/home/minami/Documents/openkylin-riscv/test/liblog-any-perl/autodep8-perl-recommends-stderr'>", 'devnull_read', <_io.BufferedReader name='/dev/null'>]
autopkgtest-virt-qemu: DBG:  +< /tmp/autopkgtest-qemu._2o03642/runcmd sh -ec cat </tmp/autopkgtest.ZAc9BH/autodep8-perl-recommends-stderr
autopkgtest-virt-qemu: DBG:  +> cat
autopkgtest-virt-qemu: DBG:  +>?
autopkgtest-virt-qemu: DBG:  +<?
autopkgtest: DBG: got reply from testbed: ok
autopkgtest [21:59:55]: test autodep8-perl-recommends:  - - - - - - - - - - results - - - - - - - - - -
autodep8-perl-recommends PASS (superficial)
autopkgtest: DBG: sending command to testbed: copyup /tmp/autopkgtest.ZAc9BH/autodep8-perl-recommends-artifacts/ /home/minami/Documents/openkylin-riscv/test/liblog-any-perl/artifacts/
autopkgtest-virt-qemu: DBG: executing copyup /tmp/autopkgtest.ZAc9BH/autodep8-perl-recommends-artifacts/ /home/minami/Documents/openkylin-riscv/test/liblog-any-perl/artifacts/
autopkgtest-virt-qemu: DBG: ['cmdls', "(['/tmp/autopkgtest-qemu._2o03642/runcmd', 'sh', '-ec', 'cd /tmp/autopkgtest.ZAc9BH/autodep8-perl-recommends-artifacts/; tar --warning=none -c . -f -'], ['tar', '--directory', '/home/minami/Documents/openkylin-riscv/test/liblog-any-perl/artifacts/', '--warning=none', '--preserve-permissions', '--extract', '--no-same-owner', '-f', '-'])"]
autopkgtest-virt-qemu: DBG: ['srcstdin', "<_io.BufferedReader name='/dev/null'>", 'deststdout', "<_io.BufferedReader name='/dev/null'>", 'devnull_read', <_io.BufferedReader name='/dev/null'>]
autopkgtest-virt-qemu: DBG:  +< /tmp/autopkgtest-qemu._2o03642/runcmd sh -ec cd /tmp/autopkgtest.ZAc9BH/autodep8-perl-recommends-artifacts/; tar --warning=none -c . -f -
autopkgtest-virt-qemu: DBG:  +> tar --directory /home/minami/Documents/openkylin-riscv/test/liblog-any-perl/artifacts/ --warning=none --preserve-permissions --extract --no-same-owner -f -
autopkgtest-virt-qemu: DBG:  +>?
autopkgtest-virt-qemu: DBG:  +<?
autopkgtest: DBG: got reply from testbed: ok
autopkgtest: DBG: testbed command ['rm', '-rf', '/tmp/autopkgtest.ZAc9BH/autodep8-perl-recommends-artifacts', '/tmp/autopkgtest.ZAc9BH/autopkgtest_tmp'], kind short, sout raw, serr pipe, env []
autopkgtest: DBG: testbed command exited with code 0
autopkgtest: DBG: needs_reset, previously=False, requested by run_tests() line 208
autopkgtest [21:59:56]: @@@@@@@@@@@@@@@@@@@@ summary
autodep8-perl-build-deps PASS
autodep8-perl        PASS (superficial)
autodep8-perl-recommends PASS (superficial)
autopkgtest: DBG: testbed stop
autopkgtest: DBG: testbed close, scratch=/tmp/autopkgtest.ZAc9BH
autopkgtest: DBG: sending command to testbed: close
autopkgtest-virt-qemu: DBG: executing close
autopkgtest-virt-qemu: DBG: cleanup...
qemu-system-riscv64: terminating on signal 15 from pid 117866 (/usr/bin/python3)
autopkgtest: DBG: got reply from testbed: ok
autopkgtest: DBG: sending command to testbed: quit
autopkgtest-virt-qemu: DBG: executing quit
autopkgtest-virt-qemu: DBG: cleanup...
