t/bignum.t .................. 
1..64
ok 1
ok 2
ok 3
ok 4
ok 5
ok 6
ok 7
ok 8
ok 9
ok 10
ok 11
ok 12
ok 13
ok 14
ok 15
ok 16
ok 17
ok 18
ok 19
ok 20
ok 21
ok 22
ok 23
ok 24
ok 25
ok 26
ok 27
ok 28
ok 29
ok 30
ok 31
ok 32
ok 33
ok 34
ok 35
ok 36
ok 37
ok 38
ok 39
ok 40
ok 41
ok 42
ok 43
ok 44
ok 45
ok 46
ok 47
ok 48
ok 49
ok 50
ok 51
ok 52
ok 53
ok 54
ok 55
ok 56
ok 57
ok 58
ok 59
ok 60
ok 61
ok 62
ok 63
ok 64
ok
t/format.t .................. 
1..10
# Running under perl version 5.030000 for linux
# Current time local: Sun Feb 19 11:11:22 2023
# Current time GMT:   Sun Feb 19 11:11:22 2023
# Using Test.pm version 1.31
ok 1
ok 2
ok 3
ok 4
ok 5
ok 6
ok 7
ok 8
ok 9
ok 10
ok
t/rsa.t ..................... 
1..63
ok 1
ok 2
ok 3
ok 4
ok 5
ok 6
ok 7
ok 8
ok 9
ok 10
ok 11
ok 12
ok 13
ok 14
ok 15
ok 16
ok 17
ok 18
ok 19
ok 20
ok 21
ok 22
ok 23
ok 24 - /Public keys cannot decrypt/
ok 25 - /Public keys cannot be checked/
ok 26 - /Public keys cannot private_encrypt/
ok 27 - /Public keys cannot sign messages/
ok 28
ok 29
ok 30
ok 31
ok 32
ok 33
ok 34
ok 35
ok 36
ok 37
ok 38
ok 39
ok 40
ok 41
ok 42
ok 43
ok 44
ok 45
ok 46
ok 47
ok 48
ok 49
ok 50
ok 51
ok 52
ok 53
ok 54
ok 55
ok 56
ok 57
ok 58
ok 59
ok 60
ok 61
ok 62
ok 63
ok
t/sig_die.t ................. 
1..1
ok 1 - outer $SIG{__DIE__} handler not called
ok
t/z_kwalitee.t .............. skipped: This test is only run for the module author
t/z_meta.t .................. skipped: This test is only run for the module author
t/z_perl_minimum_version.t .. skipped: Author tests not required for installation
All tests successful.
Files=7, Tests=138,  7 wallclock secs ( 0.50 usr  0.19 sys +  5.47 cusr  1.74 csys =  7.90 CPU)
Result: PASS
