t/basic.t ..... 
ok 1
ok 2
ok 3
1..3
ok
t/data.t ...... 
ok 1
1..1
ok
t/no-datat.t .. 
ok 1 - Do not die.
1..1
ok
t/pkg_oo.t .... 
ok 1
ok 2
ok 3
1..3
ok
All tests successful.
Files=4, Tests=8,  4 wallclock secs ( 0.31 usr  0.17 sys +  3.05 cusr  1.15 csys =  4.68 CPU)
Result: PASS
