autopkgtest: DBG: testbed init
autopkgtest [21:12:32]: starting date and time: 2023-02-23 21:12:32+0800
autopkgtest [21:12:32]: version 5.28
autopkgtest [21:12:32]: host debian; command line: /usr/bin/autopkgtest /home/minami/Documents/openkylin-riscv/src/liblist-someutils-perl_0.58-ok2.dsc -o /home/minami/Documents/openkylin-riscv/test/liblist-someutils-perl -d -B -- qemu -u root -p openkylin --qemu-architecture=riscv64 -c 8 --ram-size=8192 -d '--qemu-options=-machine virt -kernel /home/minami/Documents/ukylin/u-boot.bin' /home/minami/Documents/openkylin-riscv/update.qcow2
autopkgtest: DBG: got reply from testbed: ok
autopkgtest: DBG: testbed open, scratch=None
autopkgtest: DBG: sending command to testbed: open
autopkgtest-virt-qemu: DBG: executing open
autopkgtest-virt-qemu: DBG: find_free_port: trying 10022
autopkgtest-virt-qemu: DBG: find_free_port: 10022 is free
autopkgtest-virt-qemu: DBG: autopkgtest does not know how to boot this machine, hopefully nothing special needs to be done?
autopkgtest-virt-qemu: DBG: qemu architecture: riscv64
autopkgtest-virt-qemu: DBG: qemu command: qemu-system-riscv64
autopkgtest-virt-qemu: DBG: execute-timeout: qemu-img info --output=json /home/minami/Documents/openkylin-riscv/update.qcow2
autopkgtest-virt-qemu: DBG: Creating temporary overlay image in /tmp/autopkgtest-qemu.cj_1iob5/overlay.img
autopkgtest-virt-qemu: DBG: execute-timeout: qemu-img create -f qcow2 -F qcow2 -b /home/minami/Documents/openkylin-riscv/update.qcow2 /tmp/autopkgtest-qemu.cj_1iob5/overlay.img
autopkgtest-virt-qemu: DBG: Forwarding local port 10022 to VM ssh port 22
autopkgtest-virt-qemu: DBG: Assuming nothing special needs to be done to set up firmware to boot this machine (boot method: none)
autopkgtest-virt-qemu: DBG: full qemu command-line: ['qemu-system-riscv64', '-m', '8192', '-smp', '8', '-nographic', '-device', 'virtio-net-device,netdev=usernet', '-netdev', 'user,id=usernet,hostfwd=tcp:127.0.0.1:10022-:22', '-object', 'rng-random,filename=/dev/urandom,id=rng0', '-device', 'virtio-rng-pci,rng=rng0,id=rng-device0', '-monitor', 'unix:/tmp/autopkgtest-qemu.cj_1iob5/monitor,server=on,wait=off', '-virtfs', 'local,id=autopkgtest,path=/tmp/autopkgtest-qemu.cj_1iob5/shared,security_model=none,mount_tag=autopkgtest', '-device', 'virtio-serial', '-chardev', 'socket,path=/tmp/autopkgtest-qemu.cj_1iob5/hvc0,server=on,wait=off,id=hvc0', '-device', 'virtconsole,chardev=hvc0', '-chardev', 'socket,path=/tmp/autopkgtest-qemu.cj_1iob5/hvc1,server=on,wait=off,id=hvc1', '-device', 'virtconsole,chardev=hvc1', '-serial', 'unix:/tmp/autopkgtest-qemu.cj_1iob5/ttyS0,server=on,wait=off', '-drive', 'index=0,file=/tmp/autopkgtest-qemu.cj_1iob5/overlay.img,format=qcow2,cache=unsafe,if=virtio,discard=unmap', '-machine', 'virt', '-kernel', '/home/minami/Documents/ukylin/u-boot.bin']
autopkgtest-virt-qemu: DBG: expect: b' login: '
autopkgtest-virt-qemu: DBG: expect: found "'login prompt on serial console'"
autopkgtest-virt-qemu: DBG: expect: b'ok'
autopkgtest-virt-qemu: DBG: expect: found "b'ok'"
autopkgtest-virt-qemu: DBG: setup_shell(): there already is a shell on hvc1
qemu-system-riscv64: warning: 9p: degraded performance: a reasonable high msize should be chosen on client/guest side (chosen msize is <= 8192). See https://wiki.qemu.org/Documentation/9psetup#msize for details.
autopkgtest-virt-qemu: DBG: expect: b'0544dfba-0212-46be-b75f-2f0d9ec8ce61[1]'
autopkgtest-virt-qemu: DBG: expect: found "b'0544dfba-0212-46be-b75f-2f0d9ec8ce61[1]'"
autopkgtest-virt-qemu: DBG: expect: b'0544dfba-0212-46be-b75f-2f0d9ec8ce61[2]'
autopkgtest-virt-qemu: DBG: expect: found "b'0544dfba-0212-46be-b75f-2f0d9ec8ce61[2]'"
autopkgtest-virt-qemu: DBG: expect: b'0544dfba-0212-46be-b75f-2f0d9ec8ce61[3]'
autopkgtest-virt-qemu: DBG: expect: found "b'0544dfba-0212-46be-b75f-2f0d9ec8ce61[3]'"
autopkgtest-virt-qemu: DBG: expect: b'/python'
autopkgtest-virt-qemu: DBG: expect: found "b'/python'"
autopkgtest-virt-qemu: DBG: expect: b'# '
autopkgtest-virt-qemu: DBG: expect: found "b'# '"
autopkgtest-virt-qemu: DBG: expect: b'0544dfba-0212-46be-b75f-2f0d9ec8ce61[4]'
autopkgtest-virt-qemu: DBG: expect: found "b'0544dfba-0212-46be-b75f-2f0d9ec8ce61[4]'"
autopkgtest-virt-qemu: DBG: execute-timeout: /tmp/autopkgtest-qemu.cj_1iob5/runcmd true
autopkgtest-virt-qemu: DBG: can connect to autopkgtest sh in VM
autopkgtest-virt-qemu: DBG: expect: b'0544dfba-0212-46be-b75f-2f0d9ec8ce61[5]'
autopkgtest-virt-qemu: DBG: expect: found "b'0544dfba-0212-46be-b75f-2f0d9ec8ce61[5]'"
autopkgtest-virt-qemu: DBG: determine_normal_user: got user "openkylin"
autopkgtest-virt-qemu: DBG: auxverb = ['/tmp/autopkgtest-qemu.cj_1iob5/runcmd'], downtmp = None
autopkgtest-virt-qemu: DBG: execute-timeout: /tmp/autopkgtest-qemu.cj_1iob5/runcmd mktemp --directory --tmpdir autopkgtest.XXXXXX
autopkgtest-virt-qemu: DBG: execute-timeout: /tmp/autopkgtest-qemu.cj_1iob5/runcmd chmod 1777 /tmp/autopkgtest.IpZve4
autopkgtest: DBG: got reply from testbed: ok /tmp/autopkgtest.IpZve4
autopkgtest: DBG: sending command to testbed: print-execute-command
autopkgtest-virt-qemu: DBG: executing print-execute-command
autopkgtest: DBG: got reply from testbed: ok /tmp/autopkgtest-qemu.cj_1iob5/runcmd
autopkgtest: DBG: sending command to testbed: capabilities
autopkgtest-virt-qemu: DBG: executing capabilities
autopkgtest: DBG: got reply from testbed: ok isolation-machine reboot revert revert-full-system root-on-testbed suggested-normal-user=openkylin
autopkgtest: DBG: testbed capabilities: ['isolation-machine', 'reboot', 'revert', 'revert-full-system', 'root-on-testbed', 'suggested-normal-user=openkylin', 'has_internet']
autopkgtest: DBG: testbed command ['mkdir', '-p', '/tmp/autopkgtest.IpZve4'], kind short, sout raw, serr pipe, env []
autopkgtest: DBG: testbed command exited with code 0
autopkgtest: DBG: sending command to testbed: copydown /usr/share/autopkgtest/lib/in-testbed/wrapper.sh /tmp/autopkgtest.IpZve4/wrapper.sh
autopkgtest-virt-qemu: DBG: executing copydown /usr/share/autopkgtest/lib/in-testbed/wrapper.sh /tmp/autopkgtest.IpZve4/wrapper.sh
autopkgtest-virt-qemu: DBG: ['cmdls', "(['cat'], ['/tmp/autopkgtest-qemu.cj_1iob5/runcmd', 'sh', '-ec', 'cat >/tmp/autopkgtest.IpZve4/wrapper.sh; chmod +x -- /tmp/autopkgtest.IpZve4/wrapper.sh'])"]
autopkgtest-virt-qemu: DBG: ['srcstdin', "<_io.BufferedReader name='/usr/share/autopkgtest/lib/in-testbed/wrapper.sh'>", 'deststdout', "<_io.BufferedReader name='/dev/null'>", 'devnull_read', <_io.BufferedReader name='/dev/null'>]
autopkgtest-virt-qemu: DBG:  +< cat
autopkgtest-virt-qemu: DBG:  +> /tmp/autopkgtest-qemu.cj_1iob5/runcmd sh -ec cat >/tmp/autopkgtest.IpZve4/wrapper.sh; chmod +x -- /tmp/autopkgtest.IpZve4/wrapper.sh
autopkgtest-virt-qemu: DBG:  +>?
autopkgtest-virt-qemu: DBG:  +<?
autopkgtest: DBG: got reply from testbed: ok
autopkgtest: DBG: testbed command ['chmod', '-R', '0755', '--', '/tmp/autopkgtest.IpZve4/wrapper.sh'], kind short, sout raw, serr pipe, env []
autopkgtest: DBG: testbed command exited with code 0
autopkgtest: DBG: testbed command ['dpkg', '--print-architecture'], kind short, sout pipe, serr pipe, env []
autopkgtest: DBG: testbed command exited with code 0
autopkgtest [21:13:29]: testbed dpkg architecture: riscv64
autopkgtest: DBG: testbed command ['sh', '-ec', 'command -v eatmydata'], kind short, sout pipe, serr pipe, env []
autopkgtest: DBG: testbed command exited with code 127
autopkgtest: DBG: testbed command ['sh', '-ec', 'command -v dpkg-query'], kind short, sout pipe, serr pipe, env []
autopkgtest: DBG: testbed command exited with code 0
autopkgtest: DBG: testbed command ['sh', '-ec', "dpkg-query --show -f '${Package}\\t${Version}\\n' > /tmp/autopkgtest.IpZve4/testbed-packages"], kind short, sout raw, serr pipe, env []
autopkgtest: DBG: testbed command exited with code 0
autopkgtest: DBG: sending command to testbed: copyup /tmp/autopkgtest.IpZve4/testbed-packages /home/minami/Documents/openkylin-riscv/test/liblist-someutils-perl/testbed-packages
autopkgtest-virt-qemu: DBG: executing copyup /tmp/autopkgtest.IpZve4/testbed-packages /home/minami/Documents/openkylin-riscv/test/liblist-someutils-perl/testbed-packages
autopkgtest-virt-qemu: DBG: ['cmdls', "(['/tmp/autopkgtest-qemu.cj_1iob5/runcmd', 'sh', '-ec', 'cat </tmp/autopkgtest.IpZve4/testbed-packages'], ['cat'])"]
autopkgtest-virt-qemu: DBG: ['srcstdin', "<_io.BufferedReader name='/dev/null'>", 'deststdout', "<_io.BufferedWriter name='/home/minami/Documents/openkylin-riscv/test/liblist-someutils-perl/testbed-packages'>", 'devnull_read', <_io.BufferedReader name='/dev/null'>]
autopkgtest-virt-qemu: DBG:  +< /tmp/autopkgtest-qemu.cj_1iob5/runcmd sh -ec cat </tmp/autopkgtest.IpZve4/testbed-packages
autopkgtest-virt-qemu: DBG:  +> cat
autopkgtest-virt-qemu: DBG:  +>?
autopkgtest-virt-qemu: DBG:  +<?
autopkgtest: DBG: got reply from testbed: ok
autopkgtest: DBG: testbed supports reboot, creating /tmp/autopkgtest-reboot
autopkgtest: DBG: testbed command ['mkdir', '-p', '/tmp/autopkgtest.IpZve4'], kind short, sout raw, serr pipe, env []
autopkgtest: DBG: testbed command exited with code 0
autopkgtest: DBG: sending command to testbed: copydown /usr/share/autopkgtest/lib/in-testbed/reboot.sh /tmp/autopkgtest.IpZve4/autopkgtest-reboot
autopkgtest-virt-qemu: DBG: executing copydown /usr/share/autopkgtest/lib/in-testbed/reboot.sh /tmp/autopkgtest.IpZve4/autopkgtest-reboot
autopkgtest-virt-qemu: DBG: ['cmdls', "(['cat'], ['/tmp/autopkgtest-qemu.cj_1iob5/runcmd', 'sh', '-ec', 'cat >/tmp/autopkgtest.IpZve4/autopkgtest-reboot; chmod +x -- /tmp/autopkgtest.IpZve4/autopkgtest-reboot'])"]
autopkgtest-virt-qemu: DBG: ['srcstdin', "<_io.BufferedReader name='/usr/share/autopkgtest/lib/in-testbed/reboot.sh'>", 'deststdout', "<_io.BufferedReader name='/dev/null'>", 'devnull_read', <_io.BufferedReader name='/dev/null'>]
autopkgtest-virt-qemu: DBG:  +< cat
autopkgtest-virt-qemu: DBG:  +> /tmp/autopkgtest-qemu.cj_1iob5/runcmd sh -ec cat >/tmp/autopkgtest.IpZve4/autopkgtest-reboot; chmod +x -- /tmp/autopkgtest.IpZve4/autopkgtest-reboot
autopkgtest-virt-qemu: DBG:  +>?
autopkgtest-virt-qemu: DBG:  +<?
autopkgtest: DBG: got reply from testbed: ok
autopkgtest: DBG: testbed command ['chmod', '-R', '0755', '--', '/tmp/autopkgtest.IpZve4/autopkgtest-reboot'], kind short, sout raw, serr pipe, env []
autopkgtest: DBG: testbed command exited with code 0
autopkgtest: DBG: testbed command ['ln', '-fns', '/tmp/autopkgtest.IpZve4/autopkgtest-reboot', '/tmp/autopkgtest-reboot'], kind short, sout raw, serr pipe, env []
autopkgtest: DBG: testbed command exited with code 0
autopkgtest: DBG: testbed command ['ln', '-fns', '/tmp/autopkgtest.IpZve4/autopkgtest-reboot', '/sbin/autopkgtest-reboot'], kind short, sout raw, serr pipe, env []
autopkgtest: DBG: testbed command exited with code 0
autopkgtest: DBG: testbed command ['mkdir', '-p', '/tmp/autopkgtest.IpZve4'], kind short, sout raw, serr pipe, env []
autopkgtest: DBG: testbed command exited with code 0
autopkgtest: DBG: sending command to testbed: copydown /usr/share/autopkgtest/lib/in-testbed/reboot-prepare.sh /tmp/autopkgtest.IpZve4/autopkgtest-reboot-prepare
autopkgtest-virt-qemu: DBG: executing copydown /usr/share/autopkgtest/lib/in-testbed/reboot-prepare.sh /tmp/autopkgtest.IpZve4/autopkgtest-reboot-prepare
autopkgtest-virt-qemu: DBG: ['cmdls', "(['cat'], ['/tmp/autopkgtest-qemu.cj_1iob5/runcmd', 'sh', '-ec', 'cat >/tmp/autopkgtest.IpZve4/autopkgtest-reboot-prepare; chmod +x -- /tmp/autopkgtest.IpZve4/autopkgtest-reboot-prepare'])"]
autopkgtest-virt-qemu: DBG: ['srcstdin', "<_io.BufferedReader name='/usr/share/autopkgtest/lib/in-testbed/reboot-prepare.sh'>", 'deststdout', "<_io.BufferedReader name='/dev/null'>", 'devnull_read', <_io.BufferedReader name='/dev/null'>]
autopkgtest-virt-qemu: DBG:  +< cat
autopkgtest-virt-qemu: DBG:  +> /tmp/autopkgtest-qemu.cj_1iob5/runcmd sh -ec cat >/tmp/autopkgtest.IpZve4/autopkgtest-reboot-prepare; chmod +x -- /tmp/autopkgtest.IpZve4/autopkgtest-reboot-prepare
autopkgtest-virt-qemu: DBG:  +>?
autopkgtest-virt-qemu: DBG:  +<?
autopkgtest: DBG: got reply from testbed: ok
autopkgtest: DBG: testbed command ['chmod', '-R', '0755', '--', '/tmp/autopkgtest.IpZve4/autopkgtest-reboot-prepare'], kind short, sout raw, serr pipe, env []
autopkgtest: DBG: testbed command exited with code 0
autopkgtest: DBG: testbed command ['ln', '-fns', '/tmp/autopkgtest.IpZve4/autopkgtest-reboot-prepare', '/tmp/autopkgtest-reboot-prepare'], kind short, sout raw, serr pipe, env []
autopkgtest: DBG: testbed command exited with code 0
autopkgtest: DBG: testbed command ['uname', '-srv'], kind short, sout pipe, serr pipe, env []
autopkgtest: DBG: testbed command exited with code 0
autopkgtest [21:13:40]: testbed running kernel: Linux 5.11.0-1030-generic #34 SMP Fri Mar 11 15:27:17 CST 2022
autopkgtest: DBG: testbed command ['sh', '-c', 'nproc; cat /proc/cpuinfo 2>/dev/null || true'], kind short, sout pipe, serr pipe, env []
autopkgtest: DBG: testbed command exited with code 0
autopkgtest: DBG: Binaries: initialising
autopkgtest [21:13:40]: @@@@@@@@@@@@@@@@@@@@ source /home/minami/Documents/openkylin-riscv/src/liblist-someutils-perl_0.58-ok2.dsc
autopkgtest: DBG: blame += /home/minami/Documents/openkylin-riscv/src/liblist-someutils-perl_0.58-ok2.dsc
autopkgtest: DBG: testbed reset: modified=False, deps_installed=[], deps_new=[]
autopkgtest: DBG: testbed command ['mkdir', '-p', '/tmp/autopkgtest.IpZve4'], kind short, sout raw, serr pipe, env []
autopkgtest: DBG: testbed command exited with code 0
autopkgtest: DBG: sending command to testbed: copydown /home/minami/Documents/openkylin-riscv/src/liblist-someutils-perl_0.58-ok2.dsc /tmp/autopkgtest.IpZve4/liblist-someutils-perl_0.58-ok2.dsc
autopkgtest-virt-qemu: DBG: executing copydown /home/minami/Documents/openkylin-riscv/src/liblist-someutils-perl_0.58-ok2.dsc /tmp/autopkgtest.IpZve4/liblist-someutils-perl_0.58-ok2.dsc
autopkgtest-virt-qemu: DBG: ['cmdls', "(['cat'], ['/tmp/autopkgtest-qemu.cj_1iob5/runcmd', 'sh', '-ec', 'cat >/tmp/autopkgtest.IpZve4/liblist-someutils-perl_0.58-ok2.dsc'])"]
autopkgtest-virt-qemu: DBG: ['srcstdin', "<_io.BufferedReader name='/home/minami/Documents/openkylin-riscv/src/liblist-someutils-perl_0.58-ok2.dsc'>", 'deststdout', "<_io.BufferedReader name='/dev/null'>", 'devnull_read', <_io.BufferedReader name='/dev/null'>]
autopkgtest-virt-qemu: DBG:  +< cat
autopkgtest-virt-qemu: DBG:  +> /tmp/autopkgtest-qemu.cj_1iob5/runcmd sh -ec cat >/tmp/autopkgtest.IpZve4/liblist-someutils-perl_0.58-ok2.dsc
autopkgtest-virt-qemu: DBG:  +>?
autopkgtest-virt-qemu: DBG:  +<?
autopkgtest: DBG: got reply from testbed: ok
autopkgtest: DBG: testbed command ['chown', '-R', 'openkylin', '--', '/tmp/autopkgtest.IpZve4/liblist-someutils-perl_0.58-ok2.dsc'], kind short, sout raw, serr pipe, env []
autopkgtest: DBG: testbed command exited with code 0
autopkgtest: DBG: testbed command ['mkdir', '-p', '/tmp/autopkgtest.IpZve4'], kind short, sout raw, serr pipe, env []
autopkgtest: DBG: testbed command exited with code 0
autopkgtest: DBG: sending command to testbed: copydown /home/minami/Documents/openkylin-riscv/src/liblist-someutils-perl_0.58.orig.tar.gz /tmp/autopkgtest.IpZve4/liblist-someutils-perl_0.58.orig.tar.gz
autopkgtest-virt-qemu: DBG: executing copydown /home/minami/Documents/openkylin-riscv/src/liblist-someutils-perl_0.58.orig.tar.gz /tmp/autopkgtest.IpZve4/liblist-someutils-perl_0.58.orig.tar.gz
autopkgtest-virt-qemu: DBG: ['cmdls', "(['cat'], ['/tmp/autopkgtest-qemu.cj_1iob5/runcmd', 'sh', '-ec', 'cat >/tmp/autopkgtest.IpZve4/liblist-someutils-perl_0.58.orig.tar.gz'])"]
autopkgtest-virt-qemu: DBG: ['srcstdin', "<_io.BufferedReader name='/home/minami/Documents/openkylin-riscv/src/liblist-someutils-perl_0.58.orig.tar.gz'>", 'deststdout', "<_io.BufferedReader name='/dev/null'>", 'devnull_read', <_io.BufferedReader name='/dev/null'>]
autopkgtest-virt-qemu: DBG:  +< cat
autopkgtest-virt-qemu: DBG:  +> /tmp/autopkgtest-qemu.cj_1iob5/runcmd sh -ec cat >/tmp/autopkgtest.IpZve4/liblist-someutils-perl_0.58.orig.tar.gz
autopkgtest-virt-qemu: DBG:  +>?
autopkgtest-virt-qemu: DBG:  +<?
autopkgtest: DBG: got reply from testbed: ok
autopkgtest: DBG: testbed command ['chown', '-R', 'openkylin', '--', '/tmp/autopkgtest.IpZve4/liblist-someutils-perl_0.58.orig.tar.gz'], kind short, sout raw, serr pipe, env []
autopkgtest: DBG: testbed command exited with code 0
autopkgtest: DBG: testbed command ['mkdir', '-p', '/tmp/autopkgtest.IpZve4'], kind short, sout raw, serr pipe, env []
autopkgtest: DBG: testbed command exited with code 0
autopkgtest: DBG: sending command to testbed: copydown /home/minami/Documents/openkylin-riscv/src/liblist-someutils-perl_0.58-ok2.debian.tar.xz /tmp/autopkgtest.IpZve4/liblist-someutils-perl_0.58-ok2.debian.tar.xz
autopkgtest-virt-qemu: DBG: executing copydown /home/minami/Documents/openkylin-riscv/src/liblist-someutils-perl_0.58-ok2.debian.tar.xz /tmp/autopkgtest.IpZve4/liblist-someutils-perl_0.58-ok2.debian.tar.xz
autopkgtest-virt-qemu: DBG: ['cmdls', "(['cat'], ['/tmp/autopkgtest-qemu.cj_1iob5/runcmd', 'sh', '-ec', 'cat >/tmp/autopkgtest.IpZve4/liblist-someutils-perl_0.58-ok2.debian.tar.xz'])"]
autopkgtest-virt-qemu: DBG: ['srcstdin', "<_io.BufferedReader name='/home/minami/Documents/openkylin-riscv/src/liblist-someutils-perl_0.58-ok2.debian.tar.xz'>", 'deststdout', "<_io.BufferedReader name='/dev/null'>", 'devnull_read', <_io.BufferedReader name='/dev/null'>]
autopkgtest-virt-qemu: DBG:  +< cat
autopkgtest-virt-qemu: DBG:  +> /tmp/autopkgtest-qemu.cj_1iob5/runcmd sh -ec cat >/tmp/autopkgtest.IpZve4/liblist-someutils-perl_0.58-ok2.debian.tar.xz
autopkgtest-virt-qemu: DBG:  +>?
autopkgtest-virt-qemu: DBG:  +<?
autopkgtest: DBG: got reply from testbed: ok
autopkgtest: DBG: testbed command ['chown', '-R', 'openkylin', '--', '/tmp/autopkgtest.IpZve4/liblist-someutils-perl_0.58-ok2.debian.tar.xz'], kind short, sout raw, serr pipe, env []
autopkgtest: DBG: testbed command exited with code 0
autopkgtest: DBG: install_deps: deps_new=[]
autopkgtest: DBG: testbed command ['sh', '-ec', 'command -v dpkg-source'], kind short, sout pipe, serr pipe, env []
autopkgtest: DBG: testbed command exited with code 0
autopkgtest: DBG: testbed command ['sh', '-ec', 'su --shell=/bin/sh openkylin -c \'set -e; exec 3>&1 >&2; set -x; cd /; builddir=$(mktemp -d /tmp/autopkgtest.IpZve4/build.XXX); cd $builddir; dpkg-source -x "/tmp/autopkgtest.IpZve4/liblist-someutils-perl_0.58-ok2.dsc" src; chmod -R a+rX .; cd [a-z0-9]*/.; pwd >&3; sed -n "1 {s/).*//; s/ (/\\n/; p}" debian/changelog >&3\''], kind build, sout pipe, serr raw, env []
+ cd /
+ mktemp -d /tmp/autopkgtest.IpZve4/build.XXX
+ builddir=/tmp/autopkgtest.IpZve4/build.ZSb
+ cd /tmp/autopkgtest.IpZve4/build.ZSb
+ dpkg-source -x /tmp/autopkgtest.IpZve4/liblist-someutils-perl_0.58-ok2.dsc src
gpgv: unknown type of key resource 'trustedkeys.kbx'
gpgv: keyblock resource '/tmp/dpkg-verify-sig.iqh7pmqd/trustedkeys.kbx': General error
gpgv: Signature made Thu 20 Oct 2022 07:18:24 AM UTC
gpgv:                using RSA key 64FBB79F5EAE64D792E94CFE0716F00F842CD274
gpgv: Can't check signature: No public key
dpkg-source: warning: cannot verify signature /tmp/autopkgtest.IpZve4/liblist-someutils-perl_0.58-ok2.dsc
dpkg-source: info: extracting liblist-someutils-perl in src
dpkg-source: info: unpacking liblist-someutils-perl_0.58.orig.tar.gz
dpkg-source: info: unpacking liblist-someutils-perl_0.58-ok2.debian.tar.xz
+ chmod -R a+rX .
+ cd src/.
+ pwd
+ sed -n 1 {s/).*//; s/ (/\n/; p} debian/changelog
autopkgtest: DBG: testbed command exited with code 0
autopkgtest [21:13:53]: testing package liblist-someutils-perl version 0.58-ok2
autopkgtest: DBG: sending command to testbed: copyup /tmp/autopkgtest.IpZve4/build.ZSb/src/debian/ /home/minami/Documents/openkylin-riscv/test/liblist-someutils-perl/pkg/debian/
autopkgtest-virt-qemu: DBG: executing copyup /tmp/autopkgtest.IpZve4/build.ZSb/src/debian/ /home/minami/Documents/openkylin-riscv/test/liblist-someutils-perl/pkg/debian/
autopkgtest-virt-qemu: DBG: ['cmdls', "(['/tmp/autopkgtest-qemu.cj_1iob5/runcmd', 'sh', '-ec', 'cd /tmp/autopkgtest.IpZve4/build.ZSb/src/debian/; tar --warning=none -c . -f -'], ['tar', '--directory', '/home/minami/Documents/openkylin-riscv/test/liblist-someutils-perl/pkg/debian/', '--warning=none', '--preserve-permissions', '--extract', '--no-same-owner', '-f', '-'])"]
autopkgtest-virt-qemu: DBG: ['srcstdin', "<_io.BufferedReader name='/dev/null'>", 'deststdout', "<_io.BufferedReader name='/dev/null'>", 'devnull_read', <_io.BufferedReader name='/dev/null'>]
autopkgtest-virt-qemu: DBG:  +< /tmp/autopkgtest-qemu.cj_1iob5/runcmd sh -ec cd /tmp/autopkgtest.IpZve4/build.ZSb/src/debian/; tar --warning=none -c . -f -
autopkgtest-virt-qemu: DBG:  +> tar --directory /home/minami/Documents/openkylin-riscv/test/liblist-someutils-perl/pkg/debian/ --warning=none --preserve-permissions --extract --no-same-owner -f -
autopkgtest-virt-qemu: DBG:  +>?
autopkgtest-virt-qemu: DBG:  +<?
autopkgtest: DBG: got reply from testbed: ok
autopkgtest: DBG: autodep8 generated control: -----
Test-Command: /usr/share/pkg-perl-autopkgtest/runner build-deps
Depends: @, @builddeps@, pkg-perl-autopkgtest, 
Restrictions: skippable, 
Features: test-name=autodep8-perl-build-deps


Test-Command: /usr/share/pkg-perl-autopkgtest/runner runtime-deps
Depends: @, pkg-perl-autopkgtest, 
Restrictions: skippable, superficial, 
Features: test-name=autodep8-perl


Test-Command: /usr/share/pkg-perl-autopkgtest/runner runtime-deps-and-recommends
Depends: @, pkg-perl-autopkgtest, 
Restrictions: needs-recommends, skippable, superficial, 
Features: test-name=autodep8-perl-recommends


-------
autopkgtest: DBG: processing dependency @
autopkgtest: DBG: synthesised dependency liblist-someutils-perl
autopkgtest: DBG: processing dependency @builddeps@
autopkgtest: DBG: synthesised dependency debhelper-compat (= 12)
autopkgtest: DBG: synthesised dependency perl
autopkgtest: DBG: synthesised dependency libmodule-implementation-perl
autopkgtest: DBG: synthesised dependency libtest-leaktrace-perl
autopkgtest: DBG: synthesised dependency build-essential
autopkgtest: DBG: processing dependency pkg-perl-autopkgtest
autopkgtest: DBG: Test defined: name autodep8-perl-build-deps path None command "/usr/share/pkg-perl-autopkgtest/runner build-deps" restrictions ['skippable'] features ['test-name=autodep8-perl-build-deps'] depends ['liblist-someutils-perl', 'debhelper-compat (= 12)', 'perl', 'libmodule-implementation-perl', 'libtest-leaktrace-perl', 'build-essential', 'pkg-perl-autopkgtest'] 
autopkgtest: DBG: processing dependency @
autopkgtest: DBG: synthesised dependency liblist-someutils-perl
autopkgtest: DBG: processing dependency pkg-perl-autopkgtest
autopkgtest: DBG: Test defined: name autodep8-perl path None command "/usr/share/pkg-perl-autopkgtest/runner runtime-deps" restrictions ['skippable', 'superficial'] features ['test-name=autodep8-perl'] depends ['liblist-someutils-perl', 'pkg-perl-autopkgtest'] 
autopkgtest: DBG: processing dependency @
autopkgtest: DBG: synthesised dependency liblist-someutils-perl
autopkgtest: DBG: processing dependency pkg-perl-autopkgtest
autopkgtest: DBG: processing dependency @recommends@
autopkgtest: DBG: synthesised dependency liblist-someutils-xs-perl
autopkgtest: DBG: Test defined: name autodep8-perl-recommends path None command "/usr/share/pkg-perl-autopkgtest/runner runtime-deps-and-recommends" restrictions ['needs-recommends', 'skippable', 'superficial'] features ['test-name=autodep8-perl-recommends'] depends ['liblist-someutils-perl', 'pkg-perl-autopkgtest', 'liblist-someutils-xs-perl'] 
autopkgtest [21:13:54]: build not needed
autopkgtest: DBG: sending command to testbed: copyup /tmp/autopkgtest.IpZve4/build.ZSb/src/ /home/minami/Documents/openkylin-riscv/test/liblist-someutils-perl/tests-tree/
autopkgtest-virt-qemu: DBG: executing copyup /tmp/autopkgtest.IpZve4/build.ZSb/src/ /home/minami/Documents/openkylin-riscv/test/liblist-someutils-perl/tests-tree/
autopkgtest-virt-qemu: DBG: ['cmdls', "(['/tmp/autopkgtest-qemu.cj_1iob5/runcmd', 'sh', '-ec', 'cd /tmp/autopkgtest.IpZve4/build.ZSb/src/; tar --warning=none -c . -f -'], ['tar', '--directory', '/home/minami/Documents/openkylin-riscv/test/liblist-someutils-perl/tests-tree/', '--warning=none', '--preserve-permissions', '--extract', '--no-same-owner', '-f', '-'])"]
autopkgtest-virt-qemu: DBG: ['srcstdin', "<_io.BufferedReader name='/dev/null'>", 'deststdout', "<_io.BufferedReader name='/dev/null'>", 'devnull_read', <_io.BufferedReader name='/dev/null'>]
autopkgtest-virt-qemu: DBG:  +< /tmp/autopkgtest-qemu.cj_1iob5/runcmd sh -ec cd /tmp/autopkgtest.IpZve4/build.ZSb/src/; tar --warning=none -c . -f -
autopkgtest-virt-qemu: DBG:  +> tar --directory /home/minami/Documents/openkylin-riscv/test/liblist-someutils-perl/tests-tree/ --warning=none --preserve-permissions --extract --no-same-owner -f -
autopkgtest-virt-qemu: DBG:  +>?
autopkgtest-virt-qemu: DBG:  +<?
autopkgtest: DBG: got reply from testbed: ok
autopkgtest: DBG: autodep8 generated control: -----
Test-Command: /usr/share/pkg-perl-autopkgtest/runner build-deps
Depends: @, @builddeps@, pkg-perl-autopkgtest, 
Restrictions: skippable, 
Features: test-name=autodep8-perl-build-deps


Test-Command: /usr/share/pkg-perl-autopkgtest/runner runtime-deps
Depends: @, pkg-perl-autopkgtest, 
Restrictions: skippable, superficial, 
Features: test-name=autodep8-perl


Test-Command: /usr/share/pkg-perl-autopkgtest/runner runtime-deps-and-recommends
Depends: @, pkg-perl-autopkgtest, 
Restrictions: needs-recommends, skippable, superficial, 
Features: test-name=autodep8-perl-recommends


-------
autopkgtest: DBG: processing dependency @
autopkgtest: DBG: synthesised dependency liblist-someutils-perl
autopkgtest: DBG: processing dependency @builddeps@
autopkgtest: DBG: synthesised dependency debhelper-compat (= 12)
autopkgtest: DBG: synthesised dependency perl
autopkgtest: DBG: synthesised dependency libmodule-implementation-perl
autopkgtest: DBG: synthesised dependency libtest-leaktrace-perl
autopkgtest: DBG: synthesised dependency build-essential
autopkgtest: DBG: processing dependency pkg-perl-autopkgtest
autopkgtest: DBG: Test defined: name autodep8-perl-build-deps path None command "/usr/share/pkg-perl-autopkgtest/runner build-deps" restrictions ['skippable'] features ['test-name=autodep8-perl-build-deps'] depends ['liblist-someutils-perl', 'debhelper-compat (= 12)', 'perl', 'libmodule-implementation-perl', 'libtest-leaktrace-perl', 'build-essential', 'pkg-perl-autopkgtest'] 
autopkgtest: DBG: processing dependency @
autopkgtest: DBG: synthesised dependency liblist-someutils-perl
autopkgtest: DBG: processing dependency pkg-perl-autopkgtest
autopkgtest: DBG: Test defined: name autodep8-perl path None command "/usr/share/pkg-perl-autopkgtest/runner runtime-deps" restrictions ['skippable', 'superficial'] features ['test-name=autodep8-perl'] depends ['liblist-someutils-perl', 'pkg-perl-autopkgtest'] 
autopkgtest: DBG: processing dependency @
autopkgtest: DBG: synthesised dependency liblist-someutils-perl
autopkgtest: DBG: processing dependency pkg-perl-autopkgtest
autopkgtest: DBG: processing dependency @recommends@
autopkgtest: DBG: synthesised dependency liblist-someutils-xs-perl
autopkgtest: DBG: Test defined: name autodep8-perl-recommends path None command "/usr/share/pkg-perl-autopkgtest/runner runtime-deps-and-recommends" restrictions ['needs-recommends', 'skippable', 'superficial'] features ['test-name=autodep8-perl-recommends'] depends ['liblist-someutils-perl', 'pkg-perl-autopkgtest', 'liblist-someutils-xs-perl'] 
autopkgtest [21:13:54]: test autodep8-perl-build-deps: preparing testbed
autopkgtest: DBG: testbed reset: modified=False, deps_installed=[], deps_new=['liblist-someutils-perl', 'debhelper-compat (= 12)', 'perl', 'libmodule-implementation-perl', 'libtest-leaktrace-perl', 'build-essential', 'pkg-perl-autopkgtest']
autopkgtest: DBG: Binaries: no registered binaries, not publishing anything
autopkgtest: DBG: install_deps: deps_new=['liblist-someutils-perl', 'debhelper-compat (= 12)', 'perl', 'libmodule-implementation-perl', 'libtest-leaktrace-perl', 'build-essential', 'pkg-perl-autopkgtest']
autopkgtest: DBG: install-deps: satisfying liblist-someutils-perl, debhelper-compat (= 12), perl, libmodule-implementation-perl, libtest-leaktrace-perl, build-essential, pkg-perl-autopkgtest
autopkgtest: DBG: install-deps: architecture resolved: liblist-someutils-perl, debhelper-compat (= 12), perl, libmodule-implementation-perl, libtest-leaktrace-perl, build-essential, pkg-perl-autopkgtest
autopkgtest: DBG: testbed command ['test', '-w', '/var/lib/dpkg/status'], kind short, sout raw, serr raw, env []
autopkgtest: DBG: testbed command exited with code 0
autopkgtest: DBG: can use apt-get on testbed: True
autopkgtest: DBG: testbed command ['mkdir', '-p', '/tmp/autopkgtest.IpZve4'], kind short, sout raw, serr pipe, env []
autopkgtest: DBG: testbed command exited with code 0
autopkgtest: DBG: sending command to testbed: copydown /home/minami/Documents/openkylin-riscv/test/liblist-someutils-perl/1-autopkgtest-satdep.deb /tmp/autopkgtest.IpZve4/1-autopkgtest-satdep.deb
autopkgtest-virt-qemu: DBG: executing copydown /home/minami/Documents/openkylin-riscv/test/liblist-someutils-perl/1-autopkgtest-satdep.deb /tmp/autopkgtest.IpZve4/1-autopkgtest-satdep.deb
autopkgtest-virt-qemu: DBG: ['cmdls', "(['cat'], ['/tmp/autopkgtest-qemu.cj_1iob5/runcmd', 'sh', '-ec', 'cat >/tmp/autopkgtest.IpZve4/1-autopkgtest-satdep.deb'])"]
autopkgtest-virt-qemu: DBG: ['srcstdin', "<_io.BufferedReader name='/home/minami/Documents/openkylin-riscv/test/liblist-someutils-perl/1-autopkgtest-satdep.deb'>", 'deststdout', "<_io.BufferedReader name='/dev/null'>", 'devnull_read', <_io.BufferedReader name='/dev/null'>]
autopkgtest-virt-qemu: DBG:  +< cat
autopkgtest-virt-qemu: DBG:  +> /tmp/autopkgtest-qemu.cj_1iob5/runcmd sh -ec cat >/tmp/autopkgtest.IpZve4/1-autopkgtest-satdep.deb
autopkgtest-virt-qemu: DBG:  +>?
autopkgtest-virt-qemu: DBG:  +<?
autopkgtest: DBG: got reply from testbed: ok
autopkgtest: DBG: testbed command ['chown', '-R', 'openkylin', '--', '/tmp/autopkgtest.IpZve4/1-autopkgtest-satdep.deb'], kind short, sout raw, serr pipe, env []
autopkgtest: DBG: testbed command exited with code 0
autopkgtest: DBG: testbed command ['dpkg', '--unpack', '/tmp/autopkgtest.IpZve4/1-autopkgtest-satdep.deb'], kind short, sout pipe, serr pipe, env []
autopkgtest: DBG: testbed command exited with code 0
autopkgtest: DBG: testbed command ['/bin/sh', '-ec', ' apt-get install --assume-yes --fix-broken -o APT::Status-Fd=3 -o APT::Install-Recommends=false -o Dpkg::Options::=--force-confnew -o Debug::pkgProblemResolver=true 3>&2 2>&1'], kind install, sout raw, serr pipe, env ['DEBIAN_FRONTEND=noninteractive', 'APT_LISTBUGS_FRONTEND=none', 'APT_LISTCHANGES_FRONTEND=none']
Reading package lists...
Building dependency tree...
Reading state information...
Correcting dependencies...Starting pkgProblemResolver with broken count: 0
Starting 2 pkgProblemResolver with broken count: 0
Done
 Done
Starting pkgProblemResolver with broken count: 0
Starting 2 pkgProblemResolver with broken count: 0
Done
The following packages were automatically installed and are no longer required:
  kylin-font-viewer libdjvulibre-text libdjvulibre21 libegl-dev libffi-dev
  libgl-dev libglib2.0-dev-bin libglu1-mesa-dev libglx-dev libgsettings-qt-dev
  libmount-dev libmpdec2 libpcre16-3 libpcre3-dev libpcre32-3 libpcrecpp0v5
  libvulkan-dev libx11-dev libxau-dev libxcb1-dev libxdmcp-dev libxext-dev
  pkg-config python3-distutils python3-lib2to3 qt5-qmake qt5-qmake-bin
  x11proto-core-dev x11proto-dev xorg-sgml-doctools xtrans-dev zlib1g-dev
Use 'apt autoremove' to remove them.
The following additional packages will be installed:
  autoconf autodep8 automake autopoint autotools-dev build-essential
  dctrl-tools debhelper debugedit dh-autoreconf dh-strip-nondeterminism dwz
  g++ g++-9 gcc gcc-9 intltool-debian libarchive-zip-perl
  libb-hooks-op-check-perl libcc1-0 libdebhelper-perl
  libdevel-callchecker-perl libdynaloader-functions-perl
  libfile-stripnondeterminism-perl liblist-someutils-perl
  libmodule-implementation-perl libmodule-runtime-perl libparams-classify-perl
  libsigsegv2 libsub-override-perl libtest-leaktrace-perl libtool
  libtry-tiny-perl m4 pkg-perl-autopkgtest po-debconf
Suggested packages:
  autoconf-archive gnu-standards autoconf-doc debtags dh-make gcc-9-doc bison
  flex gcc-doc gcc-multilib gdb manpages-dev gcc-9-locales
  libscalar-number-perl libtool-doc gfortran | fortran95-compiler gcj-jdk
  libsub-name-perl m4-doc libmail-box-perl
Recommended packages:
  libarchive-cpio-perl liblist-someutils-xs-perl libltdl-dev
  libmail-sendmail-perl
The following NEW packages will be installed:
  autoconf autodep8 automake autopoint autotools-dev build-essential
  dctrl-tools debhelper debugedit dh-autoreconf dh-strip-nondeterminism dwz
  g++ g++-9 gcc gcc-9 intltool-debian libarchive-zip-perl
  libb-hooks-op-check-perl libcc1-0 libdebhelper-perl
  libdevel-callchecker-perl libdynaloader-functions-perl
  libfile-stripnondeterminism-perl liblist-someutils-perl
  libmodule-implementation-perl libmodule-runtime-perl libparams-classify-perl
  libsigsegv2 libsub-override-perl libtest-leaktrace-perl libtool
  libtry-tiny-perl m4 pkg-perl-autopkgtest po-debconf
0 upgraded, 36 newly installed, 0 to remove and 1 not upgraded.
1 not fully installed or removed.
Need to get 18.6 MB of archives.
After this operation, 46.0 MB of additional disk space will be used.
Get:1 http://archive.build.openkylin.top/openkylin yangtze/main riscv64 libb-hooks-op-check-perl riscv64 0.22-ok2 [13.4 kB]
Get:2 http://ppa.build.openkylin.top/kylinsoft/anything/openkylin yangtze/main riscv64 autodep8 all 0.22-ok1 [10.1 kB]
Get:3 http://ppa.build.openkylin.top/kylinsoft/anything/openkylin yangtze/main riscv64 pkg-perl-autopkgtest all 0.59-ok1 [8,208 B]
Get:4 http://archive.build.openkylin.top/openkylin yangtze/main riscv64 libdynaloader-functions-perl all 0.003-ok2 [11.8 kB]
Get:5 http://archive.build.openkylin.top/openkylin yangtze/main riscv64 libdevel-callchecker-perl riscv64 0.008-ok3 [13.5 kB]
Get:6 http://archive.build.openkylin.top/openkylin yangtze/main riscv64 libparams-classify-perl riscv64 0.015-ok2 [19.4 kB]
Get:7 http://archive.build.openkylin.top/openkylin yangtze/main riscv64 libmodule-runtime-perl all 0.016-ok2 [15.3 kB]
Get:8 http://archive.build.openkylin.top/openkylin yangtze/main riscv64 libtry-tiny-perl all 0.31-ok1 [20.5 kB]
Get:9 http://archive.build.openkylin.top/openkylin yangtze/main riscv64 libmodule-implementation-perl all 0.09-ok2 [11.5 kB]
Get:10 http://archive.build.openkylin.top/openkylin yangtze/main riscv64 liblist-someutils-perl all 0.58-ok2 [35.7 kB]
Get:11 http://archive.build.openkylin.top/openkylin yangtze/main riscv64 autotools-dev all 20220506-ok1 [41.6 kB]
Get:12 http://archive.build.openkylin.top/openkylin yangtze/main riscv64 libsigsegv2 riscv64 2.12-ok1 [11.5 kB]
Get:13 http://archive.build.openkylin.top/openkylin yangtze/main riscv64 m4 riscv64 1.4.18-ok2 [191 kB]
Get:14 http://archive.build.openkylin.top/openkylin yangtze/main riscv64 autoconf all 2.71-ok2 [390 kB]
Get:15 http://archive.build.openkylin.top/openkylin yangtze/main riscv64 automake all 1:1.16.5-ok1 [557 kB]
Get:16 http://archive.build.openkylin.top/openkylin yangtze/main riscv64 autopoint all 0.19.8.1-ok1 [410 kB]
Get:17 http://archive.build.openkylin.top/openkylin yangtze-proposed/main riscv64 libdebhelper-perl all 13.11.4-ok1 [63.6 kB]
Get:18 http://archive.build.openkylin.top/openkylin yangtze/main riscv64 libcc1-0 riscv64 10-20200411-ok5 [42.3 kB]
Get:19 http://archive.build.openkylin.top/openkylin yangtze/main riscv64 gcc-9 riscv64 9.3.0-ok4 [7,417 kB]
Get:20 http://archive.build.openkylin.top/openkylin yangtze/main riscv64 gcc riscv64 4:9.3.0-ok7 [5,160 B]
Get:21 http://archive.build.openkylin.top/openkylin yangtze/main riscv64 libtool all 2.4.6-ok1 [159 kB]
Get:22 http://archive.build.openkylin.top/openkylin yangtze/main riscv64 dh-autoreconf all 20-ok1 [16.3 kB]
Get:23 http://archive.build.openkylin.top/openkylin yangtze/main riscv64 libarchive-zip-perl all 1.68-ok1 [90.7 kB]
Get:24 http://archive.build.openkylin.top/openkylin yangtze/main riscv64 libsub-override-perl all 0.09-ok2 [8,374 B]
Get:25 http://archive.build.openkylin.top/openkylin yangtze/main riscv64 libfile-stripnondeterminism-perl all 1.13.0-ok1 [16.8 kB]
Get:26 http://archive.build.openkylin.top/openkylin yangtze/main riscv64 dh-strip-nondeterminism all 1.13.0-ok1 [5,334 B]
Get:27 http://archive.build.openkylin.top/openkylin yangtze/main riscv64 debugedit riscv64 1:5.0-ok1 [71.2 kB]
Get:28 http://archive.build.openkylin.top/openkylin yangtze/main riscv64 dwz riscv64 0.14-ok1 [123 kB]
Get:29 http://archive.build.openkylin.top/openkylin yangtze/main riscv64 intltool-debian all 0.35.0+20060710.5-ok2 [23.2 kB]
Get:30 http://archive.build.openkylin.top/openkylin yangtze/main riscv64 po-debconf all 1.0.21+nmu1-ok1 [227 kB]
Get:31 http://archive.build.openkylin.top/openkylin yangtze-proposed/main riscv64 debhelper all 13.11.4-ok1 [924 kB]
Get:32 http://archive.build.openkylin.top/openkylin yangtze/main riscv64 libtest-leaktrace-perl riscv64 0.17-ok2 [25.4 kB]
Get:33 http://archive.build.openkylin.top/openkylin yangtze/main riscv64 g++-9 riscv64 9.3.0-ok4 [7,571 kB]
Get:34 http://archive.build.openkylin.top/openkylin yangtze/main riscv64 g++ riscv64 4:9.3.0-ok7 [1,470 B]
Get:35 http://archive.build.openkylin.top/openkylin yangtze/main riscv64 build-essential riscv64 12.8-ok1 [4,000 B]
Get:36 http://archive.build.openkylin.top/openkylin yangtze/main riscv64 dctrl-tools riscv64 2.24-ok1 [55.6 kB]
Fetched 18.6 MB in 5s (3,618 kB/s)
Selecting previously unselected package libb-hooks-op-check-perl:riscv64.
(Reading database ... (Reading database ... 5%(Reading database ... 10%(Reading database ... 15%(Reading database ... 20%(Reading database ... 25%(Reading database ... 30%(Reading database ... 35%(Reading database ... 40%(Reading database ... 45%(Reading database ... 50%(Reading database ... 55%(Reading database ... 60%(Reading database ... 65%(Reading database ... 70%(Reading database ... 75%(Reading database ... 80%(Reading database ... 85%(Reading database ... 90%(Reading database ... 95%(Reading database ... 100%(Reading database ... 160820 files and directories currently installed.)
Preparing to unpack .../00-libb-hooks-op-check-perl_0.22-ok2_riscv64.deb ...
Unpacking libb-hooks-op-check-perl:riscv64 (0.22-ok2) ...
Selecting previously unselected package libdynaloader-functions-perl.
Preparing to unpack .../01-libdynaloader-functions-perl_0.003-ok2_all.deb ...
Unpacking libdynaloader-functions-perl (0.003-ok2) ...
Selecting previously unselected package libdevel-callchecker-perl.
Preparing to unpack .../02-libdevel-callchecker-perl_0.008-ok3_riscv64.deb ...
Unpacking libdevel-callchecker-perl (0.008-ok3) ...
Selecting previously unselected package libparams-classify-perl:riscv64.
Preparing to unpack .../03-libparams-classify-perl_0.015-ok2_riscv64.deb ...
Unpacking libparams-classify-perl:riscv64 (0.015-ok2) ...
Selecting previously unselected package libmodule-runtime-perl.
Preparing to unpack .../04-libmodule-runtime-perl_0.016-ok2_all.deb ...
Unpacking libmodule-runtime-perl (0.016-ok2) ...
Selecting previously unselected package libtry-tiny-perl.
Preparing to unpack .../05-libtry-tiny-perl_0.31-ok1_all.deb ...
Unpacking libtry-tiny-perl (0.31-ok1) ...
Selecting previously unselected package libmodule-implementation-perl.
Preparing to unpack .../06-libmodule-implementation-perl_0.09-ok2_all.deb ...
Unpacking libmodule-implementation-perl (0.09-ok2) ...
Selecting previously unselected package liblist-someutils-perl.
Preparing to unpack .../07-liblist-someutils-perl_0.58-ok2_all.deb ...
Unpacking liblist-someutils-perl (0.58-ok2) ...
Selecting previously unselected package autotools-dev.
Preparing to unpack .../08-autotools-dev_20220506-ok1_all.deb ...
Unpacking autotools-dev (20220506-ok1) ...
Selecting previously unselected package libsigsegv2:riscv64.
Preparing to unpack .../09-libsigsegv2_2.12-ok1_riscv64.deb ...
Unpacking libsigsegv2:riscv64 (2.12-ok1) ...
Selecting previously unselected package m4.
Preparing to unpack .../10-m4_1.4.18-ok2_riscv64.deb ...
Unpacking m4 (1.4.18-ok2) ...
Selecting previously unselected package autoconf.
Preparing to unpack .../11-autoconf_2.71-ok2_all.deb ...
Unpacking autoconf (2.71-ok2) ...
Selecting previously unselected package automake.
Preparing to unpack .../12-automake_1%3a1.16.5-ok1_all.deb ...
Unpacking automake (1:1.16.5-ok1) ...
Selecting previously unselected package autopoint.
Preparing to unpack .../13-autopoint_0.19.8.1-ok1_all.deb ...
Unpacking autopoint (0.19.8.1-ok1) ...
Selecting previously unselected package libdebhelper-perl.
Preparing to unpack .../14-libdebhelper-perl_13.11.4-ok1_all.deb ...
Unpacking libdebhelper-perl (13.11.4-ok1) ...
Selecting previously unselected package libcc1-0:riscv64.
Preparing to unpack .../15-libcc1-0_10-20200411-ok5_riscv64.deb ...
Unpacking libcc1-0:riscv64 (10-20200411-ok5) ...
Selecting previously unselected package gcc-9.
Preparing to unpack .../16-gcc-9_9.3.0-ok4_riscv64.deb ...
Unpacking gcc-9 (9.3.0-ok4) ...
Selecting previously unselected package gcc.
Preparing to unpack .../17-gcc_4%3a9.3.0-ok7_riscv64.deb ...
Unpacking gcc (4:9.3.0-ok7) ...
Selecting previously unselected package libtool.
Preparing to unpack .../18-libtool_2.4.6-ok1_all.deb ...
Unpacking libtool (2.4.6-ok1) ...
Selecting previously unselected package dh-autoreconf.
Preparing to unpack .../19-dh-autoreconf_20-ok1_all.deb ...
Unpacking dh-autoreconf (20-ok1) ...
Selecting previously unselected package libarchive-zip-perl.
Preparing to unpack .../20-libarchive-zip-perl_1.68-ok1_all.deb ...
Unpacking libarchive-zip-perl (1.68-ok1) ...
Selecting previously unselected package libsub-override-perl.
Preparing to unpack .../21-libsub-override-perl_0.09-ok2_all.deb ...
Unpacking libsub-override-perl (0.09-ok2) ...
Selecting previously unselected package libfile-stripnondeterminism-perl.
Preparing to unpack .../22-libfile-stripnondeterminism-perl_1.13.0-ok1_all.deb ...
Unpacking libfile-stripnondeterminism-perl (1.13.0-ok1) ...
Selecting previously unselected package dh-strip-nondeterminism.
Preparing to unpack .../23-dh-strip-nondeterminism_1.13.0-ok1_all.deb ...
Unpacking dh-strip-nondeterminism (1.13.0-ok1) ...
Selecting previously unselected package debugedit.
Preparing to unpack .../24-debugedit_1%3a5.0-ok1_riscv64.deb ...
Unpacking debugedit (1:5.0-ok1) ...
Selecting previously unselected package dwz.
Preparing to unpack .../25-dwz_0.14-ok1_riscv64.deb ...
Unpacking dwz (0.14-ok1) ...
Selecting previously unselected package intltool-debian.
Preparing to unpack .../26-intltool-debian_0.35.0+20060710.5-ok2_all.deb ...
Unpacking intltool-debian (0.35.0+20060710.5-ok2) ...
Selecting previously unselected package po-debconf.
Preparing to unpack .../27-po-debconf_1.0.21+nmu1-ok1_all.deb ...
Unpacking po-debconf (1.0.21+nmu1-ok1) ...
Selecting previously unselected package debhelper.
Preparing to unpack .../28-debhelper_13.11.4-ok1_all.deb ...
Unpacking debhelper (13.11.4-ok1) ...
Selecting previously unselected package libtest-leaktrace-perl.
Preparing to unpack .../29-libtest-leaktrace-perl_0.17-ok2_riscv64.deb ...
Unpacking libtest-leaktrace-perl (0.17-ok2) ...
Selecting previously unselected package g++-9.
Preparing to unpack .../30-g++-9_9.3.0-ok4_riscv64.deb ...
Unpacking g++-9 (9.3.0-ok4) ...
Selecting previously unselected package g++.
Preparing to unpack .../31-g++_4%3a9.3.0-ok7_riscv64.deb ...
Unpacking g++ (4:9.3.0-ok7) ...
Selecting previously unselected package build-essential.
Preparing to unpack .../32-build-essential_12.8-ok1_riscv64.deb ...
Unpacking build-essential (12.8-ok1) ...
Selecting previously unselected package dctrl-tools.
Preparing to unpack .../33-dctrl-tools_2.24-ok1_riscv64.deb ...
Unpacking dctrl-tools (2.24-ok1) ...
Selecting previously unselected package autodep8.
Preparing to unpack .../34-autodep8_0.22-ok1_all.deb ...
Unpacking autodep8 (0.22-ok1) ...
Selecting previously unselected package pkg-perl-autopkgtest.
Preparing to unpack .../35-pkg-perl-autopkgtest_0.59-ok1_all.deb ...
Unpacking pkg-perl-autopkgtest (0.59-ok1) ...
Setting up libdynaloader-functions-perl (0.003-ok2) ...
Setting up libarchive-zip-perl (1.68-ok1) ...
Setting up libdebhelper-perl (13.11.4-ok1) ...
Setting up libtry-tiny-perl (0.31-ok1) ...
Setting up intltool-debian (0.35.0+20060710.5-ok2) ...
Setting up libtest-leaktrace-perl (0.17-ok2) ...
Setting up autotools-dev (20220506-ok1) ...
Setting up libsigsegv2:riscv64 (2.12-ok1) ...
Setting up autopoint (0.19.8.1-ok1) ...
Setting up libb-hooks-op-check-perl:riscv64 (0.22-ok2) ...
Setting up dwz (0.14-ok1) ...
Setting up debugedit (1:5.0-ok1) ...
Setting up libsub-override-perl (0.09-ok2) ...
Setting up libcc1-0:riscv64 (10-20200411-ok5) ...
Setting up dctrl-tools (2.24-ok1) ...
Setting up autodep8 (0.22-ok1) ...
Setting up libfile-stripnondeterminism-perl (1.13.0-ok1) ...
Setting up gcc-9 (9.3.0-ok4) ...
Setting up libtool (2.4.6-ok1) ...
Setting up po-debconf (1.0.21+nmu1-ok1) ...
Setting up m4 (1.4.18-ok2) ...
Setting up libdevel-callchecker-perl (0.008-ok3) ...
Setting up gcc (4:9.3.0-ok7) ...
Setting up g++-9 (9.3.0-ok4) ...
Setting up pkg-perl-autopkgtest (0.59-ok1) ...
Setting up autoconf (2.71-ok2) ...
Setting up dh-strip-nondeterminism (1.13.0-ok1) ...
Setting up g++ (4:9.3.0-ok7) ...
update-alternatives: using /usr/bin/g++ to provide /usr/bin/c++ (c++) in auto mode
Setting up build-essential (12.8-ok1) ...
Setting up automake (1:1.16.5-ok1) ...
update-alternatives: using /usr/bin/automake-1.16 to provide /usr/bin/automake (automake) in auto mode
Setting up libparams-classify-perl:riscv64 (0.015-ok2) ...
Setting up dh-autoreconf (20-ok1) ...
Setting up libmodule-runtime-perl (0.016-ok2) ...
Setting up libmodule-implementation-perl (0.09-ok2) ...
Setting up liblist-someutils-perl (0.58-ok2) ...
Setting up debhelper (13.11.4-ok1) ...
Setting up autopkgtest-satdep (0) ...
Processing triggers for man-db (2.9.1-ok3) ...
Processing triggers for install-info (6.7.0.dfsg.2-ok1) ...
Processing triggers for libc-bin (2.36-ok2) ...
autopkgtest: DBG: testbed command exited with code 0
autopkgtest: DBG: testbed command ['dpkg-query', '--show', '-f', '${Status}', 'liblist-someutils-perl'], kind short, sout pipe, serr pipe, env []
autopkgtest: DBG: testbed command exited with code 0
autopkgtest: DBG: testbed command ['dpkg', '--status', 'autopkgtest-satdep'], kind short, sout pipe, serr pipe, env []
autopkgtest: DBG: testbed command exited with code 0
autopkgtest: DBG: testbed command ['apt-get', '--simulate', '--quiet', '-o', 'APT::Get::Show-User-Simulation-Note=False', '--auto-remove', 'purge', 'autopkgtest-satdep'], kind short, sout pipe, serr pipe, env []
autopkgtest: DBG: testbed command exited with code 0
autopkgtest: DBG: Marking test dependencies as manually installed: pkg-perl-autopkgtest autodep8 dctrl-tools dh-autoreconf debhelper dh-strip-nondeterminism debugedit dwz po-debconf intltool-debian kylin-font-viewer libfile-stripnondeterminism-perl libarchive-zip-perl liblist-someutils-perl libmodule-implementation-perl libmodule-runtime-perl libparams-classify-perl libdevel-callchecker-perl libb-hooks-op-check-perl libdebhelper-perl libdjvulibre21 libdjvulibre-text libdynaloader-functions-perl libegl-dev libffi-dev libglu1-mesa-dev libgl-dev libglib2.0-dev-bin libglx-dev libgsettings-qt-dev libmount-dev libmpdec2 libpcre3-dev libpcre16-3 libpcre32-3 libpcrecpp0v5 libsub-override-perl libtest-leaktrace-perl libtry-tiny-perl libvulkan-dev libxext-dev libx11-dev libxcb1-dev libxau-dev libxdmcp-dev pkg-config python3-distutils python3-lib2to3 qt5-qmake qt5-qmake-bin x11proto-core-dev x11proto-dev xorg-sgml-doctools xtrans-dev zlib1g-dev
autopkgtest: DBG: testbed command ['apt-mark', 'manual', '-qq', 'pkg-perl-autopkgtest', 'autodep8', 'dctrl-tools', 'dh-autoreconf', 'debhelper', 'dh-strip-nondeterminism', 'debugedit', 'dwz', 'po-debconf', 'intltool-debian', 'kylin-font-viewer', 'libfile-stripnondeterminism-perl', 'libarchive-zip-perl', 'liblist-someutils-perl', 'libmodule-implementation-perl', 'libmodule-runtime-perl', 'libparams-classify-perl', 'libdevel-callchecker-perl', 'libb-hooks-op-check-perl', 'libdebhelper-perl'], kind short, sout raw, serr pipe, env []
autopkgtest: DBG: testbed command exited with code 0
autopkgtest: DBG: testbed command ['apt-mark', 'manual', '-qq', 'libdjvulibre21', 'libdjvulibre-text', 'libdynaloader-functions-perl', 'libegl-dev', 'libffi-dev', 'libglu1-mesa-dev', 'libgl-dev', 'libglib2.0-dev-bin', 'libglx-dev', 'libgsettings-qt-dev', 'libmount-dev', 'libmpdec2', 'libpcre3-dev', 'libpcre16-3', 'libpcre32-3', 'libpcrecpp0v5', 'libsub-override-perl', 'libtest-leaktrace-perl', 'libtry-tiny-perl', 'libvulkan-dev'], kind short, sout raw, serr pipe, env []
autopkgtest: DBG: testbed command exited with code 0
autopkgtest: DBG: testbed command ['apt-mark', 'manual', '-qq', 'libxext-dev', 'libx11-dev', 'libxcb1-dev', 'libxau-dev', 'libxdmcp-dev', 'pkg-config', 'python3-distutils', 'python3-lib2to3', 'qt5-qmake', 'qt5-qmake-bin', 'x11proto-core-dev', 'x11proto-dev', 'xorg-sgml-doctools', 'xtrans-dev', 'zlib1g-dev'], kind short, sout raw, serr pipe, env []
autopkgtest: DBG: testbed command exited with code 0
autopkgtest: DBG: testbed command ['dpkg', '--purge', 'autopkgtest-satdep'], kind short, sout raw, serr raw, env []
(Reading database ... 162089 files and directories currently installed.)
Removing autopkgtest-satdep (0) ...
autopkgtest: DBG: testbed command exited with code 0
autopkgtest: DBG: testbed command ['sh', '-ec', 'command -v dpkg-query'], kind short, sout pipe, serr pipe, env []
autopkgtest: DBG: testbed command exited with code 0
autopkgtest: DBG: testbed command ['sh', '-ec', "dpkg-query --show -f '${Package}\\t${Version}\\n' > /tmp/autopkgtest.IpZve4/autodep8-perl-build-deps-packages.all"], kind short, sout raw, serr pipe, env []
autopkgtest: DBG: testbed command exited with code 0
autopkgtest: DBG: sending command to testbed: copyup /tmp/autopkgtest.IpZve4/autodep8-perl-build-deps-packages.all /home/minami/Documents/openkylin-riscv/test/liblist-someutils-perl/autodep8-perl-build-deps-packages.all
autopkgtest-virt-qemu: DBG: executing copyup /tmp/autopkgtest.IpZve4/autodep8-perl-build-deps-packages.all /home/minami/Documents/openkylin-riscv/test/liblist-someutils-perl/autodep8-perl-build-deps-packages.all
autopkgtest-virt-qemu: DBG: ['cmdls', "(['/tmp/autopkgtest-qemu.cj_1iob5/runcmd', 'sh', '-ec', 'cat </tmp/autopkgtest.IpZve4/autodep8-perl-build-deps-packages.all'], ['cat'])"]
autopkgtest-virt-qemu: DBG: ['srcstdin', "<_io.BufferedReader name='/dev/null'>", 'deststdout', "<_io.BufferedWriter name='/home/minami/Documents/openkylin-riscv/test/liblist-someutils-perl/autodep8-perl-build-deps-packages.all'>", 'devnull_read', <_io.BufferedReader name='/dev/null'>]
autopkgtest-virt-qemu: DBG:  +< /tmp/autopkgtest-qemu.cj_1iob5/runcmd sh -ec cat </tmp/autopkgtest.IpZve4/autodep8-perl-build-deps-packages.all
autopkgtest-virt-qemu: DBG:  +> cat
autopkgtest-virt-qemu: DBG:  +>?
autopkgtest-virt-qemu: DBG:  +<?
autopkgtest: DBG: got reply from testbed: ok
autopkgtest: DBG: testbed command ['test', '-e', '/tmp/autopkgtest.IpZve4/build.ZSb/src'], kind short, sout raw, serr raw, env []
autopkgtest: DBG: testbed command exited with code 0
autopkgtest: DBG: copydown: tb path /tmp/autopkgtest.IpZve4/build.ZSb/src already exists
autopkgtest [21:15:48]: test autodep8-perl-build-deps: /usr/share/pkg-perl-autopkgtest/runner build-deps
autopkgtest [21:15:48]: test autodep8-perl-build-deps: [-----------------------
autopkgtest: DBG: testbed command ['su', '-s', '/bin/bash', 'openkylin', '-c', 'set -e; export USER=`id -nu`; . /etc/profile >/dev/null 2>&1 || true;  . ~/.profile >/dev/null 2>&1 || true; buildtree="/tmp/autopkgtest.IpZve4/build.ZSb/src"; mkdir -p -m 1777 -- "/tmp/autopkgtest.IpZve4/autodep8-perl-build-deps-artifacts"; export AUTOPKGTEST_ARTIFACTS="/tmp/autopkgtest.IpZve4/autodep8-perl-build-deps-artifacts"; export ADT_ARTIFACTS="$AUTOPKGTEST_ARTIFACTS"; mkdir -p -m 755 "/tmp/autopkgtest.IpZve4/autopkgtest_tmp"; export AUTOPKGTEST_TMP="/tmp/autopkgtest.IpZve4/autopkgtest_tmp"; export ADTTMP="$AUTOPKGTEST_TMP"; export DEBIAN_FRONTEND=noninteractive; export LANG=C.UTF-8; export DEB_BUILD_OPTIONS=parallel=8; unset LANGUAGE LC_CTYPE LC_NUMERIC LC_TIME LC_COLLATE   LC_MONETARY LC_MESSAGES LC_PAPER LC_NAME LC_ADDRESS   LC_TELEPHONE LC_MEASUREMENT LC_IDENTIFICATION LC_ALL;cd "$buildtree"; exec /tmp/autopkgtest.IpZve4/wrapper.sh --script-pid-file=/tmp/autopkgtest_script_pid --stderr=/tmp/autopkgtest.IpZve4/autodep8-perl-build-deps-stderr --stdout=/tmp/autopkgtest.IpZve4/autodep8-perl-build-deps-stdout -- bash -ec \'/usr/share/pkg-perl-autopkgtest/runner build-deps\' ;'], kind test, sout raw, serr raw, env []
t/00-report-prereqs.t .. 
1..1
# 
# Versions for all modules listed in static metadata (including optional ones):
# 
# === Configure Requires ===
# 
#     Module              Want Have
#     ------------------- ---- ----
#     ExtUtils::MakeMaker  any 7.34
#     Text::ParseWords     any 3.30
# 
# === Test Requires ===
# 
#     Module                Want     Have
#     --------------------- ---- --------
#     ExtUtils::MakeMaker    any     7.34
#     File::Spec             any     3.78
#     Scalar::Util           any     1.50
#     Storable               any     3.15
#     Test::Builder::Module  any 1.302162
#     Test::LeakTrace        any     0.17
#     Test::More            0.96 1.302162
#     Tie::Array             any     1.07
#     base                   any     2.27
#     lib                    any     0.65
#     overload               any     1.30
# 
# === Test Recommends ===
# 
#     Module         Want     Have
#     ---------- -------- --------
#     CPAN::Meta 2.120900 2.150010
# 
# === Runtime Requires ===
# 
#     Module                 Want Have
#     ---------------------- ---- ----
#     Carp                    any 1.50
#     Exporter                any 5.73
#     List::Util              any 1.50
#     Module::Implementation  any 0.09
#     strict                  any 1.11
#     vars                    any 1.05
#     warnings                any 1.44
# 
ok 1
ok
t/Functions.t .......... 
# Subtest: any
    ok 1 - is_true ()
    ok 2 - is_true ()
    ok 3 - is_true ()
    ok 4 - is_false()
    ok 5 - is_true ()
    ok 6 - is_false()
    ok 7 - No memory leaks in any (leaks 0 <= 0)
    ok 8 - No memory leaks in any with a coderef that dies (leaks 0 <= 0)
    ok 9 - is_dying()
    ok 10 - is_false()
    1..10
ok 1 - any
# Subtest: all
    ok 1 - is_true ()
    ok 2 - is_true ()
    ok 3 - is_false()
    ok 4 - is_true ()
    ok 5 - No memory leaks in all (leaks 0 <= 0)
    ok 6 - is_dying()
    ok 7 - is_true ()
    1..7
ok 2 - all
# Subtest: none
    ok 1 - is_true ()
    ok 2 - is_true ()
    ok 3 - is_false()
    ok 4 - is_true ()
    ok 5 - No memory leaks in none (leaks 0 <= 0)
    ok 6 - is_dying()
    ok 7 - is_true ()
    1..7
ok 3 - none
# Subtest: notall
    ok 1 - is_true ()
    ok 2 - is_true ()
    ok 3 - is_false()
    ok 4 - is_false()
    ok 5 - No memory leaks in notall (leaks 0 <= 0)
    ok 6 - is_dying()
    ok 7 - is_false()
    1..7
ok 4 - notall
# Subtest: one
    ok 1 - is_true ()
    ok 2 - is_true ()
    ok 3 - is_true ()
    ok 4 - is_false()
    ok 5 - is_false()
    ok 6 - is_false()
    ok 7 - No memory leaks in one (leaks 0 <= 0)
    ok 8 - is_dying()
    ok 9 - is_false()
    1..9
ok 5 - one
# Subtest: any_u
    ok 1 - is_true ()
    ok 2 - is_true ()
    ok 3 - is_true ()
    ok 4 - is_false()
    ok 5 - is_true ()
    ok 6 - is_undef()
    ok 7 - No memory leaks in any_u (leaks 0 <= 0)
    ok 8 - No memory leaks in any_u with a coderef that dies (leaks 0 <= 0)
    ok 9 - is_dying()
    ok 10 - is_undef()
    1..10
ok 6 - any_u
# Subtest: all_u
    ok 1 - is_true ()
    ok 2 - is_true ()
    ok 3 - is_false()
    ok 4 - is_undef()
    ok 5 - No memory leaks in all_u (leaks 0 <= 0)
    ok 6 - is_dying()
    ok 7 - is_undef()
    1..7
ok 7 - all_u
# Subtest: none_u
    ok 1 - is_true ()
    ok 2 - is_true ()
    ok 3 - is_false()
    ok 4 - is_undef()
    ok 5 - No memory leaks in none_u (leaks 0 <= 0)
    ok 6 - is_dying()
    ok 7 - is_undef()
    1..7
ok 8 - none_u
# Subtest: notall_u
    ok 1 - is_true ()
    ok 2 - is_true ()
    ok 3 - is_false()
    ok 4 - is_undef()
    ok 5 - No memory leaks in notall_u (leaks 0 <= 0)
    ok 6 - is_dying()
    ok 7 - is_undef()
    1..7
ok 9 - notall_u
# Subtest: one_u
    ok 1 - is_true ()
    ok 2 - is_true ()
    ok 3 - is_true ()
    ok 4 - is_false()
    ok 5 - is_false()
    ok 6 - is_false()
    ok 7 - is_undef()
    ok 8 - No memory leaks in one (leaks 0 <= 0)
    ok 9 - is_dying()
    ok 10 - is_undef()
    1..10
ok 10 - one_u
# Subtest: true
    ok 1 - true(null) returns undef
    ok 2 - true(null) returns undef
    ok 3
    ok 4
    ok 5
    ok 6 - No memory leaks in true (leaks 0 <= 0)
    ok 7 - is_dying()
    ok 8
    1..8
ok 11 - true
# Subtest: false
    ok 1 - false(null) returns undef
    ok 2 - false(null) returns undef
    ok 3
    ok 4
    ok 5
    ok 6 - No memory leaks in false (leaks 0 <= 0)
    ok 7 - is_dying()
    ok 8
    1..8
ok 12 - false
# Subtest: firstidx
    ok 1 - firstidx
    ok 2 - invalid firstidx
    ok 3 - real firstidx
    ok 4 - empty firstidx
    ok 5
    ok 6
    ok 7
    ok 8
    ok 9 - No memory leaks in firstidx (leaks 0 <= 0)
    ok 10 - is_dying()
    ok 11
    1..11
ok 13 - firstidx
# Subtest: lastidx
    ok 1
    ok 2
    ok 3
    ok 4
    ok 5
    ok 6
    ok 7
    ok 8
    ok 9 - No memory leaks in lastidx (leaks 0 <= 0)
    ok 10 - is_dying()
    ok 11
    1..11
ok 14 - lastidx
# Subtest: onlyidx
    ok 1
    ok 2
    ok 3
    ok 4
    ok 5
    ok 6
    ok 7
    ok 8
    ok 9
    ok 10
    ok 11
    ok 12
    ok 13 - No memory leaks in onlyidx (leaks 0 <= 0)
    ok 14 - is_dying()
    ok 15
    1..15
ok 15 - onlyidx
# Subtest: insert_after
    ok 1
    ok 2
    ok 3
    ok 4
    ok 5 - No memory leaks in insert_after (leaks 0 <= 0)
    ok 6 - is_dying()
    ok 7 - is_dying()
    ok 8 - is_dying()
    ok 9
    1..9
ok 16 - insert_after
# Subtest: insert_after_string
    ok 1
    ok 2
    ok 3
    ok 4 - No memory leaks in insert_after_string (leaks 0 <= 0)
    ok 5 - is_dying()
    ok 6
    1..6
ok 17 - insert_after_string
# Subtest: apply
    ok 1 - apply(null) returns undef
    ok 2 - apply(null) returns null list
    ok 3
    ok 4
    ok 5
    ok 6
    ok 7
    ok 8
    ok 9
    ok 10
    ok 11
    ok 12
    ok 13
    ok 14
    ok 15
    ok 16 - No memory leaks in apply (leaks 0 <= 0)
    ok 17 - is_dying()
    ok 18
    1..18
ok 18 - apply
# Subtest: indexes
    ok 1
    ok 2
    ok 3 - Got the null list
    ok 4 - No memory leaks in indexes (leaks 0 <= 0)
    ok 5 - indexes/leak: some
    ok 6 - indexes/leak: none
    ok 7 - indexes/leak: odd
    ok 8 - indexes/leak: even
    ok 9 - No memory leaks in indexes (leaks 0 <= 0)
    ok 10 - indexes/leak: some
    ok 11 - indexes/leak: none
    ok 12 - indexes/leak: odd
    ok 13 - indexes/leak: even
    ok 14 - weakened away
    ok 15 - is_dying()
    ok 16
    1..16
ok 19 - indexes
# Subtest: before
    ok 1
    ok 2
    ok 3 - Got the null list
    ok 4
    ok 5
    ok 6 - No memory leaks in before (leaks 0 <= 0)
    ok 7 - is_dying()
    ok 8
    1..8
ok 20 - before
# Subtest: before_incl
    ok 1
    ok 2
    ok 3
    ok 4
    ok 5
    ok 6
    ok 7 - No memory leaks in before_incl (leaks 0 <= 0)
    ok 8 - is_dying()
    ok 9
    1..9
ok 21 - before_incl
# Subtest: after
    ok 1
    ok 2
    ok 3 - Got the null list
    ok 4
    ok 5
    ok 6 - No memory leaks in after (leaks 0 <= 0)
    ok 7 - is_dying()
    ok 8 - check XS implementation doesn't mess up stack
    ok 9
    1..9
ok 22 - after
# Subtest: after_incl
    ok 1
    ok 2
    ok 3 - Got the null list
    ok 4
    ok 5
    ok 6 - No memory leaks in after_incl (leaks 0 <= 0)
    ok 7 - is_dying()
    ok 8
    1..8
ok 23 - after_incl
# Subtest: firstval
    ok 1
    ok 2
    ok 3 - is_undef()
    ok 4
    ok 5
    ok 6 - No memory leaks in firstval (leaks 0 <= 0)
    ok 7 - is_dying()
    ok 8
    1..8
ok 24 - firstval
# Subtest: lastval
    ok 1
    ok 2
    ok 3 - is_undef()
    ok 4
    ok 5
    ok 6 - No memory leaks in lastval (leaks 0 <= 0)
    ok 7 - is_dying()
    ok 8
    1..8
ok 25 - lastval
# Subtest: onlyval
    ok 1
    ok 2
    ok 3
    ok 4
    ok 5
    ok 6
    ok 7
    ok 8
    ok 9
    ok 10
    ok 11
    ok 12
    ok 13 - No memory leaks in onlyval (leaks 0 <= 0)
    ok 14 - is_dying()
    ok 15
    1..15
ok 26 - onlyval
# Subtest: firstres
    ok 1
    ok 2
    ok 3
    ok 4
    ok 5 - No memory leaks in firstres (leaks 0 <= 0)
    ok 6 - is_dying()
    ok 7
    1..7
ok 27 - firstres
# Subtest: lastres
    ok 1
    ok 2
    ok 3
    ok 4
    ok 5 - No memory leaks in lastres (leaks 0 <= 0)
    ok 6 - is_dying()
    ok 7
    1..7
ok 28 - lastres
# Subtest: onlyres
    ok 1
    ok 2
    ok 3
    ok 4
    ok 5
    ok 6
    ok 7
    ok 8
    ok 9
    ok 10
    ok 11 - No memory leaks in onlyres (leaks 0 <= 0)
    ok 12 - is_dying()
    ok 13
    1..13
ok 29 - onlyres
# Subtest: each_array
    ok 1
    ok 2
    ok 3
    ok 4
    ok 5
    ok 6
    ok 7
    ok 8
    ok 9
    ok 10
    ok 11
    ok 12
    ok 13
    ok 14
    ok 15
    ok 16
    ok 17
    ok 18
    ok 19
    ok 20
    ok 21
    ok 22
    ok 23
    ok 24
    ok 25
    ok 26
    ok 27
    ok 28
    ok 29
    ok 30
    ok 31 - No memory leaks in each_array (leaks 0 <= 0)
    ok 32 - No memory leaks in each_arrayref (leaks 0 <= 0)
    ok 33 - is_dying()
    ok 34 - is_dying()
    ok 35
    1..35
ok 30 - each_array
# Subtest: pairwise
    ok 1 - pw1
    ok 2 - pw2
    ok 3 - pw3
    ok 4 - pw4
    ok 5 - pw5
    ok 6 - pw6
    ok 7 - pw7
    ok 8 - pw8
    ok 9
    ok 10 - pw map
    ok 11
    ok 12 - No memory leaks in pairwise (leaks 0 <= 0)
    ok 13 # skip PurePerl will warn here ...
    ok 14 - warning on broken caller
    ok 15 - is_dying()
    ok 16 # skip PurePerl will not core here ...
    ok 17 # skip PurePerl will not core here ...
    ok 18
    1..18
ok 31 - pairwise
# Subtest: natatime
    ok 1
    ok 2 - natatime1
    ok 3
    ok 4 - natatime2
    ok 5 - No memory leaks in natatime (leaks 0 <= 0)
    ok 6
    1..6
ok 32 - natatime
# Subtest: zip
    ok 1
    ok 2
    ok 3
    ok 4
    ok 5
    ok 6
    ok 7 - No memory leaks in zip (leaks 0 <= 0)
    ok 8 - is_dying()
    ok 9
    1..9
ok 33 - zip
# Subtest: mesh
    ok 1
    ok 2
    ok 3
    ok 4
    ok 5
    ok 6
    ok 7 - No memory leaks in mesh (leaks 0 <= 0)
    ok 8 - is_dying()
    ok 9
    1..9
ok 34 - mesh
# Subtest: uniq
    ok 1
    ok 2
    ok 3
    ok 4
    ok 5
    ok 6
    ok 7
    ok 8
    ok 9
    ok 10
    ok 11
    ok 12
    ok 13 - undef is supported correctly
    ok 14 - No memory leaks in uniq (leaks 0 <= 0)
    ok 15 - No memory leaks in uniq with exception in overloading stringify (leaks 0 <= 0)
    ok 16
    1..16
ok 35 - uniq
# Subtest: singleton
    ok 1
    ok 2
    ok 3
    ok 4
    ok 5
    ok 6
    ok 7
    ok 8
    ok 9
    ok 10
    ok 11
    ok 12 - one undef is supported correctly by singleton
    ok 13 - twice undef is supported correctly by singleton
    ok 14 - scalar twice undef is supported correctly by singleton
    ok 15 - No memory leaks in uniq (leaks 0 <= 0)
    ok 16 - No memory leaks in singleton with exception in overloading stringify (leaks 0 <= 0)
    ok 17
    1..17
ok 36 - singleton
# Subtest: part
    ok 1
    ok 2
    ok 3
    ok 4
    ok 5
    ok 6
    ok 7 - Values are not aliases
    ok 8
    ok 9
    ok 10
    ok 11
    ok 12
    ok 13
    ok 14 - part with negative indices
    ok 15 - part with undef
    ok 16 - warning of undef
    ok 17 - amount of similar undef warnings
    ok 18
    ok 19
    ok 20
    ok 21
    ok 22
    ok 23
    ok 24
    ok 25
    ok 26
    ok 27
    ok 28
    ok 29
    ok 30
    ok 31
    ok 32
    ok 33
    ok 34
    ok 35
    ok 36
    ok 37
    ok 38
    ok 39
    ok 40
    ok 41
    ok 42
    ok 43 - No memory leaks in part (leaks 0 <= 0)
    ok 44 - No memory leaks in part with stack-growing (leaks 0 <= 0)
    ok 45
    1..45
ok 37 - part
# Subtest: minmax
    ok 1
    ok 2
    ok 3
    ok 4
    ok 5
    ok 6
    ok 7
    ok 8
    ok 9 - minmax swallows max on COW
    ok 10
    ok 11
    ok 12
    ok 13 - minmax finds ivmin
    ok 14 - minmax finds ivmin + 10
    ok 15 - minmax finds ivmax-10
    ok 16 - minmax finds ivmax
    ok 17 - minmax finds ivmin
    ok 18 - minmax finds ivmax
    ok 19 - minmax finds uvmax-10
    ok 20 - minmax finds uvmax
    ok 21 - minmax finds ivmin
    ok 22 - minmax finds uvmax
    ok 23 - No memory leaks in minmax (leaks 0 <= 0)
    ok 24
    1..24
ok 38 - minmax
# Subtest: bsearch
    ok 1
    ok 2
    ok 3
    ok 4
    ok 5
    ok 6
    ok 7
    ok 8
    ok 9
    ok 10
    ok 11
    ok 12
    ok 13
    ok 14
    ok 15
    ok 16
    ok 17
    ok 18
    ok 19
    ok 20
    ok 21
    ok 22
    ok 23
    ok 24
    ok 25
    ok 26
    ok 27
    ok 28
    ok 29
    ok 30
    ok 31
    ok 32
    ok 33
    ok 34
    ok 35
    ok 36
    ok 37
    ok 38
    ok 39
    ok 40
    ok 41
    ok 42
    ok 43
    ok 44
    ok 45
    ok 46
    ok 47
    ok 48
    ok 49
    ok 50
    ok 51
    ok 52
    ok 53
    ok 54
    ok 55
    ok 56
    ok 57
    ok 58
    ok 59
    ok 60
    ok 61
    ok 62
    ok 63
    ok 64
    ok 65
    ok 66
    ok 67
    ok 68
    ok 69
    ok 70
    ok 71
    ok 72
    ok 73
    ok 74
    ok 75
    ok 76
    ok 77
    ok 78
    ok 79
    ok 80
    ok 81
    ok 82
    ok 83
    ok 84
    ok 85
    ok 86
    ok 87
    ok 88
    ok 89
    ok 90
    ok 91
    ok 92
    ok 93
    ok 94
    ok 95
    ok 96
    ok 97
    ok 98
    ok 99
    ok 100
    ok 101
    ok 102
    ok 103
    ok 104
    ok 105
    ok 106
    ok 107
    ok 108
    ok 109
    ok 110
    ok 111
    ok 112
    ok 113
    ok 114
    ok 115
    ok 116
    ok 117
    ok 118
    ok 119
    ok 120
    ok 121
    ok 122
    ok 123
    ok 124
    ok 125
    ok 126
    ok 127
    ok 128
    ok 129
    ok 130
    ok 131
    ok 132
    ok 133
    ok 134
    ok 135
    ok 136
    ok 137
    ok 138
    ok 139
    ok 140
    ok 141
    ok 142
    ok 143
    ok 144
    ok 145
    ok 146
    ok 147
    ok 148
    ok 149
    ok 150
    ok 151
    ok 152
    ok 153
    ok 154
    ok 155
    ok 156
    ok 157
    ok 158
    ok 159
    ok 160
    ok 161
    ok 162
    ok 163
    ok 164
    ok 165
    ok 166
    ok 167
    ok 168
    ok 169
    ok 170
    ok 171
    ok 172
    ok 173
    ok 174
    ok 175
    ok 176
    ok 177
    ok 178
    ok 179
    ok 180
    ok 181
    ok 182
    ok 183
    ok 184
    ok 185
    ok 186
    ok 187
    ok 188
    ok 189
    ok 190
    ok 191
    ok 192
    ok 193
    ok 194
    ok 195
    ok 196
    ok 197
    ok 198
    ok 199
    ok 200
    ok 201
    ok 202
    ok 203
    ok 204
    ok 205
    ok 206
    ok 207
    ok 208
    ok 209
    ok 210
    ok 211
    ok 212
    ok 213
    ok 214
    ok 215
    ok 216
    ok 217
    ok 218
    ok 219
    ok 220
    ok 221
    ok 222
    ok 223
    ok 224
    ok 225
    ok 226
    ok 227
    ok 228
    ok 229
    ok 230
    ok 231
    ok 232
    ok 233
    ok 234
    ok 235
    ok 236
    ok 237
    ok 238
    ok 239
    ok 240
    ok 241
    ok 242
    ok 243
    ok 244
    ok 245
    ok 246
    ok 247
    ok 248
    ok 249
    ok 250
    ok 251
    ok 252
    ok 253
    ok 254
    ok 255
    ok 256
    ok 257
    ok 258
    ok 259
    ok 260
    ok 261
    ok 262
    ok 263
    ok 264
    ok 265
    ok 266
    ok 267
    ok 268
    ok 269
    ok 270
    ok 271
    ok 272
    ok 273
    ok 274
    ok 275
    ok 276
    ok 277
    ok 278
    ok 279
    ok 280
    ok 281
    ok 282
    ok 283
    ok 284
    ok 285
    ok 286
    ok 287
    ok 288
    ok 289
    ok 290
    ok 291
    ok 292
    ok 293
    ok 294
    ok 295
    ok 296
    ok 297
    ok 298
    ok 299
    ok 300
    ok 301
    ok 302
    ok 303
    ok 304
    ok 305
    ok 306
    ok 307
    ok 308
    ok 309
    ok 310
    ok 311
    ok 312
    ok 313
    ok 314
    ok 315
    ok 316
    ok 317
    ok 318
    ok 319
    ok 320
    ok 321
    ok 322
    ok 323
    ok 324
    ok 325
    ok 326
    ok 327
    ok 328
    ok 329
    ok 330
    ok 331
    ok 332
    ok 333
    ok 334
    ok 335
    ok 336
    ok 337
    ok 338
    ok 339
    ok 340
    ok 341
    ok 342
    ok 343
    ok 344
    ok 345
    ok 346
    ok 347
    ok 348
    ok 349
    ok 350
    ok 351
    ok 352
    ok 353
    ok 354
    ok 355
    ok 356
    ok 357
    ok 358
    ok 359
    ok 360
    ok 361
    ok 362
    ok 363
    ok 364
    ok 365
    ok 366
    ok 367
    ok 368
    ok 369
    ok 370
    ok 371
    ok 372
    ok 373
    ok 374
    ok 375
    ok 376
    ok 377
    ok 378
    ok 379
    ok 380
    ok 381
    ok 382
    ok 383
    ok 384
    ok 385
    ok 386
    ok 387
    ok 388
    ok 389
    ok 390
    ok 391
    ok 392
    ok 393
    ok 394
    ok 395
    ok 396
    ok 397
    ok 398
    ok 399
    ok 400
    ok 401
    ok 402
    ok 403
    ok 404
    ok 405
    ok 406
    ok 407
    ok 408
    ok 409
    ok 410
    ok 411
    ok 412
    ok 413
    ok 414
    ok 415
    ok 416
    ok 417
    ok 418
    ok 419
    ok 420
    ok 421
    ok 422
    ok 423
    ok 424
    ok 425
    ok 426
    ok 427
    ok 428
    ok 429
    ok 430
    ok 431
    ok 432
    ok 433
    ok 434
    ok 435
    ok 436
    ok 437
    ok 438
    ok 439
    ok 440
    ok 441
    ok 442
    ok 443
    ok 444
    ok 445
    ok 446
    ok 447
    ok 448
    ok 449
    ok 450
    ok 451
    ok 452
    ok 453
    ok 454
    ok 455
    ok 456
    ok 457
    ok 458
    ok 459
    ok 460
    ok 461
    ok 462
    ok 463
    ok 464
    ok 465
    ok 466
    ok 467
    ok 468
    ok 469
    ok 470
    ok 471
    ok 472
    ok 473
    ok 474
    ok 475
    ok 476
    ok 477
    ok 478
    ok 479
    ok 480
    ok 481
    ok 482
    ok 483
    ok 484
    ok 485
    ok 486
    ok 487
    ok 488
    ok 489
    ok 490
    ok 491
    ok 492
    ok 493
    ok 494
    ok 495
    ok 496
    ok 497
    ok 498
    ok 499
    ok 500
    ok 501
    ok 502
    ok 503
    ok 504
    ok 505
    ok 506
    ok 507
    ok 508
    ok 509
    ok 510
    ok 511
    ok 512
    ok 513
    ok 514
    ok 515
    ok 516
    ok 517
    ok 518
    ok 519
    ok 520
    ok 521
    ok 522
    ok 523
    ok 524
    ok 525
    ok 526
    ok 527
    ok 528
    ok 529
    ok 530
    ok 531
    ok 532
    ok 533
    ok 534
    ok 535
    ok 536
    ok 537
    ok 538
    ok 539
    ok 540
    ok 541
    ok 542
    ok 543
    ok 544
    ok 545
    ok 546
    ok 547
    ok 548
    ok 549
    ok 550
    ok 551
    ok 552
    ok 553
    ok 554
    ok 555
    ok 556
    ok 557
    ok 558
    ok 559
    ok 560
    ok 561
    ok 562
    ok 563
    ok 564
    ok 565
    ok 566
    ok 567
    ok 568
    ok 569
    ok 570
    ok 571
    ok 572
    ok 573
    ok 574
    ok 575
    ok 576
    ok 577
    ok 578
    ok 579
    ok 580
    ok 581
    ok 582
    ok 583
    ok 584
    ok 585
    ok 586
    ok 587
    ok 588
    ok 589
    ok 590
    ok 591
    ok 592
    ok 593
    ok 594
    ok 595
    ok 596
    ok 597
    ok 598
    ok 599
    ok 600
    ok 601
    ok 602
    ok 603
    ok 604
    ok 605
    ok 606
    ok 607
    ok 608
    ok 609
    ok 610
    ok 611
    ok 612
    ok 613
    ok 614
    ok 615
    ok 616
    ok 617
    ok 618
    ok 619
    ok 620
    ok 621
    ok 622
    ok 623
    ok 624
    ok 625
    ok 626
    ok 627
    ok 628
    ok 629
    ok 630
    ok 631
    ok 632
    ok 633
    ok 634
    ok 635
    ok 636
    ok 637
    ok 638
    ok 639
    ok 640
    ok 641
    ok 642
    ok 643
    ok 644
    ok 645
    ok 646
    ok 647
    ok 648
    ok 649
    ok 650
    ok 651
    ok 652
    ok 653
    ok 654
    ok 655
    ok 656
    ok 657
    ok 658
    ok 659
    ok 660
    ok 661
    ok 662
    ok 663
    ok 664
    ok 665
    ok 666
    ok 667
    ok 668
    ok 669
    ok 670
    ok 671
    ok 672
    ok 673
    ok 674
    ok 675
    ok 676
    ok 677
    ok 678
    ok 679
    ok 680
    ok 681
    ok 682
    ok 683
    ok 684
    ok 685
    ok 686
    ok 687
    ok 688
    ok 689
    ok 690
    ok 691
    ok 692
    ok 693
    ok 694
    ok 695
    ok 696
    ok 697
    ok 698
    ok 699
    ok 700
    ok 701
    ok 702
    ok 703
    ok 704
    ok 705
    ok 706
    ok 707
    ok 708
    ok 709
    ok 710
    ok 711
    ok 712
    ok 713
    ok 714
    ok 715
    ok 716
    ok 717
    ok 718
    ok 719
    ok 720
    ok 721
    ok 722
    ok 723
    ok 724
    ok 725
    ok 726
    ok 727
    ok 728
    ok 729
    ok 730
    ok 731
    ok 732
    ok 733
    ok 734
    ok 735
    ok 736
    ok 737
    ok 738
    ok 739
    ok 740
    ok 741
    ok 742
    ok 743
    ok 744
    ok 745
    ok 746
    ok 747
    ok 748
    ok 749
    ok 750
    ok 751
    ok 752
    ok 753
    ok 754
    ok 755
    ok 756
    ok 757
    ok 758
    ok 759
    ok 760
    ok 761
    ok 762
    ok 763
    ok 764
    ok 765
    ok 766
    ok 767
    ok 768
    ok 769
    ok 770
    ok 771
    ok 772
    ok 773
    ok 774
    ok 775
    ok 776
    ok 777
    ok 778
    ok 779
    ok 780
    ok 781
    ok 782
    ok 783
    ok 784
    ok 785
    ok 786
    ok 787
    ok 788
    ok 789
    ok 790
    ok 791
    ok 792
    ok 793
    ok 794
    ok 795
    ok 796
    ok 797
    ok 798
    ok 799
    ok 800
    ok 801
    ok 802
    ok 803
    ok 804
    ok 805
    ok 806
    ok 807
    ok 808
    ok 809
    ok 810
    ok 811
    ok 812
    ok 813
    ok 814
    ok 815
    ok 816
    ok 817
    ok 818
    ok 819
    ok 820
    ok 821
    ok 822
    ok 823
    ok 824
    ok 825
    ok 826
    ok 827
    ok 828
    ok 829
    ok 830
    ok 831
    ok 832
    ok 833
    ok 834
    ok 835
    ok 836
    ok 837
    ok 838
    ok 839
    ok 840
    ok 841
    ok 842
    ok 843
    ok 844
    ok 845
    ok 846
    ok 847
    ok 848
    ok 849
    ok 850
    ok 851
    ok 852
    ok 853
    ok 854
    ok 855
    ok 856
    ok 857
    ok 858
    ok 859
    ok 860
    ok 861
    ok 862
    ok 863
    ok 864
    ok 865
    ok 866
    ok 867
    ok 868
    ok 869
    ok 870
    ok 871
    ok 872
    ok 873
    ok 874
    ok 875
    ok 876
    ok 877
    ok 878
    ok 879
    ok 880
    ok 881
    ok 882
    ok 883
    ok 884
    ok 885
    ok 886
    ok 887
    ok 888
    ok 889
    ok 890
    ok 891
    ok 892
    ok 893
    ok 894
    ok 895
    ok 896
    ok 897
    ok 898
    ok 899
    ok 900
    ok 901
    ok 902
    ok 903
    ok 904
    ok 905
    ok 906
    ok 907
    ok 908
    ok 909
    ok 910
    ok 911
    ok 912
    ok 913
    ok 914
    ok 915
    ok 916
    ok 917
    ok 918
    ok 919
    ok 920
    ok 921
    ok 922
    ok 923
    ok 924
    ok 925
    ok 926
    ok 927
    ok 928
    ok 929
    ok 930
    ok 931
    ok 932
    ok 933
    ok 934
    ok 935
    ok 936
    ok 937
    ok 938
    ok 939
    ok 940
    ok 941
    ok 942
    ok 943
    ok 944
    ok 945
    ok 946
    ok 947
    ok 948
    ok 949
    ok 950
    ok 951
    ok 952
    ok 953
    ok 954
    ok 955
    ok 956
    ok 957
    ok 958
    ok 959
    ok 960
    ok 961
    ok 962
    ok 963
    ok 964
    ok 965
    ok 966
    ok 967
    ok 968
    ok 969
    ok 970
    ok 971
    ok 972
    ok 973
    ok 974
    ok 975
    ok 976
    ok 977
    ok 978
    ok 979
    ok 980
    ok 981
    ok 982
    ok 983
    ok 984
    ok 985
    ok 986
    ok 987
    ok 988
    ok 989
    ok 990
    ok 991
    ok 992
    ok 993
    ok 994
    ok 995
    ok 996
    ok 997
    ok 998
    ok 999
    ok 1000
    ok 1001
    ok 1002
    ok 1003
    ok 1004
    ok 1005
    ok 1006
    ok 1007
    ok 1008
    ok 1009
    ok 1010
    ok 1011
    ok 1012
    ok 1013
    ok 1014
    ok 1015
    ok 1016
    ok 1017
    ok 1018
    ok 1019
    ok 1020
    ok 1021
    ok 1022
    ok 1023
    ok 1024
    ok 1025
    ok 1026
    ok 1027
    ok 1028
    ok 1029
    ok 1030
    ok 1031
    ok 1032
    ok 1033
    ok 1034
    ok 1035
    ok 1036
    ok 1037
    ok 1038
    ok 1039
    ok 1040
    ok 1041
    ok 1042
    ok 1043
    ok 1044
    ok 1045
    ok 1046
    ok 1047
    ok 1048
    ok 1049
    ok 1050
    ok 1051
    ok 1052
    ok 1053
    ok 1054
    ok 1055
    ok 1056
    ok 1057
    ok 1058
    ok 1059
    ok 1060
    ok 1061
    ok 1062
    ok 1063
    ok 1064
    ok 1065
    ok 1066
    ok 1067
    ok 1068
    ok 1069
    ok 1070
    ok 1071
    ok 1072
    ok 1073
    ok 1074
    ok 1075
    ok 1076
    ok 1077
    ok 1078
    ok 1079
    ok 1080
    ok 1081
    ok 1082
    ok 1083
    ok 1084
    ok 1085
    ok 1086
    ok 1087
    ok 1088
    ok 1089
    ok 1090
    ok 1091
    ok 1092
    ok 1093
    ok 1094
    ok 1095
    ok 1096
    ok 1097
    ok 1098
    ok 1099
    ok 1100
    ok 1101
    ok 1102
    ok 1103
    ok 1104
    ok 1105
    ok 1106
    ok 1107
    ok 1108
    ok 1109
    ok 1110
    ok 1111
    ok 1112
    ok 1113
    ok 1114
    ok 1115
    ok 1116
    ok 1117
    ok 1118
    ok 1119
    ok 1120
    ok 1121
    ok 1122
    ok 1123
    ok 1124
    ok 1125
    ok 1126
    ok 1127
    ok 1128
    ok 1129
    ok 1130
    ok 1131
    ok 1132
    ok 1133
    ok 1134
    ok 1135
    ok 1136
    ok 1137
    ok 1138
    ok 1139
    ok 1140
    ok 1141
    ok 1142
    ok 1143
    ok 1144
    ok 1145
    ok 1146
    ok 1147
    ok 1148
    ok 1149
    ok 1150
    ok 1151
    ok 1152
    ok 1153
    ok 1154
    ok 1155
    ok 1156
    ok 1157
    ok 1158
    ok 1159
    ok 1160
    ok 1161
    ok 1162
    ok 1163
    ok 1164
    ok 1165
    ok 1166
    ok 1167
    ok 1168
    ok 1169
    ok 1170
    ok 1171
    ok 1172
    ok 1173
    ok 1174
    ok 1175
    ok 1176
    ok 1177
    ok 1178
    ok 1179
    ok 1180
    ok 1181
    ok 1182
    ok 1183
    ok 1184
    ok 1185
    ok 1186
    ok 1187
    ok 1188
    ok 1189
    ok 1190
    ok 1191
    ok 1192
    ok 1193
    ok 1194
    ok 1195
    ok 1196
    ok 1197
    ok 1198
    ok 1199
    ok 1200
    ok 1201
    ok 1202
    ok 1203
    ok 1204
    ok 1205
    ok 1206
    ok 1207
    ok 1208
    ok 1209
    ok 1210
    ok 1211
    ok 1212
    ok 1213
    ok 1214
    ok 1215
    ok 1216
    ok 1217
    ok 1218
    ok 1219
    ok 1220
    ok 1221
    ok 1222
    ok 1223
    ok 1224
    ok 1225
    ok 1226
    ok 1227
    ok 1228
    ok 1229
    ok 1230
    ok 1231
    ok 1232
    ok 1233
    ok 1234
    ok 1235
    ok 1236
    ok 1237
    ok 1238
    ok 1239
    ok 1240
    ok 1241
    ok 1242
    ok 1243
    ok 1244
    ok 1245
    ok 1246
    ok 1247
    ok 1248
    ok 1249
    ok 1250
    ok 1251
    ok 1252
    ok 1253
    ok 1254
    ok 1255
    ok 1256
    ok 1257
    ok 1258
    ok 1259
    ok 1260
    ok 1261
    ok 1262
    ok 1263
    ok 1264
    ok 1265
    ok 1266
    ok 1267
    ok 1268
    ok 1269
    ok 1270
    ok 1271
    ok 1272
    ok 1273
    ok 1274
    ok 1275
    ok 1276
    ok 1277
    ok 1278
    ok 1279
    ok 1280
    ok 1281
    ok 1282
    ok 1283
    ok 1284
    ok 1285
    ok 1286
    ok 1287
    ok 1288
    ok 1289
    ok 1290
    ok 1291
    ok 1292
    ok 1293
    ok 1294
    ok 1295
    ok 1296
    ok 1297
    ok 1298
    ok 1299
    ok 1300
    ok 1301
    ok 1302
    ok 1303
    ok 1304
    ok 1305
    ok 1306
    ok 1307
    ok 1308
    ok 1309
    ok 1310
    ok 1311
    ok 1312
    ok 1313
    ok 1314
    ok 1315
    ok 1316
    ok 1317
    ok 1318
    ok 1319
    ok 1320
    ok 1321
    ok 1322
    ok 1323
    ok 1324
    ok 1325
    ok 1326
    ok 1327
    ok 1328
    ok 1329
    ok 1330
    ok 1331
    ok 1332
    ok 1333
    ok 1334
    ok 1335
    ok 1336
    ok 1337
    ok 1338
    ok 1339
    ok 1340
    ok 1341
    ok 1342
    ok 1343
    ok 1344
    ok 1345
    ok 1346
    ok 1347
    ok 1348
    ok 1349
    ok 1350
    ok 1351
    ok 1352
    ok 1353
    ok 1354
    ok 1355
    ok 1356
    ok 1357
    ok 1358
    ok 1359
    ok 1360
    ok 1361
    ok 1362
    ok 1363
    ok 1364
    ok 1365
    ok 1366
    ok 1367
    ok 1368
    ok 1369
    ok 1370
    ok 1371
    ok 1372
    ok 1373
    ok 1374
    ok 1375
    ok 1376
    ok 1377
    ok 1378
    ok 1379
    ok 1380
    ok 1381
    ok 1382
    ok 1383
    ok 1384
    ok 1385
    ok 1386
    ok 1387
    ok 1388
    ok 1389
    ok 1390
    ok 1391
    ok 1392
    ok 1393
    ok 1394
    ok 1395
    ok 1396
    ok 1397
    ok 1398
    ok 1399
    ok 1400
    ok 1401
    ok 1402
    ok 1403
    ok 1404
    ok 1405
    ok 1406
    ok 1407
    ok 1408
    ok 1409
    ok 1410
    ok 1411
    ok 1412
    ok 1413
    ok 1414
    ok 1415
    ok 1416
    ok 1417
    ok 1418
    ok 1419
    ok 1420
    ok 1421
    ok 1422
    ok 1423
    ok 1424
    ok 1425
    ok 1426
    ok 1427
    ok 1428
    ok 1429
    ok 1430
    ok 1431
    ok 1432
    ok 1433
    ok 1434
    ok 1435
    ok 1436
    ok 1437
    ok 1438
    ok 1439
    ok 1440
    ok 1441
    ok 1442
    ok 1443
    ok 1444
    ok 1445
    ok 1446
    ok 1447
    ok 1448
    ok 1449
    ok 1450
    ok 1451
    ok 1452
    ok 1453
    ok 1454
    ok 1455
    ok 1456
    ok 1457
    ok 1458
    ok 1459
    ok 1460
    ok 1461
    ok 1462
    ok 1463
    ok 1464
    ok 1465
    ok 1466
    ok 1467
    ok 1468
    ok 1469
    ok 1470
    ok 1471
    ok 1472
    ok 1473
    ok 1474
    ok 1475
    ok 1476
    ok 1477
    ok 1478
    ok 1479
    ok 1480
    ok 1481
    ok 1482
    ok 1483
    ok 1484
    ok 1485
    ok 1486
    ok 1487
    ok 1488
    ok 1489
    ok 1490
    ok 1491
    ok 1492
    ok 1493
    ok 1494
    ok 1495
    ok 1496
    ok 1497
    ok 1498
    ok 1499
    ok 1500
    ok 1501
    ok 1502
    ok 1503
    ok 1504
    ok 1505
    ok 1506
    ok 1507
    ok 1508
    ok 1509
    ok 1510
    ok 1511
    ok 1512
    ok 1513
    ok 1514
    ok 1515
    ok 1516
    ok 1517
    ok 1518
    ok 1519
    ok 1520
    ok 1521
    ok 1522
    ok 1523
    ok 1524
    ok 1525
    ok 1526
    ok 1527
    ok 1528
    ok 1529
    ok 1530
    ok 1531
    ok 1532
    ok 1533
    ok 1534
    ok 1535
    ok 1536
    ok 1537
    ok 1538
    ok 1539
    ok 1540
    ok 1541
    ok 1542
    ok 1543
    ok 1544
    ok 1545
    ok 1546
    ok 1547
    ok 1548
    ok 1549
    ok 1550
    ok 1551
    ok 1552
    ok 1553
    ok 1554
    ok 1555
    ok 1556
    ok 1557
    ok 1558
    ok 1559
    ok 1560
    ok 1561
    ok 1562
    ok 1563
    ok 1564
    ok 1565
    ok 1566
    ok 1567
    ok 1568
    ok 1569
    ok 1570
    ok 1571
    ok 1572
    ok 1573
    ok 1574
    ok 1575
    ok 1576
    ok 1577
    ok 1578
    ok 1579
    ok 1580
    ok 1581
    ok 1582
    ok 1583
    ok 1584
    ok 1585
    ok 1586
    ok 1587
    ok 1588
    ok 1589
    ok 1590
    ok 1591
    ok 1592
    ok 1593
    ok 1594
    ok 1595
    ok 1596
    ok 1597
    ok 1598
    ok 1599
    ok 1600
    ok 1601
    ok 1602
    ok 1603
    ok 1604
    ok 1605
    ok 1606
    ok 1607
    ok 1608
    ok 1609
    ok 1610
    ok 1611
    ok 1612
    ok 1613
    ok 1614
    ok 1615
    ok 1616
    ok 1617
    ok 1618
    ok 1619
    ok 1620
    ok 1621
    ok 1622
    ok 1623
    ok 1624
    ok 1625
    ok 1626
    ok 1627
    ok 1628
    ok 1629
    ok 1630
    ok 1631
    ok 1632
    ok 1633
    ok 1634
    ok 1635
    ok 1636
    ok 1637
    ok 1638
    ok 1639
    ok 1640
    ok 1641
    ok 1642
    ok 1643
    ok 1644
    ok 1645
    ok 1646
    ok 1647
    ok 1648
    ok 1649
    ok 1650
    ok 1651
    ok 1652
    ok 1653
    ok 1654
    ok 1655
    ok 1656
    ok 1657
    ok 1658
    ok 1659
    ok 1660
    ok 1661
    ok 1662
    ok 1663
    ok 1664
    ok 1665
    ok 1666
    ok 1667
    ok 1668
    ok 1669
    ok 1670
    ok 1671
    ok 1672
    ok 1673
    ok 1674
    ok 1675
    ok 1676
    ok 1677
    ok 1678
    ok 1679
    ok 1680
    ok 1681
    ok 1682
    ok 1683
    ok 1684
    ok 1685
    ok 1686
    ok 1687
    ok 1688
    ok 1689
    ok 1690
    ok 1691
    ok 1692
    ok 1693
    ok 1694
    ok 1695
    ok 1696
    ok 1697
    ok 1698
    ok 1699
    ok 1700
    ok 1701
    ok 1702
    ok 1703
    ok 1704
    ok 1705
    ok 1706
    ok 1707
    ok 1708
    ok 1709
    ok 1710
    ok 1711
    ok 1712
    ok 1713
    ok 1714
    ok 1715
    ok 1716
    ok 1717
    ok 1718
    ok 1719
    ok 1720
    ok 1721
    ok 1722
    ok 1723
    ok 1724
    ok 1725
    ok 1726
    ok 1727
    ok 1728
    ok 1729
    ok 1730
    ok 1731
    ok 1732
    ok 1733
    ok 1734
    ok 1735
    ok 1736
    ok 1737
    ok 1738
    ok 1739
    ok 1740
    ok 1741
    ok 1742
    ok 1743
    ok 1744
    ok 1745
    ok 1746
    ok 1747
    ok 1748
    ok 1749
    ok 1750
    ok 1751
    ok 1752
    ok 1753
    ok 1754
    ok 1755
    ok 1756
    ok 1757
    ok 1758
    ok 1759
    ok 1760
    ok 1761
    ok 1762
    ok 1763
    ok 1764
    ok 1765
    ok 1766
    ok 1767
    ok 1768
    ok 1769
    ok 1770
    ok 1771
    ok 1772
    ok 1773
    ok 1774
    ok 1775
    ok 1776
    ok 1777
    ok 1778
    ok 1779
    ok 1780
    ok 1781
    ok 1782
    ok 1783
    ok 1784
    ok 1785
    ok 1786
    ok 1787
    ok 1788
    ok 1789
    ok 1790
    ok 1791
    ok 1792
    ok 1793
    ok 1794
    ok 1795
    ok 1796
    ok 1797
    ok 1798
    ok 1799
    ok 1800
    ok 1801
    ok 1802
    ok 1803
    ok 1804
    ok 1805
    ok 1806
    ok 1807
    ok 1808
    ok 1809
    ok 1810
    ok 1811
    ok 1812
    ok 1813
    ok 1814
    ok 1815
    ok 1816
    ok 1817
    ok 1818
    ok 1819
    ok 1820
    ok 1821
    ok 1822
    ok 1823
    ok 1824
    ok 1825
    ok 1826
    ok 1827
    ok 1828
    ok 1829
    ok 1830
    ok 1831
    ok 1832
    ok 1833
    ok 1834
    ok 1835
    ok 1836
    ok 1837
    ok 1838
    ok 1839
    ok 1840
    ok 1841
    ok 1842
    ok 1843
    ok 1844
    ok 1845
    ok 1846
    ok 1847
    ok 1848
    ok 1849
    ok 1850
    ok 1851
    ok 1852
    ok 1853
    ok 1854
    ok 1855
    ok 1856
    ok 1857
    ok 1858
    ok 1859
    ok 1860
    ok 1861
    ok 1862
    ok 1863
    ok 1864
    ok 1865
    ok 1866
    ok 1867
    ok 1868
    ok 1869
    ok 1870
    ok 1871
    ok 1872
    ok 1873
    ok 1874
    ok 1875
    ok 1876
    ok 1877
    ok 1878
    ok 1879
    ok 1880
    ok 1881
    ok 1882
    ok 1883
    ok 1884
    ok 1885
    ok 1886
    ok 1887
    ok 1888
    ok 1889
    ok 1890
    ok 1891
    ok 1892
    ok 1893
    ok 1894
    ok 1895
    ok 1896
    ok 1897
    ok 1898
    ok 1899
    ok 1900
    ok 1901
    ok 1902
    ok 1903
    ok 1904
    ok 1905
    ok 1906
    ok 1907
    ok 1908
    ok 1909
    ok 1910
    ok 1911
    ok 1912
    ok 1913
    ok 1914
    ok 1915
    ok 1916
    ok 1917
    ok 1918
    ok 1919
    ok 1920
    ok 1921
    ok 1922
    ok 1923
    ok 1924
    ok 1925
    ok 1926
    ok 1927
    ok 1928
    ok 1929
    ok 1930
    ok 1931
    ok 1932
    ok 1933
    ok 1934
    ok 1935
    ok 1936
    ok 1937
    ok 1938
    ok 1939
    ok 1940
    ok 1941
    ok 1942
    ok 1943
    ok 1944
    ok 1945
    ok 1946
    ok 1947
    ok 1948
    ok 1949
    ok 1950
    ok 1951
    ok 1952
    ok 1953
    ok 1954
    ok 1955
    ok 1956
    ok 1957
    ok 1958
    ok 1959
    ok 1960
    ok 1961
    ok 1962
    ok 1963
    ok 1964
    ok 1965
    ok 1966
    ok 1967
    ok 1968
    ok 1969
    ok 1970
    ok 1971
    ok 1972
    ok 1973
    ok 1974
    ok 1975
    ok 1976
    ok 1977
    ok 1978
    ok 1979
    ok 1980
    ok 1981
    ok 1982
    ok 1983
    ok 1984
    ok 1985
    ok 1986
    ok 1987
    ok 1988
    ok 1989
    ok 1990
    ok 1991
    ok 1992
    ok 1993
    ok 1994
    ok 1995
    ok 1996
    ok 1997
    ok 1998
    ok 1999
    ok 2000
    ok 2001
    ok 2002
    ok 2003
    ok 2004
    ok 2005
    ok 2006
    ok 2007
    ok 2008
    ok 2009
    ok 2010
    ok 2011
    ok 2012
    ok 2013
    ok 2014
    ok 2015
    ok 2016
    ok 2017
    ok 2018
    ok 2019
    ok 2020
    ok 2021
    ok 2022
    ok 2023 - No memory leaks in bsearch (leaks 0 <= 0)
    ok 2024 - No memory leaks in bsearch with stack-growing (leaks 0 <= 0)
    ok 2025 - No memory leaks in bsearch with stack-growing and exception (leaks 0 <= 0)
    ok 2026 - is_dying()
    ok 2027
    1..2027
ok 39 - bsearch
# Subtest: bsearchidx
    ok 1
    ok 2
    ok 3
    ok 4
    ok 5
    ok 6
    ok 7
    ok 8
    ok 9
    ok 10
    ok 11
    ok 12
    ok 13
    ok 14
    ok 15
    ok 16
    ok 17
    ok 18
    ok 19
    ok 20
    ok 21
    ok 22
    ok 23
    ok 24
    ok 25
    ok 26
    ok 27
    ok 28
    ok 29
    ok 30
    ok 31
    ok 32
    ok 33
    ok 34
    ok 35
    ok 36
    ok 37
    ok 38
    ok 39
    ok 40
    ok 41
    ok 42
    ok 43
    ok 44
    ok 45
    ok 46
    ok 47
    ok 48
    ok 49
    ok 50
    ok 51
    ok 52
    ok 53
    ok 54
    ok 55
    ok 56
    ok 57
    ok 58
    ok 59
    ok 60
    ok 61
    ok 62
    ok 63
    ok 64
    ok 65
    ok 66
    ok 67
    ok 68
    ok 69
    ok 70
    ok 71
    ok 72
    ok 73
    ok 74
    ok 75
    ok 76
    ok 77
    ok 78
    ok 79
    ok 80
    ok 81
    ok 82
    ok 83
    ok 84
    ok 85
    ok 86
    ok 87
    ok 88
    ok 89
    ok 90
    ok 91
    ok 92
    ok 93
    ok 94
    ok 95
    ok 96
    ok 97
    ok 98
    ok 99
    ok 100
    ok 101
    ok 102
    ok 103
    ok 104
    ok 105
    ok 106
    ok 107
    ok 108
    ok 109
    ok 110
    ok 111
    ok 112
    ok 113
    ok 114
    ok 115
    ok 116
    ok 117
    ok 118
    ok 119
    ok 120
    ok 121
    ok 122
    ok 123
    ok 124
    ok 125
    ok 126
    ok 127
    ok 128
    ok 129
    ok 130
    ok 131
    ok 132
    ok 133
    ok 134
    ok 135
    ok 136
    ok 137
    ok 138
    ok 139
    ok 140
    ok 141
    ok 142
    ok 143
    ok 144
    ok 145
    ok 146
    ok 147
    ok 148
    ok 149
    ok 150
    ok 151
    ok 152
    ok 153
    ok 154
    ok 155
    ok 156
    ok 157
    ok 158
    ok 159
    ok 160
    ok 161
    ok 162
    ok 163
    ok 164
    ok 165
    ok 166
    ok 167
    ok 168
    ok 169
    ok 170
    ok 171
    ok 172
    ok 173
    ok 174
    ok 175
    ok 176
    ok 177
    ok 178
    ok 179
    ok 180
    ok 181
    ok 182
    ok 183
    ok 184
    ok 185
    ok 186
    ok 187
    ok 188
    ok 189
    ok 190
    ok 191
    ok 192
    ok 193
    ok 194
    ok 195
    ok 196
    ok 197
    ok 198
    ok 199
    ok 200
    ok 201
    ok 202
    ok 203
    ok 204
    ok 205
    ok 206
    ok 207
    ok 208
    ok 209
    ok 210
    ok 211
    ok 212
    ok 213
    ok 214
    ok 215
    ok 216
    ok 217
    ok 218
    ok 219
    ok 220
    ok 221
    ok 222
    ok 223
    ok 224
    ok 225
    ok 226
    ok 227
    ok 228
    ok 229
    ok 230
    ok 231
    ok 232
    ok 233
    ok 234
    ok 235
    ok 236
    ok 237
    ok 238
    ok 239
    ok 240
    ok 241
    ok 242
    ok 243
    ok 244
    ok 245
    ok 246
    ok 247
    ok 248
    ok 249
    ok 250
    ok 251
    ok 252
    ok 253
    ok 254
    ok 255
    ok 256
    ok 257
    ok 258
    ok 259
    ok 260
    ok 261
    ok 262
    ok 263
    ok 264
    ok 265
    ok 266
    ok 267
    ok 268
    ok 269
    ok 270
    ok 271
    ok 272
    ok 273
    ok 274
    ok 275
    ok 276
    ok 277
    ok 278
    ok 279
    ok 280
    ok 281
    ok 282
    ok 283
    ok 284
    ok 285
    ok 286
    ok 287
    ok 288
    ok 289
    ok 290
    ok 291
    ok 292
    ok 293
    ok 294
    ok 295
    ok 296
    ok 297
    ok 298
    ok 299
    ok 300
    ok 301
    ok 302
    ok 303
    ok 304
    ok 305
    ok 306
    ok 307
    ok 308
    ok 309
    ok 310
    ok 311
    ok 312
    ok 313
    ok 314
    ok 315
    ok 316
    ok 317
    ok 318
    ok 319
    ok 320
    ok 321
    ok 322
    ok 323
    ok 324
    ok 325
    ok 326
    ok 327
    ok 328
    ok 329
    ok 330
    ok 331
    ok 332
    ok 333
    ok 334
    ok 335
    ok 336
    ok 337
    ok 338
    ok 339
    ok 340
    ok 341
    ok 342
    ok 343
    ok 344
    ok 345
    ok 346
    ok 347
    ok 348
    ok 349
    ok 350
    ok 351
    ok 352
    ok 353
    ok 354
    ok 355
    ok 356
    ok 357
    ok 358
    ok 359
    ok 360
    ok 361
    ok 362
    ok 363
    ok 364
    ok 365
    ok 366
    ok 367
    ok 368
    ok 369
    ok 370
    ok 371
    ok 372
    ok 373
    ok 374
    ok 375
    ok 376
    ok 377
    ok 378
    ok 379
    ok 380
    ok 381
    ok 382
    ok 383
    ok 384
    ok 385
    ok 386
    ok 387
    ok 388
    ok 389
    ok 390
    ok 391
    ok 392
    ok 393
    ok 394
    ok 395
    ok 396
    ok 397
    ok 398
    ok 399
    ok 400
    ok 401
    ok 402
    ok 403
    ok 404
    ok 405
    ok 406
    ok 407
    ok 408
    ok 409
    ok 410
    ok 411
    ok 412
    ok 413
    ok 414
    ok 415
    ok 416
    ok 417
    ok 418
    ok 419
    ok 420
    ok 421
    ok 422
    ok 423
    ok 424
    ok 425
    ok 426
    ok 427
    ok 428
    ok 429
    ok 430
    ok 431
    ok 432
    ok 433
    ok 434
    ok 435
    ok 436
    ok 437
    ok 438
    ok 439
    ok 440
    ok 441
    ok 442
    ok 443
    ok 444
    ok 445
    ok 446
    ok 447
    ok 448
    ok 449
    ok 450
    ok 451
    ok 452
    ok 453
    ok 454
    ok 455
    ok 456
    ok 457
    ok 458
    ok 459
    ok 460
    ok 461
    ok 462
    ok 463
    ok 464
    ok 465
    ok 466
    ok 467
    ok 468
    ok 469
    ok 470
    ok 471
    ok 472
    ok 473
    ok 474
    ok 475
    ok 476
    ok 477
    ok 478
    ok 479
    ok 480
    ok 481
    ok 482
    ok 483
    ok 484
    ok 485
    ok 486
    ok 487
    ok 488
    ok 489
    ok 490
    ok 491
    ok 492
    ok 493
    ok 494
    ok 495
    ok 496
    ok 497
    ok 498
    ok 499
    ok 500
    ok 501
    ok 502
    ok 503
    ok 504
    ok 505
    ok 506
    ok 507
    ok 508
    ok 509
    ok 510
    ok 511
    ok 512
    ok 513
    ok 514
    ok 515
    ok 516
    ok 517
    ok 518
    ok 519
    ok 520
    ok 521
    ok 522
    ok 523
    ok 524
    ok 525
    ok 526
    ok 527
    ok 528
    ok 529
    ok 530
    ok 531
    ok 532
    ok 533
    ok 534
    ok 535
    ok 536
    ok 537
    ok 538
    ok 539
    ok 540
    ok 541
    ok 542
    ok 543
    ok 544
    ok 545
    ok 546
    ok 547
    ok 548
    ok 549
    ok 550
    ok 551
    ok 552
    ok 553
    ok 554
    ok 555
    ok 556
    ok 557
    ok 558
    ok 559
    ok 560
    ok 561
    ok 562
    ok 563
    ok 564
    ok 565
    ok 566
    ok 567
    ok 568
    ok 569
    ok 570
    ok 571
    ok 572
    ok 573
    ok 574
    ok 575
    ok 576
    ok 577
    ok 578
    ok 579
    ok 580
    ok 581
    ok 582
    ok 583
    ok 584
    ok 585
    ok 586
    ok 587
    ok 588
    ok 589
    ok 590
    ok 591
    ok 592
    ok 593
    ok 594
    ok 595
    ok 596
    ok 597
    ok 598
    ok 599
    ok 600
    ok 601
    ok 602
    ok 603
    ok 604
    ok 605
    ok 606
    ok 607
    ok 608
    ok 609
    ok 610
    ok 611
    ok 612
    ok 613
    ok 614
    ok 615
    ok 616
    ok 617
    ok 618
    ok 619
    ok 620
    ok 621
    ok 622
    ok 623
    ok 624
    ok 625
    ok 626
    ok 627
    ok 628
    ok 629
    ok 630
    ok 631
    ok 632
    ok 633
    ok 634
    ok 635
    ok 636
    ok 637
    ok 638
    ok 639
    ok 640
    ok 641
    ok 642
    ok 643
    ok 644
    ok 645
    ok 646
    ok 647
    ok 648
    ok 649
    ok 650
    ok 651
    ok 652
    ok 653
    ok 654
    ok 655
    ok 656
    ok 657
    ok 658
    ok 659
    ok 660
    ok 661
    ok 662
    ok 663
    ok 664
    ok 665
    ok 666
    ok 667
    ok 668
    ok 669
    ok 670
    ok 671
    ok 672
    ok 673
    ok 674
    ok 675
    ok 676
    ok 677
    ok 678
    ok 679
    ok 680
    ok 681
    ok 682
    ok 683
    ok 684
    ok 685
    ok 686
    ok 687
    ok 688
    ok 689
    ok 690
    ok 691
    ok 692
    ok 693
    ok 694
    ok 695
    ok 696
    ok 697
    ok 698
    ok 699
    ok 700
    ok 701
    ok 702
    ok 703
    ok 704
    ok 705
    ok 706
    ok 707
    ok 708
    ok 709
    ok 710
    ok 711
    ok 712
    ok 713
    ok 714
    ok 715
    ok 716
    ok 717
    ok 718
    ok 719
    ok 720
    ok 721
    ok 722
    ok 723
    ok 724
    ok 725
    ok 726
    ok 727
    ok 728
    ok 729
    ok 730
    ok 731
    ok 732
    ok 733
    ok 734
    ok 735
    ok 736
    ok 737
    ok 738
    ok 739
    ok 740
    ok 741
    ok 742
    ok 743
    ok 744
    ok 745
    ok 746
    ok 747
    ok 748
    ok 749
    ok 750
    ok 751
    ok 752
    ok 753
    ok 754
    ok 755
    ok 756
    ok 757
    ok 758
    ok 759
    ok 760
    ok 761
    ok 762
    ok 763
    ok 764
    ok 765
    ok 766
    ok 767
    ok 768
    ok 769
    ok 770
    ok 771
    ok 772
    ok 773
    ok 774
    ok 775
    ok 776
    ok 777
    ok 778
    ok 779
    ok 780
    ok 781
    ok 782
    ok 783
    ok 784
    ok 785
    ok 786
    ok 787
    ok 788
    ok 789
    ok 790
    ok 791
    ok 792
    ok 793
    ok 794
    ok 795
    ok 796
    ok 797
    ok 798
    ok 799
    ok 800
    ok 801
    ok 802
    ok 803
    ok 804
    ok 805
    ok 806
    ok 807
    ok 808
    ok 809
    ok 810
    ok 811
    ok 812
    ok 813
    ok 814
    ok 815
    ok 816
    ok 817
    ok 818
    ok 819
    ok 820
    ok 821
    ok 822
    ok 823
    ok 824
    ok 825
    ok 826
    ok 827
    ok 828
    ok 829
    ok 830
    ok 831
    ok 832
    ok 833
    ok 834
    ok 835
    ok 836
    ok 837
    ok 838
    ok 839
    ok 840
    ok 841
    ok 842
    ok 843
    ok 844
    ok 845
    ok 846
    ok 847
    ok 848
    ok 849
    ok 850
    ok 851
    ok 852
    ok 853
    ok 854
    ok 855
    ok 856
    ok 857
    ok 858
    ok 859
    ok 860
    ok 861
    ok 862
    ok 863
    ok 864
    ok 865
    ok 866
    ok 867
    ok 868
    ok 869
    ok 870
    ok 871
    ok 872
    ok 873
    ok 874
    ok 875
    ok 876
    ok 877
    ok 878
    ok 879
    ok 880
    ok 881
    ok 882
    ok 883
    ok 884
    ok 885
    ok 886
    ok 887
    ok 888
    ok 889
    ok 890
    ok 891
    ok 892
    ok 893
    ok 894
    ok 895
    ok 896
    ok 897
    ok 898
    ok 899
    ok 900
    ok 901
    ok 902
    ok 903
    ok 904
    ok 905
    ok 906
    ok 907
    ok 908
    ok 909
    ok 910
    ok 911
    ok 912
    ok 913
    ok 914
    ok 915
    ok 916
    ok 917
    ok 918
    ok 919
    ok 920
    ok 921
    ok 922
    ok 923
    ok 924
    ok 925
    ok 926
    ok 927
    ok 928
    ok 929
    ok 930
    ok 931
    ok 932
    ok 933
    ok 934
    ok 935
    ok 936
    ok 937
    ok 938
    ok 939
    ok 940
    ok 941
    ok 942
    ok 943
    ok 944
    ok 945
    ok 946
    ok 947
    ok 948
    ok 949
    ok 950
    ok 951
    ok 952
    ok 953
    ok 954
    ok 955
    ok 956
    ok 957
    ok 958
    ok 959
    ok 960
    ok 961
    ok 962
    ok 963
    ok 964
    ok 965
    ok 966
    ok 967
    ok 968
    ok 969
    ok 970
    ok 971
    ok 972
    ok 973
    ok 974
    ok 975
    ok 976
    ok 977
    ok 978
    ok 979
    ok 980
    ok 981
    ok 982
    ok 983
    ok 984
    ok 985
    ok 986
    ok 987
    ok 988
    ok 989
    ok 990
    ok 991
    ok 992
    ok 993
    ok 994
    ok 995
    ok 996
    ok 997
    ok 998
    ok 999
    ok 1000
    ok 1001
    ok 1002
    ok 1003
    ok 1004
    ok 1005
    ok 1006
    ok 1007
    ok 1008
    ok 1009
    ok 1010
    ok 1011
    ok 1012
    ok 1013
    ok 1014
    ok 1015
    ok 1016
    ok 1017
    ok 1018
    ok 1019
    ok 1020
    ok 1021
    ok 1022
    ok 1023 - No memory leaks in bsearch (leaks 0 <= 0)
    ok 1024 - No memory leaks in bsearch with stack-growing (leaks 0 <= 0)
    ok 1025 - No memory leaks in bsearch with stack-growing and exception (leaks 0 <= 0)
    ok 1026 - is_dying()
    ok 1027
    1..1027
ok 40 - bsearchidx
# Subtest: mode
    ok 1 - mode of list without repeats is the list itself
    ok 2 - mode returns modality in scalar context
    ok 3 - mode of list with one repeat is the repeated item
    ok 4 - mode returns modality in scalar context
    ok 5 - mode of bimodal list
    ok 6 - mode returns modality in scalar context
    ok 7 - mode of trimodal list
    ok 8 - mode of list with multiple repeats is the most repeated item
    ok 9 - mode of empty list is an empty list
    ok 10 - mode returns modality in scalar context
    ok 11 - mode of list of strings
    ok 12 - objects passed to mode are stringified
    ok 13 - No memory leaks in mode (leaks 0 <= 0)
    ok 14
    1..14
ok 41 - mode
1..41
ok
t/Import.t ............. 
ok 1 - use List::SomeUtils;
1..1
ok
t/ab.t ................. 
ok 1 - pw1
1..1
ok
t/pp-only.t ............ 
ok 1 - List::SomeUtils is using PP implementation
1..1
ok
All tests successful.
Files=5, Tests=45, 19 wallclock secs ( 2.52 usr  0.53 sys + 16.20 cusr  2.50 csys = 21.75 CPU)
Result: PASS
autopkgtest: DBG: testbed command exited with code 0
autopkgtest [21:16:18]: test autodep8-perl-build-deps: -----------------------]
autopkgtest: DBG: testbed executing test finished with exit status 0
autopkgtest: DBG: sending command to testbed: copyup /tmp/autopkgtest.IpZve4/autodep8-perl-build-deps-stdout /home/minami/Documents/openkylin-riscv/test/liblist-someutils-perl/autodep8-perl-build-deps-stdout
autopkgtest-virt-qemu: DBG: executing copyup /tmp/autopkgtest.IpZve4/autodep8-perl-build-deps-stdout /home/minami/Documents/openkylin-riscv/test/liblist-someutils-perl/autodep8-perl-build-deps-stdout
autopkgtest-virt-qemu: DBG: ['cmdls', "(['/tmp/autopkgtest-qemu.cj_1iob5/runcmd', 'sh', '-ec', 'cat </tmp/autopkgtest.IpZve4/autodep8-perl-build-deps-stdout'], ['cat'])"]
autopkgtest-virt-qemu: DBG: ['srcstdin', "<_io.BufferedReader name='/dev/null'>", 'deststdout', "<_io.BufferedWriter name='/home/minami/Documents/openkylin-riscv/test/liblist-someutils-perl/autodep8-perl-build-deps-stdout'>", 'devnull_read', <_io.BufferedReader name='/dev/null'>]
autopkgtest-virt-qemu: DBG:  +< /tmp/autopkgtest-qemu.cj_1iob5/runcmd sh -ec cat </tmp/autopkgtest.IpZve4/autodep8-perl-build-deps-stdout
autopkgtest-virt-qemu: DBG:  +> cat
autopkgtest-virt-qemu: DBG:  +>?
autopkgtest-virt-qemu: DBG:  +<?
autopkgtest: DBG: got reply from testbed: ok
autopkgtest: DBG: sending command to testbed: copyup /tmp/autopkgtest.IpZve4/autodep8-perl-build-deps-stderr /home/minami/Documents/openkylin-riscv/test/liblist-someutils-perl/autodep8-perl-build-deps-stderr
autopkgtest-virt-qemu: DBG: executing copyup /tmp/autopkgtest.IpZve4/autodep8-perl-build-deps-stderr /home/minami/Documents/openkylin-riscv/test/liblist-someutils-perl/autodep8-perl-build-deps-stderr
autopkgtest-virt-qemu: DBG: ['cmdls', "(['/tmp/autopkgtest-qemu.cj_1iob5/runcmd', 'sh', '-ec', 'cat </tmp/autopkgtest.IpZve4/autodep8-perl-build-deps-stderr'], ['cat'])"]
autopkgtest-virt-qemu: DBG: ['srcstdin', "<_io.BufferedReader name='/dev/null'>", 'deststdout', "<_io.BufferedWriter name='/home/minami/Documents/openkylin-riscv/test/liblist-someutils-perl/autodep8-perl-build-deps-stderr'>", 'devnull_read', <_io.BufferedReader name='/dev/null'>]
autopkgtest-virt-qemu: DBG:  +< /tmp/autopkgtest-qemu.cj_1iob5/runcmd sh -ec cat </tmp/autopkgtest.IpZve4/autodep8-perl-build-deps-stderr
autopkgtest-virt-qemu: DBG:  +> cat
autopkgtest-virt-qemu: DBG:  +>?
autopkgtest-virt-qemu: DBG:  +<?
autopkgtest: DBG: got reply from testbed: ok
autopkgtest [21:16:19]: test autodep8-perl-build-deps:  - - - - - - - - - - results - - - - - - - - - -
autodep8-perl-build-deps PASS
autopkgtest: DBG: sending command to testbed: copyup /tmp/autopkgtest.IpZve4/autodep8-perl-build-deps-artifacts/ /home/minami/Documents/openkylin-riscv/test/liblist-someutils-perl/artifacts/
autopkgtest-virt-qemu: DBG: executing copyup /tmp/autopkgtest.IpZve4/autodep8-perl-build-deps-artifacts/ /home/minami/Documents/openkylin-riscv/test/liblist-someutils-perl/artifacts/
autopkgtest-virt-qemu: DBG: ['cmdls', "(['/tmp/autopkgtest-qemu.cj_1iob5/runcmd', 'sh', '-ec', 'cd /tmp/autopkgtest.IpZve4/autodep8-perl-build-deps-artifacts/; tar --warning=none -c . -f -'], ['tar', '--directory', '/home/minami/Documents/openkylin-riscv/test/liblist-someutils-perl/artifacts/', '--warning=none', '--preserve-permissions', '--extract', '--no-same-owner', '-f', '-'])"]
autopkgtest-virt-qemu: DBG: ['srcstdin', "<_io.BufferedReader name='/dev/null'>", 'deststdout', "<_io.BufferedReader name='/dev/null'>", 'devnull_read', <_io.BufferedReader name='/dev/null'>]
autopkgtest-virt-qemu: DBG:  +< /tmp/autopkgtest-qemu.cj_1iob5/runcmd sh -ec cd /tmp/autopkgtest.IpZve4/autodep8-perl-build-deps-artifacts/; tar --warning=none -c . -f -
autopkgtest-virt-qemu: DBG:  +> tar --directory /home/minami/Documents/openkylin-riscv/test/liblist-someutils-perl/artifacts/ --warning=none --preserve-permissions --extract --no-same-owner -f -
autopkgtest-virt-qemu: DBG:  +>?
autopkgtest-virt-qemu: DBG:  +<?
autopkgtest: DBG: got reply from testbed: ok
autopkgtest: DBG: testbed command ['rm', '-rf', '/tmp/autopkgtest.IpZve4/autodep8-perl-build-deps-artifacts', '/tmp/autopkgtest.IpZve4/autopkgtest_tmp'], kind short, sout raw, serr pipe, env []
autopkgtest: DBG: testbed command exited with code 0
autopkgtest [21:16:20]: test autodep8-perl: preparing testbed
autopkgtest: DBG: testbed reset: modified=False, deps_installed=['liblist-someutils-perl', 'debhelper-compat (= 12)', 'perl', 'libmodule-implementation-perl', 'libtest-leaktrace-perl', 'build-essential', 'pkg-perl-autopkgtest'], deps_new=['liblist-someutils-perl', 'pkg-perl-autopkgtest']
autopkgtest: DBG: testbed reset
autopkgtest: DBG: sending command to testbed: revert
autopkgtest-virt-qemu: DBG: executing revert
autopkgtest-virt-qemu: DBG: execute-timeout: /tmp/autopkgtest-qemu.cj_1iob5/runcmd rm -rf -- /tmp/autopkgtest.IpZve4
qemu-system-riscv64: terminating on signal 15 from pid 106822 (/usr/bin/python3)
autopkgtest-virt-qemu: DBG: find_free_port: trying 10022
autopkgtest-virt-qemu: DBG: find_free_port: 10022 is free
autopkgtest-virt-qemu: DBG: autopkgtest does not know how to boot this machine, hopefully nothing special needs to be done?
autopkgtest-virt-qemu: DBG: qemu architecture: riscv64
autopkgtest-virt-qemu: DBG: qemu command: qemu-system-riscv64
autopkgtest-virt-qemu: DBG: execute-timeout: qemu-img info --output=json /home/minami/Documents/openkylin-riscv/update.qcow2
autopkgtest-virt-qemu: DBG: Creating temporary overlay image in /tmp/autopkgtest-qemu.p6ag34e0/overlay.img
autopkgtest-virt-qemu: DBG: execute-timeout: qemu-img create -f qcow2 -F qcow2 -b /home/minami/Documents/openkylin-riscv/update.qcow2 /tmp/autopkgtest-qemu.p6ag34e0/overlay.img
autopkgtest-virt-qemu: DBG: Forwarding local port 10022 to VM ssh port 22
autopkgtest-virt-qemu: DBG: Assuming nothing special needs to be done to set up firmware to boot this machine (boot method: none)
autopkgtest-virt-qemu: DBG: full qemu command-line: ['qemu-system-riscv64', '-m', '8192', '-smp', '8', '-nographic', '-device', 'virtio-net-device,netdev=usernet', '-netdev', 'user,id=usernet,hostfwd=tcp:127.0.0.1:10022-:22', '-object', 'rng-random,filename=/dev/urandom,id=rng0', '-device', 'virtio-rng-pci,rng=rng0,id=rng-device0', '-monitor', 'unix:/tmp/autopkgtest-qemu.p6ag34e0/monitor,server=on,wait=off', '-virtfs', 'local,id=autopkgtest,path=/tmp/autopkgtest-qemu.p6ag34e0/shared,security_model=none,mount_tag=autopkgtest', '-device', 'virtio-serial', '-chardev', 'socket,path=/tmp/autopkgtest-qemu.p6ag34e0/hvc0,server=on,wait=off,id=hvc0', '-device', 'virtconsole,chardev=hvc0', '-chardev', 'socket,path=/tmp/autopkgtest-qemu.p6ag34e0/hvc1,server=on,wait=off,id=hvc1', '-device', 'virtconsole,chardev=hvc1', '-serial', 'unix:/tmp/autopkgtest-qemu.p6ag34e0/ttyS0,server=on,wait=off', '-drive', 'index=0,file=/tmp/autopkgtest-qemu.p6ag34e0/overlay.img,format=qcow2,cache=unsafe,if=virtio,discard=unmap', '-machine', 'virt', '-kernel', '/home/minami/Documents/ukylin/u-boot.bin']
autopkgtest-virt-qemu: DBG: expect: b' login: '
autopkgtest-virt-qemu: DBG: expect: found "'login prompt on serial console'"
autopkgtest-virt-qemu: DBG: expect: b'ok'
autopkgtest-virt-qemu: DBG: expect: found "b'ok'"
autopkgtest-virt-qemu: DBG: setup_shell(): there already is a shell on hvc1
qemu-system-riscv64: warning: 9p: degraded performance: a reasonable high msize should be chosen on client/guest side (chosen msize is <= 8192). See https://wiki.qemu.org/Documentation/9psetup#msize for details.
autopkgtest-virt-qemu: DBG: expect: b'13b4992c-a18c-4c78-9057-78be4a8dbfb2[1]'
autopkgtest-virt-qemu: DBG: expect: found "b'13b4992c-a18c-4c78-9057-78be4a8dbfb2[1]'"
autopkgtest-virt-qemu: DBG: expect: b'13b4992c-a18c-4c78-9057-78be4a8dbfb2[2]'
autopkgtest-virt-qemu: DBG: expect: found "b'13b4992c-a18c-4c78-9057-78be4a8dbfb2[2]'"
autopkgtest-virt-qemu: DBG: expect: b'13b4992c-a18c-4c78-9057-78be4a8dbfb2[3]'
autopkgtest-virt-qemu: DBG: expect: found "b'13b4992c-a18c-4c78-9057-78be4a8dbfb2[3]'"
autopkgtest-virt-qemu: DBG: expect: b'/python'
autopkgtest-virt-qemu: DBG: expect: found "b'/python'"
autopkgtest-virt-qemu: DBG: expect: b'# '
autopkgtest-virt-qemu: DBG: expect: found "b'# '"
autopkgtest-virt-qemu: DBG: expect: b'13b4992c-a18c-4c78-9057-78be4a8dbfb2[4]'
autopkgtest-virt-qemu: DBG: expect: found "b'13b4992c-a18c-4c78-9057-78be4a8dbfb2[4]'"
autopkgtest-virt-qemu: DBG: execute-timeout: /tmp/autopkgtest-qemu.p6ag34e0/runcmd true
autopkgtest-virt-qemu: DBG: can connect to autopkgtest sh in VM
autopkgtest-virt-qemu: DBG: expect: b'13b4992c-a18c-4c78-9057-78be4a8dbfb2[5]'
autopkgtest-virt-qemu: DBG: expect: found "b'13b4992c-a18c-4c78-9057-78be4a8dbfb2[5]'"
autopkgtest-virt-qemu: DBG: determine_normal_user: got user "openkylin"
autopkgtest-virt-qemu: DBG: execute-timeout: /tmp/autopkgtest-qemu.p6ag34e0/runcmd mkdir --mode=1777 --parents /tmp/autopkgtest.IpZve4
autopkgtest-virt-qemu: DBG: auxverb = ['/tmp/autopkgtest-qemu.p6ag34e0/runcmd'], downtmp = /tmp/autopkgtest.IpZve4
autopkgtest: DBG: got reply from testbed: ok /tmp/autopkgtest.IpZve4
autopkgtest: DBG: sending command to testbed: print-execute-command
autopkgtest-virt-qemu: DBG: executing print-execute-command
autopkgtest: DBG: got reply from testbed: ok /tmp/autopkgtest-qemu.p6ag34e0/runcmd
autopkgtest: DBG: sending command to testbed: capabilities
autopkgtest-virt-qemu: DBG: executing capabilities
autopkgtest: DBG: got reply from testbed: ok isolation-machine reboot revert revert-full-system root-on-testbed suggested-normal-user=openkylin
autopkgtest: DBG: testbed capabilities: ['isolation-machine', 'reboot', 'revert', 'revert-full-system', 'root-on-testbed', 'suggested-normal-user=openkylin', 'has_internet']
autopkgtest: DBG: testbed command ['mkdir', '-p', '/tmp/autopkgtest.IpZve4'], kind short, sout raw, serr pipe, env []
autopkgtest: DBG: testbed command exited with code 0
autopkgtest: DBG: sending command to testbed: copydown /usr/share/autopkgtest/lib/in-testbed/wrapper.sh /tmp/autopkgtest.IpZve4/wrapper.sh
autopkgtest-virt-qemu: DBG: executing copydown /usr/share/autopkgtest/lib/in-testbed/wrapper.sh /tmp/autopkgtest.IpZve4/wrapper.sh
autopkgtest-virt-qemu: DBG: ['cmdls', "(['cat'], ['/tmp/autopkgtest-qemu.p6ag34e0/runcmd', 'sh', '-ec', 'cat >/tmp/autopkgtest.IpZve4/wrapper.sh; chmod +x -- /tmp/autopkgtest.IpZve4/wrapper.sh'])"]
autopkgtest-virt-qemu: DBG: ['srcstdin', "<_io.BufferedReader name='/usr/share/autopkgtest/lib/in-testbed/wrapper.sh'>", 'deststdout', "<_io.BufferedReader name='/dev/null'>", 'devnull_read', <_io.BufferedReader name='/dev/null'>]
autopkgtest-virt-qemu: DBG:  +< cat
autopkgtest-virt-qemu: DBG:  +> /tmp/autopkgtest-qemu.p6ag34e0/runcmd sh -ec cat >/tmp/autopkgtest.IpZve4/wrapper.sh; chmod +x -- /tmp/autopkgtest.IpZve4/wrapper.sh
autopkgtest-virt-qemu: DBG:  +>?
autopkgtest-virt-qemu: DBG:  +<?
autopkgtest: DBG: got reply from testbed: ok
autopkgtest: DBG: testbed command ['chmod', '-R', '0755', '--', '/tmp/autopkgtest.IpZve4/wrapper.sh'], kind short, sout raw, serr pipe, env []
autopkgtest: DBG: testbed command exited with code 0
autopkgtest: DBG: testbed command ['dpkg', '--print-architecture'], kind short, sout pipe, serr pipe, env []
autopkgtest: DBG: testbed command exited with code 0
autopkgtest [21:17:16]: testbed dpkg architecture: riscv64
autopkgtest: DBG: testbed command ['sh', '-ec', 'command -v eatmydata'], kind short, sout pipe, serr pipe, env []
autopkgtest: DBG: testbed command exited with code 127
autopkgtest: DBG: testbed command ['sh', '-ec', 'command -v dpkg-query'], kind short, sout pipe, serr pipe, env []
autopkgtest: DBG: testbed command exited with code 0
autopkgtest: DBG: testbed command ['sh', '-ec', "dpkg-query --show -f '${Package}\\t${Version}\\n' > /tmp/autopkgtest.IpZve4/testbed-packages"], kind short, sout raw, serr pipe, env []
autopkgtest: DBG: testbed command exited with code 0
autopkgtest: DBG: sending command to testbed: copyup /tmp/autopkgtest.IpZve4/testbed-packages /home/minami/Documents/openkylin-riscv/test/liblist-someutils-perl/testbed-packages
autopkgtest-virt-qemu: DBG: executing copyup /tmp/autopkgtest.IpZve4/testbed-packages /home/minami/Documents/openkylin-riscv/test/liblist-someutils-perl/testbed-packages
autopkgtest-virt-qemu: DBG: ['cmdls', "(['/tmp/autopkgtest-qemu.p6ag34e0/runcmd', 'sh', '-ec', 'cat </tmp/autopkgtest.IpZve4/testbed-packages'], ['cat'])"]
autopkgtest-virt-qemu: DBG: ['srcstdin', "<_io.BufferedReader name='/dev/null'>", 'deststdout', "<_io.BufferedWriter name='/home/minami/Documents/openkylin-riscv/test/liblist-someutils-perl/testbed-packages'>", 'devnull_read', <_io.BufferedReader name='/dev/null'>]
autopkgtest-virt-qemu: DBG:  +< /tmp/autopkgtest-qemu.p6ag34e0/runcmd sh -ec cat </tmp/autopkgtest.IpZve4/testbed-packages
autopkgtest-virt-qemu: DBG:  +> cat
autopkgtest-virt-qemu: DBG:  +>?
autopkgtest-virt-qemu: DBG:  +<?
autopkgtest: DBG: got reply from testbed: ok
autopkgtest: DBG: testbed supports reboot, creating /tmp/autopkgtest-reboot
autopkgtest: DBG: testbed command ['mkdir', '-p', '/tmp/autopkgtest.IpZve4'], kind short, sout raw, serr pipe, env []
autopkgtest: DBG: testbed command exited with code 0
autopkgtest: DBG: sending command to testbed: copydown /usr/share/autopkgtest/lib/in-testbed/reboot.sh /tmp/autopkgtest.IpZve4/autopkgtest-reboot
autopkgtest-virt-qemu: DBG: executing copydown /usr/share/autopkgtest/lib/in-testbed/reboot.sh /tmp/autopkgtest.IpZve4/autopkgtest-reboot
autopkgtest-virt-qemu: DBG: ['cmdls', "(['cat'], ['/tmp/autopkgtest-qemu.p6ag34e0/runcmd', 'sh', '-ec', 'cat >/tmp/autopkgtest.IpZve4/autopkgtest-reboot; chmod +x -- /tmp/autopkgtest.IpZve4/autopkgtest-reboot'])"]
autopkgtest-virt-qemu: DBG: ['srcstdin', "<_io.BufferedReader name='/usr/share/autopkgtest/lib/in-testbed/reboot.sh'>", 'deststdout', "<_io.BufferedReader name='/dev/null'>", 'devnull_read', <_io.BufferedReader name='/dev/null'>]
autopkgtest-virt-qemu: DBG:  +< cat
autopkgtest-virt-qemu: DBG:  +> /tmp/autopkgtest-qemu.p6ag34e0/runcmd sh -ec cat >/tmp/autopkgtest.IpZve4/autopkgtest-reboot; chmod +x -- /tmp/autopkgtest.IpZve4/autopkgtest-reboot
autopkgtest-virt-qemu: DBG:  +>?
autopkgtest-virt-qemu: DBG:  +<?
autopkgtest: DBG: got reply from testbed: ok
autopkgtest: DBG: testbed command ['chmod', '-R', '0755', '--', '/tmp/autopkgtest.IpZve4/autopkgtest-reboot'], kind short, sout raw, serr pipe, env []
autopkgtest: DBG: testbed command exited with code 0
autopkgtest: DBG: testbed command ['ln', '-fns', '/tmp/autopkgtest.IpZve4/autopkgtest-reboot', '/tmp/autopkgtest-reboot'], kind short, sout raw, serr pipe, env []
autopkgtest: DBG: testbed command exited with code 0
autopkgtest: DBG: testbed command ['ln', '-fns', '/tmp/autopkgtest.IpZve4/autopkgtest-reboot', '/sbin/autopkgtest-reboot'], kind short, sout raw, serr pipe, env []
autopkgtest: DBG: testbed command exited with code 0
autopkgtest: DBG: testbed command ['mkdir', '-p', '/tmp/autopkgtest.IpZve4'], kind short, sout raw, serr pipe, env []
autopkgtest: DBG: testbed command exited with code 0
autopkgtest: DBG: sending command to testbed: copydown /usr/share/autopkgtest/lib/in-testbed/reboot-prepare.sh /tmp/autopkgtest.IpZve4/autopkgtest-reboot-prepare
autopkgtest-virt-qemu: DBG: executing copydown /usr/share/autopkgtest/lib/in-testbed/reboot-prepare.sh /tmp/autopkgtest.IpZve4/autopkgtest-reboot-prepare
autopkgtest-virt-qemu: DBG: ['cmdls', "(['cat'], ['/tmp/autopkgtest-qemu.p6ag34e0/runcmd', 'sh', '-ec', 'cat >/tmp/autopkgtest.IpZve4/autopkgtest-reboot-prepare; chmod +x -- /tmp/autopkgtest.IpZve4/autopkgtest-reboot-prepare'])"]
autopkgtest-virt-qemu: DBG: ['srcstdin', "<_io.BufferedReader name='/usr/share/autopkgtest/lib/in-testbed/reboot-prepare.sh'>", 'deststdout', "<_io.BufferedReader name='/dev/null'>", 'devnull_read', <_io.BufferedReader name='/dev/null'>]
autopkgtest-virt-qemu: DBG:  +< cat
autopkgtest-virt-qemu: DBG:  +> /tmp/autopkgtest-qemu.p6ag34e0/runcmd sh -ec cat >/tmp/autopkgtest.IpZve4/autopkgtest-reboot-prepare; chmod +x -- /tmp/autopkgtest.IpZve4/autopkgtest-reboot-prepare
autopkgtest-virt-qemu: DBG:  +>?
autopkgtest-virt-qemu: DBG:  +<?
autopkgtest: DBG: got reply from testbed: ok
autopkgtest: DBG: testbed command ['chmod', '-R', '0755', '--', '/tmp/autopkgtest.IpZve4/autopkgtest-reboot-prepare'], kind short, sout raw, serr pipe, env []
autopkgtest: DBG: testbed command exited with code 0
autopkgtest: DBG: testbed command ['ln', '-fns', '/tmp/autopkgtest.IpZve4/autopkgtest-reboot-prepare', '/tmp/autopkgtest-reboot-prepare'], kind short, sout raw, serr pipe, env []
autopkgtest: DBG: testbed command exited with code 0
autopkgtest: DBG: testbed command ['uname', '-srv'], kind short, sout pipe, serr pipe, env []
autopkgtest: DBG: testbed command exited with code 0
autopkgtest: DBG: Binaries: no registered binaries, not publishing anything
autopkgtest: DBG: install_deps: deps_new=['liblist-someutils-perl', 'pkg-perl-autopkgtest']
autopkgtest: DBG: install-deps: satisfying liblist-someutils-perl, pkg-perl-autopkgtest
autopkgtest: DBG: install-deps: architecture resolved: liblist-someutils-perl, pkg-perl-autopkgtest
autopkgtest: DBG: testbed command ['test', '-w', '/var/lib/dpkg/status'], kind short, sout raw, serr raw, env []
autopkgtest: DBG: testbed command exited with code 0
autopkgtest: DBG: can use apt-get on testbed: True
autopkgtest: DBG: testbed command ['mkdir', '-p', '/tmp/autopkgtest.IpZve4'], kind short, sout raw, serr pipe, env []
autopkgtest: DBG: testbed command exited with code 0
autopkgtest: DBG: sending command to testbed: copydown /home/minami/Documents/openkylin-riscv/test/liblist-someutils-perl/2-autopkgtest-satdep.deb /tmp/autopkgtest.IpZve4/2-autopkgtest-satdep.deb
autopkgtest-virt-qemu: DBG: executing copydown /home/minami/Documents/openkylin-riscv/test/liblist-someutils-perl/2-autopkgtest-satdep.deb /tmp/autopkgtest.IpZve4/2-autopkgtest-satdep.deb
autopkgtest-virt-qemu: DBG: ['cmdls', "(['cat'], ['/tmp/autopkgtest-qemu.p6ag34e0/runcmd', 'sh', '-ec', 'cat >/tmp/autopkgtest.IpZve4/2-autopkgtest-satdep.deb'])"]
autopkgtest-virt-qemu: DBG: ['srcstdin', "<_io.BufferedReader name='/home/minami/Documents/openkylin-riscv/test/liblist-someutils-perl/2-autopkgtest-satdep.deb'>", 'deststdout', "<_io.BufferedReader name='/dev/null'>", 'devnull_read', <_io.BufferedReader name='/dev/null'>]
autopkgtest-virt-qemu: DBG:  +< cat
autopkgtest-virt-qemu: DBG:  +> /tmp/autopkgtest-qemu.p6ag34e0/runcmd sh -ec cat >/tmp/autopkgtest.IpZve4/2-autopkgtest-satdep.deb
autopkgtest-virt-qemu: DBG:  +>?
autopkgtest-virt-qemu: DBG:  +<?
autopkgtest: DBG: got reply from testbed: ok
autopkgtest: DBG: testbed command ['chown', '-R', 'openkylin', '--', '/tmp/autopkgtest.IpZve4/2-autopkgtest-satdep.deb'], kind short, sout raw, serr pipe, env []
autopkgtest: DBG: testbed command exited with code 0
autopkgtest: DBG: testbed command ['dpkg', '--unpack', '/tmp/autopkgtest.IpZve4/2-autopkgtest-satdep.deb'], kind short, sout pipe, serr pipe, env []
autopkgtest: DBG: testbed command exited with code 0
autopkgtest: DBG: testbed command ['/bin/sh', '-ec', ' apt-get install --assume-yes --fix-broken -o APT::Status-Fd=3 -o APT::Install-Recommends=false -o Dpkg::Options::=--force-confnew -o Debug::pkgProblemResolver=true 3>&2 2>&1'], kind install, sout raw, serr pipe, env ['DEBIAN_FRONTEND=noninteractive', 'APT_LISTBUGS_FRONTEND=none', 'APT_LISTCHANGES_FRONTEND=none']
Reading package lists...
Building dependency tree...
Reading state information...
Correcting dependencies...Starting pkgProblemResolver with broken count: 0
Starting 2 pkgProblemResolver with broken count: 0
Done
 Done
Starting pkgProblemResolver with broken count: 0
Starting 2 pkgProblemResolver with broken count: 0
Done
The following packages were automatically installed and are no longer required:
  kylin-font-viewer libdjvulibre-text libdjvulibre21 libegl-dev libffi-dev
  libgl-dev libglib2.0-dev-bin libglu1-mesa-dev libglx-dev libgsettings-qt-dev
  libmount-dev libmpdec2 libpcre16-3 libpcre3-dev libpcre32-3 libpcrecpp0v5
  libvulkan-dev libx11-dev libxau-dev libxcb1-dev libxdmcp-dev libxext-dev
  pkg-config python3-distutils python3-lib2to3 qt5-qmake qt5-qmake-bin
  x11proto-core-dev x11proto-dev xorg-sgml-doctools xtrans-dev zlib1g-dev
Use 'apt autoremove' to remove them.
The following additional packages will be installed:
  autodep8 dctrl-tools libb-hooks-op-check-perl libdevel-callchecker-perl
  libdynaloader-functions-perl liblist-someutils-perl
  libmodule-implementation-perl libmodule-runtime-perl libparams-classify-perl
  libtry-tiny-perl pkg-perl-autopkgtest
Suggested packages:
  debtags libscalar-number-perl libsub-name-perl
Recommended packages:
  liblist-someutils-xs-perl
The following NEW packages will be installed:
  autodep8 dctrl-tools libb-hooks-op-check-perl libdevel-callchecker-perl
  libdynaloader-functions-perl liblist-someutils-perl
  libmodule-implementation-perl libmodule-runtime-perl libparams-classify-perl
  libtry-tiny-perl pkg-perl-autopkgtest
0 upgraded, 11 newly installed, 0 to remove and 1 not upgraded.
1 not fully installed or removed.
Need to get 215 kB of archives.
After this operation, 749 kB of additional disk space will be used.
Get:1 http://archive.build.openkylin.top/openkylin yangtze/main riscv64 libb-hooks-op-check-perl riscv64 0.22-ok2 [13.4 kB]
Get:2 http://ppa.build.openkylin.top/kylinsoft/anything/openkylin yangtze/main riscv64 autodep8 all 0.22-ok1 [10.1 kB]
Get:3 http://archive.build.openkylin.top/openkylin yangtze/main riscv64 libdynaloader-functions-perl all 0.003-ok2 [11.8 kB]
Get:4 http://archive.build.openkylin.top/openkylin yangtze/main riscv64 libdevel-callchecker-perl riscv64 0.008-ok3 [13.5 kB]
Get:5 http://archive.build.openkylin.top/openkylin yangtze/main riscv64 libparams-classify-perl riscv64 0.015-ok2 [19.4 kB]
Get:6 http://archive.build.openkylin.top/openkylin yangtze/main riscv64 libmodule-runtime-perl all 0.016-ok2 [15.3 kB]
Get:7 http://ppa.build.openkylin.top/kylinsoft/anything/openkylin yangtze/main riscv64 pkg-perl-autopkgtest all 0.59-ok1 [8,208 B]
Get:8 http://archive.build.openkylin.top/openkylin yangtze/main riscv64 libtry-tiny-perl all 0.31-ok1 [20.5 kB]
Get:9 http://archive.build.openkylin.top/openkylin yangtze/main riscv64 libmodule-implementation-perl all 0.09-ok2 [11.5 kB]
Get:10 http://archive.build.openkylin.top/openkylin yangtze/main riscv64 liblist-someutils-perl all 0.58-ok2 [35.7 kB]
Get:11 http://archive.build.openkylin.top/openkylin yangtze/main riscv64 dctrl-tools riscv64 2.24-ok1 [55.6 kB]
Fetched 215 kB in 1s (335 kB/s)
Selecting previously unselected package libb-hooks-op-check-perl:riscv64.
(Reading database ... (Reading database ... 5%(Reading database ... 10%(Reading database ... 15%(Reading database ... 20%(Reading database ... 25%(Reading database ... 30%(Reading database ... 35%(Reading database ... 40%(Reading database ... 45%(Reading database ... 50%(Reading database ... 55%(Reading database ... 60%(Reading database ... 65%(Reading database ... 70%(Reading database ... 75%(Reading database ... 80%(Reading database ... 85%(Reading database ... 90%(Reading database ... 95%(Reading database ... 100%(Reading database ... 160820 files and directories currently installed.)
Preparing to unpack .../00-libb-hooks-op-check-perl_0.22-ok2_riscv64.deb ...
Unpacking libb-hooks-op-check-perl:riscv64 (0.22-ok2) ...
Selecting previously unselected package libdynaloader-functions-perl.
Preparing to unpack .../01-libdynaloader-functions-perl_0.003-ok2_all.deb ...
Unpacking libdynaloader-functions-perl (0.003-ok2) ...
Selecting previously unselected package libdevel-callchecker-perl.
Preparing to unpack .../02-libdevel-callchecker-perl_0.008-ok3_riscv64.deb ...
Unpacking libdevel-callchecker-perl (0.008-ok3) ...
Selecting previously unselected package libparams-classify-perl:riscv64.
Preparing to unpack .../03-libparams-classify-perl_0.015-ok2_riscv64.deb ...
Unpacking libparams-classify-perl:riscv64 (0.015-ok2) ...
Selecting previously unselected package libmodule-runtime-perl.
Preparing to unpack .../04-libmodule-runtime-perl_0.016-ok2_all.deb ...
Unpacking libmodule-runtime-perl (0.016-ok2) ...
Selecting previously unselected package libtry-tiny-perl.
Preparing to unpack .../05-libtry-tiny-perl_0.31-ok1_all.deb ...
Unpacking libtry-tiny-perl (0.31-ok1) ...
Selecting previously unselected package libmodule-implementation-perl.
Preparing to unpack .../06-libmodule-implementation-perl_0.09-ok2_all.deb ...
Unpacking libmodule-implementation-perl (0.09-ok2) ...
Selecting previously unselected package liblist-someutils-perl.
Preparing to unpack .../07-liblist-someutils-perl_0.58-ok2_all.deb ...
Unpacking liblist-someutils-perl (0.58-ok2) ...
Selecting previously unselected package dctrl-tools.
Preparing to unpack .../08-dctrl-tools_2.24-ok1_riscv64.deb ...
Unpacking dctrl-tools (2.24-ok1) ...
Selecting previously unselected package autodep8.
Preparing to unpack .../09-autodep8_0.22-ok1_all.deb ...
Unpacking autodep8 (0.22-ok1) ...
Selecting previously unselected package pkg-perl-autopkgtest.
Preparing to unpack .../10-pkg-perl-autopkgtest_0.59-ok1_all.deb ...
Unpacking pkg-perl-autopkgtest (0.59-ok1) ...
Setting up libdynaloader-functions-perl (0.003-ok2) ...
Setting up libtry-tiny-perl (0.31-ok1) ...
Setting up libb-hooks-op-check-perl:riscv64 (0.22-ok2) ...
Setting up dctrl-tools (2.24-ok1) ...
Setting up autodep8 (0.22-ok1) ...
Setting up libdevel-callchecker-perl (0.008-ok3) ...
Setting up pkg-perl-autopkgtest (0.59-ok1) ...
Setting up libparams-classify-perl:riscv64 (0.015-ok2) ...
Setting up libmodule-runtime-perl (0.016-ok2) ...
Setting up libmodule-implementation-perl (0.09-ok2) ...
Setting up liblist-someutils-perl (0.58-ok2) ...
Setting up autopkgtest-satdep (0) ...
Processing triggers for man-db (2.9.1-ok3) ...
autopkgtest: DBG: testbed command exited with code 0
autopkgtest: DBG: testbed command ['dpkg-query', '--show', '-f', '${Status}', 'liblist-someutils-perl'], kind short, sout pipe, serr pipe, env []
autopkgtest: DBG: testbed command exited with code 0
autopkgtest: DBG: testbed command ['dpkg', '--status', 'autopkgtest-satdep'], kind short, sout pipe, serr pipe, env []
autopkgtest: DBG: testbed command exited with code 0
autopkgtest: DBG: testbed command ['apt-get', '--simulate', '--quiet', '-o', 'APT::Get::Show-User-Simulation-Note=False', '--auto-remove', 'purge', 'autopkgtest-satdep'], kind short, sout pipe, serr pipe, env []
autopkgtest: DBG: testbed command exited with code 0
autopkgtest: DBG: Marking test dependencies as manually installed: pkg-perl-autopkgtest autodep8 dctrl-tools kylin-font-viewer liblist-someutils-perl libmodule-implementation-perl libmodule-runtime-perl libparams-classify-perl libdevel-callchecker-perl libb-hooks-op-check-perl libdjvulibre21 libdjvulibre-text libdynaloader-functions-perl libegl-dev libffi-dev libglu1-mesa-dev libgl-dev libglib2.0-dev-bin libglx-dev libgsettings-qt-dev libmount-dev libmpdec2 libpcre3-dev libpcre16-3 libpcre32-3 libpcrecpp0v5 libtry-tiny-perl libvulkan-dev libxext-dev libx11-dev libxcb1-dev libxau-dev libxdmcp-dev pkg-config python3-distutils python3-lib2to3 qt5-qmake qt5-qmake-bin x11proto-core-dev x11proto-dev xorg-sgml-doctools xtrans-dev zlib1g-dev
autopkgtest: DBG: testbed command ['apt-mark', 'manual', '-qq', 'pkg-perl-autopkgtest', 'autodep8', 'dctrl-tools', 'kylin-font-viewer', 'liblist-someutils-perl', 'libmodule-implementation-perl', 'libmodule-runtime-perl', 'libparams-classify-perl', 'libdevel-callchecker-perl', 'libb-hooks-op-check-perl', 'libdjvulibre21', 'libdjvulibre-text', 'libdynaloader-functions-perl', 'libegl-dev', 'libffi-dev', 'libglu1-mesa-dev', 'libgl-dev', 'libglib2.0-dev-bin', 'libglx-dev', 'libgsettings-qt-dev'], kind short, sout raw, serr pipe, env []
autopkgtest: DBG: testbed command exited with code 0
autopkgtest: DBG: testbed command ['apt-mark', 'manual', '-qq', 'libmount-dev', 'libmpdec2', 'libpcre3-dev', 'libpcre16-3', 'libpcre32-3', 'libpcrecpp0v5', 'libtry-tiny-perl', 'libvulkan-dev', 'libxext-dev', 'libx11-dev', 'libxcb1-dev', 'libxau-dev', 'libxdmcp-dev', 'pkg-config', 'python3-distutils', 'python3-lib2to3', 'qt5-qmake', 'qt5-qmake-bin', 'x11proto-core-dev', 'x11proto-dev'], kind short, sout raw, serr pipe, env []
autopkgtest: DBG: testbed command exited with code 0
autopkgtest: DBG: testbed command ['apt-mark', 'manual', '-qq', 'xorg-sgml-doctools', 'xtrans-dev', 'zlib1g-dev'], kind short, sout raw, serr pipe, env []
autopkgtest: DBG: testbed command exited with code 0
autopkgtest: DBG: testbed command ['dpkg', '--purge', 'autopkgtest-satdep'], kind short, sout raw, serr raw, env []
(Reading database ... 160975 files and directories currently installed.)
Removing autopkgtest-satdep (0) ...
autopkgtest: DBG: testbed command exited with code 0
autopkgtest: DBG: testbed command ['sh', '-ec', 'command -v dpkg-query'], kind short, sout pipe, serr pipe, env []
autopkgtest: DBG: testbed command exited with code 0
autopkgtest: DBG: testbed command ['sh', '-ec', "dpkg-query --show -f '${Package}\\t${Version}\\n' > /tmp/autopkgtest.IpZve4/autodep8-perl-packages.all"], kind short, sout raw, serr pipe, env []
autopkgtest: DBG: testbed command exited with code 0
autopkgtest: DBG: sending command to testbed: copyup /tmp/autopkgtest.IpZve4/autodep8-perl-packages.all /home/minami/Documents/openkylin-riscv/test/liblist-someutils-perl/autodep8-perl-packages.all
autopkgtest-virt-qemu: DBG: executing copyup /tmp/autopkgtest.IpZve4/autodep8-perl-packages.all /home/minami/Documents/openkylin-riscv/test/liblist-someutils-perl/autodep8-perl-packages.all
autopkgtest-virt-qemu: DBG: ['cmdls', "(['/tmp/autopkgtest-qemu.p6ag34e0/runcmd', 'sh', '-ec', 'cat </tmp/autopkgtest.IpZve4/autodep8-perl-packages.all'], ['cat'])"]
autopkgtest-virt-qemu: DBG: ['srcstdin', "<_io.BufferedReader name='/dev/null'>", 'deststdout', "<_io.BufferedWriter name='/home/minami/Documents/openkylin-riscv/test/liblist-someutils-perl/autodep8-perl-packages.all'>", 'devnull_read', <_io.BufferedReader name='/dev/null'>]
autopkgtest-virt-qemu: DBG:  +< /tmp/autopkgtest-qemu.p6ag34e0/runcmd sh -ec cat </tmp/autopkgtest.IpZve4/autodep8-perl-packages.all
autopkgtest-virt-qemu: DBG:  +> cat
autopkgtest-virt-qemu: DBG:  +>?
autopkgtest-virt-qemu: DBG:  +<?
autopkgtest: DBG: got reply from testbed: ok
autopkgtest: DBG: testbed command ['test', '-e', '/tmp/autopkgtest.IpZve4/build.ZSb/src'], kind short, sout raw, serr raw, env []
autopkgtest: DBG: testbed command exited with code 1
autopkgtest: DBG: testbed command ['mkdir', '-p', '/tmp/autopkgtest.IpZve4/build.ZSb'], kind short, sout raw, serr pipe, env []
autopkgtest: DBG: testbed command exited with code 0
autopkgtest: DBG: sending command to testbed: copydown /home/minami/Documents/openkylin-riscv/test/liblist-someutils-perl/tests-tree/ /tmp/autopkgtest.IpZve4/build.ZSb/src/
autopkgtest-virt-qemu: DBG: executing copydown /home/minami/Documents/openkylin-riscv/test/liblist-someutils-perl/tests-tree/ /tmp/autopkgtest.IpZve4/build.ZSb/src/
autopkgtest-virt-qemu: DBG: ['cmdls', "(['tar', '--directory', '/home/minami/Documents/openkylin-riscv/test/liblist-someutils-perl/tests-tree/', '--warning=none', '-c', '.', '-f', '-'], ['/tmp/autopkgtest-qemu.p6ag34e0/runcmd', 'sh', '-ec', 'if ! test -d /tmp/autopkgtest.IpZve4/build.ZSb/src/; then mkdir -- /tmp/autopkgtest.IpZve4/build.ZSb/src/; fi; cd /tmp/autopkgtest.IpZve4/build.ZSb/src/; tar --warning=none --preserve-permissions --extract --no-same-owner -f -'])"]
autopkgtest-virt-qemu: DBG: ['srcstdin', "<_io.BufferedReader name='/dev/null'>", 'deststdout', "<_io.BufferedReader name='/dev/null'>", 'devnull_read', <_io.BufferedReader name='/dev/null'>]
autopkgtest-virt-qemu: DBG:  +< tar --directory /home/minami/Documents/openkylin-riscv/test/liblist-someutils-perl/tests-tree/ --warning=none -c . -f -
autopkgtest-virt-qemu: DBG:  +> /tmp/autopkgtest-qemu.p6ag34e0/runcmd sh -ec if ! test -d /tmp/autopkgtest.IpZve4/build.ZSb/src/; then mkdir -- /tmp/autopkgtest.IpZve4/build.ZSb/src/; fi; cd /tmp/autopkgtest.IpZve4/build.ZSb/src/; tar --warning=none --preserve-permissions --extract --no-same-owner -f -
autopkgtest-virt-qemu: DBG:  +>?
autopkgtest-virt-qemu: DBG:  +<?
autopkgtest: DBG: got reply from testbed: ok
autopkgtest: DBG: testbed command ['chown', '-R', 'openkylin', '--', '/tmp/autopkgtest.IpZve4/build.ZSb/src'], kind short, sout raw, serr pipe, env []
autopkgtest: DBG: testbed command exited with code 0
autopkgtest [21:18:29]: test autodep8-perl: /usr/share/pkg-perl-autopkgtest/runner runtime-deps
autopkgtest [21:18:29]: test autodep8-perl: [-----------------------
autopkgtest: DBG: testbed command ['su', '-s', '/bin/bash', 'openkylin', '-c', 'set -e; export USER=`id -nu`; . /etc/profile >/dev/null 2>&1 || true;  . ~/.profile >/dev/null 2>&1 || true; buildtree="/tmp/autopkgtest.IpZve4/build.ZSb/src"; mkdir -p -m 1777 -- "/tmp/autopkgtest.IpZve4/autodep8-perl-artifacts"; export AUTOPKGTEST_ARTIFACTS="/tmp/autopkgtest.IpZve4/autodep8-perl-artifacts"; export ADT_ARTIFACTS="$AUTOPKGTEST_ARTIFACTS"; mkdir -p -m 755 "/tmp/autopkgtest.IpZve4/autopkgtest_tmp"; export AUTOPKGTEST_TMP="/tmp/autopkgtest.IpZve4/autopkgtest_tmp"; export ADTTMP="$AUTOPKGTEST_TMP"; export DEBIAN_FRONTEND=noninteractive; export LANG=C.UTF-8; export DEB_BUILD_OPTIONS=parallel=8; unset LANGUAGE LC_CTYPE LC_NUMERIC LC_TIME LC_COLLATE   LC_MONETARY LC_MESSAGES LC_PAPER LC_NAME LC_ADDRESS   LC_TELEPHONE LC_MEASUREMENT LC_IDENTIFICATION LC_ALL;cd "$buildtree"; exec /tmp/autopkgtest.IpZve4/wrapper.sh --script-pid-file=/tmp/autopkgtest_script_pid --stderr=/tmp/autopkgtest.IpZve4/autodep8-perl-stderr --stdout=/tmp/autopkgtest.IpZve4/autodep8-perl-stdout -- bash -ec \'/usr/share/pkg-perl-autopkgtest/runner runtime-deps\' ;'], kind test, sout raw, serr raw, env []
/usr/share/pkg-perl-autopkgtest/runtime-deps.d/use.t .. 
1..4
ok 1 -  /usr/bin/perl -w -M"List::SomeUtils" -e 1 2>&1 exited successfully
ok 2 -  /usr/bin/perl -w -M"List::SomeUtils" -e 1 2>&1 produced no (non-whitelisted) output
ok 3 - env PERL_DL_NONLAZY=1  /usr/bin/perl -w -M"List::SomeUtils" -e 1 2>&1 exited successfully
ok 4 - env PERL_DL_NONLAZY=1  /usr/bin/perl -w -M"List::SomeUtils" -e 1 2>&1 produced no (non-whitelisted) output
ok
All tests successful.
Files=1, Tests=4,  4 wallclock secs ( 0.36 usr  0.10 sys +  2.99 cusr  0.71 csys =  4.16 CPU)
Result: PASS
autopkgtest: DBG: testbed command exited with code 0
autopkgtest [21:18:40]: test autodep8-perl: -----------------------]
autopkgtest: DBG: testbed executing test finished with exit status 0
autopkgtest: DBG: sending command to testbed: copyup /tmp/autopkgtest.IpZve4/autodep8-perl-stdout /home/minami/Documents/openkylin-riscv/test/liblist-someutils-perl/autodep8-perl-stdout
autopkgtest-virt-qemu: DBG: executing copyup /tmp/autopkgtest.IpZve4/autodep8-perl-stdout /home/minami/Documents/openkylin-riscv/test/liblist-someutils-perl/autodep8-perl-stdout
autopkgtest-virt-qemu: DBG: ['cmdls', "(['/tmp/autopkgtest-qemu.p6ag34e0/runcmd', 'sh', '-ec', 'cat </tmp/autopkgtest.IpZve4/autodep8-perl-stdout'], ['cat'])"]
autopkgtest-virt-qemu: DBG: ['srcstdin', "<_io.BufferedReader name='/dev/null'>", 'deststdout', "<_io.BufferedWriter name='/home/minami/Documents/openkylin-riscv/test/liblist-someutils-perl/autodep8-perl-stdout'>", 'devnull_read', <_io.BufferedReader name='/dev/null'>]
autopkgtest-virt-qemu: DBG:  +< /tmp/autopkgtest-qemu.p6ag34e0/runcmd sh -ec cat </tmp/autopkgtest.IpZve4/autodep8-perl-stdout
autopkgtest-virt-qemu: DBG:  +> cat
autopkgtest-virt-qemu: DBG:  +>?
autopkgtest-virt-qemu: DBG:  +<?
autopkgtest: DBG: got reply from testbed: ok
autopkgtest: DBG: sending command to testbed: copyup /tmp/autopkgtest.IpZve4/autodep8-perl-stderr /home/minami/Documents/openkylin-riscv/test/liblist-someutils-perl/autodep8-perl-stderr
autopkgtest-virt-qemu: DBG: executing copyup /tmp/autopkgtest.IpZve4/autodep8-perl-stderr /home/minami/Documents/openkylin-riscv/test/liblist-someutils-perl/autodep8-perl-stderr
autopkgtest-virt-qemu: DBG: ['cmdls', "(['/tmp/autopkgtest-qemu.p6ag34e0/runcmd', 'sh', '-ec', 'cat </tmp/autopkgtest.IpZve4/autodep8-perl-stderr'], ['cat'])"]
autopkgtest-virt-qemu: DBG: ['srcstdin', "<_io.BufferedReader name='/dev/null'>", 'deststdout', "<_io.BufferedWriter name='/home/minami/Documents/openkylin-riscv/test/liblist-someutils-perl/autodep8-perl-stderr'>", 'devnull_read', <_io.BufferedReader name='/dev/null'>]
autopkgtest-virt-qemu: DBG:  +< /tmp/autopkgtest-qemu.p6ag34e0/runcmd sh -ec cat </tmp/autopkgtest.IpZve4/autodep8-perl-stderr
autopkgtest-virt-qemu: DBG:  +> cat
autopkgtest-virt-qemu: DBG:  +>?
autopkgtest-virt-qemu: DBG:  +<?
autopkgtest: DBG: got reply from testbed: ok
autopkgtest [21:18:41]: test autodep8-perl:  - - - - - - - - - - results - - - - - - - - - -
autodep8-perl        PASS (superficial)
autopkgtest: DBG: sending command to testbed: copyup /tmp/autopkgtest.IpZve4/autodep8-perl-artifacts/ /home/minami/Documents/openkylin-riscv/test/liblist-someutils-perl/artifacts/
autopkgtest-virt-qemu: DBG: executing copyup /tmp/autopkgtest.IpZve4/autodep8-perl-artifacts/ /home/minami/Documents/openkylin-riscv/test/liblist-someutils-perl/artifacts/
autopkgtest-virt-qemu: DBG: ['cmdls', "(['/tmp/autopkgtest-qemu.p6ag34e0/runcmd', 'sh', '-ec', 'cd /tmp/autopkgtest.IpZve4/autodep8-perl-artifacts/; tar --warning=none -c . -f -'], ['tar', '--directory', '/home/minami/Documents/openkylin-riscv/test/liblist-someutils-perl/artifacts/', '--warning=none', '--preserve-permissions', '--extract', '--no-same-owner', '-f', '-'])"]
autopkgtest-virt-qemu: DBG: ['srcstdin', "<_io.BufferedReader name='/dev/null'>", 'deststdout', "<_io.BufferedReader name='/dev/null'>", 'devnull_read', <_io.BufferedReader name='/dev/null'>]
autopkgtest-virt-qemu: DBG:  +< /tmp/autopkgtest-qemu.p6ag34e0/runcmd sh -ec cd /tmp/autopkgtest.IpZve4/autodep8-perl-artifacts/; tar --warning=none -c . -f -
autopkgtest-virt-qemu: DBG:  +> tar --directory /home/minami/Documents/openkylin-riscv/test/liblist-someutils-perl/artifacts/ --warning=none --preserve-permissions --extract --no-same-owner -f -
autopkgtest-virt-qemu: DBG:  +>?
autopkgtest-virt-qemu: DBG:  +<?
autopkgtest: DBG: got reply from testbed: ok
autopkgtest: DBG: testbed command ['rm', '-rf', '/tmp/autopkgtest.IpZve4/autodep8-perl-artifacts', '/tmp/autopkgtest.IpZve4/autopkgtest_tmp'], kind short, sout raw, serr pipe, env []
autopkgtest: DBG: testbed command exited with code 0
autopkgtest [21:18:42]: test autodep8-perl-recommends: preparing testbed
autopkgtest: DBG: testbed reset: modified=False, deps_installed=['liblist-someutils-perl', 'pkg-perl-autopkgtest'], deps_new=['liblist-someutils-perl', 'pkg-perl-autopkgtest', 'liblist-someutils-xs-perl']
autopkgtest: DBG: Binaries: no registered binaries, not publishing anything
autopkgtest: DBG: install_deps: deps_new=['liblist-someutils-perl', 'pkg-perl-autopkgtest', 'liblist-someutils-xs-perl']
autopkgtest: DBG: install-deps: satisfying liblist-someutils-perl, pkg-perl-autopkgtest, liblist-someutils-xs-perl
autopkgtest: DBG: install-deps: architecture resolved: liblist-someutils-perl, pkg-perl-autopkgtest, liblist-someutils-xs-perl
autopkgtest: DBG: testbed command ['test', '-w', '/var/lib/dpkg/status'], kind short, sout raw, serr raw, env []
autopkgtest: DBG: testbed command exited with code 0
autopkgtest: DBG: can use apt-get on testbed: True
autopkgtest: DBG: testbed command ['mkdir', '-p', '/tmp/autopkgtest.IpZve4'], kind short, sout raw, serr pipe, env []
autopkgtest: DBG: testbed command exited with code 0
autopkgtest: DBG: sending command to testbed: copydown /home/minami/Documents/openkylin-riscv/test/liblist-someutils-perl/3-autopkgtest-satdep.deb /tmp/autopkgtest.IpZve4/3-autopkgtest-satdep.deb
autopkgtest-virt-qemu: DBG: executing copydown /home/minami/Documents/openkylin-riscv/test/liblist-someutils-perl/3-autopkgtest-satdep.deb /tmp/autopkgtest.IpZve4/3-autopkgtest-satdep.deb
autopkgtest-virt-qemu: DBG: ['cmdls', "(['cat'], ['/tmp/autopkgtest-qemu.p6ag34e0/runcmd', 'sh', '-ec', 'cat >/tmp/autopkgtest.IpZve4/3-autopkgtest-satdep.deb'])"]
autopkgtest-virt-qemu: DBG: ['srcstdin', "<_io.BufferedReader name='/home/minami/Documents/openkylin-riscv/test/liblist-someutils-perl/3-autopkgtest-satdep.deb'>", 'deststdout', "<_io.BufferedReader name='/dev/null'>", 'devnull_read', <_io.BufferedReader name='/dev/null'>]
autopkgtest-virt-qemu: DBG:  +< cat
autopkgtest-virt-qemu: DBG:  +> /tmp/autopkgtest-qemu.p6ag34e0/runcmd sh -ec cat >/tmp/autopkgtest.IpZve4/3-autopkgtest-satdep.deb
autopkgtest-virt-qemu: DBG:  +>?
autopkgtest-virt-qemu: DBG:  +<?
autopkgtest: DBG: got reply from testbed: ok
autopkgtest: DBG: testbed command ['chown', '-R', 'openkylin', '--', '/tmp/autopkgtest.IpZve4/3-autopkgtest-satdep.deb'], kind short, sout raw, serr pipe, env []
autopkgtest: DBG: testbed command exited with code 0
autopkgtest: DBG: testbed command ['dpkg', '--unpack', '/tmp/autopkgtest.IpZve4/3-autopkgtest-satdep.deb'], kind short, sout pipe, serr pipe, env []
autopkgtest: DBG: testbed command exited with code 0
autopkgtest: DBG: testbed command ['/bin/sh', '-ec', ' apt-get install --assume-yes --fix-broken -o APT::Status-Fd=3 -o APT::Install-Recommends=false -o Dpkg::Options::=--force-confnew -o Debug::pkgProblemResolver=true 3>&2 2>&1'], kind install, sout raw, serr pipe, env ['DEBIAN_FRONTEND=noninteractive', 'APT_LISTBUGS_FRONTEND=none', 'APT_LISTCHANGES_FRONTEND=none']
Reading package lists...
Building dependency tree...
Reading state information...
Correcting dependencies...Starting pkgProblemResolver with broken count: 0
Starting 2 pkgProblemResolver with broken count: 0
Done
 Done
Starting pkgProblemResolver with broken count: 0
Starting 2 pkgProblemResolver with broken count: 0
Done
The following additional packages will be installed:
  liblist-someutils-xs-perl
The following NEW packages will be installed:
  liblist-someutils-xs-perl
0 upgraded, 1 newly installed, 0 to remove and 1 not upgraded.
1 not fully installed or removed.
Need to get 33.4 kB of archives.
After this operation, 104 kB of additional disk space will be used.
Get:1 http://ppa.build.openkylin.top/kylinsoft/anything/openkylin yangtze/main riscv64 liblist-someutils-xs-perl riscv64 0.58-ok1 [33.4 kB]
Fetched 33.4 kB in 0s (69.0 kB/s)
Selecting previously unselected package liblist-someutils-xs-perl.
(Reading database ... (Reading database ... 5%(Reading database ... 10%(Reading database ... 15%(Reading database ... 20%(Reading database ... 25%(Reading database ... 30%(Reading database ... 35%(Reading database ... 40%(Reading database ... 45%(Reading database ... 50%(Reading database ... 55%(Reading database ... 60%(Reading database ... 65%(Reading database ... 70%(Reading database ... 75%(Reading database ... 80%(Reading database ... 85%(Reading database ... 90%(Reading database ... 95%(Reading database ... 100%(Reading database ... 160975 files and directories currently installed.)
Preparing to unpack .../liblist-someutils-xs-perl_0.58-ok1_riscv64.deb ...
Unpacking liblist-someutils-xs-perl (0.58-ok1) ...
Setting up liblist-someutils-xs-perl (0.58-ok1) ...
Setting up autopkgtest-satdep (0) ...
Processing triggers for man-db (2.9.1-ok3) ...
autopkgtest: DBG: testbed command exited with code 0
autopkgtest: DBG: testbed command ['dpkg-query', '--show', '-f', '${Status}', 'liblist-someutils-perl'], kind short, sout pipe, serr pipe, env []
autopkgtest: DBG: testbed command exited with code 0
autopkgtest: DBG: testbed command ['dpkg', '--status', 'autopkgtest-satdep'], kind short, sout pipe, serr pipe, env []
autopkgtest: DBG: testbed command exited with code 0
autopkgtest: DBG: testbed command ['apt-get', '--simulate', '--quiet', '-o', 'APT::Get::Show-User-Simulation-Note=False', '--auto-remove', 'purge', 'autopkgtest-satdep'], kind short, sout pipe, serr pipe, env []
autopkgtest: DBG: testbed command exited with code 0
autopkgtest: DBG: testbed command ['dpkg', '--purge', 'autopkgtest-satdep'], kind short, sout raw, serr raw, env []
(Reading database ... 160987 files and directories currently installed.)
Removing autopkgtest-satdep (0) ...
autopkgtest: DBG: testbed command exited with code 0
autopkgtest: DBG: testbed command ['sh', '-ec', 'command -v dpkg-query'], kind short, sout pipe, serr pipe, env []
autopkgtest: DBG: testbed command exited with code 0
autopkgtest: DBG: testbed command ['sh', '-ec', "dpkg-query --show -f '${Package}\\t${Version}\\n' > /tmp/autopkgtest.IpZve4/autodep8-perl-recommends-packages.all"], kind short, sout raw, serr pipe, env []
autopkgtest: DBG: testbed command exited with code 0
autopkgtest: DBG: sending command to testbed: copyup /tmp/autopkgtest.IpZve4/autodep8-perl-recommends-packages.all /home/minami/Documents/openkylin-riscv/test/liblist-someutils-perl/autodep8-perl-recommends-packages.all
autopkgtest-virt-qemu: DBG: executing copyup /tmp/autopkgtest.IpZve4/autodep8-perl-recommends-packages.all /home/minami/Documents/openkylin-riscv/test/liblist-someutils-perl/autodep8-perl-recommends-packages.all
autopkgtest-virt-qemu: DBG: ['cmdls', "(['/tmp/autopkgtest-qemu.p6ag34e0/runcmd', 'sh', '-ec', 'cat </tmp/autopkgtest.IpZve4/autodep8-perl-recommends-packages.all'], ['cat'])"]
autopkgtest-virt-qemu: DBG: ['srcstdin', "<_io.BufferedReader name='/dev/null'>", 'deststdout', "<_io.BufferedWriter name='/home/minami/Documents/openkylin-riscv/test/liblist-someutils-perl/autodep8-perl-recommends-packages.all'>", 'devnull_read', <_io.BufferedReader name='/dev/null'>]
autopkgtest-virt-qemu: DBG:  +< /tmp/autopkgtest-qemu.p6ag34e0/runcmd sh -ec cat </tmp/autopkgtest.IpZve4/autodep8-perl-recommends-packages.all
autopkgtest-virt-qemu: DBG:  +> cat
autopkgtest-virt-qemu: DBG:  +>?
autopkgtest-virt-qemu: DBG:  +<?
autopkgtest: DBG: got reply from testbed: ok
autopkgtest: DBG: testbed command ['test', '-e', '/tmp/autopkgtest.IpZve4/build.ZSb/src'], kind short, sout raw, serr raw, env []
autopkgtest: DBG: testbed command exited with code 0
autopkgtest: DBG: copydown: tb path /tmp/autopkgtest.IpZve4/build.ZSb/src already exists
autopkgtest [21:19:16]: test autodep8-perl-recommends: /usr/share/pkg-perl-autopkgtest/runner runtime-deps-and-recommends
autopkgtest [21:19:16]: test autodep8-perl-recommends: [-----------------------
autopkgtest: DBG: testbed command ['su', '-s', '/bin/bash', 'openkylin', '-c', 'set -e; export USER=`id -nu`; . /etc/profile >/dev/null 2>&1 || true;  . ~/.profile >/dev/null 2>&1 || true; buildtree="/tmp/autopkgtest.IpZve4/build.ZSb/src"; mkdir -p -m 1777 -- "/tmp/autopkgtest.IpZve4/autodep8-perl-recommends-artifacts"; export AUTOPKGTEST_ARTIFACTS="/tmp/autopkgtest.IpZve4/autodep8-perl-recommends-artifacts"; export ADT_ARTIFACTS="$AUTOPKGTEST_ARTIFACTS"; mkdir -p -m 755 "/tmp/autopkgtest.IpZve4/autopkgtest_tmp"; export AUTOPKGTEST_TMP="/tmp/autopkgtest.IpZve4/autopkgtest_tmp"; export ADTTMP="$AUTOPKGTEST_TMP"; export DEBIAN_FRONTEND=noninteractive; export LANG=C.UTF-8; export DEB_BUILD_OPTIONS=parallel=8; unset LANGUAGE LC_CTYPE LC_NUMERIC LC_TIME LC_COLLATE   LC_MONETARY LC_MESSAGES LC_PAPER LC_NAME LC_ADDRESS   LC_TELEPHONE LC_MEASUREMENT LC_IDENTIFICATION LC_ALL;cd "$buildtree"; exec /tmp/autopkgtest.IpZve4/wrapper.sh --script-pid-file=/tmp/autopkgtest_script_pid --stderr=/tmp/autopkgtest.IpZve4/autodep8-perl-recommends-stderr --stdout=/tmp/autopkgtest.IpZve4/autodep8-perl-recommends-stdout -- bash -ec \'/usr/share/pkg-perl-autopkgtest/runner runtime-deps-and-recommends\' ;'], kind test, sout raw, serr raw, env []
/usr/share/pkg-perl-autopkgtest/runtime-deps-and-recommends.d/syntax.t .. 
1..4
ok 1 - Package liblist-someutils-perl is known to dpkg
ok 2 - Got status information for package liblist-someutils-perl
ok 3 - Got file list for package liblist-someutils-perl
# Subtest: all modules in liblist-someutils-perl pass the syntax check
    1..2
    ok 1 - /usr/bin/perl -wc /usr/share/perl5/List/SomeUtils/PP.pm exited successfully
    ok 2 - /usr/bin/perl -wc /usr/share/perl5/List/SomeUtils.pm exited successfully
ok 4 - all modules in liblist-someutils-perl pass the syntax check
ok
All tests successful.
Files=1, Tests=4,  3 wallclock secs ( 0.31 usr  0.11 sys +  2.30 cusr  0.75 csys =  3.47 CPU)
Result: PASS
autopkgtest: DBG: testbed command exited with code 0
autopkgtest [21:19:25]: test autodep8-perl-recommends: -----------------------]
autopkgtest: DBG: testbed executing test finished with exit status 0
autopkgtest: DBG: sending command to testbed: copyup /tmp/autopkgtest.IpZve4/autodep8-perl-recommends-stdout /home/minami/Documents/openkylin-riscv/test/liblist-someutils-perl/autodep8-perl-recommends-stdout
autopkgtest-virt-qemu: DBG: executing copyup /tmp/autopkgtest.IpZve4/autodep8-perl-recommends-stdout /home/minami/Documents/openkylin-riscv/test/liblist-someutils-perl/autodep8-perl-recommends-stdout
autopkgtest-virt-qemu: DBG: ['cmdls', "(['/tmp/autopkgtest-qemu.p6ag34e0/runcmd', 'sh', '-ec', 'cat </tmp/autopkgtest.IpZve4/autodep8-perl-recommends-stdout'], ['cat'])"]
autopkgtest-virt-qemu: DBG: ['srcstdin', "<_io.BufferedReader name='/dev/null'>", 'deststdout', "<_io.BufferedWriter name='/home/minami/Documents/openkylin-riscv/test/liblist-someutils-perl/autodep8-perl-recommends-stdout'>", 'devnull_read', <_io.BufferedReader name='/dev/null'>]
autopkgtest-virt-qemu: DBG:  +< /tmp/autopkgtest-qemu.p6ag34e0/runcmd sh -ec cat </tmp/autopkgtest.IpZve4/autodep8-perl-recommends-stdout
autopkgtest-virt-qemu: DBG:  +> cat
autopkgtest-virt-qemu: DBG:  +>?
autopkgtest-virt-qemu: DBG:  +<?
autopkgtest: DBG: got reply from testbed: ok
autopkgtest: DBG: sending command to testbed: copyup /tmp/autopkgtest.IpZve4/autodep8-perl-recommends-stderr /home/minami/Documents/openkylin-riscv/test/liblist-someutils-perl/autodep8-perl-recommends-stderr
autopkgtest-virt-qemu: DBG: executing copyup /tmp/autopkgtest.IpZve4/autodep8-perl-recommends-stderr /home/minami/Documents/openkylin-riscv/test/liblist-someutils-perl/autodep8-perl-recommends-stderr
autopkgtest-virt-qemu: DBG: ['cmdls', "(['/tmp/autopkgtest-qemu.p6ag34e0/runcmd', 'sh', '-ec', 'cat </tmp/autopkgtest.IpZve4/autodep8-perl-recommends-stderr'], ['cat'])"]
autopkgtest-virt-qemu: DBG: ['srcstdin', "<_io.BufferedReader name='/dev/null'>", 'deststdout', "<_io.BufferedWriter name='/home/minami/Documents/openkylin-riscv/test/liblist-someutils-perl/autodep8-perl-recommends-stderr'>", 'devnull_read', <_io.BufferedReader name='/dev/null'>]
autopkgtest-virt-qemu: DBG:  +< /tmp/autopkgtest-qemu.p6ag34e0/runcmd sh -ec cat </tmp/autopkgtest.IpZve4/autodep8-perl-recommends-stderr
autopkgtest-virt-qemu: DBG:  +> cat
autopkgtest-virt-qemu: DBG:  +>?
autopkgtest-virt-qemu: DBG:  +<?
autopkgtest: DBG: got reply from testbed: ok
autopkgtest [21:19:26]: test autodep8-perl-recommends:  - - - - - - - - - - results - - - - - - - - - -
autodep8-perl-recommends PASS (superficial)
autopkgtest: DBG: sending command to testbed: copyup /tmp/autopkgtest.IpZve4/autodep8-perl-recommends-artifacts/ /home/minami/Documents/openkylin-riscv/test/liblist-someutils-perl/artifacts/
autopkgtest-virt-qemu: DBG: executing copyup /tmp/autopkgtest.IpZve4/autodep8-perl-recommends-artifacts/ /home/minami/Documents/openkylin-riscv/test/liblist-someutils-perl/artifacts/
autopkgtest-virt-qemu: DBG: ['cmdls', "(['/tmp/autopkgtest-qemu.p6ag34e0/runcmd', 'sh', '-ec', 'cd /tmp/autopkgtest.IpZve4/autodep8-perl-recommends-artifacts/; tar --warning=none -c . -f -'], ['tar', '--directory', '/home/minami/Documents/openkylin-riscv/test/liblist-someutils-perl/artifacts/', '--warning=none', '--preserve-permissions', '--extract', '--no-same-owner', '-f', '-'])"]
autopkgtest-virt-qemu: DBG: ['srcstdin', "<_io.BufferedReader name='/dev/null'>", 'deststdout', "<_io.BufferedReader name='/dev/null'>", 'devnull_read', <_io.BufferedReader name='/dev/null'>]
autopkgtest-virt-qemu: DBG:  +< /tmp/autopkgtest-qemu.p6ag34e0/runcmd sh -ec cd /tmp/autopkgtest.IpZve4/autodep8-perl-recommends-artifacts/; tar --warning=none -c . -f -
autopkgtest-virt-qemu: DBG:  +> tar --directory /home/minami/Documents/openkylin-riscv/test/liblist-someutils-perl/artifacts/ --warning=none --preserve-permissions --extract --no-same-owner -f -
autopkgtest-virt-qemu: DBG:  +>?
autopkgtest-virt-qemu: DBG:  +<?
autopkgtest: DBG: got reply from testbed: ok
autopkgtest: DBG: testbed command ['rm', '-rf', '/tmp/autopkgtest.IpZve4/autodep8-perl-recommends-artifacts', '/tmp/autopkgtest.IpZve4/autopkgtest_tmp'], kind short, sout raw, serr pipe, env []
autopkgtest: DBG: testbed command exited with code 0
autopkgtest: DBG: needs_reset, previously=False, requested by run_tests() line 208
autopkgtest [21:19:27]: @@@@@@@@@@@@@@@@@@@@ summary
autodep8-perl-build-deps PASS
autodep8-perl        PASS (superficial)
autodep8-perl-recommends PASS (superficial)
autopkgtest: DBG: testbed stop
autopkgtest: DBG: testbed close, scratch=/tmp/autopkgtest.IpZve4
autopkgtest: DBG: sending command to testbed: close
autopkgtest-virt-qemu: DBG: executing close
autopkgtest-virt-qemu: DBG: cleanup...
qemu-system-riscv64: terminating on signal 15 from pid 106822 (/usr/bin/python3)
autopkgtest: DBG: got reply from testbed: ok
autopkgtest: DBG: sending command to testbed: quit
autopkgtest-virt-qemu: DBG: executing quit
autopkgtest-virt-qemu: DBG: cleanup...
