t/01basic.t ...... 
1..1
ok 1 - use HTML::HTML5::Entities;
ok
t/02encoding.t ... 
1..8
ok 1 - hex encoding by default
ok 2 - encode_entities works
ok 3 - safe characters pass through
ok 4 - unsafe characters can be specified
ok 5 - unsafe characters can be regexps
ok 6 - numeric encoding works
ok 7 - hex encoding works
ok 8 - in-place encoding works
ok
t/03decoding.t ... 
1..7
ok 1 - decode_entities works
ok 2 - non-entities passed though
ok 3 - numeric entity decoded
ok 4 - sloppy entities decoded
ok 5 - in-place decoding works
ok 6 - expand_prefix works
ok 7 - expand_prefix can be disabled
ok
t/04roundtrip.t .. 
1..1
ok 1 - more complex example
ok
All tests successful.
Files=4, Tests=17,  5 wallclock secs ( 0.30 usr  0.14 sys +  3.07 cusr  1.05 csys =  4.56 CPU)
Result: PASS
