t/00_prereqs.t ..... 
ok 1 - require ExtUtils::MakeMaker;
ok 2 - ExtUtils::MakeMaker matches required 7.34
ok 3 - require File::ShareDir::Install;
ok 4 - File::ShareDir::Install matches required 0.14
not ok 5 - require inc::latest; # TODO recommends
#   Failed (TODO) test 'require inc::latest;'
#   at t/00_prereqs.t line 51.
#     Tried to require 'inc::latest'.
#     Error:  Can't locate inc/latest.pm in @INC (you may need to install the inc::latest module) (@INC contains: /tmp/autopkgtest.ZoXQ7J/autopkgtest_tmp/smoke0e1mIk/blib/lib /tmp/autopkgtest.ZoXQ7J/autopkgtest_tmp/smoke0e1mIk/blib/arch /tmp/autopkgtest.ZoXQ7J/autopkgtest_tmp/smoke0e1mIk /etc/perl /usr/local/lib/riscv64-linux-gnu/perl/5.30.0 /usr/local/share/perl/5.30.0 /usr/lib/riscv64-linux-gnu/perl5/5.30 /usr/share/perl5 /usr/lib/riscv64-linux-gnu/perl/5.30 /usr/share/perl/5.30 /usr/local/lib/site_perl /usr/lib/riscv64-linux-gnu/perl-base) at (eval 69) line 2.
ok 6 - require Carp;
ok 7 - Carp matches required 1.50
ok 8 - require Class::Inspector;
ok 9 - Class::Inspector matches required 1.36
ok 10 - require File::Spec;
ok 11 - File::Spec matches required 3.78
ok 12 - require warnings;
ok 13 - warnings matches required 1.44
not ok 14 - require List::MoreUtils; # TODO recommends
#   Failed (TODO) test 'require List::MoreUtils;'
#   at t/00_prereqs.t line 51.
#     Tried to require 'List::MoreUtils'.
#     Error:  Can't locate List/MoreUtils.pm in @INC (you may need to install the List::MoreUtils module) (@INC contains: /tmp/autopkgtest.ZoXQ7J/autopkgtest_tmp/smoke0e1mIk/blib/lib /tmp/autopkgtest.ZoXQ7J/autopkgtest_tmp/smoke0e1mIk/blib/arch /tmp/autopkgtest.ZoXQ7J/autopkgtest_tmp/smoke0e1mIk /etc/perl /usr/local/lib/riscv64-linux-gnu/perl/5.30.0 /usr/local/share/perl/5.30.0 /usr/lib/riscv64-linux-gnu/perl5/5.30 /usr/share/perl5 /usr/lib/riscv64-linux-gnu/perl/5.30 /usr/share/perl/5.30 /usr/local/lib/site_perl /usr/lib/riscv64-linux-gnu/perl-base) at (eval 74) line 2.
not ok 15 - require Params::Util; # TODO recommends
#   Failed (TODO) test 'require Params::Util;'
#   at t/00_prereqs.t line 51.
#     Tried to require 'Params::Util'.
#     Error:  Can't locate Params/Util.pm in @INC (you may need to install the Params::Util module) (@INC contains: /tmp/autopkgtest.ZoXQ7J/autopkgtest_tmp/smoke0e1mIk/blib/lib /tmp/autopkgtest.ZoXQ7J/autopkgtest_tmp/smoke0e1mIk/blib/arch /tmp/autopkgtest.ZoXQ7J/autopkgtest_tmp/smoke0e1mIk /etc/perl /usr/local/lib/riscv64-linux-gnu/perl/5.30.0 /usr/local/share/perl/5.30.0 /usr/lib/riscv64-linux-gnu/perl5/5.30 /usr/share/perl5 /usr/lib/riscv64-linux-gnu/perl/5.30 /usr/share/perl/5.30 /usr/local/lib/site_perl /usr/lib/riscv64-linux-gnu/perl-base) at (eval 75) line 2.
ok 16 - require File::Path;
ok 17 - File::Path matches required 2.16
ok 18 - require Test::More;
ok 19 - Test::More matches required 1.302162
ok 20 - require CPAN::Meta; # TODO recommends
ok 21 - CPAN::Meta matches required 2.150010 # TODO recommends
# Requirements for File-ShareDir version 1.118
#                    module |  version |  wanted | status
# - configure / requires ---+----------+---------+---------
#       ExtUtils::MakeMaker |     7.34 |       0 | ok
#   File::ShareDir::Install |     0.14 |    0.13 | ok
# - configure / recommends -+----------+---------+---------
#               inc::latest |      n/a |   0.500 | not ok
# - runtime / requires -----+----------+---------+---------
#                      Carp |     1.50 |       0 | ok
#          Class::Inspector |     1.36 |    1.12 | ok
#                File::Spec |     3.78 |    0.80 | ok
#                  warnings |     1.44 |       0 | ok
# - runtime / recommends ---+----------+---------+---------
#           List::MoreUtils |      n/a |   0.428 | not ok
#              Params::Util |      n/a |    1.07 | not ok
# - test / requires --------+----------+---------+---------
#                File::Path |     2.16 |    2.08 | ok
#                Test::More | 1.302162 |    0.90 | ok
# - test / recommends ------+----------+---------+---------
#                CPAN::Meta | 2.150010 | 2.11044 | ok
# --------------------------+----------+---------+---------
1..21
ok
t/02_main.t ........ 
ok 1 - dist_dir not imported by default
ok 2 - module_dir not imported by default
ok 3 - dist_file not imported by default
ok 4 - module_file not imported by default
ok 5 - class_file not imported by default
ok 6 - use File::ShareDir;
ok 7 - dist_dir imported
ok 8 - module_dir imported
ok 9 - dist_file imported
ok 10 - module_file imported
ok 11 - class_file imported
ok 12 - use File::ShareDir;
ok 13 - _MODULE returns correct for known loaded module
ok 14 - _DIST returns correct for known good dist
ok 15 - Can find our own module dir
ok 16 - ... and is a dir
ok 17 - ... and have read permissions
ok 18 - module_file ok
ok 19 - Can find our own dist dir
ok 20 - ... and is a dir
ok 21 - ... and have read permissions
ok 22 - Can find our sample module file
ok 23 - ... and is a file
ok 24 - ... and have read permissions
ok 25 - dist_dir and dist_file find the same directory
1..25
ok
t/03_extensions.t .. 
ok 1 - Fake distribution resolves to forced value
ok 2 - Fake distribution resolves to forced value with a file
ok 3 - Fake module resolves to forced value
ok 4 - Fake module resolves to forced value with a file
1..4
ok
t/04_fail.t ........ 
ok 1 - use ShareDir::TestClass;
ok 2 - Not a valid distribution name
ok 3 - Cannot use absolute file name
ok 4 - No params to module_dir dies
ok 5 - Null param to module_dir dies
ok 6 - Getting module dir for known non-existent module dies
ok 7 - Getting non-existent file dies
ok 8 - No module directory
ok 9 - Old module directory but file
ok 10 - New module directory without read permission
ok 11 - New module directory without read permission
ok 12 - Old module directory but file
ok 13 - Old dist directory but file
ok 14 - Old dist directory but file
ok 15 - Unreadable dist_file
ok 16 - Unreadable module_file
ok 17 - Unreadable class_file
ok 18 - Unavailable module_file
ok 19 - Unavailable class_file
ok 20 - Dir instead of file
ok 21 - No really a loaded module ...
ok 22 - Found dist_dir even with weird @INC
ok 23 - Object instead of distribution
ok 24 - Did not pass a file name
1..24
ok
t/05_class.t ....... 
ok 1 - use ShareDir::TestClass;
ok 2 - class_file ok
ok 3 - class_file matches module_file for subclass
1..3
ok
t/06_old.t ......... 
ok 1 - use File::ShareDir;
ok 2 - use ShareDir::TestClass;
ok 3 - _MODULE returns correct for known loaded module
ok 4 - _DIST returns correct for known good dist
ok 5 - Can find our own module dir
ok 6 - ... and is a dir
ok 7 - ... and have read permissions
ok 8 - Can find our own dist dir
ok 9 - ... and is a dir
ok 10 - ... and have read permissions
ok 11 - Can find our sample module file
ok 12 - ... and is a file
ok 13 - ... and have read permissions
1..13
ok
All tests successful.

Test Summary Report
-------------------
t/00_prereqs.t   (Wstat: 0 Tests: 21 Failed: 0)
  TODO passed:   20-21
Files=6, Tests=90,  9 wallclock secs ( 0.36 usr  0.22 sys +  6.26 cusr  1.87 csys =  8.71 CPU)
Result: PASS
