t/00-load.t ............ 
1..1
ok 1 - use B::COW;
ok
t/00-report-prereqs.t .. 
1..1
# 
# Versions for all modules listed in static metadata (including optional ones):
# 
# === Configure Requires ===
# 
#     Module              Want Have
#     ------------------- ---- ----
#     ExtUtils::MakeMaker  any 7.34
# 
# === Test Requires ===
# 
#     Module              Want     Have
#     ------------------- ---- --------
#     Devel::Peek          any     1.28
#     ExtUtils::MakeMaker  any     7.34
#     File::Spec           any     3.78
#     Test::More           any 1.302162
# 
# === Test Recommends ===
# 
#     Module         Want     Have
#     ---------- -------- --------
#     CPAN::Meta 2.120900 2.150010
# 
# === Runtime Requires ===
# 
#     Module Want Have
#     ------ ---- ----
# 
ok 1
ok
t/01-basic.t ........... 
ok 1 - can cow with Perl 5.030000
ok 2 - !is_cow(undef)
ok 3 - is_cow('abcdef')
ok 4 - cowrefcnt is set to 1
ok 5 - is_cow('abcdef')
ok 6 - cowrefcnt for b is set to 2
ok 7 - cowrefcnt for str is set to 2
ok 8 - cowrefcnt_max: might need to adjust...
ok 9 - b is_cow
ok 10 - cowrefcnt on uncowed SvPV
ok 11
ok 12
ok 13
ok 14
ok 15
ok 16
ok 17 - cowrefcnt decrease to 100
ok 18 - cowrefcnt decrease to 100
ok 19 - hash key is cowed
ok 20 - hash key cowrefcnt is 0
1..20
ok
All tests successful.
Files=3, Tests=22,  5 wallclock secs ( 0.28 usr  0.15 sys +  3.37 cusr  0.98 csys =  4.78 CPU)
Result: PASS
